 *****          file of input data set *******
:poly
 &vvod
iout(12)=2,
   nsos=1,2,3,
   r=0.386,0.455,0.7076,
@ ------------------------------------------------------------------------------
 t=        1.00000e+03, 600.0, 579.0,
 troiz=
 @ izotop    / fuel /     / km /       / mod /
 @ u235  @   0.08700e-02, 0.00000e+00, 0.00000e+00,
 @ u238  @   2.20300e-02, 0.00000e+00, 0.00000e+00,
 @ o     @   0.45800e-01, 0.00000e+00, 0.00000e+00,
 @ zr    @   0.00000e+00, 0.03891,     0.00000e+00,
 @ *h*   @   0.00000e+00, 0.00000e+00, 0.04685,
 @  d    @   0.00000e+00, 0.00000e+00, 0.000000000,
 @ *o*   @   0.00000e+00, 0.00000e+00, 0.02342,
@-------------------------------------------------------------------------------------
 material(1)='chmc',
 &end
u235
u238
o
zr
*h*
d
*o*
****
:micro
 &vvod
  et=10.5e+6,2.15,2.15,0.,
 &end
:fier
 &vvod &end
:burn
 &vvod qv=83.,dtim=50.,
 &end
                                                                                                                        
:burn
 &vvod qv=83.,dtim=100,
 &end
                                                                                                                        
:burn
 &vvod qv=83.,dtim=200,
 &end
                                                                                                                        
                                                                                                                        
:burn
 &vvod qv=83.,dtim=250,
 &end
                                                                                                                        
                                                                                                                        
:burn
 &vvod qv=83.,dtim=100,
 &end
                                                                                                                        
                                                                                                                        
:burn
 &vvod qv=83.,dtim=100,
 &end
                                                                                                                        
                                                                                                                        
:burn
 &vvod qv=83.,dtim=100,
 &end
                                                                                                                        
                                                                                                                        
:burn
 &vvod qv=83.,dtim=100,
 &end
                                                                                                                        
:stop
 ***** end of   file of input data set *******
:poly                                                                           
 definition izotr in sos           1:izotr=   2.000000    
  *******<< check input data>> programm declare *******
    --undeclared parametr--cefzad  -- programm standart value --cefzad  =  0.100000E+01
  *******<< check input data>> programm declare *******
    --undeclared parametr--bakl    -- programm standart value --bakl    =  0.000000E+00
  *******<< check input data>> programm declare *******
    --undeclared parametr--alin    -- programm standart value --alin    =  0.000000E+00
  *******<< check input data>> programm declare *******
    --undeclared parametr--alout   -- programm standart value --alout   =  0.100000E+01
  *******<< check input data>> programm declare *******
    --undeclared parametr--alcorr  -- programm standart value --alcorr  =  0.100000E+01
  *******<< check input data>> programm declare *******
    --undeclared parametr--nbv     -- programm standart value --nbv     =    1    1    1
  *******<< check input data>> programm declare *******
    --undeclared parametr--et      -- programm standart value --et      =  0.105000E+08  0.215000E+01
     0.215000E+01  0.000000E+00
    ????  storage for pr. getter =      300 ?? common /rrr/ rab(        0 )  ????
 ------------------------------------------------------------------------------
  backling =  0.0000000E+00
 ------------------------------------------------------------------------------
  number of cells =           1
          cell number    1  number of zone= 3
 << geometry characteristics >>
    geometry of cell- cilindrical index=           2
  kratnost of cell =   1.000000    
  inner radius of cell =  0.0000000E+00
  out square ratio =   1.000000    
 ------------------------------------------------------------------------------
 num zone      1           2           3
 radius   0.38600E+00 0.45500E+00 0.70760E+00
 temper   0.10000E+04 0.60000E+03 0.57900E+03
 rez_izot    u238        bad         bad 
 ------------------------------------------------------------------------------
    izotop   /             concentration number of izotops=63
  1 u235     0.87000E-03 0.00000E+00 0.00000E+00
  2 u238     0.22030E-01 0.00000E+00 0.00000E+00
  3 o        0.45800E-01 0.00000E+00 0.00000E+00
  4 zr       0.00000E+00 0.38910E-01 0.00000E+00
  5 *h*      0.00000E+00 0.00000E+00 0.46850E-01
  7 *o*      0.00000E+00 0.00000E+00 0.23420E-01
    > CONSYST Program Ver: 98.01 > started at  0: 0: 0:  
    { Manturov G., E-mail: abbn@ippe.rssi.ru}
 
       -------------------------------
 
       CONSYST INPUT DATA READ FROM : cons.dat
       CONSYST PROTOCOL STORED IN   : RESULT
       GMF X-SECTION'S FILE         : OUT
       TEMPORARY FILE               : RAB
       ABBN BASIC DATA SET FROM     : ..\bin\Bnab90.lib
       ABBN MULTIC DATA SET FROM    : ..\bin\Bnabmlt.lib
       ABBN THERMAL DATA SET FROM   : ..\bin\BNABTHM.lib
 
    >   Include Thermal Matrix > H(H2O):BNABTHM.BIN   Temp=  500K
    >   Include Thermal Matrix > H(H2O):BNABTHM.BIN   Temp=  600K
    > CONSYST finished at  0: 0: 0:  
 therm. calculation avoided
 therm. calculation avoided
 therm. calculation avoided
 therm. calculation avoided
 therm. calculation avoided
 therm. calculation avoided
 therm. calculation avoided
 therm. calculation avoided
 therm. calculation avoided
 *************************************************
   ***k(inf)= 1.37147     ***k(itt)= 1.37147     ***k(integ)= 1.37147    ***
   **bakl=  0.0000     **length= 0.10000E+11  ***
   **matr.  alout*alcorr a(k,i)(k=1,ncel) ***
     *  1.0000    
 lokal kner      in cell ,ru=           1=   1.000000       1.000000    
:micro                                                                          
 condensation boundary was changed from  0.21500E+01 to  0.21544E+01
 condensation boundary was changed from  0.21500E+01 to  0.21544E+01
    -------------------------------------------------------------------------------
    * n group   * e(i)        * e(i+1)
          1       0.10500E+08    2.1544    
          2        2.1544       0.10000E-04
    ---------------------------------------------------------------------------
         ** microcrossection  ** in   1  zone **v=  1.5730    /  1  2  3
    * n group  * izotop  * at.mas      *dens         *flux 1/cm2c  * capture   * fission  *    * production *
          1       u235     235.00        0.25889E-03    23.448        10.498          7.0611         0.0000    
          2       u235     235.00        0.25889E-03    5.2516        269.92          229.80         0.0000    
          1       u238     238.00        0.65556E-02    23.448       0.99451         0.11825         0.0000    
          2       u238     238.00        0.65556E-02    5.2516        1.2380          0.0000         0.0000    
          1       o         16.00        0.13629E-01    23.448       0.45485E-02      0.0000         0.0000    
          2       o         16.00        0.13629E-01    5.2516       0.87351E-04      0.0000         0.0000    
          1       zr        91.00        0.45095E-02    23.448       0.19785E-01      0.0000         0.0000    
          2       zr        91.00        0.45095E-02    5.2516       0.86392E-01      0.0000         0.0000    
          1       *h*        1.00        0.27479E-01    23.448       0.24004E-02      0.0000         0.0000    
          2       *h*        1.00        0.27479E-01    5.2516       0.15391          0.0000         0.0000    
          1       d          2.00         0.0000        23.448       0.82679E-06      0.0000         0.0000    
          2       d          2.00         0.0000        5.2516       0.23925E-03      0.0000         0.0000    
          1       *o*       16.00        0.13736E-01    23.448       0.43791E-02      0.0000         0.0000    
          2       *o*       16.00        0.13736E-01    5.2516       0.91909E-04      0.0000         0.0000    
          1       fp35     116.00         0.0000        23.448       0.34937          0.0000         0.0000    
          2       fp35     116.00         0.0000        5.2516        4.1285          0.0000         0.0000    
          1       fp39     116.00         0.0000        23.448       0.34937          0.0000         0.0000    
          2       fp39     116.00         0.0000        5.2516        4.1285          0.0000         0.0000    
          1       u236     236.00         0.0000        23.448        10.061         0.34870         0.0000    
          2       u236     236.00         0.0000        5.2516        2.3600         0.31456E-01     0.0000    
          1       slag     116.00         0.0000        23.448        1.2886          0.0000         0.0000    
          2       slag     116.00         0.0000        5.2516        3.6272          0.0000         0.0000    
          1       tc99      99.00         0.0000        23.448        8.6725          0.0000         0.0000    
          2       tc99      99.00         0.0000        5.2516        9.5840          0.0000         0.0000    
          1       rh03     103.00         0.0000        23.448        1.4517          0.0000         0.0000    
          2       rh03     103.00         0.0000        5.2516        220.51          0.0000         0.0000    
          1       ag09     109.00         0.0000        23.448        42.534          0.0000         0.0000    
          2       ag09     109.00         0.0000        5.2516        44.605          0.0000         0.0000    
          1       cd13     113.00         0.0000        23.448        1.5501          0.0000         0.0000    
          2       cd13     113.00         0.0000        5.2516        22795.          0.0000         0.0000    
          1       xe35     135.00         0.0000        23.448        5.3323          0.0000         0.0000    
          2       xe35     135.00         0.0000        5.2516       0.12598E+07      0.0000         0.0000    
          1       sm49     149.00         0.0000        23.448        37.967          0.0000         0.0000    
          2       sm49     149.00         0.0000        5.2516        38017.          0.0000         0.0000    
          1       sm51     151.00         0.0000        23.448        42.174          0.0000         0.0000    
          2       sm51     151.00         0.0000        5.2516        4290.5          0.0000         0.0000    
          1       eu55     155.00         0.0000        23.448        12.307          0.0000         0.0000    
          2       eu55     155.00         0.0000        5.2516        4617.4          0.0000         0.0000    
          1       gd55     155.00         0.0000        23.448        41.350          0.0000         0.0000    
          2       gd55     155.00         0.0000        5.2516        13917.          0.0000         0.0000    
          1       gd56     156.00         0.0000        23.448        10.350          0.0000         0.0000    
          2       gd56     156.00         0.0000        5.2516        11432.          0.0000         0.0000    
          1       gd57     157.00         0.0000        23.448        15.520          0.0000         0.0000    
          2       gd57     157.00         0.0000        5.2516        60162.          0.0000         0.0000    
          1       np37     237.00         0.0000        23.448        12.847         0.59109         0.0000    
          2       np37     237.00         0.0000        5.2516        142.55         0.94931E-02     0.0000    
          1       np39     239.00         0.0000        23.448        15.206         0.67507         0.0000    
          2       np39     239.00         0.0000        5.2516        16.864          0.0000         0.0000    
          1       pu38     238.00         0.0000        23.448        6.2389          1.8096         0.0000    
          2       pu38     238.00         0.0000        5.2516        222.29          6.8754         0.0000    
          1       pu39     239.00         0.0000        23.448        14.000          8.4569         0.0000    
          2       pu39     239.00         0.0000        5.2516        1017.4          651.58         0.0000    
          1       pu40     240.00         0.0000        23.448        6.0076         0.64708         0.0000    
          2       pu40     240.00         0.0000        5.2516        1350.2         0.26997         0.0000    
          1       pu41     241.00         0.0000        23.448        23.007          18.054         0.0000    
          2       pu41     241.00         0.0000        5.2516        854.58          629.65         0.0000    
          1       pu42     242.00         0.0000        23.448        36.335         0.47617         0.0000    
          2       pu42     242.00         0.0000        5.2516        10.748         0.11849E-02     0.0000    
          1       am41     241.00         0.0000        23.448        14.882         0.66292         0.0000    
          2       am41     241.00         0.0000        5.2516        604.38          3.2679         0.0000    
          1       am2m     242.00         0.0000        23.448        37.562          32.537         0.0000    
          2       am2m     242.00         0.0000        5.2516        3582.9          2986.2         0.0000    
          1       am43     243.00         0.0000        23.448        13.793         0.48197         0.0000    
          2       am43     243.00         0.0000        5.2516        240.31          0.0000         0.0000    
          1       cm42     242.00         0.0000        23.448        5.2430          1.2515         0.0000    
          2       cm42     242.00         0.0000        5.2516        8.3242          1.2136         0.0000    
          1       cm44     244.00         0.0000        23.448        18.863         0.85919         0.0000    
          2       cm44     244.00         0.0000        5.2516        7.5268         0.46384         0.0000    
          1       cm45     245.00         0.0000        23.448        18.764          16.607         0.0000    
          2       cm45     245.00         0.0000        5.2516        1081.6          920.51         0.0000    
          1       th32     232.00         0.0000        23.448        3.1034         0.27966E-01     0.0000    
          2       th32     232.00         0.0000        5.2516        3.3017          0.0000         0.0000    
          1       pa33     233.00         0.0000        23.448        13.413         0.17529         0.0000    
          2       pa33     233.00         0.0000        5.2516        83.371          0.0000         0.0000    
          1       u233     233.00         0.0000        23.448        17.154          14.428         0.0000    
          2       u233     233.00         0.0000        5.2516        305.20          277.75         0.0000    
          1       u234     234.00         0.0000        23.448        19.270         0.55872         0.0000    
          2       u234     234.00         0.0000        5.2516        44.686         0.19781         0.0000    
          1       sm52     152.00         0.0000        23.448        85.109          0.0000         0.0000    
          2       sm52     152.00         0.0000        5.2516        97.777          0.0000         0.0000    
          1       xe31     131.00         0.0000        23.448        28.929          0.0000         0.0000    
          2       xe31     131.00         0.0000        5.2516        39.603          0.0000         0.0000    
          1       cs33     133.00         0.0000        23.448        11.241          0.0000         0.0000    
          2       cs33     133.00         0.0000        5.2516        13.741          0.0000         0.0000    
          1       nd45     145.00         0.0000        23.448        6.9851          0.0000         0.0000    
          2       nd45     145.00         0.0000        5.2516        20.107          0.0000         0.0000    
          1       nd43     143.00         0.0000        23.448        2.7126          0.0000         0.0000    
          2       nd43     143.00         0.0000        5.2516        142.47          0.0000         0.0000    
          1       pm47     147.00         0.0000        23.448        61.177          0.0000         0.0000    
          2       pm47     147.00         0.0000        5.2516        76.017          0.0000         0.0000    
          1       mo95      95.00         0.0000        23.448        4.2840          0.0000         0.0000    
          2       mo95      95.00         0.0000        5.2516        6.3765          0.0000         0.0000    
          1       cs34     134.00         0.0000        23.448        2.9900          0.0000         0.0000    
          2       cs34     134.00         0.0000        5.2516        62.682          0.0000         0.0000    
          1       pr41     141.00         0.0000        23.448       0.62676          0.0000         0.0000    
          2       pr41     141.00         0.0000        5.2516        5.2234          0.0000         0.0000    
          1       pm48     148.00         0.0000        23.448        61.090          0.0000         0.0000    
          2       pm48     148.00         0.0000        5.2516        1006.8          0.0000         0.0000    
          1       pm8m     148.00         0.0000        23.448        57.422          0.0000         0.0000    
          2       pm8m     148.00         0.0000        5.2516        15569.          0.0000         0.0000    
          1       rh05     105.00         0.0000        23.448        411.74          0.0000         0.0000    
          2       rh05     105.00         0.0000        5.2516        7063.6          0.0000         0.0000    
          1       pm49     149.00         0.0000        23.448        61.177          0.0000         0.0000    
          2       pm49     149.00         0.0000        5.2516        76.017          0.0000         0.0000    
          1       kr83      83.00         0.0000        23.448        4.2618          0.0000         0.0000    
          2       kr83      83.00         0.0000        5.2516        77.353          0.0000         0.0000    
          1       ru01     101.00         0.0000        23.448        3.5845          0.0000         0.0000    
          2       ru01     101.00         0.0000        5.2516        1.5589          0.0000         0.0000    
          1       pd05     105.00         0.0000        23.448        3.4198          0.0000         0.0000    
          2       pd05     105.00         0.0000        5.2516        9.1606          0.0000         0.0000    
          1       cs35     135.00         0.0000        23.448        2.2720          0.0000         0.0000    
          2       cs35     135.00         0.0000        5.2516        3.9738          0.0000         0.0000    
          1       sm50     150.00         0.0000        23.448        6.9189          0.0000         0.0000    
          2       sm50     150.00         0.0000        5.2516        46.636          0.0000         0.0000    
          1       eu51     152.00         0.0000        23.448        47.006          0.0000         0.0000    
          2       eu51     152.00         0.0000        5.2516        2538.0          0.0000         0.0000    
          1       eu53     153.00         0.0000        23.448        43.260          0.0000         0.0000    
          2       eu53     153.00         0.0000        5.2516        137.54          0.0000         0.0000    
          1       eu54     154.00         0.0000        23.448        24.556          0.0000         0.0000    
          2       eu54     154.00         0.0000        5.2516        1561.7          0.0000         0.0000    
          1       gd54     154.00         0.0000        23.448        1.2886          0.0000         0.0000    
          2       gd54     154.00         0.0000        5.2516        3.6272          0.0000         0.0000    
          1       am42     242.00         0.0000        23.448        1.2886          0.0000         0.0000    
          2       am42     242.00         0.0000        5.2516        3.6272          0.0000         0.0000    
          1       cm43     243.00         0.0000        23.448        47.499          41.210         0.0000    
          2       cm43     243.00         0.0000        5.2516        431.61          398.49         0.0000    
:fier                                                                           
 condensation boundary was changed from  0.21500E+01 to  0.21544E+01
*** 4 *** ;egr=  2.1544    
    keff         nu           mu           fi           teta
   1.3715       1.8550       1.2225      0.64404      0.93901    
 s0z(n)=    1.055195      0.0000000E+00  0.0000000E+00
:burn                                                                           
 *** nuclid chain            :chmc
 *** time from start (day)   :   50.00000    
 *** number of step          :           1
 *** power dens. (mwt/m**3) =    83.00000    
 *** average burn up =   1.5381     (mbt*day)/(kg hm)
 *** concentration and burn up in sloy   1   ***
 ***       burn up =     1.5381     ***
 ** izotop ** conc       ** flux*10-14     **  sa      ** sf **
      slag  0.16781E-04    2.0389            1.6297      0.0000    
      tc99  0.22419E-05    2.0389            8.2692      0.0000    
      rh03  0.12173E-05    2.0389            39.893      0.0000    
      ag09  0.21922E-07    2.0389            41.370      0.0000    
      cd13  0.15135E-08    2.0389            3869.8      0.0000    
      xe35  0.85636E-08    2.0389           0.20818E+06  0.0000    
      sm49  0.78331E-07    2.0389            6409.0      0.0000    
      sm51  0.12266E-06    2.0389            725.35      0.0000    
      eu55  0.10595E-07    2.0389            813.04      0.0000    
      gd55  0.73832E-10    2.0389            2260.7      0.0000    
      gd56  0.49173E-08    2.0389            1842.2      0.0000    
      gd57  0.12710E-08    2.0389            9669.7      0.0000    
      u235  0.82884E-03    2.0389            55.023      45.290    
      u236  0.72549E-05    2.0389            8.0956     0.29181    
      u238  0.22010E-01    2.0389            1.0363     0.98193E-01
      np37  0.24910E-07    2.0389            34.722     0.50396    
      np39  0.12300E-05    2.0389            14.783     0.57386    
      pu38  0.24971E-09    2.0389            41.609      2.6294    
      pu39  0.15723E-04    2.0389            184.44      117.41    
      pu40  0.41703E-06    2.0389            244.24     0.59483    
      pu41  0.27914E-07    2.0389            161.37      119.72    
      pu42  0.24678E-09    2.0389            31.316     0.40511    
      am41  0.43233E-10    2.0389            115.90      1.1213    
      am2m  0.75252E-13    2.0389            624.46      521.56    
      am43  0.12875E-11    2.0389            53.728     0.41041    
      cm42  0.55597E-12    2.0389            5.5854      1.2463    
      cm44  0.10021E-13    2.0389            15.632     0.79536    
      cm45  0.17647E-16    2.0389            193.91      165.57    
      sm52  0.14313E-06    2.0389            84.088      0.0000    
      xe31  0.10188E-05    2.0389            29.807      0.0000    
      cs33  0.24527E-05    2.0389            11.008      0.0000    
      nd45  0.14211E-05    2.0389            9.0286      0.0000    
      nd43  0.21124E-05    2.0389            25.818      0.0000    
      pm47  0.81128E-06    2.0389            59.793      0.0000    
      mo95  0.23404E-05    2.0389            4.5152      0.0000    
      cs34  0.11678E-07    2.0389            12.817      0.0000    
      pr41  0.21380E-05    2.0389            1.3729      0.0000    
      pm48  0.29181E-08    2.0389            217.13      0.0000    
      pm8m  0.44184E-08    2.0389            2701.2      0.0000    
      rh05  0.19227E-07    2.0389            1502.5      0.0000    
      pm49  0.29602E-07    2.0389            59.793      0.0000    
      kr83  0.19077E-06    2.0389            16.251      0.0000    
      ru01  0.18550E-05    2.0389            3.1121      0.0000    
      pd05  0.39924E-06    2.0389            4.2765      0.0000    
      cs35  0.77784E-06    2.0389            2.4844      0.0000    
      sm50  0.33293E-06    2.0389            11.655      0.0000    
      eu51  0.12910E-08    2.0389            463.81      0.0000    
      eu53  0.48715E-08    2.0389            57.481      0.0000    
      eu54  0.73258E-10    2.0389            283.46      0.0000    
      gd54  0.20175E-12    2.0389            1.6297      0.0000    
      am42  0.70333E-13    2.0389            1.6297      0.0000    
      cm43  0.33231E-15    2.0389            110.89      100.25    
 *** nuclid chain            :chad
 *** time from start (day)   :   50.00000    
 *** number of step          :           1
 *** power dens. (mwt/m**3) =    83.00000    
 *** concentration and burn up in sloy   1   ***
 ***       burn up =     4300.9     ***
 ** izotop ** conc       ** flux*10-14     **  sa      ** sf **
      slag  0.16781E-04    2.0389            1.6297      0.0000    
    > CONSYST Program Ver: 98.01 > started at  0: 0: 0:  
    { Manturov G., E-mail: abbn@ippe.rssi.ru}
 
       -------------------------------
 
       CONSYST INPUT DATA READ FROM : cons.dat
       CONSYST PROTOCOL STORED IN   : RESULT
       GMF X-SECTION'S FILE         : OUT
       TEMPORARY FILE               : RAB
       ABBN BASIC DATA SET FROM     : ..\bin\Bnab90.lib
       ABBN MULTIC DATA SET FROM    : ..\bin\Bnabmlt.lib
       ABBN THERMAL DATA SET FROM   : ..\bin\BNABTHM.lib
 
    >   Include Thermal Matrix > H(H2O):BNABTHM.BIN   Temp=  500K
    >   Include Thermal Matrix > H(H2O):BNABTHM.BIN   Temp=  600K
    > CONSYST finished at  0: 0: 0:  
 therm. calculation avoided
 therm. calculation avoided
 therm. calculation avoided
 therm. calculation avoided
 therm. calculation avoided
 therm. calculation avoided
 therm. calculation avoided
 therm. calculation avoided
 therm. calculation avoided
 *************************************************
   ***k(inf)= 1.30193     ***k(itt)= 1.30193     ***k(integ)= 1.30193    ***
   **bakl=  0.0000     **length= 0.10000E+11  ***
   **matr.  alout*alcorr a(k,i)(k=1,ncel) ***
     *  1.0000    
 lokal kner      in cell ,ru=           1=   1.000000       1.000000    
:burn                                                                           
 *** nuclid chain            :chmc
 *** time from start (day)   :   150.0000    
 *** number of step          :           1
 *** power dens. (mwt/m**3) =    83.00000    
 *** average burn up =   4.6273     (mbt*day)/(kg hm)
 *** concentration and burn up in sloy   1   ***
 ***       burn up =     4.6273     ***
 ** izotop ** conc       ** flux*10-14     **  sa      ** sf **
      slag  0.50754E-04    2.1432            1.6051      0.0000    
      tc99  0.66769E-05    2.1432            8.1662      0.0000    
      rh03  0.36777E-05    2.1432            39.260      0.0000    
      ag09  0.11327E-06    2.1432            40.984      0.0000    
      cd13  0.22080E-08    2.1432            3625.2      0.0000    
      xe35  0.87394E-08    2.1432           0.19381E+06  0.0000    
      sm49  0.86396E-07    2.1432            5969.7      0.0000    
      sm51  0.23442E-06    2.1432            682.81      0.0000    
      eu55  0.23136E-07    2.1432            795.08      0.0000    
      gd55  0.24280E-09    2.1432            2108.5      0.0000    
      gd56  0.12318E-07    2.1432            1716.3      0.0000    
      gd57  0.29869E-08    2.1432            9006.2      0.0000    
      u235  0.75238E-03    2.1432            52.265      42.917    
      u236  0.20722E-04    2.1432            7.9769     0.29231    
      u238  0.21968E-01    2.1432            1.0320     0.99174E-01
      np37  0.21902E-06    2.1432            34.026     0.50880    
      np39  0.12832E-05    2.1432            14.718     0.57944    
      pu38  0.67189E-08    2.1432            39.263      2.5707    
      pu39  0.43793E-04    2.1432            174.04      110.75    
      pu40  0.32716E-05    2.1432            231.93     0.59769    
      pu41  0.66789E-06    2.1432            152.46      113.13    
      pu42  0.18902E-07    2.1432            31.468     0.40906    
      am41  0.32319E-08    2.1432            111.85      1.1026    
      am2m  0.15550E-10    2.1432            588.51      491.67    
      am43  0.32866E-09    2.1432            53.626     0.41445    
      cm42  0.13505E-09    2.1432            5.5420      1.2453    
      cm44  0.84609E-11    2.1432            15.641     0.79759    
      cm45  0.47328E-13    2.1432            183.04      156.34    
      sm52  0.55520E-06    2.1432            83.281      0.0000    
      xe31  0.30208E-05    2.1432            29.491      0.0000    
      cs33  0.72933E-05    2.1432            10.899      0.0000    
      nd45  0.41906E-05    2.1432            8.8712      0.0000    
      nd43  0.61259E-05    2.1432            24.410      0.0000    
      pm47  0.22192E-05    2.1432            58.904      0.0000    
      mo95  0.69165E-05    2.1432            4.4729      0.0000    
      cs34  0.10435E-06    2.1432            12.220      0.0000    
      pr41  0.63860E-05    2.1432            1.3263      0.0000    
      pm48  0.92497E-08    2.1432            208.63      0.0000    
      pm8m  0.16183E-07    2.1432            2538.3      0.0000    
      rh05  0.24677E-07    2.1432            1433.5      0.0000    
      pm49  0.31744E-07    2.1432            58.904      0.0000    
      kr83  0.55274E-06    2.1432            15.504      0.0000    
      ru01  0.55490E-05    2.1432            3.1235      0.0000    
      pd05  0.14321E-05    2.1432            4.2135      0.0000    
      cs35  0.23681E-05    2.1432            2.4615      0.0000    
      sm50  0.12420E-05    2.1432            11.224      0.0000    
      eu51  0.12851E-07    2.1432            440.80      0.0000    
      eu53  0.58152E-07    2.1432            56.495      0.0000    
      eu54  0.23644E-08    2.1432            267.58      0.0000    
      gd54  0.19394E-10    2.1432            1.6051      0.0000    
      am42  0.56269E-11    2.1432            1.6051      0.0000    
      cm43  0.26511E-12    2.1432            107.87      97.456    
 *** nuclid chain            :chad
 *** time from start (day)   :   150.0000    
 *** number of step          :           1
 *** power dens. (mwt/m**3) =    83.00000    
 *** concentration and burn up in sloy   1   ***
 ***       burn up =     4270.5     ***
 ** izotop ** conc       ** flux*10-14     **  sa      ** sf **
      slag  0.50754E-04    2.1432            1.6051      0.0000    
    > CONSYST Program Ver: 98.01 > started at  0: 0: 0:  
    { Manturov G., E-mail: abbn@ippe.rssi.ru}
 
       -------------------------------
 
       CONSYST INPUT DATA READ FROM : cons.dat
       CONSYST PROTOCOL STORED IN   : RESULT
       GMF X-SECTION'S FILE         : OUT
       TEMPORARY FILE               : RAB
       ABBN BASIC DATA SET FROM     : ..\bin\Bnab90.lib
       ABBN MULTIC DATA SET FROM    : ..\bin\Bnabmlt.lib
       ABBN THERMAL DATA SET FROM   : ..\bin\BNABTHM.lib
 
    >   Include Thermal Matrix > H(H2O):BNABTHM.BIN   Temp=  500K
    >   Include Thermal Matrix > H(H2O):BNABTHM.BIN   Temp=  600K
    > CONSYST finished at  0: 0: 0:  
 therm. calculation avoided
 therm. calculation avoided
 therm. calculation avoided
 therm. calculation avoided
 therm. calculation avoided
 therm. calculation avoided
 therm. calculation avoided
 therm. calculation avoided
 therm. calculation avoided
 *************************************************
   ***k(inf)= 1.26193     ***k(itt)= 1.26193     ***k(integ)= 1.26193    ***
   **bakl=  0.0000     **length= 0.10000E+11  ***
   **matr.  alout*alcorr a(k,i)(k=1,ncel) ***
     *  1.0000    
 lokal kner      in cell ,ru=           1=   1.000000       1.000000    
:burn                                                                           
 *** nuclid chain            :chmc
 *** time from start (day)   :   350.0000    
 *** number of step          :           1
 *** power dens. (mwt/m**3) =    83.00000    
 *** average burn up =   10.766     (mbt*day)/(kg hm)
 *** concentration and burn up in sloy   1   ***
 ***       burn up =     10.766     ***
 ** izotop ** conc       ** flux*10-14     **  sa      ** sf **
      slag  0.11958E-03    2.2219            1.5913      0.0000    
      tc99  0.15225E-04    2.2219            8.0299      0.0000    
      rh03  0.84724E-05    2.2219            38.364      0.0000    
      ag09  0.43142E-06    2.2219            40.515      0.0000    
      cd13  0.31897E-08    2.2219            3452.6      0.0000    
      xe35  0.86371E-08    2.2219           0.18637E+06  0.0000    
      sm49  0.94131E-07    2.2219            5735.1      0.0000    
      sm51  0.29361E-06    2.2219            659.11      0.0000    
      eu55  0.41242E-07    2.2219            776.80      0.0000    
      gd55  0.46273E-09    2.2219            2036.7      0.0000    
      gd56  0.21397E-07    2.2219            1656.7      0.0000    
      gd57  0.51075E-08    2.2219            8691.8      0.0000    
      u235  0.61965E-03    2.2219            50.553      41.442    
      u236  0.43672E-04    2.2219            7.7426     0.29115    
      u238  0.21881E-01    2.2219            1.0309     0.10001    
      np37  0.10757E-05    2.2219            33.377     0.51283    
      np39  0.13222E-05    2.2219            14.683     0.58404    
      pu38  0.79121E-07    2.2219            37.946      2.5405    
      pu39  0.81408E-04    2.2219            163.93      104.48    
      pu40  0.11880E-04    2.2219            213.92     0.59845    
      pu41  0.52611E-05    2.2219            145.55      108.14    
      pu42  0.37546E-06    2.2219            31.561     0.41235    
      am41  0.60996E-07    2.2219            107.53      1.0820    
      am2m  0.55308E-09    2.2219            565.60      472.61    
      am43  0.16678E-07    2.2219            52.872     0.41784    
      cm42  0.57531E-08    2.2219            5.5231      1.2459    
      cm44  0.10811E-08    2.2219            15.611     0.80018    
      cm45  0.14202E-10    2.2219            176.55      150.82    
      sm52  0.14287E-05    2.2219            82.147      0.0000    
      xe31  0.67778E-05    2.2219            29.141      0.0000    
      cs33  0.16567E-04    2.2219            10.772      0.0000    
      nd45  0.93986E-05    2.2219            8.7641      0.0000    
      nd43  0.13306E-04    2.2219            23.536      0.0000    
      pm47  0.42982E-05    2.2219            57.820      0.0000    
      mo95  0.15589E-04    2.2219            4.4362      0.0000    
      cs34  0.53209E-06    2.2219            11.848      0.0000    
      pr41  0.14664E-04    2.2219            1.2976      0.0000    
      pm48  0.18782E-07    2.2219            203.09      0.0000    
      pm8m  0.34330E-07    2.2219            2421.7      0.0000    
      rh05  0.32081E-07    2.2219            1388.8      0.0000    
      pm49  0.34347E-07    2.2219            57.820      0.0000    
      kr83  0.12007E-05    2.2219            15.050      0.0000    
      ru01  0.12767E-04    2.2219            3.1348      0.0000    
      pd05  0.40815E-05    2.2219            4.1798      0.0000    
      cs35  0.55253E-05    2.2219            2.4484      0.0000    
      sm50  0.31604E-05    2.2219            10.969      0.0000    
      eu51  0.53977E-07    2.2219            423.57      0.0000    
      eu53  0.36674E-06    2.2219            55.950      0.0000    
      eu54  0.30042E-07    2.2219            256.48      0.0000    
      gd54  0.60497E-09    2.2219            1.5913      0.0000    
      am42  0.10743E-09    2.2219            1.5913      0.0000    
      cm43  0.28173E-10    2.2219            105.66      95.399    
 *** nuclid chain            :chad
 *** time from start (day)   :   350.0000    
 *** number of step          :           1
 *** power dens. (mwt/m**3) =    83.00000    
 *** concentration and burn up in sloy   1   ***
 ***       burn up =     4203.0     ***
 ** izotop ** conc       ** flux*10-14     **  sa      ** sf **
      slag  0.11958E-03    2.2219            1.5913      0.0000    
    > CONSYST Program Ver: 98.01 > started at  0: 0: 0:  
    { Manturov G., E-mail: abbn@ippe.rssi.ru}
 
       -------------------------------
 
       CONSYST INPUT DATA READ FROM : cons.dat
       CONSYST PROTOCOL STORED IN   : RESULT
       GMF X-SECTION'S FILE         : OUT
       TEMPORARY FILE               : RAB
       ABBN BASIC DATA SET FROM     : ..\bin\Bnab90.lib
       ABBN MULTIC DATA SET FROM    : ..\bin\Bnabmlt.lib
       ABBN THERMAL DATA SET FROM   : ..\bin\BNABTHM.lib
 
    >   Include Thermal Matrix > H(H2O):BNABTHM.BIN   Temp=  500K
    >   Include Thermal Matrix > H(H2O):BNABTHM.BIN   Temp=  600K
    > CONSYST finished at  0: 0: 0:  
 therm. calculation avoided
 therm. calculation avoided
 therm. calculation avoided
 therm. calculation avoided
 therm. calculation avoided
 therm. calculation avoided
 therm. calculation avoided
 therm. calculation avoided
 therm. calculation avoided
 *************************************************
   ***k(inf)= 1.19246     ***k(itt)= 1.19246     ***k(integ)= 1.19246    ***
   **bakl=  0.0000     **length= 0.10000E+11  ***
   **matr.  alout*alcorr a(k,i)(k=1,ncel) ***
     *  1.0000    
 lokal kner      in cell ,ru=           1=   1.000000      0.9999999    
:burn                                                                           
 *** nuclid chain            :chmc
 *** time from start (day)   :   600.0000    
 *** number of step          :           1
 *** power dens. (mwt/m**3) =    83.00000    
 *** average burn up =   18.392     (mbt*day)/(kg hm)
 *** concentration and burn up in sloy   1   ***
 ***       burn up =     18.392     ***
 ** izotop ** conc       ** flux*10-14     **  sa      ** sf **
      slag  0.20790E-03    2.3755            1.5784      0.0000    
      tc99  0.25341E-04    2.3755            7.8240      0.0000    
      rh03  0.14038E-04    2.3755            36.835      0.0000    
      ag09  0.99582E-06    2.3755            39.792      0.0000    
      cd13  0.41081E-08    2.3755            3268.6      0.0000    
      xe35  0.83498E-08    2.3755           0.17934E+06  0.0000    
      sm49  0.98045E-07    2.3755            5504.4      0.0000    
      sm51  0.30909E-06    2.3755            635.18      0.0000    
      eu55  0.75685E-07    2.3755            752.52      0.0000    
      gd55  0.82654E-09    2.3755            1974.6      0.0000    
      gd56  0.36830E-07    2.3755            1605.1      0.0000    
      gd57  0.83349E-08    2.3755            8418.8      0.0000    
      u235  0.48230E-03    2.3755            48.836      39.956    
      u236  0.66538E-04    2.3755            7.3766     0.28873    
      u238  0.21766E-01    2.3755            1.0312     0.10104    
      np37  0.27868E-05    2.3755            32.524     0.51764    
      np39  0.14050E-05    2.3755            14.650     0.58950    
      pu38  0.37176E-06    2.3755            36.670      2.5134    
      pu39  0.10927E-03    2.3755            152.75      97.583    
      pu40  0.23904E-04    2.3755            166.63     0.59417    
      pu41  0.13839E-04    2.3755            138.17      102.84    
      pu42  0.18953E-05    2.3755            31.458     0.41627    
      am41  0.27970E-06    2.3755            102.30      1.0574    
      am2m  0.34803E-08    2.3755            542.13      453.06    
      am43  0.16152E-06    2.3755            51.346     0.42192    
      cm42  0.43450E-07    2.3755            5.5108      1.2476    
      cm44  0.19589E-07    2.3755            15.548     0.80366    
      cm45  0.44174E-09    2.3755            170.00      145.24    
      sm52  0.23294E-05    2.3755            80.430      0.0000    
      xe31  0.10950E-04    2.3755            28.630      0.0000    
      cs33  0.27405E-04    2.3755            10.572      0.0000    
      nd45  0.15369E-04    2.3755            8.6387      0.0000    
      nd43  0.20904E-04    2.3755            22.643      0.0000    
      pm47  0.58919E-05    2.3755            56.257      0.0000    
      mo95  0.25663E-04    2.3755            4.3858      0.0000    
      cs34  0.14505E-05    2.3755            11.468      0.0000    
      pr41  0.24671E-04    2.3755            1.2685      0.0000    
      pm48  0.26994E-07    2.3755            197.12      0.0000    
      pm8m  0.49428E-07    2.3755            2295.5      0.0000    
      rh05  0.38776E-07    2.3755            1341.0      0.0000    
      pm49  0.36647E-07    2.3755            56.257      0.0000    
      kr83  0.18903E-05    2.3755            14.593      0.0000    
      ru01  0.21499E-04    2.3755            3.1492      0.0000    
      pd05  0.81742E-05    2.3755            4.1496      0.0000    
      cs35  0.93383E-05    2.3755            2.4359      0.0000    
      sm50  0.56566E-05    2.3755            10.718      0.0000    
      eu51  0.11895E-06    2.3755            404.90      0.0000    
      eu53  0.10715E-05    2.3755            55.427      0.0000    
      eu54  0.13059E-06    2.3755            244.65      0.0000    
      gd54  0.47907E-08    2.3755            1.5784      0.0000    
      am42  0.50322E-09    2.3755            1.5784      0.0000    
      cm43  0.39847E-09    2.3755            103.03      92.956    
 *** nuclid chain            :chad
 *** time from start (day)   :   600.0000    
 *** number of step          :           1
 *** power dens. (mwt/m**3) =    83.00000    
 *** concentration and burn up in sloy   1   ***
 ***       burn up =     4112.4     ***
 ** izotop ** conc       ** flux*10-14     **  sa      ** sf **
      slag  0.20790E-03    2.3755            1.5784      0.0000    
    > CONSYST Program Ver: 98.01 > started at  0: 0: 0:  
    { Manturov G., E-mail: abbn@ippe.rssi.ru}
 
       -------------------------------
 
       CONSYST INPUT DATA READ FROM : cons.dat
       CONSYST PROTOCOL STORED IN   : RESULT
       GMF X-SECTION'S FILE         : OUT
       TEMPORARY FILE               : RAB
       ABBN BASIC DATA SET FROM     : ..\bin\Bnab90.lib
       ABBN MULTIC DATA SET FROM    : ..\bin\Bnabmlt.lib
       ABBN THERMAL DATA SET FROM   : ..\bin\BNABTHM.lib
 
    >   Include Thermal Matrix > H(H2O):BNABTHM.BIN   Temp=  500K
    >   Include Thermal Matrix > H(H2O):BNABTHM.BIN   Temp=  600K
    > CONSYST finished at  0: 0: 0:  
 therm. calculation avoided
 therm. calculation avoided
 therm. calculation avoided
 therm. calculation avoided
 therm. calculation avoided
 therm. calculation avoided
 therm. calculation avoided
 therm. calculation avoided
 therm. calculation avoided
 *************************************************
   ***k(inf)= 1.12182     ***k(itt)= 1.12182     ***k(integ)= 1.12182    ***
   **bakl=  0.0000     **length= 0.10000E+11  ***
   **matr.  alout*alcorr a(k,i)(k=1,ncel) ***
     *  1.0000    
 lokal kner      in cell ,ru=           1=   1.000000      0.9999999    
:burn                                                                           
 *** nuclid chain            :chmc
 *** time from start (day)   :   700.0000    
 *** number of step          :           1
 *** power dens. (mwt/m**3) =    83.00000    
 *** average burn up =   21.496     (mbt*day)/(kg hm)
 *** concentration and burn up in sloy   1   ***
 ***       burn up =     21.496     ***
 ** izotop ** conc       ** flux*10-14     **  sa      ** sf **
      slag  0.24485E-03    2.5601            1.5740      0.0000    
      tc99  0.29297E-04    2.5601            7.6427      0.0000    
      rh03  0.16151E-04    2.5601            35.499      0.0000    
      ag09  0.12603E-05    2.5601            39.126      0.0000    
      cd13  0.43819E-08    2.5601            3172.1      0.0000    
      xe35  0.82539E-08    2.5601           0.17690E+06  0.0000    
      sm49  0.98025E-07    2.5601            5411.8      0.0000    
      sm51  0.30884E-06    2.5601            626.11      0.0000    
      eu55  0.95666E-07    2.5601            735.45      0.0000    
      gd55  0.98315E-09    2.5601            1962.1      0.0000    
      gd56  0.45229E-07    2.5601            1594.3      0.0000    
      gd57  0.99913E-08    2.5601            8361.1      0.0000    
      u235  0.43361E-03    2.5601            48.114      39.320    
      u236  0.74336E-04    2.5601            7.0613     0.28621    
      u238  0.21716E-01    2.5601            1.0335     0.10173    
      np37  0.36179E-05    2.5601            31.949     0.52069    
      np39  0.15131E-05    2.5601            14.636     0.59290    
      pu38  0.57986E-06    2.5601            36.179      2.5055    
      pu39  0.11727E-03    2.5601            146.20      93.591    
      pu40  0.29252E-04    2.5601            133.29     0.59067    
      pu41  0.16908E-04    2.5601            134.22      100.03    
      pu42  0.29013E-05    2.5601            31.049     0.41873    
      am41  0.40481E-06    2.5601            98.900      1.0419    
      am2m  0.54326E-08    2.5601            531.36      444.06    
      am43  0.29895E-06    2.5601            49.993     0.42455    
      cm42  0.73321E-07    2.5601            5.5136      1.2496    
      cm44  0.43532E-07    2.5601            15.478     0.80626    
      cm45  0.11491E-08    2.5601            167.15      142.81    
      sm52  0.26288E-05    2.5601            79.057      0.0000    
      xe31  0.12480E-04    2.5601            28.179      0.0000    
      cs33  0.31595E-04    2.5601            10.379      0.0000    
      nd45  0.17650E-04    2.5601            8.5567      0.0000    
      nd43  0.23606E-04    2.5601            22.242      0.0000    
      pm47  0.63239E-05    2.5601            54.968      0.0000    
      mo95  0.29558E-04    2.5601            4.3423      0.0000    
      cs34  0.19301E-05    2.5601            11.298      0.0000    
      pr41  0.28662E-04    2.5601            1.2556      0.0000    
      pm48  0.30496E-07    2.5601            194.04      0.0000    
      pm8m  0.54218E-07    2.5601            2227.6      0.0000    
      rh05  0.42214E-07    2.5601            1316.7      0.0000    
      pm49  0.38805E-07    2.5601            54.968      0.0000    
      kr83  0.21376E-05    2.5601            14.396      0.0000    
      ru01  0.24976E-04    2.5601            3.1586      0.0000    
      pd05  0.10031E-04    2.5601            4.1409      0.0000    
      cs35  0.10812E-04    2.5601            2.4306      0.0000    
      sm50  0.66860E-05    2.5601            10.615      0.0000    
      eu51  0.14790E-06    2.5601            394.94      0.0000    
      eu53  0.14302E-05    2.5601            55.206      0.0000    
      eu54  0.19416E-06    2.5601            238.48      0.0000    
      gd54  0.84132E-08    2.5601            1.5740      0.0000    
      am42  0.75946E-09    2.5601            1.5740      0.0000    
      cm43  0.80784E-09    2.5601            101.45      91.499    
 *** nuclid chain            :chad
 *** time from start (day)   :   700.0000    
 *** number of step          :           1
 *** power dens. (mwt/m**3) =    83.00000    
 *** concentration and burn up in sloy   1   ***
 ***       burn up =     4074.3     ***
 ** izotop ** conc       ** flux*10-14     **  sa      ** sf **
      slag  0.24485E-03    2.5601            1.5740      0.0000    
    > CONSYST Program Ver: 98.01 > started at  0: 0: 0:  
    { Manturov G., E-mail: abbn@ippe.rssi.ru}
 
       -------------------------------
 
       CONSYST INPUT DATA READ FROM : cons.dat
       CONSYST PROTOCOL STORED IN   : RESULT
       GMF X-SECTION'S FILE         : OUT
       TEMPORARY FILE               : RAB
       ABBN BASIC DATA SET FROM     : ..\bin\Bnab90.lib
       ABBN MULTIC DATA SET FROM    : ..\bin\Bnabmlt.lib
       ABBN THERMAL DATA SET FROM   : ..\bin\BNABTHM.lib
 
    >   Include Thermal Matrix > H(H2O):BNABTHM.BIN   Temp=  500K
    >   Include Thermal Matrix > H(H2O):BNABTHM.BIN   Temp=  600K
    > CONSYST finished at  0: 0: 0:  
 therm. calculation avoided
 therm. calculation avoided
 therm. calculation avoided
 therm. calculation avoided
 therm. calculation avoided
 therm. calculation avoided
 therm. calculation avoided
 therm. calculation avoided
 therm. calculation avoided
 *************************************************
   ***k(inf)= 1.09475     ***k(itt)= 1.09475     ***k(integ)= 1.09475    ***
   **bakl=  0.0000     **length= 0.10000E+11  ***
   **matr.  alout*alcorr a(k,i)(k=1,ncel) ***
     *  1.0000    
 lokal kner      in cell ,ru=           1=  0.9999999       1.000000    
:burn                                                                           
 *** nuclid chain            :chmc
 *** time from start (day)   :   800.0000    
 *** number of step          :           1
 *** power dens. (mwt/m**3) =    83.00000    
 *** average burn up =   24.610     (mbt*day)/(kg hm)
 *** concentration and burn up in sloy   1   ***
 ***       burn up =     24.610     ***
 ** izotop ** conc       ** flux*10-14     **  sa      ** sf **
      slag  0.28249E-03    2.6378            1.5740      0.0000    
      tc99  0.33170E-04    2.6378            7.5853      0.0000    
      rh03  0.18174E-04    2.6378            35.037      0.0000    
      ag09  0.15388E-05    2.6378            38.907      0.0000    
      cd13  0.46212E-08    2.6378            3153.3      0.0000    
      xe35  0.81065E-08    2.6378           0.17690E+06  0.0000    
      sm49  0.97642E-07    2.6378            5404.0      0.0000    
      sm51  0.30791E-06    2.6378            625.81      0.0000    
      eu55  0.11954E-06    2.6378            730.28      0.0000    
      gd55  0.11970E-08    2.6378            1967.5      0.0000    
      gd56  0.55523E-07    2.6378            1598.7      0.0000    
      gd57  0.12015E-07    2.6378            8383.7      0.0000    
      u235  0.38864E-03    2.6378            48.042      39.251    
      u236  0.81327E-04    2.6378            6.9642     0.28539    
      u238  0.21665E-01    2.6378            1.0348     0.10193    
      np37  0.45101E-05    2.6378            31.770     0.52151    
      np39  0.15571E-05    2.6378            14.635     0.59379    
      pu38  0.84805E-06    2.6378            36.152      2.5065    
      pu39  0.12359E-03    2.6378            144.65      92.669    
      pu40  0.34532E-04    2.6378            123.66     0.58953    
      pu41  0.20026E-04    2.6378            133.43      99.488    
      pu42  0.40983E-05    2.6378            30.739     0.41937    
      am41  0.53973E-06    2.6378            97.985      1.0378    
      am2m  0.76494E-08    2.6378            529.87      442.80    
      am43  0.49688E-06    2.6378            49.454     0.42527    
      cm42  0.11103E-06    2.6378            5.5174      1.2505    
      cm44  0.85453E-07    2.6378            15.455     0.80709    
      cm45  0.25659E-08    2.6378            166.83      142.54    
      sm52  0.28914E-05    2.6378            78.671      0.0000    
      xe31  0.13918E-04    2.6378            28.035      0.0000    
      cs33  0.35666E-04    2.6378            10.315      0.0000    
      nd45  0.19852E-04    2.6378            8.5368      0.0000    
      nd43  0.26096E-04    2.6378            22.191      0.0000    
      pm47  0.66572E-05    2.6378            54.580      0.0000    
      mo95  0.33349E-04    2.6378            4.3280      0.0000    
      cs34  0.24620E-05    2.6378            11.277      0.0000    
      pr41  0.32618E-04    2.6378            1.2540      0.0000    
      pm48  0.32858E-07    2.6378            193.46      0.0000    
      pm8m  0.57529E-07    2.6378            2213.6      0.0000    
      rh05  0.44681E-07    2.6378            1312.4      0.0000    
      pm49  0.39756E-07    2.6378            54.580      0.0000    
      kr83  0.23670E-05    2.6378            14.373      0.0000    
      ru01  0.28418E-04    2.6378            3.1610      0.0000    
      pd05  0.11991E-04    2.6378            4.1418      0.0000    
      cs35  0.12250E-04    2.6378            2.4300      0.0000    
      sm50  0.77198E-05    2.6378            10.605      0.0000    
      eu51  0.17711E-06    2.6378            392.93      0.0000    
      eu53  0.18177E-05    2.6378            55.180      0.0000    
      eu54  0.26829E-06    2.6378            237.29      0.0000    
      gd54  0.13575E-07    2.6378            1.5740      0.0000    
      am42  0.10343E-08    2.6378            1.5740      0.0000    
      cm43  0.14380E-08    2.6378            101.07      91.151    
 *** nuclid chain            :chad
 *** time from start (day)   :   800.0000    
 *** number of step          :           1
 *** power dens. (mwt/m**3) =    83.00000    
 *** concentration and burn up in sloy   1   ***
 ***       burn up =     4036.0     ***
 ** izotop ** conc       ** flux*10-14     **  sa      ** sf **
      slag  0.28249E-03    2.6378            1.5740      0.0000    
    > CONSYST Program Ver: 98.01 > started at  0: 0: 0:  
    { Manturov G., E-mail: abbn@ippe.rssi.ru}
 
       -------------------------------
 
       CONSYST INPUT DATA READ FROM : cons.dat
       CONSYST PROTOCOL STORED IN   : RESULT
       GMF X-SECTION'S FILE         : OUT
       TEMPORARY FILE               : RAB
       ABBN BASIC DATA SET FROM     : ..\bin\Bnab90.lib
       ABBN MULTIC DATA SET FROM    : ..\bin\Bnabmlt.lib
       ABBN THERMAL DATA SET FROM   : ..\bin\BNABTHM.lib
 
    >   Include Thermal Matrix > H(H2O):BNABTHM.BIN   Temp=  500K
    >   Include Thermal Matrix > H(H2O):BNABTHM.BIN   Temp=  600K
    > CONSYST finished at  0: 0: 0:  
 therm. calculation avoided
 therm. calculation avoided
 therm. calculation avoided
 therm. calculation avoided
 therm. calculation avoided
 therm. calculation avoided
 therm. calculation avoided
 therm. calculation avoided
 therm. calculation avoided
 *************************************************
   ***k(inf)= 1.06913     ***k(itt)= 1.06913     ***k(integ)= 1.06913    ***
   **bakl=  0.0000     **length= 0.10000E+11  ***
   **matr.  alout*alcorr a(k,i)(k=1,ncel) ***
     *  1.0000    
 lokal kner      in cell ,ru=           1=  0.9999999      0.9999999    
:burn                                                                           
 *** nuclid chain            :chmc
 *** time from start (day)   :   900.0000    
 *** number of step          :           1
 *** power dens. (mwt/m**3) =    83.00000    
 *** average burn up =   27.732     (mbt*day)/(kg hm)
 *** concentration and burn up in sloy   1   ***
 ***       burn up =     27.732     ***
 ** izotop ** conc       ** flux*10-14     **  sa      ** sf **
      slag  0.32083E-03    2.7162            1.5743      0.0000    
      tc99  0.36957E-04    2.7162            7.5342      0.0000    
      rh03  0.20101E-04    2.7162            34.651      0.0000    
      ag09  0.18281E-05    2.7162            38.707      0.0000    
      cd13  0.48279E-08    2.7162            3143.4      0.0000    
      xe35  0.79568E-08    2.7162           0.17715E+06  0.0000    
      sm49  0.96889E-07    2.7162            5405.7      0.0000    
      sm51  0.30629E-06    2.7162            626.23      0.0000    
      eu55  0.14651E-06    2.7162            726.54      0.0000    
      gd55  0.14313E-08    2.7162            1974.2      0.0000    
      gd56  0.67247E-07    2.7162            1604.1      0.0000    
      gd57  0.14306E-07    2.7162            8412.0      0.0000    
      u235  0.34720E-03    2.7162            48.037      39.242    
      u236  0.87550E-04    2.7162            6.8801     0.28466    
      u238  0.21612E-01    2.7162            1.0360     0.10208    
      np37  0.54489E-05    2.7162            31.645     0.52210    
      np39  0.16014E-05    2.7162            14.635     0.59443    
      pu38  0.11803E-05    2.7162            36.173      2.5083    
      pu39  0.12847E-03    2.7162            143.63      92.070    
      pu40  0.39673E-04    2.7162            116.04     0.58856    
      pu41  0.23098E-04    2.7162            132.97      99.178    
      pu42  0.54863E-05    2.7162            30.355     0.41982    
      am41  0.68106E-06    2.7162            97.334      1.0350    
      am2m  0.10035E-07    2.7162            529.33      442.34    
      am43  0.76261E-06    2.7162            49.067     0.42581    
      cm42  0.15578E-06    2.7162            5.5214      1.2512    
      cm44  0.15258E-06    2.7162            15.433     0.80774    
      cm45  0.51120E-08    2.7162            166.77      142.48    
      sm52  0.31201E-05    2.7162            78.355      0.0000    
      xe31  0.15262E-04    2.7162            27.905      0.0000    
      cs33  0.39617E-04    2.7162            10.255      0.0000    
      nd45  0.21975E-04    2.7162            8.5206      0.0000    
      nd43  0.28378E-04    2.7162            22.174      0.0000    
      pm47  0.69075E-05    2.7162            54.243      0.0000    
      mo95  0.37037E-04    2.7162            4.3145      0.0000    
      cs34  0.30414E-05    2.7162            11.270      0.0000    
      pr41  0.36537E-04    2.7162            1.2535      0.0000    
      pm48  0.34891E-07    2.7162            193.13      0.0000    
      pm8m  0.60032E-07    2.7162            2205.8      0.0000    
      rh05  0.47025E-07    2.7162            1310.0      0.0000    
      pm49  0.40624E-07    2.7162            54.243      0.0000    
      kr83  0.25790E-05    2.7162            14.369      0.0000    
      ru01  0.31823E-04    2.7162            3.1624      0.0000    
      pd05  0.14044E-04    2.7162            4.1436      0.0000    
      cs35  0.13651E-04    2.7162            2.4296      0.0000    
      sm50  0.87518E-05    2.7162            10.606      0.0000    
      eu51  0.20642E-06    2.7162            391.75      0.0000    
      eu53  0.22258E-05    2.7162            55.172      0.0000    
      eu54  0.35121E-06    2.7162            236.66      0.0000    
      gd54  0.20489E-07    2.7162            1.5743      0.0000    
      am42  0.13355E-08    2.7162            1.5743      0.0000    
      cm43  0.23196E-08    2.7162            100.81      90.908    
 *** nuclid chain            :chad
 *** time from start (day)   :   900.0000    
 *** number of step          :           1
 *** power dens. (mwt/m**3) =    83.00000    
 *** concentration and burn up in sloy   1   ***
 ***       burn up =     3997.6     ***
 ** izotop ** conc       ** flux*10-14     **  sa      ** sf **
      slag  0.32083E-03    2.7162            1.5743      0.0000    
    > CONSYST Program Ver: 98.01 > started at  0: 0: 0:  
    { Manturov G., E-mail: abbn@ippe.rssi.ru}
 
       -------------------------------
 
       CONSYST INPUT DATA READ FROM : cons.dat
       CONSYST PROTOCOL STORED IN   : RESULT
       GMF X-SECTION'S FILE         : OUT
       TEMPORARY FILE               : RAB
       ABBN BASIC DATA SET FROM     : ..\bin\Bnab90.lib
       ABBN MULTIC DATA SET FROM    : ..\bin\Bnabmlt.lib
       ABBN THERMAL DATA SET FROM   : ..\bin\BNABTHM.lib
 
    >   Include Thermal Matrix > H(H2O):BNABTHM.BIN   Temp=  500K
    >   Include Thermal Matrix > H(H2O):BNABTHM.BIN   Temp=  600K
    > CONSYST finished at  0: 0: 0:  
 therm. calculation avoided
 therm. calculation avoided
 therm. calculation avoided
 therm. calculation avoided
 therm. calculation avoided
 therm. calculation avoided
 therm. calculation avoided
 therm. calculation avoided
 therm. calculation avoided
 *************************************************
   ***k(inf)= 1.04463     ***k(itt)= 1.04463     ***k(integ)= 1.04463    ***
   **bakl=  0.0000     **length= 0.10000E+11  ***
   **matr.  alout*alcorr a(k,i)(k=1,ncel) ***
     *  1.0000    
 lokal kner      in cell ,ru=           1=   1.000000       1.000000    
:burn                                                                           
 *** nuclid chain            :chmc
 *** time from start (day)   :   1000.000    
 *** number of step          :           1
 *** power dens. (mwt/m**3) =    83.00000    
 *** average burn up =   30.864     (mbt*day)/(kg hm)
 *** concentration and burn up in sloy   1   ***
 ***       burn up =     30.864     ***
 ** izotop ** conc       ** flux*10-14     **  sa      ** sf **
      slag  0.35991E-03    2.7951            1.5756      0.0000    
      tc99  0.40658E-04    2.7951            7.4898      0.0000    
      rh03  0.21930E-04    2.7951            34.285      0.0000    
      ag09  0.21247E-05    2.7951            38.530      0.0000    
      cd13  0.50038E-08    2.7951            3139.8      0.0000    
      xe35  0.77965E-08    2.7951           0.17796E+06  0.0000    
      sm49  0.95733E-07    2.7951            5422.3      0.0000    
      sm51  0.30352E-06    2.7951            628.71      0.0000    
      eu55  0.17626E-06    2.7951            722.52      0.0000    
      gd55  0.16744E-08    2.7951            1988.2      0.0000    
      gd56  0.79794E-07    2.7951            1615.6      0.0000    
      gd57  0.16743E-07    2.7951            8472.1      0.0000    
      u235  0.30910E-03    2.7951            48.136      39.320    
      u236  0.93042E-04    2.7951            6.8082     0.28403    
      u238  0.21558E-01    2.7951            1.0376     0.10222    
      np37  0.64212E-05    2.7951            31.535     0.52260    
      np39  0.16462E-05    2.7951            14.637     0.59495    
      pu38  0.15782E-05    2.7951            36.283      2.5126    
      pu39  0.13224E-03    2.7951            142.85      91.629    
      pu40  0.44616E-04    2.7951            109.78     0.58771    
      pu41  0.26041E-04    2.7951            132.77      99.063    
      pu42  0.70588E-05    2.7951            29.904     0.42019    
      am41  0.82507E-06    2.7951            96.747      1.0325    
      am2m  0.12489E-07    2.7951            530.05      442.92    
      am43  0.11020E-05    2.7951            48.657     0.42626    
      cm42  0.20657E-06    2.7951            5.5273      1.2521    
      cm44  0.25281E-06    2.7951            15.415     0.80842    
      cm45  0.93100E-08    2.7951            167.10      142.76    
      sm52  0.33178E-05    2.7951            78.121      0.0000    
      xe31  0.16514E-04    2.7951            27.796      0.0000    
      cs33  0.43446E-04    2.7951            10.201      0.0000    
      nd45  0.24021E-04    2.7951            8.5099      0.0000    
      nd43  0.30456E-04    2.7951            22.209      0.0000    
      pm47  0.70887E-05    2.7951            53.962      0.0000    
      mo95  0.40624E-04    2.7951            4.3032      0.0000    
      cs34  0.36640E-05    2.7951            11.284      0.0000    
      pr41  0.40421E-04    2.7951            1.2547      0.0000    
      pm48  0.36646E-07    2.7951            193.08      0.0000    
      pm8m  0.61888E-07    2.7951            2202.1      0.0000    
      rh05  0.49240E-07    2.7951            1310.0      0.0000    
      pm49  0.41425E-07    2.7951            53.962      0.0000    
      kr83  0.27739E-05    2.7951            14.391      0.0000    
      ru01  0.35191E-04    2.7951            3.1637      0.0000    
      pd05  0.16181E-04    2.7951            4.1477      0.0000    
      cs35  0.15012E-04    2.7951            2.4301      0.0000    
      sm50  0.97777E-05    2.7951            10.621      0.0000    
      eu51  0.23578E-06    2.7951            391.24      0.0000    
      eu53  0.26469E-05    2.7951            55.187      0.0000    
      eu54  0.44095E-06    2.7951            236.46      0.0000    
      gd54  0.29321E-07    2.7951            1.5756      0.0000    
      am42  0.16554E-08    2.7951            1.5756      0.0000    
      cm43  0.34707E-08    2.7951            100.63      90.750    
 *** nuclid chain            :chad
 *** time from start (day)   :   1000.000    
 *** number of step          :           1
 *** power dens. (mwt/m**3) =    83.00000    
 *** concentration and burn up in sloy   1   ***
 ***       burn up =     3959.2     ***
 ** izotop ** conc       ** flux*10-14     **  sa      ** sf **
      slag  0.35991E-03    2.7951            1.5756      0.0000    
    > CONSYST Program Ver: 98.01 > started at  0: 0: 0:  
    { Manturov G., E-mail: abbn@ippe.rssi.ru}
 
       -------------------------------
 
       CONSYST INPUT DATA READ FROM : cons.dat
       CONSYST PROTOCOL STORED IN   : RESULT
       GMF X-SECTION'S FILE         : OUT
       TEMPORARY FILE               : RAB
       ABBN BASIC DATA SET FROM     : ..\bin\Bnab90.lib
       ABBN MULTIC DATA SET FROM    : ..\bin\Bnabmlt.lib
       ABBN THERMAL DATA SET FROM   : ..\bin\BNABTHM.lib
 
    >   Include Thermal Matrix > H(H2O):BNABTHM.BIN   Temp=  500K
    >   Include Thermal Matrix > H(H2O):BNABTHM.BIN   Temp=  600K
    > CONSYST finished at  0: 0: 0:  
 therm. calculation avoided
 therm. calculation avoided
 therm. calculation avoided
 therm. calculation avoided
 therm. calculation avoided
 therm. calculation avoided
 therm. calculation avoided
 therm. calculation avoided
 therm. calculation avoided
 *************************************************
   ***k(inf)= 1.02119     ***k(itt)= 1.02118     ***k(integ)= 1.02119    ***
   **bakl=  0.0000     **length= 0.10000E+11  ***
   **matr.  alout*alcorr a(k,i)(k=1,ncel) ***
     *  1.0000    
 lokal kner      in cell ,ru=           1=   1.000000      0.9999999    
:stop                                                                           
