 *****          file of input data set *******
:poly
 &vvod
iout(12)=2,
   nsos=1,2,3,
   r=0.386,0.455,0.7076,
@ ------------------------------------------------------------------------------
 t=        1.00000e+03, 600.0, 579.0,
 troiz=
 @ izotop    / fuel /     / km /       / mod /
 @ u235  @   0.08700e-02, 0.00000e+00, 0.00000e+00,
 @ u238  @   2.20300e-02, 0.00000e+00, 0.00000e+00,
 @ o     @   0.45800e-01, 0.00000e+00, 0.00000e+00,
 @ zr    @   0.00000e+00, 0.03891,     0.00000e+00,
 @ *h*   @   0.00000e+00, 0.00000e+00, 0.000000,
 @  d    @   0.00000e+00, 0.00000e+00, 0.06686,
 @ *o*   @   0.00000e+00, 0.00000e+00, 0.02342,
@-------------------------------------------------------------------------------------
 material(1)='chmc',
 &end
u235
u238
o
zr
*h*
d
*o*
****
:micro
 &vvod
  et=10.5e+6,2.15,2.15,0.,
 &end
:macr
 &vvod &end
:fier
 &vvod &end
:stop
 ***** end of   file of input data set *******
:poly                                                                           
 definition izotr in sos           1:izotr=   2.000000    
  *******<< check input data>> programm declare *******
    --undeclared parametr--cefzad  -- programm standart value --cefzad  =  0.100000E+01
  *******<< check input data>> programm declare *******
    --undeclared parametr--bakl    -- programm standart value --bakl    =  0.000000E+00
  *******<< check input data>> programm declare *******
    --undeclared parametr--alin    -- programm standart value --alin    =  0.000000E+00
  *******<< check input data>> programm declare *******
    --undeclared parametr--alout   -- programm standart value --alout   =  0.100000E+01
  *******<< check input data>> programm declare *******
    --undeclared parametr--alcorr  -- programm standart value --alcorr  =  0.100000E+01
  *******<< check input data>> programm declare *******
    --undeclared parametr--nbv     -- programm standart value --nbv     =    1    1    1
  *******<< check input data>> programm declare *******
    --undeclared parametr--et      -- programm standart value --et      =  0.105000E+08  0.215000E+01
     0.215000E+01  0.000000E+00
    ????  storage for pr. getter =      300 ?? common /rrr/ rab(        0 )  ????
 ------------------------------------------------------------------------------
  backling =  0.0000000E+00
 ------------------------------------------------------------------------------
  number of cells =           1
          cell number    1  number of zone= 3
 << geometry characteristics >>
    geometry of cell- cilindrical index=           2
  kratnost of cell =   1.000000    
  inner radius of cell =  0.0000000E+00
  out square ratio =   1.000000    
 ------------------------------------------------------------------------------
 num zone      1           2           3
 radius   0.38600E+00 0.45500E+00 0.70760E+00
 temper   0.10000E+04 0.60000E+03 0.57900E+03
 rez_izot    u238        bad         bad 
 ------------------------------------------------------------------------------
    izotop   /             concentration number of izotops=63
  1 u235     0.87000E-03 0.00000E+00 0.00000E+00
  2 u238     0.22030E-01 0.00000E+00 0.00000E+00
  3 o        0.45800E-01 0.00000E+00 0.00000E+00
  4 zr       0.00000E+00 0.38910E-01 0.00000E+00
  6 d        0.00000E+00 0.00000E+00 0.66860E-01
  7 *o*      0.00000E+00 0.00000E+00 0.23420E-01
    > CONSYST Program Ver: 98.01 > started at  0: 0: 0:  
    { Manturov G., E-mail: abbn@ippe.rssi.ru}
 
       -------------------------------
 
       CONSYST INPUT DATA READ FROM : cons.dat
       CONSYST PROTOCOL STORED IN   : RESULT
       GMF X-SECTION'S FILE         : OUT
       TEMPORARY FILE               : RAB
       ABBN BASIC DATA SET FROM     : ..\bin\Bnab90.lib
       ABBN MULTIC DATA SET FROM    : ..\bin\Bnabmlt.lib
       ABBN THERMAL DATA SET FROM   : ..\bin\BNABTHM.lib
 
    >   Include Thermal Matrix > D(D2O):BNABTHM.BIN   Temp=  500K
    >   Include Thermal Matrix > D(D2O):BNABTHM.BIN   Temp=  600K
    > CONSYST finished at  0: 0: 0:  
 therm. calculation avoided
 therm. calculation avoided
 therm. calculation avoided
 therm. calculation avoided
 therm. calculation avoided
 therm. calculation avoided
 therm. calculation avoided
 therm. calculation avoided
 therm. calculation avoided
 *************************************************
   ***k(inf)=0.848517     ***k(itt)=0.848518     ***k(integ)=0.848517    ***
   **bakl=  0.0000     **length= 0.10000E+11  ***
   **matr.  alout*alcorr a(k,i)(k=1,ncel) ***
     *  1.0000    
 lokal kner      in cell ,ru=           1=  0.9999999       1.000000    
:micro                                                                          
 condensation boundary was changed from  0.21500E+01 to  0.21544E+01
 condensation boundary was changed from  0.21500E+01 to  0.21544E+01
    -------------------------------------------------------------------------------
    * n group   * e(i)        * e(i+1)
          1       0.10500E+08    2.1544    
          2        2.1544       0.10000E-04
    ---------------------------------------------------------------------------
         ** microcrossection  ** in   1  zone **v=  1.5730    /  1  2  3
    * n group  * izotop  * at.mas      *dens         *flux 1/cm2c  * capture   * fission  *    * production *
          1       u235     235.00        0.25889E-03    52.782        12.223          8.3151         0.0000    
          2       u235     235.00        0.25889E-03    3.0233        138.27          116.35         0.0000    
          1       u238     238.00        0.65556E-02    52.782       0.97891         0.48617E-01     0.0000    
          2       u238     238.00        0.65556E-02    3.0233       0.77059          0.0000         0.0000    
          1       o         16.00        0.13629E-01    52.782       0.18283E-02      0.0000         0.0000    
          2       o         16.00        0.13629E-01    3.0233       0.42069E-04      0.0000         0.0000    
          1       zr        91.00        0.45095E-02    52.782       0.26359E-01      0.0000         0.0000    
          2       zr        91.00        0.45095E-02    3.0233       0.50034E-01      0.0000         0.0000    
          1       *h*        1.00         0.0000        52.782       0.24085E-02      0.0000         0.0000    
          2       *h*        1.00         0.0000        3.0233       0.87640E-01      0.0000         0.0000    
          1       d          2.00        0.39215E-01    52.782       0.62081E-06      0.0000         0.0000    
          2       d          2.00        0.39215E-01    3.0233       0.14559E-03      0.0000         0.0000    
          1       *o*       16.00        0.13736E-01    52.782       0.17064E-02      0.0000         0.0000    
          2       *o*       16.00        0.13736E-01    3.0233       0.44078E-04      0.0000         0.0000    
          1       fp35     116.00         0.0000        52.782       0.46208          0.0000         0.0000    
          2       fp35     116.00         0.0000        3.0233        2.4496          0.0000         0.0000    
          1       fp39     116.00         0.0000        52.782       0.46208          0.0000         0.0000    
          2       fp39     116.00         0.0000        3.0233        2.4496          0.0000         0.0000    
          1       u236     236.00         0.0000        52.782        8.8794         0.20529         0.0000    
          2       u236     236.00         0.0000        3.0233        1.4650         0.19120E-01     0.0000    
          1       slag     116.00         0.0000        52.782        1.6844          0.0000         0.0000    
          2       slag     116.00         0.0000        3.0233        2.2376          0.0000         0.0000    
          1       tc99      99.00         0.0000        52.782        6.6941          0.0000         0.0000    
          2       tc99      99.00         0.0000        3.0233        6.3075          0.0000         0.0000    
          1       rh03     103.00         0.0000        52.782        2.1747          0.0000         0.0000    
          2       rh03     103.00         0.0000        3.0233        420.97          0.0000         0.0000    
          1       ag09     109.00         0.0000        52.782        31.210          0.0000         0.0000    
          2       ag09     109.00         0.0000        3.0233        29.966          0.0000         0.0000    
          1       cd13     113.00         0.0000        52.782        2.1978          0.0000         0.0000    
          2       cd13     113.00         0.0000        3.0233        11031.          0.0000         0.0000    
          1       xe35     135.00         0.0000        52.782        4.1876          0.0000         0.0000    
          2       xe35     135.00         0.0000        3.0233       0.37446E+06      0.0000         0.0000    
          1       sm49     149.00         0.0000        52.782        41.061          0.0000         0.0000    
          2       sm49     149.00         0.0000        3.0233        12907.          0.0000         0.0000    
          1       sm51     151.00         0.0000        52.782        43.114          0.0000         0.0000    
          2       sm51     151.00         0.0000        3.0233        1899.4          0.0000         0.0000    
          1       eu55     155.00         0.0000        52.782        15.232          0.0000         0.0000    
          2       eu55     155.00         0.0000        3.0233        6895.0          0.0000         0.0000    
          1       gd55     155.00         0.0000        52.782        39.386          0.0000         0.0000    
          2       gd55     155.00         0.0000        3.0233        3384.9          0.0000         0.0000    
          1       gd56     156.00         0.0000        52.782        10.928          0.0000         0.0000    
          2       gd56     156.00         0.0000        3.0233        2750.1          0.0000         0.0000    
          1       gd57     157.00         0.0000        52.782        17.277          0.0000         0.0000    
          2       gd57     157.00         0.0000        3.0233        14459.          0.0000         0.0000    
          1       np37     237.00         0.0000        52.782        14.324         0.26458         0.0000    
          2       np37     237.00         0.0000        3.0233        194.92         0.90460E-02     0.0000    
          1       np39     239.00         0.0000        52.782        16.513         0.30417         0.0000    
          2       np39     239.00         0.0000        3.0233        9.8248          0.0000         0.0000    
          1       pu38     238.00         0.0000        52.782        6.9210          1.7689         0.0000    
          2       pu38     238.00         0.0000        3.0233        83.258          2.7475         0.0000    
          1       pu39     239.00         0.0000        52.782        16.059          9.3733         0.0000    
          2       pu39     239.00         0.0000        3.0233        793.96          492.56         0.0000    
          1       pu40     240.00         0.0000        52.782        7.0288         0.35639         0.0000    
          2       pu40     240.00         0.0000        3.0233        2972.8         0.59012         0.0000    
          1       pu41     241.00         0.0000        52.782        23.131          17.982         0.0000    
          2       pu41     241.00         0.0000        3.0233        478.03          340.89         0.0000    
          1       pu42     242.00         0.0000        52.782        28.499         0.20935         0.0000    
          2       pu42     242.00         0.0000        3.0233        10.100         0.99547E-03     0.0000    
          1       am41     241.00         0.0000        52.782        15.486         0.33001         0.0000    
          2       am41     241.00         0.0000        3.0233        750.42          3.8389         0.0000    
          1       am2m     242.00         0.0000        52.782        38.879          33.545         0.0000    
          2       am2m     242.00         0.0000        3.0233        1898.0          1595.9         0.0000    
          1       am43     243.00         0.0000        52.782        14.195         0.20274         0.0000    
          2       am43     243.00         0.0000        3.0233        570.95          0.0000         0.0000    
          1       cm42     242.00         0.0000        52.782        5.9591         0.94353         0.0000    
          2       cm42     242.00         0.0000        3.0233        4.3911         0.87082         0.0000    
          1       cm44     244.00         0.0000        52.782        15.217         0.48456         0.0000    
          2       cm44     244.00         0.0000        3.0233        4.5678         0.26233         0.0000    
          1       cm45     245.00         0.0000        52.782        18.432          16.234         0.0000    
          2       cm45     245.00         0.0000        3.0233        538.48          461.13         0.0000    
          1       th32     232.00         0.0000        52.782        4.0390         0.11269E-01     0.0000    
          2       th32     232.00         0.0000        3.0233        1.8140          0.0000         0.0000    
          1       pa33     233.00         0.0000        52.782        13.529         0.70829E-01     0.0000    
          2       pa33     233.00         0.0000        3.0233        185.49          0.0000         0.0000    
          1       u233     233.00         0.0000        52.782        17.561          14.947         0.0000    
          2       u233     233.00         0.0000        3.0233        264.76          234.72         0.0000    
          1       u234     234.00         0.0000        52.782        16.129         0.26063         0.0000    
          2       u234     234.00         0.0000        3.0233        22.404         0.94870E-01     0.0000    
          1       sm52     152.00         0.0000        52.782        73.159          0.0000         0.0000    
          2       sm52     152.00         0.0000        3.0233        60.815          0.0000         0.0000    
          1       xe31     131.00         0.0000        52.782        28.038          0.0000         0.0000    
          2       xe31     131.00         0.0000        3.0233        23.734          0.0000         0.0000    
          1       cs33     133.00         0.0000        52.782        9.2843          0.0000         0.0000    
          2       cs33     133.00         0.0000        3.0233        8.5351          0.0000         0.0000    
          1       nd45     145.00         0.0000        52.782        7.9784          0.0000         0.0000    
          2       nd45     145.00         0.0000        3.0233        11.702          0.0000         0.0000    
          1       nd43     143.00         0.0000        52.782        3.7057          0.0000         0.0000    
          2       nd43     143.00         0.0000        3.0233        75.656          0.0000         0.0000    
          1       pm47     147.00         0.0000        52.782        45.907          0.0000         0.0000    
          2       pm47     147.00         0.0000        3.0233        44.655          0.0000         0.0000    
          1       mo95      95.00         0.0000        52.782        5.5730          0.0000         0.0000    
          2       mo95      95.00         0.0000        3.0233        3.6403          0.0000         0.0000    
          1       cs34     134.00         0.0000        52.782        4.5259          0.0000         0.0000    
          2       cs34     134.00         0.0000        3.0233        34.835          0.0000         0.0000    
          1       pr41     141.00         0.0000        52.782       0.98039          0.0000         0.0000    
          2       pr41     141.00         0.0000        3.0233        2.9647          0.0000         0.0000    
          1       pm48     148.00         0.0000        52.782        56.184          0.0000         0.0000    
          2       pm48     148.00         0.0000        3.0233        779.85          0.0000         0.0000    
          1       pm8m     148.00         0.0000        52.782        56.283          0.0000         0.0000    
          2       pm8m     148.00         0.0000        3.0233        8076.8          0.0000         0.0000    
          1       rh05     105.00         0.0000        52.782        300.00          0.0000         0.0000    
          2       rh05     105.00         0.0000        3.0233        3924.3          0.0000         0.0000    
          1       pm49     149.00         0.0000        52.782        45.907          0.0000         0.0000    
          2       pm49     149.00         0.0000        3.0233        44.655          0.0000         0.0000    
          1       kr83      83.00         0.0000        52.782        4.9685          0.0000         0.0000    
          2       kr83      83.00         0.0000        3.0233        39.805          0.0000         0.0000    
          1       ru01     101.00         0.0000        52.782        4.6055          0.0000         0.0000    
          2       ru01     101.00         0.0000        3.0233       0.92711          0.0000         0.0000    
          1       pd05     105.00         0.0000        52.782        4.4743          0.0000         0.0000    
          2       pd05     105.00         0.0000        3.0233        5.1759          0.0000         0.0000    
          1       cs35     135.00         0.0000        52.782        3.0704          0.0000         0.0000    
          2       cs35     135.00         0.0000        3.0233        2.2788          0.0000         0.0000    
          1       sm50     150.00         0.0000        52.782        6.2623          0.0000         0.0000    
          2       sm50     150.00         0.0000        3.0233        23.901          0.0000         0.0000    
          1       eu51     152.00         0.0000        52.782        47.961          0.0000         0.0000    
          2       eu51     152.00         0.0000        3.0233        1866.2          0.0000         0.0000    
          1       eu53     153.00         0.0000        52.782        41.949          0.0000         0.0000    
          2       eu53     153.00         0.0000        3.0233        88.493          0.0000         0.0000    
          1       eu54     154.00         0.0000        52.782        28.334          0.0000         0.0000    
          2       eu54     154.00         0.0000        3.0233        883.65          0.0000         0.0000    
          1       gd54     154.00         0.0000        52.782        1.6844          0.0000         0.0000    
          2       gd54     154.00         0.0000        3.0233        2.2376          0.0000         0.0000    
          1       am42     242.00         0.0000        52.782        1.6844          0.0000         0.0000    
          2       am42     242.00         0.0000        3.0233        2.2376          0.0000         0.0000    
          1       cm43     243.00         0.0000        52.782        43.215          37.355         0.0000    
          2       cm43     243.00         0.0000        3.0233        429.67          397.13         0.0000    
:macr                                                                           
 condensation boundary was changed from  0.21500E+01 to  0.21544E+01
 condensation boundary was changed from  0.21500E+01 to  0.21544E+01
    -------------------------------------------------------------------------------
    * n group   * e(i)        * e(i+1)      *spect neutron fission  *
          1       0.20000E+08    2.1544            1.0000    
          2        2.1544        0.0000           0.13593E-08
    *******************************************************************************
                                       **    macro cross section    **
    *******************************************************************************
    ** n zone    1 vzone=  1.5730     /  1  2  3
*grp*flux 1/cm2c  * stotal      * sabs        * sfis.       * nu$sfis.    * 1/3*strans  *1/aver.veloci*aver power
  1   52.78860     0.3475592     0.9766585E-02 0.2476388E-02 0.6160079E-02  1.175493     0.2768486E-05 0.6307301     0.5974070    
  2   3.023345     0.2747890     0.3974713E-01 0.2913849E-01 0.7086489E-01  1.343259     0.5688908E-05  1.782893     0.4025930    
                                       * matric. scat.cross. sec. from i to j  *
       i / j -->            1           2
       i        1 0.3355141     0.2278606E-02
       i        2 0.3940906E-04 0.2350024    
:fier                                                                           
 condensation boundary was changed from  0.21500E+01 to  0.21544E+01
*** 4 *** ;egr=  2.1544    
    keff         nu           mu           fi           teta
  0.84852       1.7933       2.5178      0.18902      0.99419    
 s0z(n)=   0.5760636      0.0000000E+00  0.0000000E+00
:stop                                                                           
