 *****          file of input data set *******
                                                                                                                        
:poly
 &vvod
 @ 1 tvel  cell@   rcel(1,1)=0.29,0.34,0.48,
                   ncelsos(1,1)=1,3,4
 @ 2 tvel  cell@   rcel(1,2)=0.29,0.34,0.48,
                   ncelsos(1,2)=2,3,4
 @ 3 svp-1 cell@   rcel(1,3)=0.29,0.34,0.48,
                   ncelsos(1,3)=5,3,4,
 @ 4 svp-2 cell@   rcel(1,4)=0.175,0.225,0.48,
                   ncelsos(1,4)=5,3,4,
 @ 5 az        @   rcel(1,5)=1.0,1.05,1.15,
                   ncelsos(1,5)=6,3,7,
 @ 6 km        @   rcel(1,6)=0.39,0.48,
                   ncelsos(1,6)=3,4,
  t=0.6590e+03, 0.5970e+03, 0.5830e+03, 0.5830e+03, 0.5830e+03, 0.5830e+03,
@---------------------------------------------------------------
 troiz=
 @         1 tv_1      2 tv_2  3 zr_ob_tv    4 h2o    5 svp     6 az           7 air
 @ *h*  @ 0.0000000, 0.0000000, 0.0000000, 0.0093644, 0.0000000, 0.0000000, 0.0000000,
 @ *o*  @ 0.0000000, 0.0000000, 0.0000000, 0.0314110, 0.0000000, 0.0000000, 0.0000000,
 @ zr   @ 0.0000000, 0.0000000, 0.0431323, 0.0000000, 0.0000000, 0.0000000, 0.0000000,
 @ u235 @ 0.0037101, 0.0032154, 0.0000000, 0.0000000, 0.0000000, 0.0000000, 0.0000000,
 @ u238 @ 0.0210238, 0.0215185, 0.0000000, 0.0000000, 0.0000000, 0.0000000, 0.0000000,
 @ o    @ 0.0494677, 0.0494677, 0.0000000, 0.0000000, 0.0067340, 0.0000000, 3.784e-02,
 @ n    @ 0.0000000, 0.0000000, 0.0000000, 0.0000000, 0.0000000, 0.0000000, 1.892e-02,
 @ *c*  @ 0.0000000, 0.0000000, 0.0000000, 0.0000000, 0.0000000, 0.0000000, 0.0000000,
 @ al   @ 0.0000000, 0.0000000, 0.0000000, 0.0000000, 0.0000000, 0.0000000, 0.0000000,
 @ b-10 @ 0.0000000, 0.0000000, 0.0000000, 0.0000000, 0.0000000, 0.1034622, 0.0000000,
 @ c    @ 0.0000000, 0.0000000, 0.0000000, 0.0000000, 0.0000000, 0.0287395, 0.0000000,
 @ gd55 @ 0.0000000, 0.0000000, 0.0000000, 0.0000000, 0.0006644, 0.0000000, 0.0000000,
 @ gd57 @ 0.0000000, 0.0000000, 0.0000000, 0.0000000, 0.0007026, 0.0000000, 0.0000000,
 @ ni   @ 0.0000000, 0.0000000, 0.0000000, 0.0000000, 0.0000000, 0.0000000, 0.0000000,
 @ cr   @ 0.0000000, 0.0000000, 0.0000000, 0.0000000, 0.0000000, 0.0000000, 0.0000000,
 @ pu39 @ 0.0000000, 0.0000000, 0.0000000, 0.0000000, 0.0000000, 0.0000000, 0.0000000,
 @ pu40 @ 0.0000000, 0.0000000, 0.0000000, 0.0000000, 0.0000000, 0.0000000, 0.0000000,
 @ pu41 @ 0.0000000, 0.0000000, 0.0000000, 0.0000000, 0.0000000, 0.0000000, 0.0000000,
 @ d    @ 0.0000000, 0.0000000, 0.0000000, 0.0534576, 0.0000000, 0.0000000, 0.0000000,
@-----------------------------------------------------------------------
 ntcell=1,2,3,4,5,6,
 krat= 51,18,9,6,1,36,
 alout=
       0.5882 , 0.1372 , 0.1176 , 0.0000 , 0.0000 , 0.1586,
       0.3888 , 0.3333 , 0.0000 , 0.2222 , 0.0555 , 0.0000,
       0.6666 , 0.0000 , 0.0000 , 0.0000 , 0.0000 , 0.3333,
       0.0000 , 0.6666 , 0.0000 , 0.0000 , 0.3333 , 0.0000,
       0.0000 , 0.5000 , 0.0000 , 0.5000 , 0.0000 , 0.0000,
       0.2222 , 0.0000 , 0.0833 , 0.0000 , 0.0000 , 0.6944,
 material(1)='chmc',
 &end
*h*
*o*
zr
u235
u238
o
n
*c*
al
b-10
c
gd55
gd57
ni
cr
pu39
pu40
pu41
d
****
:burn
 &vvod qv=105.5,dtim=50,
 &end
:corr
 &vvod &end
:corr
 &vvod &end
:fier
 &vvod &end
:macro
 &vvod
  et=10.5e+6,2.15,2.15,0.,
 @nbv=1,1,1,1,1,1,1,1,1,1,1,1,1,1,
 &end
:stop
 ***** end of   file of input data set *******
:poly                                                                           
  rout and rin were constructed
Rout= 0.290, 0.340, 0.480, 0.290, 0.340, 0.480, 0.290, 0.340, 0.480, 0.175,
 0.225, 0.480, 1.000, 1.050, 1.150, 0.390, 0.480,
Rin = 0.000, 0.290, 0.340, 0.000, 0.290, 0.340, 0.000, 0.290, 0.340, 0.000,
 0.175, 0.225, 0.000, 1.000, 1.050, 0.000, 0.390,
  nsos  was constructed
nsos=  1,  3,  4,  2,  3,  4,  5,  3,  4,  5,
  3,  4,  6,  3,  7,  3,  4,
 definition izotr in sos           1:izotr=   5.000000    
 definition izotr in sos           2:izotr=   5.000000    
  *******<< check input data>> programm declare *******
    --undeclared parametr--cefzad  -- programm standart value --cefzad  =  0.100000E+01
  *******<< check input data>> programm declare *******
    --undeclared parametr--bakl    -- programm standart value --bakl    =  0.000000E+00
  *******<< check input data>> programm declare *******
    --undeclared parametr--alin    -- programm standart value --alin    =  0.000000E+00  0.000000E+00
     0.000000E+00  0.000000E+00  0.000000E+00  0.000000E+00  0.000000E+00  0.000000E+00  0.000000E+00
     0.000000E+00  0.000000E+00  0.000000E+00  0.000000E+00  0.000000E+00  0.000000E+00  0.000000E+00
     0.000000E+00  0.000000E+00  0.000000E+00  0.000000E+00  0.000000E+00  0.000000E+00  0.000000E+00
     0.000000E+00  0.000000E+00  0.000000E+00  0.000000E+00  0.000000E+00  0.000000E+00  0.000000E+00
     0.000000E+00  0.000000E+00  0.000000E+00  0.000000E+00  0.000000E+00  0.000000E+00
  *******<< check input data>> programm declare *******
    --undeclared parametr--alcorr  -- programm standart value --alcorr  =  0.100000E+01  0.100000E+01
     0.100000E+01  0.100000E+01  0.100000E+01  0.100000E+01  0.100000E+01  0.100000E+01  0.100000E+01
     0.100000E+01  0.100000E+01  0.100000E+01  0.100000E+01  0.100000E+01  0.100000E+01  0.100000E+01
     0.100000E+01  0.100000E+01  0.100000E+01  0.100000E+01  0.100000E+01  0.100000E+01  0.100000E+01
     0.100000E+01  0.100000E+01  0.100000E+01  0.100000E+01  0.100000E+01  0.100000E+01  0.100000E+01
     0.100000E+01  0.100000E+01  0.100000E+01  0.100000E+01  0.100000E+01  0.100000E+01
  *******<< check input data>> programm declare *******
    --uncorrected definition--alin    --bat programm use this value --alin      0.000000E+00  0.000000E+00
     0.000000E+00  0.000000E+00  0.000000E+00  0.000000E+00  0.000000E+00  0.000000E+00  0.000000E+00
     0.000000E+00  0.000000E+00  0.000000E+00  0.000000E+00  0.000000E+00  0.000000E+00  0.000000E+00
     0.000000E+00  0.000000E+00  0.000000E+00  0.000000E+00  0.000000E+00  0.000000E+00  0.000000E+00
     0.000000E+00  0.000000E+00  0.000000E+00  0.000000E+00  0.000000E+00  0.000000E+00  0.000000E+00
     0.000000E+00  0.000000E+00  0.000000E+00  0.000000E+00  0.000000E+00  0.000000E+00
  *******<< check input data>> programm declare *******
    --uncorrected definition--alout   --bat programm use this value --alout     0.588200E+00  0.137200E+00
     0.117600E+00  0.000000E+00  0.000000E+00  0.158600E+00  0.388800E+00  0.333300E+00  0.000000E+00
     0.222200E+00  0.555000E-01  0.000000E+00  0.666600E+00  0.000000E+00  0.000000E+00  0.000000E+00
     0.000000E+00  0.333300E+00  0.000000E+00  0.666600E+00  0.000000E+00  0.000000E+00  0.333300E+00
     0.000000E+00  0.000000E+00  0.500000E+00  0.000000E+00  0.500000E+00  0.000000E+00  0.000000E+00
     0.222200E+00  0.000000E+00  0.833000E-01  0.000000E+00  0.000000E+00  0.694400E+00
  *******<< check input data>> programm declare *******
    --undeclared parametr--nbv     -- programm standart value --nbv     =    1    1    1    1    1    1
       1    1    1    1    1    1    1    1    1    1    1
  *******<< check input data>> programm declare *******
    --undeclared parametr--et      -- programm standart value --et      =  0.105000E+08  0.215000E+01
     0.215000E+01  0.000000E+00
    ????  storage for pr. getter =     1700 ?? common /rrr/ rab(        0 )  ????
 ------------------------------------------------------------------------------
  backling =  0.0000000E+00
 ------------------------------------------------------------------------------
  number of cells =           6
          cell number    1  number of zone= 3
 << geometry characteristics >>
    geometry of cell- cilindrical index=           2
  kratnost of cell =   51.00000    
  inner radius of cell =  0.0000000E+00
  out square ratio =  0.5882000      0.1372000      0.1176000      0.0000000E+00
  0.0000000E+00  0.1586000    
 ------------------------------------------------------------------------------
 num zone      1           2           3
 radius   0.29000E+00 0.34000E+00 0.48000E+00
 temper   0.65900E+03 0.58300E+03 0.58300E+03
 rez_izot    u238        bad         bad 
 ------------------------------------------------------------------------------
    izotop   /             concentration number of izotops=70
  1 *h*      0.00000E+00 0.00000E+00 0.93644E-02
  2 *o*      0.00000E+00 0.00000E+00 0.31411E-01
  3 zr       0.00000E+00 0.43132E-01 0.00000E+00
  4 u235     0.37101E-02 0.00000E+00 0.00000E+00
  5 u238     0.21024E-01 0.00000E+00 0.00000E+00
  6 o        0.49468E-01 0.00000E+00 0.00000E+00
 19 d        0.00000E+00 0.00000E+00 0.53458E-01
 ------------------------------------------------------------------------------
  number of cells =           6
          cell number    2  number of zone= 3
 << geometry characteristics >>
    geometry of cell- cilindrical index=           2
  kratnost of cell =   18.00000    
  inner radius of cell =  0.0000000E+00
  out square ratio =  0.3888000      0.3333000      0.0000000E+00  0.2222000    
  5.5500001E-02  0.0000000E+00
 ------------------------------------------------------------------------------
 num zone      4           5           6
 radius   0.29000E+00 0.34000E+00 0.48000E+00
 temper   0.59700E+03 0.58300E+03 0.58300E+03
 rez_izot    u238        bad         bad 
 ------------------------------------------------------------------------------
    izotop   /             concentration number of izotops=70
  1 *h*      0.00000E+00 0.00000E+00 0.93644E-02
  2 *o*      0.00000E+00 0.00000E+00 0.31411E-01
  3 zr       0.00000E+00 0.43132E-01 0.00000E+00
  4 u235     0.32154E-02 0.00000E+00 0.00000E+00
  5 u238     0.21519E-01 0.00000E+00 0.00000E+00
  6 o        0.49468E-01 0.00000E+00 0.00000E+00
 19 d        0.00000E+00 0.00000E+00 0.53458E-01
 ------------------------------------------------------------------------------
  number of cells =           6
          cell number    3  number of zone= 3
 << geometry characteristics >>
    geometry of cell- cilindrical index=           2
  kratnost of cell =   9.000000    
  inner radius of cell =  0.0000000E+00
  out square ratio =  0.6666000      0.0000000E+00  0.0000000E+00  0.0000000E+00
  0.0000000E+00  0.3333000    
 ------------------------------------------------------------------------------
 num zone      7           8           9
 radius   0.29000E+00 0.34000E+00 0.48000E+00
 temper   0.58300E+03 0.58300E+03 0.58300E+03
 rez_izot    bad         bad         bad 
 ------------------------------------------------------------------------------
    izotop   /             concentration number of izotops=70
  1 *h*      0.00000E+00 0.00000E+00 0.93644E-02
  2 *o*      0.00000E+00 0.00000E+00 0.31411E-01
  3 zr       0.00000E+00 0.43132E-01 0.00000E+00
  6 o        0.67340E-02 0.00000E+00 0.00000E+00
 12 gd55     0.66440E-03 0.00000E+00 0.00000E+00
 13 gd57     0.70260E-03 0.00000E+00 0.00000E+00
 19 d        0.00000E+00 0.00000E+00 0.53458E-01
 ------------------------------------------------------------------------------
  number of cells =           6
          cell number    4  number of zone= 3
 << geometry characteristics >>
    geometry of cell- cilindrical index=           2
  kratnost of cell =   6.000000    
  inner radius of cell =  0.0000000E+00
  out square ratio =  0.0000000E+00  0.6666000      0.0000000E+00  0.0000000E+00
  0.3333000      0.0000000E+00
 ------------------------------------------------------------------------------
 num zone     10          11          12
 radius   0.17500E+00 0.22500E+00 0.48000E+00
 temper   0.58300E+03 0.58300E+03 0.58300E+03
 rez_izot    bad         bad         bad 
 ------------------------------------------------------------------------------
    izotop   /             concentration number of izotops=70
  1 *h*      0.00000E+00 0.00000E+00 0.93644E-02
  2 *o*      0.00000E+00 0.00000E+00 0.31411E-01
  3 zr       0.00000E+00 0.43132E-01 0.00000E+00
  6 o        0.67340E-02 0.00000E+00 0.00000E+00
 12 gd55     0.66440E-03 0.00000E+00 0.00000E+00
 13 gd57     0.70260E-03 0.00000E+00 0.00000E+00
 19 d        0.00000E+00 0.00000E+00 0.53458E-01
 ------------------------------------------------------------------------------
  number of cells =           6
          cell number    5  number of zone= 3
 << geometry characteristics >>
    geometry of cell- cilindrical index=           2
  kratnost of cell =   1.000000    
  inner radius of cell =  0.0000000E+00
  out square ratio =  0.0000000E+00  0.5000000      0.0000000E+00  0.5000000    
  0.0000000E+00  0.0000000E+00
 ------------------------------------------------------------------------------
 num zone     13          14          15
 radius   0.10000E+01 0.10500E+01 0.11500E+01
 temper   0.58300E+03 0.58300E+03 0.30000E+03
 rez_izot    bad         bad         bad 
 ------------------------------------------------------------------------------
    izotop   /             concentration number of izotops=70
  3 zr       0.00000E+00 0.43132E-01 0.00000E+00
  6 o        0.00000E+00 0.00000E+00 0.37840E-01
  7 n        0.00000E+00 0.00000E+00 0.18920E-01
 10 b-10     0.10346E+00 0.00000E+00 0.00000E+00
 11 c        0.28740E-01 0.00000E+00 0.00000E+00
 ------------------------------------------------------------------------------
  number of cells =           6
          cell number    6  number of zone= 2
 << geometry characteristics >>
    geometry of cell- cilindrical index=           2
  kratnost of cell =   36.00000    
  inner radius of cell =  0.0000000E+00
  out square ratio =  0.2222000      0.0000000E+00  8.3300002E-02  0.0000000E+00
  0.0000000E+00  0.6944000    
 ------------------------------------------------------------------------------
 num zone     16          17
 radius   0.39000E+00 0.48000E+00
 temper   0.58300E+03 0.58300E+03
 rez_izot    bad         bad 
 ------------------------------------------------------------------------------
    izotop   /             concentration number of izotops=70
  1 *h*      0.00000E+00 0.93644E-02
  2 *o*      0.00000E+00 0.31411E-01
  3 zr       0.43132E-01 0.00000E+00
 19 d        0.00000E+00 0.53458E-01
    > CONSYST Program Ver: 98.01 > started at  0: 0: 0:  
    { Manturov G., E-mail: abbn@ippe.rssi.ru}
 
       -------------------------------
 
       CONSYST INPUT DATA READ FROM : cons.dat
       CONSYST PROTOCOL STORED IN   : RESULT
       GMF X-SECTION'S FILE         : OUT
       TEMPORARY FILE               : RAB
       ABBN BASIC DATA SET FROM     : .\get-93\bin\Bnab90.lib
       ABBN MULTIC DATA SET FROM    : .\get-93\bin\Bnabmlt.lib
       ABBN THERMAL DATA SET FROM   : .\get-93\bin\BNABTHM.lib
 
    >>  K-inf(MLT)= 1.32320 Balance= 1.02177 NU= 2.71 FI-Sum=  7.03E+01
    >   Include Thermal Matrix > H(H2O):BNABTHM.BIN   Temp=  500K
    >   Include Thermal Matrix > H(H2O):BNABTHM.BIN   Temp=  600K
    >   Include Thermal Matrix > D(D2O):BNABTHM.BIN   Temp=  500K
    >   Include Thermal Matrix > D(D2O):BNABTHM.BIN   Temp=  600K
    >>  K-inf(MLT)= 1.24539 Balance= 1.02098 NU= 2.71 FI-Sum=  7.40E+01
    >   Include Thermal Matrix > H(H2O):BNABTHM.BIN   Temp=  500K
    >   Include Thermal Matrix > H(H2O):BNABTHM.BIN   Temp=  600K
    >   Include Thermal Matrix > D(D2O):BNABTHM.BIN   Temp=  500K
    >   Include Thermal Matrix > D(D2O):BNABTHM.BIN   Temp=  600K
    >   Include Thermal Matrix > H(H2O):BNABTHM.BIN   Temp=  500K
    >   Include Thermal Matrix > H(H2O):BNABTHM.BIN   Temp=  600K
    >   Include Thermal Matrix > D(D2O):BNABTHM.BIN   Temp=  500K
    >   Include Thermal Matrix > D(D2O):BNABTHM.BIN   Temp=  600K
    >   Include Thermal Matrix > H(H2O):BNABTHM.BIN   Temp=  500K
    >   Include Thermal Matrix > H(H2O):BNABTHM.BIN   Temp=  600K
    >   Include Thermal Matrix > D(D2O):BNABTHM.BIN   Temp=  500K
    >   Include Thermal Matrix > D(D2O):BNABTHM.BIN   Temp=  600K
    >   Include Thermal Matrix > H(H2O):BNABTHM.BIN   Temp=  500K
    >   Include Thermal Matrix > H(H2O):BNABTHM.BIN   Temp=  600K
    >   Include Thermal Matrix > D(D2O):BNABTHM.BIN   Temp=  500K
    >   Include Thermal Matrix > D(D2O):BNABTHM.BIN   Temp=  600K
    > CONSYST finished at  0: 0: 0:  
 therm. calculation avoided
 therm. calculation avoided
 therm. calculation avoided
 therm. calculation avoided
 therm. calculation avoided
 therm. calculation avoided
 therm. calculation avoided
 *************************************************
   ***k(inf)=0.653629     ***k(itt)=0.677920     ***k(integ)=0.653629    ***
   **bakl=  0.0000     **length= 0.10000E+11  ***
   **matr.  alout*alcorr a(k,i)(k=1,ncel) ***
     * 0.58820     0.13720     0.11760      0.0000      0.0000     0.15860    
     * 0.38880     0.33330      0.0000     0.22220     0.55500E-01  0.0000    
     * 0.66660      0.0000      0.0000      0.0000      0.0000     0.33330    
     *  0.0000     0.66660      0.0000      0.0000     0.33330      0.0000    
     *  0.0000     0.50000      0.0000     0.50000      0.0000      0.0000    
     * 0.22220      0.0000     0.83300E-01  0.0000      0.0000     0.69440    
 lokal kner      in cell ,ru=           1=   1.072961       1.066229    
 lokal kner      in cell ,ru=           2=  0.7932770      0.8123521    
 lokal kner      in cell ,ru=           3=  0.0000000E+00  0.6461077    
 lokal kner      in cell ,ru=           4=  0.0000000E+00  0.1535111    
 lokal kner      in cell ,ru=           5=  0.0000000E+00   9.634736    
 lokal kner      in cell ,ru=           6=  0.0000000E+00  4.3285944E-02
:burn                                                                           
 *** average burn up =   2.6716     (mbt*day)/(kg hm)
    > CONSYST Program Ver: 98.01 > started at  0: 0: 0:  
    { Manturov G., E-mail: abbn@ippe.rssi.ru}
 
       -------------------------------
 
       CONSYST INPUT DATA READ FROM : cons.dat
       CONSYST PROTOCOL STORED IN   : RESULT
       GMF X-SECTION'S FILE         : OUT
       TEMPORARY FILE               : RAB
       ABBN BASIC DATA SET FROM     : .\get-93\bin\Bnab90.lib
       ABBN MULTIC DATA SET FROM    : .\get-93\bin\Bnabmlt.lib
       ABBN THERMAL DATA SET FROM   : .\get-93\bin\BNABTHM.lib
 
    >>  K-inf(MLT)= 1.31688 Balance= 1.02160 NU= 2.71 FI-Sum=  7.07E+01
    >   Include Thermal Matrix > H(H2O):BNABTHM.BIN   Temp=  500K
    >   Include Thermal Matrix > H(H2O):BNABTHM.BIN   Temp=  600K
    >   Include Thermal Matrix > D(D2O):BNABTHM.BIN   Temp=  500K
    >   Include Thermal Matrix > D(D2O):BNABTHM.BIN   Temp=  600K
    >>  K-inf(MLT)= 1.24105 Balance= 1.02081 NU= 2.71 FI-Sum=  7.42E+01
    >   Include Thermal Matrix > H(H2O):BNABTHM.BIN   Temp=  500K
    >   Include Thermal Matrix > H(H2O):BNABTHM.BIN   Temp=  600K
    >   Include Thermal Matrix > D(D2O):BNABTHM.BIN   Temp=  500K
    >   Include Thermal Matrix > D(D2O):BNABTHM.BIN   Temp=  600K
    >   Include Thermal Matrix > H(H2O):BNABTHM.BIN   Temp=  500K
    >   Include Thermal Matrix > H(H2O):BNABTHM.BIN   Temp=  600K
    >   Include Thermal Matrix > D(D2O):BNABTHM.BIN   Temp=  500K
    >   Include Thermal Matrix > D(D2O):BNABTHM.BIN   Temp=  600K
    >   Include Thermal Matrix > H(H2O):BNABTHM.BIN   Temp=  500K
    >   Include Thermal Matrix > H(H2O):BNABTHM.BIN   Temp=  600K
    >   Include Thermal Matrix > D(D2O):BNABTHM.BIN   Temp=  500K
    >   Include Thermal Matrix > D(D2O):BNABTHM.BIN   Temp=  600K
    >   Include Thermal Matrix > H(H2O):BNABTHM.BIN   Temp=  500K
    >   Include Thermal Matrix > H(H2O):BNABTHM.BIN   Temp=  600K
    >   Include Thermal Matrix > D(D2O):BNABTHM.BIN   Temp=  500K
    >   Include Thermal Matrix > D(D2O):BNABTHM.BIN   Temp=  600K
    > CONSYST finished at  0: 0: 0:  
 therm. calculation avoided
 therm. calculation avoided
 therm. calculation avoided
 therm. calculation avoided
 therm. calculation avoided
 therm. calculation avoided
 therm. calculation avoided
 therm. calculation avoided
 *************************************************
   ***k(inf)=0.646655     ***k(itt)=0.670705     ***k(integ)=0.646655    ***
   **bakl=  0.0000     **length= 0.10000E+11  ***
   **matr.  alout*alcorr a(k,i)(k=1,ncel) ***
     * 0.58820     0.13720     0.11760      0.0000      0.0000     0.15860    
     * 0.38880     0.33330      0.0000     0.22220     0.55500E-01  0.0000    
     * 0.66660      0.0000      0.0000      0.0000      0.0000     0.33330    
     *  0.0000     0.66660      0.0000      0.0000     0.33330      0.0000    
     *  0.0000     0.50000      0.0000     0.50000      0.0000      0.0000    
     * 0.22220      0.0000     0.83300E-01  0.0000      0.0000     0.69440    
 lokal kner      in cell ,ru=           1=   1.072240       1.066325    
 lokal kner      in cell ,ru=           2=  0.7953194      0.8120779    
 lokal kner      in cell ,ru=           3=  0.0000000E+00  0.6118693    
 lokal kner      in cell ,ru=           4=  0.0000000E+00  0.1466659    
 lokal kner      in cell ,ru=           5=  0.0000000E+00   9.573718    
 lokal kner      in cell ,ru=           6=  0.0000000E+00  4.3089475E-02
:corr                                                                           
 ------------------------------------------------------------------------------
  backling =  0.0000000E+00
 ------------------------------------------------------------------------------
  number of cells =           6
          cell number    1  number of zone= 3
 << geometry characteristics >>
    geometry of cell- cilindrical index=           2
  kratnost of cell =   51.00000    
  inner radius of cell =  0.0000000E+00
  out square ratio =  0.5882000      0.1372000      0.1176000      0.0000000E+00
  0.0000000E+00  0.1586000    
 ------------------------------------------------------------------------------
 num zone      1           2           3
 radius   0.29000E+00 0.34000E+00 0.48000E+00
 temper   0.65900E+03 0.58300E+03 0.58300E+03
 rez_izot    u238        bad         bad 
 ------------------------------------------------------------------------------
    izotop   /             concentration number of izotops=70
  1 *h*      0.00000E+00 0.00000E+00 0.93644E-02
  2 *o*      0.00000E+00 0.00000E+00 0.31411E-01
  3 zr       0.00000E+00 0.43132E-01 0.00000E+00
  4 u235     0.36165E-02 0.00000E+00 0.00000E+00
  5 u238     0.20976E-01 0.00000E+00 0.00000E+00
  6 o        0.49468E-01 0.00000E+00 0.00000E+00
 12 gd55     0.28528E-09 0.00000E+00 0.00000E+00
 13 gd57     0.53785E-08 0.00000E+00 0.00000E+00
 16 pu39     0.39212E-04 0.00000E+00 0.00000E+00
 17 pu40     0.33939E-06 0.00000E+00 0.00000E+00
 18 pu41     0.17968E-07 0.00000E+00 0.00000E+00
 19 d        0.00000E+00 0.00000E+00 0.53458E-01
 22 u236     0.25143E-04 0.00000E+00 0.00000E+00
 23 slag     0.31204E-04 0.00000E+00 0.00000E+00
 24 tc99     0.45227E-05 0.00000E+00 0.00000E+00
 25 rh03     0.24749E-05 0.00000E+00 0.00000E+00
 26 ag09     0.34634E-07 0.00000E+00 0.00000E+00
 27 cd13     0.88842E-08 0.00000E+00 0.00000E+00
 28 xe35     0.47391E-07 0.00000E+00 0.00000E+00
 29 sm49     0.70507E-06 0.00000E+00 0.00000E+00
 30 sm51     0.31429E-06 0.00000E+00 0.00000E+00
 31 eu55     0.24482E-07 0.00000E+00 0.00000E+00
 32 gd56     0.13986E-07 0.00000E+00 0.00000E+00
 33 np37     0.16447E-06 0.00000E+00 0.00000E+00
 34 np39     0.29111E-05 0.00000E+00 0.00000E+00
 35 pu38     0.18094E-08 0.00000E+00 0.00000E+00
 36 pu42     0.50200E-10 0.00000E+00 0.00000E+00
 37 am41     0.27741E-10 0.00000E+00 0.00000E+00
 38 am2m     0.28804E-13 0.00000E+00 0.00000E+00
 39 am43     0.33301E-12 0.00000E+00 0.00000E+00
 40 cm42     0.19887E-12 0.00000E+00 0.00000E+00
 41 cm44     0.33003E-14 0.00000E+00 0.00000E+00
 42 cm45     0.96815E-17 0.00000E+00 0.00000E+00
 47 sm52     0.22252E-06 0.00000E+00 0.00000E+00
 48 xe31     0.20410E-05 0.00000E+00 0.00000E+00
 49 cs33     0.49382E-05 0.00000E+00 0.00000E+00
 50 nd45     0.28732E-05 0.00000E+00 0.00000E+00
 51 nd43     0.42990E-05 0.00000E+00 0.00000E+00
 52 pm47     0.16272E-05 0.00000E+00 0.00000E+00
 53 mo95     0.47200E-05 0.00000E+00 0.00000E+00
 54 cs34     0.37146E-07 0.00000E+00 0.00000E+00
 55 pr41     0.43364E-05 0.00000E+00 0.00000E+00
 56 pm48     0.83441E-08 0.00000E+00 0.00000E+00
 57 pm8m     0.20452E-07 0.00000E+00 0.00000E+00
 58 rh05     0.37491E-07 0.00000E+00 0.00000E+00
 59 pm49     0.59135E-07 0.00000E+00 0.00000E+00
 60 kr83     0.38725E-06 0.00000E+00 0.00000E+00
 61 ru01     0.37395E-05 0.00000E+00 0.00000E+00
 62 pd05     0.81725E-06 0.00000E+00 0.00000E+00
 63 cs35     0.42946E-05 0.00000E+00 0.00000E+00
 64 sm50     0.13175E-06 0.00000E+00 0.00000E+00
 65 eu51     0.57318E-09 0.00000E+00 0.00000E+00
 66 eu53     0.11089E-07 0.00000E+00 0.00000E+00
 67 eu54     0.23382E-09 0.00000E+00 0.00000E+00
 68 gd54     0.65988E-12 0.00000E+00 0.00000E+00
 69 am42     0.25403E-13 0.00000E+00 0.00000E+00
 70 cm43     0.26257E-15 0.00000E+00 0.00000E+00
 ------------------------------------------------------------------------------
  number of cells =           6
          cell number    2  number of zone= 3
 << geometry characteristics >>
    geometry of cell- cilindrical index=           2
  kratnost of cell =   18.00000    
  inner radius of cell =  0.0000000E+00
  out square ratio =  0.3888000      0.3333000      0.0000000E+00  0.2222000    
  5.5500001E-02  0.0000000E+00
 ------------------------------------------------------------------------------
 num zone      4           5           6
 radius   0.29000E+00 0.34000E+00 0.48000E+00
 temper   0.59700E+03 0.58300E+03 0.58300E+03
 rez_izot    u238        bad         bad 
 ------------------------------------------------------------------------------
    izotop   /             concentration number of izotops=70
  1 *h*      0.00000E+00 0.00000E+00 0.93644E-02
  2 *o*      0.00000E+00 0.00000E+00 0.31411E-01
  3 zr       0.00000E+00 0.43132E-01 0.00000E+00
  4 u235     0.31481E-02 0.00000E+00 0.00000E+00
  5 u238     0.21478E-01 0.00000E+00 0.00000E+00
  6 o        0.49468E-01 0.00000E+00 0.00000E+00
 12 gd55     0.22643E-09 0.00000E+00 0.00000E+00
 13 gd57     0.43294E-08 0.00000E+00 0.00000E+00
 16 pu39     0.32673E-04 0.00000E+00 0.00000E+00
 17 pu40     0.23050E-06 0.00000E+00 0.00000E+00
 18 pu41     0.96878E-08 0.00000E+00 0.00000E+00
 19 d        0.00000E+00 0.00000E+00 0.53458E-01
 22 u236     0.17948E-04 0.00000E+00 0.00000E+00
 23 slag     0.22853E-04 0.00000E+00 0.00000E+00
 24 tc99     0.33410E-05 0.00000E+00 0.00000E+00
 25 rh03     0.18674E-05 0.00000E+00 0.00000E+00
 26 ag09     0.26443E-07 0.00000E+00 0.00000E+00
 27 cd13     0.71903E-08 0.00000E+00 0.00000E+00
 28 xe35     0.35615E-07 0.00000E+00 0.00000E+00
 29 sm49     0.54626E-06 0.00000E+00 0.00000E+00
 30 sm51     0.23936E-06 0.00000E+00 0.00000E+00
 31 eu55     0.19429E-07 0.00000E+00 0.00000E+00
 32 gd56     0.98623E-08 0.00000E+00 0.00000E+00
 33 np37     0.94164E-07 0.00000E+00 0.00000E+00
 34 np39     0.24155E-05 0.00000E+00 0.00000E+00
 35 pu38     0.83892E-09 0.00000E+00 0.00000E+00
 36 pu42     0.21828E-10 0.00000E+00 0.00000E+00
 37 am41     0.14952E-10 0.00000E+00 0.00000E+00
 38 am2m     0.12548E-13 0.00000E+00 0.00000E+00
 39 am43     0.11827E-12 0.00000E+00 0.00000E+00
 40 cm42     0.86320E-13 0.00000E+00 0.00000E+00
 41 cm44     0.95828E-15 0.00000E+00 0.00000E+00
 42 cm45     0.22377E-17 0.00000E+00 0.00000E+00
 47 sm52     0.16599E-06 0.00000E+00 0.00000E+00
 48 xe31     0.15161E-05 0.00000E+00 0.00000E+00
 49 cs33     0.36456E-05 0.00000E+00 0.00000E+00
 50 nd45     0.21224E-05 0.00000E+00 0.00000E+00
 51 nd43     0.31602E-05 0.00000E+00 0.00000E+00
 52 pm47     0.12126E-05 0.00000E+00 0.00000E+00
 53 mo95     0.34713E-05 0.00000E+00 0.00000E+00
 54 cs34     0.21870E-07 0.00000E+00 0.00000E+00
 55 pr41     0.32113E-05 0.00000E+00 0.00000E+00
 56 pm48     0.49247E-08 0.00000E+00 0.00000E+00
 57 pm8m     0.12220E-07 0.00000E+00 0.00000E+00
 58 rh05     0.28936E-07 0.00000E+00 0.00000E+00
 59 pm49     0.44269E-07 0.00000E+00 0.00000E+00
 60 kr83     0.28437E-06 0.00000E+00 0.00000E+00
 61 ru01     0.27609E-05 0.00000E+00 0.00000E+00
 62 pd05     0.63248E-06 0.00000E+00 0.00000E+00
 63 cs35     0.32236E-05 0.00000E+00 0.00000E+00
 64 sm50     0.79786E-07 0.00000E+00 0.00000E+00
 65 eu51     0.32456E-09 0.00000E+00 0.00000E+00
 66 eu53     0.66152E-08 0.00000E+00 0.00000E+00
 67 eu54     0.11335E-09 0.00000E+00 0.00000E+00
 68 gd54     0.31977E-12 0.00000E+00 0.00000E+00
 69 am42     0.11044E-13 0.00000E+00 0.00000E+00
 70 cm43     0.92978E-16 0.00000E+00 0.00000E+00
 ------------------------------------------------------------------------------
  number of cells =           6
          cell number    3  number of zone= 3
 << geometry characteristics >>
    geometry of cell- cilindrical index=           2
  kratnost of cell =   9.000000    
  inner radius of cell =  0.0000000E+00
  out square ratio =  0.6666000      0.0000000E+00  0.0000000E+00  0.0000000E+00
  0.0000000E+00  0.3333000    
 ------------------------------------------------------------------------------
 num zone      7           8           9
 radius   0.29000E+00 0.34000E+00 0.48000E+00
 temper   0.58300E+03 0.58300E+03 0.58300E+03
 rez_izot    bad         bad         bad 
 ------------------------------------------------------------------------------
    izotop   /             concentration number of izotops=70
  1 *h*      0.00000E+00 0.00000E+00 0.93644E-02
  2 *o*      0.00000E+00 0.00000E+00 0.31411E-01
  3 zr       0.00000E+00 0.43132E-01 0.00000E+00
  6 o        0.67340E-02 0.00000E+00 0.00000E+00
 12 gd55     0.62240E-03 0.00000E+00 0.00000E+00
 13 gd57     0.66118E-03 0.00000E+00 0.00000E+00
 19 d        0.00000E+00 0.00000E+00 0.53458E-01
 23 slag     0.41598E-04 0.00000E+00 0.00000E+00
 32 gd56     0.41821E-04 0.00000E+00 0.00000E+00
 ------------------------------------------------------------------------------
  number of cells =           6
          cell number    4  number of zone= 3
 << geometry characteristics >>
    geometry of cell- cilindrical index=           2
  kratnost of cell =   6.000000    
  inner radius of cell =  0.0000000E+00
  out square ratio =  0.0000000E+00  0.6666000      0.0000000E+00  0.0000000E+00
  0.3333000      0.0000000E+00
 ------------------------------------------------------------------------------
 num zone     10          11          12
 radius   0.17500E+00 0.22500E+00 0.48000E+00
 temper   0.58300E+03 0.58300E+03 0.58300E+03
 rez_izot    bad         bad         bad 
 ------------------------------------------------------------------------------
    izotop   /             concentration number of izotops=70
  1 *h*      0.00000E+00 0.00000E+00 0.93644E-02
  2 *o*      0.00000E+00 0.00000E+00 0.31411E-01
  3 zr       0.00000E+00 0.43132E-01 0.00000E+00
  6 o        0.67340E-02 0.00000E+00 0.00000E+00
 12 gd55     0.63845E-03 0.00000E+00 0.00000E+00
 13 gd57     0.67514E-03 0.00000E+00 0.00000E+00
 19 d        0.00000E+00 0.00000E+00 0.53458E-01
 23 slag     0.27524E-04 0.00000E+00 0.00000E+00
 32 gd56     0.25888E-04 0.00000E+00 0.00000E+00
 ------------------------------------------------------------------------------
  number of cells =           6
          cell number    5  number of zone= 3
 << geometry characteristics >>
    geometry of cell- cilindrical index=           2
  kratnost of cell =   1.000000    
  inner radius of cell =  0.0000000E+00
  out square ratio =  0.0000000E+00  0.5000000      0.0000000E+00  0.5000000    
  0.0000000E+00  0.0000000E+00
 ------------------------------------------------------------------------------
 num zone     13          14          15
 radius   0.10000E+01 0.10500E+01 0.11500E+01
 temper   0.58300E+03 0.58300E+03 0.30000E+03
 rez_izot    bad         bad         bad 
 ------------------------------------------------------------------------------
    izotop   /             concentration number of izotops=70
  3 zr       0.00000E+00 0.43132E-01 0.00000E+00
  6 o        0.00000E+00 0.00000E+00 0.37840E-01
  7 n        0.00000E+00 0.00000E+00 0.18920E-01
 10 b-10     0.10283E+00 0.00000E+00 0.00000E+00
 11 c        0.28740E-01 0.00000E+00 0.00000E+00
 ------------------------------------------------------------------------------
  number of cells =           6
          cell number    6  number of zone= 2
 << geometry characteristics >>
    geometry of cell- cilindrical index=           2
  kratnost of cell =   36.00000    
  inner radius of cell =  0.0000000E+00
  out square ratio =  0.2222000      0.0000000E+00  8.3300002E-02  0.0000000E+00
  0.0000000E+00  0.6944000    
 ------------------------------------------------------------------------------
 num zone     16          17
 radius   0.39000E+00 0.48000E+00
 temper   0.58300E+03 0.58300E+03
 rez_izot    bad         bad 
 ------------------------------------------------------------------------------
    izotop   /             concentration number of izotops=70
  1 *h*      0.00000E+00 0.93644E-02
  2 *o*      0.00000E+00 0.31411E-01
  3 zr       0.43132E-01 0.00000E+00
 19 d        0.00000E+00 0.53458E-01
:corr                                                                           
 ------------------------------------------------------------------------------
  backling =  0.0000000E+00
 ------------------------------------------------------------------------------
  number of cells =           6
          cell number    1  number of zone= 3
 << geometry characteristics >>
    geometry of cell- cilindrical index=           2
  kratnost of cell =   51.00000    
  inner radius of cell =  0.0000000E+00
  out square ratio =  0.5882000      0.1372000      0.1176000      0.0000000E+00
  0.0000000E+00  0.1586000    
 ------------------------------------------------------------------------------
 num zone      1           2           3
 radius   0.29000E+00 0.34000E+00 0.48000E+00
 temper   0.65900E+03 0.58300E+03 0.58300E+03
 rez_izot    u238        bad         bad 
 ------------------------------------------------------------------------------
    izotop   /             concentration number of izotops=70
  1 *h*      0.00000E+00 0.00000E+00 0.93644E-02
  2 *o*      0.00000E+00 0.00000E+00 0.31411E-01
  3 zr       0.00000E+00 0.43132E-01 0.00000E+00
  4 u235     0.36165E-02 0.00000E+00 0.00000E+00
  5 u238     0.20976E-01 0.00000E+00 0.00000E+00
  6 o        0.49468E-01 0.00000E+00 0.00000E+00
 12 gd55     0.28528E-09 0.00000E+00 0.00000E+00
 13 gd57     0.53785E-08 0.00000E+00 0.00000E+00
 16 pu39     0.39212E-04 0.00000E+00 0.00000E+00
 17 pu40     0.33939E-06 0.00000E+00 0.00000E+00
 18 pu41     0.17968E-07 0.00000E+00 0.00000E+00
 19 d        0.00000E+00 0.00000E+00 0.53458E-01
 22 u236     0.25143E-04 0.00000E+00 0.00000E+00
 23 slag     0.31204E-04 0.00000E+00 0.00000E+00
 24 tc99     0.45227E-05 0.00000E+00 0.00000E+00
 25 rh03     0.24749E-05 0.00000E+00 0.00000E+00
 26 ag09     0.34634E-07 0.00000E+00 0.00000E+00
 27 cd13     0.88842E-08 0.00000E+00 0.00000E+00
 28 xe35     0.47391E-07 0.00000E+00 0.00000E+00
 29 sm49     0.70507E-06 0.00000E+00 0.00000E+00
 30 sm51     0.31429E-06 0.00000E+00 0.00000E+00
 31 eu55     0.24482E-07 0.00000E+00 0.00000E+00
 32 gd56     0.13986E-07 0.00000E+00 0.00000E+00
 33 np37     0.16447E-06 0.00000E+00 0.00000E+00
 34 np39     0.29111E-05 0.00000E+00 0.00000E+00
 35 pu38     0.18094E-08 0.00000E+00 0.00000E+00
 36 pu42     0.50200E-10 0.00000E+00 0.00000E+00
 37 am41     0.27741E-10 0.00000E+00 0.00000E+00
 38 am2m     0.28804E-13 0.00000E+00 0.00000E+00
 39 am43     0.33301E-12 0.00000E+00 0.00000E+00
 40 cm42     0.19887E-12 0.00000E+00 0.00000E+00
 41 cm44     0.33003E-14 0.00000E+00 0.00000E+00
 42 cm45     0.96815E-17 0.00000E+00 0.00000E+00
 47 sm52     0.22252E-06 0.00000E+00 0.00000E+00
 48 xe31     0.20410E-05 0.00000E+00 0.00000E+00
 49 cs33     0.49382E-05 0.00000E+00 0.00000E+00
 50 nd45     0.28732E-05 0.00000E+00 0.00000E+00
 51 nd43     0.42990E-05 0.00000E+00 0.00000E+00
 52 pm47     0.16272E-05 0.00000E+00 0.00000E+00
 53 mo95     0.47200E-05 0.00000E+00 0.00000E+00
 54 cs34     0.37146E-07 0.00000E+00 0.00000E+00
 55 pr41     0.43364E-05 0.00000E+00 0.00000E+00
 56 pm48     0.83441E-08 0.00000E+00 0.00000E+00
 57 pm8m     0.20452E-07 0.00000E+00 0.00000E+00
 58 rh05     0.37491E-07 0.00000E+00 0.00000E+00
 59 pm49     0.59135E-07 0.00000E+00 0.00000E+00
 60 kr83     0.38725E-06 0.00000E+00 0.00000E+00
 61 ru01     0.37395E-05 0.00000E+00 0.00000E+00
 62 pd05     0.81725E-06 0.00000E+00 0.00000E+00
 63 cs35     0.42946E-05 0.00000E+00 0.00000E+00
 64 sm50     0.13175E-06 0.00000E+00 0.00000E+00
 65 eu51     0.57318E-09 0.00000E+00 0.00000E+00
 66 eu53     0.11089E-07 0.00000E+00 0.00000E+00
 67 eu54     0.23382E-09 0.00000E+00 0.00000E+00
 68 gd54     0.65988E-12 0.00000E+00 0.00000E+00
 69 am42     0.25403E-13 0.00000E+00 0.00000E+00
 70 cm43     0.26257E-15 0.00000E+00 0.00000E+00
 ------------------------------------------------------------------------------
  number of cells =           6
          cell number    2  number of zone= 3
 << geometry characteristics >>
    geometry of cell- cilindrical index=           2
  kratnost of cell =   18.00000    
  inner radius of cell =  0.0000000E+00
  out square ratio =  0.3888000      0.3333000      0.0000000E+00  0.2222000    
  5.5500001E-02  0.0000000E+00
 ------------------------------------------------------------------------------
 num zone      4           5           6
 radius   0.29000E+00 0.34000E+00 0.48000E+00
 temper   0.59700E+03 0.58300E+03 0.58300E+03
 rez_izot    u238        bad         bad 
 ------------------------------------------------------------------------------
    izotop   /             concentration number of izotops=70
  1 *h*      0.00000E+00 0.00000E+00 0.93644E-02
  2 *o*      0.00000E+00 0.00000E+00 0.31411E-01
  3 zr       0.00000E+00 0.43132E-01 0.00000E+00
  4 u235     0.31481E-02 0.00000E+00 0.00000E+00
  5 u238     0.21478E-01 0.00000E+00 0.00000E+00
  6 o        0.49468E-01 0.00000E+00 0.00000E+00
 12 gd55     0.22643E-09 0.00000E+00 0.00000E+00
 13 gd57     0.43294E-08 0.00000E+00 0.00000E+00
 16 pu39     0.32673E-04 0.00000E+00 0.00000E+00
 17 pu40     0.23050E-06 0.00000E+00 0.00000E+00
 18 pu41     0.96878E-08 0.00000E+00 0.00000E+00
 19 d        0.00000E+00 0.00000E+00 0.53458E-01
 22 u236     0.17948E-04 0.00000E+00 0.00000E+00
 23 slag     0.22853E-04 0.00000E+00 0.00000E+00
 24 tc99     0.33410E-05 0.00000E+00 0.00000E+00
 25 rh03     0.18674E-05 0.00000E+00 0.00000E+00
 26 ag09     0.26443E-07 0.00000E+00 0.00000E+00
 27 cd13     0.71903E-08 0.00000E+00 0.00000E+00
 28 xe35     0.35615E-07 0.00000E+00 0.00000E+00
 29 sm49     0.54626E-06 0.00000E+00 0.00000E+00
 30 sm51     0.23936E-06 0.00000E+00 0.00000E+00
 31 eu55     0.19429E-07 0.00000E+00 0.00000E+00
 32 gd56     0.98623E-08 0.00000E+00 0.00000E+00
 33 np37     0.94164E-07 0.00000E+00 0.00000E+00
 34 np39     0.24155E-05 0.00000E+00 0.00000E+00
 35 pu38     0.83892E-09 0.00000E+00 0.00000E+00
 36 pu42     0.21828E-10 0.00000E+00 0.00000E+00
 37 am41     0.14952E-10 0.00000E+00 0.00000E+00
 38 am2m     0.12548E-13 0.00000E+00 0.00000E+00
 39 am43     0.11827E-12 0.00000E+00 0.00000E+00
 40 cm42     0.86320E-13 0.00000E+00 0.00000E+00
 41 cm44     0.95828E-15 0.00000E+00 0.00000E+00
 42 cm45     0.22377E-17 0.00000E+00 0.00000E+00
 47 sm52     0.16599E-06 0.00000E+00 0.00000E+00
 48 xe31     0.15161E-05 0.00000E+00 0.00000E+00
 49 cs33     0.36456E-05 0.00000E+00 0.00000E+00
 50 nd45     0.21224E-05 0.00000E+00 0.00000E+00
 51 nd43     0.31602E-05 0.00000E+00 0.00000E+00
 52 pm47     0.12126E-05 0.00000E+00 0.00000E+00
 53 mo95     0.34713E-05 0.00000E+00 0.00000E+00
 54 cs34     0.21870E-07 0.00000E+00 0.00000E+00
 55 pr41     0.32113E-05 0.00000E+00 0.00000E+00
 56 pm48     0.49247E-08 0.00000E+00 0.00000E+00
 57 pm8m     0.12220E-07 0.00000E+00 0.00000E+00
 58 rh05     0.28936E-07 0.00000E+00 0.00000E+00
 59 pm49     0.44269E-07 0.00000E+00 0.00000E+00
 60 kr83     0.28437E-06 0.00000E+00 0.00000E+00
 61 ru01     0.27609E-05 0.00000E+00 0.00000E+00
 62 pd05     0.63248E-06 0.00000E+00 0.00000E+00
 63 cs35     0.32236E-05 0.00000E+00 0.00000E+00
 64 sm50     0.79786E-07 0.00000E+00 0.00000E+00
 65 eu51     0.32456E-09 0.00000E+00 0.00000E+00
 66 eu53     0.66152E-08 0.00000E+00 0.00000E+00
 67 eu54     0.11335E-09 0.00000E+00 0.00000E+00
 68 gd54     0.31977E-12 0.00000E+00 0.00000E+00
 69 am42     0.11044E-13 0.00000E+00 0.00000E+00
 70 cm43     0.92978E-16 0.00000E+00 0.00000E+00
 ------------------------------------------------------------------------------
  number of cells =           6
          cell number    3  number of zone= 3
 << geometry characteristics >>
    geometry of cell- cilindrical index=           2
  kratnost of cell =   9.000000    
  inner radius of cell =  0.0000000E+00
  out square ratio =  0.6666000      0.0000000E+00  0.0000000E+00  0.0000000E+00
  0.0000000E+00  0.3333000    
 ------------------------------------------------------------------------------
 num zone      7           8           9
 radius   0.29000E+00 0.34000E+00 0.48000E+00
 temper   0.58300E+03 0.58300E+03 0.58300E+03
 rez_izot    bad         bad         bad 
 ------------------------------------------------------------------------------
    izotop   /             concentration number of izotops=70
  1 *h*      0.00000E+00 0.00000E+00 0.93644E-02
  2 *o*      0.00000E+00 0.00000E+00 0.31411E-01
  3 zr       0.00000E+00 0.43132E-01 0.00000E+00
  6 o        0.67340E-02 0.00000E+00 0.00000E+00
 12 gd55     0.62240E-03 0.00000E+00 0.00000E+00
 13 gd57     0.66118E-03 0.00000E+00 0.00000E+00
 19 d        0.00000E+00 0.00000E+00 0.53458E-01
 23 slag     0.41598E-04 0.00000E+00 0.00000E+00
 32 gd56     0.41821E-04 0.00000E+00 0.00000E+00
 ------------------------------------------------------------------------------
  number of cells =           6
          cell number    4  number of zone= 3
 << geometry characteristics >>
    geometry of cell- cilindrical index=           2
  kratnost of cell =   6.000000    
  inner radius of cell =  0.0000000E+00
  out square ratio =  0.0000000E+00  0.6666000      0.0000000E+00  0.0000000E+00
  0.3333000      0.0000000E+00
 ------------------------------------------------------------------------------
 num zone     10          11          12
 radius   0.17500E+00 0.22500E+00 0.48000E+00
 temper   0.58300E+03 0.58300E+03 0.58300E+03
 rez_izot    bad         bad         bad 
 ------------------------------------------------------------------------------
    izotop   /             concentration number of izotops=70
  1 *h*      0.00000E+00 0.00000E+00 0.93644E-02
  2 *o*      0.00000E+00 0.00000E+00 0.31411E-01
  3 zr       0.00000E+00 0.43132E-01 0.00000E+00
  6 o        0.67340E-02 0.00000E+00 0.00000E+00
 12 gd55     0.63845E-03 0.00000E+00 0.00000E+00
 13 gd57     0.67514E-03 0.00000E+00 0.00000E+00
 19 d        0.00000E+00 0.00000E+00 0.53458E-01
 23 slag     0.27524E-04 0.00000E+00 0.00000E+00
 32 gd56     0.25888E-04 0.00000E+00 0.00000E+00
 ------------------------------------------------------------------------------
  number of cells =           6
          cell number    5  number of zone= 3
 << geometry characteristics >>
    geometry of cell- cilindrical index=           2
  kratnost of cell =   1.000000    
  inner radius of cell =  0.0000000E+00
  out square ratio =  0.0000000E+00  0.5000000      0.0000000E+00  0.5000000    
  0.0000000E+00  0.0000000E+00
 ------------------------------------------------------------------------------
 num zone     13          14          15
 radius   0.10000E+01 0.10500E+01 0.11500E+01
 temper   0.58300E+03 0.58300E+03 0.30000E+03
 rez_izot    bad         bad         bad 
 ------------------------------------------------------------------------------
    izotop   /             concentration number of izotops=70
  3 zr       0.00000E+00 0.43132E-01 0.00000E+00
  6 o        0.00000E+00 0.00000E+00 0.37840E-01
  7 n        0.00000E+00 0.00000E+00 0.18920E-01
 10 b-10     0.10283E+00 0.00000E+00 0.00000E+00
 11 c        0.28740E-01 0.00000E+00 0.00000E+00
 ------------------------------------------------------------------------------
  number of cells =           6
          cell number    6  number of zone= 2
 << geometry characteristics >>
    geometry of cell- cilindrical index=           2
  kratnost of cell =   36.00000    
  inner radius of cell =  0.0000000E+00
  out square ratio =  0.2222000      0.0000000E+00  8.3300002E-02  0.0000000E+00
  0.0000000E+00  0.6944000    
 ------------------------------------------------------------------------------
 num zone     16          17
 radius   0.39000E+00 0.48000E+00
 temper   0.58300E+03 0.58300E+03
 rez_izot    bad         bad 
 ------------------------------------------------------------------------------
    izotop   /             concentration number of izotops=70
  1 *h*      0.00000E+00 0.93644E-02
  2 *o*      0.00000E+00 0.31411E-01
  3 zr       0.43132E-01 0.00000E+00
 19 d        0.00000E+00 0.53458E-01
:fier                                                                           
 condensation boundary was changed from  0.21500E+01 to  0.21544E+01
*** 4 *** ;egr=  2.1544    
    keff         nu           mu           fi           teta
  0.64665       1.8642       5.6508      0.92263E-01  0.66535    
 s0z(n)=   0.9131845      0.0000000E+00  0.0000000E+00  0.9059165    
  0.0000000E+00  0.0000000E+00  0.0000000E+00  0.0000000E+00  0.0000000E+00
  0.0000000E+00  0.0000000E+00  0.0000000E+00  0.0000000E+00  0.0000000E+00
  0.0000000E+00  0.0000000E+00  0.0000000E+00
:macro                                                                          
 condensation boundary was changed from  0.21500E+01 to  0.21544E+01
 condensation boundary was changed from  0.21500E+01 to  0.21544E+01
    -------------------------------------------------------------------------------
    * n group   * e(i)        * e(i+1)      *spect neutron fission  *
          1       0.10500E+08    2.1544           0.99901    
          2        2.1544        0.0000           0.13597E-08
    *******************************************************************************
                                       **    macro cross section    **
    *******************************************************************************
    ** n zone    1 vzone=  91.013     /  1  2  3  4  5  6  7  8  9 10 11 12 13 14 15 16 17
*grp*flux 1/cm2c  * stotal      * sabs        * sfis.       * nu$sfis.    * 1/3*strans  *1/aver.veloci*aver power
  1  0.6308132     0.3911336     0.1634511E-01 0.3854019E-02 0.9580276E-02  1.118111     0.1033498E-05 0.5861248     0.8207224    
  2  0.9891128E-02 0.4287556     0.1059676     0.5369063E-01 0.1314346     0.8709645     0.9160503E-06  1.240327     0.1792776    
                                       * matric. scat.cross. sec. from i to j  *
       i / j -->            1           2
       i        1 0.3731361     0.1652930E-02
       i        2 0.6849972E-04 0.3227192    
:stop                                                                           
