 *****          file of input data set *******
                                                                                                                        
:poly
 &vvod
 @ 1 tvel  cell@   rcel(1,1)=0.29,0.34,0.48,
                   ncelsos(1,1)=1,3,4
 @ 2 tvel  cell@   rcel(1,2)=0.29,0.34,0.48,
                   ncelsos(1,2)=2,3,4
 @ 3 svp-1 cell@   rcel(1,3)=0.29,0.34,0.48,
                   ncelsos(1,3)=5,3,4,
 @ 4 svp-2 cell@   rcel(1,4)=0.175,0.225,0.48,
                   ncelsos(1,4)=5,3,4,
 @ 5 pal       @   rcel(1,5)=0.29,0.34,0.48,
                   ncelsos(1,5)=6,7,4,
 @ 6 km        @   rcel(1,6)=0.39,0.48,
                   ncelsos(1,6)=3,4,
  t=0.6590e+03, 0.5970e+03, 0.5830e+03, 0.5830e+03, 0.5830e+03, 0.5830e+03,
@-----------------------------------------------------------------------
 troiz=
 @         1 tv_1      2 tv_2     3 zr_ob_tv    4 h2o    5 svp    6 pel    7 ob_pel
 @ *h*  @ 0.0000000, 0.0000000, 0.0000000, 0.0093644, 0.0000000, 0.0000000, 0.0000000,
 @ *o*  @ 0.0000000, 0.0000000, 0.0000000, 0.0314110, 0.0000000, 0.0000000, 0.0000000,
 @ zr   @ 0.0000000, 0.0000000, 0.0431323, 0.0000000, 0.0000000, 0.0000000, 0.0000000,
 @ u235 @ 0.0037101, 0.0032154, 0.0000000, 0.0000000, 0.0000000, 0.0000000, 0.0000000,
 @ u238 @ 0.0210238, 0.0215185, 0.0000000, 0.0000000, 0.0000000, 0.0000000, 0.0000000,
 @ o    @ 0.0494677, 0.0494677, 0.0000000, 0.0000000, 0.0067340, 4.541e-03, 0.0000000,
 @ n    @ 0.0000000, 0.0000000, 0.0000000, 0.0000000, 0.0000000, 1.438e-02, 0.0000000,
 @ *c*  @ 0.0000000, 0.0000000, 0.0000000, 0.0000000, 0.0000000, 0.0000000, 0.0000000,
 @ al   @ 0.0000000, 0.0000000, 0.0000000, 0.0000000, 0.0000000, 0.0000000, 0.0000000,
 @ b-10 @ 0.0000000, 0.0000000, 0.0000000, 0.0000000, 0.0000000, 0.0000000, 0.0000000,
 @ c    @ 0.0000000, 0.0000000, 0.0000000, 0.0000000, 0.0000000, 0.0000000, 0.0000000,
 @ gd55 @ 0.0000000, 0.0000000, 0.0000000, 0.0000000, 0.0006644, 0.0000000, 0.0000000,
 @ gd57 @ 0.0000000, 0.0000000, 0.0000000, 0.0000000, 0.0007026, 0.0000000, 0.0000000,
 @ ni   @ 0.0000000, 0.0000000, 0.0000000, 0.0000000, 0.0000000, 0.0000000, 0.0421996,
 @ cr   @ 0.0000000, 0.0000000, 0.0000000, 0.0000000, 0.0000000, 0.0000000, 0.0316497,
 @ pu39 @ 0.0000000, 0.0000000, 0.0000000, 0.0000000, 0.0000000, 0.0000000, 0.0000000,
 @ pu40 @ 0.0000000, 0.0000000, 0.0000000, 0.0000000, 0.0000000, 0.0000000, 0.0000000,
 @ pu41 @ 0.0000000, 0.0000000, 0.0000000, 0.0000000, 0.0000000, 0.0000000, 0.0000000,
 @ d    @ 0.0000000, 0.0000000, 0.0000000, 0.0534576, 0.0000000, 0.0000000, 0.0000000,
@-----------------------------------------------------------------------
 ntcell=1,2,3,4,5,6,
 krat= 51,18,9,6,7,36,
 alout=
       0.5882 , 0.1372 , 0.1176 , 0.0000 , 0.0000 , 0.1586,
       0.3888 , 0.3333 , 0.0000 , 0.2222 , 0.0555 , 0.0000,
       0.6666 , 0.0000 , 0.0000 , 0.0000 , 0.0000 , 0.3333,
       0.0000 , 0.6666 , 0.0000 , 0.0000 , 0.3333 , 0.0000,
       0.0000 , 0.1428 , 0.0000 , 0.2857 , 0.5714 , 0.0000,
       0.2222 , 0.0000 , 0.0833 , 0.0000 , 0.0000 , 0.6944,
 material(1)='chmc',
 &end
*h*
*o*
zr
u235
u238
o
n
*c*
al
b-10
c
gd55
gd57
ni
cr
pu39
pu40
pu41
d
****
:burn
 &vvod qv=105.5,dtim=50,
 &end
:corr
 &vvod &end
:corr
 &vvod &end
:fier
 &vvod &end
:macro
 &vvod
  et=10.5e+6,2.15,2.15,0.,
 @nbv=1,1,1,1,1,1,1,1,1,1,1,1,1,1,
 &end
:stop
 ***** end of   file of input data set *******
:poly                                                                           
  rout and rin were constructed
Rout= 0.290, 0.340, 0.480, 0.290, 0.340, 0.480, 0.290, 0.340, 0.480, 0.175,
 0.225, 0.480, 0.290, 0.340, 0.480, 0.390, 0.480,
Rin = 0.000, 0.290, 0.340, 0.000, 0.290, 0.340, 0.000, 0.290, 0.340, 0.000,
 0.175, 0.225, 0.000, 0.290, 0.340, 0.000, 0.390,
  nsos  was constructed
nsos=  1,  3,  4,  2,  3,  4,  5,  3,  4,  5,
  3,  4,  6,  7,  4,  3,  4,
 definition izotr in sos           1:izotr=   5.000000    
 definition izotr in sos           2:izotr=   5.000000    
  *******<< check input data>> programm declare *******
    --undeclared parametr--cefzad  -- programm standart value --cefzad  =  0.100000E+01
  *******<< check input data>> programm declare *******
    --undeclared parametr--bakl    -- programm standart value --bakl    =  0.000000E+00
  *******<< check input data>> programm declare *******
    --undeclared parametr--alin    -- programm standart value --alin    =  0.000000E+00  0.000000E+00
     0.000000E+00  0.000000E+00  0.000000E+00  0.000000E+00  0.000000E+00  0.000000E+00  0.000000E+00
     0.000000E+00  0.000000E+00  0.000000E+00  0.000000E+00  0.000000E+00  0.000000E+00  0.000000E+00
     0.000000E+00  0.000000E+00  0.000000E+00  0.000000E+00  0.000000E+00  0.000000E+00  0.000000E+00
     0.000000E+00  0.000000E+00  0.000000E+00  0.000000E+00  0.000000E+00  0.000000E+00  0.000000E+00
     0.000000E+00  0.000000E+00  0.000000E+00  0.000000E+00  0.000000E+00  0.000000E+00
  *******<< check input data>> programm declare *******
    --undeclared parametr--alcorr  -- programm standart value --alcorr  =  0.100000E+01  0.100000E+01
     0.100000E+01  0.100000E+01  0.100000E+01  0.100000E+01  0.100000E+01  0.100000E+01  0.100000E+01
     0.100000E+01  0.100000E+01  0.100000E+01  0.100000E+01  0.100000E+01  0.100000E+01  0.100000E+01
     0.100000E+01  0.100000E+01  0.100000E+01  0.100000E+01  0.100000E+01  0.100000E+01  0.100000E+01
     0.100000E+01  0.100000E+01  0.100000E+01  0.100000E+01  0.100000E+01  0.100000E+01  0.100000E+01
     0.100000E+01  0.100000E+01  0.100000E+01  0.100000E+01  0.100000E+01  0.100000E+01
  *******<< check input data>> programm declare *******
    --uncorrected definition--alin    --bat programm use this value --alin      0.000000E+00  0.000000E+00
     0.000000E+00  0.000000E+00  0.000000E+00  0.000000E+00  0.000000E+00  0.000000E+00  0.000000E+00
     0.000000E+00  0.000000E+00  0.000000E+00  0.000000E+00  0.000000E+00  0.000000E+00  0.000000E+00
     0.000000E+00  0.000000E+00  0.000000E+00  0.000000E+00  0.000000E+00  0.000000E+00  0.000000E+00
     0.000000E+00  0.000000E+00  0.000000E+00  0.000000E+00  0.000000E+00  0.000000E+00  0.000000E+00
     0.000000E+00  0.000000E+00  0.000000E+00  0.000000E+00  0.000000E+00  0.000000E+00
  *******<< check input data>> programm declare *******
    --uncorrected definition--alout   --bat programm use this value --alout     0.588200E+00  0.137200E+00
     0.117600E+00  0.000000E+00  0.000000E+00  0.158600E+00  0.388800E+00  0.333300E+00  0.000000E+00
     0.222200E+00  0.555000E-01  0.000000E+00  0.666600E+00  0.000000E+00  0.000000E+00  0.000000E+00
     0.000000E+00  0.333300E+00  0.000000E+00  0.666600E+00  0.000000E+00  0.000000E+00  0.333300E+00
     0.000000E+00  0.000000E+00  0.142800E+00  0.000000E+00  0.285700E+00  0.571400E+00  0.000000E+00
     0.222200E+00  0.000000E+00  0.833000E-01  0.000000E+00  0.000000E+00  0.694400E+00
  *******<< check input data>> programm declare *******
    --undeclared parametr--nbv     -- programm standart value --nbv     =    1    1    1    1    1    1
       1    1    1    1    1    1    1    1    1    1    1
  *******<< check input data>> programm declare *******
    --undeclared parametr--et      -- programm standart value --et      =  0.105000E+08  0.215000E+01
     0.215000E+01  0.000000E+00
    ????  storage for pr. getter =     1700 ?? common /rrr/ rab(        0 )  ????
 ------------------------------------------------------------------------------
  backling =  0.0000000E+00
 ------------------------------------------------------------------------------
  number of cells =           6
          cell number    1  number of zone= 3
 << geometry characteristics >>
    geometry of cell- cilindrical index=           2
  kratnost of cell =   51.00000    
  inner radius of cell =  0.0000000E+00
  out square ratio =  0.5882000      0.1372000      0.1176000      0.0000000E+00
  0.0000000E+00  0.1586000    
 ------------------------------------------------------------------------------
 num zone      1           2           3
 radius   0.29000E+00 0.34000E+00 0.48000E+00
 temper   0.65900E+03 0.58300E+03 0.58300E+03
 rez_izot    u238        bad         bad 
 ------------------------------------------------------------------------------
    izotop   /             concentration number of izotops=70
  1 *h*      0.00000E+00 0.00000E+00 0.93644E-02
  2 *o*      0.00000E+00 0.00000E+00 0.31411E-01
  3 zr       0.00000E+00 0.43132E-01 0.00000E+00
  4 u235     0.37101E-02 0.00000E+00 0.00000E+00
  5 u238     0.21024E-01 0.00000E+00 0.00000E+00
  6 o        0.49468E-01 0.00000E+00 0.00000E+00
 19 d        0.00000E+00 0.00000E+00 0.53458E-01
 ------------------------------------------------------------------------------
  number of cells =           6
          cell number    2  number of zone= 3
 << geometry characteristics >>
    geometry of cell- cilindrical index=           2
  kratnost of cell =   18.00000    
  inner radius of cell =  0.0000000E+00
  out square ratio =  0.3888000      0.3333000      0.0000000E+00  0.2222000    
  5.5500001E-02  0.0000000E+00
 ------------------------------------------------------------------------------
 num zone      4           5           6
 radius   0.29000E+00 0.34000E+00 0.48000E+00
 temper   0.59700E+03 0.58300E+03 0.58300E+03
 rez_izot    u238        bad         bad 
 ------------------------------------------------------------------------------
    izotop   /             concentration number of izotops=70
  1 *h*      0.00000E+00 0.00000E+00 0.93644E-02
  2 *o*      0.00000E+00 0.00000E+00 0.31411E-01
  3 zr       0.00000E+00 0.43132E-01 0.00000E+00
  4 u235     0.32154E-02 0.00000E+00 0.00000E+00
  5 u238     0.21519E-01 0.00000E+00 0.00000E+00
  6 o        0.49468E-01 0.00000E+00 0.00000E+00
 19 d        0.00000E+00 0.00000E+00 0.53458E-01
 ------------------------------------------------------------------------------
  number of cells =           6
          cell number    3  number of zone= 3
 << geometry characteristics >>
    geometry of cell- cilindrical index=           2
  kratnost of cell =   9.000000    
  inner radius of cell =  0.0000000E+00
  out square ratio =  0.6666000      0.0000000E+00  0.0000000E+00  0.0000000E+00
  0.0000000E+00  0.3333000    
 ------------------------------------------------------------------------------
 num zone      7           8           9
 radius   0.29000E+00 0.34000E+00 0.48000E+00
 temper   0.58300E+03 0.58300E+03 0.58300E+03
 rez_izot    bad         bad         bad 
 ------------------------------------------------------------------------------
    izotop   /             concentration number of izotops=70
  1 *h*      0.00000E+00 0.00000E+00 0.93644E-02
  2 *o*      0.00000E+00 0.00000E+00 0.31411E-01
  3 zr       0.00000E+00 0.43132E-01 0.00000E+00
  6 o        0.67340E-02 0.00000E+00 0.00000E+00
 12 gd55     0.66440E-03 0.00000E+00 0.00000E+00
 13 gd57     0.70260E-03 0.00000E+00 0.00000E+00
 19 d        0.00000E+00 0.00000E+00 0.53458E-01
 ------------------------------------------------------------------------------
  number of cells =           6
          cell number    4  number of zone= 3
 << geometry characteristics >>
    geometry of cell- cilindrical index=           2
  kratnost of cell =   6.000000    
  inner radius of cell =  0.0000000E+00
  out square ratio =  0.0000000E+00  0.6666000      0.0000000E+00  0.0000000E+00
  0.3333000      0.0000000E+00
 ------------------------------------------------------------------------------
 num zone     10          11          12
 radius   0.17500E+00 0.22500E+00 0.48000E+00
 temper   0.58300E+03 0.58300E+03 0.58300E+03
 rez_izot    bad         bad         bad 
 ------------------------------------------------------------------------------
    izotop   /             concentration number of izotops=70
  1 *h*      0.00000E+00 0.00000E+00 0.93644E-02
  2 *o*      0.00000E+00 0.00000E+00 0.31411E-01
  3 zr       0.00000E+00 0.43132E-01 0.00000E+00
  6 o        0.67340E-02 0.00000E+00 0.00000E+00
 12 gd55     0.66440E-03 0.00000E+00 0.00000E+00
 13 gd57     0.70260E-03 0.00000E+00 0.00000E+00
 19 d        0.00000E+00 0.00000E+00 0.53458E-01
 ------------------------------------------------------------------------------
  number of cells =           6
          cell number    5  number of zone= 3
 << geometry characteristics >>
    geometry of cell- cilindrical index=           2
  kratnost of cell =   7.000000    
  inner radius of cell =  0.0000000E+00
  out square ratio =  0.0000000E+00  0.1428000      0.0000000E+00  0.2857000    
  0.5714000      0.0000000E+00
 ------------------------------------------------------------------------------
 num zone     13          14          15
 radius   0.29000E+00 0.34000E+00 0.48000E+00
 temper   0.58300E+03 0.30000E+03 0.58300E+03
 rez_izot    bad         bad         bad 
 ------------------------------------------------------------------------------
    izotop   /             concentration number of izotops=70
  1 *h*      0.00000E+00 0.00000E+00 0.93644E-02
  2 *o*      0.00000E+00 0.00000E+00 0.31411E-01
  6 o        0.45410E-02 0.00000E+00 0.00000E+00
  7 n        0.14380E-01 0.00000E+00 0.00000E+00
 14 ni       0.00000E+00 0.42200E-01 0.00000E+00
 15 cr       0.00000E+00 0.31650E-01 0.00000E+00
 19 d        0.00000E+00 0.00000E+00 0.53458E-01
 ------------------------------------------------------------------------------
  number of cells =           6
          cell number    6  number of zone= 2
 << geometry characteristics >>
    geometry of cell- cilindrical index=           2
  kratnost of cell =   36.00000    
  inner radius of cell =  0.0000000E+00
  out square ratio =  0.2222000      0.0000000E+00  8.3300002E-02  0.0000000E+00
  0.0000000E+00  0.6944000    
 ------------------------------------------------------------------------------
 num zone     16          17
 radius   0.39000E+00 0.48000E+00
 temper   0.58300E+03 0.58300E+03
 rez_izot    bad         bad 
 ------------------------------------------------------------------------------
    izotop   /             concentration number of izotops=70
  1 *h*      0.00000E+00 0.93644E-02
  2 *o*      0.00000E+00 0.31411E-01
  3 zr       0.43132E-01 0.00000E+00
 19 d        0.00000E+00 0.53458E-01
    > CONSYST Program Ver: 98.01 > started at  0: 0: 0:  
    { Manturov G., E-mail: abbn@ippe.rssi.ru}
 
       -------------------------------
 
       CONSYST INPUT DATA READ FROM : cons.dat
       CONSYST PROTOCOL STORED IN   : RESULT
       GMF X-SECTION'S FILE         : OUT
       TEMPORARY FILE               : RAB
       ABBN BASIC DATA SET FROM     : .\get-93\bin\Bnab90.lib
       ABBN MULTIC DATA SET FROM    : .\get-93\bin\Bnabmlt.lib
       ABBN THERMAL DATA SET FROM   : .\get-93\bin\BNABTHM.lib
 
    >>  K-inf(MLT)= 1.32320 Balance= 1.02177 NU= 2.71 FI-Sum=  7.03E+01
    >   Include Thermal Matrix > H(H2O):BNABTHM.BIN   Temp=  500K
    >   Include Thermal Matrix > H(H2O):BNABTHM.BIN   Temp=  600K
    >   Include Thermal Matrix > D(D2O):BNABTHM.BIN   Temp=  500K
    >   Include Thermal Matrix > D(D2O):BNABTHM.BIN   Temp=  600K
    >>  K-inf(MLT)= 1.24531 Balance= 1.02098 NU= 2.71 FI-Sum=  7.40E+01
    >   Include Thermal Matrix > H(H2O):BNABTHM.BIN   Temp=  500K
    >   Include Thermal Matrix > H(H2O):BNABTHM.BIN   Temp=  600K
    >   Include Thermal Matrix > D(D2O):BNABTHM.BIN   Temp=  500K
    >   Include Thermal Matrix > D(D2O):BNABTHM.BIN   Temp=  600K
    >   Include Thermal Matrix > H(H2O):BNABTHM.BIN   Temp=  500K
    >   Include Thermal Matrix > H(H2O):BNABTHM.BIN   Temp=  600K
    >   Include Thermal Matrix > D(D2O):BNABTHM.BIN   Temp=  500K
    >   Include Thermal Matrix > D(D2O):BNABTHM.BIN   Temp=  600K
    >   Include Thermal Matrix > H(H2O):BNABTHM.BIN   Temp=  500K
    >   Include Thermal Matrix > H(H2O):BNABTHM.BIN   Temp=  600K
    >   Include Thermal Matrix > D(D2O):BNABTHM.BIN   Temp=  500K
    >   Include Thermal Matrix > D(D2O):BNABTHM.BIN   Temp=  600K
    >   Include Thermal Matrix > H(H2O):BNABTHM.BIN   Temp=  500K
    >   Include Thermal Matrix > H(H2O):BNABTHM.BIN   Temp=  600K
    >   Include Thermal Matrix > D(D2O):BNABTHM.BIN   Temp=  500K
    >   Include Thermal Matrix > D(D2O):BNABTHM.BIN   Temp=  600K
    >   Include Thermal Matrix > H(H2O):BNABTHM.BIN   Temp=  500K
    >   Include Thermal Matrix > H(H2O):BNABTHM.BIN   Temp=  600K
    >   Include Thermal Matrix > D(D2O):BNABTHM.BIN   Temp=  500K
    >   Include Thermal Matrix > D(D2O):BNABTHM.BIN   Temp=  600K
    > CONSYST finished at  0: 0: 0:  
 therm. calculation avoided
 therm. calculation avoided
 therm. calculation avoided
 therm. calculation avoided
 therm. calculation avoided
 therm. calculation avoided
 therm. calculation avoided
 therm. calculation avoided
 *************************************************
   ***k(inf)= 1.11080     ***k(itt)= 1.15879     ***k(integ)= 1.11080    ***
   **bakl=  0.0000     **length= 0.10000E+11  ***
   **matr.  alout*alcorr a(k,i)(k=1,ncel) ***
     * 0.58820     0.13720     0.11760      0.0000      0.0000     0.15860    
     * 0.38880     0.33330      0.0000     0.22220     0.55500E-01  0.0000    
     * 0.66660      0.0000      0.0000      0.0000      0.0000     0.33330    
     *  0.0000     0.66660      0.0000      0.0000     0.33330      0.0000    
     *  0.0000     0.14280      0.0000     0.28570     0.57140      0.0000    
     * 0.22220      0.0000     0.83300E-01  0.0000      0.0000     0.69440    
 lokal kner      in cell ,ru=           1=   1.024021       1.015119    
 lokal kner      in cell ,ru=           2=  0.9319419      0.9571639    
 lokal kner      in cell ,ru=           3=  0.0000000E+00  0.7244553    
 lokal kner      in cell ,ru=           4=  0.0000000E+00  0.3628060    
 lokal kner      in cell ,ru=           5=  0.0000000E+00  5.0626997E-02
 lokal kner      in cell ,ru=           6=  0.0000000E+00  3.2813165E-02
:burn                                                                           
 *** average burn up =   2.6990     (mbt*day)/(kg hm)
    > CONSYST Program Ver: 98.01 > started at  0: 0: 0:  
    { Manturov G., E-mail: abbn@ippe.rssi.ru}
 
       -------------------------------
 
       CONSYST INPUT DATA READ FROM : cons.dat
       CONSYST PROTOCOL STORED IN   : RESULT
       GMF X-SECTION'S FILE         : OUT
       TEMPORARY FILE               : RAB
       ABBN BASIC DATA SET FROM     : .\get-93\bin\Bnab90.lib
       ABBN MULTIC DATA SET FROM    : .\get-93\bin\Bnabmlt.lib
       ABBN THERMAL DATA SET FROM   : .\get-93\bin\BNABTHM.lib
 
    >>  K-inf(MLT)= 1.31604 Balance= 1.02161 NU= 2.71 FI-Sum=  7.07E+01
    >   Include Thermal Matrix > H(H2O):BNABTHM.BIN   Temp=  500K
    >   Include Thermal Matrix > H(H2O):BNABTHM.BIN   Temp=  600K
    >   Include Thermal Matrix > D(D2O):BNABTHM.BIN   Temp=  500K
    >   Include Thermal Matrix > D(D2O):BNABTHM.BIN   Temp=  600K
    >>  K-inf(MLT)= 1.23869 Balance= 1.02078 NU= 2.71 FI-Sum=  7.43E+01
    >   Include Thermal Matrix > H(H2O):BNABTHM.BIN   Temp=  500K
    >   Include Thermal Matrix > H(H2O):BNABTHM.BIN   Temp=  600K
    >   Include Thermal Matrix > D(D2O):BNABTHM.BIN   Temp=  500K
    >   Include Thermal Matrix > D(D2O):BNABTHM.BIN   Temp=  600K
    >   Include Thermal Matrix > H(H2O):BNABTHM.BIN   Temp=  500K
    >   Include Thermal Matrix > H(H2O):BNABTHM.BIN   Temp=  600K
    >   Include Thermal Matrix > D(D2O):BNABTHM.BIN   Temp=  500K
    >   Include Thermal Matrix > D(D2O):BNABTHM.BIN   Temp=  600K
    >   Include Thermal Matrix > H(H2O):BNABTHM.BIN   Temp=  500K
    >   Include Thermal Matrix > H(H2O):BNABTHM.BIN   Temp=  600K
    >   Include Thermal Matrix > D(D2O):BNABTHM.BIN   Temp=  500K
    >   Include Thermal Matrix > D(D2O):BNABTHM.BIN   Temp=  600K
    >   Include Thermal Matrix > H(H2O):BNABTHM.BIN   Temp=  500K
    >   Include Thermal Matrix > H(H2O):BNABTHM.BIN   Temp=  600K
    >   Include Thermal Matrix > D(D2O):BNABTHM.BIN   Temp=  500K
    >   Include Thermal Matrix > D(D2O):BNABTHM.BIN   Temp=  600K
    >   Include Thermal Matrix > H(H2O):BNABTHM.BIN   Temp=  500K
    >   Include Thermal Matrix > H(H2O):BNABTHM.BIN   Temp=  600K
    >   Include Thermal Matrix > D(D2O):BNABTHM.BIN   Temp=  500K
    >   Include Thermal Matrix > D(D2O):BNABTHM.BIN   Temp=  600K
    > CONSYST finished at  0: 0: 0:  
 therm. calculation avoided
 therm. calculation avoided
 therm. calculation avoided
 therm. calculation avoided
 therm. calculation avoided
 therm. calculation avoided
 therm. calculation avoided
 therm. calculation avoided
 therm. calculation avoided
 *************************************************
   ***k(inf)= 1.09570     ***k(itt)= 1.14305     ***k(integ)= 1.09570    ***
   **bakl=  0.0000     **length= 0.10000E+11  ***
   **matr.  alout*alcorr a(k,i)(k=1,ncel) ***
     * 0.58820     0.13720     0.11760      0.0000      0.0000     0.15860    
     * 0.38880     0.33330      0.0000     0.22220     0.55500E-01  0.0000    
     * 0.66660      0.0000      0.0000      0.0000      0.0000     0.33330    
     *  0.0000     0.66660      0.0000      0.0000     0.33330      0.0000    
     *  0.0000     0.14280      0.0000     0.28570     0.57140      0.0000    
     * 0.22220      0.0000     0.83300E-01  0.0000      0.0000     0.69440    
 lokal kner      in cell ,ru=           1=   1.023306       1.014378    
 lokal kner      in cell ,ru=           2=  0.9339668      0.9592623    
 lokal kner      in cell ,ru=           3=  0.0000000E+00  0.6823811    
 lokal kner      in cell ,ru=           4=  0.0000000E+00  0.3373691    
 lokal kner      in cell ,ru=           5=  0.0000000E+00  4.9975749E-02
 lokal kner      in cell ,ru=           6=  0.0000000E+00  3.2584433E-02
:corr                                                                           
 ------------------------------------------------------------------------------
  backling =  0.0000000E+00
 ------------------------------------------------------------------------------
  number of cells =           6
          cell number    1  number of zone= 3
 << geometry characteristics >>
    geometry of cell- cilindrical index=           2
  kratnost of cell =   51.00000    
  inner radius of cell =  0.0000000E+00
  out square ratio =  0.5882000      0.1372000      0.1176000      0.0000000E+00
  0.0000000E+00  0.1586000    
 ------------------------------------------------------------------------------
 num zone      1           2           3
 radius   0.29000E+00 0.34000E+00 0.48000E+00
 temper   0.65900E+03 0.58300E+03 0.58300E+03
 rez_izot    u238        bad         bad 
 ------------------------------------------------------------------------------
    izotop   /             concentration number of izotops=70
  1 *h*      0.00000E+00 0.00000E+00 0.93644E-02
  2 *o*      0.00000E+00 0.00000E+00 0.31411E-01
  3 zr       0.00000E+00 0.43132E-01 0.00000E+00
  4 u235     0.36173E-02 0.00000E+00 0.00000E+00
  5 u238     0.20983E-01 0.00000E+00 0.00000E+00
  6 o        0.49468E-01 0.00000E+00 0.00000E+00
 12 gd55     0.24623E-09 0.00000E+00 0.00000E+00
 13 gd57     0.44987E-08 0.00000E+00 0.00000E+00
 16 pu39     0.34506E-04 0.00000E+00 0.00000E+00
 17 pu40     0.34783E-06 0.00000E+00 0.00000E+00
 18 pu41     0.24503E-07 0.00000E+00 0.00000E+00
 19 d        0.00000E+00 0.00000E+00 0.53458E-01
 22 u236     0.24891E-04 0.00000E+00 0.00000E+00
 23 slag     0.30373E-04 0.00000E+00 0.00000E+00
 24 tc99     0.43578E-05 0.00000E+00 0.00000E+00
 25 rh03     0.23169E-05 0.00000E+00 0.00000E+00
 26 ag09     0.31801E-07 0.00000E+00 0.00000E+00
 27 cd13     0.73779E-08 0.00000E+00 0.00000E+00
 28 xe35     0.44047E-07 0.00000E+00 0.00000E+00
 29 sm49     0.62757E-06 0.00000E+00 0.00000E+00
 30 sm51     0.29167E-06 0.00000E+00 0.00000E+00
 31 eu55     0.21035E-07 0.00000E+00 0.00000E+00
 32 gd56     0.14532E-07 0.00000E+00 0.00000E+00
 33 np37     0.17066E-06 0.00000E+00 0.00000E+00
 34 np39     0.25722E-05 0.00000E+00 0.00000E+00
 35 pu38     0.20400E-08 0.00000E+00 0.00000E+00
 36 pu42     0.80005E-10 0.00000E+00 0.00000E+00
 37 am41     0.37862E-10 0.00000E+00 0.00000E+00
 38 am2m     0.47692E-13 0.00000E+00 0.00000E+00
 39 am43     0.64167E-12 0.00000E+00 0.00000E+00
 40 cm42     0.33071E-12 0.00000E+00 0.00000E+00
 41 cm44     0.74701E-14 0.00000E+00 0.00000E+00
 42 cm45     0.23858E-16 0.00000E+00 0.00000E+00
 47 sm52     0.21173E-06 0.00000E+00 0.00000E+00
 48 xe31     0.19568E-05 0.00000E+00 0.00000E+00
 49 cs33     0.47642E-05 0.00000E+00 0.00000E+00
 50 nd45     0.27693E-05 0.00000E+00 0.00000E+00
 51 nd43     0.41670E-05 0.00000E+00 0.00000E+00
 52 pm47     0.15577E-05 0.00000E+00 0.00000E+00
 53 mo95     0.45738E-05 0.00000E+00 0.00000E+00
 54 cs34     0.38103E-07 0.00000E+00 0.00000E+00
 55 pr41     0.41624E-05 0.00000E+00 0.00000E+00
 56 pm48     0.88758E-08 0.00000E+00 0.00000E+00
 57 pm8m     0.21234E-07 0.00000E+00 0.00000E+00
 58 rh05     0.34063E-07 0.00000E+00 0.00000E+00
 59 pm49     0.56093E-07 0.00000E+00 0.00000E+00
 60 kr83     0.37590E-06 0.00000E+00 0.00000E+00
 61 ru01     0.36064E-05 0.00000E+00 0.00000E+00
 62 pd05     0.74017E-06 0.00000E+00 0.00000E+00
 63 cs35     0.39922E-05 0.00000E+00 0.00000E+00
 64 sm50     0.16479E-06 0.00000E+00 0.00000E+00
 65 eu51     0.66926E-09 0.00000E+00 0.00000E+00
 66 eu53     0.11999E-07 0.00000E+00 0.00000E+00
 67 eu54     0.27154E-09 0.00000E+00 0.00000E+00
 68 gd54     0.76584E-12 0.00000E+00 0.00000E+00
 69 am42     0.42136E-13 0.00000E+00 0.00000E+00
 70 cm43     0.41593E-15 0.00000E+00 0.00000E+00
 ------------------------------------------------------------------------------
  number of cells =           6
          cell number    2  number of zone= 3
 << geometry characteristics >>
    geometry of cell- cilindrical index=           2
  kratnost of cell =   18.00000    
  inner radius of cell =  0.0000000E+00
  out square ratio =  0.3888000      0.3333000      0.0000000E+00  0.2222000    
  5.5500001E-02  0.0000000E+00
 ------------------------------------------------------------------------------
 num zone      4           5           6
 radius   0.29000E+00 0.34000E+00 0.48000E+00
 temper   0.59700E+03 0.58300E+03 0.58300E+03
 rez_izot    u238        bad         bad 
 ------------------------------------------------------------------------------
    izotop   /             concentration number of izotops=70
  1 *h*      0.00000E+00 0.00000E+00 0.93644E-02
  2 *o*      0.00000E+00 0.00000E+00 0.31411E-01
  3 zr       0.00000E+00 0.43132E-01 0.00000E+00
  4 u235     0.31315E-02 0.00000E+00 0.00000E+00
  5 u238     0.21476E-01 0.00000E+00 0.00000E+00
  6 o        0.49468E-01 0.00000E+00 0.00000E+00
 12 gd55     0.22455E-09 0.00000E+00 0.00000E+00
 13 gd57     0.41020E-08 0.00000E+00 0.00000E+00
 16 pu39     0.35445E-04 0.00000E+00 0.00000E+00
 17 pu40     0.38170E-06 0.00000E+00 0.00000E+00
 18 pu41     0.28398E-07 0.00000E+00 0.00000E+00
 19 d        0.00000E+00 0.00000E+00 0.53458E-01
 22 u236     0.22474E-04 0.00000E+00 0.00000E+00
 23 slag     0.27705E-04 0.00000E+00 0.00000E+00
 24 tc99     0.39682E-05 0.00000E+00 0.00000E+00
 25 rh03     0.21214E-05 0.00000E+00 0.00000E+00
 26 ag09     0.30373E-07 0.00000E+00 0.00000E+00
 27 cd13     0.67585E-08 0.00000E+00 0.00000E+00
 28 xe35     0.39586E-07 0.00000E+00 0.00000E+00
 29 sm49     0.56063E-06 0.00000E+00 0.00000E+00
 30 sm51     0.26585E-06 0.00000E+00 0.00000E+00
 31 eu55     0.19290E-07 0.00000E+00 0.00000E+00
 32 gd56     0.13548E-07 0.00000E+00 0.00000E+00
 33 np37     0.15952E-06 0.00000E+00 0.00000E+00
 34 np39     0.26472E-05 0.00000E+00 0.00000E+00
 35 pu38     0.19739E-08 0.00000E+00 0.00000E+00
 36 pu42     0.98177E-10 0.00000E+00 0.00000E+00
 37 am41     0.43890E-10 0.00000E+00 0.00000E+00
 38 am2m     0.58064E-13 0.00000E+00 0.00000E+00
 39 am43     0.81867E-12 0.00000E+00 0.00000E+00
 40 cm42     0.40323E-12 0.00000E+00 0.00000E+00
 41 cm44     0.98274E-14 0.00000E+00 0.00000E+00
 42 cm45     0.32632E-16 0.00000E+00 0.00000E+00
 47 sm52     0.19484E-06 0.00000E+00 0.00000E+00
 48 xe31     0.17828E-05 0.00000E+00 0.00000E+00
 49 cs33     0.43371E-05 0.00000E+00 0.00000E+00
 50 nd45     0.25207E-05 0.00000E+00 0.00000E+00
 51 nd43     0.37891E-05 0.00000E+00 0.00000E+00
 52 pm47     0.14172E-05 0.00000E+00 0.00000E+00
 53 mo95     0.41599E-05 0.00000E+00 0.00000E+00
 54 cs34     0.35958E-07 0.00000E+00 0.00000E+00
 55 pr41     0.37930E-05 0.00000E+00 0.00000E+00
 56 pm48     0.83507E-08 0.00000E+00 0.00000E+00
 57 pm8m     0.19810E-07 0.00000E+00 0.00000E+00
 58 rh05     0.31732E-07 0.00000E+00 0.00000E+00
 59 pm49     0.51373E-07 0.00000E+00 0.00000E+00
 60 kr83     0.34162E-06 0.00000E+00 0.00000E+00
 61 ru01     0.32843E-05 0.00000E+00 0.00000E+00
 62 pd05     0.68429E-06 0.00000E+00 0.00000E+00
 63 cs35     0.35823E-05 0.00000E+00 0.00000E+00
 64 sm50     0.16358E-06 0.00000E+00 0.00000E+00
 65 eu51     0.67930E-09 0.00000E+00 0.00000E+00
 66 eu53     0.11415E-07 0.00000E+00 0.00000E+00
 67 eu54     0.26615E-09 0.00000E+00 0.00000E+00
 68 gd54     0.75028E-12 0.00000E+00 0.00000E+00
 69 am42     0.51344E-13 0.00000E+00 0.00000E+00
 70 cm43     0.52034E-15 0.00000E+00 0.00000E+00
 ------------------------------------------------------------------------------
  number of cells =           6
          cell number    3  number of zone= 3
 << geometry characteristics >>
    geometry of cell- cilindrical index=           2
  kratnost of cell =   9.000000    
  inner radius of cell =  0.0000000E+00
  out square ratio =  0.6666000      0.0000000E+00  0.0000000E+00  0.0000000E+00
  0.0000000E+00  0.3333000    
 ------------------------------------------------------------------------------
 num zone      7           8           9
 radius   0.29000E+00 0.34000E+00 0.48000E+00
 temper   0.58300E+03 0.58300E+03 0.58300E+03
 rez_izot    bad         bad         bad 
 ------------------------------------------------------------------------------
    izotop   /             concentration number of izotops=70
  1 *h*      0.00000E+00 0.00000E+00 0.93644E-02
  2 *o*      0.00000E+00 0.00000E+00 0.31411E-01
  3 zr       0.00000E+00 0.43132E-01 0.00000E+00
  6 o        0.67340E-02 0.00000E+00 0.00000E+00
 12 gd55     0.62062E-03 0.00000E+00 0.00000E+00
 13 gd57     0.65364E-03 0.00000E+00 0.00000E+00
 19 d        0.00000E+00 0.00000E+00 0.53458E-01
 23 slag     0.49126E-04 0.00000E+00 0.00000E+00
 32 gd56     0.43614E-04 0.00000E+00 0.00000E+00
 ------------------------------------------------------------------------------
  number of cells =           6
          cell number    4  number of zone= 3
 << geometry characteristics >>
    geometry of cell- cilindrical index=           2
  kratnost of cell =   6.000000    
  inner radius of cell =  0.0000000E+00
  out square ratio =  0.0000000E+00  0.6666000      0.0000000E+00  0.0000000E+00
  0.3333000      0.0000000E+00
 ------------------------------------------------------------------------------
 num zone     10          11          12
 radius   0.17500E+00 0.22500E+00 0.48000E+00
 temper   0.58300E+03 0.58300E+03 0.58300E+03
 rez_izot    bad         bad         bad 
 ------------------------------------------------------------------------------
    izotop   /             concentration number of izotops=70
  1 *h*      0.00000E+00 0.00000E+00 0.93644E-02
  2 *o*      0.00000E+00 0.00000E+00 0.31411E-01
  3 zr       0.00000E+00 0.43132E-01 0.00000E+00
  6 o        0.67340E-02 0.00000E+00 0.00000E+00
 12 gd55     0.61097E-03 0.00000E+00 0.00000E+00
 13 gd57     0.63137E-03 0.00000E+00 0.00000E+00
 19 d        0.00000E+00 0.00000E+00 0.53458E-01
 23 slag     0.71445E-04 0.00000E+00 0.00000E+00
 32 gd56     0.53215E-04 0.00000E+00 0.00000E+00
 ------------------------------------------------------------------------------
  number of cells =           6
          cell number    5  number of zone= 3
 << geometry characteristics >>
    geometry of cell- cilindrical index=           2
  kratnost of cell =   7.000000    
  inner radius of cell =  0.0000000E+00
  out square ratio =  0.0000000E+00  0.1428000      0.0000000E+00  0.2857000    
  0.5714000      0.0000000E+00
 ------------------------------------------------------------------------------
 num zone     13          14          15
 radius   0.29000E+00 0.34000E+00 0.48000E+00
 temper   0.58300E+03 0.30000E+03 0.58300E+03
 rez_izot    bad         bad         bad 
 ------------------------------------------------------------------------------
    izotop   /             concentration number of izotops=70
  1 *h*      0.00000E+00 0.00000E+00 0.93644E-02
  2 *o*      0.00000E+00 0.00000E+00 0.31411E-01
  6 o        0.45410E-02 0.00000E+00 0.00000E+00
  7 n        0.14380E-01 0.00000E+00 0.00000E+00
 14 ni       0.00000E+00 0.42200E-01 0.00000E+00
 15 cr       0.00000E+00 0.31650E-01 0.00000E+00
 19 d        0.00000E+00 0.00000E+00 0.53458E-01
 ------------------------------------------------------------------------------
  number of cells =           6
          cell number    6  number of zone= 2
 << geometry characteristics >>
    geometry of cell- cilindrical index=           2
  kratnost of cell =   36.00000    
  inner radius of cell =  0.0000000E+00
  out square ratio =  0.2222000      0.0000000E+00  8.3300002E-02  0.0000000E+00
  0.0000000E+00  0.6944000    
 ------------------------------------------------------------------------------
 num zone     16          17
 radius   0.39000E+00 0.48000E+00
 temper   0.58300E+03 0.58300E+03
 rez_izot    bad         bad 
 ------------------------------------------------------------------------------
    izotop   /             concentration number of izotops=70
  1 *h*      0.00000E+00 0.93644E-02
  2 *o*      0.00000E+00 0.31411E-01
  3 zr       0.43132E-01 0.00000E+00
 19 d        0.00000E+00 0.53458E-01
:corr                                                                           
 ------------------------------------------------------------------------------
  backling =  0.0000000E+00
 ------------------------------------------------------------------------------
  number of cells =           6
          cell number    1  number of zone= 3
 << geometry characteristics >>
    geometry of cell- cilindrical index=           2
  kratnost of cell =   51.00000    
  inner radius of cell =  0.0000000E+00
  out square ratio =  0.5882000      0.1372000      0.1176000      0.0000000E+00
  0.0000000E+00  0.1586000    
 ------------------------------------------------------------------------------
 num zone      1           2           3
 radius   0.29000E+00 0.34000E+00 0.48000E+00
 temper   0.65900E+03 0.58300E+03 0.58300E+03
 rez_izot    u238        bad         bad 
 ------------------------------------------------------------------------------
    izotop   /             concentration number of izotops=70
  1 *h*      0.00000E+00 0.00000E+00 0.93644E-02
  2 *o*      0.00000E+00 0.00000E+00 0.31411E-01
  3 zr       0.00000E+00 0.43132E-01 0.00000E+00
  4 u235     0.36173E-02 0.00000E+00 0.00000E+00
  5 u238     0.20983E-01 0.00000E+00 0.00000E+00
  6 o        0.49468E-01 0.00000E+00 0.00000E+00
 12 gd55     0.24623E-09 0.00000E+00 0.00000E+00
 13 gd57     0.44987E-08 0.00000E+00 0.00000E+00
 16 pu39     0.34506E-04 0.00000E+00 0.00000E+00
 17 pu40     0.34783E-06 0.00000E+00 0.00000E+00
 18 pu41     0.24503E-07 0.00000E+00 0.00000E+00
 19 d        0.00000E+00 0.00000E+00 0.53458E-01
 22 u236     0.24891E-04 0.00000E+00 0.00000E+00
 23 slag     0.30373E-04 0.00000E+00 0.00000E+00
 24 tc99     0.43578E-05 0.00000E+00 0.00000E+00
 25 rh03     0.23169E-05 0.00000E+00 0.00000E+00
 26 ag09     0.31801E-07 0.00000E+00 0.00000E+00
 27 cd13     0.73779E-08 0.00000E+00 0.00000E+00
 28 xe35     0.44047E-07 0.00000E+00 0.00000E+00
 29 sm49     0.62757E-06 0.00000E+00 0.00000E+00
 30 sm51     0.29167E-06 0.00000E+00 0.00000E+00
 31 eu55     0.21035E-07 0.00000E+00 0.00000E+00
 32 gd56     0.14532E-07 0.00000E+00 0.00000E+00
 33 np37     0.17066E-06 0.00000E+00 0.00000E+00
 34 np39     0.25722E-05 0.00000E+00 0.00000E+00
 35 pu38     0.20400E-08 0.00000E+00 0.00000E+00
 36 pu42     0.80005E-10 0.00000E+00 0.00000E+00
 37 am41     0.37862E-10 0.00000E+00 0.00000E+00
 38 am2m     0.47692E-13 0.00000E+00 0.00000E+00
 39 am43     0.64167E-12 0.00000E+00 0.00000E+00
 40 cm42     0.33071E-12 0.00000E+00 0.00000E+00
 41 cm44     0.74701E-14 0.00000E+00 0.00000E+00
 42 cm45     0.23858E-16 0.00000E+00 0.00000E+00
 47 sm52     0.21173E-06 0.00000E+00 0.00000E+00
 48 xe31     0.19568E-05 0.00000E+00 0.00000E+00
 49 cs33     0.47642E-05 0.00000E+00 0.00000E+00
 50 nd45     0.27693E-05 0.00000E+00 0.00000E+00
 51 nd43     0.41670E-05 0.00000E+00 0.00000E+00
 52 pm47     0.15577E-05 0.00000E+00 0.00000E+00
 53 mo95     0.45738E-05 0.00000E+00 0.00000E+00
 54 cs34     0.38103E-07 0.00000E+00 0.00000E+00
 55 pr41     0.41624E-05 0.00000E+00 0.00000E+00
 56 pm48     0.88758E-08 0.00000E+00 0.00000E+00
 57 pm8m     0.21234E-07 0.00000E+00 0.00000E+00
 58 rh05     0.34063E-07 0.00000E+00 0.00000E+00
 59 pm49     0.56093E-07 0.00000E+00 0.00000E+00
 60 kr83     0.37590E-06 0.00000E+00 0.00000E+00
 61 ru01     0.36064E-05 0.00000E+00 0.00000E+00
 62 pd05     0.74017E-06 0.00000E+00 0.00000E+00
 63 cs35     0.39922E-05 0.00000E+00 0.00000E+00
 64 sm50     0.16479E-06 0.00000E+00 0.00000E+00
 65 eu51     0.66926E-09 0.00000E+00 0.00000E+00
 66 eu53     0.11999E-07 0.00000E+00 0.00000E+00
 67 eu54     0.27154E-09 0.00000E+00 0.00000E+00
 68 gd54     0.76584E-12 0.00000E+00 0.00000E+00
 69 am42     0.42136E-13 0.00000E+00 0.00000E+00
 70 cm43     0.41593E-15 0.00000E+00 0.00000E+00
 ------------------------------------------------------------------------------
  number of cells =           6
          cell number    2  number of zone= 3
 << geometry characteristics >>
    geometry of cell- cilindrical index=           2
  kratnost of cell =   18.00000    
  inner radius of cell =  0.0000000E+00
  out square ratio =  0.3888000      0.3333000      0.0000000E+00  0.2222000    
  5.5500001E-02  0.0000000E+00
 ------------------------------------------------------------------------------
 num zone      4           5           6
 radius   0.29000E+00 0.34000E+00 0.48000E+00
 temper   0.59700E+03 0.58300E+03 0.58300E+03
 rez_izot    u238        bad         bad 
 ------------------------------------------------------------------------------
    izotop   /             concentration number of izotops=70
  1 *h*      0.00000E+00 0.00000E+00 0.93644E-02
  2 *o*      0.00000E+00 0.00000E+00 0.31411E-01
  3 zr       0.00000E+00 0.43132E-01 0.00000E+00
  4 u235     0.31315E-02 0.00000E+00 0.00000E+00
  5 u238     0.21476E-01 0.00000E+00 0.00000E+00
  6 o        0.49468E-01 0.00000E+00 0.00000E+00
 12 gd55     0.22455E-09 0.00000E+00 0.00000E+00
 13 gd57     0.41020E-08 0.00000E+00 0.00000E+00
 16 pu39     0.35445E-04 0.00000E+00 0.00000E+00
 17 pu40     0.38170E-06 0.00000E+00 0.00000E+00
 18 pu41     0.28398E-07 0.00000E+00 0.00000E+00
 19 d        0.00000E+00 0.00000E+00 0.53458E-01
 22 u236     0.22474E-04 0.00000E+00 0.00000E+00
 23 slag     0.27705E-04 0.00000E+00 0.00000E+00
 24 tc99     0.39682E-05 0.00000E+00 0.00000E+00
 25 rh03     0.21214E-05 0.00000E+00 0.00000E+00
 26 ag09     0.30373E-07 0.00000E+00 0.00000E+00
 27 cd13     0.67585E-08 0.00000E+00 0.00000E+00
 28 xe35     0.39586E-07 0.00000E+00 0.00000E+00
 29 sm49     0.56063E-06 0.00000E+00 0.00000E+00
 30 sm51     0.26585E-06 0.00000E+00 0.00000E+00
 31 eu55     0.19290E-07 0.00000E+00 0.00000E+00
 32 gd56     0.13548E-07 0.00000E+00 0.00000E+00
 33 np37     0.15952E-06 0.00000E+00 0.00000E+00
 34 np39     0.26472E-05 0.00000E+00 0.00000E+00
 35 pu38     0.19739E-08 0.00000E+00 0.00000E+00
 36 pu42     0.98177E-10 0.00000E+00 0.00000E+00
 37 am41     0.43890E-10 0.00000E+00 0.00000E+00
 38 am2m     0.58064E-13 0.00000E+00 0.00000E+00
 39 am43     0.81867E-12 0.00000E+00 0.00000E+00
 40 cm42     0.40323E-12 0.00000E+00 0.00000E+00
 41 cm44     0.98274E-14 0.00000E+00 0.00000E+00
 42 cm45     0.32632E-16 0.00000E+00 0.00000E+00
 47 sm52     0.19484E-06 0.00000E+00 0.00000E+00
 48 xe31     0.17828E-05 0.00000E+00 0.00000E+00
 49 cs33     0.43371E-05 0.00000E+00 0.00000E+00
 50 nd45     0.25207E-05 0.00000E+00 0.00000E+00
 51 nd43     0.37891E-05 0.00000E+00 0.00000E+00
 52 pm47     0.14172E-05 0.00000E+00 0.00000E+00
 53 mo95     0.41599E-05 0.00000E+00 0.00000E+00
 54 cs34     0.35958E-07 0.00000E+00 0.00000E+00
 55 pr41     0.37930E-05 0.00000E+00 0.00000E+00
 56 pm48     0.83507E-08 0.00000E+00 0.00000E+00
 57 pm8m     0.19810E-07 0.00000E+00 0.00000E+00
 58 rh05     0.31732E-07 0.00000E+00 0.00000E+00
 59 pm49     0.51373E-07 0.00000E+00 0.00000E+00
 60 kr83     0.34162E-06 0.00000E+00 0.00000E+00
 61 ru01     0.32843E-05 0.00000E+00 0.00000E+00
 62 pd05     0.68429E-06 0.00000E+00 0.00000E+00
 63 cs35     0.35823E-05 0.00000E+00 0.00000E+00
 64 sm50     0.16358E-06 0.00000E+00 0.00000E+00
 65 eu51     0.67930E-09 0.00000E+00 0.00000E+00
 66 eu53     0.11415E-07 0.00000E+00 0.00000E+00
 67 eu54     0.26615E-09 0.00000E+00 0.00000E+00
 68 gd54     0.75028E-12 0.00000E+00 0.00000E+00
 69 am42     0.51344E-13 0.00000E+00 0.00000E+00
 70 cm43     0.52034E-15 0.00000E+00 0.00000E+00
 ------------------------------------------------------------------------------
  number of cells =           6
          cell number    3  number of zone= 3
 << geometry characteristics >>
    geometry of cell- cilindrical index=           2
  kratnost of cell =   9.000000    
  inner radius of cell =  0.0000000E+00
  out square ratio =  0.6666000      0.0000000E+00  0.0000000E+00  0.0000000E+00
  0.0000000E+00  0.3333000    
 ------------------------------------------------------------------------------
 num zone      7           8           9
 radius   0.29000E+00 0.34000E+00 0.48000E+00
 temper   0.58300E+03 0.58300E+03 0.58300E+03
 rez_izot    bad         bad         bad 
 ------------------------------------------------------------------------------
    izotop   /             concentration number of izotops=70
  1 *h*      0.00000E+00 0.00000E+00 0.93644E-02
  2 *o*      0.00000E+00 0.00000E+00 0.31411E-01
  3 zr       0.00000E+00 0.43132E-01 0.00000E+00
  6 o        0.67340E-02 0.00000E+00 0.00000E+00
 12 gd55     0.62062E-03 0.00000E+00 0.00000E+00
 13 gd57     0.65364E-03 0.00000E+00 0.00000E+00
 19 d        0.00000E+00 0.00000E+00 0.53458E-01
 23 slag     0.49126E-04 0.00000E+00 0.00000E+00
 32 gd56     0.43614E-04 0.00000E+00 0.00000E+00
 ------------------------------------------------------------------------------
  number of cells =           6
          cell number    4  number of zone= 3
 << geometry characteristics >>
    geometry of cell- cilindrical index=           2
  kratnost of cell =   6.000000    
  inner radius of cell =  0.0000000E+00
  out square ratio =  0.0000000E+00  0.6666000      0.0000000E+00  0.0000000E+00
  0.3333000      0.0000000E+00
 ------------------------------------------------------------------------------
 num zone     10          11          12
 radius   0.17500E+00 0.22500E+00 0.48000E+00
 temper   0.58300E+03 0.58300E+03 0.58300E+03
 rez_izot    bad         bad         bad 
 ------------------------------------------------------------------------------
    izotop   /             concentration number of izotops=70
  1 *h*      0.00000E+00 0.00000E+00 0.93644E-02
  2 *o*      0.00000E+00 0.00000E+00 0.31411E-01
  3 zr       0.00000E+00 0.43132E-01 0.00000E+00
  6 o        0.67340E-02 0.00000E+00 0.00000E+00
 12 gd55     0.61097E-03 0.00000E+00 0.00000E+00
 13 gd57     0.63137E-03 0.00000E+00 0.00000E+00
 19 d        0.00000E+00 0.00000E+00 0.53458E-01
 23 slag     0.71445E-04 0.00000E+00 0.00000E+00
 32 gd56     0.53215E-04 0.00000E+00 0.00000E+00
 ------------------------------------------------------------------------------
  number of cells =           6
          cell number    5  number of zone= 3
 << geometry characteristics >>
    geometry of cell- cilindrical index=           2
  kratnost of cell =   7.000000    
  inner radius of cell =  0.0000000E+00
  out square ratio =  0.0000000E+00  0.1428000      0.0000000E+00  0.2857000    
  0.5714000      0.0000000E+00
 ------------------------------------------------------------------------------
 num zone     13          14          15
 radius   0.29000E+00 0.34000E+00 0.48000E+00
 temper   0.58300E+03 0.30000E+03 0.58300E+03
 rez_izot    bad         bad         bad 
 ------------------------------------------------------------------------------
    izotop   /             concentration number of izotops=70
  1 *h*      0.00000E+00 0.00000E+00 0.93644E-02
  2 *o*      0.00000E+00 0.00000E+00 0.31411E-01
  6 o        0.45410E-02 0.00000E+00 0.00000E+00
  7 n        0.14380E-01 0.00000E+00 0.00000E+00
 14 ni       0.00000E+00 0.42200E-01 0.00000E+00
 15 cr       0.00000E+00 0.31650E-01 0.00000E+00
 19 d        0.00000E+00 0.00000E+00 0.53458E-01
 ------------------------------------------------------------------------------
  number of cells =           6
          cell number    6  number of zone= 2
 << geometry characteristics >>
    geometry of cell- cilindrical index=           2
  kratnost of cell =   36.00000    
  inner radius of cell =  0.0000000E+00
  out square ratio =  0.2222000      0.0000000E+00  8.3300002E-02  0.0000000E+00
  0.0000000E+00  0.6944000    
 ------------------------------------------------------------------------------
 num zone     16          17
 radius   0.39000E+00 0.48000E+00
 temper   0.58300E+03 0.58300E+03
 rez_izot    bad         bad 
 ------------------------------------------------------------------------------
    izotop   /             concentration number of izotops=70
  1 *h*      0.00000E+00 0.93644E-02
  2 *o*      0.00000E+00 0.31411E-01
  3 zr       0.43132E-01 0.00000E+00
 19 d        0.00000E+00 0.53458E-01
:fier                                                                           
 condensation boundary was changed from  0.21500E+01 to  0.21544E+01
*** 4 *** ;egr=  2.1544    
    keff         nu           mu           fi           teta
   1.0957       1.8702       3.6888      0.21110      0.75237    
 s0z(n)=   0.9136425      0.0000000E+00  0.0000000E+00  0.9147673    
  0.0000000E+00  0.0000000E+00  0.0000000E+00  0.0000000E+00  0.0000000E+00
  0.0000000E+00  0.0000000E+00  0.0000000E+00  0.0000000E+00  0.0000000E+00
  0.0000000E+00  0.0000000E+00  0.0000000E+00
:macro                                                                          
 condensation boundary was changed from  0.21500E+01 to  0.21544E+01
 condensation boundary was changed from  0.21500E+01 to  0.21544E+01
    -------------------------------------------------------------------------------
    * n group   * e(i)        * e(i+1)      *spect neutron fission  *
          1       0.10500E+08    2.1544           0.99901    
          2        2.1544        0.0000           0.13598E-08
    *******************************************************************************
                                       **    macro cross section    **
    *******************************************************************************
    ** n zone    1 vzone=  91.926     /  1  2  3  4  5  6  7  8  9 10 11 12 13 14 15 16 17
*grp*flux 1/cm2c  * stotal      * sabs        * sfis.       * nu$sfis.    * 1/3*strans  *1/aver.veloci*aver power
  1  0.7626881     0.3935171     0.1170088E-01 0.4796596E-02 0.1184382E-01  1.123967     0.1944138E-05  1.012216     0.7270725    
  2  0.2571983E-01 0.4233152     0.9285908E-01 0.5339263E-01 0.1306611     0.8879954     0.2476820E-05  1.407090     0.2729274    
                                       * matric. scat.cross. sec. from i to j  *
       i / j -->            1           2
       i        1 0.3787007     0.3115458E-02
       i        2 0.6512710E-04 0.3303909    
:stop                                                                           
