 *****          file of input data set *******
                                                                                                                        
:poly
 &vvod
 @ 1 tvel  cell@   rcel(1,1)=0.29,0.34,0.48,
                   ncelsos(1,1)=2,3,4
 @ 2 tvel  cell@   rcel(1,2)=0.29,0.34,0.48,
                   ncelsos(1,2)=2,3,4
 @ 3 svp-1 cell@   rcel(1,3)=0.29,0.34,0.48,
                   ncelsos(1,3)=5,3,4,
 @ 4 svp-2 cell@   rcel(1,4)=0.175,0.225,0.48,
                   ncelsos(1,4)=5,3,4,
 @ 5 pal       @   rcel(1,5)=0.29,0.34,0.48,
                   ncelsos(1,5)=6,7,4,
 @ 6 km        @   rcel(1,6)=0.39,0.48,
                   ncelsos(1,6)=3,4,
  t=0.6590e+03, 0.5970e+03, 0.5830e+03, 0.5830e+03, 0.5830e+03, 0.5830e+03,
@-----------------------------------------------------------------------
 troiz=
 @         1 tv_1      2 tv_2  3 zr_ob_tv     4 h2o       5 svp       6 pel         7 ob_pel
 @ *h*  @ 0.0000000, 0.0000000, 0.0000000, 0.0466884, 0.0000000, 0.0466884, 0.0000000,
 @ *o*  @ 0.0000000, 0.0000000, 0.0000000, 0.0233442, 0.0000000, 0.0233442, 0.0000000,
 @ zr   @ 0.0000000, 0.0000000, 0.0431323, 0.0000000, 0.0000000, 0.0000000, 0.0000000,
 @ u235 @ 0.0032154, 0.0032154, 0.0000000, 0.0000000, 0.0000000, 0.0000000, 0.0000000,
 @ u238 @ 0.0215185, 0.0215185, 0.0000000, 0.0000000, 0.0000000, 0.0000000, 0.0000000,
 @ o    @ 0.0494677, 0.0494677, 0.0000000, 0.0000000, 0.0067340, 0.0000000, 0.0000000,
 @ n    @ 0.0000000, 0.0000000, 0.0000000, 0.0000000, 0.0000000, 0.0000000, 0.0000000,
 @ *c*  @ 0.0000000, 0.0000000, 0.0000000, 0.0000000, 0.0000000, 0.0000000, 0.0000000,
 @ al   @ 0.0000000, 0.0000000, 0.0000000, 0.0000000, 0.0000000, 0.0000000, 0.0000000,
 @ b-10 @ 0.0000000, 0.0000000, 0.0000000, 0.0000000, 0.0000000, 0.0000000, 0.0000000,
 @ c    @ 0.0000000, 0.0000000, 0.0000000, 0.0000000, 0.0000000, 0.0000000, 0.0000000,
 @ gd55 @ 0.0000000, 0.0000000, 0.0000000, 0.0000000, 0.0006644, 0.0000000, 0.0000000,
 @ gd57 @ 0.0000000, 0.0000000, 0.0000000, 0.0000000, 0.0007026, 0.0000000, 0.0000000,
 @ ni   @ 0.0000000, 0.0000000, 0.0000000, 0.0000000, 0.0000000, 0.0000000, 0.0421996,
 @ cr   @ 0.0000000, 0.0000000, 0.0000000, 0.0000000, 0.0000000, 0.0000000, 0.0316497,
 @ pu39 @ 0.0000000, 0.0000000, 0.0000000, 0.0000000, 0.0000000, 0.0000000, 0.0000000,
 @ pu40 @ 0.0000000, 0.0000000, 0.0000000, 0.0000000, 0.0000000, 0.0000000, 0.0000000,
 @ pu41 @ 0.0000000, 0.0000000, 0.0000000, 0.0000000, 0.0000000, 0.0000000, 0.0000000,
@-----------------------------------------------------------------------
 ntcell=1,2,3,4,5,6,
 krat= 51,18,9,6,7,36,
 alout=
       0.5882 , 0.1372 , 0.1176 , 0.0000 , 0.0000 , 0.1586,
       0.3888 , 0.3333 , 0.0000 , 0.2222 , 0.0555 , 0.0000,
       0.6666 , 0.0000 , 0.0000 , 0.0000 , 0.0000 , 0.3333,
       0.0000 , 0.6666 , 0.0000 , 0.0000 , 0.3333 , 0.0000,
       0.0000 , 0.1428 , 0.0000 , 0.2857 , 0.5714 , 0.0000,
       0.2222 , 0.0000 , 0.0833 , 0.0000 , 0.0000 , 0.6944,
 material(1)='chmc',
 &end
*h*
*o*
zr
u235
u238
o
n
*c*
al
b-10
c
gd55
gd57
ni
cr
pu39
pu40
pu41
****
:burn
 &vvod qv=105.5,dtim=50,
 &end
:corr
 &vvod &end
:burn
 &vvod qv=105.5,dtim=50,
 &end
:corr
 &vvod &end
:burn
 &vvod qv=105.5,dtim=50,
 &end
:corr
 &vvod &end
:burn
 &vvod qv=105.5,dtim=50,
 &end
:corr
 &vvod &end
:corr
 &vvod &end
:fier
 &vvod &end
:macro
 &vvod
  et=10.5e+6,2.15,2.15,0.,
 @nbv=1,1,1,1,1,1,1,1,1,1,1,1,1,1,
 &end
:stop
 ***** end of   file of input data set *******
:poly                                                                           
  rout and rin were constructed
Rout= 0.290, 0.340, 0.480, 0.290, 0.340, 0.480, 0.290, 0.340, 0.480, 0.175,
 0.225, 0.480, 0.290, 0.340, 0.480, 0.390, 0.480,
Rin = 0.000, 0.290, 0.340, 0.000, 0.290, 0.340, 0.000, 0.290, 0.340, 0.000,
 0.175, 0.225, 0.000, 0.290, 0.340, 0.000, 0.390,
  nsos  was constructed
nsos=  2,  3,  4,  2,  3,  4,  5,  3,  4,  5,
  3,  4,  6,  7,  4,  3,  4,
 definition izotr in sos           1:izotr=   5.000000    
 definition izotr in sos           2:izotr=   5.000000    
  *******<< check input data>> programm declare *******
    --undeclared parametr--cefzad  -- programm standart value --cefzad  =  0.100000E+01
  *******<< check input data>> programm declare *******
    --undeclared parametr--bakl    -- programm standart value --bakl    =  0.000000E+00
  *******<< check input data>> programm declare *******
    --undeclared parametr--alin    -- programm standart value --alin    =  0.000000E+00  0.000000E+00
     0.000000E+00  0.000000E+00  0.000000E+00  0.000000E+00  0.000000E+00  0.000000E+00  0.000000E+00
     0.000000E+00  0.000000E+00  0.000000E+00  0.000000E+00  0.000000E+00  0.000000E+00  0.000000E+00
     0.000000E+00  0.000000E+00  0.000000E+00  0.000000E+00  0.000000E+00  0.000000E+00  0.000000E+00
     0.000000E+00  0.000000E+00  0.000000E+00  0.000000E+00  0.000000E+00  0.000000E+00  0.000000E+00
     0.000000E+00  0.000000E+00  0.000000E+00  0.000000E+00  0.000000E+00  0.000000E+00
  *******<< check input data>> programm declare *******
    --undeclared parametr--alcorr  -- programm standart value --alcorr  =  0.100000E+01  0.100000E+01
     0.100000E+01  0.100000E+01  0.100000E+01  0.100000E+01  0.100000E+01  0.100000E+01  0.100000E+01
     0.100000E+01  0.100000E+01  0.100000E+01  0.100000E+01  0.100000E+01  0.100000E+01  0.100000E+01
     0.100000E+01  0.100000E+01  0.100000E+01  0.100000E+01  0.100000E+01  0.100000E+01  0.100000E+01
     0.100000E+01  0.100000E+01  0.100000E+01  0.100000E+01  0.100000E+01  0.100000E+01  0.100000E+01
     0.100000E+01  0.100000E+01  0.100000E+01  0.100000E+01  0.100000E+01  0.100000E+01
  *******<< check input data>> programm declare *******
    --uncorrected definition--alin    --bat programm use this value --alin      0.000000E+00  0.000000E+00
     0.000000E+00  0.000000E+00  0.000000E+00  0.000000E+00  0.000000E+00  0.000000E+00  0.000000E+00
     0.000000E+00  0.000000E+00  0.000000E+00  0.000000E+00  0.000000E+00  0.000000E+00  0.000000E+00
     0.000000E+00  0.000000E+00  0.000000E+00  0.000000E+00  0.000000E+00  0.000000E+00  0.000000E+00
     0.000000E+00  0.000000E+00  0.000000E+00  0.000000E+00  0.000000E+00  0.000000E+00  0.000000E+00
     0.000000E+00  0.000000E+00  0.000000E+00  0.000000E+00  0.000000E+00  0.000000E+00
  *******<< check input data>> programm declare *******
    --uncorrected definition--alout   --bat programm use this value --alout     0.588200E+00  0.137200E+00
     0.117600E+00  0.000000E+00  0.000000E+00  0.158600E+00  0.388800E+00  0.333300E+00  0.000000E+00
     0.222200E+00  0.555000E-01  0.000000E+00  0.666600E+00  0.000000E+00  0.000000E+00  0.000000E+00
     0.000000E+00  0.333300E+00  0.000000E+00  0.666600E+00  0.000000E+00  0.000000E+00  0.333300E+00
     0.000000E+00  0.000000E+00  0.142800E+00  0.000000E+00  0.285700E+00  0.571400E+00  0.000000E+00
     0.222200E+00  0.000000E+00  0.833000E-01  0.000000E+00  0.000000E+00  0.694400E+00
  *******<< check input data>> programm declare *******
    --undeclared parametr--nbv     -- programm standart value --nbv     =    1    1    1    1    1    1
       1    1    1    1    1    1    1    1    1    1    1
  *******<< check input data>> programm declare *******
    --undeclared parametr--et      -- programm standart value --et      =  0.105000E+08  0.215000E+01
     0.215000E+01  0.000000E+00
    ????  storage for pr. getter =     1700 ?? common /rrr/ rab(        0 )  ????
 ------------------------------------------------------------------------------
  backling =  0.0000000E+00
 ------------------------------------------------------------------------------
  number of cells =           6
          cell number    1  number of zone= 3
 << geometry characteristics >>
    geometry of cell- cilindrical index=           2
  kratnost of cell =   51.00000    
  inner radius of cell =  0.0000000E+00
  out square ratio =  0.5882000      0.1372000      0.1176000      0.0000000E+00
  0.0000000E+00  0.1586000    
 ------------------------------------------------------------------------------
 num zone      1           2           3
 radius   0.29000E+00 0.34000E+00 0.48000E+00
 temper   0.59700E+03 0.58300E+03 0.58300E+03
 rez_izot    u238        bad         bad 
 ------------------------------------------------------------------------------
    izotop   /             concentration number of izotops=69
  1 *h*      0.00000E+00 0.00000E+00 0.46688E-01
  2 *o*      0.00000E+00 0.00000E+00 0.23344E-01
  3 zr       0.00000E+00 0.43132E-01 0.00000E+00
  4 u235     0.32154E-02 0.00000E+00 0.00000E+00
  5 u238     0.21519E-01 0.00000E+00 0.00000E+00
  6 o        0.49468E-01 0.00000E+00 0.00000E+00
 ------------------------------------------------------------------------------
  number of cells =           6
          cell number    2  number of zone= 3
 << geometry characteristics >>
    geometry of cell- cilindrical index=           2
  kratnost of cell =   18.00000    
  inner radius of cell =  0.0000000E+00
  out square ratio =  0.3888000      0.3333000      0.0000000E+00  0.2222000    
  5.5500001E-02  0.0000000E+00
 ------------------------------------------------------------------------------
 num zone      4           5           6
 radius   0.29000E+00 0.34000E+00 0.48000E+00
 temper   0.59700E+03 0.58300E+03 0.58300E+03
 rez_izot    u238        bad         bad 
 ------------------------------------------------------------------------------
    izotop   /             concentration number of izotops=69
  1 *h*      0.00000E+00 0.00000E+00 0.46688E-01
  2 *o*      0.00000E+00 0.00000E+00 0.23344E-01
  3 zr       0.00000E+00 0.43132E-01 0.00000E+00
  4 u235     0.32154E-02 0.00000E+00 0.00000E+00
  5 u238     0.21519E-01 0.00000E+00 0.00000E+00
  6 o        0.49468E-01 0.00000E+00 0.00000E+00
 ------------------------------------------------------------------------------
  number of cells =           6
          cell number    3  number of zone= 3
 << geometry characteristics >>
    geometry of cell- cilindrical index=           2
  kratnost of cell =   9.000000    
  inner radius of cell =  0.0000000E+00
  out square ratio =  0.6666000      0.0000000E+00  0.0000000E+00  0.0000000E+00
  0.0000000E+00  0.3333000    
 ------------------------------------------------------------------------------
 num zone      7           8           9
 radius   0.29000E+00 0.34000E+00 0.48000E+00
 temper   0.58300E+03 0.58300E+03 0.58300E+03
 rez_izot    bad         bad         bad 
 ------------------------------------------------------------------------------
    izotop   /             concentration number of izotops=69
  1 *h*      0.00000E+00 0.00000E+00 0.46688E-01
  2 *o*      0.00000E+00 0.00000E+00 0.23344E-01
  3 zr       0.00000E+00 0.43132E-01 0.00000E+00
  6 o        0.67340E-02 0.00000E+00 0.00000E+00
 12 gd55     0.66440E-03 0.00000E+00 0.00000E+00
 13 gd57     0.70260E-03 0.00000E+00 0.00000E+00
 ------------------------------------------------------------------------------
  number of cells =           6
          cell number    4  number of zone= 3
 << geometry characteristics >>
    geometry of cell- cilindrical index=           2
  kratnost of cell =   6.000000    
  inner radius of cell =  0.0000000E+00
  out square ratio =  0.0000000E+00  0.6666000      0.0000000E+00  0.0000000E+00
  0.3333000      0.0000000E+00
 ------------------------------------------------------------------------------
 num zone     10          11          12
 radius   0.17500E+00 0.22500E+00 0.48000E+00
 temper   0.58300E+03 0.58300E+03 0.58300E+03
 rez_izot    bad         bad         bad 
 ------------------------------------------------------------------------------
    izotop   /             concentration number of izotops=69
  1 *h*      0.00000E+00 0.00000E+00 0.46688E-01
  2 *o*      0.00000E+00 0.00000E+00 0.23344E-01
  3 zr       0.00000E+00 0.43132E-01 0.00000E+00
  6 o        0.67340E-02 0.00000E+00 0.00000E+00
 12 gd55     0.66440E-03 0.00000E+00 0.00000E+00
 13 gd57     0.70260E-03 0.00000E+00 0.00000E+00
 ------------------------------------------------------------------------------
  number of cells =           6
          cell number    5  number of zone= 3
 << geometry characteristics >>
    geometry of cell- cilindrical index=           2
  kratnost of cell =   7.000000    
  inner radius of cell =  0.0000000E+00
  out square ratio =  0.0000000E+00  0.1428000      0.0000000E+00  0.2857000    
  0.5714000      0.0000000E+00
 ------------------------------------------------------------------------------
 num zone     13          14          15
 radius   0.29000E+00 0.34000E+00 0.48000E+00
 temper   0.58300E+03 0.30000E+03 0.58300E+03
 rez_izot    bad         bad         bad 
 ------------------------------------------------------------------------------
    izotop   /             concentration number of izotops=69
  1 *h*      0.46688E-01 0.00000E+00 0.46688E-01
  2 *o*      0.23344E-01 0.00000E+00 0.23344E-01
 14 ni       0.00000E+00 0.42200E-01 0.00000E+00
 15 cr       0.00000E+00 0.31650E-01 0.00000E+00
 ------------------------------------------------------------------------------
  number of cells =           6
          cell number    6  number of zone= 2
 << geometry characteristics >>
    geometry of cell- cilindrical index=           2
  kratnost of cell =   36.00000    
  inner radius of cell =  0.0000000E+00
  out square ratio =  0.2222000      0.0000000E+00  8.3300002E-02  0.0000000E+00
  0.0000000E+00  0.6944000    
 ------------------------------------------------------------------------------
 num zone     16          17
 radius   0.39000E+00 0.48000E+00
 temper   0.58300E+03 0.58300E+03
 rez_izot    bad         bad 
 ------------------------------------------------------------------------------
    izotop   /             concentration number of izotops=69
  1 *h*      0.00000E+00 0.46688E-01
  2 *o*      0.00000E+00 0.23344E-01
  3 zr       0.43132E-01 0.00000E+00
    > CONSYST Program Ver: 98.01 > started at  0: 0: 0:  
    { Manturov G., E-mail: abbn@ippe.rssi.ru}
 
       -------------------------------
 
       CONSYST INPUT DATA READ FROM : cons.dat
       CONSYST PROTOCOL STORED IN   : RESULT
       GMF X-SECTION'S FILE         : OUT
       TEMPORARY FILE               : RAB
       ABBN BASIC DATA SET FROM     : .\get-93\bin\Bnab90.lib
       ABBN MULTIC DATA SET FROM    : .\get-93\bin\Bnabmlt.lib
       ABBN THERMAL DATA SET FROM   : .\get-93\bin\BNABTHM.lib
 
    >>  K-inf(MLT)= 1.25479 Balance= 1.03337 NU= 2.71 FI-Sum=  7.46E+01
    >   Include Thermal Matrix > H(H2O):BNABTHM.BIN   Temp=  500K
    >   Include Thermal Matrix > H(H2O):BNABTHM.BIN   Temp=  600K
    >>  K-inf(MLT)= 1.25468 Balance= 1.03337 NU= 2.71 FI-Sum=  7.46E+01
    >   Include Thermal Matrix > H(H2O):BNABTHM.BIN   Temp=  500K
    >   Include Thermal Matrix > H(H2O):BNABTHM.BIN   Temp=  600K
    >   Include Thermal Matrix > H(H2O):BNABTHM.BIN   Temp=  500K
    >   Include Thermal Matrix > H(H2O):BNABTHM.BIN   Temp=  600K
    >   Include Thermal Matrix > H(H2O):BNABTHM.BIN   Temp=  500K
    >   Include Thermal Matrix > H(H2O):BNABTHM.BIN   Temp=  600K
    >   Include Thermal Matrix > H(H2O):BNABTHM.BIN   Temp=  500K
    >   Include Thermal Matrix > H(H2O):BNABTHM.BIN   Temp=  600K
    >   Include Thermal Matrix > H(H2O):BNABTHM.BIN   Temp=  500K
    >   Include Thermal Matrix > H(H2O):BNABTHM.BIN   Temp=  600K
    > CONSYST finished at  0: 0: 0:  
 therm. calculation avoided
 therm. calculation avoided
 therm. calculation avoided
 therm. calculation avoided
 therm. calculation avoided
 therm. calculation avoided
 therm. calculation avoided
 therm. calculation avoided
 *************************************************
   ***k(inf)= 1.19421     ***k(itt)= 1.22779     ***k(integ)= 1.19421    ***
   **bakl=  0.0000     **length= 0.10000E+11  ***
   **matr.  alout*alcorr a(k,i)(k=1,ncel) ***
     * 0.58820     0.13720     0.11760      0.0000      0.0000     0.15860    
     * 0.38880     0.33330      0.0000     0.22220     0.55500E-01  0.0000    
     * 0.66660      0.0000      0.0000      0.0000      0.0000     0.33330    
     *  0.0000     0.66660      0.0000      0.0000     0.33330      0.0000    
     *  0.0000     0.14280      0.0000     0.28570     0.57140      0.0000    
     * 0.22220      0.0000     0.83300E-01  0.0000      0.0000     0.69440    
 lokal kner      in cell ,ru=           1=  0.9817341      0.9851571    
 lokal kner      in cell ,ru=           2=   1.051753       1.042055    
 lokal kner      in cell ,ru=           3=  0.0000000E+00   1.243057    
 lokal kner      in cell ,ru=           4=  0.0000000E+00  0.8515548    
 lokal kner      in cell ,ru=           5=  0.0000000E+00  0.1071685    
 lokal kner      in cell ,ru=           6=  0.0000000E+00  3.0344900E-02
:burn                                                                           
 *** average burn up =   2.6958     (mbt*day)/(kg hm)
    > CONSYST Program Ver: 98.01 > started at  0: 0: 0:  
    { Manturov G., E-mail: abbn@ippe.rssi.ru}
 
       -------------------------------
 
       CONSYST INPUT DATA READ FROM : cons.dat
       CONSYST PROTOCOL STORED IN   : RESULT
       GMF X-SECTION'S FILE         : OUT
       TEMPORARY FILE               : RAB
       ABBN BASIC DATA SET FROM     : .\get-93\bin\Bnab90.lib
       ABBN MULTIC DATA SET FROM    : .\get-93\bin\Bnabmlt.lib
       ABBN THERMAL DATA SET FROM   : .\get-93\bin\BNABTHM.lib
 
    >>  K-inf(MLT)= 1.24458 Balance= 1.03299 NU= 2.71 FI-Sum=  7.51E+01
    >   Include Thermal Matrix > H(H2O):BNABTHM.BIN   Temp=  500K
    >   Include Thermal Matrix > H(H2O):BNABTHM.BIN   Temp=  600K
    >>  K-inf(MLT)= 1.24351 Balance= 1.03296 NU= 2.71 FI-Sum=  7.51E+01
    >   Include Thermal Matrix > H(H2O):BNABTHM.BIN   Temp=  500K
    >   Include Thermal Matrix > H(H2O):BNABTHM.BIN   Temp=  600K
    >   Include Thermal Matrix > H(H2O):BNABTHM.BIN   Temp=  500K
    >   Include Thermal Matrix > H(H2O):BNABTHM.BIN   Temp=  600K
    >   Include Thermal Matrix > H(H2O):BNABTHM.BIN   Temp=  500K
    >   Include Thermal Matrix > H(H2O):BNABTHM.BIN   Temp=  600K
    >   Include Thermal Matrix > H(H2O):BNABTHM.BIN   Temp=  500K
    >   Include Thermal Matrix > H(H2O):BNABTHM.BIN   Temp=  600K
    >   Include Thermal Matrix > H(H2O):BNABTHM.BIN   Temp=  500K
    >   Include Thermal Matrix > H(H2O):BNABTHM.BIN   Temp=  600K
    > CONSYST finished at  0: 0: 0:  
 therm. calculation avoided
 therm. calculation avoided
 therm. calculation avoided
 therm. calculation avoided
 therm. calculation avoided
 therm. calculation avoided
 therm. calculation avoided
 therm. calculation avoided
 therm. calculation avoided
 *************************************************
   ***k(inf)= 1.16592     ***k(itt)= 1.19869     ***k(integ)= 1.16592    ***
   **bakl=  0.0000     **length= 0.10000E+11  ***
   **matr.  alout*alcorr a(k,i)(k=1,ncel) ***
     * 0.58820     0.13720     0.11760      0.0000      0.0000     0.15860    
     * 0.38880     0.33330      0.0000     0.22220     0.55500E-01  0.0000    
     * 0.66660      0.0000      0.0000      0.0000      0.0000     0.33330    
     *  0.0000     0.66660      0.0000      0.0000     0.33330      0.0000    
     *  0.0000     0.14280      0.0000     0.28570     0.57140      0.0000    
     * 0.22220      0.0000     0.83300E-01  0.0000      0.0000     0.69440    
 lokal kner      in cell ,ru=           1=  0.9815040      0.9844326    
 lokal kner      in cell ,ru=           2=   1.052405       1.044108    
 lokal kner      in cell ,ru=           3=  0.0000000E+00   1.176264    
 lokal kner      in cell ,ru=           4=  0.0000000E+00  0.7946779    
 lokal kner      in cell ,ru=           5=  0.0000000E+00  0.1059184    
 lokal kner      in cell ,ru=           6=  0.0000000E+00  2.9890077E-02
:corr                                                                           
 ------------------------------------------------------------------------------
  backling =  0.0000000E+00
 ------------------------------------------------------------------------------
  number of cells =           6
          cell number    1  number of zone= 3
 << geometry characteristics >>
    geometry of cell- cilindrical index=           2
  kratnost of cell =   51.00000    
  inner radius of cell =  0.0000000E+00
  out square ratio =  0.5882000      0.1372000      0.1176000      0.0000000E+00
  0.0000000E+00  0.1586000    
 ------------------------------------------------------------------------------
 num zone      1           2           3
 radius   0.29000E+00 0.34000E+00 0.48000E+00
 temper   0.59700E+03 0.58300E+03 0.58300E+03
 rez_izot    u238        bad         bad 
 ------------------------------------------------------------------------------
    izotop   /             concentration number of izotops=69
  1 *h*      0.00000E+00 0.00000E+00 0.46688E-01
  2 *o*      0.00000E+00 0.00000E+00 0.23344E-01
  3 zr       0.00000E+00 0.43132E-01 0.00000E+00
  4 u235     0.31326E-02 0.00000E+00 0.00000E+00
  5 u238     0.21492E-01 0.00000E+00 0.00000E+00
  6 o        0.49468E-01 0.00000E+00 0.00000E+00
 12 gd55     0.20122E-09 0.00000E+00 0.00000E+00
 13 gd57     0.22209E-08 0.00000E+00 0.00000E+00
 16 pu39     0.20812E-04 0.00000E+00 0.00000E+00
 17 pu40     0.30717E-06 0.00000E+00 0.00000E+00
 18 pu41     0.22617E-07 0.00000E+00 0.00000E+00
 21 u236     0.18022E-04 0.00000E+00 0.00000E+00
 22 slag     0.30092E-04 0.00000E+00 0.00000E+00
 23 tc99     0.41804E-05 0.00000E+00 0.00000E+00
 24 rh03     0.22263E-05 0.00000E+00 0.00000E+00
 25 ag09     0.30646E-07 0.00000E+00 0.00000E+00
 26 cd13     0.49359E-08 0.00000E+00 0.00000E+00
 27 xe35     0.30228E-07 0.00000E+00 0.00000E+00
 28 sm49     0.37137E-06 0.00000E+00 0.00000E+00
 29 sm51     0.26786E-06 0.00000E+00 0.00000E+00
 30 eu55     0.19116E-07 0.00000E+00 0.00000E+00
 31 gd56     0.15134E-07 0.00000E+00 0.00000E+00
 32 np37     0.84201E-07 0.00000E+00 0.00000E+00
 33 np39     0.15736E-05 0.00000E+00 0.00000E+00
 34 pu38     0.81051E-09 0.00000E+00 0.00000E+00
 35 pu42     0.10209E-09 0.00000E+00 0.00000E+00
 36 am41     0.34985E-10 0.00000E+00 0.00000E+00
 37 am2m     0.48640E-13 0.00000E+00 0.00000E+00
 38 am43     0.67554E-12 0.00000E+00 0.00000E+00
 39 cm42     0.34253E-12 0.00000E+00 0.00000E+00
 40 cm44     0.63713E-14 0.00000E+00 0.00000E+00
 41 cm45     0.14889E-16 0.00000E+00 0.00000E+00
 46 sm52     0.21790E-06 0.00000E+00 0.00000E+00
 47 xe31     0.18865E-05 0.00000E+00 0.00000E+00
 48 cs33     0.45727E-05 0.00000E+00 0.00000E+00
 49 nd45     0.26592E-05 0.00000E+00 0.00000E+00
 50 nd43     0.39863E-05 0.00000E+00 0.00000E+00
 51 pm47     0.15059E-05 0.00000E+00 0.00000E+00
 52 mo95     0.43873E-05 0.00000E+00 0.00000E+00
 53 cs34     0.26916E-07 0.00000E+00 0.00000E+00
 54 pr41     0.39904E-05 0.00000E+00 0.00000E+00
 55 pm48     0.66952E-08 0.00000E+00 0.00000E+00
 56 pm8m     0.13827E-07 0.00000E+00 0.00000E+00
 57 rh05     0.32596E-07 0.00000E+00 0.00000E+00
 58 pm49     0.54159E-07 0.00000E+00 0.00000E+00
 59 kr83     0.36001E-06 0.00000E+00 0.00000E+00
 60 ru01     0.34607E-05 0.00000E+00 0.00000E+00
 61 pd05     0.71084E-06 0.00000E+00 0.00000E+00
 62 cs35     0.27522E-05 0.00000E+00 0.00000E+00
 63 sm50     0.39009E-06 0.00000E+00 0.00000E+00
 64 eu51     0.11849E-08 0.00000E+00 0.00000E+00
 65 eu53     0.92358E-08 0.00000E+00 0.00000E+00
 66 eu54     0.14994E-09 0.00000E+00 0.00000E+00
 67 gd54     0.42005E-12 0.00000E+00 0.00000E+00
 68 am42     0.43532E-13 0.00000E+00 0.00000E+00
 69 cm43     0.24376E-15 0.00000E+00 0.00000E+00
 ------------------------------------------------------------------------------
  number of cells =           6
          cell number    2  number of zone= 3
 << geometry characteristics >>
    geometry of cell- cilindrical index=           2
  kratnost of cell =   18.00000    
  inner radius of cell =  0.0000000E+00
  out square ratio =  0.3888000      0.3333000      0.0000000E+00  0.2222000    
  5.5500001E-02  0.0000000E+00
 ------------------------------------------------------------------------------
 num zone      4           5           6
 radius   0.29000E+00 0.34000E+00 0.48000E+00
 temper   0.59700E+03 0.58300E+03 0.58300E+03
 rez_izot    u238        bad         bad 
 ------------------------------------------------------------------------------
    izotop   /             concentration number of izotops=69
  1 *h*      0.00000E+00 0.00000E+00 0.46688E-01
  2 *o*      0.00000E+00 0.00000E+00 0.23344E-01
  3 zr       0.00000E+00 0.43132E-01 0.00000E+00
  4 u235     0.31269E-02 0.00000E+00 0.00000E+00
  5 u238     0.21492E-01 0.00000E+00 0.00000E+00
  6 o        0.49468E-01 0.00000E+00 0.00000E+00
 12 gd55     0.20715E-09 0.00000E+00 0.00000E+00
 13 gd57     0.21389E-08 0.00000E+00 0.00000E+00
 16 pu39     0.21160E-04 0.00000E+00 0.00000E+00
 17 pu40     0.33808E-06 0.00000E+00 0.00000E+00
 18 pu41     0.25883E-07 0.00000E+00 0.00000E+00
 21 u236     0.18954E-04 0.00000E+00 0.00000E+00
 22 slag     0.32401E-04 0.00000E+00 0.00000E+00
 23 tc99     0.44774E-05 0.00000E+00 0.00000E+00
 24 rh03     0.23776E-05 0.00000E+00 0.00000E+00
 25 ag09     0.32826E-07 0.00000E+00 0.00000E+00
 26 cd13     0.49427E-08 0.00000E+00 0.00000E+00
 27 xe35     0.30759E-07 0.00000E+00 0.00000E+00
 28 sm49     0.36688E-06 0.00000E+00 0.00000E+00
 29 sm51     0.28290E-06 0.00000E+00 0.00000E+00
 30 eu55     0.20081E-07 0.00000E+00 0.00000E+00
 31 gd56     0.16490E-07 0.00000E+00 0.00000E+00
 32 np37     0.90565E-07 0.00000E+00 0.00000E+00
 33 np39     0.16056E-05 0.00000E+00 0.00000E+00
 34 pu38     0.90545E-09 0.00000E+00 0.00000E+00
 35 pu42     0.12697E-09 0.00000E+00 0.00000E+00
 36 am41     0.40044E-10 0.00000E+00 0.00000E+00
 37 am2m     0.58814E-13 0.00000E+00 0.00000E+00
 38 am43     0.87345E-12 0.00000E+00 0.00000E+00
 39 cm42     0.41570E-12 0.00000E+00 0.00000E+00
 40 cm44     0.84810E-14 0.00000E+00 0.00000E+00
 41 cm45     0.20345E-16 0.00000E+00 0.00000E+00
 46 sm52     0.23590E-06 0.00000E+00 0.00000E+00
 47 xe31     0.20194E-05 0.00000E+00 0.00000E+00
 48 cs33     0.48980E-05 0.00000E+00 0.00000E+00
 49 nd45     0.28481E-05 0.00000E+00 0.00000E+00
 50 nd43     0.42703E-05 0.00000E+00 0.00000E+00
 51 pm47     0.16110E-05 0.00000E+00 0.00000E+00
 52 mo95     0.47016E-05 0.00000E+00 0.00000E+00
 53 cs34     0.29730E-07 0.00000E+00 0.00000E+00
 54 pr41     0.42725E-05 0.00000E+00 0.00000E+00
 55 pm48     0.73830E-08 0.00000E+00 0.00000E+00
 56 pm8m     0.14866E-07 0.00000E+00 0.00000E+00
 57 rh05     0.34691E-07 0.00000E+00 0.00000E+00
 58 pm49     0.57977E-07 0.00000E+00 0.00000E+00
 59 kr83     0.38578E-06 0.00000E+00 0.00000E+00
 60 ru01     0.37070E-05 0.00000E+00 0.00000E+00
 61 pd05     0.75606E-06 0.00000E+00 0.00000E+00
 62 cs35     0.28031E-05 0.00000E+00 0.00000E+00
 63 sm50     0.44776E-06 0.00000E+00 0.00000E+00
 64 eu51     0.14182E-08 0.00000E+00 0.00000E+00
 65 eu53     0.10268E-07 0.00000E+00 0.00000E+00
 66 eu54     0.17172E-09 0.00000E+00 0.00000E+00
 67 gd54     0.48067E-12 0.00000E+00 0.00000E+00
 68 am42     0.52789E-13 0.00000E+00 0.00000E+00
 69 cm43     0.30092E-15 0.00000E+00 0.00000E+00
 ------------------------------------------------------------------------------
  number of cells =           6
          cell number    3  number of zone= 3
 << geometry characteristics >>
    geometry of cell- cilindrical index=           2
  kratnost of cell =   9.000000    
  inner radius of cell =  0.0000000E+00
  out square ratio =  0.6666000      0.0000000E+00  0.0000000E+00  0.0000000E+00
  0.0000000E+00  0.3333000    
 ------------------------------------------------------------------------------
 num zone      7           8           9
 radius   0.29000E+00 0.34000E+00 0.48000E+00
 temper   0.58300E+03 0.58300E+03 0.58300E+03
 rez_izot    bad         bad         bad 
 ------------------------------------------------------------------------------
    izotop   /             concentration number of izotops=69
  1 *h*      0.00000E+00 0.00000E+00 0.46688E-01
  2 *o*      0.00000E+00 0.00000E+00 0.23344E-01
  3 zr       0.00000E+00 0.43132E-01 0.00000E+00
  6 o        0.67340E-02 0.00000E+00 0.00000E+00
 12 gd55     0.62220E-03 0.00000E+00 0.00000E+00
 13 gd57     0.61277E-03 0.00000E+00 0.00000E+00
 22 slag     0.89913E-04 0.00000E+00 0.00000E+00
 31 gd56     0.42125E-04 0.00000E+00 0.00000E+00
 ------------------------------------------------------------------------------
  number of cells =           6
          cell number    4  number of zone= 3
 << geometry characteristics >>
    geometry of cell- cilindrical index=           2
  kratnost of cell =   6.000000    
  inner radius of cell =  0.0000000E+00
  out square ratio =  0.0000000E+00  0.6666000      0.0000000E+00  0.0000000E+00
  0.3333000      0.0000000E+00
 ------------------------------------------------------------------------------
 num zone     10          11          12
 radius   0.17500E+00 0.22500E+00 0.48000E+00
 temper   0.58300E+03 0.58300E+03 0.58300E+03
 rez_izot    bad         bad         bad 
 ------------------------------------------------------------------------------
    izotop   /             concentration number of izotops=69
  1 *h*      0.00000E+00 0.00000E+00 0.46688E-01
  2 *o*      0.00000E+00 0.00000E+00 0.23344E-01
  3 zr       0.00000E+00 0.43132E-01 0.00000E+00
  6 o        0.67340E-02 0.00000E+00 0.00000E+00
 12 gd55     0.59968E-03 0.00000E+00 0.00000E+00
 13 gd57     0.53540E-03 0.00000E+00 0.00000E+00
 22 slag     0.16732E-03 0.00000E+00 0.00000E+00
 31 gd56     0.64598E-04 0.00000E+00 0.00000E+00
 ------------------------------------------------------------------------------
  number of cells =           6
          cell number    5  number of zone= 3
 << geometry characteristics >>
    geometry of cell- cilindrical index=           2
  kratnost of cell =   7.000000    
  inner radius of cell =  0.0000000E+00
  out square ratio =  0.0000000E+00  0.1428000      0.0000000E+00  0.2857000    
  0.5714000      0.0000000E+00
 ------------------------------------------------------------------------------
 num zone     13          14          15
 radius   0.29000E+00 0.34000E+00 0.48000E+00
 temper   0.58300E+03 0.30000E+03 0.58300E+03
 rez_izot    bad         bad         bad 
 ------------------------------------------------------------------------------
    izotop   /             concentration number of izotops=69
  1 *h*      0.46688E-01 0.00000E+00 0.46688E-01
  2 *o*      0.23344E-01 0.00000E+00 0.23344E-01
 14 ni       0.00000E+00 0.42200E-01 0.00000E+00
 15 cr       0.00000E+00 0.31650E-01 0.00000E+00
 ------------------------------------------------------------------------------
  number of cells =           6
          cell number    6  number of zone= 2
 << geometry characteristics >>
    geometry of cell- cilindrical index=           2
  kratnost of cell =   36.00000    
  inner radius of cell =  0.0000000E+00
  out square ratio =  0.2222000      0.0000000E+00  8.3300002E-02  0.0000000E+00
  0.0000000E+00  0.6944000    
 ------------------------------------------------------------------------------
 num zone     16          17
 radius   0.39000E+00 0.48000E+00
 temper   0.58300E+03 0.58300E+03
 rez_izot    bad         bad 
 ------------------------------------------------------------------------------
    izotop   /             concentration number of izotops=69
  1 *h*      0.00000E+00 0.46688E-01
  2 *o*      0.00000E+00 0.23344E-01
  3 zr       0.43132E-01 0.00000E+00
:burn                                                                           
 *** average burn up =   5.4025     (mbt*day)/(kg hm)
    > CONSYST Program Ver: 98.01 > started at  0: 0: 0:  
    { Manturov G., E-mail: abbn@ippe.rssi.ru}
 
       -------------------------------
 
       CONSYST INPUT DATA READ FROM : cons.dat
       CONSYST PROTOCOL STORED IN   : RESULT
       GMF X-SECTION'S FILE         : OUT
       TEMPORARY FILE               : RAB
       ABBN BASIC DATA SET FROM     : .\get-93\bin\Bnab90.lib
       ABBN MULTIC DATA SET FROM    : .\get-93\bin\Bnabmlt.lib
       ABBN THERMAL DATA SET FROM   : .\get-93\bin\BNABTHM.lib
 
    >>  K-inf(MLT)= 1.23466 Balance= 1.03260 NU= 2.71 FI-Sum=  7.55E+01
    >   Include Thermal Matrix > H(H2O):BNABTHM.BIN   Temp=  500K
    >   Include Thermal Matrix > H(H2O):BNABTHM.BIN   Temp=  600K
    >>  K-inf(MLT)= 1.23257 Balance= 1.03255 NU= 2.71 FI-Sum=  7.56E+01
    >   Include Thermal Matrix > H(H2O):BNABTHM.BIN   Temp=  500K
    >   Include Thermal Matrix > H(H2O):BNABTHM.BIN   Temp=  600K
    >   Include Thermal Matrix > H(H2O):BNABTHM.BIN   Temp=  500K
    >   Include Thermal Matrix > H(H2O):BNABTHM.BIN   Temp=  600K
    >   Include Thermal Matrix > H(H2O):BNABTHM.BIN   Temp=  500K
    >   Include Thermal Matrix > H(H2O):BNABTHM.BIN   Temp=  600K
    >   Include Thermal Matrix > H(H2O):BNABTHM.BIN   Temp=  500K
    >   Include Thermal Matrix > H(H2O):BNABTHM.BIN   Temp=  600K
    >   Include Thermal Matrix > H(H2O):BNABTHM.BIN   Temp=  500K
    >   Include Thermal Matrix > H(H2O):BNABTHM.BIN   Temp=  600K
    > CONSYST finished at  0: 0: 0:  
 therm. calculation avoided
 therm. calculation avoided
 therm. calculation avoided
 therm. calculation avoided
 therm. calculation avoided
 therm. calculation avoided
 therm. calculation avoided
 therm. calculation avoided
 *************************************************
   ***k(inf)= 1.16160     ***k(itt)= 1.19427     ***k(integ)= 1.16160    ***
   **bakl=  0.0000     **length= 0.10000E+11  ***
   **matr.  alout*alcorr a(k,i)(k=1,ncel) ***
     * 0.58820     0.13720     0.11760      0.0000      0.0000     0.15860    
     * 0.38880     0.33330      0.0000     0.22220     0.55500E-01  0.0000    
     * 0.66660      0.0000      0.0000      0.0000      0.0000     0.33330    
     *  0.0000     0.66660      0.0000      0.0000     0.33330      0.0000    
     *  0.0000     0.14280      0.0000     0.28570     0.57140      0.0000    
     * 0.22220      0.0000     0.83300E-01  0.0000      0.0000     0.69440    
 lokal kner      in cell ,ru=           1=  0.9808602      0.9838314    
 lokal kner      in cell ,ru=           2=   1.054229       1.045811    
 lokal kner      in cell ,ru=           3=  0.0000000E+00   1.127426    
 lokal kner      in cell ,ru=           4=  0.0000000E+00  0.7466094    
 lokal kner      in cell ,ru=           5=  0.0000000E+00  0.1060380    
 lokal kner      in cell ,ru=           6=  0.0000000E+00  2.9678272E-02
:corr                                                                           
 ------------------------------------------------------------------------------
  backling =  0.0000000E+00
 ------------------------------------------------------------------------------
  number of cells =           6
          cell number    1  number of zone= 3
 << geometry characteristics >>
    geometry of cell- cilindrical index=           2
  kratnost of cell =   51.00000    
  inner radius of cell =  0.0000000E+00
  out square ratio =  0.5882000      0.1372000      0.1176000      0.0000000E+00
  0.0000000E+00  0.1586000    
 ------------------------------------------------------------------------------
 num zone      1           2           3
 radius   0.29000E+00 0.34000E+00 0.48000E+00
 temper   0.59700E+03 0.58300E+03 0.58300E+03
 rez_izot    u238        bad         bad 
 ------------------------------------------------------------------------------
    izotop   /             concentration number of izotops=69
  1 *h*      0.00000E+00 0.00000E+00 0.46688E-01
  2 *o*      0.00000E+00 0.00000E+00 0.23344E-01
  3 zr       0.00000E+00 0.43132E-01 0.00000E+00
  4 u235     0.30512E-02 0.00000E+00 0.00000E+00
  5 u238     0.21465E-01 0.00000E+00 0.00000E+00
  6 o        0.49468E-01 0.00000E+00 0.00000E+00
 12 gd55     0.58572E-09 0.00000E+00 0.00000E+00
 13 gd57     0.28932E-08 0.00000E+00 0.00000E+00
 16 pu39     0.41845E-04 0.00000E+00 0.00000E+00
 17 pu40     0.11936E-05 0.00000E+00 0.00000E+00
 18 pu41     0.18021E-06 0.00000E+00 0.00000E+00
 21 u236     0.35699E-04 0.00000E+00 0.00000E+00
 22 slag     0.60553E-04 0.00000E+00 0.00000E+00
 23 tc99     0.83236E-05 0.00000E+00 0.00000E+00
 24 rh03     0.44147E-05 0.00000E+00 0.00000E+00
 25 ag09     0.72534E-07 0.00000E+00 0.00000E+00
 26 cd13     0.68755E-08 0.00000E+00 0.00000E+00
 27 xe35     0.30566E-07 0.00000E+00 0.00000E+00
 28 sm49     0.46434E-06 0.00000E+00 0.00000E+00
 29 sm51     0.47935E-06 0.00000E+00 0.00000E+00
 30 eu55     0.30951E-07 0.00000E+00 0.00000E+00
 31 gd56     0.39657E-07 0.00000E+00 0.00000E+00
 32 np37     0.32562E-06 0.00000E+00 0.00000E+00
 33 np39     0.16146E-05 0.00000E+00 0.00000E+00
 34 pu38     0.64246E-08 0.00000E+00 0.00000E+00
 35 pu42     0.16922E-08 0.00000E+00 0.00000E+00
 36 am41     0.57334E-09 0.00000E+00 0.00000E+00
 37 am2m     0.16196E-11 0.00000E+00 0.00000E+00
 38 am43     0.23727E-10 0.00000E+00 0.00000E+00
 39 cm42     0.12030E-10 0.00000E+00 0.00000E+00
 40 cm44     0.47254E-12 0.00000E+00 0.00000E+00
 41 cm45     0.22924E-14 0.00000E+00 0.00000E+00
 46 sm52     0.47895E-06 0.00000E+00 0.00000E+00
 47 xe31     0.37273E-05 0.00000E+00 0.00000E+00
 48 cs33     0.90930E-05 0.00000E+00 0.00000E+00
 49 nd45     0.52859E-05 0.00000E+00 0.00000E+00
 50 nd43     0.79106E-05 0.00000E+00 0.00000E+00
 51 pm47     0.28646E-05 0.00000E+00 0.00000E+00
 52 mo95     0.87339E-05 0.00000E+00 0.00000E+00
 53 cs34     0.10670E-06 0.00000E+00 0.00000E+00
 54 pr41     0.79724E-05 0.00000E+00 0.00000E+00
 55 pm48     0.13993E-07 0.00000E+00 0.00000E+00
 56 pm8m     0.36400E-07 0.00000E+00 0.00000E+00
 57 rh05     0.34855E-07 0.00000E+00 0.00000E+00
 58 pm49     0.55761E-07 0.00000E+00 0.00000E+00
 59 kr83     0.71393E-06 0.00000E+00 0.00000E+00
 60 ru01     0.69078E-05 0.00000E+00 0.00000E+00
 61 pd05     0.15019E-05 0.00000E+00 0.00000E+00
 62 cs35     0.55474E-05 0.00000E+00 0.00000E+00
 63 sm50     0.11282E-05 0.00000E+00 0.00000E+00
 64 eu51     0.68814E-08 0.00000E+00 0.00000E+00
 65 eu53     0.40010E-07 0.00000E+00 0.00000E+00
 66 eu54     0.12668E-08 0.00000E+00 0.00000E+00
 67 gd54     0.70201E-11 0.00000E+00 0.00000E+00
 68 am42     0.75528E-12 0.00000E+00 0.00000E+00
 69 cm43     0.18159E-13 0.00000E+00 0.00000E+00
 ------------------------------------------------------------------------------
  number of cells =           6
          cell number    2  number of zone= 3
 << geometry characteristics >>
    geometry of cell- cilindrical index=           2
  kratnost of cell =   18.00000    
  inner radius of cell =  0.0000000E+00
  out square ratio =  0.3888000      0.3333000      0.0000000E+00  0.2222000    
  5.5500001E-02  0.0000000E+00
 ------------------------------------------------------------------------------
 num zone      4           5           6
 radius   0.29000E+00 0.34000E+00 0.48000E+00
 temper   0.59700E+03 0.58300E+03 0.58300E+03
 rez_izot    u238        bad         bad 
 ------------------------------------------------------------------------------
    izotop   /             concentration number of izotops=69
  1 *h*      0.00000E+00 0.00000E+00 0.46688E-01
  2 *o*      0.00000E+00 0.00000E+00 0.23344E-01
  3 zr       0.00000E+00 0.43132E-01 0.00000E+00
  4 u235     0.30399E-02 0.00000E+00 0.00000E+00
  5 u238     0.21464E-01 0.00000E+00 0.00000E+00
  6 o        0.49468E-01 0.00000E+00 0.00000E+00
 12 gd55     0.58517E-09 0.00000E+00 0.00000E+00
 13 gd57     0.27208E-08 0.00000E+00 0.00000E+00
 16 pu39     0.42385E-04 0.00000E+00 0.00000E+00
 17 pu40     0.13110E-05 0.00000E+00 0.00000E+00
 18 pu41     0.20557E-06 0.00000E+00 0.00000E+00
 21 u236     0.37527E-04 0.00000E+00 0.00000E+00
 22 slag     0.65241E-04 0.00000E+00 0.00000E+00
 23 tc99     0.89170E-05 0.00000E+00 0.00000E+00
 24 rh03     0.47144E-05 0.00000E+00 0.00000E+00
 25 ag09     0.78120E-07 0.00000E+00 0.00000E+00
 26 cd13     0.66774E-08 0.00000E+00 0.00000E+00
 27 xe35     0.31074E-07 0.00000E+00 0.00000E+00
 28 sm49     0.44348E-06 0.00000E+00 0.00000E+00
 29 sm51     0.50094E-06 0.00000E+00 0.00000E+00
 30 eu55     0.32211E-07 0.00000E+00 0.00000E+00
 31 gd56     0.43329E-07 0.00000E+00 0.00000E+00
 32 np37     0.34948E-06 0.00000E+00 0.00000E+00
 33 np39     0.16478E-05 0.00000E+00 0.00000E+00
 34 pu38     0.71677E-08 0.00000E+00 0.00000E+00
 35 pu42     0.21053E-08 0.00000E+00 0.00000E+00
 36 am41     0.65369E-09 0.00000E+00 0.00000E+00
 37 am2m     0.19473E-11 0.00000E+00 0.00000E+00
 38 am43     0.30700E-10 0.00000E+00 0.00000E+00
 39 cm42     0.14574E-10 0.00000E+00 0.00000E+00
 40 cm44     0.62930E-12 0.00000E+00 0.00000E+00
 41 cm45     0.31300E-14 0.00000E+00 0.00000E+00
 46 sm52     0.52203E-06 0.00000E+00 0.00000E+00
 47 xe31     0.39900E-05 0.00000E+00 0.00000E+00
 48 cs33     0.97418E-05 0.00000E+00 0.00000E+00
 49 nd45     0.56626E-05 0.00000E+00 0.00000E+00
 50 nd43     0.84730E-05 0.00000E+00 0.00000E+00
 51 pm47     0.30626E-05 0.00000E+00 0.00000E+00
 52 mo95     0.93622E-05 0.00000E+00 0.00000E+00
 53 cs34     0.11785E-06 0.00000E+00 0.00000E+00
 54 pr41     0.85389E-05 0.00000E+00 0.00000E+00
 55 pm48     0.15420E-07 0.00000E+00 0.00000E+00
 56 pm8m     0.38525E-07 0.00000E+00 0.00000E+00
 57 rh05     0.37196E-07 0.00000E+00 0.00000E+00
 58 pm49     0.59889E-07 0.00000E+00 0.00000E+00
 59 kr83     0.76500E-06 0.00000E+00 0.00000E+00
 60 ru01     0.74023E-05 0.00000E+00 0.00000E+00
 61 pd05     0.15997E-05 0.00000E+00 0.00000E+00
 62 cs35     0.56464E-05 0.00000E+00 0.00000E+00
 63 sm50     0.12625E-05 0.00000E+00 0.00000E+00
 64 eu51     0.80668E-08 0.00000E+00 0.00000E+00
 65 eu53     0.44783E-07 0.00000E+00 0.00000E+00
 66 eu54     0.14563E-08 0.00000E+00 0.00000E+00
 67 gd54     0.80597E-11 0.00000E+00 0.00000E+00
 68 am42     0.91401E-12 0.00000E+00 0.00000E+00
 69 cm43     0.22371E-13 0.00000E+00 0.00000E+00
 ------------------------------------------------------------------------------
  number of cells =           6
          cell number    3  number of zone= 3
 << geometry characteristics >>
    geometry of cell- cilindrical index=           2
  kratnost of cell =   9.000000    
  inner radius of cell =  0.0000000E+00
  out square ratio =  0.6666000      0.0000000E+00  0.0000000E+00  0.0000000E+00
  0.0000000E+00  0.3333000    
 ------------------------------------------------------------------------------
 num zone      7           8           9
 radius   0.29000E+00 0.34000E+00 0.48000E+00
 temper   0.58300E+03 0.58300E+03 0.58300E+03
 rez_izot    bad         bad         bad 
 ------------------------------------------------------------------------------
    izotop   /             concentration number of izotops=69
  1 *h*      0.00000E+00 0.00000E+00 0.46688E-01
  2 *o*      0.00000E+00 0.00000E+00 0.23344E-01
  3 zr       0.00000E+00 0.43132E-01 0.00000E+00
  6 o        0.67340E-02 0.00000E+00 0.00000E+00
 12 gd55     0.57978E-03 0.00000E+00 0.00000E+00
 13 gd57     0.52661E-03 0.00000E+00 0.00000E+00
 22 slag     0.17631E-03 0.00000E+00 0.00000E+00
 31 gd56     0.84298E-04 0.00000E+00 0.00000E+00
 ------------------------------------------------------------------------------
  number of cells =           6
          cell number    4  number of zone= 3
 << geometry characteristics >>
    geometry of cell- cilindrical index=           2
  kratnost of cell =   6.000000    
  inner radius of cell =  0.0000000E+00
  out square ratio =  0.0000000E+00  0.6666000      0.0000000E+00  0.0000000E+00
  0.3333000      0.0000000E+00
 ------------------------------------------------------------------------------
 num zone     10          11          12
 radius   0.17500E+00 0.22500E+00 0.48000E+00
 temper   0.58300E+03 0.58300E+03 0.58300E+03
 rez_izot    bad         bad         bad 
 ------------------------------------------------------------------------------
    izotop   /             concentration number of izotops=69
  1 *h*      0.00000E+00 0.00000E+00 0.46688E-01
  2 *o*      0.00000E+00 0.00000E+00 0.23344E-01
  3 zr       0.00000E+00 0.43132E-01 0.00000E+00
  6 o        0.67340E-02 0.00000E+00 0.00000E+00
 12 gd55     0.53254E-03 0.00000E+00 0.00000E+00
 13 gd57     0.38351E-03 0.00000E+00 0.00000E+00
 22 slag     0.31961E-03 0.00000E+00 0.00000E+00
 31 gd56     0.13134E-03 0.00000E+00 0.00000E+00
 ------------------------------------------------------------------------------
  number of cells =           6
          cell number    5  number of zone= 3
 << geometry characteristics >>
    geometry of cell- cilindrical index=           2
  kratnost of cell =   7.000000    
  inner radius of cell =  0.0000000E+00
  out square ratio =  0.0000000E+00  0.1428000      0.0000000E+00  0.2857000    
  0.5714000      0.0000000E+00
 ------------------------------------------------------------------------------
 num zone     13          14          15
 radius   0.29000E+00 0.34000E+00 0.48000E+00
 temper   0.58300E+03 0.30000E+03 0.58300E+03
 rez_izot    bad         bad         bad 
 ------------------------------------------------------------------------------
    izotop   /             concentration number of izotops=69
  1 *h*      0.46688E-01 0.00000E+00 0.46688E-01
  2 *o*      0.23344E-01 0.00000E+00 0.23344E-01
 14 ni       0.00000E+00 0.42200E-01 0.00000E+00
 15 cr       0.00000E+00 0.31650E-01 0.00000E+00
 ------------------------------------------------------------------------------
  number of cells =           6
          cell number    6  number of zone= 2
 << geometry characteristics >>
    geometry of cell- cilindrical index=           2
  kratnost of cell =   36.00000    
  inner radius of cell =  0.0000000E+00
  out square ratio =  0.2222000      0.0000000E+00  8.3300002E-02  0.0000000E+00
  0.0000000E+00  0.6944000    
 ------------------------------------------------------------------------------
 num zone     16          17
 radius   0.39000E+00 0.48000E+00
 temper   0.58300E+03 0.58300E+03
 rez_izot    bad         bad 
 ------------------------------------------------------------------------------
    izotop   /             concentration number of izotops=69
  1 *h*      0.00000E+00 0.46688E-01
  2 *o*      0.00000E+00 0.23344E-01
  3 zr       0.43132E-01 0.00000E+00
:burn                                                                           
 *** average burn up =   8.1165     (mbt*day)/(kg hm)
    > CONSYST Program Ver: 98.01 > started at  0: 0: 0:  
    { Manturov G., E-mail: abbn@ippe.rssi.ru}
 
       -------------------------------
 
       CONSYST INPUT DATA READ FROM : cons.dat
       CONSYST PROTOCOL STORED IN   : RESULT
       GMF X-SECTION'S FILE         : OUT
       TEMPORARY FILE               : RAB
       ABBN BASIC DATA SET FROM     : .\get-93\bin\Bnab90.lib
       ABBN MULTIC DATA SET FROM    : .\get-93\bin\Bnabmlt.lib
       ABBN THERMAL DATA SET FROM   : .\get-93\bin\BNABTHM.lib
 
    >>  K-inf(MLT)= 1.22456 Balance= 1.03221 NU= 2.71 FI-Sum=  7.60E+01
    >   Include Thermal Matrix > H(H2O):BNABTHM.BIN   Temp=  500K
    >   Include Thermal Matrix > H(H2O):BNABTHM.BIN   Temp=  600K
    >>  K-inf(MLT)= 1.22140 Balance= 1.03214 NU= 2.71 FI-Sum=  7.61E+01
    >   Include Thermal Matrix > H(H2O):BNABTHM.BIN   Temp=  500K
    >   Include Thermal Matrix > H(H2O):BNABTHM.BIN   Temp=  600K
    >   Include Thermal Matrix > H(H2O):BNABTHM.BIN   Temp=  500K
    >   Include Thermal Matrix > H(H2O):BNABTHM.BIN   Temp=  600K
    >   Include Thermal Matrix > H(H2O):BNABTHM.BIN   Temp=  500K
    >   Include Thermal Matrix > H(H2O):BNABTHM.BIN   Temp=  600K
    >   Include Thermal Matrix > H(H2O):BNABTHM.BIN   Temp=  500K
    >   Include Thermal Matrix > H(H2O):BNABTHM.BIN   Temp=  600K
    >   Include Thermal Matrix > H(H2O):BNABTHM.BIN   Temp=  500K
    >   Include Thermal Matrix > H(H2O):BNABTHM.BIN   Temp=  600K
    > CONSYST finished at  0: 0: 0:  
 therm. calculation avoided
 therm. calculation avoided
 therm. calculation avoided
 therm. calculation avoided
 therm. calculation avoided
 therm. calculation avoided
 therm. calculation avoided
 therm. calculation avoided
 *************************************************
   ***k(inf)= 1.15909     ***k(itt)= 1.19171     ***k(integ)= 1.15909    ***
   **bakl=  0.0000     **length= 0.10000E+11  ***
   **matr.  alout*alcorr a(k,i)(k=1,ncel) ***
     * 0.58820     0.13720     0.11760      0.0000      0.0000     0.15860    
     * 0.38880     0.33330      0.0000     0.22220     0.55500E-01  0.0000    
     * 0.66660      0.0000      0.0000      0.0000      0.0000     0.33330    
     *  0.0000     0.66660      0.0000      0.0000     0.33330      0.0000    
     *  0.0000     0.14280      0.0000     0.28570     0.57140      0.0000    
     * 0.22220      0.0000     0.83300E-01  0.0000      0.0000     0.69440    
 lokal kner      in cell ,ru=           1=  0.9801253      0.9831391    
 lokal kner      in cell ,ru=           2=   1.056311       1.047773    
 lokal kner      in cell ,ru=           3=  0.0000000E+00   1.079654    
 lokal kner      in cell ,ru=           4=  0.0000000E+00  0.6929418    
 lokal kner      in cell ,ru=           5=  0.0000000E+00  0.1063131    
 lokal kner      in cell ,ru=           6=  0.0000000E+00  2.9488686E-02
:corr                                                                           
 ------------------------------------------------------------------------------
  backling =  0.0000000E+00
 ------------------------------------------------------------------------------
  number of cells =           6
          cell number    1  number of zone= 3
 << geometry characteristics >>
    geometry of cell- cilindrical index=           2
  kratnost of cell =   51.00000    
  inner radius of cell =  0.0000000E+00
  out square ratio =  0.5882000      0.1372000      0.1176000      0.0000000E+00
  0.0000000E+00  0.1586000    
 ------------------------------------------------------------------------------
 num zone      1           2           3
 radius   0.29000E+00 0.34000E+00 0.48000E+00
 temper   0.59700E+03 0.58300E+03 0.58300E+03
 rez_izot    u238        bad         bad 
 ------------------------------------------------------------------------------
    izotop   /             concentration number of izotops=69
  1 *h*      0.00000E+00 0.00000E+00 0.46688E-01
  2 *o*      0.00000E+00 0.00000E+00 0.23344E-01
  3 zr       0.00000E+00 0.43132E-01 0.00000E+00
  4 u235     0.29715E-02 0.00000E+00 0.00000E+00
  5 u238     0.21438E-01 0.00000E+00 0.00000E+00
  6 o        0.49468E-01 0.00000E+00 0.00000E+00
 12 gd55     0.97699E-09 0.00000E+00 0.00000E+00
 13 gd57     0.33030E-08 0.00000E+00 0.00000E+00
 16 pu39     0.61310E-04 0.00000E+00 0.00000E+00
 17 pu40     0.24977E-05 0.00000E+00 0.00000E+00
 18 pu41     0.56425E-06 0.00000E+00 0.00000E+00
 21 u236     0.52903E-04 0.00000E+00 0.00000E+00
 22 slag     0.91344E-04 0.00000E+00 0.00000E+00
 23 tc99     0.12424E-04 0.00000E+00 0.00000E+00
 24 rh03     0.65588E-05 0.00000E+00 0.00000E+00
 25 ag09     0.12442E-06 0.00000E+00 0.00000E+00
 26 cd13     0.78527E-08 0.00000E+00 0.00000E+00
 27 xe35     0.30475E-07 0.00000E+00 0.00000E+00
 28 sm49     0.48864E-06 0.00000E+00 0.00000E+00
 29 sm51     0.64545E-06 0.00000E+00 0.00000E+00
 30 eu55     0.38833E-07 0.00000E+00 0.00000E+00
 31 gd56     0.70326E-07 0.00000E+00 0.00000E+00
 32 np37     0.70388E-06 0.00000E+00 0.00000E+00
 33 np39     0.16266E-05 0.00000E+00 0.00000E+00
 34 pu38     0.21154E-07 0.00000E+00 0.00000E+00
 35 pu42     0.81646E-08 0.00000E+00 0.00000E+00
 36 am41     0.27396E-08 0.00000E+00 0.00000E+00
 37 am2m     0.11500E-10 0.00000E+00 0.00000E+00
 38 am43     0.17648E-09 0.00000E+00 0.00000E+00
 39 cm42     0.87204E-10 0.00000E+00 0.00000E+00
 40 cm44     0.53925E-11 0.00000E+00 0.00000E+00
 41 cm45     0.39707E-13 0.00000E+00 0.00000E+00
 46 sm52     0.76764E-06 0.00000E+00 0.00000E+00
 47 xe31     0.55197E-05 0.00000E+00 0.00000E+00
 48 cs33     0.13554E-04 0.00000E+00 0.00000E+00
 49 nd45     0.78765E-05 0.00000E+00 0.00000E+00
 50 nd43     0.11768E-04 0.00000E+00 0.00000E+00
 51 pm47     0.40896E-05 0.00000E+00 0.00000E+00
 52 mo95     0.13035E-04 0.00000E+00 0.00000E+00
 53 cs34     0.23547E-06 0.00000E+00 0.00000E+00
 54 pr41     0.11939E-04 0.00000E+00 0.00000E+00
 55 pm48     0.20385E-07 0.00000E+00 0.00000E+00
 56 pm8m     0.57877E-07 0.00000E+00 0.00000E+00
 57 rh05     0.36843E-07 0.00000E+00 0.00000E+00
 58 pm49     0.57195E-07 0.00000E+00 0.00000E+00
 59 kr83     0.10614E-05 0.00000E+00 0.00000E+00
 60 ru01     0.10336E-04 0.00000E+00 0.00000E+00
 61 pd05     0.23381E-05 0.00000E+00 0.00000E+00
 62 cs35     0.83281E-05 0.00000E+00 0.00000E+00
 63 sm50     0.19512E-05 0.00000E+00 0.00000E+00
 64 eu51     0.17484E-07 0.00000E+00 0.00000E+00
 65 eu53     0.94816E-07 0.00000E+00 0.00000E+00
 66 eu54     0.43893E-08 0.00000E+00 0.00000E+00
 67 gd54     0.36528E-10 0.00000E+00 0.00000E+00
 68 am42     0.36689E-11 0.00000E+00 0.00000E+00
 69 cm43     0.20241E-12 0.00000E+00 0.00000E+00
 ------------------------------------------------------------------------------
  number of cells =           6
          cell number    2  number of zone= 3
 << geometry characteristics >>
    geometry of cell- cilindrical index=           2
  kratnost of cell =   18.00000    
  inner radius of cell =  0.0000000E+00
  out square ratio =  0.3888000      0.3333000      0.0000000E+00  0.2222000    
  5.5500001E-02  0.0000000E+00
 ------------------------------------------------------------------------------
 num zone      4           5           6
 radius   0.29000E+00 0.34000E+00 0.48000E+00
 temper   0.59700E+03 0.58300E+03 0.58300E+03
 rez_izot    u238        bad         bad 
 ------------------------------------------------------------------------------
    izotop   /             concentration number of izotops=69
  1 *h*      0.00000E+00 0.00000E+00 0.46688E-01
  2 *o*      0.00000E+00 0.00000E+00 0.23344E-01
  3 zr       0.00000E+00 0.43132E-01 0.00000E+00
  4 u235     0.29545E-02 0.00000E+00 0.00000E+00
  5 u238     0.21436E-01 0.00000E+00 0.00000E+00
  6 o        0.49468E-01 0.00000E+00 0.00000E+00
 12 gd55     0.95004E-09 0.00000E+00 0.00000E+00
 13 gd57     0.30868E-08 0.00000E+00 0.00000E+00
 16 pu39     0.61862E-04 0.00000E+00 0.00000E+00
 17 pu40     0.27390E-05 0.00000E+00 0.00000E+00
 18 pu41     0.64223E-06 0.00000E+00 0.00000E+00
 21 u236     0.55611E-04 0.00000E+00 0.00000E+00
 22 slag     0.98528E-04 0.00000E+00 0.00000E+00
 23 tc99     0.13319E-04 0.00000E+00 0.00000E+00
 24 rh03     0.70069E-05 0.00000E+00 0.00000E+00
 25 ag09     0.13461E-06 0.00000E+00 0.00000E+00
 26 cd13     0.75081E-08 0.00000E+00 0.00000E+00
 27 xe35     0.30959E-07 0.00000E+00 0.00000E+00
 28 sm49     0.46106E-06 0.00000E+00 0.00000E+00
 29 sm51     0.66802E-06 0.00000E+00 0.00000E+00
 30 eu55     0.40214E-07 0.00000E+00 0.00000E+00
 31 gd56     0.76871E-07 0.00000E+00 0.00000E+00
 32 np37     0.75420E-06 0.00000E+00 0.00000E+00
 33 np39     0.16609E-05 0.00000E+00 0.00000E+00
 34 pu38     0.23581E-07 0.00000E+00 0.00000E+00
 35 pu42     0.10177E-07 0.00000E+00 0.00000E+00
 36 am41     0.31136E-08 0.00000E+00 0.00000E+00
 37 am2m     0.13760E-10 0.00000E+00 0.00000E+00
 38 am43     0.22873E-09 0.00000E+00 0.00000E+00
 39 cm42     0.10558E-09 0.00000E+00 0.00000E+00
 40 cm44     0.71903E-11 0.00000E+00 0.00000E+00
 41 cm45     0.54213E-13 0.00000E+00 0.00000E+00
 46 sm52     0.84004E-06 0.00000E+00 0.00000E+00
 47 xe31     0.59121E-05 0.00000E+00 0.00000E+00
 48 cs33     0.14532E-04 0.00000E+00 0.00000E+00
 49 nd45     0.84436E-05 0.00000E+00 0.00000E+00
 50 nd43     0.12609E-04 0.00000E+00 0.00000E+00
 51 pm47     0.43721E-05 0.00000E+00 0.00000E+00
 52 mo95     0.13983E-04 0.00000E+00 0.00000E+00
 53 cs34     0.26014E-06 0.00000E+00 0.00000E+00
 54 pr41     0.12798E-04 0.00000E+00 0.00000E+00
 55 pm48     0.22469E-07 0.00000E+00 0.00000E+00
 56 pm8m     0.60645E-07 0.00000E+00 0.00000E+00
 57 rh05     0.39465E-07 0.00000E+00 0.00000E+00
 58 pm49     0.61694E-07 0.00000E+00 0.00000E+00
 59 kr83     0.11379E-05 0.00000E+00 0.00000E+00
 60 ru01     0.11085E-04 0.00000E+00 0.00000E+00
 61 pd05     0.24951E-05 0.00000E+00 0.00000E+00
 62 cs35     0.84731E-05 0.00000E+00 0.00000E+00
 63 sm50     0.21573E-05 0.00000E+00 0.00000E+00
 64 eu51     0.20180E-07 0.00000E+00 0.00000E+00
 65 eu53     0.10661E-06 0.00000E+00 0.00000E+00
 66 eu54     0.50578E-08 0.00000E+00 0.00000E+00
 67 gd54     0.42034E-10 0.00000E+00 0.00000E+00
 68 am42     0.44373E-11 0.00000E+00 0.00000E+00
 69 cm43     0.24914E-12 0.00000E+00 0.00000E+00
 ------------------------------------------------------------------------------
  number of cells =           6
          cell number    3  number of zone= 3
 << geometry characteristics >>
    geometry of cell- cilindrical index=           2
  kratnost of cell =   9.000000    
  inner radius of cell =  0.0000000E+00
  out square ratio =  0.6666000      0.0000000E+00  0.0000000E+00  0.0000000E+00
  0.0000000E+00  0.3333000    
 ------------------------------------------------------------------------------
 num zone      7           8           9
 radius   0.29000E+00 0.34000E+00 0.48000E+00
 temper   0.58300E+03 0.58300E+03 0.58300E+03
 rez_izot    bad         bad         bad 
 ------------------------------------------------------------------------------
    izotop   /             concentration number of izotops=69
  1 *h*      0.00000E+00 0.00000E+00 0.46688E-01
  2 *o*      0.00000E+00 0.00000E+00 0.23344E-01
  3 zr       0.00000E+00 0.43132E-01 0.00000E+00
  6 o        0.67340E-02 0.00000E+00 0.00000E+00
 12 gd55     0.53763E-03 0.00000E+00 0.00000E+00
 13 gd57     0.44494E-03 0.00000E+00 0.00000E+00
 22 slag     0.25839E-03 0.00000E+00 0.00000E+00
 31 gd56     0.12603E-03 0.00000E+00 0.00000E+00
 ------------------------------------------------------------------------------
  number of cells =           6
          cell number    4  number of zone= 3
 << geometry characteristics >>
    geometry of cell- cilindrical index=           2
  kratnost of cell =   6.000000    
  inner radius of cell =  0.0000000E+00
  out square ratio =  0.0000000E+00  0.6666000      0.0000000E+00  0.0000000E+00
  0.3333000      0.0000000E+00
 ------------------------------------------------------------------------------
 num zone     10          11          12
 radius   0.17500E+00 0.22500E+00 0.48000E+00
 temper   0.58300E+03 0.58300E+03 0.58300E+03
 rez_izot    bad         bad         bad 
 ------------------------------------------------------------------------------
    izotop   /             concentration number of izotops=69
  1 *h*      0.00000E+00 0.00000E+00 0.46688E-01
  2 *o*      0.00000E+00 0.00000E+00 0.23344E-01
  3 zr       0.00000E+00 0.43132E-01 0.00000E+00
  6 o        0.67340E-02 0.00000E+00 0.00000E+00
 12 gd55     0.46275E-03 0.00000E+00 0.00000E+00
 13 gd57     0.25134E-03 0.00000E+00 0.00000E+00
 22 slag     0.45244E-03 0.00000E+00 0.00000E+00
 31 gd56     0.20047E-03 0.00000E+00 0.00000E+00
 ------------------------------------------------------------------------------
  number of cells =           6
          cell number    5  number of zone= 3
 << geometry characteristics >>
    geometry of cell- cilindrical index=           2
  kratnost of cell =   7.000000    
  inner radius of cell =  0.0000000E+00
  out square ratio =  0.0000000E+00  0.1428000      0.0000000E+00  0.2857000    
  0.5714000      0.0000000E+00
 ------------------------------------------------------------------------------
 num zone     13          14          15
 radius   0.29000E+00 0.34000E+00 0.48000E+00
 temper   0.58300E+03 0.30000E+03 0.58300E+03
 rez_izot    bad         bad         bad 
 ------------------------------------------------------------------------------
    izotop   /             concentration number of izotops=69
  1 *h*      0.46688E-01 0.00000E+00 0.46688E-01
  2 *o*      0.23344E-01 0.00000E+00 0.23344E-01
 14 ni       0.00000E+00 0.42200E-01 0.00000E+00
 15 cr       0.00000E+00 0.31650E-01 0.00000E+00
 ------------------------------------------------------------------------------
  number of cells =           6
          cell number    6  number of zone= 2
 << geometry characteristics >>
    geometry of cell- cilindrical index=           2
  kratnost of cell =   36.00000    
  inner radius of cell =  0.0000000E+00
  out square ratio =  0.2222000      0.0000000E+00  8.3300002E-02  0.0000000E+00
  0.0000000E+00  0.6944000    
 ------------------------------------------------------------------------------
 num zone     16          17
 radius   0.39000E+00 0.48000E+00
 temper   0.58300E+03 0.58300E+03
 rez_izot    bad         bad 
 ------------------------------------------------------------------------------
    izotop   /             concentration number of izotops=69
  1 *h*      0.00000E+00 0.46688E-01
  2 *o*      0.00000E+00 0.23344E-01
  3 zr       0.43132E-01 0.00000E+00
:burn                                                                           
 *** average burn up =   10.838     (mbt*day)/(kg hm)
    > CONSYST Program Ver: 98.01 > started at  0: 0: 0:  
    { Manturov G., E-mail: abbn@ippe.rssi.ru}
 
       -------------------------------
 
       CONSYST INPUT DATA READ FROM : cons.dat
       CONSYST PROTOCOL STORED IN   : RESULT
       GMF X-SECTION'S FILE         : OUT
       TEMPORARY FILE               : RAB
       ABBN BASIC DATA SET FROM     : .\get-93\bin\Bnab90.lib
       ABBN MULTIC DATA SET FROM    : .\get-93\bin\Bnabmlt.lib
       ABBN THERMAL DATA SET FROM   : .\get-93\bin\BNABTHM.lib
 
    >>  K-inf(MLT)= 1.21431 Balance= 1.03182 NU= 2.71 FI-Sum=  7.65E+01
    >   Include Thermal Matrix > H(H2O):BNABTHM.BIN   Temp=  500K
    >   Include Thermal Matrix > H(H2O):BNABTHM.BIN   Temp=  600K
    >>  K-inf(MLT)= 1.20999 Balance= 1.03173 NU= 2.71 FI-Sum=  7.67E+01
    >   Include Thermal Matrix > H(H2O):BNABTHM.BIN   Temp=  500K
    >   Include Thermal Matrix > H(H2O):BNABTHM.BIN   Temp=  600K
    >   Include Thermal Matrix > H(H2O):BNABTHM.BIN   Temp=  500K
    >   Include Thermal Matrix > H(H2O):BNABTHM.BIN   Temp=  600K
    >   Include Thermal Matrix > H(H2O):BNABTHM.BIN   Temp=  500K
    >   Include Thermal Matrix > H(H2O):BNABTHM.BIN   Temp=  600K
    >   Include Thermal Matrix > H(H2O):BNABTHM.BIN   Temp=  500K
    >   Include Thermal Matrix > H(H2O):BNABTHM.BIN   Temp=  600K
    >   Include Thermal Matrix > H(H2O):BNABTHM.BIN   Temp=  500K
    >   Include Thermal Matrix > H(H2O):BNABTHM.BIN   Temp=  600K
    > CONSYST finished at  0: 0: 0:  
 therm. calculation avoided
 therm. calculation avoided
 therm. calculation avoided
 therm. calculation avoided
 therm. calculation avoided
 therm. calculation avoided
 therm. calculation avoided
 therm. calculation avoided
 *************************************************
   ***k(inf)= 1.15821     ***k(itt)= 1.19083     ***k(integ)= 1.15821    ***
   **bakl=  0.0000     **length= 0.10000E+11  ***
   **matr.  alout*alcorr a(k,i)(k=1,ncel) ***
     * 0.58820     0.13720     0.11760      0.0000      0.0000     0.15860    
     * 0.38880     0.33330      0.0000     0.22220     0.55500E-01  0.0000    
     * 0.66660      0.0000      0.0000      0.0000      0.0000     0.33330    
     *  0.0000     0.66660      0.0000      0.0000     0.33330      0.0000    
     *  0.0000     0.14280      0.0000     0.28570     0.57140      0.0000    
     * 0.22220      0.0000     0.83300E-01  0.0000      0.0000     0.69440    
 lokal kner      in cell ,ru=           1=  0.9791490      0.9822511    
 lokal kner      in cell ,ru=           2=   1.059078       1.050289    
 lokal kner      in cell ,ru=           3=  0.0000000E+00   1.031794    
 lokal kner      in cell ,ru=           4=  0.0000000E+00  0.6306521    
 lokal kner      in cell ,ru=           5=  0.0000000E+00  0.1068376    
 lokal kner      in cell ,ru=           6=  0.0000000E+00  2.9308137E-02
:corr                                                                           
 ------------------------------------------------------------------------------
  backling =  0.0000000E+00
 ------------------------------------------------------------------------------
  number of cells =           6
          cell number    1  number of zone= 3
 << geometry characteristics >>
    geometry of cell- cilindrical index=           2
  kratnost of cell =   51.00000    
  inner radius of cell =  0.0000000E+00
  out square ratio =  0.5882000      0.1372000      0.1176000      0.0000000E+00
  0.0000000E+00  0.1586000    
 ------------------------------------------------------------------------------
 num zone      1           2           3
 radius   0.29000E+00 0.34000E+00 0.48000E+00
 temper   0.59700E+03 0.58300E+03 0.58300E+03
 rez_izot    u238        bad         bad 
 ------------------------------------------------------------------------------
    izotop   /             concentration number of izotops=69
  1 *h*      0.00000E+00 0.00000E+00 0.46688E-01
  2 *o*      0.00000E+00 0.00000E+00 0.23344E-01
  3 zr       0.00000E+00 0.43132E-01 0.00000E+00
  4 u235     0.28932E-02 0.00000E+00 0.00000E+00
  5 u238     0.21411E-01 0.00000E+00 0.00000E+00
  6 o        0.49468E-01 0.00000E+00 0.00000E+00
 12 gd55     0.13163E-08 0.00000E+00 0.00000E+00
 13 gd57     0.36530E-08 0.00000E+00 0.00000E+00
 16 pu39     0.79286E-04 0.00000E+00 0.00000E+00
 17 pu40     0.40882E-05 0.00000E+00 0.00000E+00
 18 pu41     0.12317E-05 0.00000E+00 0.00000E+00
 21 u236     0.69651E-04 0.00000E+00 0.00000E+00
 22 slag     0.12246E-03 0.00000E+00 0.00000E+00
 23 tc99     0.16481E-04 0.00000E+00 0.00000E+00
 24 rh03     0.86576E-05 0.00000E+00 0.00000E+00
 25 ag09     0.18530E-06 0.00000E+00 0.00000E+00
 26 cd13     0.85041E-08 0.00000E+00 0.00000E+00
 27 xe35     0.30330E-07 0.00000E+00 0.00000E+00
 28 sm49     0.49787E-06 0.00000E+00 0.00000E+00
 29 sm51     0.77560E-06 0.00000E+00 0.00000E+00
 30 eu55     0.44699E-07 0.00000E+00 0.00000E+00
 31 gd56     0.10541E-06 0.00000E+00 0.00000E+00
 32 np37     0.12024E-05 0.00000E+00 0.00000E+00
 33 np39     0.16365E-05 0.00000E+00 0.00000E+00
 34 pu38     0.48755E-07 0.00000E+00 0.00000E+00
 35 pu42     0.24178E-07 0.00000E+00 0.00000E+00
 36 am41     0.80245E-08 0.00000E+00 0.00000E+00
 37 am2m     0.44132E-10 0.00000E+00 0.00000E+00
 38 am43     0.70918E-09 0.00000E+00 0.00000E+00
 39 cm42     0.33895E-09 0.00000E+00 0.00000E+00
 40 cm44     0.29297E-10 0.00000E+00 0.00000E+00
 41 cm45     0.28940E-12 0.00000E+00 0.00000E+00
 46 sm52     0.10723E-05 0.00000E+00 0.00000E+00
 47 xe31     0.72643E-05 0.00000E+00 0.00000E+00
 48 cs33     0.17957E-04 0.00000E+00 0.00000E+00
 49 nd45     0.10432E-04 0.00000E+00 0.00000E+00
 50 nd43     0.15561E-04 0.00000E+00 0.00000E+00
 51 pm47     0.51947E-05 0.00000E+00 0.00000E+00
 52 mo95     0.17291E-04 0.00000E+00 0.00000E+00
 53 cs34     0.40979E-06 0.00000E+00 0.00000E+00
 54 pr41     0.15891E-04 0.00000E+00 0.00000E+00
 55 pm48     0.26066E-07 0.00000E+00 0.00000E+00
 56 pm8m     0.77026E-07 0.00000E+00 0.00000E+00
 57 rh05     0.38707E-07 0.00000E+00 0.00000E+00
 58 pm49     0.58499E-07 0.00000E+00 0.00000E+00
 59 kr83     0.14026E-05 0.00000E+00 0.00000E+00
 60 ru01     0.13744E-04 0.00000E+00 0.00000E+00
 61 pd05     0.32158E-05 0.00000E+00 0.00000E+00
 62 cs35     0.11089E-04 0.00000E+00 0.00000E+00
 63 sm50     0.28033E-05 0.00000E+00 0.00000E+00
 64 eu51     0.32388E-07 0.00000E+00 0.00000E+00
 65 eu53     0.17486E-06 0.00000E+00 0.00000E+00
 66 eu54     0.10541E-07 0.00000E+00 0.00000E+00
 67 gd54     0.11732E-09 0.00000E+00 0.00000E+00
 68 am42     0.10848E-10 0.00000E+00 0.00000E+00
 69 cm43     0.10661E-11 0.00000E+00 0.00000E+00
 ------------------------------------------------------------------------------
  number of cells =           6
          cell number    2  number of zone= 3
 << geometry characteristics >>
    geometry of cell- cilindrical index=           2
  kratnost of cell =   18.00000    
  inner radius of cell =  0.0000000E+00
  out square ratio =  0.3888000      0.3333000      0.0000000E+00  0.2222000    
  5.5500001E-02  0.0000000E+00
 ------------------------------------------------------------------------------
 num zone      4           5           6
 radius   0.29000E+00 0.34000E+00 0.48000E+00
 temper   0.59700E+03 0.58300E+03 0.58300E+03
 rez_izot    u238        bad         bad 
 ------------------------------------------------------------------------------
    izotop   /             concentration number of izotops=69
  1 *h*      0.00000E+00 0.00000E+00 0.46688E-01
  2 *o*      0.00000E+00 0.00000E+00 0.23344E-01
  3 zr       0.00000E+00 0.43132E-01 0.00000E+00
  4 u235     0.28705E-02 0.00000E+00 0.00000E+00
  5 u238     0.21409E-01 0.00000E+00 0.00000E+00
  6 o        0.49468E-01 0.00000E+00 0.00000E+00
 12 gd55     0.12510E-08 0.00000E+00 0.00000E+00
 13 gd57     0.34042E-08 0.00000E+00 0.00000E+00
 16 pu39     0.79676E-04 0.00000E+00 0.00000E+00
 17 pu40     0.44801E-05 0.00000E+00 0.00000E+00
 18 pu41     0.13962E-05 0.00000E+00 0.00000E+00
 21 u236     0.73223E-04 0.00000E+00 0.00000E+00
 22 slag     0.13226E-03 0.00000E+00 0.00000E+00
 23 tc99     0.17686E-04 0.00000E+00 0.00000E+00
 24 rh03     0.92548E-05 0.00000E+00 0.00000E+00
 25 ag09     0.20128E-06 0.00000E+00 0.00000E+00
 26 cd13     0.80576E-08 0.00000E+00 0.00000E+00
 27 xe35     0.30791E-07 0.00000E+00 0.00000E+00
 28 sm49     0.46738E-06 0.00000E+00 0.00000E+00
 29 sm51     0.79548E-06 0.00000E+00 0.00000E+00
 30 eu55     0.46241E-07 0.00000E+00 0.00000E+00
 31 gd56     0.11527E-06 0.00000E+00 0.00000E+00
 32 np37     0.12866E-05 0.00000E+00 0.00000E+00
 33 np39     0.16719E-05 0.00000E+00 0.00000E+00
 34 pu38     0.54318E-07 0.00000E+00 0.00000E+00
 35 pu42     0.30184E-07 0.00000E+00 0.00000E+00
 36 am41     0.90839E-08 0.00000E+00 0.00000E+00
 37 am2m     0.52536E-10 0.00000E+00 0.00000E+00
 38 am43     0.92093E-09 0.00000E+00 0.00000E+00
 39 cm42     0.41015E-09 0.00000E+00 0.00000E+00
 40 cm44     0.39135E-10 0.00000E+00 0.00000E+00
 41 cm45     0.39532E-12 0.00000E+00 0.00000E+00
 46 sm52     0.11762E-05 0.00000E+00 0.00000E+00
 47 xe31     0.77869E-05 0.00000E+00 0.00000E+00
 48 cs33     0.19270E-04 0.00000E+00 0.00000E+00
 49 nd45     0.11193E-04 0.00000E+00 0.00000E+00
 50 nd43     0.16680E-04 0.00000E+00 0.00000E+00
 51 pm47     0.55550E-05 0.00000E+00 0.00000E+00
 52 mo95     0.18567E-04 0.00000E+00 0.00000E+00
 53 cs34     0.45296E-06 0.00000E+00 0.00000E+00
 54 pr41     0.17052E-04 0.00000E+00 0.00000E+00
 55 pm48     0.28747E-07 0.00000E+00 0.00000E+00
 56 pm8m     0.80105E-07 0.00000E+00 0.00000E+00
 57 rh05     0.41621E-07 0.00000E+00 0.00000E+00
 58 pm49     0.63379E-07 0.00000E+00 0.00000E+00
 59 kr83     0.15046E-05 0.00000E+00 0.00000E+00
 60 ru01     0.14756E-04 0.00000E+00 0.00000E+00
 61 pd05     0.34387E-05 0.00000E+00 0.00000E+00
 62 cs35     0.11278E-04 0.00000E+00 0.00000E+00
 63 sm50     0.30823E-05 0.00000E+00 0.00000E+00
 64 eu51     0.36973E-07 0.00000E+00 0.00000E+00
 65 eu53     0.19724E-06 0.00000E+00 0.00000E+00
 66 eu54     0.12161E-07 0.00000E+00 0.00000E+00
 67 gd54     0.13520E-09 0.00000E+00 0.00000E+00
 68 am42     0.13105E-10 0.00000E+00 0.00000E+00
 69 cm43     0.13115E-11 0.00000E+00 0.00000E+00
 ------------------------------------------------------------------------------
  number of cells =           6
          cell number    3  number of zone= 3
 << geometry characteristics >>
    geometry of cell- cilindrical index=           2
  kratnost of cell =   9.000000    
  inner radius of cell =  0.0000000E+00
  out square ratio =  0.6666000      0.0000000E+00  0.0000000E+00  0.0000000E+00
  0.0000000E+00  0.3333000    
 ------------------------------------------------------------------------------
 num zone      7           8           9
 radius   0.29000E+00 0.34000E+00 0.48000E+00
 temper   0.58300E+03 0.58300E+03 0.58300E+03
 rez_izot    bad         bad         bad 
 ------------------------------------------------------------------------------
    izotop   /             concentration number of izotops=69
  1 *h*      0.00000E+00 0.00000E+00 0.46688E-01
  2 *o*      0.00000E+00 0.00000E+00 0.23344E-01
  3 zr       0.00000E+00 0.43132E-01 0.00000E+00
  6 o        0.67340E-02 0.00000E+00 0.00000E+00
 12 gd55     0.49567E-03 0.00000E+00 0.00000E+00
 13 gd57     0.36811E-03 0.00000E+00 0.00000E+00
 22 slag     0.33580E-03 0.00000E+00 0.00000E+00
 31 gd56     0.16742E-03 0.00000E+00 0.00000E+00
 ------------------------------------------------------------------------------
  number of cells =           6
          cell number    4  number of zone= 3
 << geometry characteristics >>
    geometry of cell- cilindrical index=           2
  kratnost of cell =   6.000000    
  inner radius of cell =  0.0000000E+00
  out square ratio =  0.0000000E+00  0.6666000      0.0000000E+00  0.0000000E+00
  0.3333000      0.0000000E+00
 ------------------------------------------------------------------------------
 num zone     10          11          12
 radius   0.17500E+00 0.22500E+00 0.48000E+00
 temper   0.58300E+03 0.58300E+03 0.58300E+03
 rez_izot    bad         bad         bad 
 ------------------------------------------------------------------------------
    izotop   /             concentration number of izotops=69
  1 *h*      0.00000E+00 0.00000E+00 0.46688E-01
  2 *o*      0.00000E+00 0.00000E+00 0.23344E-01
  3 zr       0.00000E+00 0.43132E-01 0.00000E+00
  6 o        0.67340E-02 0.00000E+00 0.00000E+00
 12 gd55     0.38898E-03 0.00000E+00 0.00000E+00
 13 gd57     0.14353E-03 0.00000E+00 0.00000E+00
 22 slag     0.56122E-03 0.00000E+00 0.00000E+00
 31 gd56     0.27328E-03 0.00000E+00 0.00000E+00
 ------------------------------------------------------------------------------
  number of cells =           6
          cell number    5  number of zone= 3
 << geometry characteristics >>
    geometry of cell- cilindrical index=           2
  kratnost of cell =   7.000000    
  inner radius of cell =  0.0000000E+00
  out square ratio =  0.0000000E+00  0.1428000      0.0000000E+00  0.2857000    
  0.5714000      0.0000000E+00
 ------------------------------------------------------------------------------
 num zone     13          14          15
 radius   0.29000E+00 0.34000E+00 0.48000E+00
 temper   0.58300E+03 0.30000E+03 0.58300E+03
 rez_izot    bad         bad         bad 
 ------------------------------------------------------------------------------
    izotop   /             concentration number of izotops=69
  1 *h*      0.46688E-01 0.00000E+00 0.46688E-01
  2 *o*      0.23344E-01 0.00000E+00 0.23344E-01
 14 ni       0.00000E+00 0.42200E-01 0.00000E+00
 15 cr       0.00000E+00 0.31650E-01 0.00000E+00
 ------------------------------------------------------------------------------
  number of cells =           6
          cell number    6  number of zone= 2
 << geometry characteristics >>
    geometry of cell- cilindrical index=           2
  kratnost of cell =   36.00000    
  inner radius of cell =  0.0000000E+00
  out square ratio =  0.2222000      0.0000000E+00  8.3300002E-02  0.0000000E+00
  0.0000000E+00  0.6944000    
 ------------------------------------------------------------------------------
 num zone     16          17
 radius   0.39000E+00 0.48000E+00
 temper   0.58300E+03 0.58300E+03
 rez_izot    bad         bad 
 ------------------------------------------------------------------------------
    izotop   /             concentration number of izotops=69
  1 *h*      0.00000E+00 0.46688E-01
  2 *o*      0.00000E+00 0.23344E-01
  3 zr       0.43132E-01 0.00000E+00
:corr                                                                           
 ------------------------------------------------------------------------------
  backling =  0.0000000E+00
 ------------------------------------------------------------------------------
  number of cells =           6
          cell number    1  number of zone= 3
 << geometry characteristics >>
    geometry of cell- cilindrical index=           2
  kratnost of cell =   51.00000    
  inner radius of cell =  0.0000000E+00
  out square ratio =  0.5882000      0.1372000      0.1176000      0.0000000E+00
  0.0000000E+00  0.1586000    
 ------------------------------------------------------------------------------
 num zone      1           2           3
 radius   0.29000E+00 0.34000E+00 0.48000E+00
 temper   0.59700E+03 0.58300E+03 0.58300E+03
 rez_izot    u238        bad         bad 
 ------------------------------------------------------------------------------
    izotop   /             concentration number of izotops=69
  1 *h*      0.00000E+00 0.00000E+00 0.46688E-01
  2 *o*      0.00000E+00 0.00000E+00 0.23344E-01
  3 zr       0.00000E+00 0.43132E-01 0.00000E+00
  4 u235     0.28932E-02 0.00000E+00 0.00000E+00
  5 u238     0.21411E-01 0.00000E+00 0.00000E+00
  6 o        0.49468E-01 0.00000E+00 0.00000E+00
 12 gd55     0.13163E-08 0.00000E+00 0.00000E+00
 13 gd57     0.36530E-08 0.00000E+00 0.00000E+00
 16 pu39     0.79286E-04 0.00000E+00 0.00000E+00
 17 pu40     0.40882E-05 0.00000E+00 0.00000E+00
 18 pu41     0.12317E-05 0.00000E+00 0.00000E+00
 21 u236     0.69651E-04 0.00000E+00 0.00000E+00
 22 slag     0.12246E-03 0.00000E+00 0.00000E+00
 23 tc99     0.16481E-04 0.00000E+00 0.00000E+00
 24 rh03     0.86576E-05 0.00000E+00 0.00000E+00
 25 ag09     0.18530E-06 0.00000E+00 0.00000E+00
 26 cd13     0.85041E-08 0.00000E+00 0.00000E+00
 27 xe35     0.30330E-07 0.00000E+00 0.00000E+00
 28 sm49     0.49787E-06 0.00000E+00 0.00000E+00
 29 sm51     0.77560E-06 0.00000E+00 0.00000E+00
 30 eu55     0.44699E-07 0.00000E+00 0.00000E+00
 31 gd56     0.10541E-06 0.00000E+00 0.00000E+00
 32 np37     0.12024E-05 0.00000E+00 0.00000E+00
 33 np39     0.16365E-05 0.00000E+00 0.00000E+00
 34 pu38     0.48755E-07 0.00000E+00 0.00000E+00
 35 pu42     0.24178E-07 0.00000E+00 0.00000E+00
 36 am41     0.80245E-08 0.00000E+00 0.00000E+00
 37 am2m     0.44132E-10 0.00000E+00 0.00000E+00
 38 am43     0.70918E-09 0.00000E+00 0.00000E+00
 39 cm42     0.33895E-09 0.00000E+00 0.00000E+00
 40 cm44     0.29297E-10 0.00000E+00 0.00000E+00
 41 cm45     0.28940E-12 0.00000E+00 0.00000E+00
 46 sm52     0.10723E-05 0.00000E+00 0.00000E+00
 47 xe31     0.72643E-05 0.00000E+00 0.00000E+00
 48 cs33     0.17957E-04 0.00000E+00 0.00000E+00
 49 nd45     0.10432E-04 0.00000E+00 0.00000E+00
 50 nd43     0.15561E-04 0.00000E+00 0.00000E+00
 51 pm47     0.51947E-05 0.00000E+00 0.00000E+00
 52 mo95     0.17291E-04 0.00000E+00 0.00000E+00
 53 cs34     0.40979E-06 0.00000E+00 0.00000E+00
 54 pr41     0.15891E-04 0.00000E+00 0.00000E+00
 55 pm48     0.26066E-07 0.00000E+00 0.00000E+00
 56 pm8m     0.77026E-07 0.00000E+00 0.00000E+00
 57 rh05     0.38707E-07 0.00000E+00 0.00000E+00
 58 pm49     0.58499E-07 0.00000E+00 0.00000E+00
 59 kr83     0.14026E-05 0.00000E+00 0.00000E+00
 60 ru01     0.13744E-04 0.00000E+00 0.00000E+00
 61 pd05     0.32158E-05 0.00000E+00 0.00000E+00
 62 cs35     0.11089E-04 0.00000E+00 0.00000E+00
 63 sm50     0.28033E-05 0.00000E+00 0.00000E+00
 64 eu51     0.32388E-07 0.00000E+00 0.00000E+00
 65 eu53     0.17486E-06 0.00000E+00 0.00000E+00
 66 eu54     0.10541E-07 0.00000E+00 0.00000E+00
 67 gd54     0.11732E-09 0.00000E+00 0.00000E+00
 68 am42     0.10848E-10 0.00000E+00 0.00000E+00
 69 cm43     0.10661E-11 0.00000E+00 0.00000E+00
 ------------------------------------------------------------------------------
  number of cells =           6
          cell number    2  number of zone= 3
 << geometry characteristics >>
    geometry of cell- cilindrical index=           2
  kratnost of cell =   18.00000    
  inner radius of cell =  0.0000000E+00
  out square ratio =  0.3888000      0.3333000      0.0000000E+00  0.2222000    
  5.5500001E-02  0.0000000E+00
 ------------------------------------------------------------------------------
 num zone      4           5           6
 radius   0.29000E+00 0.34000E+00 0.48000E+00
 temper   0.59700E+03 0.58300E+03 0.58300E+03
 rez_izot    u238        bad         bad 
 ------------------------------------------------------------------------------
    izotop   /             concentration number of izotops=69
  1 *h*      0.00000E+00 0.00000E+00 0.46688E-01
  2 *o*      0.00000E+00 0.00000E+00 0.23344E-01
  3 zr       0.00000E+00 0.43132E-01 0.00000E+00
  4 u235     0.28705E-02 0.00000E+00 0.00000E+00
  5 u238     0.21409E-01 0.00000E+00 0.00000E+00
  6 o        0.49468E-01 0.00000E+00 0.00000E+00
 12 gd55     0.12510E-08 0.00000E+00 0.00000E+00
 13 gd57     0.34042E-08 0.00000E+00 0.00000E+00
 16 pu39     0.79676E-04 0.00000E+00 0.00000E+00
 17 pu40     0.44801E-05 0.00000E+00 0.00000E+00
 18 pu41     0.13962E-05 0.00000E+00 0.00000E+00
 21 u236     0.73223E-04 0.00000E+00 0.00000E+00
 22 slag     0.13226E-03 0.00000E+00 0.00000E+00
 23 tc99     0.17686E-04 0.00000E+00 0.00000E+00
 24 rh03     0.92548E-05 0.00000E+00 0.00000E+00
 25 ag09     0.20128E-06 0.00000E+00 0.00000E+00
 26 cd13     0.80576E-08 0.00000E+00 0.00000E+00
 27 xe35     0.30791E-07 0.00000E+00 0.00000E+00
 28 sm49     0.46738E-06 0.00000E+00 0.00000E+00
 29 sm51     0.79548E-06 0.00000E+00 0.00000E+00
 30 eu55     0.46241E-07 0.00000E+00 0.00000E+00
 31 gd56     0.11527E-06 0.00000E+00 0.00000E+00
 32 np37     0.12866E-05 0.00000E+00 0.00000E+00
 33 np39     0.16719E-05 0.00000E+00 0.00000E+00
 34 pu38     0.54318E-07 0.00000E+00 0.00000E+00
 35 pu42     0.30184E-07 0.00000E+00 0.00000E+00
 36 am41     0.90839E-08 0.00000E+00 0.00000E+00
 37 am2m     0.52536E-10 0.00000E+00 0.00000E+00
 38 am43     0.92093E-09 0.00000E+00 0.00000E+00
 39 cm42     0.41015E-09 0.00000E+00 0.00000E+00
 40 cm44     0.39135E-10 0.00000E+00 0.00000E+00
 41 cm45     0.39532E-12 0.00000E+00 0.00000E+00
 46 sm52     0.11762E-05 0.00000E+00 0.00000E+00
 47 xe31     0.77869E-05 0.00000E+00 0.00000E+00
 48 cs33     0.19270E-04 0.00000E+00 0.00000E+00
 49 nd45     0.11193E-04 0.00000E+00 0.00000E+00
 50 nd43     0.16680E-04 0.00000E+00 0.00000E+00
 51 pm47     0.55550E-05 0.00000E+00 0.00000E+00
 52 mo95     0.18567E-04 0.00000E+00 0.00000E+00
 53 cs34     0.45296E-06 0.00000E+00 0.00000E+00
 54 pr41     0.17052E-04 0.00000E+00 0.00000E+00
 55 pm48     0.28747E-07 0.00000E+00 0.00000E+00
 56 pm8m     0.80105E-07 0.00000E+00 0.00000E+00
 57 rh05     0.41621E-07 0.00000E+00 0.00000E+00
 58 pm49     0.63379E-07 0.00000E+00 0.00000E+00
 59 kr83     0.15046E-05 0.00000E+00 0.00000E+00
 60 ru01     0.14756E-04 0.00000E+00 0.00000E+00
 61 pd05     0.34387E-05 0.00000E+00 0.00000E+00
 62 cs35     0.11278E-04 0.00000E+00 0.00000E+00
 63 sm50     0.30823E-05 0.00000E+00 0.00000E+00
 64 eu51     0.36973E-07 0.00000E+00 0.00000E+00
 65 eu53     0.19724E-06 0.00000E+00 0.00000E+00
 66 eu54     0.12161E-07 0.00000E+00 0.00000E+00
 67 gd54     0.13520E-09 0.00000E+00 0.00000E+00
 68 am42     0.13105E-10 0.00000E+00 0.00000E+00
 69 cm43     0.13115E-11 0.00000E+00 0.00000E+00
 ------------------------------------------------------------------------------
  number of cells =           6
          cell number    3  number of zone= 3
 << geometry characteristics >>
    geometry of cell- cilindrical index=           2
  kratnost of cell =   9.000000    
  inner radius of cell =  0.0000000E+00
  out square ratio =  0.6666000      0.0000000E+00  0.0000000E+00  0.0000000E+00
  0.0000000E+00  0.3333000    
 ------------------------------------------------------------------------------
 num zone      7           8           9
 radius   0.29000E+00 0.34000E+00 0.48000E+00
 temper   0.58300E+03 0.58300E+03 0.58300E+03
 rez_izot    bad         bad         bad 
 ------------------------------------------------------------------------------
    izotop   /             concentration number of izotops=69
  1 *h*      0.00000E+00 0.00000E+00 0.46688E-01
  2 *o*      0.00000E+00 0.00000E+00 0.23344E-01
  3 zr       0.00000E+00 0.43132E-01 0.00000E+00
  6 o        0.67340E-02 0.00000E+00 0.00000E+00
 12 gd55     0.49567E-03 0.00000E+00 0.00000E+00
 13 gd57     0.36811E-03 0.00000E+00 0.00000E+00
 22 slag     0.33580E-03 0.00000E+00 0.00000E+00
 31 gd56     0.16742E-03 0.00000E+00 0.00000E+00
 ------------------------------------------------------------------------------
  number of cells =           6
          cell number    4  number of zone= 3
 << geometry characteristics >>
    geometry of cell- cilindrical index=           2
  kratnost of cell =   6.000000    
  inner radius of cell =  0.0000000E+00
  out square ratio =  0.0000000E+00  0.6666000      0.0000000E+00  0.0000000E+00
  0.3333000      0.0000000E+00
 ------------------------------------------------------------------------------
 num zone     10          11          12
 radius   0.17500E+00 0.22500E+00 0.48000E+00
 temper   0.58300E+03 0.58300E+03 0.58300E+03
 rez_izot    bad         bad         bad 
 ------------------------------------------------------------------------------
    izotop   /             concentration number of izotops=69
  1 *h*      0.00000E+00 0.00000E+00 0.46688E-01
  2 *o*      0.00000E+00 0.00000E+00 0.23344E-01
  3 zr       0.00000E+00 0.43132E-01 0.00000E+00
  6 o        0.67340E-02 0.00000E+00 0.00000E+00
 12 gd55     0.38898E-03 0.00000E+00 0.00000E+00
 13 gd57     0.14353E-03 0.00000E+00 0.00000E+00
 22 slag     0.56122E-03 0.00000E+00 0.00000E+00
 31 gd56     0.27328E-03 0.00000E+00 0.00000E+00
 ------------------------------------------------------------------------------
  number of cells =           6
          cell number    5  number of zone= 3
 << geometry characteristics >>
    geometry of cell- cilindrical index=           2
  kratnost of cell =   7.000000    
  inner radius of cell =  0.0000000E+00
  out square ratio =  0.0000000E+00  0.1428000      0.0000000E+00  0.2857000    
  0.5714000      0.0000000E+00
 ------------------------------------------------------------------------------
 num zone     13          14          15
 radius   0.29000E+00 0.34000E+00 0.48000E+00
 temper   0.58300E+03 0.30000E+03 0.58300E+03
 rez_izot    bad         bad         bad 
 ------------------------------------------------------------------------------
    izotop   /             concentration number of izotops=69
  1 *h*      0.46688E-01 0.00000E+00 0.46688E-01
  2 *o*      0.23344E-01 0.00000E+00 0.23344E-01
 14 ni       0.00000E+00 0.42200E-01 0.00000E+00
 15 cr       0.00000E+00 0.31650E-01 0.00000E+00
 ------------------------------------------------------------------------------
  number of cells =           6
          cell number    6  number of zone= 2
 << geometry characteristics >>
    geometry of cell- cilindrical index=           2
  kratnost of cell =   36.00000    
  inner radius of cell =  0.0000000E+00
  out square ratio =  0.2222000      0.0000000E+00  8.3300002E-02  0.0000000E+00
  0.0000000E+00  0.6944000    
 ------------------------------------------------------------------------------
 num zone     16          17
 radius   0.39000E+00 0.48000E+00
 temper   0.58300E+03 0.58300E+03
 rez_izot    bad         bad 
 ------------------------------------------------------------------------------
    izotop   /             concentration number of izotops=69
  1 *h*      0.00000E+00 0.46688E-01
  2 *o*      0.00000E+00 0.23344E-01
  3 zr       0.43132E-01 0.00000E+00
:fier                                                                           
 condensation boundary was changed from  0.21500E+01 to  0.21544E+01
*** 4 *** ;egr=  2.1544    
    keff         nu           mu           fi           teta
   1.1582       1.8139       1.6163      0.54149      0.72959    
 s0z(n)=    1.244292      0.0000000E+00  0.0000000E+00   1.261220    
  0.0000000E+00  0.0000000E+00  0.0000000E+00  0.0000000E+00  0.0000000E+00
  0.0000000E+00  0.0000000E+00  0.0000000E+00  0.0000000E+00  0.0000000E+00
  0.0000000E+00  0.0000000E+00  0.0000000E+00
:macro                                                                          
 condensation boundary was changed from  0.21500E+01 to  0.21544E+01
 condensation boundary was changed from  0.21500E+01 to  0.21544E+01
    -------------------------------------------------------------------------------
    * n group   * e(i)        * e(i+1)      *spect neutron fission  *
          1       0.10500E+08    2.1544           0.99901    
          2        2.1544        0.0000           0.13596E-08
    *******************************************************************************
                                       **    macro cross section    **
    *******************************************************************************
    ** n zone    1 vzone=  91.926     /  1  2  3  4  5  6  7  8  9 10 11 12 13 14 15 16 17
*grp*flux 1/cm2c  * stotal      * sabs        * sfis.       * nu$sfis.    * 1/3*strans  *1/aver.veloci*aver power
  1  0.4661624     0.4844722     0.1096347E-01 0.4209781E-02 0.1055574E-01  1.378420     0.1286335E-05 0.9628098     0.3774746    
  2  0.4403302E-01 0.9698352     0.1371107     0.7350006E-01 0.1814507     0.4378214     0.6368205E-05  1.323388     0.6225255    
                                       * matric. scat.cross. sec. from i to j  *
       i / j -->            1           2
       i        1 0.4605958     0.1291249E-01
       i        2 0.9615460E-04 0.8326283    
:stop                                                                           
