 *****          file of input data set *******
                                                                                                                        
:poly
 &vvod
 @ 1 tvel  cell@   rcel(1,1)=0.29,0.34,0.48,
                   ncelsos(1,1)=2,3,4
 @ 2 tvel  cell@   rcel(1,2)=0.29,0.34,0.48,
                   ncelsos(1,2)=2,3,4
 @ 3 svp-1 cell@   rcel(1,3)=0.29,0.34,0.48,
                   ncelsos(1,3)=5,3,4,
 @ 4 svp-2 cell@   rcel(1,4)=0.175,0.225,0.48,
                   ncelsos(1,4)=5,3,4,
 @ 5 pal       @   rcel(1,5)=0.29,0.34,0.48,
                   ncelsos(1,5)=6,7,4,
 @ 6 km        @   rcel(1,6)=0.39,0.48,
                   ncelsos(1,6)=3,4,
  t=0.6590e+03, 0.5970e+03, 0.5830e+03, 0.5830e+03, 0.5830e+03, 0.5830e+03,
@-----------------------------------------------------------------------
 troiz=
 @         1 tv_1      2 tv_2   3 zr_ob_tv   4 h2o    5 svp    6 pel   7 ob_pel
 @ *h*  @ 0.0000000, 0.0000000, 0.0000000, 0.0093644, 0.0000000, 0.0000000, 0.0000000,
 @ *o*  @ 0.0000000, 0.0000000, 0.0000000, 0.0314110, 0.0000000, 0.0000000, 0.0000000,
 @ zr   @ 0.0000000, 0.0000000, 0.0431323, 0.0000000, 0.0000000, 0.0000000, 0.0000000,
 @ u235 @ 0.0032154, 0.0032154, 0.0000000, 0.0000000, 0.0000000, 0.0000000 , 0.0000000,
 @ u238 @ 0.0215185, 0.0215185, 0.0000000, 0.0000000, 0.0000000, 0.0000000, 0.0000000,
 @ o    @ 0.0494677, 0.0494677, 0.0000000, 0.0000000, 0.0067340, 0.0000000, 0.0000000,
 @ n    @ 0.0000000, 0.0000000, 0.0000000, 0.0000000, 0.0000000, 0.0000000, 0.0000000,
 @ *c*  @ 0.0000000, 0.0000000, 0.0000000, 0.0000000, 0.0000000, 0.0000000, 0.0000000,
 @ al   @ 0.0000000, 0.0000000, 0.0000000, 0.0000000, 0.0000000, 0.0000000, 0.0000000,
 @ b-10 @ 0.0000000, 0.0000000, 0.0000000, 0.0000000, 0.0000000, 0.0793276, 0.0000000,
 @ c    @ 0.0000000, 0.0000000, 0.0000000, 0.0000000, 0.0000000, 0.0283313, 0.0000000,
 @ gd55 @ 0.0000000, 0.0000000, 0.0000000, 0.0000000, 0.0006644, 0.0000000, 0.0000000,
 @ gd57 @ 0.0000000, 0.0000000, 0.0000000, 0.0000000, 0.0007026, 0.0000000, 0.0000000,
 @ ni   @ 0.0000000, 0.0000000, 0.0000000, 0.0000000, 0.0000000, 0.0000000, 0.0421996,
 @ cr   @ 0.0000000, 0.0000000, 0.0000000, 0.0000000, 0.0000000, 0.0000000, 0.0316497,
 @ pu39 @ 0.0000000, 0.0000000, 0.0000000, 0.0000000, 0.0000000, 0.0000000, 0.0000000,
 @ pu40 @ 0.0000000, 0.0000000, 0.0000000, 0.0000000, 0.0000000, 0.0000000, 0.0000000,
 @ pu41 @ 0.0000000, 0.0000000, 0.0000000, 0.0000000, 0.0000000, 0.0000000, 0.0000000,
 @ d    @ 0.0000000, 0.0000000, 0.0000000, 0.0534576, 0.0000000, 0.0000000, 0.0000000,
@-----------------------------------------------------------------------
 ntcell=1,2,3,4,5,6,
 krat= 51,18,9,6,7,36,
 alout=
       0.5882 , 0.1372 , 0.1176 , 0.0000 , 0.0000 , 0.1586,
       0.3888 , 0.3333 , 0.0000 , 0.2222 , 0.0555 , 0.0000,
       0.6666 , 0.0000 , 0.0000 , 0.0000 , 0.0000 , 0.3333,
       0.0000 , 0.6666 , 0.0000 , 0.0000 , 0.3333 , 0.0000,
       0.0000 , 0.1428 , 0.0000 , 0.2857 , 0.5714 , 0.0000,
       0.2222 , 0.0000 , 0.0833 , 0.0000 , 0.0000 , 0.6944,
 material(1)='chmc',
 &end
*h*
*o*
zr
u235
u238
o
n
*c*
al
b-10
c
gd55
gd57
ni
cr
pu39
pu40
pu41
d
****
:burn
 &vvod qv=105.5,dtim=50,
 &end
:corr
 &vvod &end
:corr
 &vvod &end
:fier
 &vvod &end
:macro
 &vvod
  et=10.5e+6,2.15,2.15,0.,
 @nbv=1,1,1,1,1,1,1,1,1,1,1,1,1,1,
 &end
:stop
 ***** end of   file of input data set *******
:poly                                                                           
  rout and rin were constructed
Rout= 0.290, 0.340, 0.480, 0.290, 0.340, 0.480, 0.290, 0.340, 0.480, 0.175,
 0.225, 0.480, 0.290, 0.340, 0.480, 0.390, 0.480,
Rin = 0.000, 0.290, 0.340, 0.000, 0.290, 0.340, 0.000, 0.290, 0.340, 0.000,
 0.175, 0.225, 0.000, 0.290, 0.340, 0.000, 0.390,
  nsos  was constructed
nsos=  2,  3,  4,  2,  3,  4,  5,  3,  4,  5,
  3,  4,  6,  7,  4,  3,  4,
 definition izotr in sos           1:izotr=   5.000000    
 definition izotr in sos           2:izotr=   5.000000    
  *******<< check input data>> programm declare *******
    --undeclared parametr--cefzad  -- programm standart value --cefzad  =  0.100000E+01
  *******<< check input data>> programm declare *******
    --undeclared parametr--bakl    -- programm standart value --bakl    =  0.000000E+00
  *******<< check input data>> programm declare *******
    --undeclared parametr--alin    -- programm standart value --alin    =  0.000000E+00  0.000000E+00
     0.000000E+00  0.000000E+00  0.000000E+00  0.000000E+00  0.000000E+00  0.000000E+00  0.000000E+00
     0.000000E+00  0.000000E+00  0.000000E+00  0.000000E+00  0.000000E+00  0.000000E+00  0.000000E+00
     0.000000E+00  0.000000E+00  0.000000E+00  0.000000E+00  0.000000E+00  0.000000E+00  0.000000E+00
     0.000000E+00  0.000000E+00  0.000000E+00  0.000000E+00  0.000000E+00  0.000000E+00  0.000000E+00
     0.000000E+00  0.000000E+00  0.000000E+00  0.000000E+00  0.000000E+00  0.000000E+00
  *******<< check input data>> programm declare *******
    --undeclared parametr--alcorr  -- programm standart value --alcorr  =  0.100000E+01  0.100000E+01
     0.100000E+01  0.100000E+01  0.100000E+01  0.100000E+01  0.100000E+01  0.100000E+01  0.100000E+01
     0.100000E+01  0.100000E+01  0.100000E+01  0.100000E+01  0.100000E+01  0.100000E+01  0.100000E+01
     0.100000E+01  0.100000E+01  0.100000E+01  0.100000E+01  0.100000E+01  0.100000E+01  0.100000E+01
     0.100000E+01  0.100000E+01  0.100000E+01  0.100000E+01  0.100000E+01  0.100000E+01  0.100000E+01
     0.100000E+01  0.100000E+01  0.100000E+01  0.100000E+01  0.100000E+01  0.100000E+01
  *******<< check input data>> programm declare *******
    --uncorrected definition--alin    --bat programm use this value --alin      0.000000E+00  0.000000E+00
     0.000000E+00  0.000000E+00  0.000000E+00  0.000000E+00  0.000000E+00  0.000000E+00  0.000000E+00
     0.000000E+00  0.000000E+00  0.000000E+00  0.000000E+00  0.000000E+00  0.000000E+00  0.000000E+00
     0.000000E+00  0.000000E+00  0.000000E+00  0.000000E+00  0.000000E+00  0.000000E+00  0.000000E+00
     0.000000E+00  0.000000E+00  0.000000E+00  0.000000E+00  0.000000E+00  0.000000E+00  0.000000E+00
     0.000000E+00  0.000000E+00  0.000000E+00  0.000000E+00  0.000000E+00  0.000000E+00
  *******<< check input data>> programm declare *******
    --uncorrected definition--alout   --bat programm use this value --alout     0.588200E+00  0.137200E+00
     0.117600E+00  0.000000E+00  0.000000E+00  0.158600E+00  0.388800E+00  0.333300E+00  0.000000E+00
     0.222200E+00  0.555000E-01  0.000000E+00  0.666600E+00  0.000000E+00  0.000000E+00  0.000000E+00
     0.000000E+00  0.333300E+00  0.000000E+00  0.666600E+00  0.000000E+00  0.000000E+00  0.333300E+00
     0.000000E+00  0.000000E+00  0.142800E+00  0.000000E+00  0.285700E+00  0.571400E+00  0.000000E+00
     0.222200E+00  0.000000E+00  0.833000E-01  0.000000E+00  0.000000E+00  0.694400E+00
  *******<< check input data>> programm declare *******
    --undeclared parametr--nbv     -- programm standart value --nbv     =    1    1    1    1    1    1
       1    1    1    1    1    1    1    1    1    1    1
  *******<< check input data>> programm declare *******
    --undeclared parametr--et      -- programm standart value --et      =  0.105000E+08  0.215000E+01
     0.215000E+01  0.000000E+00
    ????  storage for pr. getter =     1700 ?? common /rrr/ rab(        0 )  ????
 ------------------------------------------------------------------------------
  backling =  0.0000000E+00
 ------------------------------------------------------------------------------
  number of cells =           6
          cell number    1  number of zone= 3
 << geometry characteristics >>
    geometry of cell- cilindrical index=           2
  kratnost of cell =   51.00000    
  inner radius of cell =  0.0000000E+00
  out square ratio =  0.5882000      0.1372000      0.1176000      0.0000000E+00
  0.0000000E+00  0.1586000    
 ------------------------------------------------------------------------------
 num zone      1           2           3
 radius   0.29000E+00 0.34000E+00 0.48000E+00
 temper   0.59700E+03 0.58300E+03 0.58300E+03
 rez_izot    u238        bad         bad 
 ------------------------------------------------------------------------------
    izotop   /             concentration number of izotops=70
  1 *h*      0.00000E+00 0.00000E+00 0.93644E-02
  2 *o*      0.00000E+00 0.00000E+00 0.31411E-01
  3 zr       0.00000E+00 0.43132E-01 0.00000E+00
  4 u235     0.32154E-02 0.00000E+00 0.00000E+00
  5 u238     0.21519E-01 0.00000E+00 0.00000E+00
  6 o        0.49468E-01 0.00000E+00 0.00000E+00
 19 d        0.00000E+00 0.00000E+00 0.53458E-01
 ------------------------------------------------------------------------------
  number of cells =           6
          cell number    2  number of zone= 3
 << geometry characteristics >>
    geometry of cell- cilindrical index=           2
  kratnost of cell =   18.00000    
  inner radius of cell =  0.0000000E+00
  out square ratio =  0.3888000      0.3333000      0.0000000E+00  0.2222000    
  5.5500001E-02  0.0000000E+00
 ------------------------------------------------------------------------------
 num zone      4           5           6
 radius   0.29000E+00 0.34000E+00 0.48000E+00
 temper   0.59700E+03 0.58300E+03 0.58300E+03
 rez_izot    u238        bad         bad 
 ------------------------------------------------------------------------------
    izotop   /             concentration number of izotops=70
  1 *h*      0.00000E+00 0.00000E+00 0.93644E-02
  2 *o*      0.00000E+00 0.00000E+00 0.31411E-01
  3 zr       0.00000E+00 0.43132E-01 0.00000E+00
  4 u235     0.32154E-02 0.00000E+00 0.00000E+00
  5 u238     0.21519E-01 0.00000E+00 0.00000E+00
  6 o        0.49468E-01 0.00000E+00 0.00000E+00
 19 d        0.00000E+00 0.00000E+00 0.53458E-01
 ------------------------------------------------------------------------------
  number of cells =           6
          cell number    3  number of zone= 3
 << geometry characteristics >>
    geometry of cell- cilindrical index=           2
  kratnost of cell =   9.000000    
  inner radius of cell =  0.0000000E+00
  out square ratio =  0.6666000      0.0000000E+00  0.0000000E+00  0.0000000E+00
  0.0000000E+00  0.3333000    
 ------------------------------------------------------------------------------
 num zone      7           8           9
 radius   0.29000E+00 0.34000E+00 0.48000E+00
 temper   0.58300E+03 0.58300E+03 0.58300E+03
 rez_izot    bad         bad         bad 
 ------------------------------------------------------------------------------
    izotop   /             concentration number of izotops=70
  1 *h*      0.00000E+00 0.00000E+00 0.93644E-02
  2 *o*      0.00000E+00 0.00000E+00 0.31411E-01
  3 zr       0.00000E+00 0.43132E-01 0.00000E+00
  6 o        0.67340E-02 0.00000E+00 0.00000E+00
 12 gd55     0.66440E-03 0.00000E+00 0.00000E+00
 13 gd57     0.70260E-03 0.00000E+00 0.00000E+00
 19 d        0.00000E+00 0.00000E+00 0.53458E-01
 ------------------------------------------------------------------------------
  number of cells =           6
          cell number    4  number of zone= 3
 << geometry characteristics >>
    geometry of cell- cilindrical index=           2
  kratnost of cell =   6.000000    
  inner radius of cell =  0.0000000E+00
  out square ratio =  0.0000000E+00  0.6666000      0.0000000E+00  0.0000000E+00
  0.3333000      0.0000000E+00
 ------------------------------------------------------------------------------
 num zone     10          11          12
 radius   0.17500E+00 0.22500E+00 0.48000E+00
 temper   0.58300E+03 0.58300E+03 0.58300E+03
 rez_izot    bad         bad         bad 
 ------------------------------------------------------------------------------
    izotop   /             concentration number of izotops=70
  1 *h*      0.00000E+00 0.00000E+00 0.93644E-02
  2 *o*      0.00000E+00 0.00000E+00 0.31411E-01
  3 zr       0.00000E+00 0.43132E-01 0.00000E+00
  6 o        0.67340E-02 0.00000E+00 0.00000E+00
 12 gd55     0.66440E-03 0.00000E+00 0.00000E+00
 13 gd57     0.70260E-03 0.00000E+00 0.00000E+00
 19 d        0.00000E+00 0.00000E+00 0.53458E-01
 ------------------------------------------------------------------------------
  number of cells =           6
          cell number    5  number of zone= 3
 << geometry characteristics >>
    geometry of cell- cilindrical index=           2
  kratnost of cell =   7.000000    
  inner radius of cell =  0.0000000E+00
  out square ratio =  0.0000000E+00  0.1428000      0.0000000E+00  0.2857000    
  0.5714000      0.0000000E+00
 ------------------------------------------------------------------------------
 num zone     13          14          15
 radius   0.29000E+00 0.34000E+00 0.48000E+00
 temper   0.58300E+03 0.30000E+03 0.58300E+03
 rez_izot    bad         bad         bad 
 ------------------------------------------------------------------------------
    izotop   /             concentration number of izotops=70
  1 *h*      0.00000E+00 0.00000E+00 0.93644E-02
  2 *o*      0.00000E+00 0.00000E+00 0.31411E-01
 10 b-10     0.79328E-01 0.00000E+00 0.00000E+00
 11 c        0.28331E-01 0.00000E+00 0.00000E+00
 14 ni       0.00000E+00 0.42200E-01 0.00000E+00
 15 cr       0.00000E+00 0.31650E-01 0.00000E+00
 19 d        0.00000E+00 0.00000E+00 0.53458E-01
 ------------------------------------------------------------------------------
  number of cells =           6
          cell number    6  number of zone= 2
 << geometry characteristics >>
    geometry of cell- cilindrical index=           2
  kratnost of cell =   36.00000    
  inner radius of cell =  0.0000000E+00
  out square ratio =  0.2222000      0.0000000E+00  8.3300002E-02  0.0000000E+00
  0.0000000E+00  0.6944000    
 ------------------------------------------------------------------------------
 num zone     16          17
 radius   0.39000E+00 0.48000E+00
 temper   0.58300E+03 0.58300E+03
 rez_izot    bad         bad 
 ------------------------------------------------------------------------------
    izotop   /             concentration number of izotops=70
  1 *h*      0.00000E+00 0.93644E-02
  2 *o*      0.00000E+00 0.31411E-01
  3 zr       0.43132E-01 0.00000E+00
 19 d        0.00000E+00 0.53458E-01
    > CONSYST Program Ver: 98.01 > started at  0: 0: 0:  
    { Manturov G., E-mail: abbn@ippe.rssi.ru}
 
       -------------------------------
 
       CONSYST INPUT DATA READ FROM : cons.dat
       CONSYST PROTOCOL STORED IN   : RESULT
       GMF X-SECTION'S FILE         : OUT
       TEMPORARY FILE               : RAB
       ABBN BASIC DATA SET FROM     : .\get-93\bin\Bnab90.lib
       ABBN MULTIC DATA SET FROM    : .\get-93\bin\Bnabmlt.lib
       ABBN THERMAL DATA SET FROM   : .\get-93\bin\BNABTHM.lib
 
    >>  K-inf(MLT)= 1.24532 Balance= 1.02098 NU= 2.71 FI-Sum=  7.40E+01
    >   Include Thermal Matrix > H(H2O):BNABTHM.BIN   Temp=  500K
    >   Include Thermal Matrix > H(H2O):BNABTHM.BIN   Temp=  600K
    >   Include Thermal Matrix > D(D2O):BNABTHM.BIN   Temp=  500K
    >   Include Thermal Matrix > D(D2O):BNABTHM.BIN   Temp=  600K
    >>  K-inf(MLT)= 1.24528 Balance= 1.02098 NU= 2.71 FI-Sum=  7.40E+01
    >   Include Thermal Matrix > H(H2O):BNABTHM.BIN   Temp=  500K
    >   Include Thermal Matrix > H(H2O):BNABTHM.BIN   Temp=  600K
    >   Include Thermal Matrix > D(D2O):BNABTHM.BIN   Temp=  500K
    >   Include Thermal Matrix > D(D2O):BNABTHM.BIN   Temp=  600K
    >   Include Thermal Matrix > H(H2O):BNABTHM.BIN   Temp=  500K
    >   Include Thermal Matrix > H(H2O):BNABTHM.BIN   Temp=  600K
    >   Include Thermal Matrix > D(D2O):BNABTHM.BIN   Temp=  500K
    >   Include Thermal Matrix > D(D2O):BNABTHM.BIN   Temp=  600K
    >   Include Thermal Matrix > H(H2O):BNABTHM.BIN   Temp=  500K
    >   Include Thermal Matrix > H(H2O):BNABTHM.BIN   Temp=  600K
    >   Include Thermal Matrix > D(D2O):BNABTHM.BIN   Temp=  500K
    >   Include Thermal Matrix > D(D2O):BNABTHM.BIN   Temp=  600K
    >   Include Thermal Matrix > H(H2O):BNABTHM.BIN   Temp=  500K
    >   Include Thermal Matrix > H(H2O):BNABTHM.BIN   Temp=  600K
    >   Include Thermal Matrix > D(D2O):BNABTHM.BIN   Temp=  500K
    >   Include Thermal Matrix > D(D2O):BNABTHM.BIN   Temp=  600K
    >   Include Thermal Matrix > H(H2O):BNABTHM.BIN   Temp=  500K
    >   Include Thermal Matrix > H(H2O):BNABTHM.BIN   Temp=  600K
    >   Include Thermal Matrix > D(D2O):BNABTHM.BIN   Temp=  500K
    >   Include Thermal Matrix > D(D2O):BNABTHM.BIN   Temp=  600K
    > CONSYST finished at  0: 0: 0:  
 therm. calculation avoided
 therm. calculation avoided
 therm. calculation avoided
 therm. calculation avoided
 therm. calculation avoided
 therm. calculation avoided
 therm. calculation avoided
 *************************************************
   ***k(inf)=0.716859     ***k(itt)=0.744960     ***k(integ)=0.716859    ***
   **bakl=  0.0000     **length= 0.10000E+11  ***
   **matr.  alout*alcorr a(k,i)(k=1,ncel) ***
     * 0.58820     0.13720     0.11760      0.0000      0.0000     0.15860    
     * 0.38880     0.33330      0.0000     0.22220     0.55500E-01  0.0000    
     * 0.66660      0.0000      0.0000      0.0000      0.0000     0.33330    
     *  0.0000     0.66660      0.0000      0.0000     0.33330      0.0000    
     *  0.0000     0.14280      0.0000     0.28570     0.57140      0.0000    
     * 0.22220      0.0000     0.83300E-01  0.0000      0.0000     0.69440    
 lokal kner      in cell ,ru=           1=   1.038505       1.038902    
 lokal kner      in cell ,ru=           2=  0.8909011      0.8897785    
 lokal kner      in cell ,ru=           3=  0.0000000E+00  0.7279475    
 lokal kner      in cell ,ru=           4=  0.0000000E+00  0.1961825    
 lokal kner      in cell ,ru=           5=  0.0000000E+00   5.588037    
 lokal kner      in cell ,ru=           6=  0.0000000E+00  4.2138699E-02
:burn                                                                           
 *** average burn up =   2.6999     (mbt*day)/(kg hm)
    > CONSYST Program Ver: 98.01 > started at  0: 0: 0:  
    { Manturov G., E-mail: abbn@ippe.rssi.ru}
 
       -------------------------------
 
       CONSYST INPUT DATA READ FROM : cons.dat
       CONSYST PROTOCOL STORED IN   : RESULT
       GMF X-SECTION'S FILE         : OUT
       TEMPORARY FILE               : RAB
       ABBN BASIC DATA SET FROM     : .\get-93\bin\Bnab90.lib
       ABBN MULTIC DATA SET FROM    : .\get-93\bin\Bnabmlt.lib
       ABBN THERMAL DATA SET FROM   : .\get-93\bin\BNABTHM.lib
 
    >>  K-inf(MLT)= 1.23891 Balance= 1.02074 NU= 2.71 FI-Sum=  7.44E+01
    >   Include Thermal Matrix > H(H2O):BNABTHM.BIN   Temp=  500K
    >   Include Thermal Matrix > H(H2O):BNABTHM.BIN   Temp=  600K
    >   Include Thermal Matrix > D(D2O):BNABTHM.BIN   Temp=  500K
    >   Include Thermal Matrix > D(D2O):BNABTHM.BIN   Temp=  600K
    >>  K-inf(MLT)= 1.24000 Balance= 1.02078 NU= 2.71 FI-Sum=  7.43E+01
    >   Include Thermal Matrix > H(H2O):BNABTHM.BIN   Temp=  500K
    >   Include Thermal Matrix > H(H2O):BNABTHM.BIN   Temp=  600K
    >   Include Thermal Matrix > D(D2O):BNABTHM.BIN   Temp=  500K
    >   Include Thermal Matrix > D(D2O):BNABTHM.BIN   Temp=  600K
    >   Include Thermal Matrix > H(H2O):BNABTHM.BIN   Temp=  500K
    >   Include Thermal Matrix > H(H2O):BNABTHM.BIN   Temp=  600K
    >   Include Thermal Matrix > D(D2O):BNABTHM.BIN   Temp=  500K
    >   Include Thermal Matrix > D(D2O):BNABTHM.BIN   Temp=  600K
    >   Include Thermal Matrix > H(H2O):BNABTHM.BIN   Temp=  500K
    >   Include Thermal Matrix > H(H2O):BNABTHM.BIN   Temp=  600K
    >   Include Thermal Matrix > D(D2O):BNABTHM.BIN   Temp=  500K
    >   Include Thermal Matrix > D(D2O):BNABTHM.BIN   Temp=  600K
    >   Include Thermal Matrix > H(H2O):BNABTHM.BIN   Temp=  500K
    >   Include Thermal Matrix > H(H2O):BNABTHM.BIN   Temp=  600K
    >   Include Thermal Matrix > D(D2O):BNABTHM.BIN   Temp=  500K
    >   Include Thermal Matrix > D(D2O):BNABTHM.BIN   Temp=  600K
    >   Include Thermal Matrix > H(H2O):BNABTHM.BIN   Temp=  500K
    >   Include Thermal Matrix > H(H2O):BNABTHM.BIN   Temp=  600K
    >   Include Thermal Matrix > D(D2O):BNABTHM.BIN   Temp=  500K
    >   Include Thermal Matrix > D(D2O):BNABTHM.BIN   Temp=  600K
    > CONSYST finished at  0: 0: 0:  
 therm. calculation avoided
 therm. calculation avoided
 therm. calculation avoided
 therm. calculation avoided
 therm. calculation avoided
 therm. calculation avoided
 therm. calculation avoided
 therm. calculation avoided
 *************************************************
   ***k(inf)=0.708808     ***k(itt)=0.736610     ***k(integ)=0.708808    ***
   **bakl=  0.0000     **length= 0.10000E+11  ***
   **matr.  alout*alcorr a(k,i)(k=1,ncel) ***
     * 0.58820     0.13720     0.11760      0.0000      0.0000     0.15860    
     * 0.38880     0.33330      0.0000     0.22220     0.55500E-01  0.0000    
     * 0.66660      0.0000      0.0000      0.0000      0.0000     0.33330    
     *  0.0000     0.66660      0.0000      0.0000     0.33330      0.0000    
     *  0.0000     0.14280      0.0000     0.28570     0.57140      0.0000    
     * 0.22220      0.0000     0.83300E-01  0.0000      0.0000     0.69440    
 lokal kner      in cell ,ru=           1=   1.038281       1.039428    
 lokal kner      in cell ,ru=           2=  0.8915377      0.8882884    
 lokal kner      in cell ,ru=           3=  0.0000000E+00  0.6817583    
 lokal kner      in cell ,ru=           4=  0.0000000E+00  0.1851688    
 lokal kner      in cell ,ru=           5=  0.0000000E+00   5.530582    
 lokal kner      in cell ,ru=           6=  0.0000000E+00  4.1838061E-02
:corr                                                                           
 ------------------------------------------------------------------------------
  backling =  0.0000000E+00
 ------------------------------------------------------------------------------
  number of cells =           6
          cell number    1  number of zone= 3
 << geometry characteristics >>
    geometry of cell- cilindrical index=           2
  kratnost of cell =   51.00000    
  inner radius of cell =  0.0000000E+00
  out square ratio =  0.5882000      0.1372000      0.1176000      0.0000000E+00
  0.0000000E+00  0.1586000    
 ------------------------------------------------------------------------------
 num zone      1           2           3
 radius   0.29000E+00 0.34000E+00 0.48000E+00
 temper   0.59700E+03 0.58300E+03 0.58300E+03
 rez_izot    u238        bad         bad 
 ------------------------------------------------------------------------------
    izotop   /             concentration number of izotops=70
  1 *h*      0.00000E+00 0.00000E+00 0.93644E-02
  2 *o*      0.00000E+00 0.00000E+00 0.31411E-01
  3 zr       0.00000E+00 0.43132E-01 0.00000E+00
  4 u235     0.31236E-02 0.00000E+00 0.00000E+00
  5 u238     0.21467E-01 0.00000E+00 0.00000E+00
  6 o        0.49468E-01 0.00000E+00 0.00000E+00
 12 gd55     0.26852E-09 0.00000E+00 0.00000E+00
 13 gd57     0.50494E-08 0.00000E+00 0.00000E+00
 16 pu39     0.42437E-04 0.00000E+00 0.00000E+00
 17 pu40     0.44097E-06 0.00000E+00 0.00000E+00
 18 pu41     0.29126E-07 0.00000E+00 0.00000E+00
 19 d        0.00000E+00 0.00000E+00 0.53458E-01
 22 u236     0.24757E-04 0.00000E+00 0.00000E+00
 23 slag     0.30705E-04 0.00000E+00 0.00000E+00
 24 tc99     0.44206E-05 0.00000E+00 0.00000E+00
 25 rh03     0.24118E-05 0.00000E+00 0.00000E+00
 26 ag09     0.35431E-07 0.00000E+00 0.00000E+00
 27 cd13     0.83395E-08 0.00000E+00 0.00000E+00
 28 xe35     0.45088E-07 0.00000E+00 0.00000E+00
 29 sm49     0.65451E-06 0.00000E+00 0.00000E+00
 30 sm51     0.30282E-06 0.00000E+00 0.00000E+00
 31 eu55     0.23152E-07 0.00000E+00 0.00000E+00
 32 gd56     0.14612E-07 0.00000E+00 0.00000E+00
 33 np37     0.18639E-06 0.00000E+00 0.00000E+00
 34 np39     0.31653E-05 0.00000E+00 0.00000E+00
 35 pu38     0.23754E-08 0.00000E+00 0.00000E+00
 36 pu42     0.97633E-10 0.00000E+00 0.00000E+00
 37 am41     0.44994E-10 0.00000E+00 0.00000E+00
 38 am2m     0.56077E-13 0.00000E+00 0.00000E+00
 39 am43     0.76331E-12 0.00000E+00 0.00000E+00
 40 cm42     0.38878E-12 0.00000E+00 0.00000E+00
 41 cm44     0.88484E-14 0.00000E+00 0.00000E+00
 42 cm45     0.30267E-16 0.00000E+00 0.00000E+00
 47 sm52     0.21982E-06 0.00000E+00 0.00000E+00
 48 xe31     0.19906E-05 0.00000E+00 0.00000E+00
 49 cs33     0.48264E-05 0.00000E+00 0.00000E+00
 50 nd45     0.28067E-05 0.00000E+00 0.00000E+00
 51 nd43     0.42030E-05 0.00000E+00 0.00000E+00
 52 pm47     0.15813E-05 0.00000E+00 0.00000E+00
 53 mo95     0.46150E-05 0.00000E+00 0.00000E+00
 54 cs34     0.41775E-07 0.00000E+00 0.00000E+00
 55 pr41     0.42383E-05 0.00000E+00 0.00000E+00
 56 pm48     0.94260E-08 0.00000E+00 0.00000E+00
 57 pm8m     0.22667E-07 0.00000E+00 0.00000E+00
 58 rh05     0.36951E-07 0.00000E+00 0.00000E+00
 59 pm49     0.57926E-07 0.00000E+00 0.00000E+00
 60 kr83     0.37848E-06 0.00000E+00 0.00000E+00
 61 ru01     0.36566E-05 0.00000E+00 0.00000E+00
 62 pd05     0.79672E-06 0.00000E+00 0.00000E+00
 63 cs35     0.40795E-05 0.00000E+00 0.00000E+00
 64 sm50     0.16305E-06 0.00000E+00 0.00000E+00
 65 eu51     0.73773E-09 0.00000E+00 0.00000E+00
 66 eu53     0.12829E-07 0.00000E+00 0.00000E+00
 67 eu54     0.31063E-09 0.00000E+00 0.00000E+00
 68 gd54     0.87625E-12 0.00000E+00 0.00000E+00
 69 am42     0.49563E-13 0.00000E+00 0.00000E+00
 70 cm43     0.57445E-15 0.00000E+00 0.00000E+00
 ------------------------------------------------------------------------------
  number of cells =           6
          cell number    2  number of zone= 3
 << geometry characteristics >>
    geometry of cell- cilindrical index=           2
  kratnost of cell =   18.00000    
  inner radius of cell =  0.0000000E+00
  out square ratio =  0.3888000      0.3333000      0.0000000E+00  0.2222000    
  5.5500001E-02  0.0000000E+00
 ------------------------------------------------------------------------------
 num zone      4           5           6
 radius   0.29000E+00 0.34000E+00 0.48000E+00
 temper   0.59700E+03 0.58300E+03 0.58300E+03
 rez_izot    u238        bad         bad 
 ------------------------------------------------------------------------------
    izotop   /             concentration number of izotops=70
  1 *h*      0.00000E+00 0.00000E+00 0.93644E-02
  2 *o*      0.00000E+00 0.00000E+00 0.31411E-01
  3 zr       0.00000E+00 0.43132E-01 0.00000E+00
  4 u235     0.31375E-02 0.00000E+00 0.00000E+00
  5 u238     0.21474E-01 0.00000E+00 0.00000E+00
  6 o        0.49468E-01 0.00000E+00 0.00000E+00
 12 gd55     0.24155E-09 0.00000E+00 0.00000E+00
 13 gd57     0.45692E-08 0.00000E+00 0.00000E+00
 16 pu39     0.36739E-04 0.00000E+00 0.00000E+00
 17 pu40     0.31673E-06 0.00000E+00 0.00000E+00
 18 pu41     0.16741E-07 0.00000E+00 0.00000E+00
 19 d        0.00000E+00 0.00000E+00 0.53458E-01
 22 u236     0.20939E-04 0.00000E+00 0.00000E+00
 23 slag     0.26139E-04 0.00000E+00 0.00000E+00
 24 tc99     0.37917E-05 0.00000E+00 0.00000E+00
 25 rh03     0.20856E-05 0.00000E+00 0.00000E+00
 26 ag09     0.29875E-07 0.00000E+00 0.00000E+00
 27 cd13     0.75410E-08 0.00000E+00 0.00000E+00
 28 xe35     0.39597E-07 0.00000E+00 0.00000E+00
 29 sm49     0.58978E-06 0.00000E+00 0.00000E+00
 30 sm51     0.26496E-06 0.00000E+00 0.00000E+00
 31 eu55     0.20761E-07 0.00000E+00 0.00000E+00
 32 gd56     0.11819E-07 0.00000E+00 0.00000E+00
 33 np37     0.13013E-06 0.00000E+00 0.00000E+00
 34 np39     0.27272E-05 0.00000E+00 0.00000E+00
 35 pu38     0.13812E-08 0.00000E+00 0.00000E+00
 36 pu42     0.46034E-10 0.00000E+00 0.00000E+00
 37 am41     0.25847E-10 0.00000E+00 0.00000E+00
 38 am2m     0.26504E-13 0.00000E+00 0.00000E+00
 39 am43     0.30093E-12 0.00000E+00 0.00000E+00
 40 cm42     0.18298E-12 0.00000E+00 0.00000E+00
 41 cm44     0.29030E-14 0.00000E+00 0.00000E+00
 42 cm45     0.81059E-17 0.00000E+00 0.00000E+00
 47 sm52     0.18761E-06 0.00000E+00 0.00000E+00
 48 xe31     0.17136E-05 0.00000E+00 0.00000E+00
 49 cs33     0.41396E-05 0.00000E+00 0.00000E+00
 50 nd45     0.24082E-05 0.00000E+00 0.00000E+00
 51 nd43     0.35990E-05 0.00000E+00 0.00000E+00
 52 pm47     0.13669E-05 0.00000E+00 0.00000E+00
 53 mo95     0.39522E-05 0.00000E+00 0.00000E+00
 54 cs34     0.29519E-07 0.00000E+00 0.00000E+00
 55 pr41     0.36371E-05 0.00000E+00 0.00000E+00
 56 pm48     0.66468E-08 0.00000E+00 0.00000E+00
 57 pm8m     0.16247E-07 0.00000E+00 0.00000E+00
 58 rh05     0.31975E-07 0.00000E+00 0.00000E+00
 59 pm49     0.49791E-07 0.00000E+00 0.00000E+00
 60 kr83     0.32407E-06 0.00000E+00 0.00000E+00
 61 ru01     0.31348E-05 0.00000E+00 0.00000E+00
 62 pd05     0.69439E-06 0.00000E+00 0.00000E+00
 63 cs35     0.35834E-05 0.00000E+00 0.00000E+00
 64 sm50     0.11380E-06 0.00000E+00 0.00000E+00
 65 eu51     0.47239E-09 0.00000E+00 0.00000E+00
 66 eu53     0.89773E-08 0.00000E+00 0.00000E+00
 67 eu54     0.18204E-09 0.00000E+00 0.00000E+00
 68 gd54     0.51351E-12 0.00000E+00 0.00000E+00
 69 am42     0.23373E-13 0.00000E+00 0.00000E+00
 70 cm43     0.22921E-15 0.00000E+00 0.00000E+00
 ------------------------------------------------------------------------------
  number of cells =           6
          cell number    3  number of zone= 3
 << geometry characteristics >>
    geometry of cell- cilindrical index=           2
  kratnost of cell =   9.000000    
  inner radius of cell =  0.0000000E+00
  out square ratio =  0.6666000      0.0000000E+00  0.0000000E+00  0.0000000E+00
  0.0000000E+00  0.3333000    
 ------------------------------------------------------------------------------
 num zone      7           8           9
 radius   0.29000E+00 0.34000E+00 0.48000E+00
 temper   0.58300E+03 0.58300E+03 0.58300E+03
 rez_izot    bad         bad         bad 
 ------------------------------------------------------------------------------
    izotop   /             concentration number of izotops=70
  1 *h*      0.00000E+00 0.00000E+00 0.93644E-02
  2 *o*      0.00000E+00 0.00000E+00 0.31411E-01
  3 zr       0.00000E+00 0.43132E-01 0.00000E+00
  6 o        0.67340E-02 0.00000E+00 0.00000E+00
 12 gd55     0.61657E-03 0.00000E+00 0.00000E+00
 13 gd57     0.65308E-03 0.00000E+00 0.00000E+00
 19 d        0.00000E+00 0.00000E+00 0.53458E-01
 23 slag     0.49745E-04 0.00000E+00 0.00000E+00
 32 gd56     0.47605E-04 0.00000E+00 0.00000E+00
 ------------------------------------------------------------------------------
  number of cells =           6
          cell number    4  number of zone= 3
 << geometry characteristics >>
    geometry of cell- cilindrical index=           2
  kratnost of cell =   6.000000    
  inner radius of cell =  0.0000000E+00
  out square ratio =  0.0000000E+00  0.6666000      0.0000000E+00  0.0000000E+00
  0.3333000      0.0000000E+00
 ------------------------------------------------------------------------------
 num zone     10          11          12
 radius   0.17500E+00 0.22500E+00 0.48000E+00
 temper   0.58300E+03 0.58300E+03 0.58300E+03
 rez_izot    bad         bad         bad 
 ------------------------------------------------------------------------------
    izotop   /             concentration number of izotops=70
  1 *h*      0.00000E+00 0.00000E+00 0.93644E-02
  2 *o*      0.00000E+00 0.00000E+00 0.31411E-01
  3 zr       0.00000E+00 0.43132E-01 0.00000E+00
  6 o        0.67340E-02 0.00000E+00 0.00000E+00
 12 gd55     0.63061E-03 0.00000E+00 0.00000E+00
 13 gd57     0.66545E-03 0.00000E+00 0.00000E+00
 19 d        0.00000E+00 0.00000E+00 0.53458E-01
 23 slag     0.37257E-04 0.00000E+00 0.00000E+00
 32 gd56     0.33685E-04 0.00000E+00 0.00000E+00
 ------------------------------------------------------------------------------
  number of cells =           6
          cell number    5  number of zone= 3
 << geometry characteristics >>
    geometry of cell- cilindrical index=           2
  kratnost of cell =   7.000000    
  inner radius of cell =  0.0000000E+00
  out square ratio =  0.0000000E+00  0.1428000      0.0000000E+00  0.2857000    
  0.5714000      0.0000000E+00
 ------------------------------------------------------------------------------
 num zone     13          14          15
 radius   0.29000E+00 0.34000E+00 0.48000E+00
 temper   0.58300E+03 0.30000E+03 0.58300E+03
 rez_izot    bad         bad         bad 
 ------------------------------------------------------------------------------
    izotop   /             concentration number of izotops=70
  1 *h*      0.00000E+00 0.00000E+00 0.93644E-02
  2 *o*      0.00000E+00 0.00000E+00 0.31411E-01
 10 b-10     0.78545E-01 0.00000E+00 0.00000E+00
 11 c        0.28331E-01 0.00000E+00 0.00000E+00
 14 ni       0.00000E+00 0.42200E-01 0.00000E+00
 15 cr       0.00000E+00 0.31650E-01 0.00000E+00
 19 d        0.00000E+00 0.00000E+00 0.53458E-01
 ------------------------------------------------------------------------------
  number of cells =           6
          cell number    6  number of zone= 2
 << geometry characteristics >>
    geometry of cell- cilindrical index=           2
  kratnost of cell =   36.00000    
  inner radius of cell =  0.0000000E+00
  out square ratio =  0.2222000      0.0000000E+00  8.3300002E-02  0.0000000E+00
  0.0000000E+00  0.6944000    
 ------------------------------------------------------------------------------
 num zone     16          17
 radius   0.39000E+00 0.48000E+00
 temper   0.58300E+03 0.58300E+03
 rez_izot    bad         bad 
 ------------------------------------------------------------------------------
    izotop   /             concentration number of izotops=70
  1 *h*      0.00000E+00 0.93644E-02
  2 *o*      0.00000E+00 0.31411E-01
  3 zr       0.43132E-01 0.00000E+00
 19 d        0.00000E+00 0.53458E-01
:corr                                                                           
 ------------------------------------------------------------------------------
  backling =  0.0000000E+00
 ------------------------------------------------------------------------------
  number of cells =           6
          cell number    1  number of zone= 3
 << geometry characteristics >>
    geometry of cell- cilindrical index=           2
  kratnost of cell =   51.00000    
  inner radius of cell =  0.0000000E+00
  out square ratio =  0.5882000      0.1372000      0.1176000      0.0000000E+00
  0.0000000E+00  0.1586000    
 ------------------------------------------------------------------------------
 num zone      1           2           3
 radius   0.29000E+00 0.34000E+00 0.48000E+00
 temper   0.59700E+03 0.58300E+03 0.58300E+03
 rez_izot    u238        bad         bad 
 ------------------------------------------------------------------------------
    izotop   /             concentration number of izotops=70
  1 *h*      0.00000E+00 0.00000E+00 0.93644E-02
  2 *o*      0.00000E+00 0.00000E+00 0.31411E-01
  3 zr       0.00000E+00 0.43132E-01 0.00000E+00
  4 u235     0.31236E-02 0.00000E+00 0.00000E+00
  5 u238     0.21467E-01 0.00000E+00 0.00000E+00
  6 o        0.49468E-01 0.00000E+00 0.00000E+00
 12 gd55     0.26852E-09 0.00000E+00 0.00000E+00
 13 gd57     0.50494E-08 0.00000E+00 0.00000E+00
 16 pu39     0.42437E-04 0.00000E+00 0.00000E+00
 17 pu40     0.44097E-06 0.00000E+00 0.00000E+00
 18 pu41     0.29126E-07 0.00000E+00 0.00000E+00
 19 d        0.00000E+00 0.00000E+00 0.53458E-01
 22 u236     0.24757E-04 0.00000E+00 0.00000E+00
 23 slag     0.30705E-04 0.00000E+00 0.00000E+00
 24 tc99     0.44206E-05 0.00000E+00 0.00000E+00
 25 rh03     0.24118E-05 0.00000E+00 0.00000E+00
 26 ag09     0.35431E-07 0.00000E+00 0.00000E+00
 27 cd13     0.83395E-08 0.00000E+00 0.00000E+00
 28 xe35     0.45088E-07 0.00000E+00 0.00000E+00
 29 sm49     0.65451E-06 0.00000E+00 0.00000E+00
 30 sm51     0.30282E-06 0.00000E+00 0.00000E+00
 31 eu55     0.23152E-07 0.00000E+00 0.00000E+00
 32 gd56     0.14612E-07 0.00000E+00 0.00000E+00
 33 np37     0.18639E-06 0.00000E+00 0.00000E+00
 34 np39     0.31653E-05 0.00000E+00 0.00000E+00
 35 pu38     0.23754E-08 0.00000E+00 0.00000E+00
 36 pu42     0.97633E-10 0.00000E+00 0.00000E+00
 37 am41     0.44994E-10 0.00000E+00 0.00000E+00
 38 am2m     0.56077E-13 0.00000E+00 0.00000E+00
 39 am43     0.76331E-12 0.00000E+00 0.00000E+00
 40 cm42     0.38878E-12 0.00000E+00 0.00000E+00
 41 cm44     0.88484E-14 0.00000E+00 0.00000E+00
 42 cm45     0.30267E-16 0.00000E+00 0.00000E+00
 47 sm52     0.21982E-06 0.00000E+00 0.00000E+00
 48 xe31     0.19906E-05 0.00000E+00 0.00000E+00
 49 cs33     0.48264E-05 0.00000E+00 0.00000E+00
 50 nd45     0.28067E-05 0.00000E+00 0.00000E+00
 51 nd43     0.42030E-05 0.00000E+00 0.00000E+00
 52 pm47     0.15813E-05 0.00000E+00 0.00000E+00
 53 mo95     0.46150E-05 0.00000E+00 0.00000E+00
 54 cs34     0.41775E-07 0.00000E+00 0.00000E+00
 55 pr41     0.42383E-05 0.00000E+00 0.00000E+00
 56 pm48     0.94260E-08 0.00000E+00 0.00000E+00
 57 pm8m     0.22667E-07 0.00000E+00 0.00000E+00
 58 rh05     0.36951E-07 0.00000E+00 0.00000E+00
 59 pm49     0.57926E-07 0.00000E+00 0.00000E+00
 60 kr83     0.37848E-06 0.00000E+00 0.00000E+00
 61 ru01     0.36566E-05 0.00000E+00 0.00000E+00
 62 pd05     0.79672E-06 0.00000E+00 0.00000E+00
 63 cs35     0.40795E-05 0.00000E+00 0.00000E+00
 64 sm50     0.16305E-06 0.00000E+00 0.00000E+00
 65 eu51     0.73773E-09 0.00000E+00 0.00000E+00
 66 eu53     0.12829E-07 0.00000E+00 0.00000E+00
 67 eu54     0.31063E-09 0.00000E+00 0.00000E+00
 68 gd54     0.87625E-12 0.00000E+00 0.00000E+00
 69 am42     0.49563E-13 0.00000E+00 0.00000E+00
 70 cm43     0.57445E-15 0.00000E+00 0.00000E+00
 ------------------------------------------------------------------------------
  number of cells =           6
          cell number    2  number of zone= 3
 << geometry characteristics >>
    geometry of cell- cilindrical index=           2
  kratnost of cell =   18.00000    
  inner radius of cell =  0.0000000E+00
  out square ratio =  0.3888000      0.3333000      0.0000000E+00  0.2222000    
  5.5500001E-02  0.0000000E+00
 ------------------------------------------------------------------------------
 num zone      4           5           6
 radius   0.29000E+00 0.34000E+00 0.48000E+00
 temper   0.59700E+03 0.58300E+03 0.58300E+03
 rez_izot    u238        bad         bad 
 ------------------------------------------------------------------------------
    izotop   /             concentration number of izotops=70
  1 *h*      0.00000E+00 0.00000E+00 0.93644E-02
  2 *o*      0.00000E+00 0.00000E+00 0.31411E-01
  3 zr       0.00000E+00 0.43132E-01 0.00000E+00
  4 u235     0.31375E-02 0.00000E+00 0.00000E+00
  5 u238     0.21474E-01 0.00000E+00 0.00000E+00
  6 o        0.49468E-01 0.00000E+00 0.00000E+00
 12 gd55     0.24155E-09 0.00000E+00 0.00000E+00
 13 gd57     0.45692E-08 0.00000E+00 0.00000E+00
 16 pu39     0.36739E-04 0.00000E+00 0.00000E+00
 17 pu40     0.31673E-06 0.00000E+00 0.00000E+00
 18 pu41     0.16741E-07 0.00000E+00 0.00000E+00
 19 d        0.00000E+00 0.00000E+00 0.53458E-01
 22 u236     0.20939E-04 0.00000E+00 0.00000E+00
 23 slag     0.26139E-04 0.00000E+00 0.00000E+00
 24 tc99     0.37917E-05 0.00000E+00 0.00000E+00
 25 rh03     0.20856E-05 0.00000E+00 0.00000E+00
 26 ag09     0.29875E-07 0.00000E+00 0.00000E+00
 27 cd13     0.75410E-08 0.00000E+00 0.00000E+00
 28 xe35     0.39597E-07 0.00000E+00 0.00000E+00
 29 sm49     0.58978E-06 0.00000E+00 0.00000E+00
 30 sm51     0.26496E-06 0.00000E+00 0.00000E+00
 31 eu55     0.20761E-07 0.00000E+00 0.00000E+00
 32 gd56     0.11819E-07 0.00000E+00 0.00000E+00
 33 np37     0.13013E-06 0.00000E+00 0.00000E+00
 34 np39     0.27272E-05 0.00000E+00 0.00000E+00
 35 pu38     0.13812E-08 0.00000E+00 0.00000E+00
 36 pu42     0.46034E-10 0.00000E+00 0.00000E+00
 37 am41     0.25847E-10 0.00000E+00 0.00000E+00
 38 am2m     0.26504E-13 0.00000E+00 0.00000E+00
 39 am43     0.30093E-12 0.00000E+00 0.00000E+00
 40 cm42     0.18298E-12 0.00000E+00 0.00000E+00
 41 cm44     0.29030E-14 0.00000E+00 0.00000E+00
 42 cm45     0.81059E-17 0.00000E+00 0.00000E+00
 47 sm52     0.18761E-06 0.00000E+00 0.00000E+00
 48 xe31     0.17136E-05 0.00000E+00 0.00000E+00
 49 cs33     0.41396E-05 0.00000E+00 0.00000E+00
 50 nd45     0.24082E-05 0.00000E+00 0.00000E+00
 51 nd43     0.35990E-05 0.00000E+00 0.00000E+00
 52 pm47     0.13669E-05 0.00000E+00 0.00000E+00
 53 mo95     0.39522E-05 0.00000E+00 0.00000E+00
 54 cs34     0.29519E-07 0.00000E+00 0.00000E+00
 55 pr41     0.36371E-05 0.00000E+00 0.00000E+00
 56 pm48     0.66468E-08 0.00000E+00 0.00000E+00
 57 pm8m     0.16247E-07 0.00000E+00 0.00000E+00
 58 rh05     0.31975E-07 0.00000E+00 0.00000E+00
 59 pm49     0.49791E-07 0.00000E+00 0.00000E+00
 60 kr83     0.32407E-06 0.00000E+00 0.00000E+00
 61 ru01     0.31348E-05 0.00000E+00 0.00000E+00
 62 pd05     0.69439E-06 0.00000E+00 0.00000E+00
 63 cs35     0.35834E-05 0.00000E+00 0.00000E+00
 64 sm50     0.11380E-06 0.00000E+00 0.00000E+00
 65 eu51     0.47239E-09 0.00000E+00 0.00000E+00
 66 eu53     0.89773E-08 0.00000E+00 0.00000E+00
 67 eu54     0.18204E-09 0.00000E+00 0.00000E+00
 68 gd54     0.51351E-12 0.00000E+00 0.00000E+00
 69 am42     0.23373E-13 0.00000E+00 0.00000E+00
 70 cm43     0.22921E-15 0.00000E+00 0.00000E+00
 ------------------------------------------------------------------------------
  number of cells =           6
          cell number    3  number of zone= 3
 << geometry characteristics >>
    geometry of cell- cilindrical index=           2
  kratnost of cell =   9.000000    
  inner radius of cell =  0.0000000E+00
  out square ratio =  0.6666000      0.0000000E+00  0.0000000E+00  0.0000000E+00
  0.0000000E+00  0.3333000    
 ------------------------------------------------------------------------------
 num zone      7           8           9
 radius   0.29000E+00 0.34000E+00 0.48000E+00
 temper   0.58300E+03 0.58300E+03 0.58300E+03
 rez_izot    bad         bad         bad 
 ------------------------------------------------------------------------------
    izotop   /             concentration number of izotops=70
  1 *h*      0.00000E+00 0.00000E+00 0.93644E-02
  2 *o*      0.00000E+00 0.00000E+00 0.31411E-01
  3 zr       0.00000E+00 0.43132E-01 0.00000E+00
  6 o        0.67340E-02 0.00000E+00 0.00000E+00
 12 gd55     0.61657E-03 0.00000E+00 0.00000E+00
 13 gd57     0.65308E-03 0.00000E+00 0.00000E+00
 19 d        0.00000E+00 0.00000E+00 0.53458E-01
 23 slag     0.49745E-04 0.00000E+00 0.00000E+00
 32 gd56     0.47605E-04 0.00000E+00 0.00000E+00
 ------------------------------------------------------------------------------
  number of cells =           6
          cell number    4  number of zone= 3
 << geometry characteristics >>
    geometry of cell- cilindrical index=           2
  kratnost of cell =   6.000000    
  inner radius of cell =  0.0000000E+00
  out square ratio =  0.0000000E+00  0.6666000      0.0000000E+00  0.0000000E+00
  0.3333000      0.0000000E+00
 ------------------------------------------------------------------------------
 num zone     10          11          12
 radius   0.17500E+00 0.22500E+00 0.48000E+00
 temper   0.58300E+03 0.58300E+03 0.58300E+03
 rez_izot    bad         bad         bad 
 ------------------------------------------------------------------------------
    izotop   /             concentration number of izotops=70
  1 *h*      0.00000E+00 0.00000E+00 0.93644E-02
  2 *o*      0.00000E+00 0.00000E+00 0.31411E-01
  3 zr       0.00000E+00 0.43132E-01 0.00000E+00
  6 o        0.67340E-02 0.00000E+00 0.00000E+00
 12 gd55     0.63061E-03 0.00000E+00 0.00000E+00
 13 gd57     0.66545E-03 0.00000E+00 0.00000E+00
 19 d        0.00000E+00 0.00000E+00 0.53458E-01
 23 slag     0.37257E-04 0.00000E+00 0.00000E+00
 32 gd56     0.33685E-04 0.00000E+00 0.00000E+00
 ------------------------------------------------------------------------------
  number of cells =           6
          cell number    5  number of zone= 3
 << geometry characteristics >>
    geometry of cell- cilindrical index=           2
  kratnost of cell =   7.000000    
  inner radius of cell =  0.0000000E+00
  out square ratio =  0.0000000E+00  0.1428000      0.0000000E+00  0.2857000    
  0.5714000      0.0000000E+00
 ------------------------------------------------------------------------------
 num zone     13          14          15
 radius   0.29000E+00 0.34000E+00 0.48000E+00
 temper   0.58300E+03 0.30000E+03 0.58300E+03
 rez_izot    bad         bad         bad 
 ------------------------------------------------------------------------------
    izotop   /             concentration number of izotops=70
  1 *h*      0.00000E+00 0.00000E+00 0.93644E-02
  2 *o*      0.00000E+00 0.00000E+00 0.31411E-01
 10 b-10     0.78545E-01 0.00000E+00 0.00000E+00
 11 c        0.28331E-01 0.00000E+00 0.00000E+00
 14 ni       0.00000E+00 0.42200E-01 0.00000E+00
 15 cr       0.00000E+00 0.31650E-01 0.00000E+00
 19 d        0.00000E+00 0.00000E+00 0.53458E-01
 ------------------------------------------------------------------------------
  number of cells =           6
          cell number    6  number of zone= 2
 << geometry characteristics >>
    geometry of cell- cilindrical index=           2
  kratnost of cell =   36.00000    
  inner radius of cell =  0.0000000E+00
  out square ratio =  0.2222000      0.0000000E+00  8.3300002E-02  0.0000000E+00
  0.0000000E+00  0.6944000    
 ------------------------------------------------------------------------------
 num zone     16          17
 radius   0.39000E+00 0.48000E+00
 temper   0.58300E+03 0.58300E+03
 rez_izot    bad         bad 
 ------------------------------------------------------------------------------
    izotop   /             concentration number of izotops=70
  1 *h*      0.00000E+00 0.93644E-02
  2 *o*      0.00000E+00 0.31411E-01
  3 zr       0.43132E-01 0.00000E+00
 19 d        0.00000E+00 0.53458E-01
:fier                                                                           
 condensation boundary was changed from  0.21500E+01 to  0.21544E+01
*** 4 *** ;egr=  2.1544    
    keff         nu           mu           fi           teta
  0.70881       1.8466       4.8845      0.12135      0.64755    
 s0z(n)=   0.9138319      0.0000000E+00  0.0000000E+00  0.9184295    
  0.0000000E+00  0.0000000E+00  0.0000000E+00  0.0000000E+00  0.0000000E+00
  0.0000000E+00  0.0000000E+00  0.0000000E+00  0.0000000E+00  0.0000000E+00
  0.0000000E+00  0.0000000E+00  0.0000000E+00
:macro                                                                          
 condensation boundary was changed from  0.21500E+01 to  0.21544E+01
 condensation boundary was changed from  0.21500E+01 to  0.21544E+01
    -------------------------------------------------------------------------------
    * n group   * e(i)        * e(i+1)      *spect neutron fission  *
          1       0.10500E+08    2.1544           0.99901    
          2        2.1544        0.0000           0.13603E-08
    *******************************************************************************
                                       **    macro cross section    **
    *******************************************************************************
    ** n zone    1 vzone=  91.926     /  1  2  3  4  5  6  7  8  9 10 11 12 13 14 15 16 17
*grp*flux 1/cm2c  * stotal      * sabs        * sfis.       * nu$sfis.    * 1/3*strans  *1/aver.veloci*aver power
  1  0.6720912     0.3950702     0.1473198E-01 0.3805417E-02 0.9448577E-02  1.116306     0.1285381E-05 0.6413650     0.7931244    
  2  0.1333787E-01 0.4283693     0.1025434     0.5001638E-01 0.1226183     0.8768417     0.1265256E-05  1.195769     0.2068757    
                                       * matric. scat.cross. sec. from i to j  *
       i / j -->            1           2
       i        1 0.3783145     0.2024096E-02
       i        2 0.6758793E-04 0.3257581    
:stop                                                                           
