 *****          file of input data set *******
                                                                                                                        
:poly
 &vvod
 @ 1 tvel  cell@   rcel(1,1)=0.29,0.34,0.48,
                   ncelsos(1,1)=1,3,4
 @ 2 tvel  cell@   rcel(1,2)=0.29,0.34,0.48,
                   ncelsos(1,2)=2,3,4
 @ 3 svp-1 cell@   rcel(1,3)=0.29,0.34,0.48,
                   ncelsos(1,3)=5,3,4,
 @ 4 svp-2 cell@   rcel(1,4)=0.175,0.225,0.48,
                   ncelsos(1,4)=5,3,4,
 @ 5 pal       @   rcel(1,5)=0.29,0.34,0.48,
                   ncelsos(1,5)=6,7,4,
 @ 6 km        @   rcel(1,6)=0.39,0.48,
                   ncelsos(1,6)=3,4,
  t=0.6590e+03, 0.5970e+03, 0.5830e+03, 0.5830e+03, 0.5830e+03, 0.5830e+03,
@-----------------------------------------------------------------------
 troiz=
 @         1 tv_1       2 tv_2     3 zr_ob_tv   4 h2o     5 svp    6 pel    7 ob_pel
 @ *h*  @ 0.0000000, 0.0000000, 0.0000000, 0.0466884, 0.0000000, 0.0000000, 0.0000000,
 @ *o*  @ 0.0000000, 0.0000000, 0.0000000, 0.0233442, 0.0000000 , 0.0000000, 0.0000000,
 @ zr   @ 0.0000000, 0.0000000, 0.0431323, 0.0000000, 0.0000000, 0.0000000, 0.0000000,
 @ u235 @ 0.0037101, 0.0032154, 0.0000000, 0.0000000, 0.0000000, 0.0000000, 0.0000000,
 @ u238 @ 0.0210238, 0.0215185, 0.0000000, 0.0000000, 0.0000000, 0.0000000, 0.0000000,
 @ o    @ 0.0494677, 0.0494677, 0.0000000, 0.0000000, 0.0067340, 0.0000000, 0.0000000,
 @ n    @ 0.0000000, 0.0000000, 0.0000000, 0.0000000, 0.0000000, 0.0000000, 0.0000000,
 @ *c*  @ 0.0000000, 0.0000000, 0.0000000, 0.0000000, 0.0000000, 0.0000000, 0.0000000,
 @ al   @ 0.0000000, 0.0000000, 0.0000000, 0.0000000, 0.0000000, 0.0000000, 0.0000000,
 @ b-10 @ 0.0000000, 0.0000000, 0.0000000, 0.0000000, 0.0000000, 0.0793276, 0.0000000,
 @ c    @ 0.0000000, 0.0000000, 0.0000000, 0.0000000, 0.0000000, 0.0283313, 0.0000000,
 @ gd55 @ 0.0000000, 0.0000000, 0.0000000, 0.0000000, 0.0006644, 0.0000000, 0.0000000,
 @ gd57 @ 0.0000000, 0.0000000, 0.0000000, 0.0000000, 0.0007026, 0.0000000, 0.0000000,
 @ ni   @ 0.0000000, 0.0000000, 0.0000000, 0.0000000, 0.0000000, 0.0000000, 0.0421996,
 @ cr   @ 0.0000000, 0.0000000, 0.0000000, 0.0000000, 0.0000000, 0.0000000, 0.0316497,
 @ pu39 @ 0.0000000, 0.0000000, 0.0000000, 0.0000000, 0.0000000, 0.0000000, 0.0000000,
 @ pu40 @ 0.0000000, 0.0000000, 0.0000000, 0.0000000, 0.0000000, 0.0000000, 0.0000000,
 @ pu41 @ 0.0000000, 0.0000000, 0.0000000, 0.0000000, 0.0000000, 0.0000000, 0.0000000,
@-----------------------------------------------------------------------
 ntcell=1,2,3,4,5,6,
 krat= 51,18,9,6,7,36,
 alout=
       0.5882 , 0.1372 , 0.1176 , 0.0000 , 0.0000 , 0.1586,
       0.3888 , 0.3333 , 0.0000 , 0.2222 , 0.0555 , 0.0000,
       0.6666 , 0.0000 , 0.0000 , 0.0000 , 0.0000 , 0.3333,
       0.0000 , 0.6666 , 0.0000 , 0.0000 , 0.3333 , 0.0000,
       0.0000 , 0.1428 , 0.0000 , 0.2857 , 0.5714 , 0.0000,
       0.2222 , 0.0000 , 0.0833 , 0.0000 , 0.0000 , 0.6944,
 material(1)='chmc',
 &end
*h*
*o*
zr
u235
u238
o
n
*c*
al
b-10
c
gd55
gd57
ni
cr
pu39
pu40
pu41
****
:burn
 &vvod qv=105.5,dtim=50,
 &end
:corr
 &vvod &end
:burn
 &vvod qv=105.5,dtim=50,
 &end
:corr
 &vvod &end
:burn
 &vvod qv=105.5,dtim=50,
 &end
:corr
 &vvod &end
:burn
 &vvod qv=105.5,dtim=50,
 &end
:corr
 &vvod &end
:corr
 &vvod &end
:fier
 &vvod &end
:macro
 &vvod
  et=10.5e+6,2.15,2.15,0.,
 @nbv=1,1,1,1,1,1,1,1,1,1,1,1,1,1,
 &end
:stop
 ***** end of   file of input data set *******
:poly                                                                           
  rout and rin were constructed
Rout= 0.290, 0.340, 0.480, 0.290, 0.340, 0.480, 0.290, 0.340, 0.480, 0.175,
 0.225, 0.480, 0.290, 0.340, 0.480, 0.390, 0.480,
Rin = 0.000, 0.290, 0.340, 0.000, 0.290, 0.340, 0.000, 0.290, 0.340, 0.000,
 0.175, 0.225, 0.000, 0.290, 0.340, 0.000, 0.390,
  nsos  was constructed
nsos=  1,  3,  4,  2,  3,  4,  5,  3,  4,  5,
  3,  4,  6,  7,  4,  3,  4,
 definition izotr in sos           1:izotr=   5.000000    
 definition izotr in sos           2:izotr=   5.000000    
  *******<< check input data>> programm declare *******
    --undeclared parametr--cefzad  -- programm standart value --cefzad  =  0.100000E+01
  *******<< check input data>> programm declare *******
    --undeclared parametr--bakl    -- programm standart value --bakl    =  0.000000E+00
  *******<< check input data>> programm declare *******
    --undeclared parametr--alin    -- programm standart value --alin    =  0.000000E+00  0.000000E+00
     0.000000E+00  0.000000E+00  0.000000E+00  0.000000E+00  0.000000E+00  0.000000E+00  0.000000E+00
     0.000000E+00  0.000000E+00  0.000000E+00  0.000000E+00  0.000000E+00  0.000000E+00  0.000000E+00
     0.000000E+00  0.000000E+00  0.000000E+00  0.000000E+00  0.000000E+00  0.000000E+00  0.000000E+00
     0.000000E+00  0.000000E+00  0.000000E+00  0.000000E+00  0.000000E+00  0.000000E+00  0.000000E+00
     0.000000E+00  0.000000E+00  0.000000E+00  0.000000E+00  0.000000E+00  0.000000E+00
  *******<< check input data>> programm declare *******
    --undeclared parametr--alcorr  -- programm standart value --alcorr  =  0.100000E+01  0.100000E+01
     0.100000E+01  0.100000E+01  0.100000E+01  0.100000E+01  0.100000E+01  0.100000E+01  0.100000E+01
     0.100000E+01  0.100000E+01  0.100000E+01  0.100000E+01  0.100000E+01  0.100000E+01  0.100000E+01
     0.100000E+01  0.100000E+01  0.100000E+01  0.100000E+01  0.100000E+01  0.100000E+01  0.100000E+01
     0.100000E+01  0.100000E+01  0.100000E+01  0.100000E+01  0.100000E+01  0.100000E+01  0.100000E+01
     0.100000E+01  0.100000E+01  0.100000E+01  0.100000E+01  0.100000E+01  0.100000E+01
  *******<< check input data>> programm declare *******
    --uncorrected definition--alin    --bat programm use this value --alin      0.000000E+00  0.000000E+00
     0.000000E+00  0.000000E+00  0.000000E+00  0.000000E+00  0.000000E+00  0.000000E+00  0.000000E+00
     0.000000E+00  0.000000E+00  0.000000E+00  0.000000E+00  0.000000E+00  0.000000E+00  0.000000E+00
     0.000000E+00  0.000000E+00  0.000000E+00  0.000000E+00  0.000000E+00  0.000000E+00  0.000000E+00
     0.000000E+00  0.000000E+00  0.000000E+00  0.000000E+00  0.000000E+00  0.000000E+00  0.000000E+00
     0.000000E+00  0.000000E+00  0.000000E+00  0.000000E+00  0.000000E+00  0.000000E+00
  *******<< check input data>> programm declare *******
    --uncorrected definition--alout   --bat programm use this value --alout     0.588200E+00  0.137200E+00
     0.117600E+00  0.000000E+00  0.000000E+00  0.158600E+00  0.388800E+00  0.333300E+00  0.000000E+00
     0.222200E+00  0.555000E-01  0.000000E+00  0.666600E+00  0.000000E+00  0.000000E+00  0.000000E+00
     0.000000E+00  0.333300E+00  0.000000E+00  0.666600E+00  0.000000E+00  0.000000E+00  0.333300E+00
     0.000000E+00  0.000000E+00  0.142800E+00  0.000000E+00  0.285700E+00  0.571400E+00  0.000000E+00
     0.222200E+00  0.000000E+00  0.833000E-01  0.000000E+00  0.000000E+00  0.694400E+00
  *******<< check input data>> programm declare *******
    --undeclared parametr--nbv     -- programm standart value --nbv     =    1    1    1    1    1    1
       1    1    1    1    1    1    1    1    1    1    1
  *******<< check input data>> programm declare *******
    --undeclared parametr--et      -- programm standart value --et      =  0.105000E+08  0.215000E+01
     0.215000E+01  0.000000E+00
    ????  storage for pr. getter =     1700 ?? common /rrr/ rab(        0 )  ????
 ------------------------------------------------------------------------------
  backling =  0.0000000E+00
 ------------------------------------------------------------------------------
  number of cells =           6
          cell number    1  number of zone= 3
 << geometry characteristics >>
    geometry of cell- cilindrical index=           2
  kratnost of cell =   51.00000    
  inner radius of cell =  0.0000000E+00
  out square ratio =  0.5882000      0.1372000      0.1176000      0.0000000E+00
  0.0000000E+00  0.1586000    
 ------------------------------------------------------------------------------
 num zone      1           2           3
 radius   0.29000E+00 0.34000E+00 0.48000E+00
 temper   0.65900E+03 0.58300E+03 0.58300E+03
 rez_izot    u238        bad         bad 
 ------------------------------------------------------------------------------
    izotop   /             concentration number of izotops=69
  1 *h*      0.00000E+00 0.00000E+00 0.46688E-01
  2 *o*      0.00000E+00 0.00000E+00 0.23344E-01
  3 zr       0.00000E+00 0.43132E-01 0.00000E+00
  4 u235     0.37101E-02 0.00000E+00 0.00000E+00
  5 u238     0.21024E-01 0.00000E+00 0.00000E+00
  6 o        0.49468E-01 0.00000E+00 0.00000E+00
 ------------------------------------------------------------------------------
  number of cells =           6
          cell number    2  number of zone= 3
 << geometry characteristics >>
    geometry of cell- cilindrical index=           2
  kratnost of cell =   18.00000    
  inner radius of cell =  0.0000000E+00
  out square ratio =  0.3888000      0.3333000      0.0000000E+00  0.2222000    
  5.5500001E-02  0.0000000E+00
 ------------------------------------------------------------------------------
 num zone      4           5           6
 radius   0.29000E+00 0.34000E+00 0.48000E+00
 temper   0.59700E+03 0.58300E+03 0.58300E+03
 rez_izot    u238        bad         bad 
 ------------------------------------------------------------------------------
    izotop   /             concentration number of izotops=69
  1 *h*      0.00000E+00 0.00000E+00 0.46688E-01
  2 *o*      0.00000E+00 0.00000E+00 0.23344E-01
  3 zr       0.00000E+00 0.43132E-01 0.00000E+00
  4 u235     0.32154E-02 0.00000E+00 0.00000E+00
  5 u238     0.21519E-01 0.00000E+00 0.00000E+00
  6 o        0.49468E-01 0.00000E+00 0.00000E+00
 ------------------------------------------------------------------------------
  number of cells =           6
          cell number    3  number of zone= 3
 << geometry characteristics >>
    geometry of cell- cilindrical index=           2
  kratnost of cell =   9.000000    
  inner radius of cell =  0.0000000E+00
  out square ratio =  0.6666000      0.0000000E+00  0.0000000E+00  0.0000000E+00
  0.0000000E+00  0.3333000    
 ------------------------------------------------------------------------------
 num zone      7           8           9
 radius   0.29000E+00 0.34000E+00 0.48000E+00
 temper   0.58300E+03 0.58300E+03 0.58300E+03
 rez_izot    bad         bad         bad 
 ------------------------------------------------------------------------------
    izotop   /             concentration number of izotops=69
  1 *h*      0.00000E+00 0.00000E+00 0.46688E-01
  2 *o*      0.00000E+00 0.00000E+00 0.23344E-01
  3 zr       0.00000E+00 0.43132E-01 0.00000E+00
  6 o        0.67340E-02 0.00000E+00 0.00000E+00
 12 gd55     0.66440E-03 0.00000E+00 0.00000E+00
 13 gd57     0.70260E-03 0.00000E+00 0.00000E+00
 ------------------------------------------------------------------------------
  number of cells =           6
          cell number    4  number of zone= 3
 << geometry characteristics >>
    geometry of cell- cilindrical index=           2
  kratnost of cell =   6.000000    
  inner radius of cell =  0.0000000E+00
  out square ratio =  0.0000000E+00  0.6666000      0.0000000E+00  0.0000000E+00
  0.3333000      0.0000000E+00
 ------------------------------------------------------------------------------
 num zone     10          11          12
 radius   0.17500E+00 0.22500E+00 0.48000E+00
 temper   0.58300E+03 0.58300E+03 0.58300E+03
 rez_izot    bad         bad         bad 
 ------------------------------------------------------------------------------
    izotop   /             concentration number of izotops=69
  1 *h*      0.00000E+00 0.00000E+00 0.46688E-01
  2 *o*      0.00000E+00 0.00000E+00 0.23344E-01
  3 zr       0.00000E+00 0.43132E-01 0.00000E+00
  6 o        0.67340E-02 0.00000E+00 0.00000E+00
 12 gd55     0.66440E-03 0.00000E+00 0.00000E+00
 13 gd57     0.70260E-03 0.00000E+00 0.00000E+00
 ------------------------------------------------------------------------------
  number of cells =           6
          cell number    5  number of zone= 3
 << geometry characteristics >>
    geometry of cell- cilindrical index=           2
  kratnost of cell =   7.000000    
  inner radius of cell =  0.0000000E+00
  out square ratio =  0.0000000E+00  0.1428000      0.0000000E+00  0.2857000    
  0.5714000      0.0000000E+00
 ------------------------------------------------------------------------------
 num zone     13          14          15
 radius   0.29000E+00 0.34000E+00 0.48000E+00
 temper   0.58300E+03 0.30000E+03 0.58300E+03
 rez_izot    bad         bad         bad 
 ------------------------------------------------------------------------------
    izotop   /             concentration number of izotops=69
  1 *h*      0.00000E+00 0.00000E+00 0.46688E-01
  2 *o*      0.00000E+00 0.00000E+00 0.23344E-01
 10 b-10     0.79328E-01 0.00000E+00 0.00000E+00
 11 c        0.28331E-01 0.00000E+00 0.00000E+00
 14 ni       0.00000E+00 0.42200E-01 0.00000E+00
 15 cr       0.00000E+00 0.31650E-01 0.00000E+00
 ------------------------------------------------------------------------------
  number of cells =           6
          cell number    6  number of zone= 2
 << geometry characteristics >>
    geometry of cell- cilindrical index=           2
  kratnost of cell =   36.00000    
  inner radius of cell =  0.0000000E+00
  out square ratio =  0.2222000      0.0000000E+00  8.3300002E-02  0.0000000E+00
  0.0000000E+00  0.6944000    
 ------------------------------------------------------------------------------
 num zone     16          17
 radius   0.39000E+00 0.48000E+00
 temper   0.58300E+03 0.58300E+03
 rez_izot    bad         bad 
 ------------------------------------------------------------------------------
    izotop   /             concentration number of izotops=69
  1 *h*      0.00000E+00 0.46688E-01
  2 *o*      0.00000E+00 0.23344E-01
  3 zr       0.43132E-01 0.00000E+00
    > CONSYST Program Ver: 98.01 > started at  0: 0: 0:  
    { Manturov G., E-mail: abbn@ippe.rssi.ru}
 
       -------------------------------
 
       CONSYST INPUT DATA READ FROM : cons.dat
       CONSYST PROTOCOL STORED IN   : RESULT
       GMF X-SECTION'S FILE         : OUT
       TEMPORARY FILE               : RAB
       ABBN BASIC DATA SET FROM     : .\get-93\bin\Bnab90.lib
       ABBN MULTIC DATA SET FROM    : .\get-93\bin\Bnabmlt.lib
       ABBN THERMAL DATA SET FROM   : .\get-93\bin\BNABTHM.lib
 
    >>  K-inf(MLT)= 1.33527 Balance= 1.03540 NU= 2.71 FI-Sum=  7.10E+01
    >   Include Thermal Matrix > H(H2O):BNABTHM.BIN   Temp=  500K
    >   Include Thermal Matrix > H(H2O):BNABTHM.BIN   Temp=  600K
    >>  K-inf(MLT)= 1.25470 Balance= 1.03337 NU= 2.71 FI-Sum=  7.46E+01
    >   Include Thermal Matrix > H(H2O):BNABTHM.BIN   Temp=  500K
    >   Include Thermal Matrix > H(H2O):BNABTHM.BIN   Temp=  600K
    >   Include Thermal Matrix > H(H2O):BNABTHM.BIN   Temp=  500K
    >   Include Thermal Matrix > H(H2O):BNABTHM.BIN   Temp=  600K
    >   Include Thermal Matrix > H(H2O):BNABTHM.BIN   Temp=  500K
    >   Include Thermal Matrix > H(H2O):BNABTHM.BIN   Temp=  600K
    >   Include Thermal Matrix > H(H2O):BNABTHM.BIN   Temp=  500K
    >   Include Thermal Matrix > H(H2O):BNABTHM.BIN   Temp=  600K
    >   Include Thermal Matrix > H(H2O):BNABTHM.BIN   Temp=  500K
    >   Include Thermal Matrix > H(H2O):BNABTHM.BIN   Temp=  600K
    > CONSYST finished at  0: 0: 0:  
 therm. calculation avoided
 therm. calculation avoided
 therm. calculation avoided
 therm. calculation avoided
 therm. calculation avoided
 therm. calculation avoided
 therm. calculation avoided
 *************************************************
   ***k(inf)=0.946364     ***k(itt)=0.972213     ***k(integ)=0.946364    ***
   **bakl=  0.0000     **length= 0.10000E+11  ***
   **matr.  alout*alcorr a(k,i)(k=1,ncel) ***
     * 0.58820     0.13720     0.11760      0.0000      0.0000     0.15860    
     * 0.38880     0.33330      0.0000     0.22220     0.55500E-01  0.0000    
     * 0.66660      0.0000      0.0000      0.0000      0.0000     0.33330    
     *  0.0000     0.66660      0.0000      0.0000     0.33330      0.0000    
     *  0.0000     0.14280      0.0000     0.28570     0.57140      0.0000    
     * 0.22220      0.0000     0.83300E-01  0.0000      0.0000     0.69440    
 lokal kner      in cell ,ru=           1=   1.068045       1.060776    
 lokal kner      in cell ,ru=           2=  0.8072065      0.8278024    
 lokal kner      in cell ,ru=           3=  0.0000000E+00   1.153744    
 lokal kner      in cell ,ru=           4=  0.0000000E+00  0.3633259    
 lokal kner      in cell ,ru=           5=  0.0000000E+00   3.557931    
 lokal kner      in cell ,ru=           6=  0.0000000E+00  3.3033904E-02
:burn                                                                           
 *** average burn up =   2.6977     (mbt*day)/(kg hm)
    > CONSYST Program Ver: 98.01 > started at  0: 0: 0:  
    { Manturov G., E-mail: abbn@ippe.rssi.ru}
 
       -------------------------------
 
       CONSYST INPUT DATA READ FROM : cons.dat
       CONSYST PROTOCOL STORED IN   : RESULT
       GMF X-SECTION'S FILE         : OUT
       TEMPORARY FILE               : RAB
       ABBN BASIC DATA SET FROM     : .\get-93\bin\Bnab90.lib
       ABBN MULTIC DATA SET FROM    : .\get-93\bin\Bnabmlt.lib
       ABBN THERMAL DATA SET FROM   : .\get-93\bin\BNABTHM.lib
 
    >>  K-inf(MLT)= 1.32568 Balance= 1.03504 NU= 2.71 FI-Sum=  7.15E+01
    >   Include Thermal Matrix > H(H2O):BNABTHM.BIN   Temp=  500K
    >   Include Thermal Matrix > H(H2O):BNABTHM.BIN   Temp=  600K
    >>  K-inf(MLT)= 1.24722 Balance= 1.03304 NU= 2.71 FI-Sum=  7.49E+01
    >   Include Thermal Matrix > H(H2O):BNABTHM.BIN   Temp=  500K
    >   Include Thermal Matrix > H(H2O):BNABTHM.BIN   Temp=  600K
    >   Include Thermal Matrix > H(H2O):BNABTHM.BIN   Temp=  500K
    >   Include Thermal Matrix > H(H2O):BNABTHM.BIN   Temp=  600K
    >   Include Thermal Matrix > H(H2O):BNABTHM.BIN   Temp=  500K
    >   Include Thermal Matrix > H(H2O):BNABTHM.BIN   Temp=  600K
    >   Include Thermal Matrix > H(H2O):BNABTHM.BIN   Temp=  500K
    >   Include Thermal Matrix > H(H2O):BNABTHM.BIN   Temp=  600K
    >   Include Thermal Matrix > H(H2O):BNABTHM.BIN   Temp=  500K
    >   Include Thermal Matrix > H(H2O):BNABTHM.BIN   Temp=  600K
    > CONSYST finished at  0: 0: 0:  
 therm. calculation avoided
 therm. calculation avoided
 therm. calculation avoided
 therm. calculation avoided
 therm. calculation avoided
 therm. calculation avoided
 therm. calculation avoided
 therm. calculation avoided
 *************************************************
   ***k(inf)=0.925679     ***k(itt)=0.950959     ***k(integ)=0.925679    ***
   **bakl=  0.0000     **length= 0.10000E+11  ***
   **matr.  alout*alcorr a(k,i)(k=1,ncel) ***
     * 0.58820     0.13720     0.11760      0.0000      0.0000     0.15860    
     * 0.38880     0.33330      0.0000     0.22220     0.55500E-01  0.0000    
     * 0.66660      0.0000      0.0000      0.0000      0.0000     0.33330    
     *  0.0000     0.66660      0.0000      0.0000     0.33330      0.0000    
     *  0.0000     0.14280      0.0000     0.28570     0.57140      0.0000    
     * 0.22220      0.0000     0.83300E-01  0.0000      0.0000     0.69440    
 lokal kner      in cell ,ru=           1=   1.067214       1.060919    
 lokal kner      in cell ,ru=           2=  0.8095609      0.8273962    
 lokal kner      in cell ,ru=           3=  0.0000000E+00   1.094263    
 lokal kner      in cell ,ru=           4=  0.0000000E+00  0.3448197    
 lokal kner      in cell ,ru=           5=  0.0000000E+00   3.523726    
 lokal kner      in cell ,ru=           6=  0.0000000E+00  3.2658357E-02
:corr                                                                           
 ------------------------------------------------------------------------------
  backling =  0.0000000E+00
 ------------------------------------------------------------------------------
  number of cells =           6
          cell number    1  number of zone= 3
 << geometry characteristics >>
    geometry of cell- cilindrical index=           2
  kratnost of cell =   51.00000    
  inner radius of cell =  0.0000000E+00
  out square ratio =  0.5882000      0.1372000      0.1176000      0.0000000E+00
  0.0000000E+00  0.1586000    
 ------------------------------------------------------------------------------
 num zone      1           2           3
 radius   0.29000E+00 0.34000E+00 0.48000E+00
 temper   0.65900E+03 0.58300E+03 0.58300E+03
 rez_izot    u238        bad         bad 
 ------------------------------------------------------------------------------
    izotop   /             concentration number of izotops=69
  1 *h*      0.00000E+00 0.00000E+00 0.46688E-01
  2 *o*      0.00000E+00 0.00000E+00 0.23344E-01
  3 zr       0.00000E+00 0.43132E-01 0.00000E+00
  4 u235     0.36194E-02 0.00000E+00 0.00000E+00
  5 u238     0.20994E-01 0.00000E+00 0.00000E+00
  6 o        0.49468E-01 0.00000E+00 0.00000E+00
 12 gd55     0.23386E-09 0.00000E+00 0.00000E+00
 13 gd57     0.29098E-08 0.00000E+00 0.00000E+00
 16 pu39     0.23309E-04 0.00000E+00 0.00000E+00
 17 pu40     0.30729E-06 0.00000E+00 0.00000E+00
 18 pu41     0.21567E-07 0.00000E+00 0.00000E+00
 21 u236     0.20626E-04 0.00000E+00 0.00000E+00
 22 slag     0.32467E-04 0.00000E+00 0.00000E+00
 23 tc99     0.45495E-05 0.00000E+00 0.00000E+00
 24 rh03     0.24395E-05 0.00000E+00 0.00000E+00
 25 ag09     0.33277E-07 0.00000E+00 0.00000E+00
 26 cd13     0.60393E-08 0.00000E+00 0.00000E+00
 27 xe35     0.35794E-07 0.00000E+00 0.00000E+00
 28 sm49     0.46194E-06 0.00000E+00 0.00000E+00
 29 sm51     0.29791E-06 0.00000E+00 0.00000E+00
 30 eu55     0.21525E-07 0.00000E+00 0.00000E+00
 31 gd56     0.16070E-07 0.00000E+00 0.00000E+00
 32 np37     0.10289E-06 0.00000E+00 0.00000E+00
 33 np39     0.17543E-05 0.00000E+00 0.00000E+00
 34 pu38     0.99211E-09 0.00000E+00 0.00000E+00
 35 pu42     0.86914E-10 0.00000E+00 0.00000E+00
 36 am41     0.33349E-10 0.00000E+00 0.00000E+00
 37 am2m     0.43560E-13 0.00000E+00 0.00000E+00
 38 am43     0.58498E-12 0.00000E+00 0.00000E+00
 39 cm42     0.30519E-12 0.00000E+00 0.00000E+00
 40 cm44     0.55377E-14 0.00000E+00 0.00000E+00
 41 cm45     0.13637E-16 0.00000E+00 0.00000E+00
 46 sm52     0.23362E-06 0.00000E+00 0.00000E+00
 47 xe31     0.20535E-05 0.00000E+00 0.00000E+00
 48 cs33     0.49741E-05 0.00000E+00 0.00000E+00
 49 nd45     0.28942E-05 0.00000E+00 0.00000E+00
 50 nd43     0.43354E-05 0.00000E+00 0.00000E+00
 51 pm47     0.16383E-05 0.00000E+00 0.00000E+00
 52 mo95     0.47688E-05 0.00000E+00 0.00000E+00
 53 cs34     0.30902E-07 0.00000E+00 0.00000E+00
 54 pr41     0.43485E-05 0.00000E+00 0.00000E+00
 55 pm48     0.75916E-08 0.00000E+00 0.00000E+00
 56 pm8m     0.16322E-07 0.00000E+00 0.00000E+00
 57 rh05     0.35899E-07 0.00000E+00 0.00000E+00
 58 pm49     0.59129E-07 0.00000E+00 0.00000E+00
 59 kr83     0.39131E-06 0.00000E+00 0.00000E+00
 60 ru01     0.37659E-05 0.00000E+00 0.00000E+00
 61 pd05     0.78511E-06 0.00000E+00 0.00000E+00
 62 cs35     0.32569E-05 0.00000E+00 0.00000E+00
 63 sm50     0.37055E-06 0.00000E+00 0.00000E+00
 64 eu51     0.11505E-08 0.00000E+00 0.00000E+00
 65 eu53     0.10333E-07 0.00000E+00 0.00000E+00
 66 eu54     0.17359E-09 0.00000E+00 0.00000E+00
 67 gd54     0.48723E-12 0.00000E+00 0.00000E+00
 68 am42     0.38829E-13 0.00000E+00 0.00000E+00
 69 cm43     0.23831E-15 0.00000E+00 0.00000E+00
 ------------------------------------------------------------------------------
  number of cells =           6
          cell number    2  number of zone= 3
 << geometry characteristics >>
    geometry of cell- cilindrical index=           2
  kratnost of cell =   18.00000    
  inner radius of cell =  0.0000000E+00
  out square ratio =  0.3888000      0.3333000      0.0000000E+00  0.2222000    
  5.5500001E-02  0.0000000E+00
 ------------------------------------------------------------------------------
 num zone      4           5           6
 radius   0.29000E+00 0.34000E+00 0.48000E+00
 temper   0.59700E+03 0.58300E+03 0.58300E+03
 rez_izot    u238        bad         bad 
 ------------------------------------------------------------------------------
    izotop   /             concentration number of izotops=69
  1 *h*      0.00000E+00 0.00000E+00 0.46688E-01
  2 *o*      0.00000E+00 0.00000E+00 0.23344E-01
  3 zr       0.00000E+00 0.43132E-01 0.00000E+00
  4 u235     0.31479E-02 0.00000E+00 0.00000E+00
  5 u238     0.21492E-01 0.00000E+00 0.00000E+00
  6 o        0.49468E-01 0.00000E+00 0.00000E+00
 12 gd55     0.19196E-09 0.00000E+00 0.00000E+00
 13 gd57     0.25513E-08 0.00000E+00 0.00000E+00
 16 pu39     0.20551E-04 0.00000E+00 0.00000E+00
 17 pu40     0.23123E-06 0.00000E+00 0.00000E+00
 18 pu41     0.13500E-07 0.00000E+00 0.00000E+00
 21 u236     0.15436E-04 0.00000E+00 0.00000E+00
 22 slag     0.24298E-04 0.00000E+00 0.00000E+00
 23 tc99     0.34385E-05 0.00000E+00 0.00000E+00
 24 rh03     0.18732E-05 0.00000E+00 0.00000E+00
 25 ag09     0.25940E-07 0.00000E+00 0.00000E+00
 26 cd13     0.51498E-08 0.00000E+00 0.00000E+00
 27 xe35     0.28606E-07 0.00000E+00 0.00000E+00
 28 sm49     0.38585E-06 0.00000E+00 0.00000E+00
 29 sm51     0.23201E-06 0.00000E+00 0.00000E+00
 30 eu55     0.17464E-07 0.00000E+00 0.00000E+00
 31 gd56     0.11589E-07 0.00000E+00 0.00000E+00
 32 np37     0.65346E-07 0.00000E+00 0.00000E+00
 33 np39     0.15383E-05 0.00000E+00 0.00000E+00
 34 pu38     0.53444E-09 0.00000E+00 0.00000E+00
 35 pu42     0.45731E-10 0.00000E+00 0.00000E+00
 36 am41     0.20864E-10 0.00000E+00 0.00000E+00
 37 am2m     0.22989E-13 0.00000E+00 0.00000E+00
 38 am43     0.26033E-12 0.00000E+00 0.00000E+00
 39 cm42     0.16019E-12 0.00000E+00 0.00000E+00
 40 cm44     0.20830E-14 0.00000E+00 0.00000E+00
 41 cm45     0.43212E-17 0.00000E+00 0.00000E+00
 46 sm52     0.17613E-06 0.00000E+00 0.00000E+00
 47 xe31     0.15577E-05 0.00000E+00 0.00000E+00
 48 cs33     0.37575E-05 0.00000E+00 0.00000E+00
 49 nd45     0.21868E-05 0.00000E+00 0.00000E+00
 50 nd43     0.32661E-05 0.00000E+00 0.00000E+00
 51 pm47     0.12459E-05 0.00000E+00 0.00000E+00
 52 mo95     0.35924E-05 0.00000E+00 0.00000E+00
 53 cs34     0.19668E-07 0.00000E+00 0.00000E+00
 54 pr41     0.32918E-05 0.00000E+00 0.00000E+00
 55 pm48     0.48319E-08 0.00000E+00 0.00000E+00
 56 pm8m     0.10713E-07 0.00000E+00 0.00000E+00
 57 rh05     0.28125E-07 0.00000E+00 0.00000E+00
 58 pm49     0.45030E-07 0.00000E+00 0.00000E+00
 59 kr83     0.29453E-06 0.00000E+00 0.00000E+00
 60 ru01     0.28445E-05 0.00000E+00 0.00000E+00
 61 pd05     0.61503E-06 0.00000E+00 0.00000E+00
 62 cs35     0.25978E-05 0.00000E+00 0.00000E+00
 63 sm50     0.24843E-06 0.00000E+00 0.00000E+00
 64 eu51     0.68819E-09 0.00000E+00 0.00000E+00
 65 eu53     0.65668E-08 0.00000E+00 0.00000E+00
 66 eu54     0.94360E-10 0.00000E+00 0.00000E+00
 67 gd54     0.26496E-12 0.00000E+00 0.00000E+00
 68 am42     0.20422E-13 0.00000E+00 0.00000E+00
 69 cm43     0.10873E-15 0.00000E+00 0.00000E+00
 ------------------------------------------------------------------------------
  number of cells =           6
          cell number    3  number of zone= 3
 << geometry characteristics >>
    geometry of cell- cilindrical index=           2
  kratnost of cell =   9.000000    
  inner radius of cell =  0.0000000E+00
  out square ratio =  0.6666000      0.0000000E+00  0.0000000E+00  0.0000000E+00
  0.0000000E+00  0.3333000    
 ------------------------------------------------------------------------------
 num zone      7           8           9
 radius   0.29000E+00 0.34000E+00 0.48000E+00
 temper   0.58300E+03 0.58300E+03 0.58300E+03
 rez_izot    bad         bad         bad 
 ------------------------------------------------------------------------------
    izotop   /             concentration number of izotops=69
  1 *h*      0.00000E+00 0.00000E+00 0.46688E-01
  2 *o*      0.00000E+00 0.00000E+00 0.23344E-01
  3 zr       0.00000E+00 0.43132E-01 0.00000E+00
  6 o        0.67340E-02 0.00000E+00 0.00000E+00
 12 gd55     0.62164E-03 0.00000E+00 0.00000E+00
 13 gd57     0.61953E-03 0.00000E+00 0.00000E+00
 22 slag     0.83162E-04 0.00000E+00 0.00000E+00
 31 gd56     0.42668E-04 0.00000E+00 0.00000E+00
 ------------------------------------------------------------------------------
  number of cells =           6
          cell number    4  number of zone= 3
 << geometry characteristics >>
    geometry of cell- cilindrical index=           2
  kratnost of cell =   6.000000    
  inner radius of cell =  0.0000000E+00
  out square ratio =  0.0000000E+00  0.6666000      0.0000000E+00  0.0000000E+00
  0.3333000      0.0000000E+00
 ------------------------------------------------------------------------------
 num zone     10          11          12
 radius   0.17500E+00 0.22500E+00 0.48000E+00
 temper   0.58300E+03 0.58300E+03 0.58300E+03
 rez_izot    bad         bad         bad 
 ------------------------------------------------------------------------------
    izotop   /             concentration number of izotops=69
  1 *h*      0.00000E+00 0.00000E+00 0.46688E-01
  2 *o*      0.00000E+00 0.00000E+00 0.23344E-01
  3 zr       0.00000E+00 0.43132E-01 0.00000E+00
  6 o        0.67340E-02 0.00000E+00 0.00000E+00
 12 gd55     0.63044E-03 0.00000E+00 0.00000E+00
 13 gd57     0.62934E-03 0.00000E+00 0.00000E+00
 22 slag     0.73312E-04 0.00000E+00 0.00000E+00
 31 gd56     0.33906E-04 0.00000E+00 0.00000E+00
 ------------------------------------------------------------------------------
  number of cells =           6
          cell number    5  number of zone= 3
 << geometry characteristics >>
    geometry of cell- cilindrical index=           2
  kratnost of cell =   7.000000    
  inner radius of cell =  0.0000000E+00
  out square ratio =  0.0000000E+00  0.1428000      0.0000000E+00  0.2857000    
  0.5714000      0.0000000E+00
 ------------------------------------------------------------------------------
 num zone     13          14          15
 radius   0.29000E+00 0.34000E+00 0.48000E+00
 temper   0.58300E+03 0.30000E+03 0.58300E+03
 rez_izot    bad         bad         bad 
 ------------------------------------------------------------------------------
    izotop   /             concentration number of izotops=69
  1 *h*      0.00000E+00 0.00000E+00 0.46688E-01
  2 *o*      0.00000E+00 0.00000E+00 0.23344E-01
 10 b-10     0.78917E-01 0.00000E+00 0.00000E+00
 11 c        0.28331E-01 0.00000E+00 0.00000E+00
 14 ni       0.00000E+00 0.42200E-01 0.00000E+00
 15 cr       0.00000E+00 0.31650E-01 0.00000E+00
 ------------------------------------------------------------------------------
  number of cells =           6
          cell number    6  number of zone= 2
 << geometry characteristics >>
    geometry of cell- cilindrical index=           2
  kratnost of cell =   36.00000    
  inner radius of cell =  0.0000000E+00
  out square ratio =  0.2222000      0.0000000E+00  8.3300002E-02  0.0000000E+00
  0.0000000E+00  0.6944000    
 ------------------------------------------------------------------------------
 num zone     16          17
 radius   0.39000E+00 0.48000E+00
 temper   0.58300E+03 0.58300E+03
 rez_izot    bad         bad 
 ------------------------------------------------------------------------------
    izotop   /             concentration number of izotops=69
  1 *h*      0.00000E+00 0.46688E-01
  2 *o*      0.00000E+00 0.23344E-01
  3 zr       0.43132E-01 0.00000E+00
:burn                                                                           
 *** average burn up =   5.4061     (mbt*day)/(kg hm)
    > CONSYST Program Ver: 98.01 > started at  0: 0: 0:  
    { Manturov G., E-mail: abbn@ippe.rssi.ru}
 
       -------------------------------
 
       CONSYST INPUT DATA READ FROM : cons.dat
       CONSYST PROTOCOL STORED IN   : RESULT
       GMF X-SECTION'S FILE         : OUT
       TEMPORARY FILE               : RAB
       ABBN BASIC DATA SET FROM     : .\get-93\bin\Bnab90.lib
       ABBN MULTIC DATA SET FROM    : .\get-93\bin\Bnabmlt.lib
       ABBN THERMAL DATA SET FROM   : .\get-93\bin\BNABTHM.lib
 
    >>  K-inf(MLT)= 1.31638 Balance= 1.03469 NU= 2.71 FI-Sum=  7.19E+01
    >   Include Thermal Matrix > H(H2O):BNABTHM.BIN   Temp=  500K
    >   Include Thermal Matrix > H(H2O):BNABTHM.BIN   Temp=  600K
    >>  K-inf(MLT)= 1.24006 Balance= 1.03271 NU= 2.71 FI-Sum=  7.53E+01
    >   Include Thermal Matrix > H(H2O):BNABTHM.BIN   Temp=  500K
    >   Include Thermal Matrix > H(H2O):BNABTHM.BIN   Temp=  600K
    >   Include Thermal Matrix > H(H2O):BNABTHM.BIN   Temp=  500K
    >   Include Thermal Matrix > H(H2O):BNABTHM.BIN   Temp=  600K
    >   Include Thermal Matrix > H(H2O):BNABTHM.BIN   Temp=  500K
    >   Include Thermal Matrix > H(H2O):BNABTHM.BIN   Temp=  600K
    >   Include Thermal Matrix > H(H2O):BNABTHM.BIN   Temp=  500K
    >   Include Thermal Matrix > H(H2O):BNABTHM.BIN   Temp=  600K
    >   Include Thermal Matrix > H(H2O):BNABTHM.BIN   Temp=  500K
    >   Include Thermal Matrix > H(H2O):BNABTHM.BIN   Temp=  600K
    > CONSYST finished at  0: 0: 0:  
 therm. calculation avoided
 therm. calculation avoided
 therm. calculation avoided
 therm. calculation avoided
 therm. calculation avoided
 therm. calculation avoided
 therm. calculation avoided
 therm. calculation avoided
 *************************************************
   ***k(inf)=0.919913     ***k(itt)=0.945048     ***k(integ)=0.919913    ***
   **bakl=  0.0000     **length= 0.10000E+11  ***
   **matr.  alout*alcorr a(k,i)(k=1,ncel) ***
     * 0.58820     0.13720     0.11760      0.0000      0.0000     0.15860    
     * 0.38880     0.33330      0.0000     0.22220     0.55500E-01  0.0000    
     * 0.66660      0.0000      0.0000      0.0000      0.0000     0.33330    
     *  0.0000     0.66660      0.0000      0.0000     0.33330      0.0000    
     *  0.0000     0.14280      0.0000     0.28570     0.57140      0.0000    
     * 0.22220      0.0000     0.83300E-01  0.0000      0.0000     0.69440    
 lokal kner      in cell ,ru=           1=   1.066727       1.060839    
 lokal kner      in cell ,ru=           2=  0.8109409      0.8276232    
 lokal kner      in cell ,ru=           3=  0.0000000E+00   1.048584    
 lokal kner      in cell ,ru=           4=  0.0000000E+00  0.3314714    
 lokal kner      in cell ,ru=           5=  0.0000000E+00   3.501688    
 lokal kner      in cell ,ru=           6=  0.0000000E+00  3.2485884E-02
:corr                                                                           
 ------------------------------------------------------------------------------
  backling =  0.0000000E+00
 ------------------------------------------------------------------------------
  number of cells =           6
          cell number    1  number of zone= 3
 << geometry characteristics >>
    geometry of cell- cilindrical index=           2
  kratnost of cell =   51.00000    
  inner radius of cell =  0.0000000E+00
  out square ratio =  0.5882000      0.1372000      0.1176000      0.0000000E+00
  0.0000000E+00  0.1586000    
 ------------------------------------------------------------------------------
 num zone      1           2           3
 radius   0.29000E+00 0.34000E+00 0.48000E+00
 temper   0.65900E+03 0.58300E+03 0.58300E+03
 rez_izot    u238        bad         bad 
 ------------------------------------------------------------------------------
    izotop   /             concentration number of izotops=69
  1 *h*      0.00000E+00 0.00000E+00 0.46688E-01
  2 *o*      0.00000E+00 0.00000E+00 0.23344E-01
  3 zr       0.00000E+00 0.43132E-01 0.00000E+00
  4 u235     0.35302E-02 0.00000E+00 0.00000E+00
  5 u238     0.20964E-01 0.00000E+00 0.00000E+00
  6 o        0.49468E-01 0.00000E+00 0.00000E+00
 12 gd55     0.71130E-09 0.00000E+00 0.00000E+00
 13 gd57     0.39800E-08 0.00000E+00 0.00000E+00
 16 pu39     0.47047E-04 0.00000E+00 0.00000E+00
 17 pu40     0.11984E-05 0.00000E+00 0.00000E+00
 18 pu41     0.17230E-06 0.00000E+00 0.00000E+00
 21 u236     0.40861E-04 0.00000E+00 0.00000E+00
 22 slag     0.65331E-04 0.00000E+00 0.00000E+00
 23 tc99     0.90538E-05 0.00000E+00 0.00000E+00
 24 rh03     0.48361E-05 0.00000E+00 0.00000E+00
 25 ag09     0.77546E-07 0.00000E+00 0.00000E+00
 26 cd13     0.88472E-08 0.00000E+00 0.00000E+00
 27 xe35     0.36200E-07 0.00000E+00 0.00000E+00
 28 sm49     0.61606E-06 0.00000E+00 0.00000E+00
 29 sm51     0.54050E-06 0.00000E+00 0.00000E+00
 30 eu55     0.35319E-07 0.00000E+00 0.00000E+00
 31 gd56     0.41885E-07 0.00000E+00 0.00000E+00
 32 np37     0.39639E-06 0.00000E+00 0.00000E+00
 33 np39     0.17968E-05 0.00000E+00 0.00000E+00
 34 pu38     0.78326E-08 0.00000E+00 0.00000E+00
 35 pu42     0.14406E-08 0.00000E+00 0.00000E+00
 36 am41     0.54846E-09 0.00000E+00 0.00000E+00
 37 am2m     0.14591E-11 0.00000E+00 0.00000E+00
 38 am43     0.20496E-10 0.00000E+00 0.00000E+00
 39 cm42     0.10727E-10 0.00000E+00 0.00000E+00
 40 cm44     0.40897E-12 0.00000E+00 0.00000E+00
 41 cm45     0.20893E-14 0.00000E+00 0.00000E+00
 46 sm52     0.50698E-06 0.00000E+00 0.00000E+00
 47 xe31     0.40521E-05 0.00000E+00 0.00000E+00
 48 cs33     0.98849E-05 0.00000E+00 0.00000E+00
 49 nd45     0.57510E-05 0.00000E+00 0.00000E+00
 50 nd43     0.86067E-05 0.00000E+00 0.00000E+00
 51 pm47     0.31122E-05 0.00000E+00 0.00000E+00
 52 mo95     0.94901E-05 0.00000E+00 0.00000E+00
 53 cs34     0.12224E-06 0.00000E+00 0.00000E+00
 54 pr41     0.86856E-05 0.00000E+00 0.00000E+00
 55 pm48     0.15802E-07 0.00000E+00 0.00000E+00
 56 pm8m     0.43790E-07 0.00000E+00 0.00000E+00
 57 rh05     0.38153E-07 0.00000E+00 0.00000E+00
 58 pm49     0.60715E-07 0.00000E+00 0.00000E+00
 59 kr83     0.77612E-06 0.00000E+00 0.00000E+00
 60 ru01     0.75131E-05 0.00000E+00 0.00000E+00
 61 pd05     0.16528E-05 0.00000E+00 0.00000E+00
 62 cs35     0.65662E-05 0.00000E+00 0.00000E+00
 63 sm50     0.11230E-05 0.00000E+00 0.00000E+00
 64 eu51     0.69337E-08 0.00000E+00 0.00000E+00
 65 eu53     0.44090E-07 0.00000E+00 0.00000E+00
 66 eu54     0.14507E-08 0.00000E+00 0.00000E+00
 67 gd54     0.80693E-11 0.00000E+00 0.00000E+00
 68 am42     0.67434E-12 0.00000E+00 0.00000E+00
 69 cm43     0.17743E-13 0.00000E+00 0.00000E+00
 ------------------------------------------------------------------------------
  number of cells =           6
          cell number    2  number of zone= 3
 << geometry characteristics >>
    geometry of cell- cilindrical index=           2
  kratnost of cell =   18.00000    
  inner radius of cell =  0.0000000E+00
  out square ratio =  0.3888000      0.3333000      0.0000000E+00  0.2222000    
  5.5500001E-02  0.0000000E+00
 ------------------------------------------------------------------------------
 num zone      4           5           6
 radius   0.29000E+00 0.34000E+00 0.48000E+00
 temper   0.59700E+03 0.58300E+03 0.58300E+03
 rez_izot    u238        bad         bad 
 ------------------------------------------------------------------------------
    izotop   /             concentration number of izotops=69
  1 *h*      0.00000E+00 0.00000E+00 0.46688E-01
  2 *o*      0.00000E+00 0.00000E+00 0.23344E-01
  3 zr       0.00000E+00 0.43132E-01 0.00000E+00
  4 u235     0.30813E-02 0.00000E+00 0.00000E+00
  5 u238     0.21465E-01 0.00000E+00 0.00000E+00
  6 o        0.49468E-01 0.00000E+00 0.00000E+00
 12 gd55     0.61157E-09 0.00000E+00 0.00000E+00
 13 gd57     0.36312E-08 0.00000E+00 0.00000E+00
 16 pu39     0.41723E-04 0.00000E+00 0.00000E+00
 17 pu40     0.91486E-06 0.00000E+00 0.00000E+00
 18 pu41     0.10933E-06 0.00000E+00 0.00000E+00
 21 u236     0.30650E-04 0.00000E+00 0.00000E+00
 22 slag     0.48930E-04 0.00000E+00 0.00000E+00
 23 tc99     0.68608E-05 0.00000E+00 0.00000E+00
 24 rh03     0.37304E-05 0.00000E+00 0.00000E+00
 25 ag09     0.60376E-07 0.00000E+00 0.00000E+00
 26 cd13     0.78850E-08 0.00000E+00 0.00000E+00
 27 xe35     0.29003E-07 0.00000E+00 0.00000E+00
 28 sm49     0.54104E-06 0.00000E+00 0.00000E+00
 29 sm51     0.42870E-06 0.00000E+00 0.00000E+00
 30 eu55     0.29622E-07 0.00000E+00 0.00000E+00
 31 gd56     0.30051E-07 0.00000E+00 0.00000E+00
 32 np37     0.25452E-06 0.00000E+00 0.00000E+00
 33 np39     0.15755E-05 0.00000E+00 0.00000E+00
 34 pu38     0.42522E-08 0.00000E+00 0.00000E+00
 35 pu42     0.76679E-09 0.00000E+00 0.00000E+00
 36 am41     0.34779E-09 0.00000E+00 0.00000E+00
 37 am2m     0.78238E-12 0.00000E+00 0.00000E+00
 38 am43     0.92163E-11 0.00000E+00 0.00000E+00
 39 cm42     0.56908E-11 0.00000E+00 0.00000E+00
 40 cm44     0.15524E-12 0.00000E+00 0.00000E+00
 41 cm45     0.66872E-15 0.00000E+00 0.00000E+00
 46 sm52     0.38039E-06 0.00000E+00 0.00000E+00
 47 xe31     0.30869E-05 0.00000E+00 0.00000E+00
 48 cs33     0.74887E-05 0.00000E+00 0.00000E+00
 49 nd45     0.43566E-05 0.00000E+00 0.00000E+00
 50 nd43     0.65012E-05 0.00000E+00 0.00000E+00
 51 pm47     0.23838E-05 0.00000E+00 0.00000E+00
 52 mo95     0.71651E-05 0.00000E+00 0.00000E+00
 53 cs34     0.78036E-07 0.00000E+00 0.00000E+00
 54 pr41     0.65880E-05 0.00000E+00 0.00000E+00
 55 pm48     0.10153E-07 0.00000E+00 0.00000E+00
 56 pm8m     0.29526E-07 0.00000E+00 0.00000E+00
 57 rh05     0.29938E-07 0.00000E+00 0.00000E+00
 58 pm49     0.46123E-07 0.00000E+00 0.00000E+00
 59 kr83     0.58566E-06 0.00000E+00 0.00000E+00
 60 ru01     0.56872E-05 0.00000E+00 0.00000E+00
 61 pd05     0.12961E-05 0.00000E+00 0.00000E+00
 62 cs35     0.52461E-05 0.00000E+00 0.00000E+00
 63 sm50     0.78352E-06 0.00000E+00 0.00000E+00
 64 eu51     0.42318E-08 0.00000E+00 0.00000E+00
 65 eu53     0.27911E-07 0.00000E+00 0.00000E+00
 66 eu54     0.78825E-09 0.00000E+00 0.00000E+00
 67 gd54     0.43845E-11 0.00000E+00 0.00000E+00
 68 am42     0.35912E-12 0.00000E+00 0.00000E+00
 69 cm43     0.81844E-14 0.00000E+00 0.00000E+00
 ------------------------------------------------------------------------------
  number of cells =           6
          cell number    3  number of zone= 3
 << geometry characteristics >>
    geometry of cell- cilindrical index=           2
  kratnost of cell =   9.000000    
  inner radius of cell =  0.0000000E+00
  out square ratio =  0.6666000      0.0000000E+00  0.0000000E+00  0.0000000E+00
  0.0000000E+00  0.3333000    
 ------------------------------------------------------------------------------
 num zone      7           8           9
 radius   0.29000E+00 0.34000E+00 0.48000E+00
 temper   0.58300E+03 0.58300E+03 0.58300E+03
 rez_izot    bad         bad         bad 
 ------------------------------------------------------------------------------
    izotop   /             concentration number of izotops=69
  1 *h*      0.00000E+00 0.00000E+00 0.46688E-01
  2 *o*      0.00000E+00 0.00000E+00 0.23344E-01
  3 zr       0.00000E+00 0.43132E-01 0.00000E+00
  6 o        0.67340E-02 0.00000E+00 0.00000E+00
 12 gd55     0.57909E-03 0.00000E+00 0.00000E+00
 13 gd57     0.53984E-03 0.00000E+00 0.00000E+00
 22 slag     0.16314E-03 0.00000E+00 0.00000E+00
 31 gd56     0.84927E-04 0.00000E+00 0.00000E+00
 ------------------------------------------------------------------------------
  number of cells =           6
          cell number    4  number of zone= 3
 << geometry characteristics >>
    geometry of cell- cilindrical index=           2
  kratnost of cell =   6.000000    
  inner radius of cell =  0.0000000E+00
  out square ratio =  0.0000000E+00  0.6666000      0.0000000E+00  0.0000000E+00
  0.3333000      0.0000000E+00
 ------------------------------------------------------------------------------
 num zone     10          11          12
 radius   0.17500E+00 0.22500E+00 0.48000E+00
 temper   0.58300E+03 0.58300E+03 0.58300E+03
 rez_izot    bad         bad         bad 
 ------------------------------------------------------------------------------
    izotop   /             concentration number of izotops=69
  1 *h*      0.00000E+00 0.00000E+00 0.46688E-01
  2 *o*      0.00000E+00 0.00000E+00 0.23344E-01
  3 zr       0.00000E+00 0.43132E-01 0.00000E+00
  6 o        0.67340E-02 0.00000E+00 0.00000E+00
 12 gd55     0.59645E-03 0.00000E+00 0.00000E+00
 13 gd57     0.55893E-03 0.00000E+00 0.00000E+00
 22 slag     0.14389E-03 0.00000E+00 0.00000E+00
 31 gd56     0.67732E-04 0.00000E+00 0.00000E+00
 ------------------------------------------------------------------------------
  number of cells =           6
          cell number    5  number of zone= 3
 << geometry characteristics >>
    geometry of cell- cilindrical index=           2
  kratnost of cell =   7.000000    
  inner radius of cell =  0.0000000E+00
  out square ratio =  0.0000000E+00  0.1428000      0.0000000E+00  0.2857000    
  0.5714000      0.0000000E+00
 ------------------------------------------------------------------------------
 num zone     13          14          15
 radius   0.29000E+00 0.34000E+00 0.48000E+00
 temper   0.58300E+03 0.30000E+03 0.58300E+03
 rez_izot    bad         bad         bad 
 ------------------------------------------------------------------------------
    izotop   /             concentration number of izotops=69
  1 *h*      0.00000E+00 0.00000E+00 0.46688E-01
  2 *o*      0.00000E+00 0.00000E+00 0.23344E-01
 10 b-10     0.78497E-01 0.00000E+00 0.00000E+00
 11 c        0.28331E-01 0.00000E+00 0.00000E+00
 14 ni       0.00000E+00 0.42200E-01 0.00000E+00
 15 cr       0.00000E+00 0.31650E-01 0.00000E+00
 ------------------------------------------------------------------------------
  number of cells =           6
          cell number    6  number of zone= 2
 << geometry characteristics >>
    geometry of cell- cilindrical index=           2
  kratnost of cell =   36.00000    
  inner radius of cell =  0.0000000E+00
  out square ratio =  0.2222000      0.0000000E+00  8.3300002E-02  0.0000000E+00
  0.0000000E+00  0.6944000    
 ------------------------------------------------------------------------------
 num zone     16          17
 radius   0.39000E+00 0.48000E+00
 temper   0.58300E+03 0.58300E+03
 rez_izot    bad         bad 
 ------------------------------------------------------------------------------
    izotop   /             concentration number of izotops=69
  1 *h*      0.00000E+00 0.46688E-01
  2 *o*      0.00000E+00 0.23344E-01
  3 zr       0.43132E-01 0.00000E+00
:burn                                                                           
 *** average burn up =   8.1221     (mbt*day)/(kg hm)
    > CONSYST Program Ver: 98.01 > started at  0: 0: 0:  
    { Manturov G., E-mail: abbn@ippe.rssi.ru}
 
       -------------------------------
 
       CONSYST INPUT DATA READ FROM : cons.dat
       CONSYST PROTOCOL STORED IN   : RESULT
       GMF X-SECTION'S FILE         : OUT
       TEMPORARY FILE               : RAB
       ABBN BASIC DATA SET FROM     : .\get-93\bin\Bnab90.lib
       ABBN MULTIC DATA SET FROM    : .\get-93\bin\Bnabmlt.lib
       ABBN THERMAL DATA SET FROM   : .\get-93\bin\BNABTHM.lib
 
    >>  K-inf(MLT)= 1.30693 Balance= 1.03433 NU= 2.71 FI-Sum=  7.24E+01
    >   Include Thermal Matrix > H(H2O):BNABTHM.BIN   Temp=  500K
    >   Include Thermal Matrix > H(H2O):BNABTHM.BIN   Temp=  600K
    >>  K-inf(MLT)= 1.23279 Balance= 1.03238 NU= 2.71 FI-Sum=  7.57E+01
    >   Include Thermal Matrix > H(H2O):BNABTHM.BIN   Temp=  500K
    >   Include Thermal Matrix > H(H2O):BNABTHM.BIN   Temp=  600K
    >   Include Thermal Matrix > H(H2O):BNABTHM.BIN   Temp=  500K
    >   Include Thermal Matrix > H(H2O):BNABTHM.BIN   Temp=  600K
    >   Include Thermal Matrix > H(H2O):BNABTHM.BIN   Temp=  500K
    >   Include Thermal Matrix > H(H2O):BNABTHM.BIN   Temp=  600K
    >   Include Thermal Matrix > H(H2O):BNABTHM.BIN   Temp=  500K
    >   Include Thermal Matrix > H(H2O):BNABTHM.BIN   Temp=  600K
    >   Include Thermal Matrix > H(H2O):BNABTHM.BIN   Temp=  500K
    >   Include Thermal Matrix > H(H2O):BNABTHM.BIN   Temp=  600K
    > CONSYST finished at  0: 0: 0:  
 therm. calculation avoided
 therm. calculation avoided
 therm. calculation avoided
 therm. calculation avoided
 therm. calculation avoided
 therm. calculation avoided
 therm. calculation avoided
 therm. calculation avoided
 *************************************************
   ***k(inf)=0.915066     ***k(itt)=0.940085     ***k(integ)=0.915066    ***
   **bakl=  0.0000     **length= 0.10000E+11  ***
   **matr.  alout*alcorr a(k,i)(k=1,ncel) ***
     * 0.58820     0.13720     0.11760      0.0000      0.0000     0.15860    
     * 0.38880     0.33330      0.0000     0.22220     0.55500E-01  0.0000    
     * 0.66660      0.0000      0.0000      0.0000      0.0000     0.33330    
     *  0.0000     0.66660      0.0000      0.0000     0.33330      0.0000    
     *  0.0000     0.14280      0.0000     0.28570     0.57140      0.0000    
     * 0.22220      0.0000     0.83300E-01  0.0000      0.0000     0.69440    
 lokal kner      in cell ,ru=           1=   1.066250       1.060755    
 lokal kner      in cell ,ru=           2=  0.8122931      0.8278603    
 lokal kner      in cell ,ru=           3=  0.0000000E+00   1.004010    
 lokal kner      in cell ,ru=           4=  0.0000000E+00  0.3186877    
 lokal kner      in cell ,ru=           5=  0.0000000E+00   3.481053    
 lokal kner      in cell ,ru=           6=  0.0000000E+00  3.2338366E-02
:corr                                                                           
 ------------------------------------------------------------------------------
  backling =  0.0000000E+00
 ------------------------------------------------------------------------------
  number of cells =           6
          cell number    1  number of zone= 3
 << geometry characteristics >>
    geometry of cell- cilindrical index=           2
  kratnost of cell =   51.00000    
  inner radius of cell =  0.0000000E+00
  out square ratio =  0.5882000      0.1372000      0.1176000      0.0000000E+00
  0.0000000E+00  0.1586000    
 ------------------------------------------------------------------------------
 num zone      1           2           3
 radius   0.29000E+00 0.34000E+00 0.48000E+00
 temper   0.65900E+03 0.58300E+03 0.58300E+03
 rez_izot    u238        bad         bad 
 ------------------------------------------------------------------------------
    izotop   /             concentration number of izotops=69
  1 *h*      0.00000E+00 0.00000E+00 0.46688E-01
  2 *o*      0.00000E+00 0.00000E+00 0.23344E-01
  3 zr       0.00000E+00 0.43132E-01 0.00000E+00
  4 u235     0.34426E-02 0.00000E+00 0.00000E+00
  5 u238     0.20933E-01 0.00000E+00 0.00000E+00
  6 o        0.49468E-01 0.00000E+00 0.00000E+00
 12 gd55     0.12339E-08 0.00000E+00 0.00000E+00
 13 gd57     0.46069E-08 0.00000E+00 0.00000E+00
 16 pu39     0.69280E-04 0.00000E+00 0.00000E+00
 17 pu40     0.25195E-05 0.00000E+00 0.00000E+00
 18 pu41     0.54323E-06 0.00000E+00 0.00000E+00
 21 u236     0.60594E-04 0.00000E+00 0.00000E+00
 22 slag     0.98579E-04 0.00000E+00 0.00000E+00
 23 tc99     0.13510E-04 0.00000E+00 0.00000E+00
 24 rh03     0.71850E-05 0.00000E+00 0.00000E+00
 25 ag09     0.13164E-06 0.00000E+00 0.00000E+00
 26 cd13     0.10370E-07 0.00000E+00 0.00000E+00
 27 xe35     0.36159E-07 0.00000E+00 0.00000E+00
 28 sm49     0.66637E-06 0.00000E+00 0.00000E+00
 29 sm51     0.73734E-06 0.00000E+00 0.00000E+00
 30 eu55     0.44684E-07 0.00000E+00 0.00000E+00
 31 gd56     0.74283E-07 0.00000E+00 0.00000E+00
 32 np37     0.85626E-06 0.00000E+00 0.00000E+00
 33 np39     0.18138E-05 0.00000E+00 0.00000E+00
 34 pu38     0.25786E-07 0.00000E+00 0.00000E+00
 35 pu42     0.69765E-08 0.00000E+00 0.00000E+00
 36 am41     0.26356E-08 0.00000E+00 0.00000E+00
 37 am2m     0.10462E-10 0.00000E+00 0.00000E+00
 38 am43     0.15298E-09 0.00000E+00 0.00000E+00
 39 cm42     0.78111E-10 0.00000E+00 0.00000E+00
 40 cm44     0.46842E-11 0.00000E+00 0.00000E+00
 41 cm45     0.36367E-13 0.00000E+00 0.00000E+00
 46 sm52     0.80644E-06 0.00000E+00 0.00000E+00
 47 xe31     0.59950E-05 0.00000E+00 0.00000E+00
 48 cs33     0.14730E-04 0.00000E+00 0.00000E+00
 49 nd45     0.85689E-05 0.00000E+00 0.00000E+00
 50 nd43     0.12812E-04 0.00000E+00 0.00000E+00
 51 pm47     0.44381E-05 0.00000E+00 0.00000E+00
 52 mo95     0.14162E-04 0.00000E+00 0.00000E+00
 53 cs34     0.26983E-06 0.00000E+00 0.00000E+00
 54 pr41     0.13008E-04 0.00000E+00 0.00000E+00
 55 pm48     0.23025E-07 0.00000E+00 0.00000E+00
 56 pm8m     0.70528E-07 0.00000E+00 0.00000E+00
 57 rh05     0.40177E-07 0.00000E+00 0.00000E+00
 58 pm49     0.62202E-07 0.00000E+00 0.00000E+00
 59 kr83     0.11544E-05 0.00000E+00 0.00000E+00
 60 ru01     0.11238E-04 0.00000E+00 0.00000E+00
 61 pd05     0.25654E-05 0.00000E+00 0.00000E+00
 62 cs35     0.98631E-05 0.00000E+00 0.00000E+00
 63 sm50     0.19958E-05 0.00000E+00 0.00000E+00
 64 eu51     0.18174E-07 0.00000E+00 0.00000E+00
 65 eu53     0.10356E-06 0.00000E+00 0.00000E+00
 66 eu54     0.50028E-08 0.00000E+00 0.00000E+00
 67 gd54     0.41758E-10 0.00000E+00 0.00000E+00
 68 am42     0.32967E-11 0.00000E+00 0.00000E+00
 69 cm43     0.19880E-12 0.00000E+00 0.00000E+00
 ------------------------------------------------------------------------------
  number of cells =           6
          cell number    2  number of zone= 3
 << geometry characteristics >>
    geometry of cell- cilindrical index=           2
  kratnost of cell =   18.00000    
  inner radius of cell =  0.0000000E+00
  out square ratio =  0.3888000      0.3333000      0.0000000E+00  0.2222000    
  5.5500001E-02  0.0000000E+00
 ------------------------------------------------------------------------------
 num zone      4           5           6
 radius   0.29000E+00 0.34000E+00 0.48000E+00
 temper   0.59700E+03 0.58300E+03 0.58300E+03
 rez_izot    u238        bad         bad 
 ------------------------------------------------------------------------------
    izotop   /             concentration number of izotops=69
  1 *h*      0.00000E+00 0.00000E+00 0.46688E-01
  2 *o*      0.00000E+00 0.00000E+00 0.23344E-01
  3 zr       0.00000E+00 0.43132E-01 0.00000E+00
  4 u235     0.30157E-02 0.00000E+00 0.00000E+00
  5 u238     0.21438E-01 0.00000E+00 0.00000E+00
  6 o        0.49468E-01 0.00000E+00 0.00000E+00
 12 gd55     0.11064E-08 0.00000E+00 0.00000E+00
 13 gd57     0.42670E-08 0.00000E+00 0.00000E+00
 16 pu39     0.61787E-04 0.00000E+00 0.00000E+00
 17 pu40     0.19494E-05 0.00000E+00 0.00000E+00
 18 pu41     0.34847E-06 0.00000E+00 0.00000E+00
 21 u236     0.45540E-04 0.00000E+00 0.00000E+00
 22 slag     0.73855E-04 0.00000E+00 0.00000E+00
 23 tc99     0.10260E-04 0.00000E+00 0.00000E+00
 24 rh03     0.55645E-05 0.00000E+00 0.00000E+00
 25 ag09     0.10246E-06 0.00000E+00 0.00000E+00
 26 cd13     0.94965E-08 0.00000E+00 0.00000E+00
 27 xe35     0.29064E-07 0.00000E+00 0.00000E+00
 28 sm49     0.60011E-06 0.00000E+00 0.00000E+00
 29 sm51     0.59479E-06 0.00000E+00 0.00000E+00
 30 eu55     0.38393E-07 0.00000E+00 0.00000E+00
 31 gd56     0.53487E-07 0.00000E+00 0.00000E+00
 32 np37     0.55496E-06 0.00000E+00 0.00000E+00
 33 np39     0.15901E-05 0.00000E+00 0.00000E+00
 34 pu38     0.14099E-07 0.00000E+00 0.00000E+00
 35 pu42     0.37472E-08 0.00000E+00 0.00000E+00
 36 am41     0.16912E-08 0.00000E+00 0.00000E+00
 37 am2m     0.56932E-11 0.00000E+00 0.00000E+00
 38 am43     0.69403E-10 0.00000E+00 0.00000E+00
 39 cm42     0.41828E-10 0.00000E+00 0.00000E+00
 40 cm44     0.17927E-11 0.00000E+00 0.00000E+00
 41 cm45     0.11748E-13 0.00000E+00 0.00000E+00
 46 sm52     0.60470E-06 0.00000E+00 0.00000E+00
 47 xe31     0.45842E-05 0.00000E+00 0.00000E+00
 48 cs33     0.11185E-04 0.00000E+00 0.00000E+00
 49 nd45     0.65048E-05 0.00000E+00 0.00000E+00
 50 nd43     0.96991E-05 0.00000E+00 0.00000E+00
 51 pm47     0.34213E-05 0.00000E+00 0.00000E+00
 52 mo95     0.10711E-04 0.00000E+00 0.00000E+00
 53 cs34     0.17271E-06 0.00000E+00 0.00000E+00
 54 pr41     0.98806E-05 0.00000E+00 0.00000E+00
 55 pm48     0.14912E-07 0.00000E+00 0.00000E+00
 56 pm8m     0.48469E-07 0.00000E+00 0.00000E+00
 57 rh05     0.31536E-07 0.00000E+00 0.00000E+00
 58 pm49     0.47097E-07 0.00000E+00 0.00000E+00
 59 kr83     0.87288E-06 0.00000E+00 0.00000E+00
 60 ru01     0.85213E-05 0.00000E+00 0.00000E+00
 61 pd05     0.20131E-05 0.00000E+00 0.00000E+00
 62 cs35     0.78942E-05 0.00000E+00 0.00000E+00
 63 sm50     0.14256E-05 0.00000E+00 0.00000E+00
 64 eu51     0.11360E-07 0.00000E+00 0.00000E+00
 65 eu53     0.65506E-07 0.00000E+00 0.00000E+00
 66 eu54     0.27226E-08 0.00000E+00 0.00000E+00
 67 gd54     0.22705E-10 0.00000E+00 0.00000E+00
 68 am42     0.17741E-11 0.00000E+00 0.00000E+00
 69 cm43     0.92630E-13 0.00000E+00 0.00000E+00
 ------------------------------------------------------------------------------
  number of cells =           6
          cell number    3  number of zone= 3
 << geometry characteristics >>
    geometry of cell- cilindrical index=           2
  kratnost of cell =   9.000000    
  inner radius of cell =  0.0000000E+00
  out square ratio =  0.6666000      0.0000000E+00  0.0000000E+00  0.0000000E+00
  0.0000000E+00  0.3333000    
 ------------------------------------------------------------------------------
 num zone      7           8           9
 radius   0.29000E+00 0.34000E+00 0.48000E+00
 temper   0.58300E+03 0.58300E+03 0.58300E+03
 rez_izot    bad         bad         bad 
 ------------------------------------------------------------------------------
    izotop   /             concentration number of izotops=69
  1 *h*      0.00000E+00 0.00000E+00 0.46688E-01
  2 *o*      0.00000E+00 0.00000E+00 0.23344E-01
  3 zr       0.00000E+00 0.43132E-01 0.00000E+00
  6 o        0.67340E-02 0.00000E+00 0.00000E+00
 12 gd55     0.53717E-03 0.00000E+00 0.00000E+00
 13 gd57     0.46405E-03 0.00000E+00 0.00000E+00
 22 slag     0.23941E-03 0.00000E+00 0.00000E+00
 31 gd56     0.12636E-03 0.00000E+00 0.00000E+00
 ------------------------------------------------------------------------------
  number of cells =           6
          cell number    4  number of zone= 3
 << geometry characteristics >>
    geometry of cell- cilindrical index=           2
  kratnost of cell =   6.000000    
  inner radius of cell =  0.0000000E+00
  out square ratio =  0.0000000E+00  0.6666000      0.0000000E+00  0.0000000E+00
  0.3333000      0.0000000E+00
 ------------------------------------------------------------------------------
 num zone     10          11          12
 radius   0.17500E+00 0.22500E+00 0.48000E+00
 temper   0.58300E+03 0.58300E+03 0.58300E+03
 rez_izot    bad         bad         bad 
 ------------------------------------------------------------------------------
    izotop   /             concentration number of izotops=69
  1 *h*      0.00000E+00 0.00000E+00 0.46688E-01
  2 *o*      0.00000E+00 0.00000E+00 0.23344E-01
  3 zr       0.00000E+00 0.43132E-01 0.00000E+00
  6 o        0.67340E-02 0.00000E+00 0.00000E+00
 12 gd55     0.56270E-03 0.00000E+00 0.00000E+00
 13 gd57     0.49162E-03 0.00000E+00 0.00000E+00
 22 slag     0.21149E-03 0.00000E+00 0.00000E+00
 31 gd56     0.10120E-03 0.00000E+00 0.00000E+00
 ------------------------------------------------------------------------------
  number of cells =           6
          cell number    5  number of zone= 3
 << geometry characteristics >>
    geometry of cell- cilindrical index=           2
  kratnost of cell =   7.000000    
  inner radius of cell =  0.0000000E+00
  out square ratio =  0.0000000E+00  0.1428000      0.0000000E+00  0.2857000    
  0.5714000      0.0000000E+00
 ------------------------------------------------------------------------------
 num zone     13          14          15
 radius   0.29000E+00 0.34000E+00 0.48000E+00
 temper   0.58300E+03 0.30000E+03 0.58300E+03
 rez_izot    bad         bad         bad 
 ------------------------------------------------------------------------------
    izotop   /             concentration number of izotops=69
  1 *h*      0.00000E+00 0.00000E+00 0.46688E-01
  2 *o*      0.00000E+00 0.00000E+00 0.23344E-01
 10 b-10     0.78073E-01 0.00000E+00 0.00000E+00
 11 c        0.28331E-01 0.00000E+00 0.00000E+00
 14 ni       0.00000E+00 0.42200E-01 0.00000E+00
 15 cr       0.00000E+00 0.31650E-01 0.00000E+00
 ------------------------------------------------------------------------------
  number of cells =           6
          cell number    6  number of zone= 2
 << geometry characteristics >>
    geometry of cell- cilindrical index=           2
  kratnost of cell =   36.00000    
  inner radius of cell =  0.0000000E+00
  out square ratio =  0.2222000      0.0000000E+00  8.3300002E-02  0.0000000E+00
  0.0000000E+00  0.6944000    
 ------------------------------------------------------------------------------
 num zone     16          17
 radius   0.39000E+00 0.48000E+00
 temper   0.58300E+03 0.58300E+03
 rez_izot    bad         bad 
 ------------------------------------------------------------------------------
    izotop   /             concentration number of izotops=69
  1 *h*      0.00000E+00 0.46688E-01
  2 *o*      0.00000E+00 0.23344E-01
  3 zr       0.43132E-01 0.00000E+00
:burn                                                                           
 *** average burn up =   10.846     (mbt*day)/(kg hm)
    > CONSYST Program Ver: 98.01 > started at  0: 0: 0:  
    { Manturov G., E-mail: abbn@ippe.rssi.ru}
 
       -------------------------------
 
       CONSYST INPUT DATA READ FROM : cons.dat
       CONSYST PROTOCOL STORED IN   : RESULT
       GMF X-SECTION'S FILE         : OUT
       TEMPORARY FILE               : RAB
       ABBN BASIC DATA SET FROM     : .\get-93\bin\Bnab90.lib
       ABBN MULTIC DATA SET FROM    : .\get-93\bin\Bnabmlt.lib
       ABBN THERMAL DATA SET FROM   : .\get-93\bin\BNABTHM.lib
 
    >>  K-inf(MLT)= 1.29733 Balance= 1.03397 NU= 2.71 FI-Sum=  7.29E+01
    >   Include Thermal Matrix > H(H2O):BNABTHM.BIN   Temp=  500K
    >   Include Thermal Matrix > H(H2O):BNABTHM.BIN   Temp=  600K
    >>  K-inf(MLT)= 1.22542 Balance= 1.03205 NU= 2.71 FI-Sum=  7.60E+01
    >   Include Thermal Matrix > H(H2O):BNABTHM.BIN   Temp=  500K
    >   Include Thermal Matrix > H(H2O):BNABTHM.BIN   Temp=  600K
    >   Include Thermal Matrix > H(H2O):BNABTHM.BIN   Temp=  500K
    >   Include Thermal Matrix > H(H2O):BNABTHM.BIN   Temp=  600K
    >   Include Thermal Matrix > H(H2O):BNABTHM.BIN   Temp=  500K
    >   Include Thermal Matrix > H(H2O):BNABTHM.BIN   Temp=  600K
    >   Include Thermal Matrix > H(H2O):BNABTHM.BIN   Temp=  500K
    >   Include Thermal Matrix > H(H2O):BNABTHM.BIN   Temp=  600K
    >   Include Thermal Matrix > H(H2O):BNABTHM.BIN   Temp=  500K
    >   Include Thermal Matrix > H(H2O):BNABTHM.BIN   Temp=  600K
    > CONSYST finished at  0: 0: 0:  
 therm. calculation avoided
 therm. calculation avoided
 therm. calculation avoided
 therm. calculation avoided
 therm. calculation avoided
 therm. calculation avoided
 therm. calculation avoided
 therm. calculation avoided
 *************************************************
   ***k(inf)=0.910707     ***k(itt)=0.935624     ***k(integ)=0.910707    ***
   **bakl=  0.0000     **length= 0.10000E+11  ***
   **matr.  alout*alcorr a(k,i)(k=1,ncel) ***
     * 0.58820     0.13720     0.11760      0.0000      0.0000     0.15860    
     * 0.38880     0.33330      0.0000     0.22220     0.55500E-01  0.0000    
     * 0.66660      0.0000      0.0000      0.0000      0.0000     0.33330    
     *  0.0000     0.66660      0.0000      0.0000     0.33330      0.0000    
     *  0.0000     0.14280      0.0000     0.28570     0.57140      0.0000    
     * 0.22220      0.0000     0.83300E-01  0.0000      0.0000     0.69440    
 lokal kner      in cell ,ru=           1=   1.065782       1.060670    
 lokal kner      in cell ,ru=           2=  0.8136179      0.8281029    
 lokal kner      in cell ,ru=           3=  0.0000000E+00  0.9596498    
 lokal kner      in cell ,ru=           4=  0.0000000E+00  0.3061633    
 lokal kner      in cell ,ru=           5=  0.0000000E+00   3.461301    
 lokal kner      in cell ,ru=           6=  0.0000000E+00  3.2208171E-02
:corr                                                                           
 ------------------------------------------------------------------------------
  backling =  0.0000000E+00
 ------------------------------------------------------------------------------
  number of cells =           6
          cell number    1  number of zone= 3
 << geometry characteristics >>
    geometry of cell- cilindrical index=           2
  kratnost of cell =   51.00000    
  inner radius of cell =  0.0000000E+00
  out square ratio =  0.5882000      0.1372000      0.1176000      0.0000000E+00
  0.0000000E+00  0.1586000    
 ------------------------------------------------------------------------------
 num zone      1           2           3
 radius   0.29000E+00 0.34000E+00 0.48000E+00
 temper   0.65900E+03 0.58300E+03 0.58300E+03
 rez_izot    u238        bad         bad 
 ------------------------------------------------------------------------------
    izotop   /             concentration number of izotops=69
  1 *h*      0.00000E+00 0.00000E+00 0.46688E-01
  2 *o*      0.00000E+00 0.00000E+00 0.23344E-01
  3 zr       0.00000E+00 0.43132E-01 0.00000E+00
  4 u235     0.33565E-02 0.00000E+00 0.00000E+00
  5 u238     0.20902E-01 0.00000E+00 0.00000E+00
  6 o        0.49468E-01 0.00000E+00 0.00000E+00
 12 gd55     0.17193E-08 0.00000E+00 0.00000E+00
 13 gd57     0.51206E-08 0.00000E+00 0.00000E+00
 16 pu39     0.90085E-04 0.00000E+00 0.00000E+00
 17 pu40     0.41432E-05 0.00000E+00 0.00000E+00
 18 pu41     0.11959E-05 0.00000E+00 0.00000E+00
 21 u236     0.79843E-04 0.00000E+00 0.00000E+00
 22 slag     0.13220E-03 0.00000E+00 0.00000E+00
 23 tc99     0.17920E-04 0.00000E+00 0.00000E+00
 24 rh03     0.94856E-05 0.00000E+00 0.00000E+00
 25 ag09     0.19462E-06 0.00000E+00 0.00000E+00
 26 cd13     0.11371E-07 0.00000E+00 0.00000E+00
 27 xe35     0.36067E-07 0.00000E+00 0.00000E+00
 28 sm49     0.68671E-06 0.00000E+00 0.00000E+00
 29 sm51     0.89688E-06 0.00000E+00 0.00000E+00
 30 eu55     0.51649E-07 0.00000E+00 0.00000E+00
 31 gd56     0.11149E-06 0.00000E+00 0.00000E+00
 32 np37     0.14632E-05 0.00000E+00 0.00000E+00
 33 np39     0.18295E-05 0.00000E+00 0.00000E+00
 34 pu38     0.59500E-07 0.00000E+00 0.00000E+00
 35 pu42     0.20765E-07 0.00000E+00 0.00000E+00
 36 am41     0.77743E-08 0.00000E+00 0.00000E+00
 37 am2m     0.40608E-10 0.00000E+00 0.00000E+00
 38 am43     0.61801E-09 0.00000E+00 0.00000E+00
 39 cm42     0.30546E-09 0.00000E+00 0.00000E+00
 40 cm44     0.25599E-10 0.00000E+00 0.00000E+00
 41 cm45     0.26712E-12 0.00000E+00 0.00000E+00
 46 sm52     0.11213E-05 0.00000E+00 0.00000E+00
 47 xe31     0.78830E-05 0.00000E+00 0.00000E+00
 48 cs33     0.19509E-04 0.00000E+00 0.00000E+00
 49 nd45     0.11349E-04 0.00000E+00 0.00000E+00
 50 nd43     0.16954E-04 0.00000E+00 0.00000E+00
 51 pm47     0.56314E-05 0.00000E+00 0.00000E+00
 52 mo95     0.18786E-04 0.00000E+00 0.00000E+00
 53 cs34     0.47005E-06 0.00000E+00 0.00000E+00
 54 pr41     0.17315E-04 0.00000E+00 0.00000E+00
 55 pm48     0.29467E-07 0.00000E+00 0.00000E+00
 56 pm8m     0.94685E-07 0.00000E+00 0.00000E+00
 57 rh05     0.42097E-07 0.00000E+00 0.00000E+00
 58 pm49     0.63572E-07 0.00000E+00 0.00000E+00
 59 kr83     0.15262E-05 0.00000E+00 0.00000E+00
 60 ru01     0.14942E-04 0.00000E+00 0.00000E+00
 61 pd05     0.35200E-05 0.00000E+00 0.00000E+00
 62 cs35     0.13142E-04 0.00000E+00 0.00000E+00
 63 sm50     0.29127E-05 0.00000E+00 0.00000E+00
 64 eu51     0.34483E-07 0.00000E+00 0.00000E+00
 65 eu53     0.18992E-06 0.00000E+00 0.00000E+00
 66 eu54     0.11996E-07 0.00000E+00 0.00000E+00
 67 gd54     0.13374E-09 0.00000E+00 0.00000E+00
 68 am42     0.98250E-11 0.00000E+00 0.00000E+00
 69 cm43     0.10544E-11 0.00000E+00 0.00000E+00
 ------------------------------------------------------------------------------
  number of cells =           6
          cell number    2  number of zone= 3
 << geometry characteristics >>
    geometry of cell- cilindrical index=           2
  kratnost of cell =   18.00000    
  inner radius of cell =  0.0000000E+00
  out square ratio =  0.3888000      0.3333000      0.0000000E+00  0.2222000    
  5.5500001E-02  0.0000000E+00
 ------------------------------------------------------------------------------
 num zone      4           5           6
 radius   0.29000E+00 0.34000E+00 0.48000E+00
 temper   0.59700E+03 0.58300E+03 0.58300E+03
 rez_izot    u238        bad         bad 
 ------------------------------------------------------------------------------
    izotop   /             concentration number of izotops=69
  1 *h*      0.00000E+00 0.00000E+00 0.46688E-01
  2 *o*      0.00000E+00 0.00000E+00 0.23344E-01
  3 zr       0.00000E+00 0.43132E-01 0.00000E+00
  4 u235     0.29510E-02 0.00000E+00 0.00000E+00
  5 u238     0.21410E-01 0.00000E+00 0.00000E+00
  6 o        0.49468E-01 0.00000E+00 0.00000E+00
 12 gd55     0.15991E-08 0.00000E+00 0.00000E+00
 13 gd57     0.47666E-08 0.00000E+00 0.00000E+00
 16 pu39     0.80788E-04 0.00000E+00 0.00000E+00
 17 pu40     0.32428E-05 0.00000E+00 0.00000E+00
 18 pu41     0.77975E-06 0.00000E+00 0.00000E+00
 21 u236     0.60117E-04 0.00000E+00 0.00000E+00
 22 slag     0.99067E-04 0.00000E+00 0.00000E+00
 23 tc99     0.13635E-04 0.00000E+00 0.00000E+00
 24 rh03     0.73746E-05 0.00000E+00 0.00000E+00
 25 ag09     0.15153E-06 0.00000E+00 0.00000E+00
 26 cd13     0.10583E-07 0.00000E+00 0.00000E+00
 27 xe35     0.29087E-07 0.00000E+00 0.00000E+00
 28 sm49     0.62554E-06 0.00000E+00 0.00000E+00
 29 sm51     0.73506E-06 0.00000E+00 0.00000E+00
 30 eu55     0.45081E-07 0.00000E+00 0.00000E+00
 31 gd56     0.80707E-07 0.00000E+00 0.00000E+00
 32 np37     0.95596E-06 0.00000E+00 0.00000E+00
 33 np39     0.16034E-05 0.00000E+00 0.00000E+00
 34 pu38     0.32745E-07 0.00000E+00 0.00000E+00
 35 pu42     0.11277E-07 0.00000E+00 0.00000E+00
 36 am41     0.50581E-08 0.00000E+00 0.00000E+00
 37 am2m     0.22435E-10 0.00000E+00 0.00000E+00
 38 am43     0.28291E-09 0.00000E+00 0.00000E+00
 39 cm42     0.16517E-09 0.00000E+00 0.00000E+00
 40 cm44     0.98718E-11 0.00000E+00 0.00000E+00
 41 cm45     0.87012E-13 0.00000E+00 0.00000E+00
 46 sm52     0.84273E-06 0.00000E+00 0.00000E+00
 47 xe31     0.60497E-05 0.00000E+00 0.00000E+00
 48 cs33     0.14848E-04 0.00000E+00 0.00000E+00
 49 nd45     0.86316E-05 0.00000E+00 0.00000E+00
 50 nd43     0.12861E-04 0.00000E+00 0.00000E+00
 51 pm47     0.43677E-05 0.00000E+00 0.00000E+00
 52 mo95     0.14231E-04 0.00000E+00 0.00000E+00
 53 cs34     0.30160E-06 0.00000E+00 0.00000E+00
 54 pr41     0.13170E-04 0.00000E+00 0.00000E+00
 55 pm48     0.19224E-07 0.00000E+00 0.00000E+00
 56 pm8m     0.66008E-07 0.00000E+00 0.00000E+00
 57 rh05     0.33055E-07 0.00000E+00 0.00000E+00
 58 pm49     0.48014E-07 0.00000E+00 0.00000E+00
 59 kr83     0.11563E-05 0.00000E+00 0.00000E+00
 60 ru01     0.11347E-04 0.00000E+00 0.00000E+00
 61 pd05     0.27635E-05 0.00000E+00 0.00000E+00
 62 cs35     0.10538E-04 0.00000E+00 0.00000E+00
 63 sm50     0.21110E-05 0.00000E+00 0.00000E+00
 64 eu51     0.21998E-07 0.00000E+00 0.00000E+00
 65 eu53     0.12029E-06 0.00000E+00 0.00000E+00
 66 eu54     0.65487E-08 0.00000E+00 0.00000E+00
 67 gd54     0.72857E-10 0.00000E+00 0.00000E+00
 68 am42     0.53529E-11 0.00000E+00 0.00000E+00
 69 cm43     0.49612E-12 0.00000E+00 0.00000E+00
 ------------------------------------------------------------------------------
  number of cells =           6
          cell number    3  number of zone= 3
 << geometry characteristics >>
    geometry of cell- cilindrical index=           2
  kratnost of cell =   9.000000    
  inner radius of cell =  0.0000000E+00
  out square ratio =  0.6666000      0.0000000E+00  0.0000000E+00  0.0000000E+00
  0.0000000E+00  0.3333000    
 ------------------------------------------------------------------------------
 num zone      7           8           9
 radius   0.29000E+00 0.34000E+00 0.48000E+00
 temper   0.58300E+03 0.58300E+03 0.58300E+03
 rez_izot    bad         bad         bad 
 ------------------------------------------------------------------------------
    izotop   /             concentration number of izotops=69
  1 *h*      0.00000E+00 0.00000E+00 0.46688E-01
  2 *o*      0.00000E+00 0.00000E+00 0.23344E-01
  3 zr       0.00000E+00 0.43132E-01 0.00000E+00
  6 o        0.67340E-02 0.00000E+00 0.00000E+00
 12 gd55     0.49585E-03 0.00000E+00 0.00000E+00
 13 gd57     0.39241E-03 0.00000E+00 0.00000E+00
 22 slag     0.31174E-03 0.00000E+00 0.00000E+00
 31 gd56     0.16701E-03 0.00000E+00 0.00000E+00
 ------------------------------------------------------------------------------
  number of cells =           6
          cell number    4  number of zone= 3
 << geometry characteristics >>
    geometry of cell- cilindrical index=           2
  kratnost of cell =   6.000000    
  inner radius of cell =  0.0000000E+00
  out square ratio =  0.0000000E+00  0.6666000      0.0000000E+00  0.0000000E+00
  0.3333000      0.0000000E+00
 ------------------------------------------------------------------------------
 num zone     10          11          12
 radius   0.17500E+00 0.22500E+00 0.48000E+00
 temper   0.58300E+03 0.58300E+03 0.58300E+03
 rez_izot    bad         bad         bad 
 ------------------------------------------------------------------------------
    izotop   /             concentration number of izotops=69
  1 *h*      0.00000E+00 0.00000E+00 0.46688E-01
  2 *o*      0.00000E+00 0.00000E+00 0.23344E-01
  3 zr       0.00000E+00 0.43132E-01 0.00000E+00
  6 o        0.67340E-02 0.00000E+00 0.00000E+00
 12 gd55     0.52916E-03 0.00000E+00 0.00000E+00
 13 gd57     0.42752E-03 0.00000E+00 0.00000E+00
 22 slag     0.27598E-03 0.00000E+00 0.00000E+00
 31 gd56     0.13434E-03 0.00000E+00 0.00000E+00
 ------------------------------------------------------------------------------
  number of cells =           6
          cell number    5  number of zone= 3
 << geometry characteristics >>
    geometry of cell- cilindrical index=           2
  kratnost of cell =   7.000000    
  inner radius of cell =  0.0000000E+00
  out square ratio =  0.0000000E+00  0.1428000      0.0000000E+00  0.2857000    
  0.5714000      0.0000000E+00
 ------------------------------------------------------------------------------
 num zone     13          14          15
 radius   0.29000E+00 0.34000E+00 0.48000E+00
 temper   0.58300E+03 0.30000E+03 0.58300E+03
 rez_izot    bad         bad         bad 
 ------------------------------------------------------------------------------
    izotop   /             concentration number of izotops=69
  1 *h*      0.00000E+00 0.00000E+00 0.46688E-01
  2 *o*      0.00000E+00 0.00000E+00 0.23344E-01
 10 b-10     0.77645E-01 0.00000E+00 0.00000E+00
 11 c        0.28331E-01 0.00000E+00 0.00000E+00
 14 ni       0.00000E+00 0.42200E-01 0.00000E+00
 15 cr       0.00000E+00 0.31650E-01 0.00000E+00
 ------------------------------------------------------------------------------
  number of cells =           6
          cell number    6  number of zone= 2
 << geometry characteristics >>
    geometry of cell- cilindrical index=           2
  kratnost of cell =   36.00000    
  inner radius of cell =  0.0000000E+00
  out square ratio =  0.2222000      0.0000000E+00  8.3300002E-02  0.0000000E+00
  0.0000000E+00  0.6944000    
 ------------------------------------------------------------------------------
 num zone     16          17
 radius   0.39000E+00 0.48000E+00
 temper   0.58300E+03 0.58300E+03
 rez_izot    bad         bad 
 ------------------------------------------------------------------------------
    izotop   /             concentration number of izotops=69
  1 *h*      0.00000E+00 0.46688E-01
  2 *o*      0.00000E+00 0.23344E-01
  3 zr       0.43132E-01 0.00000E+00
:corr                                                                           
 ------------------------------------------------------------------------------
  backling =  0.0000000E+00
 ------------------------------------------------------------------------------
  number of cells =           6
          cell number    1  number of zone= 3
 << geometry characteristics >>
    geometry of cell- cilindrical index=           2
  kratnost of cell =   51.00000    
  inner radius of cell =  0.0000000E+00
  out square ratio =  0.5882000      0.1372000      0.1176000      0.0000000E+00
  0.0000000E+00  0.1586000    
 ------------------------------------------------------------------------------
 num zone      1           2           3
 radius   0.29000E+00 0.34000E+00 0.48000E+00
 temper   0.65900E+03 0.58300E+03 0.58300E+03
 rez_izot    u238        bad         bad 
 ------------------------------------------------------------------------------
    izotop   /             concentration number of izotops=69
  1 *h*      0.00000E+00 0.00000E+00 0.46688E-01
  2 *o*      0.00000E+00 0.00000E+00 0.23344E-01
  3 zr       0.00000E+00 0.43132E-01 0.00000E+00
  4 u235     0.33565E-02 0.00000E+00 0.00000E+00
  5 u238     0.20902E-01 0.00000E+00 0.00000E+00
  6 o        0.49468E-01 0.00000E+00 0.00000E+00
 12 gd55     0.17193E-08 0.00000E+00 0.00000E+00
 13 gd57     0.51206E-08 0.00000E+00 0.00000E+00
 16 pu39     0.90085E-04 0.00000E+00 0.00000E+00
 17 pu40     0.41432E-05 0.00000E+00 0.00000E+00
 18 pu41     0.11959E-05 0.00000E+00 0.00000E+00
 21 u236     0.79843E-04 0.00000E+00 0.00000E+00
 22 slag     0.13220E-03 0.00000E+00 0.00000E+00
 23 tc99     0.17920E-04 0.00000E+00 0.00000E+00
 24 rh03     0.94856E-05 0.00000E+00 0.00000E+00
 25 ag09     0.19462E-06 0.00000E+00 0.00000E+00
 26 cd13     0.11371E-07 0.00000E+00 0.00000E+00
 27 xe35     0.36067E-07 0.00000E+00 0.00000E+00
 28 sm49     0.68671E-06 0.00000E+00 0.00000E+00
 29 sm51     0.89688E-06 0.00000E+00 0.00000E+00
 30 eu55     0.51649E-07 0.00000E+00 0.00000E+00
 31 gd56     0.11149E-06 0.00000E+00 0.00000E+00
 32 np37     0.14632E-05 0.00000E+00 0.00000E+00
 33 np39     0.18295E-05 0.00000E+00 0.00000E+00
 34 pu38     0.59500E-07 0.00000E+00 0.00000E+00
 35 pu42     0.20765E-07 0.00000E+00 0.00000E+00
 36 am41     0.77743E-08 0.00000E+00 0.00000E+00
 37 am2m     0.40608E-10 0.00000E+00 0.00000E+00
 38 am43     0.61801E-09 0.00000E+00 0.00000E+00
 39 cm42     0.30546E-09 0.00000E+00 0.00000E+00
 40 cm44     0.25599E-10 0.00000E+00 0.00000E+00
 41 cm45     0.26712E-12 0.00000E+00 0.00000E+00
 46 sm52     0.11213E-05 0.00000E+00 0.00000E+00
 47 xe31     0.78830E-05 0.00000E+00 0.00000E+00
 48 cs33     0.19509E-04 0.00000E+00 0.00000E+00
 49 nd45     0.11349E-04 0.00000E+00 0.00000E+00
 50 nd43     0.16954E-04 0.00000E+00 0.00000E+00
 51 pm47     0.56314E-05 0.00000E+00 0.00000E+00
 52 mo95     0.18786E-04 0.00000E+00 0.00000E+00
 53 cs34     0.47005E-06 0.00000E+00 0.00000E+00
 54 pr41     0.17315E-04 0.00000E+00 0.00000E+00
 55 pm48     0.29467E-07 0.00000E+00 0.00000E+00
 56 pm8m     0.94685E-07 0.00000E+00 0.00000E+00
 57 rh05     0.42097E-07 0.00000E+00 0.00000E+00
 58 pm49     0.63572E-07 0.00000E+00 0.00000E+00
 59 kr83     0.15262E-05 0.00000E+00 0.00000E+00
 60 ru01     0.14942E-04 0.00000E+00 0.00000E+00
 61 pd05     0.35200E-05 0.00000E+00 0.00000E+00
 62 cs35     0.13142E-04 0.00000E+00 0.00000E+00
 63 sm50     0.29127E-05 0.00000E+00 0.00000E+00
 64 eu51     0.34483E-07 0.00000E+00 0.00000E+00
 65 eu53     0.18992E-06 0.00000E+00 0.00000E+00
 66 eu54     0.11996E-07 0.00000E+00 0.00000E+00
 67 gd54     0.13374E-09 0.00000E+00 0.00000E+00
 68 am42     0.98250E-11 0.00000E+00 0.00000E+00
 69 cm43     0.10544E-11 0.00000E+00 0.00000E+00
 ------------------------------------------------------------------------------
  number of cells =           6
          cell number    2  number of zone= 3
 << geometry characteristics >>
    geometry of cell- cilindrical index=           2
  kratnost of cell =   18.00000    
  inner radius of cell =  0.0000000E+00
  out square ratio =  0.3888000      0.3333000      0.0000000E+00  0.2222000    
  5.5500001E-02  0.0000000E+00
 ------------------------------------------------------------------------------
 num zone      4           5           6
 radius   0.29000E+00 0.34000E+00 0.48000E+00
 temper   0.59700E+03 0.58300E+03 0.58300E+03
 rez_izot    u238        bad         bad 
 ------------------------------------------------------------------------------
    izotop   /             concentration number of izotops=69
  1 *h*      0.00000E+00 0.00000E+00 0.46688E-01
  2 *o*      0.00000E+00 0.00000E+00 0.23344E-01
  3 zr       0.00000E+00 0.43132E-01 0.00000E+00
  4 u235     0.29510E-02 0.00000E+00 0.00000E+00
  5 u238     0.21410E-01 0.00000E+00 0.00000E+00
  6 o        0.49468E-01 0.00000E+00 0.00000E+00
 12 gd55     0.15991E-08 0.00000E+00 0.00000E+00
 13 gd57     0.47666E-08 0.00000E+00 0.00000E+00
 16 pu39     0.80788E-04 0.00000E+00 0.00000E+00
 17 pu40     0.32428E-05 0.00000E+00 0.00000E+00
 18 pu41     0.77975E-06 0.00000E+00 0.00000E+00
 21 u236     0.60117E-04 0.00000E+00 0.00000E+00
 22 slag     0.99067E-04 0.00000E+00 0.00000E+00
 23 tc99     0.13635E-04 0.00000E+00 0.00000E+00
 24 rh03     0.73746E-05 0.00000E+00 0.00000E+00
 25 ag09     0.15153E-06 0.00000E+00 0.00000E+00
 26 cd13     0.10583E-07 0.00000E+00 0.00000E+00
 27 xe35     0.29087E-07 0.00000E+00 0.00000E+00
 28 sm49     0.62554E-06 0.00000E+00 0.00000E+00
 29 sm51     0.73506E-06 0.00000E+00 0.00000E+00
 30 eu55     0.45081E-07 0.00000E+00 0.00000E+00
 31 gd56     0.80707E-07 0.00000E+00 0.00000E+00
 32 np37     0.95596E-06 0.00000E+00 0.00000E+00
 33 np39     0.16034E-05 0.00000E+00 0.00000E+00
 34 pu38     0.32745E-07 0.00000E+00 0.00000E+00
 35 pu42     0.11277E-07 0.00000E+00 0.00000E+00
 36 am41     0.50581E-08 0.00000E+00 0.00000E+00
 37 am2m     0.22435E-10 0.00000E+00 0.00000E+00
 38 am43     0.28291E-09 0.00000E+00 0.00000E+00
 39 cm42     0.16517E-09 0.00000E+00 0.00000E+00
 40 cm44     0.98718E-11 0.00000E+00 0.00000E+00
 41 cm45     0.87012E-13 0.00000E+00 0.00000E+00
 46 sm52     0.84273E-06 0.00000E+00 0.00000E+00
 47 xe31     0.60497E-05 0.00000E+00 0.00000E+00
 48 cs33     0.14848E-04 0.00000E+00 0.00000E+00
 49 nd45     0.86316E-05 0.00000E+00 0.00000E+00
 50 nd43     0.12861E-04 0.00000E+00 0.00000E+00
 51 pm47     0.43677E-05 0.00000E+00 0.00000E+00
 52 mo95     0.14231E-04 0.00000E+00 0.00000E+00
 53 cs34     0.30160E-06 0.00000E+00 0.00000E+00
 54 pr41     0.13170E-04 0.00000E+00 0.00000E+00
 55 pm48     0.19224E-07 0.00000E+00 0.00000E+00
 56 pm8m     0.66008E-07 0.00000E+00 0.00000E+00
 57 rh05     0.33055E-07 0.00000E+00 0.00000E+00
 58 pm49     0.48014E-07 0.00000E+00 0.00000E+00
 59 kr83     0.11563E-05 0.00000E+00 0.00000E+00
 60 ru01     0.11347E-04 0.00000E+00 0.00000E+00
 61 pd05     0.27635E-05 0.00000E+00 0.00000E+00
 62 cs35     0.10538E-04 0.00000E+00 0.00000E+00
 63 sm50     0.21110E-05 0.00000E+00 0.00000E+00
 64 eu51     0.21998E-07 0.00000E+00 0.00000E+00
 65 eu53     0.12029E-06 0.00000E+00 0.00000E+00
 66 eu54     0.65487E-08 0.00000E+00 0.00000E+00
 67 gd54     0.72857E-10 0.00000E+00 0.00000E+00
 68 am42     0.53529E-11 0.00000E+00 0.00000E+00
 69 cm43     0.49612E-12 0.00000E+00 0.00000E+00
 ------------------------------------------------------------------------------
  number of cells =           6
          cell number    3  number of zone= 3
 << geometry characteristics >>
    geometry of cell- cilindrical index=           2
  kratnost of cell =   9.000000    
  inner radius of cell =  0.0000000E+00
  out square ratio =  0.6666000      0.0000000E+00  0.0000000E+00  0.0000000E+00
  0.0000000E+00  0.3333000    
 ------------------------------------------------------------------------------
 num zone      7           8           9
 radius   0.29000E+00 0.34000E+00 0.48000E+00
 temper   0.58300E+03 0.58300E+03 0.58300E+03
 rez_izot    bad         bad         bad 
 ------------------------------------------------------------------------------
    izotop   /             concentration number of izotops=69
  1 *h*      0.00000E+00 0.00000E+00 0.46688E-01
  2 *o*      0.00000E+00 0.00000E+00 0.23344E-01
  3 zr       0.00000E+00 0.43132E-01 0.00000E+00
  6 o        0.67340E-02 0.00000E+00 0.00000E+00
 12 gd55     0.49585E-03 0.00000E+00 0.00000E+00
 13 gd57     0.39241E-03 0.00000E+00 0.00000E+00
 22 slag     0.31174E-03 0.00000E+00 0.00000E+00
 31 gd56     0.16701E-03 0.00000E+00 0.00000E+00
 ------------------------------------------------------------------------------
  number of cells =           6
          cell number    4  number of zone= 3
 << geometry characteristics >>
    geometry of cell- cilindrical index=           2
  kratnost of cell =   6.000000    
  inner radius of cell =  0.0000000E+00
  out square ratio =  0.0000000E+00  0.6666000      0.0000000E+00  0.0000000E+00
  0.3333000      0.0000000E+00
 ------------------------------------------------------------------------------
 num zone     10          11          12
 radius   0.17500E+00 0.22500E+00 0.48000E+00
 temper   0.58300E+03 0.58300E+03 0.58300E+03
 rez_izot    bad         bad         bad 
 ------------------------------------------------------------------------------
    izotop   /             concentration number of izotops=69
  1 *h*      0.00000E+00 0.00000E+00 0.46688E-01
  2 *o*      0.00000E+00 0.00000E+00 0.23344E-01
  3 zr       0.00000E+00 0.43132E-01 0.00000E+00
  6 o        0.67340E-02 0.00000E+00 0.00000E+00
 12 gd55     0.52916E-03 0.00000E+00 0.00000E+00
 13 gd57     0.42752E-03 0.00000E+00 0.00000E+00
 22 slag     0.27598E-03 0.00000E+00 0.00000E+00
 31 gd56     0.13434E-03 0.00000E+00 0.00000E+00
 ------------------------------------------------------------------------------
  number of cells =           6
          cell number    5  number of zone= 3
 << geometry characteristics >>
    geometry of cell- cilindrical index=           2
  kratnost of cell =   7.000000    
  inner radius of cell =  0.0000000E+00
  out square ratio =  0.0000000E+00  0.1428000      0.0000000E+00  0.2857000    
  0.5714000      0.0000000E+00
 ------------------------------------------------------------------------------
 num zone     13          14          15
 radius   0.29000E+00 0.34000E+00 0.48000E+00
 temper   0.58300E+03 0.30000E+03 0.58300E+03
 rez_izot    bad         bad         bad 
 ------------------------------------------------------------------------------
    izotop   /             concentration number of izotops=69
  1 *h*      0.00000E+00 0.00000E+00 0.46688E-01
  2 *o*      0.00000E+00 0.00000E+00 0.23344E-01
 10 b-10     0.77645E-01 0.00000E+00 0.00000E+00
 11 c        0.28331E-01 0.00000E+00 0.00000E+00
 14 ni       0.00000E+00 0.42200E-01 0.00000E+00
 15 cr       0.00000E+00 0.31650E-01 0.00000E+00
 ------------------------------------------------------------------------------
  number of cells =           6
          cell number    6  number of zone= 2
 << geometry characteristics >>
    geometry of cell- cilindrical index=           2
  kratnost of cell =   36.00000    
  inner radius of cell =  0.0000000E+00
  out square ratio =  0.2222000      0.0000000E+00  8.3300002E-02  0.0000000E+00
  0.0000000E+00  0.6944000    
 ------------------------------------------------------------------------------
 num zone     16          17
 radius   0.39000E+00 0.48000E+00
 temper   0.58300E+03 0.58300E+03
 rez_izot    bad         bad 
 ------------------------------------------------------------------------------
    izotop   /             concentration number of izotops=69
  1 *h*      0.00000E+00 0.46688E-01
  2 *o*      0.00000E+00 0.23344E-01
  3 zr       0.43132E-01 0.00000E+00
:fier                                                                           
 condensation boundary was changed from  0.21500E+01 to  0.21544E+01
*** 4 *** ;egr=  2.1544    
    keff         nu           mu           fi           teta
  0.91071       1.8161       1.9081      0.38370      0.68494    
 s0z(n)=    1.244146      0.0000000E+00  0.0000000E+00   1.257272    
  0.0000000E+00  0.0000000E+00  0.0000000E+00  0.0000000E+00  0.0000000E+00
  0.0000000E+00  0.0000000E+00  0.0000000E+00  0.0000000E+00  0.0000000E+00
  0.0000000E+00  0.0000000E+00  0.0000000E+00
:macro                                                                          
 condensation boundary was changed from  0.21500E+01 to  0.21544E+01
 condensation boundary was changed from  0.21500E+01 to  0.21544E+01
    -------------------------------------------------------------------------------
    * n group   * e(i)        * e(i+1)      *spect neutron fission  *
          1       0.10500E+08    2.1544           0.99901    
          2        2.1544        0.0000           0.13589E-08
    *******************************************************************************
                                       **    macro cross section    **
    *******************************************************************************
    ** n zone    1 vzone=  91.926     /  1  2  3  4  5  6  7  8  9 10 11 12 13 14 15 16 17
*grp*flux 1/cm2c  * stotal      * sabs        * sfis.       * nu$sfis.    * 1/3*strans  *1/aver.veloci*aver power
  1  0.4482727     0.4714415     0.1531167E-01 0.4289031E-02 0.1076371E-01  1.388136     0.1022465E-05 0.7029742     0.4716651    
  2  0.2738173E-01 0.9070981     0.1560954     0.7865317E-01 0.1941654     0.4566112     0.3688802E-05  1.243890     0.5283349    
                                       * matric. scat.cross. sec. from i to j  *
       i / j -->            1           2
       i        1 0.4466251     0.9504770E-02
       i        2 0.1042216E-03 0.7508985    
:stop                                                                           
