 *****          file of input data set *******
                                                                                                                        
:poly
 &vvod
 @ 1 tvel  cell@   rcel(1,1)=0.29,0.34,0.48,
                   ncelsos(1,1)=1,3,4
 @ 2 tvel  cell@   rcel(1,2)=0.29,0.34,0.48,
                   ncelsos(1,2)=2,3,4
 @ 3 svp-1 cell@   rcel(1,3)=0.29,0.34,0.48,
                   ncelsos(1,3)=5,3,4,
 @ 4 svp-2 cell@   rcel(1,4)=0.175,0.225,0.48,
                   ncelsos(1,4)=5,3,4,
 @ 5 pal       @   rcel(1,5)=0.29,0.34,0.48,
                   ncelsos(1,5)=6,7,4,
 @ 6 km        @   rcel(1,6)=0.39,0.48,
                   ncelsos(1,6)=3,4,
  t=0.6590e+03, 0.5970e+03, 0.5830e+03, 0.5830e+03, 0.5830e+03, 0.5830e+03,
@-----------------------------------------------------------------------
 troiz=
 @         1 tv_1       2 tv_2  3 zr_ob_tv    4 h2o     5 svp     6 pel     7 ob_pel
 @ *h*  @ 0.0000000, 0.0000000, 0.0000000, 0.0466884, 0.0000000, 0.0466884, 0.0000000,
 @ *o*  @ 0.0000000, 0.0000000, 0.0000000, 0.0233442, 0.0000000, 0.0233442, 0.0000000,
 @ zr   @ 0.0000000, 0.0000000, 0.0431323, 0.0000000, 0.0000000, 0.0000000, 0.0000000,
 @ u235 @ 0.0037101, 0.0032154 , 0.0000000, 0.0000000, 0.0000000, 0.0000000, 0.0000000,
 @ u238 @ 0.0210238, 0.0215185, 0.0000000, 0.0000000, 0.0000000, 0.0000000, 0.0000000,
 @ o    @ 0.0494677, 0.0494677, 0.0000000, 0.0000000, 0.0067340, 0.0000000, 0.0000000,
 @ n    @ 0.0000000, 0.0000000, 0.0000000, 0.0000000, 0.0000000, 0.0000000, 0.0000000,
 @ *c*  @ 0.0000000, 0.0000000, 0.0000000, 0.0000000, 0.0000000, 0.0000000, 0.0000000,
 @ al   @ 0.0000000, 0.0000000, 0.0000000, 0.0000000, 0.0000000, 0.0000000, 0.0000000,
 @ b-10 @ 0.0000000, 0.0000000, 0.0000000, 0.0000000, 0.0000000, 0.0000000, 0.0000000,
 @ c    @ 0.0000000, 0.0000000, 0.0000000, 0.0000000, 0.0000000, 0.0000000, 0.0000000,
 @ gd55 @ 0.0000000, 0.0000000, 0.0000000, 0.0000000, 0.0006644, 0.0000000, 0.0000000,
 @ gd57 @ 0.0000000, 0.0000000, 0.0000000, 0.0000000, 0.0007026, 0.0000000, 0.0000000,
 @ ni   @ 0.0000000, 0.0000000, 0.0000000, 0.0000000, 0.0000000, 0.0000000, 0.0421996,
 @ cr   @ 0.0000000, 0.0000000, 0.0000000, 0.0000000, 0.0000000, 0.0000000, 0.0316497,
 @ pu39 @ 0.0000000, 0.0000000, 0.0000000, 0.0000000, 0.0000000, 0.0000000, 0.0000000,
 @ pu40 @ 0.0000000, 0.0000000, 0.0000000, 0.0000000, 0.0000000, 0.0000000, 0.0000000,
 @ pu41 @ 0.0000000, 0.0000000, 0.0000000, 0.0000000, 0.0000000, 0.0000000, 0.0000000,
@-----------------------------------------------------------------------
 ntcell=1,2,3,4,5,6,
 krat= 51,18,9,6,7,36,
 alout=
       0.5882 , 0.1372 , 0.1176 , 0.0000 , 0.0000 , 0.1586,
       0.3888 , 0.3333 , 0.0000 , 0.2222 , 0.0555 , 0.0000,
       0.6666 , 0.0000 , 0.0000 , 0.0000 , 0.0000 , 0.3333,
       0.0000 , 0.6666 , 0.0000 , 0.0000 , 0.3333 , 0.0000,
       0.0000 , 0.1428 , 0.0000 , 0.2857 , 0.5714 , 0.0000,
       0.2222 , 0.0000 , 0.0833 , 0.0000 , 0.0000 , 0.6944,
 material(1)='chmc',
 &end
*h*
*o*
zr
u235
u238
o
n
*c*
al
b-10
c
gd55
gd57
ni
cr
pu39
pu40
pu41
****
:burn
 &vvod qv=105.5,dtim=50,
 &end
:corr
 &vvod &end
:burn
 &vvod qv=105.5,dtim=50,
 &end
:corr
 &vvod &end
:burn
 &vvod qv=105.5,dtim=50,
 &end
:corr
 &vvod &end
:burn
 &vvod qv=105.5,dtim=50,
 &end
:corr
 &vvod &end
:corr
 &vvod &end
:fier
 &vvod &end
:macro
 &vvod
  et=10.5e+6,2.15,2.15,0.,
 @nbv=1,1,1,1,1,1,1,1,1,1,1,1,1,1,
 &end
:stop
 ***** end of   file of input data set *******
:poly                                                                           
  rout and rin were constructed
Rout= 0.290, 0.340, 0.480, 0.290, 0.340, 0.480, 0.290, 0.340, 0.480, 0.175,
 0.225, 0.480, 0.290, 0.340, 0.480, 0.390, 0.480,
Rin = 0.000, 0.290, 0.340, 0.000, 0.290, 0.340, 0.000, 0.290, 0.340, 0.000,
 0.175, 0.225, 0.000, 0.290, 0.340, 0.000, 0.390,
  nsos  was constructed
nsos=  1,  3,  4,  2,  3,  4,  5,  3,  4,  5,
  3,  4,  6,  7,  4,  3,  4,
 definition izotr in sos           1:izotr=   5.000000    
 definition izotr in sos           2:izotr=   5.000000    
  *******<< check input data>> programm declare *******
    --undeclared parametr--cefzad  -- programm standart value --cefzad  =  0.100000E+01
  *******<< check input data>> programm declare *******
    --undeclared parametr--bakl    -- programm standart value --bakl    =  0.000000E+00
  *******<< check input data>> programm declare *******
    --undeclared parametr--alin    -- programm standart value --alin    =  0.000000E+00  0.000000E+00
     0.000000E+00  0.000000E+00  0.000000E+00  0.000000E+00  0.000000E+00  0.000000E+00  0.000000E+00
     0.000000E+00  0.000000E+00  0.000000E+00  0.000000E+00  0.000000E+00  0.000000E+00  0.000000E+00
     0.000000E+00  0.000000E+00  0.000000E+00  0.000000E+00  0.000000E+00  0.000000E+00  0.000000E+00
     0.000000E+00  0.000000E+00  0.000000E+00  0.000000E+00  0.000000E+00  0.000000E+00  0.000000E+00
     0.000000E+00  0.000000E+00  0.000000E+00  0.000000E+00  0.000000E+00  0.000000E+00
  *******<< check input data>> programm declare *******
    --undeclared parametr--alcorr  -- programm standart value --alcorr  =  0.100000E+01  0.100000E+01
     0.100000E+01  0.100000E+01  0.100000E+01  0.100000E+01  0.100000E+01  0.100000E+01  0.100000E+01
     0.100000E+01  0.100000E+01  0.100000E+01  0.100000E+01  0.100000E+01  0.100000E+01  0.100000E+01
     0.100000E+01  0.100000E+01  0.100000E+01  0.100000E+01  0.100000E+01  0.100000E+01  0.100000E+01
     0.100000E+01  0.100000E+01  0.100000E+01  0.100000E+01  0.100000E+01  0.100000E+01  0.100000E+01
     0.100000E+01  0.100000E+01  0.100000E+01  0.100000E+01  0.100000E+01  0.100000E+01
  *******<< check input data>> programm declare *******
    --uncorrected definition--alin    --bat programm use this value --alin      0.000000E+00  0.000000E+00
     0.000000E+00  0.000000E+00  0.000000E+00  0.000000E+00  0.000000E+00  0.000000E+00  0.000000E+00
     0.000000E+00  0.000000E+00  0.000000E+00  0.000000E+00  0.000000E+00  0.000000E+00  0.000000E+00
     0.000000E+00  0.000000E+00  0.000000E+00  0.000000E+00  0.000000E+00  0.000000E+00  0.000000E+00
     0.000000E+00  0.000000E+00  0.000000E+00  0.000000E+00  0.000000E+00  0.000000E+00  0.000000E+00
     0.000000E+00  0.000000E+00  0.000000E+00  0.000000E+00  0.000000E+00  0.000000E+00
  *******<< check input data>> programm declare *******
    --uncorrected definition--alout   --bat programm use this value --alout     0.588200E+00  0.137200E+00
     0.117600E+00  0.000000E+00  0.000000E+00  0.158600E+00  0.388800E+00  0.333300E+00  0.000000E+00
     0.222200E+00  0.555000E-01  0.000000E+00  0.666600E+00  0.000000E+00  0.000000E+00  0.000000E+00
     0.000000E+00  0.333300E+00  0.000000E+00  0.666600E+00  0.000000E+00  0.000000E+00  0.333300E+00
     0.000000E+00  0.000000E+00  0.142800E+00  0.000000E+00  0.285700E+00  0.571400E+00  0.000000E+00
     0.222200E+00  0.000000E+00  0.833000E-01  0.000000E+00  0.000000E+00  0.694400E+00
  *******<< check input data>> programm declare *******
    --undeclared parametr--nbv     -- programm standart value --nbv     =    1    1    1    1    1    1
       1    1    1    1    1    1    1    1    1    1    1
  *******<< check input data>> programm declare *******
    --undeclared parametr--et      -- programm standart value --et      =  0.105000E+08  0.215000E+01
     0.215000E+01  0.000000E+00
    ????  storage for pr. getter =     1700 ?? common /rrr/ rab(        0 )  ????
 ------------------------------------------------------------------------------
  backling =  0.0000000E+00
 ------------------------------------------------------------------------------
  number of cells =           6
          cell number    1  number of zone= 3
 << geometry characteristics >>
    geometry of cell- cilindrical index=           2
  kratnost of cell =   51.00000    
  inner radius of cell =  0.0000000E+00
  out square ratio =  0.5882000      0.1372000      0.1176000      0.0000000E+00
  0.0000000E+00  0.1586000    
 ------------------------------------------------------------------------------
 num zone      1           2           3
 radius   0.29000E+00 0.34000E+00 0.48000E+00
 temper   0.65900E+03 0.58300E+03 0.58300E+03
 rez_izot    u238        bad         bad 
 ------------------------------------------------------------------------------
    izotop   /             concentration number of izotops=69
  1 *h*      0.00000E+00 0.00000E+00 0.46688E-01
  2 *o*      0.00000E+00 0.00000E+00 0.23344E-01
  3 zr       0.00000E+00 0.43132E-01 0.00000E+00
  4 u235     0.37101E-02 0.00000E+00 0.00000E+00
  5 u238     0.21024E-01 0.00000E+00 0.00000E+00
  6 o        0.49468E-01 0.00000E+00 0.00000E+00
 ------------------------------------------------------------------------------
  number of cells =           6
          cell number    2  number of zone= 3
 << geometry characteristics >>
    geometry of cell- cilindrical index=           2
  kratnost of cell =   18.00000    
  inner radius of cell =  0.0000000E+00
  out square ratio =  0.3888000      0.3333000      0.0000000E+00  0.2222000    
  5.5500001E-02  0.0000000E+00
 ------------------------------------------------------------------------------
 num zone      4           5           6
 radius   0.29000E+00 0.34000E+00 0.48000E+00
 temper   0.59700E+03 0.58300E+03 0.58300E+03
 rez_izot    u238        bad         bad 
 ------------------------------------------------------------------------------
    izotop   /             concentration number of izotops=69
  1 *h*      0.00000E+00 0.00000E+00 0.46688E-01
  2 *o*      0.00000E+00 0.00000E+00 0.23344E-01
  3 zr       0.00000E+00 0.43132E-01 0.00000E+00
  4 u235     0.32154E-02 0.00000E+00 0.00000E+00
  5 u238     0.21519E-01 0.00000E+00 0.00000E+00
  6 o        0.49468E-01 0.00000E+00 0.00000E+00
 ------------------------------------------------------------------------------
  number of cells =           6
          cell number    3  number of zone= 3
 << geometry characteristics >>
    geometry of cell- cilindrical index=           2
  kratnost of cell =   9.000000    
  inner radius of cell =  0.0000000E+00
  out square ratio =  0.6666000      0.0000000E+00  0.0000000E+00  0.0000000E+00
  0.0000000E+00  0.3333000    
 ------------------------------------------------------------------------------
 num zone      7           8           9
 radius   0.29000E+00 0.34000E+00 0.48000E+00
 temper   0.58300E+03 0.58300E+03 0.58300E+03
 rez_izot    bad         bad         bad 
 ------------------------------------------------------------------------------
    izotop   /             concentration number of izotops=69
  1 *h*      0.00000E+00 0.00000E+00 0.46688E-01
  2 *o*      0.00000E+00 0.00000E+00 0.23344E-01
  3 zr       0.00000E+00 0.43132E-01 0.00000E+00
  6 o        0.67340E-02 0.00000E+00 0.00000E+00
 12 gd55     0.66440E-03 0.00000E+00 0.00000E+00
 13 gd57     0.70260E-03 0.00000E+00 0.00000E+00
 ------------------------------------------------------------------------------
  number of cells =           6
          cell number    4  number of zone= 3
 << geometry characteristics >>
    geometry of cell- cilindrical index=           2
  kratnost of cell =   6.000000    
  inner radius of cell =  0.0000000E+00
  out square ratio =  0.0000000E+00  0.6666000      0.0000000E+00  0.0000000E+00
  0.3333000      0.0000000E+00
 ------------------------------------------------------------------------------
 num zone     10          11          12
 radius   0.17500E+00 0.22500E+00 0.48000E+00
 temper   0.58300E+03 0.58300E+03 0.58300E+03
 rez_izot    bad         bad         bad 
 ------------------------------------------------------------------------------
    izotop   /             concentration number of izotops=69
  1 *h*      0.00000E+00 0.00000E+00 0.46688E-01
  2 *o*      0.00000E+00 0.00000E+00 0.23344E-01
  3 zr       0.00000E+00 0.43132E-01 0.00000E+00
  6 o        0.67340E-02 0.00000E+00 0.00000E+00
 12 gd55     0.66440E-03 0.00000E+00 0.00000E+00
 13 gd57     0.70260E-03 0.00000E+00 0.00000E+00
 ------------------------------------------------------------------------------
  number of cells =           6
          cell number    5  number of zone= 3
 << geometry characteristics >>
    geometry of cell- cilindrical index=           2
  kratnost of cell =   7.000000    
  inner radius of cell =  0.0000000E+00
  out square ratio =  0.0000000E+00  0.1428000      0.0000000E+00  0.2857000    
  0.5714000      0.0000000E+00
 ------------------------------------------------------------------------------
 num zone     13          14          15
 radius   0.29000E+00 0.34000E+00 0.48000E+00
 temper   0.58300E+03 0.30000E+03 0.58300E+03
 rez_izot    bad         bad         bad 
 ------------------------------------------------------------------------------
    izotop   /             concentration number of izotops=69
  1 *h*      0.46688E-01 0.00000E+00 0.46688E-01
  2 *o*      0.23344E-01 0.00000E+00 0.23344E-01
 14 ni       0.00000E+00 0.42200E-01 0.00000E+00
 15 cr       0.00000E+00 0.31650E-01 0.00000E+00
 ------------------------------------------------------------------------------
  number of cells =           6
          cell number    6  number of zone= 2
 << geometry characteristics >>
    geometry of cell- cilindrical index=           2
  kratnost of cell =   36.00000    
  inner radius of cell =  0.0000000E+00
  out square ratio =  0.2222000      0.0000000E+00  8.3300002E-02  0.0000000E+00
  0.0000000E+00  0.6944000    
 ------------------------------------------------------------------------------
 num zone     16          17
 radius   0.39000E+00 0.48000E+00
 temper   0.58300E+03 0.58300E+03
 rez_izot    bad         bad 
 ------------------------------------------------------------------------------
    izotop   /             concentration number of izotops=69
  1 *h*      0.00000E+00 0.46688E-01
  2 *o*      0.00000E+00 0.23344E-01
  3 zr       0.43132E-01 0.00000E+00
    > CONSYST Program Ver: 98.01 > started at  0: 0: 0:  
    { Manturov G., E-mail: abbn@ippe.rssi.ru}
 
       -------------------------------
 
       CONSYST INPUT DATA READ FROM : cons.dat
       CONSYST PROTOCOL STORED IN   : RESULT
       GMF X-SECTION'S FILE         : OUT
       TEMPORARY FILE               : RAB
       ABBN BASIC DATA SET FROM     : .\get-93\bin\Bnab90.lib
       ABBN MULTIC DATA SET FROM    : .\get-93\bin\Bnabmlt.lib
       ABBN THERMAL DATA SET FROM   : .\get-93\bin\BNABTHM.lib
 
    >>  K-inf(MLT)= 1.33527 Balance= 1.03540 NU= 2.71 FI-Sum=  7.10E+01
    >   Include Thermal Matrix > H(H2O):BNABTHM.BIN   Temp=  500K
    >   Include Thermal Matrix > H(H2O):BNABTHM.BIN   Temp=  600K
    >>  K-inf(MLT)= 1.25468 Balance= 1.03337 NU= 2.71 FI-Sum=  7.46E+01
    >   Include Thermal Matrix > H(H2O):BNABTHM.BIN   Temp=  500K
    >   Include Thermal Matrix > H(H2O):BNABTHM.BIN   Temp=  600K
    >   Include Thermal Matrix > H(H2O):BNABTHM.BIN   Temp=  500K
    >   Include Thermal Matrix > H(H2O):BNABTHM.BIN   Temp=  600K
    >   Include Thermal Matrix > H(H2O):BNABTHM.BIN   Temp=  500K
    >   Include Thermal Matrix > H(H2O):BNABTHM.BIN   Temp=  600K
    >   Include Thermal Matrix > H(H2O):BNABTHM.BIN   Temp=  500K
    >   Include Thermal Matrix > H(H2O):BNABTHM.BIN   Temp=  600K
    >   Include Thermal Matrix > H(H2O):BNABTHM.BIN   Temp=  500K
    >   Include Thermal Matrix > H(H2O):BNABTHM.BIN   Temp=  600K
    > CONSYST finished at  0: 0: 0:  
 therm. calculation avoided
 therm. calculation avoided
 therm. calculation avoided
 therm. calculation avoided
 therm. calculation avoided
 therm. calculation avoided
 therm. calculation avoided
 *************************************************
   ***k(inf)= 1.22283     ***k(itt)= 1.25688     ***k(integ)= 1.22283    ***
   **bakl=  0.0000     **length= 0.10000E+11  ***
   **matr.  alout*alcorr a(k,i)(k=1,ncel) ***
     * 0.58820     0.13720     0.11760      0.0000      0.0000     0.15860    
     * 0.38880     0.33330      0.0000     0.22220     0.55500E-01  0.0000    
     * 0.66660      0.0000      0.0000      0.0000      0.0000     0.33330    
     *  0.0000     0.66660      0.0000      0.0000     0.33330      0.0000    
     *  0.0000     0.14280      0.0000     0.28570     0.57140      0.0000    
     * 0.22220      0.0000     0.83300E-01  0.0000      0.0000     0.69440    
 lokal kner      in cell ,ru=           1=   1.006274       1.004131    
 lokal kner      in cell ,ru=           2=  0.9822246      0.9882947    
 lokal kner      in cell ,ru=           3=  0.0000000E+00   1.139312    
 lokal kner      in cell ,ru=           4=  0.0000000E+00  0.8057833    
 lokal kner      in cell ,ru=           5=  0.0000000E+00  0.1023551    
 lokal kner      in cell ,ru=           6=  0.0000000E+00  2.8916262E-02
:burn                                                                           
 *** average burn up =   2.6961     (mbt*day)/(kg hm)
    > CONSYST Program Ver: 98.01 > started at  0: 0: 0:  
    { Manturov G., E-mail: abbn@ippe.rssi.ru}
 
       -------------------------------
 
       CONSYST INPUT DATA READ FROM : cons.dat
       CONSYST PROTOCOL STORED IN   : RESULT
       GMF X-SECTION'S FILE         : OUT
       TEMPORARY FILE               : RAB
       ABBN BASIC DATA SET FROM     : .\get-93\bin\Bnab90.lib
       ABBN MULTIC DATA SET FROM    : .\get-93\bin\Bnabmlt.lib
       ABBN THERMAL DATA SET FROM   : .\get-93\bin\BNABTHM.lib
 
    >>  K-inf(MLT)= 1.32574 Balance= 1.03508 NU= 2.71 FI-Sum=  7.14E+01
    >   Include Thermal Matrix > H(H2O):BNABTHM.BIN   Temp=  500K
    >   Include Thermal Matrix > H(H2O):BNABTHM.BIN   Temp=  600K
    >>  K-inf(MLT)= 1.24437 Balance= 1.03299 NU= 2.71 FI-Sum=  7.51E+01
    >   Include Thermal Matrix > H(H2O):BNABTHM.BIN   Temp=  500K
    >   Include Thermal Matrix > H(H2O):BNABTHM.BIN   Temp=  600K
    >   Include Thermal Matrix > H(H2O):BNABTHM.BIN   Temp=  500K
    >   Include Thermal Matrix > H(H2O):BNABTHM.BIN   Temp=  600K
    >   Include Thermal Matrix > H(H2O):BNABTHM.BIN   Temp=  500K
    >   Include Thermal Matrix > H(H2O):BNABTHM.BIN   Temp=  600K
    >   Include Thermal Matrix > H(H2O):BNABTHM.BIN   Temp=  500K
    >   Include Thermal Matrix > H(H2O):BNABTHM.BIN   Temp=  600K
    >   Include Thermal Matrix > H(H2O):BNABTHM.BIN   Temp=  500K
    >   Include Thermal Matrix > H(H2O):BNABTHM.BIN   Temp=  600K
    > CONSYST finished at  0: 0: 0:  
 therm. calculation avoided
 therm. calculation avoided
 therm. calculation avoided
 therm. calculation avoided
 therm. calculation avoided
 therm. calculation avoided
 therm. calculation avoided
 therm. calculation avoided
 therm. calculation avoided
 *************************************************
   ***k(inf)= 1.19523     ***k(itt)= 1.22849     ***k(integ)= 1.19523    ***
   **bakl=  0.0000     **length= 0.10000E+11  ***
   **matr.  alout*alcorr a(k,i)(k=1,ncel) ***
     * 0.58820     0.13720     0.11760      0.0000      0.0000     0.15860    
     * 0.38880     0.33330      0.0000     0.22220     0.55500E-01  0.0000    
     * 0.66660      0.0000      0.0000      0.0000      0.0000     0.33330    
     *  0.0000     0.66660      0.0000      0.0000     0.33330      0.0000    
     *  0.0000     0.14280      0.0000     0.28570     0.57140      0.0000    
     * 0.22220      0.0000     0.83300E-01  0.0000      0.0000     0.69440    
 lokal kner      in cell ,ru=           1=   1.005737       1.002919    
 lokal kner      in cell ,ru=           2=  0.9837452      0.9917290    
 lokal kner      in cell ,ru=           3=  0.0000000E+00   1.083824    
 lokal kner      in cell ,ru=           4=  0.0000000E+00  0.7553712    
 lokal kner      in cell ,ru=           5=  0.0000000E+00  0.1012917    
 lokal kner      in cell ,ru=           6=  0.0000000E+00  2.8551796E-02
:corr                                                                           
 ------------------------------------------------------------------------------
  backling =  0.0000000E+00
 ------------------------------------------------------------------------------
  number of cells =           6
          cell number    1  number of zone= 3
 << geometry characteristics >>
    geometry of cell- cilindrical index=           2
  kratnost of cell =   51.00000    
  inner radius of cell =  0.0000000E+00
  out square ratio =  0.5882000      0.1372000      0.1176000      0.0000000E+00
  0.0000000E+00  0.1586000    
 ------------------------------------------------------------------------------
 num zone      1           2           3
 radius   0.29000E+00 0.34000E+00 0.48000E+00
 temper   0.65900E+03 0.58300E+03 0.58300E+03
 rez_izot    u238        bad         bad 
 ------------------------------------------------------------------------------
    izotop   /             concentration number of izotops=69
  1 *h*      0.00000E+00 0.00000E+00 0.46688E-01
  2 *o*      0.00000E+00 0.00000E+00 0.23344E-01
  3 zr       0.00000E+00 0.43132E-01 0.00000E+00
  4 u235     0.36245E-02 0.00000E+00 0.00000E+00
  5 u238     0.20999E-01 0.00000E+00 0.00000E+00
  6 o        0.49468E-01 0.00000E+00 0.00000E+00
 12 gd55     0.21342E-09 0.00000E+00 0.00000E+00
 13 gd57     0.25132E-08 0.00000E+00 0.00000E+00
 16 pu39     0.19742E-04 0.00000E+00 0.00000E+00
 17 pu40     0.25866E-06 0.00000E+00 0.00000E+00
 18 pu41     0.17416E-07 0.00000E+00 0.00000E+00
 21 u236     0.18903E-04 0.00000E+00 0.00000E+00
 22 slag     0.30665E-04 0.00000E+00 0.00000E+00
 23 tc99     0.42857E-05 0.00000E+00 0.00000E+00
 24 rh03     0.22753E-05 0.00000E+00 0.00000E+00
 25 ag09     0.30167E-07 0.00000E+00 0.00000E+00
 26 cd13     0.53318E-08 0.00000E+00 0.00000E+00
 27 xe35     0.32918E-07 0.00000E+00 0.00000E+00
 28 sm49     0.41755E-06 0.00000E+00 0.00000E+00
 29 sm51     0.27777E-06 0.00000E+00 0.00000E+00
 30 eu55     0.19792E-07 0.00000E+00 0.00000E+00
 31 gd56     0.14945E-07 0.00000E+00 0.00000E+00
 32 np37     0.83086E-07 0.00000E+00 0.00000E+00
 33 np39     0.14856E-05 0.00000E+00 0.00000E+00
 34 pu38     0.73938E-09 0.00000E+00 0.00000E+00
 35 pu42     0.69394E-10 0.00000E+00 0.00000E+00
 36 am41     0.26930E-10 0.00000E+00 0.00000E+00
 37 am2m     0.34028E-13 0.00000E+00 0.00000E+00
 38 am43     0.43260E-12 0.00000E+00 0.00000E+00
 39 cm42     0.23848E-12 0.00000E+00 0.00000E+00
 40 cm44     0.38162E-14 0.00000E+00 0.00000E+00
 41 cm45     0.83644E-17 0.00000E+00 0.00000E+00
 46 sm52     0.21876E-06 0.00000E+00 0.00000E+00
 47 xe31     0.19337E-05 0.00000E+00 0.00000E+00
 48 cs33     0.46887E-05 0.00000E+00 0.00000E+00
 49 nd45     0.27271E-05 0.00000E+00 0.00000E+00
 50 nd43     0.40922E-05 0.00000E+00 0.00000E+00
 51 pm47     0.15462E-05 0.00000E+00 0.00000E+00
 52 mo95     0.45013E-05 0.00000E+00 0.00000E+00
 53 cs34     0.25962E-07 0.00000E+00 0.00000E+00
 54 pr41     0.40886E-05 0.00000E+00 0.00000E+00
 55 pm48     0.64660E-08 0.00000E+00 0.00000E+00
 56 pm8m     0.13772E-07 0.00000E+00 0.00000E+00
 57 rh05     0.32914E-07 0.00000E+00 0.00000E+00
 58 pm49     0.55240E-07 0.00000E+00 0.00000E+00
 59 kr83     0.36967E-06 0.00000E+00 0.00000E+00
 60 ru01     0.35473E-05 0.00000E+00 0.00000E+00
 61 pd05     0.72212E-06 0.00000E+00 0.00000E+00
 62 cs35     0.29976E-05 0.00000E+00 0.00000E+00
 63 sm50     0.36063E-06 0.00000E+00 0.00000E+00
 64 eu51     0.10234E-08 0.00000E+00 0.00000E+00
 65 eu53     0.87393E-08 0.00000E+00 0.00000E+00
 66 eu54     0.13307E-09 0.00000E+00 0.00000E+00
 67 gd54     0.37326E-12 0.00000E+00 0.00000E+00
 68 am42     0.30349E-13 0.00000E+00 0.00000E+00
 69 cm43     0.15992E-15 0.00000E+00 0.00000E+00
 ------------------------------------------------------------------------------
  number of cells =           6
          cell number    2  number of zone= 3
 << geometry characteristics >>
    geometry of cell- cilindrical index=           2
  kratnost of cell =   18.00000    
  inner radius of cell =  0.0000000E+00
  out square ratio =  0.3888000      0.3333000      0.0000000E+00  0.2222000    
  5.5500001E-02  0.0000000E+00
 ------------------------------------------------------------------------------
 num zone      4           5           6
 radius   0.29000E+00 0.34000E+00 0.48000E+00
 temper   0.59700E+03 0.58300E+03 0.58300E+03
 rez_izot    u238        bad         bad 
 ------------------------------------------------------------------------------
    izotop   /             concentration number of izotops=69
  1 *h*      0.00000E+00 0.00000E+00 0.46688E-01
  2 *o*      0.00000E+00 0.00000E+00 0.23344E-01
  3 zr       0.00000E+00 0.43132E-01 0.00000E+00
  4 u235     0.31326E-02 0.00000E+00 0.00000E+00
  5 u238     0.21493E-01 0.00000E+00 0.00000E+00
  6 o        0.49468E-01 0.00000E+00 0.00000E+00
 12 gd55     0.19972E-09 0.00000E+00 0.00000E+00
 13 gd57     0.21420E-08 0.00000E+00 0.00000E+00
 16 pu39     0.20364E-04 0.00000E+00 0.00000E+00
 17 pu40     0.30264E-06 0.00000E+00 0.00000E+00
 18 pu41     0.21786E-07 0.00000E+00 0.00000E+00
 21 u236     0.17863E-04 0.00000E+00 0.00000E+00
 22 slag     0.30151E-04 0.00000E+00 0.00000E+00
 23 tc99     0.41832E-05 0.00000E+00 0.00000E+00
 24 rh03     0.22253E-05 0.00000E+00 0.00000E+00
 25 ag09     0.30504E-07 0.00000E+00 0.00000E+00
 26 cd13     0.48499E-08 0.00000E+00 0.00000E+00
 27 xe35     0.29812E-07 0.00000E+00 0.00000E+00
 28 sm49     0.36372E-06 0.00000E+00 0.00000E+00
 29 sm51     0.26718E-06 0.00000E+00 0.00000E+00
 30 eu55     0.19119E-07 0.00000E+00 0.00000E+00
 31 gd56     0.15065E-07 0.00000E+00 0.00000E+00
 32 np37     0.81486E-07 0.00000E+00 0.00000E+00
 33 np39     0.15402E-05 0.00000E+00 0.00000E+00
 34 pu38     0.77002E-09 0.00000E+00 0.00000E+00
 35 pu42     0.99014E-10 0.00000E+00 0.00000E+00
 36 am41     0.33697E-10 0.00000E+00 0.00000E+00
 37 am2m     0.46416E-13 0.00000E+00 0.00000E+00
 38 am43     0.64752E-12 0.00000E+00 0.00000E+00
 39 cm42     0.32702E-12 0.00000E+00 0.00000E+00
 40 cm44     0.59698E-14 0.00000E+00 0.00000E+00
 41 cm45     0.13647E-16 0.00000E+00 0.00000E+00
 46 sm52     0.21840E-06 0.00000E+00 0.00000E+00
 47 xe31     0.18879E-05 0.00000E+00 0.00000E+00
 48 cs33     0.45761E-05 0.00000E+00 0.00000E+00
 49 nd45     0.26612E-05 0.00000E+00 0.00000E+00
 50 nd43     0.39897E-05 0.00000E+00 0.00000E+00
 51 pm47     0.15075E-05 0.00000E+00 0.00000E+00
 52 mo95     0.43914E-05 0.00000E+00 0.00000E+00
 53 cs34     0.26470E-07 0.00000E+00 0.00000E+00
 54 pr41     0.39920E-05 0.00000E+00 0.00000E+00
 55 pm48     0.65810E-08 0.00000E+00 0.00000E+00
 56 pm8m     0.13524E-07 0.00000E+00 0.00000E+00
 57 rh05     0.32491E-07 0.00000E+00 0.00000E+00
 58 pm49     0.54135E-07 0.00000E+00 0.00000E+00
 59 kr83     0.36038E-06 0.00000E+00 0.00000E+00
 60 ru01     0.34629E-05 0.00000E+00 0.00000E+00
 61 pd05     0.70896E-06 0.00000E+00 0.00000E+00
 62 cs35     0.27151E-05 0.00000E+00 0.00000E+00
 63 sm50     0.39746E-06 0.00000E+00 0.00000E+00
 64 eu51     0.12017E-08 0.00000E+00 0.00000E+00
 65 eu53     0.90621E-08 0.00000E+00 0.00000E+00
 66 eu54     0.14440E-09 0.00000E+00 0.00000E+00
 67 gd54     0.40441E-12 0.00000E+00 0.00000E+00
 68 am42     0.41566E-13 0.00000E+00 0.00000E+00
 69 cm43     0.22648E-15 0.00000E+00 0.00000E+00
 ------------------------------------------------------------------------------
  number of cells =           6
          cell number    3  number of zone= 3
 << geometry characteristics >>
    geometry of cell- cilindrical index=           2
  kratnost of cell =   9.000000    
  inner radius of cell =  0.0000000E+00
  out square ratio =  0.6666000      0.0000000E+00  0.0000000E+00  0.0000000E+00
  0.0000000E+00  0.3333000    
 ------------------------------------------------------------------------------
 num zone      7           8           9
 radius   0.29000E+00 0.34000E+00 0.48000E+00
 temper   0.58300E+03 0.58300E+03 0.58300E+03
 rez_izot    bad         bad         bad 
 ------------------------------------------------------------------------------
    izotop   /             concentration number of izotops=69
  1 *h*      0.00000E+00 0.00000E+00 0.46688E-01
  2 *o*      0.00000E+00 0.00000E+00 0.23344E-01
  3 zr       0.00000E+00 0.43132E-01 0.00000E+00
  6 o        0.67340E-02 0.00000E+00 0.00000E+00
 12 gd55     0.62522E-03 0.00000E+00 0.00000E+00
 13 gd57     0.62119E-03 0.00000E+00 0.00000E+00
 22 slag     0.81481E-04 0.00000E+00 0.00000E+00
 31 gd56     0.39112E-04 0.00000E+00 0.00000E+00
 ------------------------------------------------------------------------------
  number of cells =           6
          cell number    4  number of zone= 3
 << geometry characteristics >>
    geometry of cell- cilindrical index=           2
  kratnost of cell =   6.000000    
  inner radius of cell =  0.0000000E+00
  out square ratio =  0.0000000E+00  0.6666000      0.0000000E+00  0.0000000E+00
  0.3333000      0.0000000E+00
 ------------------------------------------------------------------------------
 num zone     10          11          12
 radius   0.17500E+00 0.22500E+00 0.48000E+00
 temper   0.58300E+03 0.58300E+03 0.58300E+03
 rez_izot    bad         bad         bad 
 ------------------------------------------------------------------------------
    izotop   /             concentration number of izotops=69
  1 *h*      0.00000E+00 0.00000E+00 0.46688E-01
  2 *o*      0.00000E+00 0.00000E+00 0.23344E-01
  3 zr       0.00000E+00 0.43132E-01 0.00000E+00
  6 o        0.67340E-02 0.00000E+00 0.00000E+00
 12 gd55     0.60307E-03 0.00000E+00 0.00000E+00
 13 gd57     0.54490E-03 0.00000E+00 0.00000E+00
 22 slag     0.15782E-03 0.00000E+00 0.00000E+00
 31 gd56     0.61218E-04 0.00000E+00 0.00000E+00
 ------------------------------------------------------------------------------
  number of cells =           6
          cell number    5  number of zone= 3
 << geometry characteristics >>
    geometry of cell- cilindrical index=           2
  kratnost of cell =   7.000000    
  inner radius of cell =  0.0000000E+00
  out square ratio =  0.0000000E+00  0.1428000      0.0000000E+00  0.2857000    
  0.5714000      0.0000000E+00
 ------------------------------------------------------------------------------
 num zone     13          14          15
 radius   0.29000E+00 0.34000E+00 0.48000E+00
 temper   0.58300E+03 0.30000E+03 0.58300E+03
 rez_izot    bad         bad         bad 
 ------------------------------------------------------------------------------
    izotop   /             concentration number of izotops=69
  1 *h*      0.46688E-01 0.00000E+00 0.46688E-01
  2 *o*      0.23344E-01 0.00000E+00 0.23344E-01
 14 ni       0.00000E+00 0.42200E-01 0.00000E+00
 15 cr       0.00000E+00 0.31650E-01 0.00000E+00
 ------------------------------------------------------------------------------
  number of cells =           6
          cell number    6  number of zone= 2
 << geometry characteristics >>
    geometry of cell- cilindrical index=           2
  kratnost of cell =   36.00000    
  inner radius of cell =  0.0000000E+00
  out square ratio =  0.2222000      0.0000000E+00  8.3300002E-02  0.0000000E+00
  0.0000000E+00  0.6944000    
 ------------------------------------------------------------------------------
 num zone     16          17
 radius   0.39000E+00 0.48000E+00
 temper   0.58300E+03 0.58300E+03
 rez_izot    bad         bad 
 ------------------------------------------------------------------------------
    izotop   /             concentration number of izotops=69
  1 *h*      0.00000E+00 0.46688E-01
  2 *o*      0.00000E+00 0.23344E-01
  3 zr       0.43132E-01 0.00000E+00
:burn                                                                           
 *** average burn up =   5.4028     (mbt*day)/(kg hm)
    > CONSYST Program Ver: 98.01 > started at  0: 0: 0:  
    { Manturov G., E-mail: abbn@ippe.rssi.ru}
 
       -------------------------------
 
       CONSYST INPUT DATA READ FROM : cons.dat
       CONSYST PROTOCOL STORED IN   : RESULT
       GMF X-SECTION'S FILE         : OUT
       TEMPORARY FILE               : RAB
       ABBN BASIC DATA SET FROM     : .\get-93\bin\Bnab90.lib
       ABBN MULTIC DATA SET FROM    : .\get-93\bin\Bnabmlt.lib
       ABBN THERMAL DATA SET FROM   : .\get-93\bin\BNABTHM.lib
 
    >>  K-inf(MLT)= 1.31645 Balance= 1.03475 NU= 2.71 FI-Sum=  7.19E+01
    >   Include Thermal Matrix > H(H2O):BNABTHM.BIN   Temp=  500K
    >   Include Thermal Matrix > H(H2O):BNABTHM.BIN   Temp=  600K
    >>  K-inf(MLT)= 1.23431 Balance= 1.03260 NU= 2.71 FI-Sum=  7.55E+01
    >   Include Thermal Matrix > H(H2O):BNABTHM.BIN   Temp=  500K
    >   Include Thermal Matrix > H(H2O):BNABTHM.BIN   Temp=  600K
    >   Include Thermal Matrix > H(H2O):BNABTHM.BIN   Temp=  500K
    >   Include Thermal Matrix > H(H2O):BNABTHM.BIN   Temp=  600K
    >   Include Thermal Matrix > H(H2O):BNABTHM.BIN   Temp=  500K
    >   Include Thermal Matrix > H(H2O):BNABTHM.BIN   Temp=  600K
    >   Include Thermal Matrix > H(H2O):BNABTHM.BIN   Temp=  500K
    >   Include Thermal Matrix > H(H2O):BNABTHM.BIN   Temp=  600K
    >   Include Thermal Matrix > H(H2O):BNABTHM.BIN   Temp=  500K
    >   Include Thermal Matrix > H(H2O):BNABTHM.BIN   Temp=  600K
    > CONSYST finished at  0: 0: 0:  
 therm. calculation avoided
 therm. calculation avoided
 therm. calculation avoided
 therm. calculation avoided
 therm. calculation avoided
 therm. calculation avoided
 therm. calculation avoided
 therm. calculation avoided
 *************************************************
   ***k(inf)= 1.19017     ***k(itt)= 1.22332     ***k(integ)= 1.19017    ***
   **bakl=  0.0000     **length= 0.10000E+11  ***
   **matr.  alout*alcorr a(k,i)(k=1,ncel) ***
     * 0.58820     0.13720     0.11760      0.0000      0.0000     0.15860    
     * 0.38880     0.33330      0.0000     0.22220     0.55500E-01  0.0000    
     * 0.66660      0.0000      0.0000      0.0000      0.0000     0.33330    
     *  0.0000     0.66660      0.0000      0.0000     0.33330      0.0000    
     *  0.0000     0.14280      0.0000     0.28570     0.57140      0.0000    
     * 0.22220      0.0000     0.83300E-01  0.0000      0.0000     0.69440    
 lokal kner      in cell ,ru=           1=   1.004770       1.001991    
 lokal kner      in cell ,ru=           2=  0.9864852      0.9943582    
 lokal kner      in cell ,ru=           3=  0.0000000E+00   1.042982    
 lokal kner      in cell ,ru=           4=  0.0000000E+00  0.7130410    
 lokal kner      in cell ,ru=           5=  0.0000000E+00  0.1014567    
 lokal kner      in cell ,ru=           6=  0.0000000E+00  2.8381074E-02
:corr                                                                           
 ------------------------------------------------------------------------------
  backling =  0.0000000E+00
 ------------------------------------------------------------------------------
  number of cells =           6
          cell number    1  number of zone= 3
 << geometry characteristics >>
    geometry of cell- cilindrical index=           2
  kratnost of cell =   51.00000    
  inner radius of cell =  0.0000000E+00
  out square ratio =  0.5882000      0.1372000      0.1176000      0.0000000E+00
  0.0000000E+00  0.1586000    
 ------------------------------------------------------------------------------
 num zone      1           2           3
 radius   0.29000E+00 0.34000E+00 0.48000E+00
 temper   0.65900E+03 0.58300E+03 0.58300E+03
 rez_izot    u238        bad         bad 
 ------------------------------------------------------------------------------
    izotop   /             concentration number of izotops=69
  1 *h*      0.00000E+00 0.00000E+00 0.46688E-01
  2 *o*      0.00000E+00 0.00000E+00 0.23344E-01
  3 zr       0.00000E+00 0.43132E-01 0.00000E+00
  4 u235     0.35401E-02 0.00000E+00 0.00000E+00
  5 u238     0.20973E-01 0.00000E+00 0.00000E+00
  6 o        0.49468E-01 0.00000E+00 0.00000E+00
 12 gd55     0.64237E-09 0.00000E+00 0.00000E+00
 13 gd57     0.33341E-08 0.00000E+00 0.00000E+00
 16 pu39     0.39863E-04 0.00000E+00 0.00000E+00
 17 pu40     0.10150E-05 0.00000E+00 0.00000E+00
 18 pu41     0.14011E-06 0.00000E+00 0.00000E+00
 21 u236     0.37504E-04 0.00000E+00 0.00000E+00
 22 slag     0.61685E-04 0.00000E+00 0.00000E+00
 23 tc99     0.85344E-05 0.00000E+00 0.00000E+00
 24 rh03     0.45104E-05 0.00000E+00 0.00000E+00
 25 ag09     0.69676E-07 0.00000E+00 0.00000E+00
 26 cd13     0.76434E-08 0.00000E+00 0.00000E+00
 27 xe35     0.33236E-07 0.00000E+00 0.00000E+00
 28 sm49     0.54421E-06 0.00000E+00 0.00000E+00
 29 sm51     0.50330E-06 0.00000E+00 0.00000E+00
 30 eu55     0.32381E-07 0.00000E+00 0.00000E+00
 31 gd56     0.38791E-07 0.00000E+00 0.00000E+00
 32 np37     0.32157E-06 0.00000E+00 0.00000E+00
 33 np39     0.15225E-05 0.00000E+00 0.00000E+00
 34 pu38     0.58633E-08 0.00000E+00 0.00000E+00
 35 pu42     0.11605E-08 0.00000E+00 0.00000E+00
 36 am41     0.44543E-09 0.00000E+00 0.00000E+00
 37 am2m     0.11471E-11 0.00000E+00 0.00000E+00
 38 am43     0.15292E-10 0.00000E+00 0.00000E+00
 39 cm42     0.84404E-11 0.00000E+00 0.00000E+00
 40 cm44     0.28430E-12 0.00000E+00 0.00000E+00
 41 cm45     0.12920E-14 0.00000E+00 0.00000E+00
 46 sm52     0.47654E-06 0.00000E+00 0.00000E+00
 47 xe31     0.38219E-05 0.00000E+00 0.00000E+00
 48 cs33     0.93255E-05 0.00000E+00 0.00000E+00
 49 nd45     0.54235E-05 0.00000E+00 0.00000E+00
 50 nd43     0.81282E-05 0.00000E+00 0.00000E+00
 51 pm47     0.29469E-05 0.00000E+00 0.00000E+00
 52 mo95     0.89647E-05 0.00000E+00 0.00000E+00
 53 cs34     0.10283E-06 0.00000E+00 0.00000E+00
 54 pr41     0.81688E-05 0.00000E+00 0.00000E+00
 55 pm48     0.13519E-07 0.00000E+00 0.00000E+00
 56 pm8m     0.36877E-07 0.00000E+00 0.00000E+00
 57 rh05     0.34825E-07 0.00000E+00 0.00000E+00
 58 pm49     0.56642E-07 0.00000E+00 0.00000E+00
 59 kr83     0.73383E-06 0.00000E+00 0.00000E+00
 60 ru01     0.70806E-05 0.00000E+00 0.00000E+00
 61 pd05     0.15168E-05 0.00000E+00 0.00000E+00
 62 cs35     0.60392E-05 0.00000E+00 0.00000E+00
 63 sm50     0.10807E-05 0.00000E+00 0.00000E+00
 64 eu51     0.60949E-08 0.00000E+00 0.00000E+00
 65 eu53     0.37496E-07 0.00000E+00 0.00000E+00
 66 eu54     0.11174E-08 0.00000E+00 0.00000E+00
 67 gd54     0.62050E-11 0.00000E+00 0.00000E+00
 68 am42     0.53137E-12 0.00000E+00 0.00000E+00
 69 cm43     0.11989E-13 0.00000E+00 0.00000E+00
 ------------------------------------------------------------------------------
  number of cells =           6
          cell number    2  number of zone= 3
 << geometry characteristics >>
    geometry of cell- cilindrical index=           2
  kratnost of cell =   18.00000    
  inner radius of cell =  0.0000000E+00
  out square ratio =  0.3888000      0.3333000      0.0000000E+00  0.2222000    
  5.5500001E-02  0.0000000E+00
 ------------------------------------------------------------------------------
 num zone      4           5           6
 radius   0.29000E+00 0.34000E+00 0.48000E+00
 temper   0.59700E+03 0.58300E+03 0.58300E+03
 rez_izot    u238        bad         bad 
 ------------------------------------------------------------------------------
    izotop   /             concentration number of izotops=69
  1 *h*      0.00000E+00 0.00000E+00 0.46688E-01
  2 *o*      0.00000E+00 0.00000E+00 0.23344E-01
  3 zr       0.00000E+00 0.43132E-01 0.00000E+00
  4 u235     0.30512E-02 0.00000E+00 0.00000E+00
  5 u238     0.21466E-01 0.00000E+00 0.00000E+00
  6 o        0.49468E-01 0.00000E+00 0.00000E+00
 12 gd55     0.57806E-09 0.00000E+00 0.00000E+00
 13 gd57     0.27516E-08 0.00000E+00 0.00000E+00
 16 pu39     0.40901E-04 0.00000E+00 0.00000E+00
 17 pu40     0.11807E-05 0.00000E+00 0.00000E+00
 18 pu41     0.17405E-06 0.00000E+00 0.00000E+00
 21 u236     0.35396E-04 0.00000E+00 0.00000E+00
 22 slag     0.60714E-04 0.00000E+00 0.00000E+00
 23 tc99     0.83359E-05 0.00000E+00 0.00000E+00
 24 rh03     0.44168E-05 0.00000E+00 0.00000E+00
 25 ag09     0.72181E-07 0.00000E+00 0.00000E+00
 26 cd13     0.66867E-08 0.00000E+00 0.00000E+00
 27 xe35     0.30118E-07 0.00000E+00 0.00000E+00
 28 sm49     0.44911E-06 0.00000E+00 0.00000E+00
 29 sm51     0.47740E-06 0.00000E+00 0.00000E+00
 30 eu55     0.31039E-07 0.00000E+00 0.00000E+00
 31 gd56     0.39458E-07 0.00000E+00 0.00000E+00
 32 np37     0.31508E-06 0.00000E+00 0.00000E+00
 33 np39     0.15785E-05 0.00000E+00 0.00000E+00
 34 pu38     0.61004E-08 0.00000E+00 0.00000E+00
 35 pu42     0.16498E-08 0.00000E+00 0.00000E+00
 36 am41     0.55336E-09 0.00000E+00 0.00000E+00
 37 am2m     0.15482E-11 0.00000E+00 0.00000E+00
 38 am43     0.22828E-10 0.00000E+00 0.00000E+00
 39 cm42     0.11514E-10 0.00000E+00 0.00000E+00
 40 cm44     0.44364E-12 0.00000E+00 0.00000E+00
 41 cm45     0.21011E-14 0.00000E+00 0.00000E+00
 46 sm52     0.48147E-06 0.00000E+00 0.00000E+00
 47 xe31     0.37338E-05 0.00000E+00 0.00000E+00
 48 cs33     0.91074E-05 0.00000E+00 0.00000E+00
 49 nd45     0.52943E-05 0.00000E+00 0.00000E+00
 50 nd43     0.79232E-05 0.00000E+00 0.00000E+00
 51 pm47     0.28714E-05 0.00000E+00 0.00000E+00
 52 mo95     0.87494E-05 0.00000E+00 0.00000E+00
 53 cs34     0.10491E-06 0.00000E+00 0.00000E+00
 54 pr41     0.79814E-05 0.00000E+00 0.00000E+00
 55 pm48     0.13765E-07 0.00000E+00 0.00000E+00
 56 pm8m     0.35472E-07 0.00000E+00 0.00000E+00
 57 rh05     0.34759E-07 0.00000E+00 0.00000E+00
 58 pm49     0.55805E-07 0.00000E+00 0.00000E+00
 59 kr83     0.71523E-06 0.00000E+00 0.00000E+00
 60 ru01     0.69178E-05 0.00000E+00 0.00000E+00
 61 pd05     0.14983E-05 0.00000E+00 0.00000E+00
 62 cs35     0.54702E-05 0.00000E+00 0.00000E+00
 63 sm50     0.11438E-05 0.00000E+00 0.00000E+00
 64 eu51     0.69506E-08 0.00000E+00 0.00000E+00
 65 eu53     0.39335E-07 0.00000E+00 0.00000E+00
 66 eu54     0.12206E-08 0.00000E+00 0.00000E+00
 67 gd54     0.67616E-11 0.00000E+00 0.00000E+00
 68 am42     0.72333E-12 0.00000E+00 0.00000E+00
 69 cm43     0.16889E-13 0.00000E+00 0.00000E+00
 ------------------------------------------------------------------------------
  number of cells =           6
          cell number    3  number of zone= 3
 << geometry characteristics >>
    geometry of cell- cilindrical index=           2
  kratnost of cell =   9.000000    
  inner radius of cell =  0.0000000E+00
  out square ratio =  0.6666000      0.0000000E+00  0.0000000E+00  0.0000000E+00
  0.0000000E+00  0.3333000    
 ------------------------------------------------------------------------------
 num zone      7           8           9
 radius   0.29000E+00 0.34000E+00 0.48000E+00
 temper   0.58300E+03 0.58300E+03 0.58300E+03
 rez_izot    bad         bad         bad 
 ------------------------------------------------------------------------------
    izotop   /             concentration number of izotops=69
  1 *h*      0.00000E+00 0.00000E+00 0.46688E-01
  2 *o*      0.00000E+00 0.00000E+00 0.23344E-01
  3 zr       0.00000E+00 0.43132E-01 0.00000E+00
  6 o        0.67340E-02 0.00000E+00 0.00000E+00
 12 gd55     0.58590E-03 0.00000E+00 0.00000E+00
 13 gd57     0.54269E-03 0.00000E+00 0.00000E+00
 22 slag     0.16020E-03 0.00000E+00 0.00000E+00
 31 gd56     0.78212E-04 0.00000E+00 0.00000E+00
 ------------------------------------------------------------------------------
  number of cells =           6
          cell number    4  number of zone= 3
 << geometry characteristics >>
    geometry of cell- cilindrical index=           2
  kratnost of cell =   6.000000    
  inner radius of cell =  0.0000000E+00
  out square ratio =  0.0000000E+00  0.6666000      0.0000000E+00  0.0000000E+00
  0.3333000      0.0000000E+00
 ------------------------------------------------------------------------------
 num zone     10          11          12
 radius   0.17500E+00 0.22500E+00 0.48000E+00
 temper   0.58300E+03 0.58300E+03 0.58300E+03
 rez_izot    bad         bad         bad 
 ------------------------------------------------------------------------------
    izotop   /             concentration number of izotops=69
  1 *h*      0.00000E+00 0.00000E+00 0.46688E-01
  2 *o*      0.00000E+00 0.00000E+00 0.23344E-01
  3 zr       0.00000E+00 0.43132E-01 0.00000E+00
  6 o        0.67340E-02 0.00000E+00 0.00000E+00
 12 gd55     0.53970E-03 0.00000E+00 0.00000E+00
 13 gd57     0.40051E-03 0.00000E+00 0.00000E+00
 22 slag     0.30256E-03 0.00000E+00 0.00000E+00
 31 gd56     0.12423E-03 0.00000E+00 0.00000E+00
 ------------------------------------------------------------------------------
  number of cells =           6
          cell number    5  number of zone= 3
 << geometry characteristics >>
    geometry of cell- cilindrical index=           2
  kratnost of cell =   7.000000    
  inner radius of cell =  0.0000000E+00
  out square ratio =  0.0000000E+00  0.1428000      0.0000000E+00  0.2857000    
  0.5714000      0.0000000E+00
 ------------------------------------------------------------------------------
 num zone     13          14          15
 radius   0.29000E+00 0.34000E+00 0.48000E+00
 temper   0.58300E+03 0.30000E+03 0.58300E+03
 rez_izot    bad         bad         bad 
 ------------------------------------------------------------------------------
    izotop   /             concentration number of izotops=69
  1 *h*      0.46688E-01 0.00000E+00 0.46688E-01
  2 *o*      0.23344E-01 0.00000E+00 0.23344E-01
 14 ni       0.00000E+00 0.42200E-01 0.00000E+00
 15 cr       0.00000E+00 0.31650E-01 0.00000E+00
 ------------------------------------------------------------------------------
  number of cells =           6
          cell number    6  number of zone= 2
 << geometry characteristics >>
    geometry of cell- cilindrical index=           2
  kratnost of cell =   36.00000    
  inner radius of cell =  0.0000000E+00
  out square ratio =  0.2222000      0.0000000E+00  8.3300002E-02  0.0000000E+00
  0.0000000E+00  0.6944000    
 ------------------------------------------------------------------------------
 num zone     16          17
 radius   0.39000E+00 0.48000E+00
 temper   0.58300E+03 0.58300E+03
 rez_izot    bad         bad 
 ------------------------------------------------------------------------------
    izotop   /             concentration number of izotops=69
  1 *h*      0.00000E+00 0.46688E-01
  2 *o*      0.00000E+00 0.23344E-01
  3 zr       0.43132E-01 0.00000E+00
:burn                                                                           
 *** average burn up =   8.1172     (mbt*day)/(kg hm)
    > CONSYST Program Ver: 98.01 > started at  0: 0: 0:  
    { Manturov G., E-mail: abbn@ippe.rssi.ru}
 
       -------------------------------
 
       CONSYST INPUT DATA READ FROM : cons.dat
       CONSYST PROTOCOL STORED IN   : RESULT
       GMF X-SECTION'S FILE         : OUT
       TEMPORARY FILE               : RAB
       ABBN BASIC DATA SET FROM     : .\get-93\bin\Bnab90.lib
       ABBN MULTIC DATA SET FROM    : .\get-93\bin\Bnabmlt.lib
       ABBN THERMAL DATA SET FROM   : .\get-93\bin\BNABTHM.lib
 
    >>  K-inf(MLT)= 1.30700 Balance= 1.03443 NU= 2.71 FI-Sum=  7.24E+01
    >   Include Thermal Matrix > H(H2O):BNABTHM.BIN   Temp=  500K
    >   Include Thermal Matrix > H(H2O):BNABTHM.BIN   Temp=  600K
    >>  K-inf(MLT)= 1.22402 Balance= 1.03221 NU= 2.71 FI-Sum=  7.60E+01
    >   Include Thermal Matrix > H(H2O):BNABTHM.BIN   Temp=  500K
    >   Include Thermal Matrix > H(H2O):BNABTHM.BIN   Temp=  600K
    >   Include Thermal Matrix > H(H2O):BNABTHM.BIN   Temp=  500K
    >   Include Thermal Matrix > H(H2O):BNABTHM.BIN   Temp=  600K
    >   Include Thermal Matrix > H(H2O):BNABTHM.BIN   Temp=  500K
    >   Include Thermal Matrix > H(H2O):BNABTHM.BIN   Temp=  600K
    >   Include Thermal Matrix > H(H2O):BNABTHM.BIN   Temp=  500K
    >   Include Thermal Matrix > H(H2O):BNABTHM.BIN   Temp=  600K
    >   Include Thermal Matrix > H(H2O):BNABTHM.BIN   Temp=  500K
    >   Include Thermal Matrix > H(H2O):BNABTHM.BIN   Temp=  600K
    > CONSYST finished at  0: 0: 0:  
 therm. calculation avoided
 therm. calculation avoided
 therm. calculation avoided
 therm. calculation avoided
 therm. calculation avoided
 therm. calculation avoided
 therm. calculation avoided
 therm. calculation avoided
 *************************************************
   ***k(inf)= 1.18693     ***k(itt)= 1.22001     ***k(integ)= 1.18693    ***
   **bakl=  0.0000     **length= 0.10000E+11  ***
   **matr.  alout*alcorr a(k,i)(k=1,ncel) ***
     * 0.58820     0.13720     0.11760      0.0000      0.0000     0.15860    
     * 0.38880     0.33330      0.0000     0.22220     0.55500E-01  0.0000    
     * 0.66660      0.0000      0.0000      0.0000      0.0000     0.33330    
     *  0.0000     0.66660      0.0000      0.0000     0.33330      0.0000    
     *  0.0000     0.14280      0.0000     0.28570     0.57140      0.0000    
     * 0.22220      0.0000     0.83300E-01  0.0000      0.0000     0.69440    
 lokal kner      in cell ,ru=           1=   1.003744       1.000979    
 lokal kner      in cell ,ru=           2=  0.9893927      0.9972251    
 lokal kner      in cell ,ru=           3=  0.0000000E+00   1.002973    
 lokal kner      in cell ,ru=           4=  0.0000000E+00  0.6663452    
 lokal kner      in cell ,ru=           5=  0.0000000E+00  0.1017949    
 lokal kner      in cell ,ru=           6=  0.0000000E+00  2.8227700E-02
:corr                                                                           
 ------------------------------------------------------------------------------
  backling =  0.0000000E+00
 ------------------------------------------------------------------------------
  number of cells =           6
          cell number    1  number of zone= 3
 << geometry characteristics >>
    geometry of cell- cilindrical index=           2
  kratnost of cell =   51.00000    
  inner radius of cell =  0.0000000E+00
  out square ratio =  0.5882000      0.1372000      0.1176000      0.0000000E+00
  0.0000000E+00  0.1586000    
 ------------------------------------------------------------------------------
 num zone      1           2           3
 radius   0.29000E+00 0.34000E+00 0.48000E+00
 temper   0.65900E+03 0.58300E+03 0.58300E+03
 rez_izot    u238        bad         bad 
 ------------------------------------------------------------------------------
    izotop   /             concentration number of izotops=69
  1 *h*      0.00000E+00 0.00000E+00 0.46688E-01
  2 *o*      0.00000E+00 0.00000E+00 0.23344E-01
  3 zr       0.00000E+00 0.43132E-01 0.00000E+00
  4 u235     0.34571E-02 0.00000E+00 0.00000E+00
  5 u238     0.20948E-01 0.00000E+00 0.00000E+00
  6 o        0.49468E-01 0.00000E+00 0.00000E+00
 12 gd55     0.11026E-08 0.00000E+00 0.00000E+00
 13 gd57     0.37931E-08 0.00000E+00 0.00000E+00
 16 pu39     0.58667E-04 0.00000E+00 0.00000E+00
 17 pu40     0.21447E-05 0.00000E+00 0.00000E+00
 18 pu41     0.44296E-06 0.00000E+00 0.00000E+00
 21 u236     0.55674E-04 0.00000E+00 0.00000E+00
 22 slag     0.93025E-04 0.00000E+00 0.00000E+00
 23 tc99     0.12741E-04 0.00000E+00 0.00000E+00
 24 rh03     0.67003E-05 0.00000E+00 0.00000E+00
 25 ag09     0.11760E-06 0.00000E+00 0.00000E+00
 26 cd13     0.88176E-08 0.00000E+00 0.00000E+00
 27 xe35     0.33142E-07 0.00000E+00 0.00000E+00
 28 sm49     0.58093E-06 0.00000E+00 0.00000E+00
 29 sm51     0.68550E-06 0.00000E+00 0.00000E+00
 30 eu55     0.40827E-07 0.00000E+00 0.00000E+00
 31 gd56     0.68586E-07 0.00000E+00 0.00000E+00
 32 np37     0.69628E-06 0.00000E+00 0.00000E+00
 33 np39     0.15341E-05 0.00000E+00 0.00000E+00
 34 pu38     0.19336E-07 0.00000E+00 0.00000E+00
 35 pu42     0.56499E-08 0.00000E+00 0.00000E+00
 36 am41     0.21480E-08 0.00000E+00 0.00000E+00
 37 am2m     0.82532E-11 0.00000E+00 0.00000E+00
 38 am43     0.11463E-09 0.00000E+00 0.00000E+00
 39 cm42     0.61713E-10 0.00000E+00 0.00000E+00
 40 cm44     0.32669E-11 0.00000E+00 0.00000E+00
 41 cm45     0.22535E-13 0.00000E+00 0.00000E+00
 46 sm52     0.76055E-06 0.00000E+00 0.00000E+00
 47 xe31     0.56624E-05 0.00000E+00 0.00000E+00
 48 cs33     0.13905E-04 0.00000E+00 0.00000E+00
 49 nd45     0.80857E-05 0.00000E+00 0.00000E+00
 50 nd43     0.12104E-04 0.00000E+00 0.00000E+00
 51 pm47     0.42152E-05 0.00000E+00 0.00000E+00
 52 mo95     0.13385E-04 0.00000E+00 0.00000E+00
 53 cs34     0.22693E-06 0.00000E+00 0.00000E+00
 54 pr41     0.12235E-04 0.00000E+00 0.00000E+00
 55 pm48     0.19729E-07 0.00000E+00 0.00000E+00
 56 pm8m     0.59254E-07 0.00000E+00 0.00000E+00
 57 rh05     0.36522E-07 0.00000E+00 0.00000E+00
 58 pm49     0.57920E-07 0.00000E+00 0.00000E+00
 59 kr83     0.10921E-05 0.00000E+00 0.00000E+00
 60 ru01     0.10595E-04 0.00000E+00 0.00000E+00
 61 pd05     0.23495E-05 0.00000E+00 0.00000E+00
 62 cs35     0.90655E-05 0.00000E+00 0.00000E+00
 63 sm50     0.19049E-05 0.00000E+00 0.00000E+00
 64 eu51     0.15835E-07 0.00000E+00 0.00000E+00
 65 eu53     0.88406E-07 0.00000E+00 0.00000E+00
 66 eu54     0.38622E-08 0.00000E+00 0.00000E+00
 67 gd54     0.32190E-10 0.00000E+00 0.00000E+00
 68 am42     0.26075E-11 0.00000E+00 0.00000E+00
 69 cm43     0.13477E-12 0.00000E+00 0.00000E+00
 ------------------------------------------------------------------------------
  number of cells =           6
          cell number    2  number of zone= 3
 << geometry characteristics >>
    geometry of cell- cilindrical index=           2
  kratnost of cell =   18.00000    
  inner radius of cell =  0.0000000E+00
  out square ratio =  0.3888000      0.3333000      0.0000000E+00  0.2222000    
  5.5500001E-02  0.0000000E+00
 ------------------------------------------------------------------------------
 num zone      4           5           6
 radius   0.29000E+00 0.34000E+00 0.48000E+00
 temper   0.59700E+03 0.58300E+03 0.58300E+03
 rez_izot    u238        bad         bad 
 ------------------------------------------------------------------------------
    izotop   /             concentration number of izotops=69
  1 *h*      0.00000E+00 0.00000E+00 0.46688E-01
  2 *o*      0.00000E+00 0.00000E+00 0.23344E-01
  3 zr       0.00000E+00 0.43132E-01 0.00000E+00
  4 u235     0.29710E-02 0.00000E+00 0.00000E+00
  5 u238     0.21440E-01 0.00000E+00 0.00000E+00
  6 o        0.49468E-01 0.00000E+00 0.00000E+00
 12 gd55     0.95843E-09 0.00000E+00 0.00000E+00
 13 gd57     0.31243E-08 0.00000E+00 0.00000E+00
 16 pu39     0.59875E-04 0.00000E+00 0.00000E+00
 17 pu40     0.24822E-05 0.00000E+00 0.00000E+00
 18 pu41     0.54739E-06 0.00000E+00 0.00000E+00
 21 u236     0.52501E-04 0.00000E+00 0.00000E+00
 22 slag     0.91702E-04 0.00000E+00 0.00000E+00
 23 tc99     0.12459E-04 0.00000E+00 0.00000E+00
 24 rh03     0.65718E-05 0.00000E+00 0.00000E+00
 25 ag09     0.12398E-06 0.00000E+00 0.00000E+00
 26 cd13     0.75812E-08 0.00000E+00 0.00000E+00
 27 xe35     0.30052E-07 0.00000E+00 0.00000E+00
 28 sm49     0.46986E-06 0.00000E+00 0.00000E+00
 29 sm51     0.64204E-06 0.00000E+00 0.00000E+00
 30 eu55     0.39044E-07 0.00000E+00 0.00000E+00
 31 gd56     0.70063E-07 0.00000E+00 0.00000E+00
 32 np37     0.68176E-06 0.00000E+00 0.00000E+00
 33 np39     0.15912E-05 0.00000E+00 0.00000E+00
 34 pu38     0.20110E-07 0.00000E+00 0.00000E+00
 35 pu42     0.80205E-08 0.00000E+00 0.00000E+00
 36 am41     0.26522E-08 0.00000E+00 0.00000E+00
 37 am2m     0.11035E-10 0.00000E+00 0.00000E+00
 38 am43     0.17089E-09 0.00000E+00 0.00000E+00
 39 cm42     0.83868E-10 0.00000E+00 0.00000E+00
 40 cm44     0.50898E-11 0.00000E+00 0.00000E+00
 41 cm45     0.36551E-13 0.00000E+00 0.00000E+00
 46 sm52     0.77408E-06 0.00000E+00 0.00000E+00
 47 xe31     0.55383E-05 0.00000E+00 0.00000E+00
 48 cs33     0.13595E-04 0.00000E+00 0.00000E+00
 49 nd45     0.79000E-05 0.00000E+00 0.00000E+00
 50 nd43     0.11802E-04 0.00000E+00 0.00000E+00
 51 pm47     0.41071E-05 0.00000E+00 0.00000E+00
 52 mo95     0.13076E-04 0.00000E+00 0.00000E+00
 53 cs34     0.23173E-06 0.00000E+00 0.00000E+00
 54 pr41     0.11968E-04 0.00000E+00 0.00000E+00
 55 pm48     0.20108E-07 0.00000E+00 0.00000E+00
 56 pm8m     0.56300E-07 0.00000E+00 0.00000E+00
 57 rh05     0.36836E-07 0.00000E+00 0.00000E+00
 58 pm49     0.57414E-07 0.00000E+00 0.00000E+00
 59 kr83     0.10648E-05 0.00000E+00 0.00000E+00
 60 ru01     0.10365E-04 0.00000E+00 0.00000E+00
 61 pd05     0.23348E-05 0.00000E+00 0.00000E+00
 62 cs35     0.82135E-05 0.00000E+00 0.00000E+00
 63 sm50     0.19734E-05 0.00000E+00 0.00000E+00
 64 eu51     0.17622E-07 0.00000E+00 0.00000E+00
 65 eu53     0.93498E-07 0.00000E+00 0.00000E+00
 66 eu54     0.42378E-08 0.00000E+00 0.00000E+00
 67 gd54     0.35228E-10 0.00000E+00 0.00000E+00
 68 am42     0.35346E-11 0.00000E+00 0.00000E+00
 69 cm43     0.18908E-12 0.00000E+00 0.00000E+00
 ------------------------------------------------------------------------------
  number of cells =           6
          cell number    3  number of zone= 3
 << geometry characteristics >>
    geometry of cell- cilindrical index=           2
  kratnost of cell =   9.000000    
  inner radius of cell =  0.0000000E+00
  out square ratio =  0.6666000      0.0000000E+00  0.0000000E+00  0.0000000E+00
  0.0000000E+00  0.3333000    
 ------------------------------------------------------------------------------
 num zone      7           8           9
 radius   0.29000E+00 0.34000E+00 0.48000E+00
 temper   0.58300E+03 0.58300E+03 0.58300E+03
 rez_izot    bad         bad         bad 
 ------------------------------------------------------------------------------
    izotop   /             concentration number of izotops=69
  1 *h*      0.00000E+00 0.00000E+00 0.46688E-01
  2 *o*      0.00000E+00 0.00000E+00 0.23344E-01
  3 zr       0.00000E+00 0.43132E-01 0.00000E+00
  6 o        0.67340E-02 0.00000E+00 0.00000E+00
 12 gd55     0.54689E-03 0.00000E+00 0.00000E+00
 13 gd57     0.46774E-03 0.00000E+00 0.00000E+00
 22 slag     0.23551E-03 0.00000E+00 0.00000E+00
 31 gd56     0.11686E-03 0.00000E+00 0.00000E+00
 ------------------------------------------------------------------------------
  number of cells =           6
          cell number    4  number of zone= 3
 << geometry characteristics >>
    geometry of cell- cilindrical index=           2
  kratnost of cell =   6.000000    
  inner radius of cell =  0.0000000E+00
  out square ratio =  0.0000000E+00  0.6666000      0.0000000E+00  0.0000000E+00
  0.3333000      0.0000000E+00
 ------------------------------------------------------------------------------
 num zone     10          11          12
 radius   0.17500E+00 0.22500E+00 0.48000E+00
 temper   0.58300E+03 0.58300E+03 0.58300E+03
 rez_izot    bad         bad         bad 
 ------------------------------------------------------------------------------
    izotop   /             concentration number of izotops=69
  1 *h*      0.00000E+00 0.00000E+00 0.46688E-01
  2 *o*      0.00000E+00 0.00000E+00 0.23344E-01
  3 zr       0.00000E+00 0.43132E-01 0.00000E+00
  6 o        0.67340E-02 0.00000E+00 0.00000E+00
 12 gd55     0.47413E-03 0.00000E+00 0.00000E+00
 13 gd57     0.27300E-03 0.00000E+00 0.00000E+00
 22 slag     0.43068E-03 0.00000E+00 0.00000E+00
 31 gd56     0.18919E-03 0.00000E+00 0.00000E+00
 ------------------------------------------------------------------------------
  number of cells =           6
          cell number    5  number of zone= 3
 << geometry characteristics >>
    geometry of cell- cilindrical index=           2
  kratnost of cell =   7.000000    
  inner radius of cell =  0.0000000E+00
  out square ratio =  0.0000000E+00  0.1428000      0.0000000E+00  0.2857000    
  0.5714000      0.0000000E+00
 ------------------------------------------------------------------------------
 num zone     13          14          15
 radius   0.29000E+00 0.34000E+00 0.48000E+00
 temper   0.58300E+03 0.30000E+03 0.58300E+03
 rez_izot    bad         bad         bad 
 ------------------------------------------------------------------------------
    izotop   /             concentration number of izotops=69
  1 *h*      0.46688E-01 0.00000E+00 0.46688E-01
  2 *o*      0.23344E-01 0.00000E+00 0.23344E-01
 14 ni       0.00000E+00 0.42200E-01 0.00000E+00
 15 cr       0.00000E+00 0.31650E-01 0.00000E+00
 ------------------------------------------------------------------------------
  number of cells =           6
          cell number    6  number of zone= 2
 << geometry characteristics >>
    geometry of cell- cilindrical index=           2
  kratnost of cell =   36.00000    
  inner radius of cell =  0.0000000E+00
  out square ratio =  0.2222000      0.0000000E+00  8.3300002E-02  0.0000000E+00
  0.0000000E+00  0.6944000    
 ------------------------------------------------------------------------------
 num zone     16          17
 radius   0.39000E+00 0.48000E+00
 temper   0.58300E+03 0.58300E+03
 rez_izot    bad         bad 
 ------------------------------------------------------------------------------
    izotop   /             concentration number of izotops=69
  1 *h*      0.00000E+00 0.46688E-01
  2 *o*      0.00000E+00 0.23344E-01
  3 zr       0.43132E-01 0.00000E+00
:burn                                                                           
 *** average burn up =   10.839     (mbt*day)/(kg hm)
    > CONSYST Program Ver: 98.01 > started at  0: 0: 0:  
    { Manturov G., E-mail: abbn@ippe.rssi.ru}
 
       -------------------------------
 
       CONSYST INPUT DATA READ FROM : cons.dat
       CONSYST PROTOCOL STORED IN   : RESULT
       GMF X-SECTION'S FILE         : OUT
       TEMPORARY FILE               : RAB
       ABBN BASIC DATA SET FROM     : .\get-93\bin\Bnab90.lib
       ABBN MULTIC DATA SET FROM    : .\get-93\bin\Bnabmlt.lib
       ABBN THERMAL DATA SET FROM   : .\get-93\bin\BNABTHM.lib
 
    >>  K-inf(MLT)= 1.29739 Balance= 1.03410 NU= 2.71 FI-Sum=  7.28E+01
    >   Include Thermal Matrix > H(H2O):BNABTHM.BIN   Temp=  500K
    >   Include Thermal Matrix > H(H2O):BNABTHM.BIN   Temp=  600K
    >>  K-inf(MLT)= 1.21351 Balance= 1.03182 NU= 2.71 FI-Sum=  7.65E+01
    >   Include Thermal Matrix > H(H2O):BNABTHM.BIN   Temp=  500K
    >   Include Thermal Matrix > H(H2O):BNABTHM.BIN   Temp=  600K
    >   Include Thermal Matrix > H(H2O):BNABTHM.BIN   Temp=  500K
    >   Include Thermal Matrix > H(H2O):BNABTHM.BIN   Temp=  600K
    >   Include Thermal Matrix > H(H2O):BNABTHM.BIN   Temp=  500K
    >   Include Thermal Matrix > H(H2O):BNABTHM.BIN   Temp=  600K
    >   Include Thermal Matrix > H(H2O):BNABTHM.BIN   Temp=  500K
    >   Include Thermal Matrix > H(H2O):BNABTHM.BIN   Temp=  600K
    >   Include Thermal Matrix > H(H2O):BNABTHM.BIN   Temp=  500K
    >   Include Thermal Matrix > H(H2O):BNABTHM.BIN   Temp=  600K
    > CONSYST finished at  0: 0: 0:  
 therm. calculation avoided
 therm. calculation avoided
 therm. calculation avoided
 therm. calculation avoided
 therm. calculation avoided
 therm. calculation avoided
 therm. calculation avoided
 therm. calculation avoided
 *************************************************
   ***k(inf)= 1.18511     ***k(itt)= 1.21816     ***k(integ)= 1.18511    ***
   **bakl=  0.0000     **length= 0.10000E+11  ***
   **matr.  alout*alcorr a(k,i)(k=1,ncel) ***
     * 0.58820     0.13720     0.11760      0.0000      0.0000     0.15860    
     * 0.38880     0.33330      0.0000     0.22220     0.55500E-01  0.0000    
     * 0.66660      0.0000      0.0000      0.0000      0.0000     0.33330    
     *  0.0000     0.66660      0.0000      0.0000     0.33330      0.0000    
     *  0.0000     0.14280      0.0000     0.28570     0.57140      0.0000    
     * 0.22220      0.0000     0.83300E-01  0.0000      0.0000     0.69440    
 lokal kner      in cell ,ru=           1=   1.002600      0.9998691    
 lokal kner      in cell ,ru=           2=  0.9926339       1.000371    
 lokal kner      in cell ,ru=           3=  0.0000000E+00  0.9630734    
 lokal kner      in cell ,ru=           4=  0.0000000E+00  0.6125003    
 lokal kner      in cell ,ru=           5=  0.0000000E+00  0.1022776    
 lokal kner      in cell ,ru=           6=  0.0000000E+00  2.8083492E-02
:corr                                                                           
 ------------------------------------------------------------------------------
  backling =  0.0000000E+00
 ------------------------------------------------------------------------------
  number of cells =           6
          cell number    1  number of zone= 3
 << geometry characteristics >>
    geometry of cell- cilindrical index=           2
  kratnost of cell =   51.00000    
  inner radius of cell =  0.0000000E+00
  out square ratio =  0.5882000      0.1372000      0.1176000      0.0000000E+00
  0.0000000E+00  0.1586000    
 ------------------------------------------------------------------------------
 num zone      1           2           3
 radius   0.29000E+00 0.34000E+00 0.48000E+00
 temper   0.65900E+03 0.58300E+03 0.58300E+03
 rez_izot    u238        bad         bad 
 ------------------------------------------------------------------------------
    izotop   /             concentration number of izotops=69
  1 *h*      0.00000E+00 0.00000E+00 0.46688E-01
  2 *o*      0.00000E+00 0.00000E+00 0.23344E-01
  3 zr       0.00000E+00 0.43132E-01 0.00000E+00
  4 u235     0.33754E-02 0.00000E+00 0.00000E+00
  5 u238     0.20922E-01 0.00000E+00 0.00000E+00
  6 o        0.49468E-01 0.00000E+00 0.00000E+00
 12 gd55     0.15200E-08 0.00000E+00 0.00000E+00
 13 gd57     0.41640E-08 0.00000E+00 0.00000E+00
 16 pu39     0.76203E-04 0.00000E+00 0.00000E+00
 17 pu40     0.35376E-05 0.00000E+00 0.00000E+00
 18 pu41     0.98105E-06 0.00000E+00 0.00000E+00
 21 u236     0.73425E-04 0.00000E+00 0.00000E+00
 22 slag     0.12468E-03 0.00000E+00 0.00000E+00
 23 tc99     0.16906E-04 0.00000E+00 0.00000E+00
 24 rh03     0.88442E-05 0.00000E+00 0.00000E+00
 25 ag09     0.17317E-06 0.00000E+00 0.00000E+00
 26 cd13     0.95551E-08 0.00000E+00 0.00000E+00
 27 xe35     0.32996E-07 0.00000E+00 0.00000E+00
 28 sm49     0.59376E-06 0.00000E+00 0.00000E+00
 29 sm51     0.83231E-06 0.00000E+00 0.00000E+00
 30 eu55     0.46997E-07 0.00000E+00 0.00000E+00
 31 gd56     0.10265E-06 0.00000E+00 0.00000E+00
 32 np37     0.11915E-05 0.00000E+00 0.00000E+00
 33 np39     0.15437E-05 0.00000E+00 0.00000E+00
 34 pu38     0.44650E-07 0.00000E+00 0.00000E+00
 35 pu42     0.16915E-07 0.00000E+00 0.00000E+00
 36 am41     0.63640E-08 0.00000E+00 0.00000E+00
 37 am2m     0.32119E-10 0.00000E+00 0.00000E+00
 38 am43     0.46463E-09 0.00000E+00 0.00000E+00
 39 cm42     0.24215E-09 0.00000E+00 0.00000E+00
 40 cm44     0.17886E-10 0.00000E+00 0.00000E+00
 41 cm45     0.16550E-12 0.00000E+00 0.00000E+00
 46 sm52     0.10609E-05 0.00000E+00 0.00000E+00
 47 xe31     0.74560E-05 0.00000E+00 0.00000E+00
 48 cs33     0.18427E-04 0.00000E+00 0.00000E+00
 49 nd45     0.10714E-04 0.00000E+00 0.00000E+00
 50 nd43     0.16019E-04 0.00000E+00 0.00000E+00
 51 pm47     0.53644E-05 0.00000E+00 0.00000E+00
 52 mo95     0.17763E-04 0.00000E+00 0.00000E+00
 53 cs34     0.39504E-06 0.00000E+00 0.00000E+00
 54 pr41     0.16286E-04 0.00000E+00 0.00000E+00
 55 pm48     0.25269E-07 0.00000E+00 0.00000E+00
 56 pm8m     0.79391E-07 0.00000E+00 0.00000E+00
 57 rh05     0.38126E-07 0.00000E+00 0.00000E+00
 58 pm49     0.59091E-07 0.00000E+00 0.00000E+00
 59 kr83     0.14447E-05 0.00000E+00 0.00000E+00
 60 ru01     0.14090E-04 0.00000E+00 0.00000E+00
 61 pd05     0.32175E-05 0.00000E+00 0.00000E+00
 62 cs35     0.12071E-04 0.00000E+00 0.00000E+00
 63 sm50     0.27652E-05 0.00000E+00 0.00000E+00
 64 eu51     0.29840E-07 0.00000E+00 0.00000E+00
 65 eu53     0.16262E-06 0.00000E+00 0.00000E+00
 66 eu54     0.92724E-08 0.00000E+00 0.00000E+00
 67 gd54     0.10326E-09 0.00000E+00 0.00000E+00
 68 am42     0.78032E-11 0.00000E+00 0.00000E+00
 69 cm43     0.71608E-12 0.00000E+00 0.00000E+00
 ------------------------------------------------------------------------------
  number of cells =           6
          cell number    2  number of zone= 3
 << geometry characteristics >>
    geometry of cell- cilindrical index=           2
  kratnost of cell =   18.00000    
  inner radius of cell =  0.0000000E+00
  out square ratio =  0.3888000      0.3333000      0.0000000E+00  0.2222000    
  5.5500001E-02  0.0000000E+00
 ------------------------------------------------------------------------------
 num zone      4           5           6
 radius   0.29000E+00 0.34000E+00 0.48000E+00
 temper   0.59700E+03 0.58300E+03 0.58300E+03
 rez_izot    u238        bad         bad 
 ------------------------------------------------------------------------------
    izotop   /             concentration number of izotops=69
  1 *h*      0.00000E+00 0.00000E+00 0.46688E-01
  2 *o*      0.00000E+00 0.00000E+00 0.23344E-01
  3 zr       0.00000E+00 0.43132E-01 0.00000E+00
  4 u235     0.28921E-02 0.00000E+00 0.00000E+00
  5 u238     0.21413E-01 0.00000E+00 0.00000E+00
  6 o        0.49468E-01 0.00000E+00 0.00000E+00
 12 gd55     0.12833E-08 0.00000E+00 0.00000E+00
 13 gd57     0.34433E-08 0.00000E+00 0.00000E+00
 16 pu39     0.77354E-04 0.00000E+00 0.00000E+00
 17 pu40     0.40799E-05 0.00000E+00 0.00000E+00
 18 pu41     0.12014E-05 0.00000E+00 0.00000E+00
 21 u236     0.69195E-04 0.00000E+00 0.00000E+00
 22 slag     0.12311E-03 0.00000E+00 0.00000E+00
 23 tc99     0.16554E-04 0.00000E+00 0.00000E+00
 24 rh03     0.86898E-05 0.00000E+00 0.00000E+00
 25 ag09     0.18502E-06 0.00000E+00 0.00000E+00
 26 cd13     0.81610E-08 0.00000E+00 0.00000E+00
 27 xe35     0.29936E-07 0.00000E+00 0.00000E+00
 28 sm49     0.47705E-06 0.00000E+00 0.00000E+00
 29 sm51     0.77051E-06 0.00000E+00 0.00000E+00
 30 eu55     0.45045E-07 0.00000E+00 0.00000E+00
 31 gd56     0.10521E-06 0.00000E+00 0.00000E+00
 32 np37     0.11659E-05 0.00000E+00 0.00000E+00
 33 np39     0.16020E-05 0.00000E+00 0.00000E+00
 34 pu38     0.46424E-07 0.00000E+00 0.00000E+00
 35 pu42     0.23953E-07 0.00000E+00 0.00000E+00
 36 am41     0.77982E-08 0.00000E+00 0.00000E+00
 37 am2m     0.42524E-10 0.00000E+00 0.00000E+00
 38 am43     0.69185E-09 0.00000E+00 0.00000E+00
 39 cm42     0.32780E-09 0.00000E+00 0.00000E+00
 40 cm44     0.27838E-10 0.00000E+00 0.00000E+00
 41 cm45     0.26789E-12 0.00000E+00 0.00000E+00
 46 sm52     0.10846E-05 0.00000E+00 0.00000E+00
 47 xe31     0.73022E-05 0.00000E+00 0.00000E+00
 48 cs33     0.18040E-04 0.00000E+00 0.00000E+00
 49 nd45     0.10479E-04 0.00000E+00 0.00000E+00
 50 nd43     0.15627E-04 0.00000E+00 0.00000E+00
 51 pm47     0.52279E-05 0.00000E+00 0.00000E+00
 52 mo95     0.17372E-04 0.00000E+00 0.00000E+00
 53 cs34     0.40383E-06 0.00000E+00 0.00000E+00
 54 pr41     0.15953E-04 0.00000E+00 0.00000E+00
 55 pm48     0.25790E-07 0.00000E+00 0.00000E+00
 56 pm8m     0.74813E-07 0.00000E+00 0.00000E+00
 57 rh05     0.38817E-07 0.00000E+00 0.00000E+00
 58 pm49     0.58926E-07 0.00000E+00 0.00000E+00
 59 kr83     0.14092E-05 0.00000E+00 0.00000E+00
 60 ru01     0.13804E-04 0.00000E+00 0.00000E+00
 61 pd05     0.32157E-05 0.00000E+00 0.00000E+00
 62 cs35     0.10940E-04 0.00000E+00 0.00000E+00
 63 sm50     0.28337E-05 0.00000E+00 0.00000E+00
 64 eu51     0.32609E-07 0.00000E+00 0.00000E+00
 65 eu53     0.17298E-06 0.00000E+00 0.00000E+00
 66 eu54     0.10201E-07 0.00000E+00 0.00000E+00
 67 gd54     0.11334E-09 0.00000E+00 0.00000E+00
 68 am42     0.10521E-10 0.00000E+00 0.00000E+00
 69 cm43     0.10010E-11 0.00000E+00 0.00000E+00
 ------------------------------------------------------------------------------
  number of cells =           6
          cell number    3  number of zone= 3
 << geometry characteristics >>
    geometry of cell- cilindrical index=           2
  kratnost of cell =   9.000000    
  inner radius of cell =  0.0000000E+00
  out square ratio =  0.6666000      0.0000000E+00  0.0000000E+00  0.0000000E+00
  0.0000000E+00  0.3333000    
 ------------------------------------------------------------------------------
 num zone      7           8           9
 radius   0.29000E+00 0.34000E+00 0.48000E+00
 temper   0.58300E+03 0.58300E+03 0.58300E+03
 rez_izot    bad         bad         bad 
 ------------------------------------------------------------------------------
    izotop   /             concentration number of izotops=69
  1 *h*      0.00000E+00 0.00000E+00 0.46688E-01
  2 *o*      0.00000E+00 0.00000E+00 0.23344E-01
  3 zr       0.00000E+00 0.43132E-01 0.00000E+00
  6 o        0.67340E-02 0.00000E+00 0.00000E+00
 12 gd55     0.50813E-03 0.00000E+00 0.00000E+00
 13 gd57     0.39663E-03 0.00000E+00 0.00000E+00
 22 slag     0.30714E-03 0.00000E+00 0.00000E+00
 31 gd56     0.15511E-03 0.00000E+00 0.00000E+00
 ------------------------------------------------------------------------------
  number of cells =           6
          cell number    4  number of zone= 3
 << geometry characteristics >>
    geometry of cell- cilindrical index=           2
  kratnost of cell =   6.000000    
  inner radius of cell =  0.0000000E+00
  out square ratio =  0.0000000E+00  0.6666000      0.0000000E+00  0.0000000E+00
  0.3333000      0.0000000E+00
 ------------------------------------------------------------------------------
 num zone     10          11          12
 radius   0.17500E+00 0.22500E+00 0.48000E+00
 temper   0.58300E+03 0.58300E+03 0.58300E+03
 rez_izot    bad         bad         bad 
 ------------------------------------------------------------------------------
    izotop   /             concentration number of izotops=69
  1 *h*      0.00000E+00 0.00000E+00 0.46688E-01
  2 *o*      0.00000E+00 0.00000E+00 0.23344E-01
  3 zr       0.00000E+00 0.43132E-01 0.00000E+00
  6 o        0.67340E-02 0.00000E+00 0.00000E+00
 12 gd55     0.40527E-03 0.00000E+00 0.00000E+00
 13 gd57     0.16615E-03 0.00000E+00 0.00000E+00
 22 slag     0.53840E-03 0.00000E+00 0.00000E+00
 31 gd56     0.25718E-03 0.00000E+00 0.00000E+00
 ------------------------------------------------------------------------------
  number of cells =           6
          cell number    5  number of zone= 3
 << geometry characteristics >>
    geometry of cell- cilindrical index=           2
  kratnost of cell =   7.000000    
  inner radius of cell =  0.0000000E+00
  out square ratio =  0.0000000E+00  0.1428000      0.0000000E+00  0.2857000    
  0.5714000      0.0000000E+00
 ------------------------------------------------------------------------------
 num zone     13          14          15
 radius   0.29000E+00 0.34000E+00 0.48000E+00
 temper   0.58300E+03 0.30000E+03 0.58300E+03
 rez_izot    bad         bad         bad 
 ------------------------------------------------------------------------------
    izotop   /             concentration number of izotops=69
  1 *h*      0.46688E-01 0.00000E+00 0.46688E-01
  2 *o*      0.23344E-01 0.00000E+00 0.23344E-01
 14 ni       0.00000E+00 0.42200E-01 0.00000E+00
 15 cr       0.00000E+00 0.31650E-01 0.00000E+00
 ------------------------------------------------------------------------------
  number of cells =           6
          cell number    6  number of zone= 2
 << geometry characteristics >>
    geometry of cell- cilindrical index=           2
  kratnost of cell =   36.00000    
  inner radius of cell =  0.0000000E+00
  out square ratio =  0.2222000      0.0000000E+00  8.3300002E-02  0.0000000E+00
  0.0000000E+00  0.6944000    
 ------------------------------------------------------------------------------
 num zone     16          17
 radius   0.39000E+00 0.48000E+00
 temper   0.58300E+03 0.58300E+03
 rez_izot    bad         bad 
 ------------------------------------------------------------------------------
    izotop   /             concentration number of izotops=69
  1 *h*      0.00000E+00 0.46688E-01
  2 *o*      0.00000E+00 0.23344E-01
  3 zr       0.43132E-01 0.00000E+00
:corr                                                                           
 ------------------------------------------------------------------------------
  backling =  0.0000000E+00
 ------------------------------------------------------------------------------
  number of cells =           6
          cell number    1  number of zone= 3
 << geometry characteristics >>
    geometry of cell- cilindrical index=           2
  kratnost of cell =   51.00000    
  inner radius of cell =  0.0000000E+00
  out square ratio =  0.5882000      0.1372000      0.1176000      0.0000000E+00
  0.0000000E+00  0.1586000    
 ------------------------------------------------------------------------------
 num zone      1           2           3
 radius   0.29000E+00 0.34000E+00 0.48000E+00
 temper   0.65900E+03 0.58300E+03 0.58300E+03
 rez_izot    u238        bad         bad 
 ------------------------------------------------------------------------------
    izotop   /             concentration number of izotops=69
  1 *h*      0.00000E+00 0.00000E+00 0.46688E-01
  2 *o*      0.00000E+00 0.00000E+00 0.23344E-01
  3 zr       0.00000E+00 0.43132E-01 0.00000E+00
  4 u235     0.33754E-02 0.00000E+00 0.00000E+00
  5 u238     0.20922E-01 0.00000E+00 0.00000E+00
  6 o        0.49468E-01 0.00000E+00 0.00000E+00
 12 gd55     0.15200E-08 0.00000E+00 0.00000E+00
 13 gd57     0.41640E-08 0.00000E+00 0.00000E+00
 16 pu39     0.76203E-04 0.00000E+00 0.00000E+00
 17 pu40     0.35376E-05 0.00000E+00 0.00000E+00
 18 pu41     0.98105E-06 0.00000E+00 0.00000E+00
 21 u236     0.73425E-04 0.00000E+00 0.00000E+00
 22 slag     0.12468E-03 0.00000E+00 0.00000E+00
 23 tc99     0.16906E-04 0.00000E+00 0.00000E+00
 24 rh03     0.88442E-05 0.00000E+00 0.00000E+00
 25 ag09     0.17317E-06 0.00000E+00 0.00000E+00
 26 cd13     0.95551E-08 0.00000E+00 0.00000E+00
 27 xe35     0.32996E-07 0.00000E+00 0.00000E+00
 28 sm49     0.59376E-06 0.00000E+00 0.00000E+00
 29 sm51     0.83231E-06 0.00000E+00 0.00000E+00
 30 eu55     0.46997E-07 0.00000E+00 0.00000E+00
 31 gd56     0.10265E-06 0.00000E+00 0.00000E+00
 32 np37     0.11915E-05 0.00000E+00 0.00000E+00
 33 np39     0.15437E-05 0.00000E+00 0.00000E+00
 34 pu38     0.44650E-07 0.00000E+00 0.00000E+00
 35 pu42     0.16915E-07 0.00000E+00 0.00000E+00
 36 am41     0.63640E-08 0.00000E+00 0.00000E+00
 37 am2m     0.32119E-10 0.00000E+00 0.00000E+00
 38 am43     0.46463E-09 0.00000E+00 0.00000E+00
 39 cm42     0.24215E-09 0.00000E+00 0.00000E+00
 40 cm44     0.17886E-10 0.00000E+00 0.00000E+00
 41 cm45     0.16550E-12 0.00000E+00 0.00000E+00
 46 sm52     0.10609E-05 0.00000E+00 0.00000E+00
 47 xe31     0.74560E-05 0.00000E+00 0.00000E+00
 48 cs33     0.18427E-04 0.00000E+00 0.00000E+00
 49 nd45     0.10714E-04 0.00000E+00 0.00000E+00
 50 nd43     0.16019E-04 0.00000E+00 0.00000E+00
 51 pm47     0.53644E-05 0.00000E+00 0.00000E+00
 52 mo95     0.17763E-04 0.00000E+00 0.00000E+00
 53 cs34     0.39504E-06 0.00000E+00 0.00000E+00
 54 pr41     0.16286E-04 0.00000E+00 0.00000E+00
 55 pm48     0.25269E-07 0.00000E+00 0.00000E+00
 56 pm8m     0.79391E-07 0.00000E+00 0.00000E+00
 57 rh05     0.38126E-07 0.00000E+00 0.00000E+00
 58 pm49     0.59091E-07 0.00000E+00 0.00000E+00
 59 kr83     0.14447E-05 0.00000E+00 0.00000E+00
 60 ru01     0.14090E-04 0.00000E+00 0.00000E+00
 61 pd05     0.32175E-05 0.00000E+00 0.00000E+00
 62 cs35     0.12071E-04 0.00000E+00 0.00000E+00
 63 sm50     0.27652E-05 0.00000E+00 0.00000E+00
 64 eu51     0.29840E-07 0.00000E+00 0.00000E+00
 65 eu53     0.16262E-06 0.00000E+00 0.00000E+00
 66 eu54     0.92724E-08 0.00000E+00 0.00000E+00
 67 gd54     0.10326E-09 0.00000E+00 0.00000E+00
 68 am42     0.78032E-11 0.00000E+00 0.00000E+00
 69 cm43     0.71608E-12 0.00000E+00 0.00000E+00
 ------------------------------------------------------------------------------
  number of cells =           6
          cell number    2  number of zone= 3
 << geometry characteristics >>
    geometry of cell- cilindrical index=           2
  kratnost of cell =   18.00000    
  inner radius of cell =  0.0000000E+00
  out square ratio =  0.3888000      0.3333000      0.0000000E+00  0.2222000    
  5.5500001E-02  0.0000000E+00
 ------------------------------------------------------------------------------
 num zone      4           5           6
 radius   0.29000E+00 0.34000E+00 0.48000E+00
 temper   0.59700E+03 0.58300E+03 0.58300E+03
 rez_izot    u238        bad         bad 
 ------------------------------------------------------------------------------
    izotop   /             concentration number of izotops=69
  1 *h*      0.00000E+00 0.00000E+00 0.46688E-01
  2 *o*      0.00000E+00 0.00000E+00 0.23344E-01
  3 zr       0.00000E+00 0.43132E-01 0.00000E+00
  4 u235     0.28921E-02 0.00000E+00 0.00000E+00
  5 u238     0.21413E-01 0.00000E+00 0.00000E+00
  6 o        0.49468E-01 0.00000E+00 0.00000E+00
 12 gd55     0.12833E-08 0.00000E+00 0.00000E+00
 13 gd57     0.34433E-08 0.00000E+00 0.00000E+00
 16 pu39     0.77354E-04 0.00000E+00 0.00000E+00
 17 pu40     0.40799E-05 0.00000E+00 0.00000E+00
 18 pu41     0.12014E-05 0.00000E+00 0.00000E+00
 21 u236     0.69195E-04 0.00000E+00 0.00000E+00
 22 slag     0.12311E-03 0.00000E+00 0.00000E+00
 23 tc99     0.16554E-04 0.00000E+00 0.00000E+00
 24 rh03     0.86898E-05 0.00000E+00 0.00000E+00
 25 ag09     0.18502E-06 0.00000E+00 0.00000E+00
 26 cd13     0.81610E-08 0.00000E+00 0.00000E+00
 27 xe35     0.29936E-07 0.00000E+00 0.00000E+00
 28 sm49     0.47705E-06 0.00000E+00 0.00000E+00
 29 sm51     0.77051E-06 0.00000E+00 0.00000E+00
 30 eu55     0.45045E-07 0.00000E+00 0.00000E+00
 31 gd56     0.10521E-06 0.00000E+00 0.00000E+00
 32 np37     0.11659E-05 0.00000E+00 0.00000E+00
 33 np39     0.16020E-05 0.00000E+00 0.00000E+00
 34 pu38     0.46424E-07 0.00000E+00 0.00000E+00
 35 pu42     0.23953E-07 0.00000E+00 0.00000E+00
 36 am41     0.77982E-08 0.00000E+00 0.00000E+00
 37 am2m     0.42524E-10 0.00000E+00 0.00000E+00
 38 am43     0.69185E-09 0.00000E+00 0.00000E+00
 39 cm42     0.32780E-09 0.00000E+00 0.00000E+00
 40 cm44     0.27838E-10 0.00000E+00 0.00000E+00
 41 cm45     0.26789E-12 0.00000E+00 0.00000E+00
 46 sm52     0.10846E-05 0.00000E+00 0.00000E+00
 47 xe31     0.73022E-05 0.00000E+00 0.00000E+00
 48 cs33     0.18040E-04 0.00000E+00 0.00000E+00
 49 nd45     0.10479E-04 0.00000E+00 0.00000E+00
 50 nd43     0.15627E-04 0.00000E+00 0.00000E+00
 51 pm47     0.52279E-05 0.00000E+00 0.00000E+00
 52 mo95     0.17372E-04 0.00000E+00 0.00000E+00
 53 cs34     0.40383E-06 0.00000E+00 0.00000E+00
 54 pr41     0.15953E-04 0.00000E+00 0.00000E+00
 55 pm48     0.25790E-07 0.00000E+00 0.00000E+00
 56 pm8m     0.74813E-07 0.00000E+00 0.00000E+00
 57 rh05     0.38817E-07 0.00000E+00 0.00000E+00
 58 pm49     0.58926E-07 0.00000E+00 0.00000E+00
 59 kr83     0.14092E-05 0.00000E+00 0.00000E+00
 60 ru01     0.13804E-04 0.00000E+00 0.00000E+00
 61 pd05     0.32157E-05 0.00000E+00 0.00000E+00
 62 cs35     0.10940E-04 0.00000E+00 0.00000E+00
 63 sm50     0.28337E-05 0.00000E+00 0.00000E+00
 64 eu51     0.32609E-07 0.00000E+00 0.00000E+00
 65 eu53     0.17298E-06 0.00000E+00 0.00000E+00
 66 eu54     0.10201E-07 0.00000E+00 0.00000E+00
 67 gd54     0.11334E-09 0.00000E+00 0.00000E+00
 68 am42     0.10521E-10 0.00000E+00 0.00000E+00
 69 cm43     0.10010E-11 0.00000E+00 0.00000E+00
 ------------------------------------------------------------------------------
  number of cells =           6
          cell number    3  number of zone= 3
 << geometry characteristics >>
    geometry of cell- cilindrical index=           2
  kratnost of cell =   9.000000    
  inner radius of cell =  0.0000000E+00
  out square ratio =  0.6666000      0.0000000E+00  0.0000000E+00  0.0000000E+00
  0.0000000E+00  0.3333000    
 ------------------------------------------------------------------------------
 num zone      7           8           9
 radius   0.29000E+00 0.34000E+00 0.48000E+00
 temper   0.58300E+03 0.58300E+03 0.58300E+03
 rez_izot    bad         bad         bad 
 ------------------------------------------------------------------------------
    izotop   /             concentration number of izotops=69
  1 *h*      0.00000E+00 0.00000E+00 0.46688E-01
  2 *o*      0.00000E+00 0.00000E+00 0.23344E-01
  3 zr       0.00000E+00 0.43132E-01 0.00000E+00
  6 o        0.67340E-02 0.00000E+00 0.00000E+00
 12 gd55     0.50813E-03 0.00000E+00 0.00000E+00
 13 gd57     0.39663E-03 0.00000E+00 0.00000E+00
 22 slag     0.30714E-03 0.00000E+00 0.00000E+00
 31 gd56     0.15511E-03 0.00000E+00 0.00000E+00
 ------------------------------------------------------------------------------
  number of cells =           6
          cell number    4  number of zone= 3
 << geometry characteristics >>
    geometry of cell- cilindrical index=           2
  kratnost of cell =   6.000000    
  inner radius of cell =  0.0000000E+00
  out square ratio =  0.0000000E+00  0.6666000      0.0000000E+00  0.0000000E+00
  0.3333000      0.0000000E+00
 ------------------------------------------------------------------------------
 num zone     10          11          12
 radius   0.17500E+00 0.22500E+00 0.48000E+00
 temper   0.58300E+03 0.58300E+03 0.58300E+03
 rez_izot    bad         bad         bad 
 ------------------------------------------------------------------------------
    izotop   /             concentration number of izotops=69
  1 *h*      0.00000E+00 0.00000E+00 0.46688E-01
  2 *o*      0.00000E+00 0.00000E+00 0.23344E-01
  3 zr       0.00000E+00 0.43132E-01 0.00000E+00
  6 o        0.67340E-02 0.00000E+00 0.00000E+00
 12 gd55     0.40527E-03 0.00000E+00 0.00000E+00
 13 gd57     0.16615E-03 0.00000E+00 0.00000E+00
 22 slag     0.53840E-03 0.00000E+00 0.00000E+00
 31 gd56     0.25718E-03 0.00000E+00 0.00000E+00
 ------------------------------------------------------------------------------
  number of cells =           6
          cell number    5  number of zone= 3
 << geometry characteristics >>
    geometry of cell- cilindrical index=           2
  kratnost of cell =   7.000000    
  inner radius of cell =  0.0000000E+00
  out square ratio =  0.0000000E+00  0.1428000      0.0000000E+00  0.2857000    
  0.5714000      0.0000000E+00
 ------------------------------------------------------------------------------
 num zone     13          14          15
 radius   0.29000E+00 0.34000E+00 0.48000E+00
 temper   0.58300E+03 0.30000E+03 0.58300E+03
 rez_izot    bad         bad         bad 
 ------------------------------------------------------------------------------
    izotop   /             concentration number of izotops=69
  1 *h*      0.46688E-01 0.00000E+00 0.46688E-01
  2 *o*      0.23344E-01 0.00000E+00 0.23344E-01
 14 ni       0.00000E+00 0.42200E-01 0.00000E+00
 15 cr       0.00000E+00 0.31650E-01 0.00000E+00
 ------------------------------------------------------------------------------
  number of cells =           6
          cell number    6  number of zone= 2
 << geometry characteristics >>
    geometry of cell- cilindrical index=           2
  kratnost of cell =   36.00000    
  inner radius of cell =  0.0000000E+00
  out square ratio =  0.2222000      0.0000000E+00  8.3300002E-02  0.0000000E+00
  0.0000000E+00  0.6944000    
 ------------------------------------------------------------------------------
 num zone     16          17
 radius   0.39000E+00 0.48000E+00
 temper   0.58300E+03 0.58300E+03
 rez_izot    bad         bad 
 ------------------------------------------------------------------------------
    izotop   /             concentration number of izotops=69
  1 *h*      0.00000E+00 0.46688E-01
  2 *o*      0.00000E+00 0.23344E-01
  3 zr       0.43132E-01 0.00000E+00
:fier                                                                           
 condensation boundary was changed from  0.21500E+01 to  0.21544E+01
*** 4 *** ;egr=  2.1544    
    keff         nu           mu           fi           teta
   1.1851       1.8306       1.6676      0.52610      0.73790    
 s0z(n)=    1.244292      0.0000000E+00  0.0000000E+00   1.261220    
  0.0000000E+00  0.0000000E+00  0.0000000E+00  0.0000000E+00  0.0000000E+00
  0.0000000E+00  0.0000000E+00  0.0000000E+00  0.0000000E+00  0.0000000E+00
  0.0000000E+00  0.0000000E+00  0.0000000E+00
:macro                                                                          
 condensation boundary was changed from  0.21500E+01 to  0.21544E+01
 condensation boundary was changed from  0.21500E+01 to  0.21544E+01
    -------------------------------------------------------------------------------
    * n group   * e(i)        * e(i+1)      *spect neutron fission  *
          1       0.10500E+08    2.1544           0.99901    
          2        2.1544        0.0000           0.13592E-08
    *******************************************************************************
                                       **    macro cross section    **
    *******************************************************************************
    ** n zone    1 vzone=  91.926     /  1  2  3  4  5  6  7  8  9 10 11 12 13 14 15 16 17
*grp*flux 1/cm2c  * stotal      * sabs        * sfis.       * nu$sfis.    * 1/3*strans  *1/aver.veloci*aver power
  1  0.4636693     0.4839440     0.1138894E-01 0.4555134E-02 0.1139872E-01  1.380800     0.1254211E-05  1.000859     0.3965217    
  2  0.4130535E-01 0.9739529     0.1419689     0.7782121E-01 0.1917703     0.4359747     0.5897453E-05  1.350791     0.6034783    
                                       * matric. scat.cross. sec. from i to j  *
       i / j -->            1           2
       i        1 0.4599437     0.1261164E-01
       i        2 0.9898348E-04 0.8318855    
:stop                                                                           
