 *****          file of input data set *******
:poly
 &vvod
 @ 1 tvel  cell@   rcel(1,1)=0.29,0.34,0.48,
                   ncelsos(1,1)=1,3,4
 @ 2 tvel  cell@   rcel(1,2)=0.29,0.34,0.48,
                   ncelsos(1,2)=2,3,4
 @ 3 svp-1 cell@   rcel(1,3)=0.29,0.34,0.48,
                   ncelsos(1,3)=5,3,4,
 @ 4 svp-2 cell@   rcel(1,4)=0.175,0.225,0.48,
                   ncelsos(1,4)=5,3,4,
 @ 5 pal       @   rcel(1,5)=0.29,0.34,0.48,
                   ncelsos(1,5)=6,7,4,
 @ 6 km        @   rcel(1,6)=0.39,0.48,
                   ncelsos(1,6)=3,4,
                                                                                                                        
  t=0.6590e+03, 0.6590e+03, 0.5830e+03, 0.5830e+03, 0.5830e+03, 0.5830e+03,
@-----------------------------------------------------------------------
 troiz=
 @         1 tv_1       2 tv_2   3 zr_ob_tv     4 h2o       5 svp       6 pel      7 ob_pel
 @ *h*  @ 0.0000000 , 0.0000000 , 0.0000000 , 4.655e-02 , 0.0000000 , 0.0000000 , 0.0000000 ,
 @ *o*  @ 0.0000000 , 0.0000000 , 0.0000000 , 2.327e-02 , 0.0000000 , 0.0000000 , 0.0000000 ,
 @ zr   @ 0.0000000 , 0.0000000 , 4.287e-02 , 0.0000000 , 0.0000000 , 0.0000000 , 0.0000000 ,
 @ u235 @ 9.523e-05 , 9.869e-05 , 0.0000000 , 0.0000000 , 0.0000000 , 0.0000000 , 0.0000000 ,
 @ u238 @ 1.351e-02 , 1.400e-02 , 0.0000000 , 0.0000000 , 0.0000000 , 0.0000000 , 0.0000000 ,
 @ o    @ 3.723e-02 , 3.723e-02 , 0.0000000 , 0.0000000 , 0.0179000 , 0.0000000 , 0.0000000 ,
 @ n    @ 0.0000000 , 0.0000000 , 0.0000000 , 0.0000000 , 0.0000000 , 0.0000000 , 0.0000000 ,
 @ *c*  @ 0.0000000 , 0.0000000 , 0.0000000 , 0.0000000 , 0.0000000 , 0.0000000 , 0.0000000 ,
 @ al   @ 1.449e-02 , 1.449e-02 , 0.0000000 , 0.0000000 , 1.445e-02 , 0.0000000 , 0.0000000 ,
 @ b-10 @ 0.0000000 , 0.0000000 , 0.0000000 , 0.0000000 , 0.0000000 , 8.080e-02 , 0.0000000 ,
 @ c    @ 0.0000000 , 0.0000000 , 0.0000000 , 0.0000000 , 0.0000000 , 2.886e-02 , 0.0000000 ,
 @ gd55 @ 0.0000000 , 0.0000000 , 0.0000000 , 0.0000000 , 0.500e-03 , 0.0000000 , 0.0000000 ,
 @ gd57 @ 0.0000000 , 0.0000000 , 0.0000000 , 0.0000000 , 2.082e-03 , 0.0000000 , 0.0000000 ,
 @ ni   @ 0.0000000 , 0.0000000 , 0.0000000 , 0.0000000 , 0.0000000 , 0.0000000 , 0.0520000 ,
 @ cr   @ 0.0000000 , 0.0000000 , 0.0000000 , 0.0000000 , 0.0000000 , 0.0000000 , 0.0350000 ,
 @ pu39 @ 2.609e-03 , 2.348e-03 , 0.0000000 , 0.0000000 , 0.0000000 , 0.0000000 , 0.0000000 ,
 @ pu40 @ 1.204e-03 , 1.084e-03 , 0.0000000 , 0.0000000 , 0.0000000 , 0.0000000 , 0.0000000 ,
 @ pu41 @ 7.525e-04 , 6.772e-04 , 0.0000000 , 0.0000000 , 0.0000000 , 0.0000000 , 0.0000000 ,
@-----------------------------------------------------------------------
 ntcell=1,2,3,4,5,6,
 krat= 51,18,9,6,7,36,
 alout=
       0.5882 , 0.1372 , 0.1176 , 0.0000 , 0.0000 , 0.1586,
       0.3888 , 0.3333 , 0.0000 , 0.2222 , 0.0555 , 0.0000,
       0.6666 , 0.0000 , 0.0000 , 0.0000 , 0.0000 , 0.3333,
       0.0000 , 0.6666 , 0.0000 , 0.0000 , 0.3333 , 0.0000,
       0.0000 , 0.1428 , 0.0000 , 0.2857 , 0.5714 , 0.0000,
       0.2222 , 0.0000 , 0.0833 , 0.0000 , 0.0000 , 0.6944,
                                                                                                                        
 material(1)='chmc',
 &end
*h*
*o*
zr
u235
u238
o
n
*c*
al
b-10
c
gd55
gd57
ni
cr
pu39
pu40
pu41
****
:corr
 &vvod &end
:fier
 &vvod &end
:macro
 &vvod
  et=10.5e+6,2.15,2.15,0.,
 @nbv=1,1,1,1,1,1,1,1,1,1,1,1,1,1,
 &end
:stop
                                                                                                                        
 ***** end of   file of input data set *******
:poly                                                                           
  rout and rin were constructed
Rout= 0.290, 0.340, 0.480, 0.290, 0.340, 0.480, 0.290, 0.340, 0.480, 0.175,
 0.225, 0.480, 0.290, 0.340, 0.480, 0.390, 0.480,
Rin = 0.000, 0.290, 0.340, 0.000, 0.290, 0.340, 0.000, 0.290, 0.340, 0.000,
 0.175, 0.225, 0.000, 0.290, 0.340, 0.000, 0.390,
  nsos  was constructed
nsos=  1,  3,  4,  2,  3,  4,  5,  3,  4,  5,
  3,  4,  6,  7,  4,  3,  4,
 definition izotr in sos           1:izotr=   5.000000    
 definition izotr in sos           2:izotr=   5.000000    
  *******<< check input data>> programm declare *******
    --undeclared parametr--cefzad  -- programm standart value --cefzad  =  0.100000E+01
  *******<< check input data>> programm declare *******
    --undeclared parametr--bakl    -- programm standart value --bakl    =  0.000000E+00
  *******<< check input data>> programm declare *******
    --undeclared parametr--alin    -- programm standart value --alin    =  0.000000E+00  0.000000E+00
     0.000000E+00  0.000000E+00  0.000000E+00  0.000000E+00  0.000000E+00  0.000000E+00  0.000000E+00
     0.000000E+00  0.000000E+00  0.000000E+00  0.000000E+00  0.000000E+00  0.000000E+00  0.000000E+00
     0.000000E+00  0.000000E+00  0.000000E+00  0.000000E+00  0.000000E+00  0.000000E+00  0.000000E+00
     0.000000E+00  0.000000E+00  0.000000E+00  0.000000E+00  0.000000E+00  0.000000E+00  0.000000E+00
     0.000000E+00  0.000000E+00  0.000000E+00  0.000000E+00  0.000000E+00  0.000000E+00
  *******<< check input data>> programm declare *******
    --undeclared parametr--alcorr  -- programm standart value --alcorr  =  0.100000E+01  0.100000E+01
     0.100000E+01  0.100000E+01  0.100000E+01  0.100000E+01  0.100000E+01  0.100000E+01  0.100000E+01
     0.100000E+01  0.100000E+01  0.100000E+01  0.100000E+01  0.100000E+01  0.100000E+01  0.100000E+01
     0.100000E+01  0.100000E+01  0.100000E+01  0.100000E+01  0.100000E+01  0.100000E+01  0.100000E+01
     0.100000E+01  0.100000E+01  0.100000E+01  0.100000E+01  0.100000E+01  0.100000E+01  0.100000E+01
     0.100000E+01  0.100000E+01  0.100000E+01  0.100000E+01  0.100000E+01  0.100000E+01
  *******<< check input data>> programm declare *******
    --uncorrected definition--alin    --bat programm use this value --alin      0.000000E+00  0.000000E+00
     0.000000E+00  0.000000E+00  0.000000E+00  0.000000E+00  0.000000E+00  0.000000E+00  0.000000E+00
     0.000000E+00  0.000000E+00  0.000000E+00  0.000000E+00  0.000000E+00  0.000000E+00  0.000000E+00
     0.000000E+00  0.000000E+00  0.000000E+00  0.000000E+00  0.000000E+00  0.000000E+00  0.000000E+00
     0.000000E+00  0.000000E+00  0.000000E+00  0.000000E+00  0.000000E+00  0.000000E+00  0.000000E+00
     0.000000E+00  0.000000E+00  0.000000E+00  0.000000E+00  0.000000E+00  0.000000E+00
  *******<< check input data>> programm declare *******
    --uncorrected definition--alout   --bat programm use this value --alout     0.588200E+00  0.137200E+00
     0.117600E+00  0.000000E+00  0.000000E+00  0.158600E+00  0.388800E+00  0.333300E+00  0.000000E+00
     0.222200E+00  0.555000E-01  0.000000E+00  0.666600E+00  0.000000E+00  0.000000E+00  0.000000E+00
     0.000000E+00  0.333300E+00  0.000000E+00  0.666600E+00  0.000000E+00  0.000000E+00  0.333300E+00
     0.000000E+00  0.000000E+00  0.142800E+00  0.000000E+00  0.285700E+00  0.571400E+00  0.000000E+00
     0.222200E+00  0.000000E+00  0.833000E-01  0.000000E+00  0.000000E+00  0.694400E+00
  *******<< check input data>> programm declare *******
    --undeclared parametr--nbv     -- programm standart value --nbv     =    1    1    1    1    1    1
       1    1    1    1    1    1    1    1    1    1    1
  *******<< check input data>> programm declare *******
    --undeclared parametr--et      -- programm standart value --et      =  0.105000E+08  0.215000E+01
     0.215000E+01  0.000000E+00
    ????  storage for pr. getter =     1700 ?? common /rrr/ rab(        0 )  ????
 ------------------------------------------------------------------------------
  backling =  0.0000000E+00
 ------------------------------------------------------------------------------
  number of cells =           6
          cell number    1  number of zone= 3
 << geometry characteristics >>
    geometry of cell- cilindrical index=           2
  kratnost of cell =   51.00000    
  inner radius of cell =  0.0000000E+00
  out square ratio =  0.5882000      0.1372000      0.1176000      0.0000000E+00
  0.0000000E+00  0.1586000    
 ------------------------------------------------------------------------------
 num zone      1           2           3
 radius   0.29000E+00 0.34000E+00 0.48000E+00
 temper   0.65900E+03 0.58300E+03 0.58300E+03
 rez_izot    u238        bad         bad 
 ------------------------------------------------------------------------------
    izotop   /             concentration number of izotops=69
  1 *h*      0.00000E+00 0.00000E+00 0.46550E-01
  2 *o*      0.00000E+00 0.00000E+00 0.23270E-01
  3 zr       0.00000E+00 0.42870E-01 0.00000E+00
  4 u235     0.95230E-04 0.00000E+00 0.00000E+00
  5 u238     0.13510E-01 0.00000E+00 0.00000E+00
  6 o        0.37230E-01 0.00000E+00 0.00000E+00
  9 al       0.14490E-01 0.00000E+00 0.00000E+00
 16 pu39     0.26090E-02 0.00000E+00 0.00000E+00
 17 pu40     0.12040E-02 0.00000E+00 0.00000E+00
 18 pu41     0.75250E-03 0.00000E+00 0.00000E+00
 ------------------------------------------------------------------------------
  number of cells =           6
          cell number    2  number of zone= 3
 << geometry characteristics >>
    geometry of cell- cilindrical index=           2
  kratnost of cell =   18.00000    
  inner radius of cell =  0.0000000E+00
  out square ratio =  0.3888000      0.3333000      0.0000000E+00  0.2222000    
  5.5500001E-02  0.0000000E+00
 ------------------------------------------------------------------------------
 num zone      4           5           6
 radius   0.29000E+00 0.34000E+00 0.48000E+00
 temper   0.65900E+03 0.58300E+03 0.58300E+03
 rez_izot    u238        bad         bad 
 ------------------------------------------------------------------------------
    izotop   /             concentration number of izotops=69
  1 *h*      0.00000E+00 0.00000E+00 0.46550E-01
  2 *o*      0.00000E+00 0.00000E+00 0.23270E-01
  3 zr       0.00000E+00 0.42870E-01 0.00000E+00
  4 u235     0.98690E-04 0.00000E+00 0.00000E+00
  5 u238     0.14000E-01 0.00000E+00 0.00000E+00
  6 o        0.37230E-01 0.00000E+00 0.00000E+00
  9 al       0.14490E-01 0.00000E+00 0.00000E+00
 16 pu39     0.23480E-02 0.00000E+00 0.00000E+00
 17 pu40     0.10840E-02 0.00000E+00 0.00000E+00
 18 pu41     0.67720E-03 0.00000E+00 0.00000E+00
 ------------------------------------------------------------------------------
  number of cells =           6
          cell number    3  number of zone= 3
 << geometry characteristics >>
    geometry of cell- cilindrical index=           2
  kratnost of cell =   9.000000    
  inner radius of cell =  0.0000000E+00
  out square ratio =  0.6666000      0.0000000E+00  0.0000000E+00  0.0000000E+00
  0.0000000E+00  0.3333000    
 ------------------------------------------------------------------------------
 num zone      7           8           9
 radius   0.29000E+00 0.34000E+00 0.48000E+00
 temper   0.58300E+03 0.58300E+03 0.58300E+03
 rez_izot    bad         bad         bad 
 ------------------------------------------------------------------------------
    izotop   /             concentration number of izotops=69
  1 *h*      0.00000E+00 0.00000E+00 0.46550E-01
  2 *o*      0.00000E+00 0.00000E+00 0.23270E-01
  3 zr       0.00000E+00 0.42870E-01 0.00000E+00
  6 o        0.17900E-01 0.00000E+00 0.00000E+00
  9 al       0.14450E-01 0.00000E+00 0.00000E+00
 12 gd55     0.50000E-03 0.00000E+00 0.00000E+00
 13 gd57     0.20820E-02 0.00000E+00 0.00000E+00
 ------------------------------------------------------------------------------
  number of cells =           6
          cell number    4  number of zone= 3
 << geometry characteristics >>
    geometry of cell- cilindrical index=           2
  kratnost of cell =   6.000000    
  inner radius of cell =  0.0000000E+00
  out square ratio =  0.0000000E+00  0.6666000      0.0000000E+00  0.0000000E+00
  0.3333000      0.0000000E+00
 ------------------------------------------------------------------------------
 num zone     10          11          12
 radius   0.17500E+00 0.22500E+00 0.48000E+00
 temper   0.58300E+03 0.58300E+03 0.58300E+03
 rez_izot    bad         bad         bad 
 ------------------------------------------------------------------------------
    izotop   /             concentration number of izotops=69
  1 *h*      0.00000E+00 0.00000E+00 0.46550E-01
  2 *o*      0.00000E+00 0.00000E+00 0.23270E-01
  3 zr       0.00000E+00 0.42870E-01 0.00000E+00
  6 o        0.17900E-01 0.00000E+00 0.00000E+00
  9 al       0.14450E-01 0.00000E+00 0.00000E+00
 12 gd55     0.50000E-03 0.00000E+00 0.00000E+00
 13 gd57     0.20820E-02 0.00000E+00 0.00000E+00
 ------------------------------------------------------------------------------
  number of cells =           6
          cell number    5  number of zone= 3
 << geometry characteristics >>
    geometry of cell- cilindrical index=           2
  kratnost of cell =   7.000000    
  inner radius of cell =  0.0000000E+00
  out square ratio =  0.0000000E+00  0.1428000      0.0000000E+00  0.2857000    
  0.5714000      0.0000000E+00
 ------------------------------------------------------------------------------
 num zone     13          14          15
 radius   0.29000E+00 0.34000E+00 0.48000E+00
 temper   0.58300E+03 0.30000E+03 0.58300E+03
 rez_izot    bad         bad         bad 
 ------------------------------------------------------------------------------
    izotop   /             concentration number of izotops=69
  1 *h*      0.00000E+00 0.00000E+00 0.46550E-01
  2 *o*      0.00000E+00 0.00000E+00 0.23270E-01
 10 b-10     0.80800E-01 0.00000E+00 0.00000E+00
 11 c        0.28860E-01 0.00000E+00 0.00000E+00
 14 ni       0.00000E+00 0.52000E-01 0.00000E+00
 15 cr       0.00000E+00 0.35000E-01 0.00000E+00
 ------------------------------------------------------------------------------
  number of cells =           6
          cell number    6  number of zone= 2
 << geometry characteristics >>
    geometry of cell- cilindrical index=           2
  kratnost of cell =   36.00000    
  inner radius of cell =  0.0000000E+00
  out square ratio =  0.2222000      0.0000000E+00  8.3300002E-02  0.0000000E+00
  0.0000000E+00  0.6944000    
 ------------------------------------------------------------------------------
 num zone     16          17
 radius   0.39000E+00 0.48000E+00
 temper   0.58300E+03 0.58300E+03
 rez_izot    bad         bad 
 ------------------------------------------------------------------------------
    izotop   /             concentration number of izotops=69
  1 *h*      0.00000E+00 0.46550E-01
  2 *o*      0.00000E+00 0.23270E-01
  3 zr       0.42870E-01 0.00000E+00
    > CONSYST Program Ver: 98.01 > started at  0: 0: 0:  
    { Manturov G., E-mail: abbn@ippe.rssi.ru}
 
       -------------------------------
 
       CONSYST INPUT DATA READ FROM : cons.dat
       CONSYST PROTOCOL STORED IN   : RESULT
       GMF X-SECTION'S FILE         : OUT
       TEMPORARY FILE               : RAB
       ABBN BASIC DATA SET FROM     : .\get-93\bin\Bnab90.lib
       ABBN MULTIC DATA SET FROM    : .\get-93\bin\Bnabmlt.lib
       ABBN THERMAL DATA SET FROM   : .\get-93\bin\BNABTHM.lib
 
    >>  K-inf(MLT)= 1.76284 Balance= 1.00374 NU= 2.99 FI-Sum=  7.90E+01
    >   Include Thermal Matrix > H(H2O):BNABTHM.BIN   Temp=  500K
    >   Include Thermal Matrix > H(H2O):BNABTHM.BIN   Temp=  600K
    >>  K-inf(MLT)= 1.68091 Balance= 1.00389 NU= 2.98 FI-Sum=  8.24E+01
    >   Include Thermal Matrix > H(H2O):BNABTHM.BIN   Temp=  500K
    >   Include Thermal Matrix > H(H2O):BNABTHM.BIN   Temp=  600K
    >   Include Thermal Matrix > H(H2O):BNABTHM.BIN   Temp=  500K
    >   Include Thermal Matrix > H(H2O):BNABTHM.BIN   Temp=  600K
    >   Include Thermal Matrix > H(H2O):BNABTHM.BIN   Temp=  500K
    >   Include Thermal Matrix > H(H2O):BNABTHM.BIN   Temp=  600K
    >   Include Thermal Matrix > H(H2O):BNABTHM.BIN   Temp=  500K
    >   Include Thermal Matrix > H(H2O):BNABTHM.BIN   Temp=  600K
    >   Include Thermal Matrix > H(H2O):BNABTHM.BIN   Temp=  500K
    >   Include Thermal Matrix > H(H2O):BNABTHM.BIN   Temp=  600K
    > CONSYST finished at  0: 0: 0:  
 therm. calculation avoided
 therm. calculation avoided
 therm. calculation avoided
 therm. calculation avoided
 therm. calculation avoided
 therm. calculation avoided
 therm. calculation avoided
 *************************************************
   ***k(inf)=0.940754     ***k(itt)=0.965981     ***k(integ)=0.940754    ***
   **bakl=  0.0000     **length= 0.10000E+11  ***
   **matr.  alout*alcorr a(k,i)(k=1,ncel) ***
     * 0.58820     0.13720     0.11760      0.0000      0.0000     0.15860    
     * 0.38880     0.33330      0.0000     0.22220     0.55500E-01  0.0000    
     * 0.66660      0.0000      0.0000      0.0000      0.0000     0.33330    
     *  0.0000     0.66660      0.0000      0.0000     0.33330      0.0000    
     *  0.0000     0.14280      0.0000     0.28570     0.57140      0.0000    
     * 0.22220      0.0000     0.83300E-01  0.0000      0.0000     0.69440    
 lokal kner      in cell ,ru=           1=   1.061851       1.058637    
 lokal kner      in cell ,ru=           2=  0.8247548      0.8338610    
 lokal kner      in cell ,ru=           3=  0.0000000E+00  0.8472629    
 lokal kner      in cell ,ru=           4=  0.0000000E+00  0.2492053    
 lokal kner      in cell ,ru=           5=  0.0000000E+00   3.090240    
 lokal kner      in cell ,ru=           6=  0.0000000E+00  2.6554892E-02
:corr                                                                           
 ------------------------------------------------------------------------------
  backling =  0.0000000E+00
 ------------------------------------------------------------------------------
  number of cells =           6
          cell number    1  number of zone= 3
 << geometry characteristics >>
    geometry of cell- cilindrical index=           2
  kratnost of cell =   51.00000    
  inner radius of cell =  0.0000000E+00
  out square ratio =  0.5882000      0.1372000      0.1176000      0.0000000E+00
  0.0000000E+00  0.1586000    
 ------------------------------------------------------------------------------
 num zone      1           2           3
 radius   0.29000E+00 0.34000E+00 0.48000E+00
 temper   0.65900E+03 0.58300E+03 0.58300E+03
 rez_izot    u238        bad         bad 
 ------------------------------------------------------------------------------
    izotop   /             concentration number of izotops=69
  1 *h*      0.00000E+00 0.00000E+00 0.46550E-01
  2 *o*      0.00000E+00 0.00000E+00 0.23270E-01
  3 zr       0.00000E+00 0.42870E-01 0.00000E+00
  4 u235     0.95230E-04 0.00000E+00 0.00000E+00
  5 u238     0.13510E-01 0.00000E+00 0.00000E+00
  6 o        0.37230E-01 0.00000E+00 0.00000E+00
  9 al       0.14490E-01 0.00000E+00 0.00000E+00
 16 pu39     0.26090E-02 0.00000E+00 0.00000E+00
 17 pu40     0.12040E-02 0.00000E+00 0.00000E+00
 18 pu41     0.75250E-03 0.00000E+00 0.00000E+00
 ------------------------------------------------------------------------------
  number of cells =           6
          cell number    2  number of zone= 3
 << geometry characteristics >>
    geometry of cell- cilindrical index=           2
  kratnost of cell =   18.00000    
  inner radius of cell =  0.0000000E+00
  out square ratio =  0.3888000      0.3333000      0.0000000E+00  0.2222000    
  5.5500001E-02  0.0000000E+00
 ------------------------------------------------------------------------------
 num zone      4           5           6
 radius   0.29000E+00 0.34000E+00 0.48000E+00
 temper   0.65900E+03 0.58300E+03 0.58300E+03
 rez_izot    u238        bad         bad 
 ------------------------------------------------------------------------------
    izotop   /             concentration number of izotops=69
  1 *h*      0.00000E+00 0.00000E+00 0.46550E-01
  2 *o*      0.00000E+00 0.00000E+00 0.23270E-01
  3 zr       0.00000E+00 0.42870E-01 0.00000E+00
  4 u235     0.98690E-04 0.00000E+00 0.00000E+00
  5 u238     0.14000E-01 0.00000E+00 0.00000E+00
  6 o        0.37230E-01 0.00000E+00 0.00000E+00
  9 al       0.14490E-01 0.00000E+00 0.00000E+00
 16 pu39     0.23480E-02 0.00000E+00 0.00000E+00
 17 pu40     0.10840E-02 0.00000E+00 0.00000E+00
 18 pu41     0.67720E-03 0.00000E+00 0.00000E+00
 ------------------------------------------------------------------------------
  number of cells =           6
          cell number    3  number of zone= 3
 << geometry characteristics >>
    geometry of cell- cilindrical index=           2
  kratnost of cell =   9.000000    
  inner radius of cell =  0.0000000E+00
  out square ratio =  0.6666000      0.0000000E+00  0.0000000E+00  0.0000000E+00
  0.0000000E+00  0.3333000    
 ------------------------------------------------------------------------------
 num zone      7           8           9
 radius   0.29000E+00 0.34000E+00 0.48000E+00
 temper   0.58300E+03 0.58300E+03 0.58300E+03
 rez_izot    bad         bad         bad 
 ------------------------------------------------------------------------------
    izotop   /             concentration number of izotops=69
  1 *h*      0.00000E+00 0.00000E+00 0.46550E-01
  2 *o*      0.00000E+00 0.00000E+00 0.23270E-01
  3 zr       0.00000E+00 0.42870E-01 0.00000E+00
  6 o        0.17900E-01 0.00000E+00 0.00000E+00
  9 al       0.14450E-01 0.00000E+00 0.00000E+00
 12 gd55     0.50000E-03 0.00000E+00 0.00000E+00
 13 gd57     0.20820E-02 0.00000E+00 0.00000E+00
 ------------------------------------------------------------------------------
  number of cells =           6
          cell number    4  number of zone= 3
 << geometry characteristics >>
    geometry of cell- cilindrical index=           2
  kratnost of cell =   6.000000    
  inner radius of cell =  0.0000000E+00
  out square ratio =  0.0000000E+00  0.6666000      0.0000000E+00  0.0000000E+00
  0.3333000      0.0000000E+00
 ------------------------------------------------------------------------------
 num zone     10          11          12
 radius   0.17500E+00 0.22500E+00 0.48000E+00
 temper   0.58300E+03 0.58300E+03 0.58300E+03
 rez_izot    bad         bad         bad 
 ------------------------------------------------------------------------------
    izotop   /             concentration number of izotops=69
  1 *h*      0.00000E+00 0.00000E+00 0.46550E-01
  2 *o*      0.00000E+00 0.00000E+00 0.23270E-01
  3 zr       0.00000E+00 0.42870E-01 0.00000E+00
  6 o        0.17900E-01 0.00000E+00 0.00000E+00
  9 al       0.14450E-01 0.00000E+00 0.00000E+00
 12 gd55     0.50000E-03 0.00000E+00 0.00000E+00
 13 gd57     0.20820E-02 0.00000E+00 0.00000E+00
 ------------------------------------------------------------------------------
  number of cells =           6
          cell number    5  number of zone= 3
 << geometry characteristics >>
    geometry of cell- cilindrical index=           2
  kratnost of cell =   7.000000    
  inner radius of cell =  0.0000000E+00
  out square ratio =  0.0000000E+00  0.1428000      0.0000000E+00  0.2857000    
  0.5714000      0.0000000E+00
 ------------------------------------------------------------------------------
 num zone     13          14          15
 radius   0.29000E+00 0.34000E+00 0.48000E+00
 temper   0.58300E+03 0.30000E+03 0.58300E+03
 rez_izot    bad         bad         bad 
 ------------------------------------------------------------------------------
    izotop   /             concentration number of izotops=69
  1 *h*      0.00000E+00 0.00000E+00 0.46550E-01
  2 *o*      0.00000E+00 0.00000E+00 0.23270E-01
 10 b-10     0.80800E-01 0.00000E+00 0.00000E+00
 11 c        0.28860E-01 0.00000E+00 0.00000E+00
 14 ni       0.00000E+00 0.52000E-01 0.00000E+00
 15 cr       0.00000E+00 0.35000E-01 0.00000E+00
 ------------------------------------------------------------------------------
  number of cells =           6
          cell number    6  number of zone= 2
 << geometry characteristics >>
    geometry of cell- cilindrical index=           2
  kratnost of cell =   36.00000    
  inner radius of cell =  0.0000000E+00
  out square ratio =  0.2222000      0.0000000E+00  8.3300002E-02  0.0000000E+00
  0.0000000E+00  0.6944000    
 ------------------------------------------------------------------------------
 num zone     16          17
 radius   0.39000E+00 0.48000E+00
 temper   0.58300E+03 0.58300E+03
 rez_izot    bad         bad 
 ------------------------------------------------------------------------------
    izotop   /             concentration number of izotops=69
  1 *h*      0.00000E+00 0.46550E-01
  2 *o*      0.00000E+00 0.23270E-01
  3 zr       0.42870E-01 0.00000E+00
:fier                                                                           
 condensation boundary was changed from  0.21500E+01 to  0.21544E+01
*** 4 *** ;egr=  2.1544    
    keff         nu           mu           fi           teta
  0.94075       1.2677       2.7543      0.34536      0.78017    
 s0z(n)=    1.243955      0.0000000E+00  0.0000000E+00   1.256970    
  0.0000000E+00  0.0000000E+00  0.0000000E+00  0.0000000E+00  0.0000000E+00
  0.0000000E+00  0.0000000E+00  0.0000000E+00  0.0000000E+00  0.0000000E+00
  0.0000000E+00  0.0000000E+00  0.0000000E+00
:macro                                                                          
 condensation boundary was changed from  0.21500E+01 to  0.21544E+01
 condensation boundary was changed from  0.21500E+01 to  0.21544E+01
    -------------------------------------------------------------------------------
    * n group   * e(i)        * e(i+1)      *spect neutron fission  *
          1       0.10500E+08    2.1544           0.99883    
          2        2.1544        0.0000           0.12804E-08
    *******************************************************************************
                                       **    macro cross section    **
    *******************************************************************************
    ** n zone    1 vzone=  91.926     /  1  2  3  4  5  6  7  8  9 10 11 12 13 14 15 16 17
*grp*flux 1/cm2c  * stotal      * sabs        * sfis.       * nu$sfis.    * 1/3*strans  *1/aver.veloci*aver power
  1  0.4527903     0.4568970     0.1609074E-01 0.5033777E-02 0.1472344E-01  1.421054     0.9506006E-06 0.9150259     0.6320950    
  2  0.1480635E-01 0.9945306     0.2596540     0.8959755E-01 0.2568024     0.4242793     0.1797076E-05 0.9890177     0.3679050    
                                       * matric. scat.cross. sec. from i to j  *
       i / j -->            1           2
       i        1 0.4323269     0.8479179E-02
       i        2 0.1761350E-03 0.7347009    
:stop                                                                           
