 *****          file of input data set *******
@ *****          file of input data set *******
@@@@@@@@@@@@@@@@@@@@@@@@@@@@@@@@@@@@@@@@@@@@@@@@@@
@
@  ads_n
@
@
@@@@@@@@@@@@@@@@@@@@@@@@@@@@@@@@@@@@@@@@@@@@@@@@@@
:poly
 &vvod
@ iout(1)=1,
 bakl=5.0000002e-04,
@ alout=0.,
 iout(12)=2,
 r=0.46000e+00,0.51000e+00,0.87000e+00,
 nsos=1,2,3,
 t=0.15000e+04,0.78000e+03,0.75000e+03,
 troiz=
 @ 1 th32   @     0.62000e-02, 0.00000e+00, 0.00000e+00,
 @ 3 u233   @     0.72000e-03, 0.00000e+00, 0.00000e+00,
 @ 4 u234   @     0.69000e-04, 0.00000e+00, 0.00000e+00,
 @ 5 u235   @     0.50000e-05, 0.00000e+00, 0.00000e+00,
 @ 7 u238   @     0.62000e-02, 0.00000e+00, 0.00000e+00,
 @ 8 np37   @     0.15980e-02, 0.00000e+00, 0.00000e+00,
 @ 9 pu38   @     0.86000e-03, 0.00000e+00, 0.00000e+00,
 @10 pu39   @     0.11000e-02, 0.00000e+00, 0.00000e+00,
 @11 pu40   @     0.13400e-03, 0.00000e+00, 0.00000e+00,
 @12 pu41   @     0.88000e-05, 0.00000e+00, 0.00000e+00,
 @19 cm45   @     0.10000e-13, 0.00000e+00, 0.00000e+00,
 @20 o      @     0.34000e-01, 0.00000e+00, 0.10000e-18,
 @25 n      @     0.27200e-11, 0.00000e+00, 0.00000e+00,
 @26 fe     @     0.00000e+00, 0.71040e-01, 0.00000e+00,
 @27 cr     @     0.00000e+00, 0.10030e-01, 0.00000e+00,
 @28 si     @     0.00000e+00, 0.50000e-02, 0.00000e+00,
 @29 pb     @     0.00000e+00, 0.00000e+00, 0.30430e-01,

 material(1)='chmc',
 &end
th32
u233
u234
u235
u238
np37
pu38
pu39
pu40
pu41
cm45
o
n
fe
cr
si
pb
****
:corr
 &vvod
 &end
:macro
 &vvod et=20.e+8,0.,&end
@:fier
 &vvod
 &end
:burn
 &vvod
  dtim=10.,qv=300.,
  ntim=1,
 &end
:macro
 &vvod et=20.e+8,0.,&end
@:fier
 &vvod
 &end
:corr
 &vvod
 &end
:stop
:burn
 &vvod qv=54.,endburn=1.,&end

 ***** end of   file of input data set *******
:poly
 definition izotr in sos           1:izotr=   1.000000
 definition izotr in sos           1:izotr=   5.000000
  *******<< check input data>> programm declare *******
    --undeclared parametr--cefzad  -- programm standart value --cefzad  =  0.100000E+01
  *******<< check input data>> programm declare *******
    --undeclared parametr--alin    -- programm standart value --alin    =  0.000000E+00
  *******<< check input data>> programm declare *******
    --undeclared parametr--alout   -- programm standart value --alout   =  0.100000E+01
  *******<< check input data>> programm declare *******
    --undeclared parametr--alcorr  -- programm standart value --alcorr  =  0.100000E+01
  *******<< check input data>> programm declare *******
    --undeclared parametr--nbv     -- programm standart value --nbv     =    1    1    1
  *******<< check input data>> programm declare *******
    --undeclared parametr--et      -- programm standart value --et      =  0.105000E+08  0.215000E+01
     0.215000E+01  0.000000E+00
    ????  storage for pr. getter =      300 ?? common /rrr/ rab(        0 )  ????
 ------------------------------------------------------------------------------
  backling =  5.0000002E-04
 ------------------------------------------------------------------------------
  number of cells =           1
          cell number    1  number of zone= 3
 << geometry characteristics >>
    geometry of cell- cilindrical index=           2
  kratnost of cell =   1.000000
  inner radius of cell =  0.0000000E+00
  out square ratio =   1.000000
 ------------------------------------------------------------------------------
 num zone      1           2           3
 radius   0.46000E+00 0.51000E+00 0.87000E+00
 temper   0.15000E+04 0.78000E+03 0.75000E+03
 rez_izot    u238        bad         bad
 ------------------------------------------------------------------------------
    izotop   /             concentration number of izotops=64
  1 th32     0.62000E-02 0.00000E+00 0.00000E+00
  2 u233     0.72000E-03 0.00000E+00 0.00000E+00
  3 u234     0.69000E-04 0.00000E+00 0.00000E+00
  4 u235     0.50000E-05 0.00000E+00 0.00000E+00
  5 u238     0.62000E-02 0.00000E+00 0.00000E+00
  6 np37     0.15980E-02 0.00000E+00 0.00000E+00
  7 pu38     0.86000E-03 0.00000E+00 0.00000E+00
  8 pu39     0.11000E-02 0.00000E+00 0.00000E+00
  9 pu40     0.13400E-03 0.00000E+00 0.00000E+00
 10 pu41     0.88000E-05 0.00000E+00 0.00000E+00
 11 cm45     0.10000E-13 0.00000E+00 0.00000E+00
 12 o        0.34000E-01 0.00000E+00 0.10000E-18
 13 n        0.27200E-11 0.00000E+00 0.00000E+00
 14 fe       0.00000E+00 0.71040E-01 0.00000E+00
 15 cr       0.00000E+00 0.10030E-01 0.00000E+00
 16 si       0.00000E+00 0.50000E-02 0.00000E+00
 17 pb       0.00000E+00 0.00000E+00 0.30430E-01
    > CONSYST Program Ver: 98.01 > started at  0: 0: 0:
    { Manturov G., E-mail: abbn@ippe.rssi.ru}

       -------------------------------

       CONSYST INPUT DATA READ FROM : cons.dat
       CONSYST PROTOCOL STORED IN   : RESULT
       GMF X-SECTION'S FILE         : OUT
       TEMPORARY FILE               : RAB
       ABBN BASIC DATA SET FROM     : ..\bin\Bnab90.lib
       ABBN MULTIC DATA SET FROM    : ..\bin\Bnabmlt.lib
       ABBN THERMAL DATA SET FROM   : ..\bin\BNABTHM.lib

    >>  K-inf(MLT)= 1.45164 Balance= 1.00331 NU= 2.86 FI-Sum=  8.88E+01
    > CONSYST finished at  0: 0: 0:
 therm. calculation avoided
 therm. calculation avoided
 therm. calculation avoided
 therm. calculation avoided
 therm. calculation avoided
 therm. calculation avoided
 therm. calculation avoided
 therm. calculation avoided
 therm. calculation avoided
 *************************************************
   ***k(inf)= 1.26235     ***k(itt)= 1.05455     ***k(integ)= 1.05455    ***
   **bakl= 0.50000E-03 **length=  140.50      ***
   **matr.  alout*alcorr a(k,i)(k=1,ncel) ***
     *  1.0000
 lokal kner      in cell ,ru=           1=   1.000000       1.000000
:corr
 ------------------------------------------------------------------------------
  backling =  5.0000002E-04
 ------------------------------------------------------------------------------
  number of cells =           1
          cell number    1  number of zone= 3
 << geometry characteristics >>
    geometry of cell- cilindrical index=           2
  kratnost of cell =   1.000000
  inner radius of cell =  0.0000000E+00
  out square ratio =   1.000000
 ------------------------------------------------------------------------------
 num zone      1           2           3
 radius   0.46000E+00 0.51000E+00 0.87000E+00
 temper   0.15000E+04 0.78000E+03 0.75000E+03
 rez_izot    u238        bad         bad
 ------------------------------------------------------------------------------
    izotop   /             concentration number of izotops=64
  1 th32     0.62000E-02 0.00000E+00 0.00000E+00
  2 u233     0.72000E-03 0.00000E+00 0.00000E+00
  3 u234     0.69000E-04 0.00000E+00 0.00000E+00
  4 u235     0.50000E-05 0.00000E+00 0.00000E+00
  5 u238     0.62000E-02 0.00000E+00 0.00000E+00
  6 np37     0.15980E-02 0.00000E+00 0.00000E+00
  7 pu38     0.86000E-03 0.00000E+00 0.00000E+00
  8 pu39     0.11000E-02 0.00000E+00 0.00000E+00
  9 pu40     0.13400E-03 0.00000E+00 0.00000E+00
 10 pu41     0.88000E-05 0.00000E+00 0.00000E+00
 11 cm45     0.10000E-13 0.00000E+00 0.00000E+00
 12 o        0.34000E-01 0.00000E+00 0.10000E-18
 13 n        0.27200E-11 0.00000E+00 0.00000E+00
 14 fe       0.00000E+00 0.71040E-01 0.00000E+00
 15 cr       0.00000E+00 0.10030E-01 0.00000E+00
 16 si       0.00000E+00 0.50000E-02 0.00000E+00
 17 pb       0.00000E+00 0.00000E+00 0.30430E-01
:macro
    -------------------------------------------------------------------------------
    * n group   * e(i)        * e(i+1)      *spect neutron fission  *
          1       0.20000E+08    0.0000            1.0000
    *******************************************************************************
                                       **    macro cross section    **
    *******************************************************************************
    ** n zone    1 vzone=  2.3779     /  1  2  3
*grp*flux 1/cm2c  * stotal      * sabs        * sfis.       * nu$sfis.    * 1/3*strans  *1/aver.veloci*aver power
  1   102.0086     0.2678174     0.3443991E-02 0.1554773E-02 0.4347526E-02  1.357283     0.6472513E-06  1.262351      1.000000
                                       * matric. scat.cross. sec. from i to j  *
       i / j -->            1
       i        1 0.2643734
:burn
 *** nuclid chain            :chmc
 *** time from start (day)   :   10.00000
 *** number of step          :           1
 *** power dens. (mwt/m**3) =    300.0000
 *** average burn up =   1.6169     (mbt*day)/(kg hm)
 *** concentration and burn up in sloy   1   ***
 ***       burn up =     1.6169     ***
 ** izotop ** conc       ** flux*10-14     **  sa      ** sf **
      slag  0.11460E-04    58.827           0.18668      0.0000
      tc99  0.17339E-05    58.827           0.46315      0.0000
      rh03  0.12322E-05    58.827           0.51904      0.0000
      ag09  0.11274E-06    58.827           0.50705      0.0000
      cd13  0.10075E-07    58.827           0.41123      0.0000
      xe35  0.90363E-07    58.827           0.46070E-01  0.0000
      sm49  0.24207E-06    58.827            1.3189      0.0000
      sm51  0.15303E-06    58.827            1.2316      0.0000
      eu55  0.27590E-07    58.827           0.75145      0.0000
      gd55  0.64305E-10    58.827            1.7158      0.0000
      gd56  0.37640E-08    58.827           0.57138      0.0000
      gd57  0.87538E-08    58.827           0.80196      0.0000
      u235  0.51125E-05    58.827            2.1117      1.6815
      u236  0.11044E-07    58.827           0.44684     0.97507E-01
      u238  0.61908E-02    58.827           0.29144     0.39919E-01
      np37  0.15856E-02    58.827            1.5373     0.35393
      np39  0.25325E-05    58.827            2.0477     0.49224
      pu38  0.86263E-03    58.827            1.5439      1.1060
      pu39  0.10958E-02    58.827            2.0535      1.6793
      pu40  0.13552E-03    58.827           0.82355     0.38957
      pu41  0.89696E-05    58.827            2.5697      2.2358
      pu42  0.15061E-07    58.827           0.61809     0.25991
      am41  0.11540E-07    58.827            1.7319     0.29707
      am2m  0.40494E-11    58.827            3.6957      3.4082
      am43  0.13652E-10    58.827            1.0268     0.23445
      cm42  0.25615E-10    58.827            1.1463     0.75372
      cm44  0.34011E-13    58.827           0.85009     0.43131
      cm45  0.98811E-14    58.827            2.7010      2.4201
      th32  0.61904E-02    58.827           0.30351     0.93914E-02
      pa33  0.81510E-05    58.827           0.86935     0.61881E-01
      u233  0.71129E-03    58.827            2.6964      2.4734
      u234  0.69521E-04    58.827           0.82522     0.35142
      sm52  0.10979E-06    58.827           0.31040      0.0000
      xe31  0.88144E-06    58.827           0.23215      0.0000
      cs33  0.19158E-05    58.827           0.31644      0.0000
      nd45  0.10268E-05    58.827           0.34710      0.0000
      nd43  0.15166E-05    58.827           0.20352      0.0000
      pm47  0.63127E-06    58.827           0.74219      0.0000
      mo95  0.16706E-05    58.827           0.24371      0.0000
      cs34  0.15358E-08    58.827           0.71332      0.0000
      pr41  0.16026E-05    58.827           0.81231E-01  0.0000
      pm48  0.42927E-09    58.827            1.1565      0.0000
      pm8m  0.52926E-09    58.827            1.9940      0.0000
      rh05  0.14685E-06    58.827           0.48360      0.0000
      pm49  0.11125E-06    58.827           0.74219      0.0000
      kr83  0.12816E-06    58.827           0.17439      0.0000
      ru01  0.14283E-05    58.827           0.53373      0.0000
      pd05  0.54957E-06    58.827           0.72409      0.0000
      cs35  0.15673E-05    58.827           0.13542      0.0000
      sm50  0.95044E-09    58.827           0.30548      0.0000
      eu51  0.17090E-10    58.827            2.3263      0.0000
      eu53  0.86372E-10    58.827            1.6329      0.0000
      eu54  0.23817E-12    58.827            2.3791      0.0000
      gd54  0.13437E-15    58.827           0.18668      0.0000
      am42  0.66099E-11    58.827           0.18668      0.0000
      cm43  0.15700E-13    58.827            2.4633      2.2816
 *** nuclid chain            :chad
 *** time from start (day)   :   10.00000
 *** number of step          :           1
 *** power dens. (mwt/m**3) =    300.0000
 *** concentration and burn up in sloy   1   ***
 ***       burn up =     4835.9     ***
 ** izotop ** conc       ** flux*10-14     **  sa      ** sf **
      slag  0.11460E-04    58.827           0.18668      0.0000
    > CONSYST Program Ver: 98.01 > started at  0: 0: 0:
    { Manturov G., E-mail: abbn@ippe.rssi.ru}

       -------------------------------

       CONSYST INPUT DATA READ FROM : cons.dat
       CONSYST PROTOCOL STORED IN   : RESULT
       GMF X-SECTION'S FILE         : OUT
       TEMPORARY FILE               : RAB
       ABBN BASIC DATA SET FROM     : ..\bin\Bnab90.lib
       ABBN MULTIC DATA SET FROM    : ..\bin\Bnabmlt.lib
       ABBN THERMAL DATA SET FROM   : ..\bin\BNABTHM.lib

    >>  K-inf(MLT)= 1.44806 Balance= 1.00337 NU= 2.86 FI-Sum=  8.89E+01
    > CONSYST finished at  0: 0: 0:
 therm. calculation avoided
 therm. calculation avoided
 therm. calculation avoided
 therm. calculation avoided
 therm. calculation avoided
 therm. calculation avoided
 therm. calculation avoided
 therm. calculation avoided
 therm. calculation avoided
 *************************************************
   ***k(inf)= 1.25875     ***k(itt)= 1.05127     ***k(integ)= 1.05127    ***
   **bakl= 0.50000E-03 **length=  140.50      ***
   **matr.  alout*alcorr a(k,i)(k=1,ncel) ***
     *  1.0000
 lokal kner      in cell ,ru=           1=   1.000000       1.000000
:macro
    -------------------------------------------------------------------------------
    * n group   * e(i)        * e(i+1)      *spect neutron fission  *
          1       0.20000E+08    0.0000            1.0000
    *******************************************************************************
    Keff=1.0512871375                              **    macro cross section    **
    *******************************************************************************
    ** n zone    1 vzone=  2.3779     /  1  2  3
*grp*flux 1/cm2c  * stotal      * sabs        * sfis.       * nu$sfis.    * 1/3*strans  *1/aver.veloci*aver power
  1   102.1675     0.2678806     0.3437750E-02 0.1547045E-02 0.4327281E-02  1.356946     0.6490271E-06  1.258754      1.000000
                                       * matric. scat.cross. sec. from i to j  *
       i / j -->            1
       i        1 0.2644430
:corr
 ------------------------------------------------------------------------------
  backling =  5.0000002E-04
 ------------------------------------------------------------------------------
  number of cells =           1
          cell number    1  number of zone= 3
 << geometry characteristics >>
    geometry of cell- cilindrical index=           2
  kratnost of cell =   1.000000
  inner radius of cell =  0.0000000E+00
  out square ratio =   1.000000
 ------------------------------------------------------------------------------
 num zone      1           2           3
 radius   0.46000E+00 0.51000E+00 0.87000E+00
 temper   0.15000E+04 0.78000E+03 0.75000E+03
 rez_izot    u238        bad         bad
 ------------------------------------------------------------------------------
    izotop   /             concentration number of izotops=64
  1 th32     0.61904E-02 0.00000E+00 0.00000E+00
  2 u233     0.71129E-03 0.00000E+00 0.00000E+00
  3 u234     0.69521E-04 0.00000E+00 0.00000E+00
  4 u235     0.51125E-05 0.00000E+00 0.00000E+00
  5 u238     0.61908E-02 0.00000E+00 0.00000E+00
  6 np37     0.15856E-02 0.00000E+00 0.00000E+00
  7 pu38     0.86263E-03 0.00000E+00 0.00000E+00
  8 pu39     0.10958E-02 0.00000E+00 0.00000E+00
  9 pu40     0.13552E-03 0.00000E+00 0.00000E+00
 10 pu41     0.89696E-05 0.00000E+00 0.00000E+00
 11 cm45     0.98811E-14 0.00000E+00 0.00000E+00
 12 o        0.34000E-01 0.00000E+00 0.10000E-18
 13 n        0.27200E-11 0.00000E+00 0.00000E+00
 14 fe       0.00000E+00 0.71040E-01 0.00000E+00
 15 cr       0.00000E+00 0.10030E-01 0.00000E+00
 16 si       0.00000E+00 0.50000E-02 0.00000E+00
 17 pb       0.00000E+00 0.00000E+00 0.30430E-01
 20 u236     0.11044E-07 0.00000E+00 0.00000E+00
 21 slag     0.11460E-04 0.00000E+00 0.00000E+00
 22 tc99     0.17339E-05 0.00000E+00 0.00000E+00
 23 rh03     0.12322E-05 0.00000E+00 0.00000E+00
 24 ag09     0.11274E-06 0.00000E+00 0.00000E+00
 25 cd13     0.10075E-07 0.00000E+00 0.00000E+00
 26 xe35     0.90363E-07 0.00000E+00 0.00000E+00
 27 sm49     0.24207E-06 0.00000E+00 0.00000E+00
 28 sm51     0.15303E-06 0.00000E+00 0.00000E+00
 29 eu55     0.27590E-07 0.00000E+00 0.00000E+00
 30 gd55     0.64305E-10 0.00000E+00 0.00000E+00
 31 gd56     0.37640E-08 0.00000E+00 0.00000E+00
 32 gd57     0.87538E-08 0.00000E+00 0.00000E+00
 33 np39     0.25325E-05 0.00000E+00 0.00000E+00
 34 pu42     0.15061E-07 0.00000E+00 0.00000E+00
 35 am41     0.11540E-07 0.00000E+00 0.00000E+00
 36 am2m     0.40494E-11 0.00000E+00 0.00000E+00
 37 am43     0.13652E-10 0.00000E+00 0.00000E+00
 38 cm42     0.25615E-10 0.00000E+00 0.00000E+00
 39 cm44     0.34011E-13 0.00000E+00 0.00000E+00
 40 pa33     0.81510E-05 0.00000E+00 0.00000E+00
 41 sm52     0.10979E-06 0.00000E+00 0.00000E+00
 42 xe31     0.88144E-06 0.00000E+00 0.00000E+00
 43 cs33     0.19158E-05 0.00000E+00 0.00000E+00
 44 nd45     0.10268E-05 0.00000E+00 0.00000E+00
 45 nd43     0.15166E-05 0.00000E+00 0.00000E+00
 46 pm47     0.63127E-06 0.00000E+00 0.00000E+00
 47 mo95     0.16706E-05 0.00000E+00 0.00000E+00
 48 cs34     0.15358E-08 0.00000E+00 0.00000E+00
 49 pr41     0.16026E-05 0.00000E+00 0.00000E+00
 50 pm48     0.42927E-09 0.00000E+00 0.00000E+00
 51 pm8m     0.52926E-09 0.00000E+00 0.00000E+00
 52 rh05     0.14685E-06 0.00000E+00 0.00000E+00
 53 pm49     0.11125E-06 0.00000E+00 0.00000E+00
 54 kr83     0.12816E-06 0.00000E+00 0.00000E+00
 55 ru01     0.14283E-05 0.00000E+00 0.00000E+00
 56 pd05     0.54957E-06 0.00000E+00 0.00000E+00
 57 cs35     0.15673E-05 0.00000E+00 0.00000E+00
 58 sm50     0.95044E-09 0.00000E+00 0.00000E+00
 59 eu51     0.17090E-10 0.00000E+00 0.00000E+00
 60 eu53     0.86372E-10 0.00000E+00 0.00000E+00
 61 eu54     0.23817E-12 0.00000E+00 0.00000E+00
 62 gd54     0.13437E-15 0.00000E+00 0.00000E+00
 63 am42     0.66099E-11 0.00000E+00 0.00000E+00
 64 cm43     0.15700E-13 0.00000E+00 0.00000E+00
:stop
