 *****          file of input data set *******
:poly
@:vvod
 &vvod
 iout(84)=1,  @print s0@
@@@@@@@@@@@ 2 cells  @@@@@@@@@@@@@@@@@@@@@@2
@ iout(110)=1,
@iout(10)=5,
@@@@@@
 @ 1        cell@ rcel(1,1)=.5,1.1447,igc(1)=3,
                    ncelsos(1,1)=1,4,
 @ 2 u ring   @ rcel(1,2)=2,3, rcin(2) =1., hcel(2)=2,
                 ncelsos(1,2)=2,5,
 alout=   0.333333,0.0,
          0.000000,1.0,
 aloi=    0.000000,.666667,
          0.000000,0.0,
 alio=    0.000000,0.0,
          1.000000,0.0,
 krat=1,1, ntcell=1,2,
@@@@@@@@@@@@@@@@@@@@@@@@@@@@@
@ @ 3 h2o ring   @ rcel(1,3)=3., rcin(3) =2., hcel(3)=2,
@                 ncelsos(1,3)=5,
@ ntcell=1,2,3,
@ krat= 1.00,1.00,1.00,
@ alout=
@       0.3333333,0.0000000,.0,
@       0.0000000,0.0000000,.0,
@       0.0000000,0.0000000,1.0,
@@ alin=
@@       0.0000000,0.0000000,
@@       0.0000000,0.0000000,
@ aloi=
@       0.0000000,0.6666667,.0,
@       0.0000000,0.0000000,1.,
@       0.0000000,0.0000000,.0,
@ alio=
@       0.0000000,0.0000000,.0,
@       1.0000000,0.0000000,.0,
@       0.0000000,1.0000000,.0,
 t=        0.30000e+03, 0.30000e+03, 0.30000e+03,0.30000e+03, 0.60000e+03,
 troiz=
 @ 1 *h* @ 0.00000e+00, 0.00000e+00, 0.00000e+00,0.66834e-01, 0.333000e-01,
 @ 2 *o* @ 0.00000e+00, 0.00000e+00, 0.00000e+00,0.33418e-01, 0.155000e-01,
 @ 6 zr  @ 0.00000e+00, 0.00000e+00, 0.42670e-01,0.00000e+00, 0.000000e+00,
 @ 8 nb  @ 0.00000e+00, 0.00000e+00, 0.42400e-03,0.00000e+00, 0.00000e+00,
 @ 9 hf  @ 0.00000e+00, 0.00000e+00, 0.11050e-04,0.00000e+00, 0.00000e+00,
 @13 u235@ 0.84306e-03, 0.33736e-03, 0.00000e+00,0.00000e+00, 0.00000e+00,
 @14 u238@ 0.20233e-01, 0.47337e-01, 0.00000e+00,0.00000e+00, 0.00000e+00,
 @15 o   @ 0.42645e-01, 0.00000e-01, 0.00000e+00,0.00000e+00, 0.00000e+00,
 material(1)='chmc',
@@@@@@@@@@@@@@@@@@@@@@@
 &end
*h*
*o*
zr
nb
hf
u235
u238
o
****
@:corr
 &vvod &end
@:stop
:macr
 &vvod et=20.0e+6,1.,1.,0.,
  nbv=4*1,
 &end
:macr
 &vvod et=20.0e+6,1.,1.,0.,
  nbv=1,2,3,4,
 &end
:micr
 &vvod et=20.0e+6,0.,
  nbv(1)=1,nbv(3)=1,
  izotprnt=100*-1,izotprnt(1)=1,izotprnt(2)=1,izotprnt(6)=1,izotprnt(7)=1,
                  izotprnt(27)=1,izotprnt(28)=1,izotprnt(29)=1,
 &end
:micr
 &vvod et=20.0e+6,0.,
  nbv(2)=1,nbv(4)=1,
  izotprnt=100*-1,izotprnt(1)=1,izotprnt(2)=1,izotprnt(6)=1,izotprnt(7)=1,
                  izotprnt(27)=1,izotprnt(28)=1,izotprnt(29)=1,
 &end
@:micr
 &vvod et=20.0e+6,0.,
  nbv(16)=4*1,nbv(22)=4*1,
  izotprnt=100*-1,izotprnt(10)=1,izotprnt(11)=1,
 &end
@:micr
 &vvod et=20.0e+6,0.,
  nbv(16)=1,2,3,4,nbv(22)=1,2,3,4,
  izotprnt=100*-1,izotprnt(10)=1,izotprnt(11)=1,
 &end
@:stop
:burn
 &vvod qv=39.,dtim=4.4,
 &end
:macr
 &vvod et=20.0e+6,1.,1.,0.,
  nbv=4*1,
 &end
:macr
 &vvod et=20.0e+6,1.,1.,0.,
  nbv=1,2,3,4,
 &end
:micr
 &vvod et=20.0e+6,0.,
  nbv(1)=1,nbv(3)=1,nbv(2)=2,nbv(4)=2,
  izotprnt=100*-1,izotprnt(1)=1,izotprnt(2)=1,izotprnt(6)=1,izotprnt(7)=1,
                  izotprnt(27)=1,izotprnt(28)=1,izotprnt(29)=1,
 &end
@:corr
 &vvod &end
:stop
 ***** end of   file of input data set *******
:poly                                                                           
  rout and rin were constructed
Rout= 0.500, 1.145, 2.000, 3.000,
Rin = 0.000, 0.500, 0.000, 2.000,
  nsos  was constructed
nsos=  1,  4,  2,  5,
 definition izotr in sos           1:izotr=   7.000000    
 definition izotr in sos           2:izotr=   7.000000    
  *******<< check input data>> programm declare *******
    --undeclared parametr--cefzad  -- programm standart value --cefzad  =  0.100000E+01
  *******<< check input data>> programm declare *******
    --undeclared parametr--bakl    -- programm standart value --bakl    =  0.000000E+00
  *******<< check input data>> programm declare *******
    --undeclared parametr--alin    -- programm standart value --alin    =  0.000000E+00  0.000000E+00
     0.000000E+00  0.000000E+00
  *******<< check input data>> programm declare *******
    --undeclared parametr--alcorr  -- programm standart value --alcorr  =  0.100000E+01  0.100000E+01
     0.100000E+01  0.100000E+01
  *******<< check input data>> programm declare *******
    --uncorrected definition--alin    --bat programm use this value --alin      0.000000E+00  0.000000E+00
     0.000000E+00  0.000000E+00
  *******<< check input data>> programm declare *******
    --uncorrected definition--alout   --bat programm use this value --alout     0.333333E+00  0.000000E+00
     0.000000E+00  0.100000E+01
  *******<< check input data>> programm declare *******
    --undeclared parametr--nbv     -- programm standart value --nbv     =    1    1    1    1
  *******<< check input data>> programm declare *******
    --undeclared parametr--et      -- programm standart value --et      =  0.105000E+08  0.215000E+01
     0.215000E+01  0.000000E+00
    ????  storage for pr. getter =      400 ?? common /rrr/ rab(        0 )  ????
 ------------------------------------------------------------------------------
  backling =  0.0000000E+00
 ------------------------------------------------------------------------------
  number of cells =           2
          cell number    1  number of zone= 2
 << geometry characteristics >>
    geometry of cell- sphere      index=           3
  kratnost of cell =   1.000000    
  inner radius of cell =  0.0000000E+00
  out square ratio =  0.3333330      0.0000000E+00
 ------------------------------------------------------------------------------
 num zone      1           2
 radius   0.50000E+00 0.11447E+01
 temper   0.30000E+03 0.30000E+03
 rez_izot    u238        bad 
 ------------------------------------------------------------------------------
    izotop   /             concentration number of izotops=64
  1 *h*      0.00000E+00 0.66834E-01
  2 *o*      0.00000E+00 0.33418E-01
  6 u235     0.84306E-03 0.00000E+00
  7 u238     0.20233E-01 0.00000E+00
  8 o        0.42645E-01 0.00000E+00
 ------------------------------------------------------------------------------
  number of cells =           2
          cell number    2  number of zone= 2
 << geometry characteristics >>
    geometry of cell- cilindrical index=           2
  kratnost of cell =   1.000000    
  inner radius of cell =   1.000000    
  out square ratio =  0.0000000E+00   1.000000    
 ------------------------------------------------------------------------------
 num zone      3           4
 radius   0.20000E+01 0.30000E+01
 temper   0.30000E+03 0.60000E+03
 rez_izot    u238        bad 
 ------------------------------------------------------------------------------
    izotop   /             concentration number of izotops=64
  1 *h*      0.00000E+00 0.33300E-01
  2 *o*      0.00000E+00 0.15500E-01
  6 u235     0.33736E-03 0.00000E+00
  7 u238     0.47337E-01 0.00000E+00
 Cdankov s0 in zone   1 = 0.76437E+00 0.13300E+01
 Cdankov s0 in zone   3 = 0.85366E+00 0.49512E+00
    > CONSYST Program Ver: 98.01 > started at  0: 0: 0:  
    { Manturov G., E-mail: abbn@ippe.rssi.ru}
 
       -------------------------------
 
       CONSYST INPUT DATA READ FROM : cons.dat
       CONSYST PROTOCOL STORED IN   : RESULT
       GMF X-SECTION'S FILE         : OUT
       TEMPORARY FILE               : RAB
       ABBN BASIC DATA SET FROM     : ..\bin\Bnab90.lib
       ABBN MULTIC DATA SET FROM    : ..\bin\Bnabmlt.lib
       ABBN THERMAL DATA SET FROM   : ..\bin\BNABTHM.lib
 
    >   Include Thermal Matrix > H(H2O):BNABTHM.BIN   Temp=  300K
    >   Include Thermal Matrix > H(H2O):BNABTHM.BIN   Temp=  350K
    >   Include Thermal Matrix > H(H2O):BNABTHM.BIN   Temp=  600K
    >   Include Thermal Matrix > H(H2O):BNABTHM.BIN   Temp=  800K
    > CONSYST finished at  0: 0: 0:  
 therm. calculation avoided
 therm. calculation avoided
 therm. calculation avoided
 therm. calculation avoided
 therm. calculation avoided
 therm. calculation avoided
 therm. calculation avoided
 *************************************************
   ***k(inf)=0.977434     ***k(itt)=0.977434     ***k(integ)=0.977434    ***
   **bakl=  0.0000     **length= 0.10000E+11  ***
   **matr.  alout*alcorr a(k,i)(k=1,ncel) ***
     * 0.33333      0.0000    
     *  0.0000      1.0000    
 lokal kner      in cell ,ru=           1=  0.6843936      0.5809931    
 lokal kner      in cell ,ru=           2=   1.039449       1.052374    
:macr                                                                           
    -------------------------------------------------------------------------------
    * n group   * e(i)        * e(i+1)      *spect neutron fission  *
          1       0.20000E+08    1.0000            1.0000    
          2        1.0000        0.0000           0.39961E-09
    *******************************************************************************
                                       **    macro cross section    **
    *******************************************************************************
    ** n zone    1 vzone=  56.548     /  1  2  3  4
*grp*flux 1/cm2c  * stotal      * sabs        * sfis.       * nu$sfis.    * 1/3*strans  *1/aver.veloci*aver power
  1  0.6486058     0.5161053     0.1092412E-01 0.2558676E-02 0.6887774E-02  1.533687     0.1744384E-05 0.6305104     0.2394809    
  2  0.1758246      1.203562     0.6027888E-01 0.2997474E-01 0.7289904E-01 0.3768460     0.2470999E-04  1.209363     0.7605190    
                                       * matric. scat.cross. sec. from i to j  *
       i / j -->            1           2
       i        1 0.4887885     0.1639269E-01
       i        2 0.1928064E-03  1.143091    
:macr                                                                           
    -------------------------------------------------------------------------------
    * n group   * e(i)        * e(i+1)      *spect neutron fission  *
          1       0.20000E+08    1.0000            1.0000    
          2        1.0000        0.0000           0.39961E-09
    *******************************************************************************
                                       **    macro cross section    **
    *******************************************************************************
    ** n zone    1 vzone= 0.52360     /  1
*grp*flux 1/cm2c  * stotal      * sabs        * sfis.       * nu$sfis.    * 1/3*strans  *1/aver.veloci*aver power
  1  0.7664868     0.3816166     0.2941278E-01 0.8722981E-02 0.2217815E-01  1.275646     0.1803832E-07 0.7540310     0.3305402    
  2  0.1844907     0.5513094     0.3592676     0.2783023     0.6768365     0.2982051     0.2643453E-06  1.883934      2.538316    
                                       * matric. scat.cross. sec. from i to j  *
       i / j -->            1           2
       i        1 0.3521568     0.4702324E-04
       i        2  0.000000     0.1920418    
    ** n zone    2 vzone=  5.7594     /  2
*grp*flux 1/cm2c  * stotal      * sabs        * sfis.       * nu$sfis.    * 1/3*strans  *1/aver.veloci*aver power
  1  0.7272900     0.9124166     0.3666921E-03  0.000000      0.000000      1.249627     0.2035374E-06  0.000000      0.000000    
  2  0.2053691      2.576034     0.1395652E-01  0.000000      0.000000     0.2462556     0.3367093E-05  0.000000      0.000000    
                                       * matric. scat.cross. sec. from i to j  *
       i / j -->            1           2
       i        1 0.8700331     0.4201677E-01
       i        2 0.1705755E-03  2.561907    
    ** n zone    3 vzone=  18.850     /  3
*grp*flux 1/cm2c  * stotal      * sabs        * sfis.       * nu$sfis.    * 1/3*strans  *1/aver.veloci*aver power
  1  0.6582338     0.4823815     0.3093290E-01 0.7281563E-02 0.1964361E-01  1.393228     0.5384554E-06 0.6350396     0.2369515    
  2  0.1500776     0.6064179     0.1814217     0.9584773E-01 0.2331032     0.4381916     0.6795621E-05  1.284869     0.7111358    
                                       * matric. scat.cross. sec. from i to j  *
       i / j -->            1           2
       i        1 0.4513451     0.1034826E-03
       i        2  0.000000     0.4249962    
    ** n zone    4 vzone=  31.416     /  4
*grp*flux 1/cm2c  * stotal      * sabs        * sfis.       * nu$sfis.    * 1/3*strans  *1/aver.veloci*aver power
  1  0.6264393     0.4557585     0.1795449E-03  0.000000      0.000000      1.687961     0.9843527E-06  0.000000      0.000000    
  2  0.1857121      1.225658     0.5980707E-02  0.000000      0.000000     0.3748778     0.1428293E-04  0.000000      0.000000    
                                       * matric. scat.cross. sec. from i to j  *
       i / j -->            1           2
       i        1 0.4340370     0.2154179E-01
       i        2 0.2939921E-03  1.219384    
:micr                                                                           
    -------------------------------------------------------------------------------
    * n group   * e(i)        * e(i+1)
          1       0.20000E+08   0.10000E-04
    ---------------------------------------------------------------------------
         ** microcrossection  ** in   1  zone **v=  19.373    /  1  3
    * n group  * izotop  * at.mas      *dens         *flux 1/cm2c  * capture   * fission  *    * production *
          1       *h*        1.00         0.0000       0.81217       0.35468E-01      0.0000         0.0000    
          1       *o*       16.00         0.0000       0.81217       0.33296E-02      0.0000         0.0000    
          1       u235     235.00        0.35103E-03   0.81217        71.674          59.710         0.0000    
          1       u238     238.00        0.46604E-01   0.81217       0.74517         0.81893E-01     0.0000    
          1       pu39     239.00         0.0000       0.81217        216.00          139.35         0.0000    
          1       pu40     240.00         0.0000       0.81217        244.88         0.54705         0.0000    
          1       pu41     241.00         0.0000       0.81217        199.02          147.98         0.0000    
:micr                                                                           
    -------------------------------------------------------------------------------
    * n group   * e(i)        * e(i+1)
          1       0.20000E+08   0.10000E-04
    ---------------------------------------------------------------------------
         ** microcrossection  ** in   1  zone **v=  37.175    /  2  4
    * n group  * izotop  * at.mas      *dens         *flux 1/cm2c  * capture   * fission  *    * production *
          1       *h*        1.00        0.38495E-01   0.83082       0.45296E-01      0.0000         0.0000    
          1       *o*       16.00        0.18276E-01   0.83082       0.29982E-02      0.0000         0.0000    
          1       u235     235.00         0.0000       0.83082        90.002          74.920         0.0000    
          1       u238     238.00         0.0000       0.83082        6.3984         0.72157E-01     0.0000    
          1       pu39     239.00         0.0000       0.83082        264.33          171.22         0.0000    
          1       pu40     240.00         0.0000       0.83082        267.31         0.49564         0.0000    
          1       pu41     241.00         0.0000       0.83082        249.53          185.49         0.0000    
:burn                                                                           
 *** average burn up =  0.26926E-01 (mbt*day)/(kg hm)
    > CONSYST Program Ver: 98.01 > started at  0: 0: 0:  
    { Manturov G., E-mail: abbn@ippe.rssi.ru}
 
       -------------------------------
 
       CONSYST INPUT DATA READ FROM : cons.dat
       CONSYST PROTOCOL STORED IN   : RESULT
       GMF X-SECTION'S FILE         : OUT
       TEMPORARY FILE               : RAB
       ABBN BASIC DATA SET FROM     : ..\bin\Bnab90.lib
       ABBN MULTIC DATA SET FROM    : ..\bin\Bnabmlt.lib
       ABBN THERMAL DATA SET FROM   : ..\bin\BNABTHM.lib
 
    >   Include Thermal Matrix > H(H2O):BNABTHM.BIN   Temp=  300K
    >   Include Thermal Matrix > H(H2O):BNABTHM.BIN   Temp=  350K
    >   Include Thermal Matrix > H(H2O):BNABTHM.BIN   Temp=  600K
    >   Include Thermal Matrix > H(H2O):BNABTHM.BIN   Temp=  800K
    > CONSYST finished at  0: 0: 0:  
 therm. calculation avoided
 therm. calculation avoided
 therm. calculation avoided
 therm. calculation avoided
 therm. calculation avoided
 therm. calculation avoided
 therm. calculation avoided
 therm. calculation avoided
 *************************************************
   ***k(inf)=0.955801     ***k(itt)=0.955800     ***k(integ)=0.955801    ***
   **bakl=  0.0000     **length= 0.10000E+11  ***
   **matr.  alout*alcorr a(k,i)(k=1,ncel) ***
     * 0.33333      0.0000    
     *  0.0000      1.0000    
 lokal kner      in cell ,ru=           1=  0.6777227      0.5794721    
 lokal kner      in cell ,ru=           2=   1.040283       1.052564    
:macr                                                                           
    -------------------------------------------------------------------------------
    * n group   * e(i)        * e(i+1)      *spect neutron fission  *
          1       0.20000E+08    1.0000            1.0000    
          2        1.0000        0.0000           0.39959E-09
    *******************************************************************************
                                       **    macro cross section    **
    *******************************************************************************
    ** n zone    1 vzone=  56.548     /  1  2  3  4
*grp*flux 1/cm2c  * stotal      * sabs        * sfis.       * nu$sfis.    * 1/3*strans  *1/aver.veloci*aver power
  1  0.6485813     0.5161023     0.1093046E-01 0.2557589E-02 0.6886262E-02  1.533722     0.1743809E-05 0.6300066     0.2451022    
  2  0.1719430      1.203808     0.6161724E-01 0.2971335E-01 0.7232646E-01 0.3764768     0.2406614E-04  1.173802     0.7548978    
                                       * matric. scat.cross. sec. from i to j  *
       i / j -->            1           2
       i        1 0.4887845     0.1638740E-01
       i        2 0.1970821E-03  1.141994    
:macr                                                                           
    -------------------------------------------------------------------------------
    * n group   * e(i)        * e(i+1)      *spect neutron fission  *
          1       0.20000E+08    1.0000            1.0000    
          2        1.0000        0.0000           0.39959E-09
    *******************************************************************************
                                       **    macro cross section    **
    *******************************************************************************
    ** n zone    1 vzone= 0.52360     /  1
*grp*flux 1/cm2c  * stotal      * sabs        * sfis.       * nu$sfis.    * 1/3*strans  *1/aver.veloci*aver power
  1  0.7658734     0.3817427     0.2943519E-01 0.8696304E-02 0.2211412E-01  1.275146     0.1803192E-07 0.7512819     0.3371503    
  2  0.1797295     0.5661851     0.3716088     0.2754689     0.6701112     0.2975034     0.2560409E-06  1.803271      2.506247    
                                       * matric. scat.cross. sec. from i to j  *
       i / j -->            1           2
       i        1 0.3522604     0.4711424E-04
       i        2  0.000000     0.1945763    
    ** n zone    2 vzone=  5.7594     /  2
*grp*flux 1/cm2c  * stotal      * sabs        * sfis.       * nu$sfis.    * 1/3*strans  *1/aver.veloci*aver power
  1  0.7271385     0.9124656     0.3666452E-03  0.000000      0.000000      1.249539     0.2034746E-06  0.000000      0.000000    
  2  0.2008438      2.569207     0.1389595E-01  0.000000      0.000000     0.2462995     0.3278625E-05  0.000000      0.000000    
                                       * matric. scat.cross. sec. from i to j  *
       i / j -->            1           2
       i        1 0.8700892     0.4200967E-01
       i        2 0.1743502E-03  2.555137    
    ** n zone    3 vzone=  18.850     /  3
*grp*flux 1/cm2c  * stotal      * sabs        * sfis.       * nu$sfis.    * 1/3*strans  *1/aver.veloci*aver power
  1  0.6582251     0.4824118     0.3095094E-01 0.7279249E-02 0.1964128E-01  1.393264     0.5382291E-06 0.6345939     0.2425453    
  2  0.1462021     0.6125073     0.1865107     0.9542726E-01 0.2322977     0.4367650     0.6584683E-05  1.245493     0.7062492    
                                       * matric. scat.cross. sec. from i to j  *
       i / j -->            1           2
       i        1 0.4513575     0.1034655E-03
       i        2  0.000000     0.4259966    
    ** n zone    4 vzone=  31.416     /  4
*grp*flux 1/cm2c  * stotal      * sabs        * sfis.       * nu$sfis.    * 1/3*strans  *1/aver.veloci*aver power
  1  0.6264386     0.4557357     0.1795202E-03  0.000000      0.000000      1.688014     0.9840735E-06  0.000000      0.000000    
  2  0.1819595      1.223075     0.5960364E-02  0.000000      0.000000     0.3750541     0.1394679E-04  0.000000      0.000000    
                                       * matric. scat.cross. sec. from i to j  *
       i / j -->            1           2
       i        1 0.4340220     0.2153418E-01
       i        2 0.2999381E-03  1.216815    
:micr                                                                           
    -------------------------------------------------------------------------------
    * n group   * e(i)        * e(i+1)
          1       0.20000E+08   0.10000E-04
    ---------------------------------------------------------------------------
         ** microcrossection  ** in   1  zone **v=  19.373    /  1  3
    * n group  * izotop  * at.mas      *dens         *flux 1/cm2c  * capture   * fission  *    * production *
          1       *h*        1.00         0.0000       0.80824       0.34612E-01      0.0000         0.0000    
          1       *o*       16.00         0.0000       0.80824       0.33455E-02      0.0000         0.0000    
          1       u235     235.00        0.34970E-03   0.80824        70.023          58.290         0.0000    
          1       u238     238.00        0.46603E-01   0.80824       0.74029         0.82299E-01     0.0000    
          1       pu39     239.00        0.71231E-06   0.80824        212.13          136.73         0.0000    
          1       pu40     240.00        0.10500E-08   0.80824        244.96         0.54947         0.0000    
          1       pu41     241.00        0.35705E-11   0.80824        194.78          144.79         0.0000    
    ---------------------------------------------------------------------------
         ** microcrossection  ** in   2  zone **v=  37.175    /  2  4
    * n group  * izotop  * at.mas      *dens         *flux 1/cm2c  * capture   * fission  *    * production *
          1       *h*        1.00        0.38495E-01   0.82692       0.44468E-01      0.0000         0.0000    
          1       *o*       16.00        0.18276E-01   0.82692       0.30119E-02      0.0000         0.0000    
          1       u235     235.00         0.0000       0.82692        88.465          73.597         0.0000    
          1       u238     238.00         0.0000       0.82692        6.4194         0.72498E-01     0.0000    
          1       pu39     239.00         0.0000       0.82692        260.73          168.80         0.0000    
          1       pu40     240.00         0.0000       0.82692        267.51         0.49775         0.0000    
          1       pu41     241.00         0.0000       0.82692        245.50          182.47         0.0000    
:stop                                                                           
