 *****          file of input data set *******
:poly @ 1 homog
 &vvod
 iout(84)=1,  @print s0@
@@@@@@@@@@@ 2 cells  @@@@@@@@@@@@@@@@@@@@@@2
@ iout(110)=1,
@iout(10)=5,
@@@@@@
 @ 1        cell@ rcel(1,1)=.5,1.1447,igc(1)=3,
                    ncelsos(1,1)=1,4,
 @ 2 u ring   @ rcel(1,2)=2.,rcin(2) =1., hcel(2)=2,
                 ncelsos(1,2)=2,
 @ 3 h2o ring   @ rcel(1,3)=3.,rcin(3) =2., hcel(3)=2,
                 ncelsos(1,3)=5,
 ntcell=1,2,3,
 krat= 1.00,1.00,1.00,
 alout=
       0.3333333,0.0000000,.0,
       0.0000000,0.0000000,.0,
       0.0000000,0.0000000,1.0,
@ alin=
@       0.0000000,0.0000000,
@       0.0000000,0.0000000,
 aloi=
       0.0000000,0.6666667,.0,
       0.0000000,0.0000000,1.,
       0.0000000,0.0000000,.0,
 alio=
       0.0000000,0.0000000,.0,
       1.0000000,0.0000000,.0,
       0.0000000,1.0000000,.0,
 t=        0.30000e+03, 0.30000e+03, 0.30000e+03,0.30000e+03, 0.60000e+03,
 troiz=
 @ 1 *h* @ 0.00000e+00, 0.00000e+00, 0.00000e+00,0.66834e-01, 0.333000e-01,
 @ 2 *o* @ 0.00000e+00, 0.00000e+00, 0.00000e+00,0.33418e-01, 0.155000e-01,
 @ 6 zr  @ 0.00000e+00, 0.00000e+00, 0.42670e-01,0.00000e+00, 0.000000e+00,
 @ 8 nb  @ 0.00000e+00, 0.00000e+00, 0.42400e-03,0.00000e+00, 0.00000e+00,
 @ 9 hf  @ 0.00000e+00, 0.00000e+00, 0.11050e-04,0.00000e+00, 0.00000e+00,
 @13 u235@ 0.84306e-03, 0.33736e-03, 0.00000e+00,0.00000e+00, 0.00000e+00,
 @14 u238@ 0.20233e-01, 0.47337e-01, 0.00000e+00,0.00000e+00, 0.00000e+00,
 @15 o   @ 0.42645e-01, 0.00000e-01, 0.00000e+00,0.00000e+00, 0.00000e+00,
 material(1)='chmc',
@@@@@@@@@@@@@@@@@@@@@@@
 &end
*h*
*o*
zr
nb
hf
u235
u238
o
****
@:corr
 &vvod &end
:stop
:macr
 &vvod et=20.0e+6,0.65,0.65,0.,
  nbv=32*1,
 &end
:macr
 &vvod et=20.0e+6,1.,1.,0.,
  nbv=32*1,
 &end
:macr
 &vvod et=20.0e+6,2.15,2.15,0.,
  nbv=32*1,
 &end
:micr
 &vvod et=20.0e+6,0.,
  nbv(1)=1,nbv(4)=1,nbv(7)=1,nbv(10)=1,nbv(13)=1,
  izotprnt=100*-1,izotprnt(6)=1,izotprnt(7)=1,izotprnt(15)=1,izotprnt(28)=1,
  izotprnt(29)=1,izotprnt(30)=1,izotprnt(21)=1,izotprnt(22)=1,
 &end
:micr
 &vvod et=20.0e+6,0.,
  nbv(16)=4*1,nbv(22)=4*1,
  izotprnt=100*-1,izotprnt(10)=1,izotprnt(11)=1,
 &end
:micr
 &vvod et=20.0e+6,0.,
  nbv(16)=1,2,3,4,nbv(22)=1,2,3,4,
  izotprnt=100*-1,izotprnt(10)=1,izotprnt(11)=1,
 &end
:burn
 &vvod qv=39.,dtim=4.4,
 &end
:corr
 &vvod &end
:stop
 ***** end of   file of input data set *******
:poly                                                                           
  rout and rin were constructed
Rout= 0.500, 1.145, 2.000, 3.000,
Rin = 0.000, 0.500, 0.000, 0.000,
  nsos  was constructed
nsos=  1,  4,  2,  5,
 definition izotr in sos           1:izotr=   7.000000    
 definition izotr in sos           2:izotr=   7.000000    
  *******<< check input data>> programm declare *******
    --undeclared parametr--cefzad  -- programm standart value --cefzad  =  0.100000E+01
  *******<< check input data>> programm declare *******
    --undeclared parametr--bakl    -- programm standart value --bakl    =  0.000000E+00
  *******<< check input data>> programm declare *******
    --undeclared parametr--alin    -- programm standart value --alin    =  0.000000E+00  0.000000E+00
     0.000000E+00  0.000000E+00  0.000000E+00  0.000000E+00  0.000000E+00  0.000000E+00  0.000000E+00
  *******<< check input data>> programm declare *******
    --undeclared parametr--alcorr  -- programm standart value --alcorr  =  0.100000E+01  0.100000E+01
     0.100000E+01  0.100000E+01  0.100000E+01  0.100000E+01  0.100000E+01  0.100000E+01  0.100000E+01
  *******<< check input data>> programm declare *******
    --uncorrected definition--alin    --bat programm use this value --alin      0.000000E+00  0.000000E+00
     0.000000E+00  0.000000E+00  0.000000E+00  0.000000E+00  0.000000E+00  0.000000E+00  0.000000E+00
  *******<< check input data>> programm declare *******
    --uncorrected definition--alout   --bat programm use this value --alout     0.333333E+00  0.000000E+00
     0.000000E+00  0.000000E+00  0.000000E+00  0.000000E+00  0.000000E+00  0.000000E+00  0.100000E+01
  *******<< check input data>> programm declare *******
    --undeclared parametr--nbv     -- programm standart value --nbv     =    1    1    1    1
  *******<< check input data>> programm declare *******
    --undeclared parametr--et      -- programm standart value --et      =  0.105000E+08  0.215000E+01
     0.215000E+01  0.000000E+00
    ????  storage for pr. getter =      400 ?? common /rrr/ rab(        0 )  ????
 ------------------------------------------------------------------------------
  backling =  0.0000000E+00
 ------------------------------------------------------------------------------
  number of cells =           3
          cell number    1  number of zone= 2
 << geometry characteristics >>
    geometry of cell- sphere      index=           3
  kratnost of cell =   1.000000    
  inner radius of cell =  0.0000000E+00
  out square ratio =  0.3333333      0.0000000E+00  0.0000000E+00
 ------------------------------------------------------------------------------
 num zone      1           2
 radius   0.50000E+00 0.11447E+01
 temper   0.30000E+03 0.30000E+03
 rez_izot    u238        bad 
 ------------------------------------------------------------------------------
    izotop   /             concentration number of izotops=64
  1 *h*      0.00000E+00 0.66834E-01
  2 *o*      0.00000E+00 0.33418E-01
  6 u235     0.84306E-03 0.00000E+00
  7 u238     0.20233E-01 0.00000E+00
  8 o        0.42645E-01 0.00000E+00
 ------------------------------------------------------------------------------
  number of cells =           3
          cell number    2  number of zone= 1
 << geometry characteristics >>
    geometry of cell- cilindrical index=           2
  kratnost of cell =   1.000000    
  inner radius of cell =   1.000000    
  out square ratio =  0.0000000E+00  0.0000000E+00  0.0000000E+00
 ------------------------------------------------------------------------------
 num zone      3
 radius   0.20000E+01
 temper   0.30000E+03
 rez_izot    u238
 ------------------------------------------------------------------------------
    izotop   /             concentration number of izotops=64
  6 u235     0.33736E-03
  7 u238     0.47337E-01
 ------------------------------------------------------------------------------
  number of cells =           3
          cell number    3  number of zone= 1
 << geometry characteristics >>
    geometry of cell- cilindrical index=           2
  kratnost of cell =   1.000000    
  inner radius of cell =   2.000000    
  out square ratio =  0.0000000E+00  0.0000000E+00   1.000000    
 ------------------------------------------------------------------------------
 num zone      4
 radius   0.30000E+01
 temper   0.60000E+03
 rez_izot    bad 
 ------------------------------------------------------------------------------
    izotop   /             concentration number of izotops=64
  1 *h*      0.33300E-01
  2 *o*      0.15500E-01
 Cdankov s0 in zone   1 = 0.76437E+00 0.13300E+01
 Cdankov s0 in zone   3 = 0.85370E+00 0.49515E+00
    > CONSYST Program Ver: 98.01 > started at  0: 0: 0:  
    { Manturov G., E-mail: abbn@ippe.rssi.ru}
 
       -------------------------------
 
       CONSYST INPUT DATA READ FROM : cons.dat
       CONSYST PROTOCOL STORED IN   : RESULT
       GMF X-SECTION'S FILE         : OUT
       TEMPORARY FILE               : RAB
       ABBN BASIC DATA SET FROM     : ..\bin\Bnab90.lib
       ABBN MULTIC DATA SET FROM    : ..\bin\Bnabmlt.lib
       ABBN THERMAL DATA SET FROM   : ..\bin\BNABTHM.lib
 
    >   Include Thermal Matrix > H(H2O):BNABTHM.BIN   Temp=  300K
    >   Include Thermal Matrix > H(H2O):BNABTHM.BIN   Temp=  350K
    >   Include Thermal Matrix > H(H2O):BNABTHM.BIN   Temp=  600K
    >   Include Thermal Matrix > H(H2O):BNABTHM.BIN   Temp=  800K
    > CONSYST finished at  0: 0: 0:  
 therm. calculation avoided
 therm. calculation avoided
 therm. calculation avoided
 therm. calculation avoided
 therm. calculation avoided
 therm. calculation avoided
 therm. calculation avoided
 *************************************************
   ***k(inf)=0.977433     ***k(itt)=0.977433     ***k(integ)=0.977433    ***
   **bakl=  0.0000     **length= 0.10000E+11  ***
   **matr.  alout*alcorr a(k,i)(k=1,ncel) ***
     * 0.33333      0.0000      0.0000    
     *  0.0000      0.0000      0.0000    
     *  0.0000      0.0000      1.0000    
 lokal kner      in cell ,ru=           1=  0.3041766      0.2685360    
 lokal kner      in cell ,ru=           2=   1.231933       1.243812    
 lokal kner      in cell ,ru=           3=  0.0000000E+00  3.1959470E-02
:stop                                                                           
