 *****          file of input data set *******
:poly
@:vvod
 &vvod
 iout(84)=1,  @print s0@
@@@@@@@@@@@ 2 cells  @@@@@@@@@@@@@@@@@@@@@@2
@ iout(110)=1,
@iout(10)=5,
@@@@@@
 @ 1        cell@ rcel(1,1)=.5,1.1447,igc(1)=3,
                    ncelsos(1,1)=1,4,
 @ 2 u ring   @ rcel(1,2)=2,3, rcin(2) =1., hcel(2)=2,
                 ncelsos(1,2)=2,5,
 alout=   0.333333,0.0,
          0.000000,1.0,
 aloi=    0.000000,.666667,
          0.000000,0.0,
 alio=    0.000000,0.0,
          1.000000,0.0,
 krat=1,1, ntcell=1,2,
@@@@@@@@@@@@@@@@@@@@@@@@@@@@@
@ @ 3 h2o ring   @ rcel(1,3)=3., rcin(3) =2., hcel(3)=2,
@                 ncelsos(1,3)=5,
@ ntcell=1,2,3,
@ krat= 1.00,1.00,1.00,
@ alout=
@       0.3333333,0.0000000,.0,
@       0.0000000,0.0000000,.0,
@       0.0000000,0.0000000,1.0,
@@ alin=
@@       0.0000000,0.0000000,
@@       0.0000000,0.0000000,
@ aloi=
@       0.0000000,0.6666667,.0,
@       0.0000000,0.0000000,1.,
@       0.0000000,0.0000000,.0,
@ alio=
@       0.0000000,0.0000000,.0,
@       1.0000000,0.0000000,.0,
@       0.0000000,1.0000000,.0,
 t=        0.30000e+03, 0.30000e+03, 0.30000e+03,0.30000e+03, 0.60000e+03,
 troiz=
 @ 1 *h* @ 0.00000e+00, 0.00000e+00, 0.00000e+00,0.66834e-01, 0.333000e-01,
 @ 2 *o* @ 0.00000e+00, 0.00000e+00, 0.00000e+00,0.33418e-01, 0.155000e-01,
 @ 6 zr  @ 0.00000e+00, 0.00000e+00, 0.42670e-01,0.00000e+00, 0.000000e+00,
 @ 8 nb  @ 0.00000e+00, 0.00000e+00, 0.42400e-03,0.00000e+00, 0.00000e+00,
 @ 9 hf  @ 0.00000e+00, 0.00000e+00, 0.11050e-04,0.00000e+00, 0.00000e+00,
 @13 u235@ 0.84306e-03, 0.33736e-03, 0.00000e+00,0.00000e+00, 0.00000e+00,
 @14 u238@ 0.20233e-01, 0.47337e-01, 0.00000e+00,0.00000e+00, 0.00000e+00,
 @15 o   @ 0.42645e-01, 0.00000e-01, 0.00000e+00,0.00000e+00, 0.00000e+00,
 material(1)='chmc',
@@@@@@@@@@@@@@@@@@@@@@@
 &end
*h*
*o*
zr
nb
hf
u235
u238
o
****
@:corr
 &vvod &end
@:stop
:macr
 &vvod et=20.0e+6,1.,1.,0.,
  nbv=4*1,
 &end
@:micr
 &vvod et=20.0e+6,0.,
  nbv(1)=1,nbv(4)=1,nbv(7)=1,nbv(10)=1,nbv(13)=1,
  izotprnt=100*-1,izotprnt(6)=1,izotprnt(7)=1,izotprnt(15)=1,izotprnt(28)=1,
  izotprnt(29)=1,izotprnt(30)=1,izotprnt(21)=1,izotprnt(22)=1,
 &end
@:micr
 &vvod et=20.0e+6,0.,
  nbv(16)=4*1,nbv(22)=4*1,
  izotprnt=100*-1,izotprnt(10)=1,izotprnt(11)=1,
 &end
@:micr
 &vvod et=20.0e+6,0.,
  nbv(16)=1,2,3,4,nbv(22)=1,2,3,4,
  izotprnt=100*-1,izotprnt(10)=1,izotprnt(11)=1,
 &end
:burn
 &vvod qv=39.,dtim=4.4,
 &end
:corr
 &vvod &end
:stop
 ***** end of   file of input data set *******
:poly                                                                           
  rout and rin were constructed
Rout= 0.500, 1.145, 2.000, 3.000,
Rin = 0.000, 0.500, 0.000, 2.000,
  nsos  was constructed
nsos=  1,  4,  2,  5,
 definition izotr in sos           1:izotr=   7.000000    
 definition izotr in sos           2:izotr=   7.000000    
  *******<< check input data>> programm declare *******
    --undeclared parametr--cefzad  -- programm standart value --cefzad  =  0.100000E+01
  *******<< check input data>> programm declare *******
    --undeclared parametr--bakl    -- programm standart value --bakl    =  0.000000E+00
  *******<< check input data>> programm declare *******
    --undeclared parametr--alin    -- programm standart value --alin    =  0.000000E+00  0.000000E+00
     0.000000E+00  0.000000E+00
  *******<< check input data>> programm declare *******
    --undeclared parametr--alcorr  -- programm standart value --alcorr  =  0.100000E+01  0.100000E+01
     0.100000E+01  0.100000E+01
  *******<< check input data>> programm declare *******
    --uncorrected definition--alin    --bat programm use this value --alin      0.000000E+00  0.000000E+00
     0.000000E+00  0.000000E+00
  *******<< check input data>> programm declare *******
    --uncorrected definition--alout   --bat programm use this value --alout     0.333333E+00  0.000000E+00
     0.000000E+00  0.100000E+01
  *******<< check input data>> programm declare *******
    --undeclared parametr--nbv     -- programm standart value --nbv     =    1    1    1    1
  *******<< check input data>> programm declare *******
    --undeclared parametr--et      -- programm standart value --et      =  0.105000E+08  0.215000E+01
     0.215000E+01  0.000000E+00
    ????  storage for pr. getter =      400 ?? common /rrr/ rab(        0 )  ????
 ------------------------------------------------------------------------------
  backling =  0.0000000E+00
 ------------------------------------------------------------------------------
  number of cells =           2
          cell number    1  number of zone= 2
 << geometry characteristics >>
    geometry of cell- sphere      index=           3
  kratnost of cell =   1.000000    
  inner radius of cell =  0.0000000E+00
  out square ratio =  0.3333330      0.0000000E+00
 ------------------------------------------------------------------------------
 num zone      1           2
 radius   0.50000E+00 0.11447E+01
 temper   0.30000E+03 0.30000E+03
 rez_izot    u238        bad 
 ------------------------------------------------------------------------------
    izotop   /             concentration number of izotops=64
  1 *h*      0.00000E+00 0.66834E-01
  2 *o*      0.00000E+00 0.33418E-01
  6 u235     0.84306E-03 0.00000E+00
  7 u238     0.20233E-01 0.00000E+00
  8 o        0.42645E-01 0.00000E+00
 ------------------------------------------------------------------------------
  number of cells =           2
          cell number    2  number of zone= 2
 << geometry characteristics >>
    geometry of cell- cilindrical index=           2
  kratnost of cell =   1.000000    
  inner radius of cell =   1.000000    
  out square ratio =  0.0000000E+00   1.000000    
 ------------------------------------------------------------------------------
 num zone      3           4
 radius   0.20000E+01 0.30000E+01
 temper   0.30000E+03 0.60000E+03
 rez_izot    u238        bad 
 ------------------------------------------------------------------------------
    izotop   /             concentration number of izotops=64
  1 *h*      0.00000E+00 0.33300E-01
  2 *o*      0.00000E+00 0.15500E-01
  6 u235     0.33736E-03 0.00000E+00
  7 u238     0.47337E-01 0.00000E+00
 Cdankov s0 in zone   1 = 0.76437E+00 0.13300E+01
 Cdankov s0 in zone   3 = 0.85366E+00 0.49512E+00
    > CONSYST Program Ver: 98.01 > started at  0: 0: 0:  
    { Manturov G., E-mail: abbn@ippe.rssi.ru}
 
       -------------------------------
 
       CONSYST INPUT DATA READ FROM : cons.dat
       CONSYST PROTOCOL STORED IN   : RESULT
       GMF X-SECTION'S FILE         : OUT
       TEMPORARY FILE               : RAB
       ABBN BASIC DATA SET FROM     : ..\bin\Bnab90.lib
       ABBN MULTIC DATA SET FROM    : ..\bin\Bnabmlt.lib
       ABBN THERMAL DATA SET FROM   : ..\bin\BNABTHM.lib
 
    >   Include Thermal Matrix > H(H2O):BNABTHM.BIN   Temp=  300K
    >   Include Thermal Matrix > H(H2O):BNABTHM.BIN   Temp=  350K
    >   Include Thermal Matrix > H(H2O):BNABTHM.BIN   Temp=  600K
    >   Include Thermal Matrix > H(H2O):BNABTHM.BIN   Temp=  800K
    > CONSYST finished at  0: 0: 0:  
 therm. calculation avoided
 therm. calculation avoided
 therm. calculation avoided
 therm. calculation avoided
 therm. calculation avoided
 therm. calculation avoided
 therm. calculation avoided
 *************************************************
   ***k(inf)=0.977434     ***k(itt)=0.977434     ***k(integ)=0.977434    ***
   **bakl=  0.0000     **length= 0.10000E+11  ***
   **matr.  alout*alcorr a(k,i)(k=1,ncel) ***
     * 0.33333      0.0000    
     *  0.0000      1.0000    
 lokal kner      in cell ,ru=           1=  0.6843936      0.5809931    
 lokal kner      in cell ,ru=           2=   1.039449       1.052374    
:macr                                                                           
    -------------------------------------------------------------------------------
    * n group   * e(i)        * e(i+1)      *spect neutron fission  *
          1       0.20000E+08    1.0000            1.0000    
          2        1.0000        0.0000           0.39961E-09
    *******************************************************************************
                                       **    macro cross section    **
    *******************************************************************************
    ** n zone    1 vzone=  56.548     /  1  2  3  4
*grp*flux 1/cm2c  * stotal      * sabs        * sfis.       * nu$sfis.    * 1/3*strans  *1/aver.veloci*aver power
  1  0.6486058     0.5161053     0.1092412E-01 0.2558676E-02 0.6887774E-02  1.533687     0.1744384E-05 0.6305104     0.2394809    
  2  0.1758246      1.203562     0.6027888E-01 0.2997474E-01 0.7289904E-01 0.3768460     0.2470999E-04  1.209363     0.7605190    
                                       * matric. scat.cross. sec. from i to j  *
       i / j -->            1           2
       i        1 0.4887885     0.1639269E-01
       i        2 0.1928064E-03  1.143091    
:burn                                                                           
 *** average burn up =  0.26926E-01 (mbt*day)/(kg hm)
    > CONSYST Program Ver: 98.01 > started at  0: 0: 0:  
    { Manturov G., E-mail: abbn@ippe.rssi.ru}
 
       -------------------------------
 
       CONSYST INPUT DATA READ FROM : cons.dat
       CONSYST PROTOCOL STORED IN   : RESULT
       GMF X-SECTION'S FILE         : OUT
       TEMPORARY FILE               : RAB
       ABBN BASIC DATA SET FROM     : ..\bin\Bnab90.lib
       ABBN MULTIC DATA SET FROM    : ..\bin\Bnabmlt.lib
       ABBN THERMAL DATA SET FROM   : ..\bin\BNABTHM.lib
 
    >   Include Thermal Matrix > H(H2O):BNABTHM.BIN   Temp=  300K
    >   Include Thermal Matrix > H(H2O):BNABTHM.BIN   Temp=  350K
    >   Include Thermal Matrix > H(H2O):BNABTHM.BIN   Temp=  600K
    >   Include Thermal Matrix > H(H2O):BNABTHM.BIN   Temp=  800K
    > CONSYST finished at  0: 0: 0:  
 therm. calculation avoided
 therm. calculation avoided
 therm. calculation avoided
 therm. calculation avoided
 therm. calculation avoided
 therm. calculation avoided
 therm. calculation avoided
 therm. calculation avoided
 *************************************************
   ***k(inf)=0.955801     ***k(itt)=0.955800     ***k(integ)=0.955801    ***
   **bakl=  0.0000     **length= 0.10000E+11  ***
   **matr.  alout*alcorr a(k,i)(k=1,ncel) ***
     * 0.33333      0.0000    
     *  0.0000      1.0000    
 lokal kner      in cell ,ru=           1=  0.6777227      0.5794721    
 lokal kner      in cell ,ru=           2=   1.040283       1.052564    
:corr                                                                           
 ------------------------------------------------------------------------------
  backling =  0.0000000E+00
 ------------------------------------------------------------------------------
  number of cells =           2
          cell number    1  number of zone= 2
 << geometry characteristics >>
    geometry of cell- sphere      index=           3
  kratnost of cell =   1.000000    
  inner radius of cell =  0.0000000E+00
  out square ratio =  0.3333330      0.0000000E+00
 ------------------------------------------------------------------------------
 num zone      1           2
 radius   0.50000E+00 0.11447E+01
 temper   0.30000E+03 0.30000E+03
 rez_izot    u238        bad 
 ------------------------------------------------------------------------------
    izotop   /             concentration number of izotops=64
  1 *h*      0.00000E+00 0.66834E-01
  2 *o*      0.00000E+00 0.33418E-01
  6 u235     0.83869E-03 0.00000E+00
  7 u238     0.20232E-01 0.00000E+00
  8 o        0.42645E-01 0.00000E+00
 11 u236     0.71895E-06 0.00000E+00
 12 slag     0.17325E-05 0.00000E+00
 13 tc99     0.23105E-06 0.00000E+00
 14 rh03     0.12173E-06 0.00000E+00
 15 ag09     0.13618E-08 0.00000E+00
 16 cd13     0.36975E-09 0.00000E+00
 17 xe35     0.80486E-08 0.00000E+00
 18 sm49     0.16075E-07 0.00000E+00
 19 sm51     0.15698E-07 0.00000E+00
 20 eu55     0.12615E-08 0.00000E+00
 21 gd55     0.11880E-11 0.00000E+00
 22 gd56     0.53317E-09 0.00000E+00
 23 gd57     0.14957E-09 0.00000E+00
 24 np37     0.17399E-09 0.00000E+00
 25 np39     0.70898E-06 0.00000E+00
 26 pu38     0.14486E-12 0.00000E+00
 27 pu39     0.55543E-06 0.00000E+00
 28 pu40     0.92064E-09 0.00000E+00
 29 pu41     0.37247E-11 0.00000E+00
 30 pu42     0.26324E-14 0.00000E+00
 31 am41     0.44427E-15 0.00000E+00
 32 am2m     0.60034E-19 0.00000E+00
 33 am43     0.83888E-18 0.00000E+00
 34 cm42     0.19351E-18 0.00000E+00
 41 sm52     0.10940E-07 0.00000E+00
 42 xe31     0.10480E-06 0.00000E+00
 43 cs33     0.25321E-06 0.00000E+00
 44 nd45     0.14719E-06 0.00000E+00
 45 nd43     0.22151E-06 0.00000E+00
 46 pm47     0.86740E-07 0.00000E+00
 47 mo95     0.24319E-06 0.00000E+00
 48 cs34     0.93352E-10 0.00000E+00
 49 pr41     0.21931E-06 0.00000E+00
 50 pm48     0.77825E-10 0.00000E+00
 51 pm8m     0.76202E-10 0.00000E+00
 52 rh05     0.16007E-07 0.00000E+00
 53 pm49     0.24354E-07 0.00000E+00
 54 kr83     0.20040E-07 0.00000E+00
 55 ru01     0.19084E-06 0.00000E+00
 56 pd05     0.22168E-07 0.00000E+00
 57 cs35     0.62787E-07 0.00000E+00
 58 sm50     0.37028E-08 0.00000E+00
 59 eu51     0.18141E-11 0.00000E+00
 60 eu53     0.29812E-10 0.00000E+00
 61 eu54     0.42017E-13 0.00000E+00
 62 gd54     0.10374E-16 0.00000E+00
 63 am42     0.33003E-18 0.00000E+00
 ------------------------------------------------------------------------------
  number of cells =           2
          cell number    2  number of zone= 2
 << geometry characteristics >>
    geometry of cell- cilindrical index=           2
  kratnost of cell =   1.000000    
  inner radius of cell =   1.000000    
  out square ratio =  0.0000000E+00   1.000000    
 ------------------------------------------------------------------------------
 num zone      3           4
 radius   0.20000E+01 0.30000E+01
 temper   0.30000E+03 0.60000E+03
 rez_izot    u238        bad 
 ------------------------------------------------------------------------------
    izotop   /             concentration number of izotops=64
  1 *h*      0.00000E+00 0.33300E-01
  2 *o*      0.00000E+00 0.15500E-01
  6 u235     0.33611E-03 0.00000E+00
  7 u238     0.47335E-01 0.00000E+00
 11 u236     0.20849E-06 0.00000E+00
 12 slag     0.55715E-06 0.00000E+00
 13 tc99     0.76603E-07 0.00000E+00
 14 rh03     0.45763E-07 0.00000E+00
 15 ag09     0.62741E-09 0.00000E+00
 16 cd13     0.19363E-09 0.00000E+00
 17 xe35     0.33916E-08 0.00000E+00
 18 sm49     0.61034E-08 0.00000E+00
 19 sm51     0.59454E-08 0.00000E+00
 20 eu55     0.55961E-09 0.00000E+00
 21 gd55     0.54429E-12 0.00000E+00
 22 gd56     0.17743E-09 0.00000E+00
 23 gd57     0.90214E-10 0.00000E+00
 24 np37     0.38249E-10 0.00000E+00
 25 np39     0.91418E-06 0.00000E+00
 26 pu38     0.24937E-13 0.00000E+00
 27 pu39     0.71667E-06 0.00000E+00
 28 pu40     0.10536E-08 0.00000E+00
 29 pu41     0.35662E-11 0.00000E+00
 30 pu42     0.19800E-14 0.00000E+00
 31 am41     0.42536E-15 0.00000E+00
 32 am2m     0.47198E-19 0.00000E+00
 33 am43     0.53431E-18 0.00000E+00
 34 cm42     0.15175E-18 0.00000E+00
 41 sm52     0.40192E-08 0.00000E+00
 42 xe31     0.35411E-07 0.00000E+00
 43 cs33     0.83394E-07 0.00000E+00
 44 nd45     0.48703E-07 0.00000E+00
 45 nd43     0.71253E-07 0.00000E+00
 46 pm47     0.29153E-07 0.00000E+00
 47 mo95     0.78458E-07 0.00000E+00
 48 cs34     0.22097E-10 0.00000E+00
 49 pr41     0.74244E-07 0.00000E+00
 50 pm48     0.19609E-10 0.00000E+00
 51 pm8m     0.19289E-10 0.00000E+00
 52 rh05     0.71307E-08 0.00000E+00
 53 pm49     0.88588E-08 0.00000E+00
 54 kr83     0.63951E-08 0.00000E+00
 55 ru01     0.63199E-07 0.00000E+00
 56 pd05     0.98027E-08 0.00000E+00
 57 cs35     0.26133E-07 0.00000E+00
 58 sm50     0.10758E-08 0.00000E+00
 59 eu51     0.48721E-12 0.00000E+00
 60 eu53     0.84857E-11 0.00000E+00
 61 eu54     0.91922E-14 0.00000E+00
 62 gd54     0.22733E-17 0.00000E+00
 63 am42     0.25885E-18 0.00000E+00
:stop                                                                           
