 *****          file of input data set *******
@ *****          file of input data set *******
@@@@@@@@@@@@@@@@@@@@@@@@@@@@@@@@@@@@@@@@@@@@@@@@@@
@
@  vk-300    mod-1 (a.jirnov)
@
@
@@@@@@@@@@@@@@@@@@@@@@@@@@@@@@@@@@@@@@@@@@@@@@@@@@
:poly
@:vvod
 &vvod
 r=0.39,0.455,0.7,0.83975,
 nsos=1,2,3,3,
 t=0.82100e+03,0.57300e+03,0.55600e+03,
 troiz=
 @ 1 *h* @     0.00000e+00, 0.00000e+00, 0.37340e-01,
 @ 2 *o* @     0.00000e+00, 0.00000e+00, 0.18670e-01,
 @ 3 zr  @     0.00000e+00, 0.42670e-01, 0.00000e+00,
 @ 4 nb  @     0.00000e+00, 0.85000e-03, 0.00000e+00,
 @ 5 nf  @     0.00000e+00, 0.15450e-04, 0.00000e+00,
 @ 7 u235@     0.84306e-03, 0.00000e+00, 0.00000e+00,
 @ 8 u238@     0.20233e-01, 0.00000e+00, 0.00000e+00,
 @ 9 o   @     0.42645e-01, 0.00000e+00, 0.00000e+00,
 material(1)='chmc',
 &end
*h*
*o*
zr
nb
hf
u235
u238
o
****
@:corr
 &vvod
 &end
:micro
 &vvod et=20.e+8,0.,nbv=1,
  izotprnt=100*0,izotprnt(6)=1,izotprnt(7)=1,izotprnt(11)=1,
                 izotprnt(27)=1,izotprnt(28)=1,izotprnt(29)=1,&end
:stop
:burn
 &vvod qv=41.76,dtim=5.,
 &end
:micro
 &vvod et=20.e+8,0.,nbv=1,
  izotprnt=100*0,izotprnt(6)=1,izotprnt(7)=1,izotprnt(11)=1,
                 izotprnt(27)=1,izotprnt(28)=1,izotprnt(29)=1,&end
@:stop
:burn
 &vvod qv=41.76,dtim=95.,
 &end
:micro
 &vvod et=20.e+8,0.,nbv=1,
  izotprnt=100*0,izotprnt(6)=1,izotprnt(7)=1,izotprnt(11)=1,
                 izotprnt(27)=1,izotprnt(28)=1,izotprnt(29)=1,&end
:burn
 &vvod qv=41.76,dtim=100.,
 iesbur=1,0,0,0,
 &end
:micro
 &vvod et=20.e+8,0.,nbv=1,
  izotprnt=100*0,izotprnt(6)=1,izotprnt(7)=1,izotprnt(11)=1,
                 izotprnt(27)=1,izotprnt(28)=1,izotprnt(29)=1,&end
:burn
 &vvod qv=41.76,dtim=100.,
 iesbur=1,0,0,0,
 &end
:micro
 &vvod et=20.e+8,0.,nbv=1,
  izotprnt=100*0,izotprnt(6)=1,izotprnt(7)=1,izotprnt(11)=1,
                 izotprnt(27)=1,izotprnt(28)=1,izotprnt(29)=1,&end
:burn
 &vvod qv=41.76,dtim=100.,
 iesbur=1,0,0,0,
 &end
:micro
 &vvod et=20.e+8,0.,nbv=1,
  izotprnt=100*0,izotprnt(6)=1,izotprnt(7)=1,izotprnt(11)=1,
                 izotprnt(27)=1,izotprnt(28)=1,izotprnt(29)=1,&end
:burn
 &vvod qv=41.76,dtim=100.,
 iesbur=1,0,0,0,
 &end
:micro
 &vvod et=20.e+8,0.,nbv=1,
  izotprnt=100*0,izotprnt(6)=1,izotprnt(7)=1,izotprnt(11)=1,
                 izotprnt(27)=1,izotprnt(28)=1,izotprnt(29)=1,&end
:burn
 &vvod qv=41.76,dtim=100.,
 iesbur=1,0,0,0,
 &end
:micro
 &vvod et=20.e+8,0.,nbv=1,
  izotprnt=100*0,izotprnt(6)=1,izotprnt(7)=1,izotprnt(11)=1,
                 izotprnt(27)=1,izotprnt(28)=1,izotprnt(29)=1,&end
:burn
 &vvod qv=41.76,dtim=100.,
 iesbur=1,0,0,0,
 &end
:micro
 &vvod et=20.e+8,0.,nbv=1,
  izotprnt=100*0,izotprnt(6)=1,izotprnt(7)=1,izotprnt(11)=1,
                 izotprnt(27)=1,izotprnt(28)=1,izotprnt(29)=1,&end
:burn
 &vvod qv=41.76,dtim=100.,
 iesbur=1,0,0,0,
 &end
:micro
 &vvod et=20.e+8,0.,nbv=1,
  izotprnt=100*0,izotprnt(6)=1,izotprnt(7)=1,izotprnt(11)=1,
                 izotprnt(27)=1,izotprnt(28)=1,izotprnt(29)=1,&end
:burn
 &vvod qv=41.76,dtim=100.,
 iesbur=1,0,0,0,
 &end
:micro
 &vvod et=20.e+8,0.,nbv=1,
  izotprnt=100*0,izotprnt(6)=1,izotprnt(7)=1,izotprnt(11)=1,
                 izotprnt(27)=1,izotprnt(28)=1,izotprnt(29)=1,&end
:burn
 &vvod qv=41.76,dtim=100.,
 iesbur=1,0,0,0,
 &end
:micro
 &vvod et=20.e+8,0.,nbv=1,
  izotprnt=100*0,izotprnt(6)=1,izotprnt(7)=1,izotprnt(11)=1,
                 izotprnt(27)=1,izotprnt(28)=1,izotprnt(29)=1,&end
:burn
 &vvod qv=41.76,dtim=100.,
 iesbur=1,0,0,0,
 &end
:micro
 &vvod et=20.e+8,0.,nbv=1,
  izotprnt=100*0,izotprnt(6)=1,izotprnt(7)=1,izotprnt(11)=1,
                 izotprnt(27)=1,izotprnt(28)=1,izotprnt(29)=1,&end
:burn
 &vvod qv=41.76,dtim=100.,
 iesbur=1,0,0,0,
 &end
:micro
 &vvod et=20.e+8,0.,nbv=1,
  izotprnt=100*0,izotprnt(6)=1,izotprnt(7)=1,izotprnt(11)=1,
                 izotprnt(27)=1,izotprnt(28)=1,izotprnt(29)=1,&end
:burn
 &vvod qv=41.76,dtim=100.,
 iesbur=1,0,0,0,
 &end
:micro
 &vvod et=20.e+8,0.,nbv=1,
  izotprnt=100*0,izotprnt(6)=1,izotprnt(7)=1,izotprnt(11)=1,
                 izotprnt(27)=1,izotprnt(28)=1,izotprnt(29)=1,&end
:burn
 &vvod qv=41.76,dtim=100.,
 iesbur=1,0,0,0,
 &end
:micro
 &vvod et=20.e+8,0.,nbv=1,
  izotprnt=100*0,izotprnt(6)=1,izotprnt(7)=1,izotprnt(11)=1,
                 izotprnt(27)=1,izotprnt(28)=1,izotprnt(29)=1,&end
:burn
 &vvod qv=41.76,dtim=100.,
 iesbur=1,0,0,0,
 &end
:micro
 &vvod et=20.e+8,0.,nbv=1,
  izotprnt=100*0,izotprnt(6)=1,izotprnt(7)=1,izotprnt(11)=1,
                 izotprnt(27)=1,izotprnt(28)=1,izotprnt(29)=1,&end
:burn
 &vvod qv=41.76,dtim=100.,
 iesbur=1,0,0,0,
 &end
:micro
 &vvod et=20.e+8,0.,nbv=1,
  izotprnt=100*0,izotprnt(6)=1,izotprnt(7)=1,izotprnt(11)=1,
                 izotprnt(27)=1,izotprnt(28)=1,izotprnt(29)=1,&end
:burn
 &vvod qv=41.76,dtim=100.,
 iesbur=1,0,0,0,
 &end
:micro
 &vvod et=20.e+8,0.,nbv=1,
  izotprnt=100*0,izotprnt(6)=1,izotprnt(7)=1,izotprnt(11)=1,
                 izotprnt(27)=1,izotprnt(28)=1,izotprnt(29)=1,&end
:burn
 &vvod qv=41.76,dtim=100.,
 iesbur=1,0,0,0,
 &end
:micro
 &vvod et=20.e+8,0.,nbv=1,
  izotprnt=100*0,izotprnt(6)=1,izotprnt(7)=1,izotprnt(11)=1,
                 izotprnt(27)=1,izotprnt(28)=1,izotprnt(29)=1,&end
:burn
 &vvod qv=41.76,dtim=100.,
 iesbur=1,0,0,0,
 &end
:micro
 &vvod et=20.e+8,0.,nbv=1,
  izotprnt=100*0,izotprnt(6)=1,izotprnt(7)=1,izotprnt(11)=1,
                 izotprnt(27)=1,izotprnt(28)=1,izotprnt(29)=1,&end
:burn
 &vvod qv=41.76,dtim=100.,
 iesbur=1,0,0,0,
 &end
:micro
 &vvod et=20.e+8,0.,nbv=1,
  izotprnt=100*0,izotprnt(6)=1,izotprnt(7)=1,izotprnt(11)=1,
                 izotprnt(27)=1,izotprnt(28)=1,izotprnt(29)=1,&end
:stop
@@@@@@@@@@@@@@@@@@@@@@@@@@@@@@@@@@@@@@@@@@@@@@@@@@@@@@@@@@@@@@@@@@@@@@@@@@@
@@@@@@@@@@@@@@@@@@@@@@@@@@@@@@@@@@@@@@@@@@@@@@@@@@@@@@@@@@@@@@@@@@@@@@@@@@@
 ***** end of   file of input data set *******
:poly                                                                           
 definition izotr in sos           1:izotr=   7.000000    
  *******<< check input data>> programm declare *******
    --undeclared parametr--cefzad  -- programm standart value --cefzad  =  0.100000E+01
  *******<< check input data>> programm declare *******
    --undeclared parametr--bakl    -- programm standart value --bakl    =  0.000000E+00
  *******<< check input data>> programm declare *******
    --undeclared parametr--alin    -- programm standart value --alin    =  0.000000E+00
  *******<< check input data>> programm declare *******
    --undeclared parametr--alout   -- programm standart value --alout   =  0.100000E+01
  *******<< check input data>> programm declare *******
    --undeclared parametr--alcorr  -- programm standart value --alcorr  =  0.100000E+01
  *******<< check input data>> programm declare *******
    --undeclared parametr--nbv     -- programm standart value --nbv     =    1    1    1    1
  *******<< check input data>> programm declare *******
    --undeclared parametr--et      -- programm standart value --et      =  0.105000E+08  0.215000E+01
     0.215000E+01  0.000000E+00
    ????  storage for pr. getter =      400 ?? common /rrr/ rab(        0 )  ????
 ------------------------------------------------------------------------------
  backling =  0.0000000E+00
 ------------------------------------------------------------------------------
  number of cells =           1
          cell number    1  number of zone= 4
 << geometry characteristics >>
    geometry of cell- cilindrical index=           2
  kratnost of cell =   1.000000    
  inner radius of cell =  0.0000000E+00
  out square ratio =   1.000000    
 ------------------------------------------------------------------------------
 num zone      1           2           3           4
 radius   0.39000E+00 0.45500E+00 0.70000E+00 0.83975E+00
 temper   0.82100E+03 0.57300E+03 0.55600E+03 0.55600E+03
 rez_izot    u238        bad         bad         bad 
 ------------------------------------------------------------------------------
    izotop   /             concentration number of izotops=64
  1 *h*      0.00000E+00 0.00000E+00 0.37340E-01 0.37340E-01
  2 *o*      0.00000E+00 0.00000E+00 0.18670E-01 0.18670E-01
  3 zr       0.00000E+00 0.42670E-01 0.00000E+00 0.00000E+00
  4 nb       0.00000E+00 0.85000E-03 0.00000E+00 0.00000E+00
  5 hf       0.00000E+00 0.15450E-04 0.00000E+00 0.00000E+00
  6 u235     0.84306E-03 0.00000E+00 0.00000E+00 0.00000E+00
  7 u238     0.20233E-01 0.00000E+00 0.00000E+00 0.00000E+00
  8 o        0.42645E-01 0.00000E+00 0.00000E+00 0.00000E+00
    > CONSYST Program Ver: 98.01 > started at  0: 0: 0:  
    { Manturov G., E-mail: abbn@ippe.rssi.ru}
 
       -------------------------------
 
       CONSYST INPUT DATA READ FROM : cons.dat
       CONSYST PROTOCOL STORED IN   : RESULT
       GMF X-SECTION'S FILE         : OUT
       TEMPORARY FILE               : RAB
       ABBN BASIC DATA SET FROM     : ..\bin\Bnab90.lib
       ABBN MULTIC DATA SET FROM    : ..\bin\Bnabmlt.lib
       ABBN THERMAL DATA SET FROM   : ..\bin\BNABTHM.lib
 
    >   Include Thermal Matrix > H(H2O):BNABTHM.BIN   Temp=  500K
    >   Include Thermal Matrix > H(H2O):BNABTHM.BIN   Temp=  600K
    > CONSYST finished at  0: 0: 0:  
 therm. calculation avoided
 therm. calculation avoided
 therm. calculation avoided
 therm. calculation avoided
 therm. calculation avoided
 therm. calculation avoided
 therm. calculation avoided
 therm. calculation avoided
 therm. calculation avoided
 *************************************************
   ***k(inf)= 1.42581     ***k(itt)= 1.42582     ***k(integ)= 1.42581    ***
   **bakl=  0.0000     **length= 0.10000E+11  ***
   **matr.  alout*alcorr a(k,i)(k=1,ncel) ***
     *  1.0000    
 lokal kner      in cell ,ru=           1=  0.9999999       1.000000    
:micro                                                                          
    -------------------------------------------------------------------------------
    * n group   * e(i)        * e(i+1)
          1       0.20000E+08   0.10000E-04
    ---------------------------------------------------------------------------
         ** microcrossection  ** in   1  zone **v= 0.47784    /  1
    * n group  * izotop  * at.mas      *dens         *flux 1/cm2c  * capture   * fission  *    * production *
          1       u235     235.00        0.84306E-03    23.821        70.151          58.261         0.0000    
          1       u238     238.00        0.20233E-01    23.821        1.1071         0.99972E-01     0.0000    
          1       u236     236.00         0.0000        23.821        8.1807         0.29452         0.0000    
          1       pu39     239.00         0.0000        23.821        223.11          143.17         0.0000    
          1       pu40     240.00         0.0000        23.821        253.78         0.59037         0.0000    
          1       pu41     241.00         0.0000        23.821        202.69          150.76         0.0000    
:stop                                                                           
