 *****          file of input data set *******
:poly
@ 0
 &vvod
   delkit=0.5e-2,
   delro=0.5e-2,
@ iout(1)=1,
 iout(54)=1,
@ iout(30)=2,
@
@  iout(14)=1,
@  cef0=1.25,
@@@@@@@@@@@@@@  rout and rin  @@@@@@@@@@@@@@@@@@@@@@@@@@@@
@    rout=  0.75,4.,4.4,5.,6.5,9.,11.3,14.105,
@     fuel chenell -  14 zons
@ tvs 1
    rout=
    0.75000e+00,0.12266e+01,0.18984e+01,0.28582e+01,0.35168e+01,
    0.36779e+01,0.38389e+01,0.40000e+01,0.44000e+01,0.50000e+01,
    0.65000e+01,0.90000e+01,0.11300e+02,0.14105e+02,
@
@ tvs 2
    0.75000e+00,0.12266e+01,0.18984e+01,0.28582e+01,0.35168e+01,
    0.36779e+01,0.38389e+01,0.40000e+01,0.44000e+01,0.50000e+01,
    0.65000e+01,0.90000e+01,0.11300e+02,0.14105e+02,
@
@ tvs 3
    0.75000e+00,0.12266e+01,0.18984e+01,0.28582e+01,0.35168e+01,
    0.36779e+01,0.38389e+01,0.40000e+01,0.44000e+01,0.50000e+01,
    0.65000e+01,0.90000e+01,0.11300e+02,0.14105e+02,
@
@ otr 4
    0.75000e+00,0.12266e+01,0.18984e+01,0.28582e+01,0.35168e+01,
    0.36779e+01,0.38389e+01,0.40000e+01,0.44000e+01,0.50000e+01,
    0.65000e+01,0.90000e+01,0.11300e+02,0.14105e+02,
@
@ tvs
@   rin= 0.,0.75,4.,4.4,5.,6.5,9.,11.3,
@  tvs 1
    rin=
    0.,0.75000e+00,0.12266e+01,0.18984e+01,0.28582e+01,0.35168e+01,
    0.36779e+01,0.38389e+01,0.40000e+01,0.44000e+01,0.50000e+01,
    0.65000e+01,0.90000e+01,0.11300e+02,
@
@  tvs 2
    0.,0.75000e+00,0.12266e+01,0.18984e+01,0.28582e+01,0.35168e+01,
    0.36779e+01,0.38389e+01,0.40000e+01,0.44000e+01,0.50000e+01,
    0.65000e+01,0.90000e+01,0.11300e+02,
@  tvs 3
    0.,0.75000e+00,0.12266e+01,0.18984e+01,0.28582e+01,0.35168e+01,
    0.36779e+01,0.38389e+01,0.40000e+01,0.44000e+01,0.50000e+01,
    0.65000e+01,0.90000e+01,0.11300e+02,
@  otr 4
    0.,0.75000e+00,0.12266e+01,0.18984e+01,0.28582e+01,0.35168e+01,
    0.36779e+01,0.38389e+01,0.40000e+01,0.44000e+01,0.50000e+01,
    0.65000e+01,0.90000e+01,0.11300e+02,
@ nsos=1,101,2,3,3,3,3,3,
  izotr(4)=4,izotr(16)=4,4,
@@@@@@@@@@@@@@@@@@@@@@  nsos  @@@@@@@@@@@@@
@ tvs , otr
   nsos=1,11,4,11,4,11,11,11,2,3,3,3,3,3,
        1,11,16,11,16,11,11,11,2,3,3,3,3,3,
        1,11,17,11,17,11,11,11,2,3,3,3,3,3,
        3,3,3,3,3,3,3,3,3,3,3,3,3,3,
@
@
 sroiz=
@1 zr-centr
   0.,0.,0.,0.,0.,0.,0.,0.,0.,0.,0.,0.0,0.0,0.033900,
   0.,1.040e-5,6.2845e-4,.0,.0,0.,0.,0.,.0,
@2 tube of chenell
   0.,0.,0.,0.,0.,0.,0.,0.,0.,0.,0.,0.0,0.0,0.042780,
   0.,7.000e-6,1.0690e-3,.0,.0,0.,0.,0.,.0,
@3  d2o moderator
   0.,0.,0.,0.,0.,0.,0.,0.,0.,0.,0.,
  0.33100e-01,
  0.66200e-01,
   0.,0.,0.,0.,0.,0,
   0.,0.,0.,.0,
@4 fuel, pt=0., 2% u235
@   0.0000000,0.0000000,0.41985e-3,0.0206568,0.,0.,0.,0.,0.,0.,0.042153,
@   0.,0.,0.,0.,0.,0.,0.,0.,0.,0.,0.,.0,
@4  fuel zone 1
  0.00000e+00,
  0.00000e+00,
  0.63000e-03,
  0.20500e-01,
  0.00000e+00,
  0.00000       @   pu40
  0.00000    ,  @   pu41
  0.00000    ,  @   pu42
  0.00000    ,  @   fp35
  0.00000    ,  @   fp39
  0.42153e-01,  @   o
  12*0.00000    ,  @   *h* - al
@@5 zr
   0.,0.,0.,0.,0.,0.,0.,0.,0.,0.,0.,0.00,0.000,0.043352,
   0.,1.33e-5,8.04e-4,.0,.0,0.,0.,0.,.0,
@6 d2o   in fuel chenell ( zr-dist.lett.)
@@ d2o = 1
@   0.,0.,0.,0.,0.,0.,0.,0.,0.,0.,0.,0.06692,0.033460,0.,
@@ h2o = 0.78
   0.,0.,0.,0.,0.,0.,0.,0.,0.,0.,0.,0.05220,0.026100,0.,
@@ h2o = 0.78*0.95
@   0.,0.,0.,0.,0.,0.,0.,0.,0.,0.,0.,0.04959,0.024795,0.,
   0.,0.,0.00e-4,.0,.0,4.82e-4,1.35e-4,6.65e-5,.0,
@7 suz h2o
    0.,0.,0.,0.,0.,0.,0.,0.,0.,0.,0.,6.7e-2,3.35e-2,0.,
    0.,0.00000,0.00000,0.,0.,0.,0.,0.,0.,
@    0.,0.,0.,0.,0.,0.,0.,0.,0.,0.,0.,6.7e-7,3.35e-7,0.,
@    0.,0.00000,0.00000,0.,0.,0.,0.,0.,0.,
@7 suz h2o*0.95
@    0.,0.,0.,0.,0.,0.,0.,0.,0.,0.,0.,0.06365,0.031825,0.,
@    0.,0.00000,0.00000,0.,0.,0.,0.,0.,0.,
@8  suz al
    0.,0.,0.,0.,0.,0.,0.,0.,0.,0.,0.,0.,0.,0.00000,
    0.,0.00000,0.00000,0.,0.,0.,0.,0.,5.9784e-2,
@9  suz b4c
    0.,0.,0.,0.,0.,0.,0.,0.,0.,0.,0.,0.,0.,0.,
    1.9626e-2,0.00000,0.00000,1.5555e-2,0.,0.,0.,0.,0.,
@10 suz tube zr+hf+nb
    0.,0.,0.,0.,0.,0.,0.,0.,0.,0.,0.,0.00000,0.000000,4.551e-2,
    0.,7.40e-6,9.388e-3,0.,0.,0.,0.,0.,0.,
@11 h2o+zr in fuel chenell ,  h2o = 1  ( zr-dist.lett.+ cover of fuel)
@  0.00000e+00,
@  0.00000e+00,
@  0.00000e+00,
@  0.00000e+00,
@  0.00000e+00,
@  0.00000e+00,
@  0.00000e+00,
@  0.00000e+00,
@  0.00000e+00,
@  0.00000e+00,
@  0.00000e+00,
@  0.51820e-01,
@  0.25910e-01,
@  0.97817e-02,
@  0.00000e+00,
@  0.30009e-05,
@  0.18141e-03,
@  0.00000e+00,
@  0.00000e+00,
@  0.37324e-03,
@  0.10454e-03,
@  0.51495e-04,
@  0.00000e+00,
@@11 h2o+zr in fuel chenell ,h2o = 0.78 ( zr-dist.lett.+ cover of fuel)
  0.00000e+00,
  0.00000e+00,
  0.00000e+00,
  0.00000e+00,
  0.00000e+00,
  0.00000e+00,
  0.00000e+00,
  0.00000e+00,
  0.00000e+00,
  0.00000e+00,
  0.00000e+00,
  0.40422e-01,
  0.20211e-01,
  0.97817e-02,
  0.00000e+00,
  0.30009e-05,
  0.18141e-03,
  0.00000e+00,
  0.00000e+00,
  0.37324e-03,
  0.10454e-03,
  0.51495e-04,
  0.00000e+00,
@12 h2o+zr in fuel chenell ,h2o = 0. ( zr-dist.lett.+ cover of fuel)
  0.00000e+00,
  0.00000e+00,
  0.00000e+00,
  0.00000e+00,
  0.00000e+00,
  0.00000e+00,
  0.00000e+00,
  0.00000e+00,
  0.00000e+00,
  0.00000e+00,
  0.00000e+00,
  0.00000e+00,
  0.00000e+00,
  0.97817e-02,
  0.00000e+00,
  0.30009e-05,
  0.18141e-03,
  0.00000e+00,
  0.00000e+00,
  0.37324e-03,
  0.10454e-03,
  0.51495e-04,
  0.00000e+00,
@13  c+b-10  vitesnitel
  0.,0.,0.,0.,0.,0.,0.,0.,0.,0.,0.,0.,0.,0.,
  4.2462e-2,0.,0.,8.865e-9,0.,0.,0.,0.,0.,
@14  h2o+al+zr vitesnitel
  0.,0.,0.,0.,0.,0.,0.,0.,0.,0.,0.,2.47e-2,1.235e-2,1.31e-2,
  0.,2.23e-6,2.83e-3,0.,0.,0.,0.,0.,0.,
@15 grafit
   0.,0.,0.,0.,0.,0.,0.,0.,0.,0.,0.,0.,0.,0.,0.085075,0.,0.,1.8e-8,.0,
   0.,0.,0.,.0,
@16 fuel zone 2
  0.00000e+00,
  0.00000e+00,
  0.63500e-03,
  0.21000e-01,
  0.00000e+00,
  0.00000       @   pu40
  0.00000    ,  @   pu41
  0.00000    ,  @   pu42
  0.00000    ,  @   fp35
  0.00000    ,  @   fp39
  0.42153e-01,  @   o
  12*0.00000    ,  @   *h* - al
@17 fuel zone 3
  0.00000e+00,
  0.00000e+00,
  0.64000e-03,
  0.21500e-01,
  0.00000e+00,
  0.00000       @   pu40
  0.00000    ,  @   pu41
  0.00000    ,  @   pu42
  0.00000    ,  @   fp35
  0.00000    ,  @   fp39
  0.42153e-01,  @   o
  12*0.00000    ,  @   *h* - al
@
@   t=2*300.,300.,12*300.,
@  zr     tub  c    fuei zr   h2of h2os al   b10  tubs  h2of
  t=543.,543.,873.,773.,493.,543.,380.,380.,380.,380., 543.,543.,
@              c   fuel
    380.,380.,873.,773.,773.,
@ tf+300
@    380.,380.,873.,1073.,1073.,
@       iout(2)=1,rfuel=0.5915,rcon=0.6815,nrow=2,nsosc=4,5,6,
@       ntvel=18,
@  rbmk -  4 zones-3 fuel cells( 3 fuel zones (tvs))+ otr
@ exsampl 1. one row in evry zon
   alout=0.,1.,0.,0.,
	 0.125,0.500,0.375,0.,
	 0.,0.1875,0.500,0.3125,
	 0.,0.,0.21,0.500,
   krat=1,8,16,24,
@ exsampl 2. two row in evry zon
@   alout=0.67,0.33,0.,0.,
@	 0.075,0.750,0.175,0.,
@	 0.,0.095,0.750,0.153,
@	 0.,0.,0.23,0.500,
@   krat=9,40,72,48,
   ntcell=1,2,3,4,
   &end
xe35     1
sm49     2
u235     3
u238     4
pu39     5
pu40     6
pu41     7
pu42     8
fp35     9
fp39     10
o        11
d        12
*o*      13
zr       14
*c*      15
hf       16
nb       17
b-10     18
u236     19
fe       20
cr       21
ni       22
al       23
****
:fier
 &vvod
 &end
@:stop
@:macro
 &vvod
  et=10.5e+6,2.15,2.15,0.,
  nbv=0,0,1,0,1,
 &end
@:macro
 &vvod
  et=10.5e+6,0.,
  nbv=0,0,1,0,2,
 &end
:macro
 &vvod
  et=10.5e+6,2.15,2.15,0.,
  nbv=14*1,14*2,14*3,14*4,
 &end
:micro
 &vvod
  et=10.5e+6,2.15,2.15,0.,
  nbv=14*1,14*2,14*3,14*4,
 &end
:stop
 ***** end of   file of input data set *******
:poly                                                                           
  *******<< check input data>> programm declare *******
    --undeclared parametr--cefzad  -- programm standart value --cefzad  =  0.100000E+01
  *******<< check input data>> programm declare *******
    --undeclared parametr--bakl    -- programm standart value --bakl    =  0.000000E+00
  *******<< check input data>> programm declare *******
    --undeclared parametr--alin    -- programm standart value --alin    =  0.000000E+00  0.000000E+00
     0.000000E+00  0.000000E+00  0.000000E+00  0.000000E+00  0.000000E+00  0.000000E+00  0.000000E+00
     0.000000E+00  0.000000E+00  0.000000E+00  0.000000E+00  0.000000E+00  0.000000E+00  0.000000E+00
  *******<< check input data>> programm declare *******
    --undeclared parametr--alcorr  -- programm standart value --alcorr  =  0.100000E+01  0.100000E+01
     0.100000E+01  0.100000E+01  0.100000E+01  0.100000E+01  0.100000E+01  0.100000E+01  0.100000E+01
     0.100000E+01  0.100000E+01  0.100000E+01  0.100000E+01  0.100000E+01  0.100000E+01  0.100000E+01
  *******<< check input data>> programm declare *******
    --uncorrected definition--alin    --bat programm use this value --alin      0.000000E+00  0.000000E+00
     0.000000E+00  0.000000E+00  0.000000E+00  0.000000E+00  0.000000E+00  0.000000E+00  0.000000E+00
     0.000000E+00  0.000000E+00  0.000000E+00  0.000000E+00  0.000000E+00  0.000000E+00  0.000000E+00
  *******<< check input data>> programm declare *******
    --uncorrected definition--alout   --bat programm use this value --alout     0.000000E+00  0.100000E+01
     0.000000E+00  0.000000E+00  0.125000E+00  0.500000E+00  0.375000E+00  0.000000E+00  0.000000E+00
     0.187500E+00  0.500000E+00  0.312500E+00  0.000000E+00  0.000000E+00  0.210000E+00  0.500000E+00
  *******<< check input data>> programm declare *******
    --undeclared parametr--nbv     -- programm standart value --nbv     =    1    1    1    1    1    1
       1    1    1    1    1    1    1    1    1    1    1    1    1    1    1    1    1    1    1    1
       1    1    1    1    1    1    1    1    1    1    1    1    1    1    1    1    1    1    1    1
       1    1    1    1    1    1    1    1    1    1
  *******<< check input data>> programm declare *******
    --undeclared parametr--et      -- programm standart value --et      =  0.105000E+08  0.215000E+01
     0.215000E+01  0.000000E+00
    ????  storage for pr. getter =     5600 ?? common /rrr/ rab(        0 )  ????
 ------------------------------------------------------------------------------
  backling =  0.0000000E+00
 ------------------------------------------------------------------------------
  number of cells =           4
          cell number    1  number of zone=14
 << geometry characteristics >>
    geometry of cell- cilindrical index=           2
  kratnost of cell =   1.000000    
  inner radius of cell =  0.0000000E+00
  out square ratio =  0.0000000E+00   1.000000      0.0000000E+00  0.0000000E+00
 ------------------------------------------------------------------------------
 num zone      1           2           3           4           5           6
 radius   0.75000E+00 0.12266E+01 0.18984E+01 0.28582E+01 0.35168E+01 0.36779E+01
 temper   0.54300E+03 0.54300E+03 0.77300E+03 0.54300E+03 0.77300E+03 0.54300E+03
 rez_izot    bad         bad         u238        bad         u238        bad 
 ------------------------------------------------------------------------------
    izotop   /             concentration number of izotops=23
  3 u235     0.00000E+00 0.00000E+00 0.63000E-03 0.00000E+00 0.63000E-03 0.00000E+00
  4 u238     0.00000E+00 0.00000E+00 0.20500E-01 0.00000E+00 0.20500E-01 0.00000E+00
 11 o        0.00000E+00 0.00000E+00 0.42153E-01 0.00000E+00 0.42153E-01 0.00000E+00
 12 d        0.00000E+00 0.40422E-01 0.00000E+00 0.40422E-01 0.00000E+00 0.40422E-01
 13 *o*      0.00000E+00 0.20211E-01 0.00000E+00 0.20211E-01 0.00000E+00 0.20211E-01
 14 zr       0.33900E-01 0.97817E-02 0.00000E+00 0.97817E-02 0.00000E+00 0.97817E-02
 16 hf       0.10400E-04 0.30009E-05 0.00000E+00 0.30009E-05 0.00000E+00 0.30009E-05
 17 nb       0.62845E-03 0.18141E-03 0.00000E+00 0.18141E-03 0.00000E+00 0.18141E-03
 20 fe       0.00000E+00 0.37324E-03 0.00000E+00 0.37324E-03 0.00000E+00 0.37324E-03
 21 cr       0.00000E+00 0.10454E-03 0.00000E+00 0.10454E-03 0.00000E+00 0.10454E-03
 22 ni       0.00000E+00 0.51495E-04 0.00000E+00 0.51495E-04 0.00000E+00 0.51495E-04
 num zone      7           8           9          10          11          12
 radius   0.38389E+01 0.40000E+01 0.44000E+01 0.50000E+01 0.65000E+01 0.90000E+01
 temper   0.54300E+03 0.54300E+03 0.54300E+03 0.87300E+03 0.87300E+03 0.87300E+03
 rez_izot    bad         bad         bad         bad         bad         bad 
 ------------------------------------------------------------------------------
    izotop   /             concentration number of izotops=23
 12 d        0.40422E-01 0.40422E-01 0.00000E+00 0.33100E-01 0.33100E-01 0.33100E-01
 13 *o*      0.20211E-01 0.20211E-01 0.00000E+00 0.66200E-01 0.66200E-01 0.66200E-01
 14 zr       0.97817E-02 0.97817E-02 0.42780E-01 0.00000E+00 0.00000E+00 0.00000E+00
 16 hf       0.30009E-05 0.30009E-05 0.70000E-05 0.00000E+00 0.00000E+00 0.00000E+00
 17 nb       0.18141E-03 0.18141E-03 0.10690E-02 0.00000E+00 0.00000E+00 0.00000E+00
 20 fe       0.37324E-03 0.37324E-03 0.00000E+00 0.00000E+00 0.00000E+00 0.00000E+00
 21 cr       0.10454E-03 0.10454E-03 0.00000E+00 0.00000E+00 0.00000E+00 0.00000E+00
 22 ni       0.51495E-04 0.51495E-04 0.00000E+00 0.00000E+00 0.00000E+00 0.00000E+00
 num zone     13          14
 radius   0.11300E+02 0.14105E+02
 temper   0.87300E+03 0.87300E+03
 rez_izot    bad         bad 
 ------------------------------------------------------------------------------
    izotop   /             concentration number of izotops=23
 12 d        0.33100E-01 0.33100E-01
 13 *o*      0.66200E-01 0.66200E-01
 ------------------------------------------------------------------------------
  number of cells =           4
          cell number    2  number of zone=14
 << geometry characteristics >>
    geometry of cell- cilindrical index=           2
  kratnost of cell =   8.000000    
  inner radius of cell =  0.0000000E+00
  out square ratio =  0.1250000      0.5000000      0.3750000      0.0000000E+00
 ------------------------------------------------------------------------------
 num zone     15          16          17          18          19          20
 radius   0.75000E+00 0.12266E+01 0.18984E+01 0.28582E+01 0.35168E+01 0.36779E+01
 temper   0.54300E+03 0.54300E+03 0.77300E+03 0.54300E+03 0.77300E+03 0.54300E+03
 rez_izot    bad         bad         u238        bad         u238        bad 
 ------------------------------------------------------------------------------
    izotop   /             concentration number of izotops=23
  3 u235     0.00000E+00 0.00000E+00 0.63500E-03 0.00000E+00 0.63500E-03 0.00000E+00
  4 u238     0.00000E+00 0.00000E+00 0.21000E-01 0.00000E+00 0.21000E-01 0.00000E+00
 11 o        0.00000E+00 0.00000E+00 0.42153E-01 0.00000E+00 0.42153E-01 0.00000E+00
 12 d        0.00000E+00 0.40422E-01 0.00000E+00 0.40422E-01 0.00000E+00 0.40422E-01
 13 *o*      0.00000E+00 0.20211E-01 0.00000E+00 0.20211E-01 0.00000E+00 0.20211E-01
 14 zr       0.33900E-01 0.97817E-02 0.00000E+00 0.97817E-02 0.00000E+00 0.97817E-02
 16 hf       0.10400E-04 0.30009E-05 0.00000E+00 0.30009E-05 0.00000E+00 0.30009E-05
 17 nb       0.62845E-03 0.18141E-03 0.00000E+00 0.18141E-03 0.00000E+00 0.18141E-03
 20 fe       0.00000E+00 0.37324E-03 0.00000E+00 0.37324E-03 0.00000E+00 0.37324E-03
 21 cr       0.00000E+00 0.10454E-03 0.00000E+00 0.10454E-03 0.00000E+00 0.10454E-03
 22 ni       0.00000E+00 0.51495E-04 0.00000E+00 0.51495E-04 0.00000E+00 0.51495E-04
 num zone     21          22          23          24          25          26
 radius   0.38389E+01 0.40000E+01 0.44000E+01 0.50000E+01 0.65000E+01 0.90000E+01
 temper   0.54300E+03 0.54300E+03 0.54300E+03 0.87300E+03 0.87300E+03 0.87300E+03
 rez_izot    bad         bad         bad         bad         bad         bad 
 ------------------------------------------------------------------------------
    izotop   /             concentration number of izotops=23
 12 d        0.40422E-01 0.40422E-01 0.00000E+00 0.33100E-01 0.33100E-01 0.33100E-01
 13 *o*      0.20211E-01 0.20211E-01 0.00000E+00 0.66200E-01 0.66200E-01 0.66200E-01
 14 zr       0.97817E-02 0.97817E-02 0.42780E-01 0.00000E+00 0.00000E+00 0.00000E+00
 16 hf       0.30009E-05 0.30009E-05 0.70000E-05 0.00000E+00 0.00000E+00 0.00000E+00
 17 nb       0.18141E-03 0.18141E-03 0.10690E-02 0.00000E+00 0.00000E+00 0.00000E+00
 20 fe       0.37324E-03 0.37324E-03 0.00000E+00 0.00000E+00 0.00000E+00 0.00000E+00
 21 cr       0.10454E-03 0.10454E-03 0.00000E+00 0.00000E+00 0.00000E+00 0.00000E+00
 22 ni       0.51495E-04 0.51495E-04 0.00000E+00 0.00000E+00 0.00000E+00 0.00000E+00
 num zone     27          28
 radius   0.11300E+02 0.14105E+02
 temper   0.87300E+03 0.87300E+03
 rez_izot    bad         bad 
 ------------------------------------------------------------------------------
    izotop   /             concentration number of izotops=23
 12 d        0.33100E-01 0.33100E-01
 13 *o*      0.66200E-01 0.66200E-01
 ------------------------------------------------------------------------------
  number of cells =           4
          cell number    3  number of zone=14
 << geometry characteristics >>
    geometry of cell- cilindrical index=           2
  kratnost of cell =   16.00000    
  inner radius of cell =  0.0000000E+00
  out square ratio =  0.0000000E+00  0.1875000      0.5000000      0.3125000    
 ------------------------------------------------------------------------------
 num zone     29          30          31          32          33          34
 radius   0.75000E+00 0.12266E+01 0.18984E+01 0.28582E+01 0.35168E+01 0.36779E+01
 temper   0.54300E+03 0.54300E+03 0.77300E+03 0.54300E+03 0.77300E+03 0.54300E+03
 rez_izot    bad         bad         u238        bad         u238        bad 
 ------------------------------------------------------------------------------
    izotop   /             concentration number of izotops=23
  3 u235     0.00000E+00 0.00000E+00 0.64000E-03 0.00000E+00 0.64000E-03 0.00000E+00
  4 u238     0.00000E+00 0.00000E+00 0.21500E-01 0.00000E+00 0.21500E-01 0.00000E+00
 11 o        0.00000E+00 0.00000E+00 0.42153E-01 0.00000E+00 0.42153E-01 0.00000E+00
 12 d        0.00000E+00 0.40422E-01 0.00000E+00 0.40422E-01 0.00000E+00 0.40422E-01
 13 *o*      0.00000E+00 0.20211E-01 0.00000E+00 0.20211E-01 0.00000E+00 0.20211E-01
 14 zr       0.33900E-01 0.97817E-02 0.00000E+00 0.97817E-02 0.00000E+00 0.97817E-02
 16 hf       0.10400E-04 0.30009E-05 0.00000E+00 0.30009E-05 0.00000E+00 0.30009E-05
 17 nb       0.62845E-03 0.18141E-03 0.00000E+00 0.18141E-03 0.00000E+00 0.18141E-03
 20 fe       0.00000E+00 0.37324E-03 0.00000E+00 0.37324E-03 0.00000E+00 0.37324E-03
 21 cr       0.00000E+00 0.10454E-03 0.00000E+00 0.10454E-03 0.00000E+00 0.10454E-03
 22 ni       0.00000E+00 0.51495E-04 0.00000E+00 0.51495E-04 0.00000E+00 0.51495E-04
 num zone     35          36          37          38          39          40
 radius   0.38389E+01 0.40000E+01 0.44000E+01 0.50000E+01 0.65000E+01 0.90000E+01
 temper   0.54300E+03 0.54300E+03 0.54300E+03 0.87300E+03 0.87300E+03 0.87300E+03
 rez_izot    bad         bad         bad         bad         bad         bad 
 ------------------------------------------------------------------------------
    izotop   /             concentration number of izotops=23
 12 d        0.40422E-01 0.40422E-01 0.00000E+00 0.33100E-01 0.33100E-01 0.33100E-01
 13 *o*      0.20211E-01 0.20211E-01 0.00000E+00 0.66200E-01 0.66200E-01 0.66200E-01
 14 zr       0.97817E-02 0.97817E-02 0.42780E-01 0.00000E+00 0.00000E+00 0.00000E+00
 16 hf       0.30009E-05 0.30009E-05 0.70000E-05 0.00000E+00 0.00000E+00 0.00000E+00
 17 nb       0.18141E-03 0.18141E-03 0.10690E-02 0.00000E+00 0.00000E+00 0.00000E+00
 20 fe       0.37324E-03 0.37324E-03 0.00000E+00 0.00000E+00 0.00000E+00 0.00000E+00
 21 cr       0.10454E-03 0.10454E-03 0.00000E+00 0.00000E+00 0.00000E+00 0.00000E+00
 22 ni       0.51495E-04 0.51495E-04 0.00000E+00 0.00000E+00 0.00000E+00 0.00000E+00
 num zone     41          42
 radius   0.11300E+02 0.14105E+02
 temper   0.87300E+03 0.87300E+03
 rez_izot    bad         bad 
 ------------------------------------------------------------------------------
    izotop   /             concentration number of izotops=23
 12 d        0.33100E-01 0.33100E-01
 13 *o*      0.66200E-01 0.66200E-01
 ------------------------------------------------------------------------------
  number of cells =           4
          cell number    4  number of zone=14
 << geometry characteristics >>
    geometry of cell- cilindrical index=           2
  kratnost of cell =   24.00000    
  inner radius of cell =  0.0000000E+00
  out square ratio =  0.0000000E+00  0.0000000E+00  0.2100000      0.5000000    
 ------------------------------------------------------------------------------
 num zone     43          44          45          46          47          48
 radius   0.75000E+00 0.12266E+01 0.18984E+01 0.28582E+01 0.35168E+01 0.36779E+01
 temper   0.87300E+03 0.87300E+03 0.87300E+03 0.87300E+03 0.87300E+03 0.87300E+03
 rez_izot    bad         bad         bad         bad         bad         bad 
 ------------------------------------------------------------------------------
    izotop   /             concentration number of izotops=23
 12 d        0.33100E-01 0.33100E-01 0.33100E-01 0.33100E-01 0.33100E-01 0.33100E-01
 13 *o*      0.66200E-01 0.66200E-01 0.66200E-01 0.66200E-01 0.66200E-01 0.66200E-01
 num zone     49          50          51          52          53          54
 radius   0.38389E+01 0.40000E+01 0.44000E+01 0.50000E+01 0.65000E+01 0.90000E+01
 temper   0.87300E+03 0.87300E+03 0.87300E+03 0.87300E+03 0.87300E+03 0.87300E+03
 rez_izot    bad         bad         bad         bad         bad         bad 
 ------------------------------------------------------------------------------
    izotop   /             concentration number of izotops=23
 12 d        0.33100E-01 0.33100E-01 0.33100E-01 0.33100E-01 0.33100E-01 0.33100E-01
 13 *o*      0.66200E-01 0.66200E-01 0.66200E-01 0.66200E-01 0.66200E-01 0.66200E-01
 num zone     55          56
 radius   0.11300E+02 0.14105E+02
 temper   0.87300E+03 0.87300E+03
 rez_izot    bad         bad 
 ------------------------------------------------------------------------------
    izotop   /             concentration number of izotops=23
 12 d        0.33100E-01 0.33100E-01
 13 *o*      0.66200E-01 0.66200E-01
    > CONSYST Program Ver: 98.01 > started at  0: 0: 0:  
    { Manturov G., E-mail: abbn@ippe.rssi.ru}
 
       -------------------------------
 
       CONSYST INPUT DATA READ FROM : cons.dat
       CONSYST PROTOCOL STORED IN   : RESULT
       GMF X-SECTION'S FILE         : OUT
       TEMPORARY FILE               : RAB
       ABBN BASIC DATA SET FROM     : ..\bin\Bnab90.lib
       ABBN MULTIC DATA SET FROM    : ..\bin\Bnabmlt.lib
       ABBN THERMAL DATA SET FROM   : ..\bin\BNABTHM.lib
 
    >   Include Thermal Matrix > D(D2O):BNABTHM.BIN   Temp=  500K
    >   Include Thermal Matrix > D(D2O):BNABTHM.BIN   Temp=  600K
    >   Include Thermal Matrix > D(D2O):BNABTHM.BIN   Temp=  500K
    >   Include Thermal Matrix > D(D2O):BNABTHM.BIN   Temp=  600K
    >   Include Thermal Matrix > D(D2O):BNABTHM.BIN   Temp=  500K
    >   Include Thermal Matrix > D(D2O):BNABTHM.BIN   Temp=  600K
    >   Include Thermal Matrix > D(D2O):BNABTHM.BIN   Temp=  800K
    >   Include Thermal Matrix > D(D2O):BNABTHM.BIN   Temp= 1000K
    >   Include Thermal Matrix > D(D2O):BNABTHM.BIN   Temp=  500K
    >   Include Thermal Matrix > D(D2O):BNABTHM.BIN   Temp=  600K
    >   Include Thermal Matrix > D(D2O):BNABTHM.BIN   Temp=  500K
    >   Include Thermal Matrix > D(D2O):BNABTHM.BIN   Temp=  600K
    >   Include Thermal Matrix > D(D2O):BNABTHM.BIN   Temp=  500K
    >   Include Thermal Matrix > D(D2O):BNABTHM.BIN   Temp=  600K
    >   Include Thermal Matrix > D(D2O):BNABTHM.BIN   Temp=  800K
    >   Include Thermal Matrix > D(D2O):BNABTHM.BIN   Temp= 1000K
    >   Include Thermal Matrix > D(D2O):BNABTHM.BIN   Temp=  500K
    >   Include Thermal Matrix > D(D2O):BNABTHM.BIN   Temp=  600K
    >   Include Thermal Matrix > D(D2O):BNABTHM.BIN   Temp=  500K
    >   Include Thermal Matrix > D(D2O):BNABTHM.BIN   Temp=  600K
    >   Include Thermal Matrix > D(D2O):BNABTHM.BIN   Temp=  500K
    >   Include Thermal Matrix > D(D2O):BNABTHM.BIN   Temp=  600K
    >   Include Thermal Matrix > D(D2O):BNABTHM.BIN   Temp=  800K
    >   Include Thermal Matrix > D(D2O):BNABTHM.BIN   Temp= 1000K
    > CONSYST finished at  0: 0: 0:  
 therm. calculation avoided
 therm. calculation avoided
 therm. calculation avoided
 therm. calculation avoided
 therm. calculation avoided
 therm. calculation avoided
 therm. calculation avoided
 therm. calculation avoided
 therm. calculation avoided
:fier                                                                           
 condensation boundary was changed from  0.21500E+01 to  0.21544E+01
*** 4 *** ;egr=  2.1544    
    keff         nu           mu           fi           teta
   1.2872       1.7859       1.2801      0.59043      0.95365    
 s0z(n)=   0.0000000E+00  0.0000000E+00  0.3237518      0.0000000E+00
  0.6489683      0.0000000E+00  0.0000000E+00  0.0000000E+00  0.0000000E+00
  0.0000000E+00  0.0000000E+00  0.0000000E+00  0.0000000E+00  0.0000000E+00
  0.0000000E+00  0.0000000E+00  0.3237519      0.0000000E+00  0.6489683    
  0.0000000E+00  0.0000000E+00  0.0000000E+00  0.0000000E+00  0.0000000E+00
  0.0000000E+00  0.0000000E+00  0.0000000E+00  0.0000000E+00  0.0000000E+00
  0.0000000E+00  0.3237519      0.0000000E+00  0.6489665      0.0000000E+00
  0.0000000E+00  0.0000000E+00  0.0000000E+00  0.0000000E+00  0.0000000E+00
  0.0000000E+00  0.0000000E+00  0.0000000E+00  0.0000000E+00  0.0000000E+00
  0.0000000E+00  0.0000000E+00  0.0000000E+00  0.0000000E+00  0.0000000E+00
  0.0000000E+00  0.0000000E+00  0.0000000E+00  0.0000000E+00  0.0000000E+00
  0.0000000E+00  0.0000000E+00
:macro                                                                          
 condensation boundary was changed from  0.21500E+01 to  0.21544E+01
 condensation boundary was changed from  0.21500E+01 to  0.21544E+01
    -------------------------------------------------------------------------------
    * n group   * e(i)        * e(i+1)      *spect neutron fission  *
          1       0.10500E+08    2.1544           0.99900    
          2        2.1544        0.0000           0.13578E-08
    *******************************************************************************
                                       **    macro cross section    **
    *******************************************************************************
    ** n zone    1 vzone=  625.02     /  1  2  3  4  5  6  7  8  9 10 11 12 13 14
*grp*flux 1/cm2c  * stotal      * sabs        * sfis.       * nu$sfis.    * 1/3*strans  *1/aver.veloci*aver power
  1  0.7628545E-02 0.3299598     0.1354176E-02 0.3484081E-03 0.8990585E-03  1.264898     0.3204645E-06 0.6639158     0.2294165    
  2  0.3447476E-02 0.1577075     0.3808557E-02 0.2677595E-02 0.6512590E-02  2.581103     0.4515306E-05  1.709989     0.7967847    
                                       * matric. scat.cross. sec. from i to j  *
       i / j -->            1           2
       i        1 0.3227697     0.5835983E-02
       i        2 0.2862275E-04 0.1538704    
    ** n zone    2 vzone=  5000.2     / 15 16 17 18 19 20 21 22 23 24 25 26 27 28
*grp*flux 1/cm2c  * stotal      * sabs        * sfis.       * nu$sfis.    * 1/3*strans  *1/aver.veloci*aver power
  1  0.7291425E-02 0.3301842     0.1374775E-02 0.3567834E-03 0.9226567E-03  1.262929     0.2379570E-05 0.6711327     0.2245493    
  2  0.3409105E-02 0.1581753     0.3856056E-02 0.2707887E-02 0.6586268E-02  2.576194     0.3596491E-04  1.708032     0.7968298    
                                       * matric. scat.cross. sec. from i to j  *
       i / j -->            1           2
       i        1 0.3231575     0.5651952E-02
       i        2 0.2713611E-04 0.1542921    
    ** n zone    3 vzone=  10000.     / 29 30 31 32 33 34 35 36 37 38 39 40 41 42
*grp*flux 1/cm2c  * stotal      * sabs        * sfis.       * nu$sfis.    * 1/3*strans  *1/aver.veloci*aver power
  1  0.5989234E-02 0.3297185     0.1418344E-02 0.3823489E-03 0.9955495E-03  1.262508     0.3561801E-05 0.7019098     0.1976632    
  2  0.3272713E-02 0.1595400     0.3979699E-02 0.2796595E-02 0.6802039E-02  2.565413     0.7063919E-04  1.709184     0.7900096    
                                       * matric. scat.cross. sec. from i to j  *
       i / j -->            1           2
       i        1 0.3231576     0.5142575E-02
       i        2 0.2233420E-04 0.1555380    
    ** n zone    4 vzone=  15001.     / 43 44 45 46 47 48 49 50 51 52 53 54 55 56
*grp*flux 1/cm2c  * stotal      * sabs        * sfis.       * nu$sfis.    * 1/3*strans  *1/aver.veloci*aver power
  1  0.1093747E-02 0.3233676     0.2564839E-04  0.000000      0.000000      1.377252     0.2018197E-05  0.000000      0.000000    
  2  0.2941719E-02 0.1528057     0.1548498E-04  0.000000      0.000000      2.685756     0.1010143E-03  0.000000      0.000000    
                                       * matric. scat.cross. sec. from i to j  *
       i / j -->            1           2
       i        1 0.3104676     0.1287447E-01
       i        2 0.1451272E-04 0.1527757    
:micro                                                                          
 condensation boundary was changed from  0.21500E+01 to  0.21544E+01
 condensation boundary was changed from  0.21500E+01 to  0.21544E+01
    -------------------------------------------------------------------------------
    * n group   * e(i)        * e(i+1)
          1       0.10500E+08    2.1544    
          2        2.1544       0.10000E-04
    ---------------------------------------------------------------------------
         ** microcrossection  ** in   1  zone **v=  625.02    /  1  2  3  4  5  6  7  8  9 10 11 12 13 14
    * n group  * izotop  * at.mas      *dens         *flux 1/cm2c  * capture   * fission  *    * production *
          1       xe35     135.00         0.0000       0.76285E-02    13.243          0.0000         0.0000    
          2       xe35     135.00         0.0000       0.34475E-02   0.11598E+07      0.0000         0.0000    
          1       sm49     149.00         0.0000       0.76285E-02    66.850          0.0000         0.0000    
          2       sm49     149.00         0.0000       0.34475E-02    32910.          0.0000         0.0000    
          1       u235     235.00        0.19943E-04   0.76285E-02    9.0136          6.1521         0.0000    
          2       u235     235.00        0.19943E-04   0.34475E-02    236.45          200.69         0.0000    
          1       u238     238.00        0.64894E-03   0.76285E-02   0.73335         0.10634         0.0000    
          2       u238     238.00        0.64894E-03   0.34475E-02    1.1164          0.0000         0.0000    
          1       pu39     239.00         0.0000       0.76285E-02    22.738          13.390         0.0000    
          2       pu39     239.00         0.0000       0.34475E-02    1055.9          676.38         0.0000    
          1       pu40     240.00         0.0000       0.76285E-02    9.6385         0.34242         0.0000    
          2       pu40     240.00         0.0000       0.34475E-02    1592.1         0.31791         0.0000    
          1       pu41     241.00         0.0000       0.76285E-02    50.104          37.522         0.0000    
          2       pu41     241.00         0.0000       0.34475E-02    858.43          624.94         0.0000    
          1       pu42     242.00         0.0000       0.76285E-02    84.981         0.19702         0.0000    
          2       pu42     242.00         0.0000       0.34475E-02    11.180         0.12241E-02     0.0000    
          1       fp35     116.00         0.0000       0.76285E-02   0.59413          0.0000         0.0000    
          2       fp35     116.00         0.0000       0.34475E-02    4.1859          0.0000         0.0000    
          1       fp39     116.00         0.0000       0.76285E-02   0.59413          0.0000         0.0000    
          2       fp39     116.00         0.0000       0.34475E-02    4.1859          0.0000         0.0000    
          1       o         16.00        0.13344E-02   0.76285E-02   0.38344E-02      0.0000         0.0000    
          2       o         16.00        0.13344E-02   0.34475E-02   0.75607E-04      0.0000         0.0000    
          1       d          2.00        0.31736E-01   0.76285E-02   0.20580E-05      0.0000         0.0000    
          2       d          2.00        0.31736E-01   0.34475E-02   0.24311E-03      0.0000         0.0000    
          1       *o*       16.00        0.60687E-01   0.76285E-02   0.11959E-02      0.0000         0.0000    
          2       *o*       16.00        0.60687E-01   0.34475E-02   0.92149E-04      0.0000         0.0000    
          1       zr        91.00        0.12677E-02   0.76285E-02   0.24209E-01      0.0000         0.0000    
          2       zr        91.00        0.12677E-02   0.34475E-02   0.84151E-01      0.0000         0.0000    
          1       *c*       12.00         0.0000       0.76285E-02   0.16046E-03      0.0000         0.0000    
          2       *c*       12.00         0.0000       0.34475E-02   0.15911E-02      0.0000         0.0000    
          1       hf       178.50        0.28548E-06   0.76285E-02    40.677          0.0000         0.0000    
          2       hf       178.50        0.28548E-06   0.34475E-02    166.47          0.0000         0.0000    
          1       nb        93.00        0.28164E-04   0.76285E-02   0.39346          0.0000         0.0000    
          2       nb        93.00        0.28164E-04   0.34475E-02   0.49969          0.0000         0.0000    
          1       b-10      10.00         0.0000       0.76285E-02    56.751          0.0000         0.0000    
          2       b-10      10.00         0.0000       0.34475E-02    1774.4          0.0000         0.0000    
          1       u236     236.00         0.0000       0.76285E-02    18.394         0.31194         0.0000    
          2       u236     236.00         0.0000       0.34475E-02    2.4059         0.32029E-01     0.0000    
          1       fe        55.80        0.17146E-04   0.76285E-02   0.31964E-01      0.0000         0.0000    
          2       fe        55.80        0.17146E-04   0.34475E-02    1.1172          0.0000         0.0000    
          1       cr        52.00        0.48024E-05   0.76285E-02   0.33247E-01      0.0000         0.0000    
          2       cr        52.00        0.48024E-05   0.34475E-02    1.2923          0.0000         0.0000    
          1       ni        58.70        0.23656E-05   0.76285E-02   0.68310E-01      0.0000         0.0000    
          2       ni        58.70        0.23656E-05   0.34475E-02    1.8522          0.0000         0.0000    
          1       al        27.00         0.0000       0.76285E-02   0.71542E-02      0.0000         0.0000    
          2       al        27.00         0.0000       0.34475E-02   0.10650          0.0000         0.0000    
    ---------------------------------------------------------------------------
         ** microcrossection  ** in   2  zone **v=  5000.2    / 15 16 17 18 19 20 21 22 23 24 25 26 27 28
    * n group  * izotop  * at.mas      *dens         *flux 1/cm2c  * capture   * fission  *    * production *
          1       xe35     135.00         0.0000       0.72914E-02    12.860          0.0000         0.0000    
          2       xe35     135.00         0.0000       0.34091E-02   0.11716E+07      0.0000         0.0000    
          1       sm49     149.00         0.0000       0.72914E-02    64.858          0.0000         0.0000    
          2       sm49     149.00         0.0000       0.34091E-02    33233.          0.0000         0.0000    
          1       u235     235.00        0.20101E-04   0.72914E-02    8.7032          5.9557         0.0000    
          2       u235     235.00        0.20101E-04   0.34091E-02    238.13          202.15         0.0000    
          1       u238     238.00        0.66477E-03   0.72914E-02   0.71178         0.10752         0.0000    
          2       u238     238.00        0.66477E-03   0.34091E-02    1.1220          0.0000         0.0000    
          1       pu39     239.00         0.0000       0.72914E-02    22.148          13.051         0.0000    
          2       pu39     239.00         0.0000       0.34091E-02    1064.4          681.89         0.0000    
          1       pu40     240.00         0.0000       0.72914E-02    9.4033         0.34782         0.0000    
          2       pu40     240.00         0.0000       0.34091E-02    1555.8         0.31072         0.0000    
          1       pu41     241.00         0.0000       0.72914E-02    48.544          36.371         0.0000    
          2       pu41     241.00         0.0000       0.34091E-02    866.20          630.62         0.0000    
          1       pu42     242.00         0.0000       0.72914E-02    82.686         0.20233         0.0000    
          2       pu42     242.00         0.0000       0.34091E-02    11.161         0.12248E-02     0.0000    
          1       fp35     116.00         0.0000       0.72914E-02   0.57932          0.0000         0.0000    
          2       fp35     116.00         0.0000       0.34091E-02    4.2138          0.0000         0.0000    
          1       fp39     116.00         0.0000       0.72914E-02   0.57932          0.0000         0.0000    
          2       fp39     116.00         0.0000       0.34091E-02    4.2138          0.0000         0.0000    
          1       o         16.00        0.13344E-02   0.72914E-02   0.38785E-02      0.0000         0.0000    
          2       o         16.00        0.13344E-02   0.34091E-02   0.76283E-04      0.0000         0.0000    
          1       d          2.00        0.31736E-01   0.72914E-02   0.20109E-05      0.0000         0.0000    
          2       d          2.00        0.31736E-01   0.34091E-02   0.24457E-03      0.0000         0.0000    
          1       *o*       16.00        0.60687E-01   0.72914E-02   0.12367E-02      0.0000         0.0000    
          2       *o*       16.00        0.60687E-01   0.34091E-02   0.93024E-04      0.0000         0.0000    
          1       zr        91.00        0.12677E-02   0.72914E-02   0.24033E-01      0.0000         0.0000    
          2       zr        91.00        0.12677E-02   0.34091E-02   0.84684E-01      0.0000         0.0000    
          1       *c*       12.00         0.0000       0.72914E-02   0.16317E-03      0.0000         0.0000    
          2       *c*       12.00         0.0000       0.34091E-02   0.16014E-02      0.0000         0.0000    
          1       hf       178.50        0.28548E-06   0.72914E-02    38.756          0.0000         0.0000    
          2       hf       178.50        0.28548E-06   0.34091E-02    163.42          0.0000         0.0000    
          1       nb        93.00        0.28164E-04   0.72914E-02   0.38820          0.0000         0.0000    
          2       nb        93.00        0.28164E-04   0.34091E-02   0.50283          0.0000         0.0000    
          1       b-10      10.00         0.0000       0.72914E-02    55.108          0.0000         0.0000    
          2       b-10      10.00         0.0000       0.34091E-02    1786.6          0.0000         0.0000    
          1       u236     236.00         0.0000       0.72914E-02    17.796         0.30725         0.0000    
          2       u236     236.00         0.0000       0.34091E-02    2.4202         0.32227E-01     0.0000    
          1       fe        55.80        0.17146E-04   0.72914E-02   0.31079E-01      0.0000         0.0000    
          2       fe        55.80        0.17146E-04   0.34091E-02    1.1240          0.0000         0.0000    
          1       cr        52.00        0.48024E-05   0.72914E-02   0.32274E-01      0.0000         0.0000    
          2       cr        52.00        0.48024E-05   0.34091E-02    1.3002          0.0000         0.0000    
          1       ni        58.70        0.23656E-05   0.72914E-02   0.67315E-01      0.0000         0.0000    
          2       ni        58.70        0.23656E-05   0.34091E-02    1.8635          0.0000         0.0000    
          1       al        27.00         0.0000       0.72914E-02   0.70904E-02      0.0000         0.0000    
          2       al        27.00         0.0000       0.34091E-02   0.10722          0.0000         0.0000    
    ---------------------------------------------------------------------------
         ** microcrossection  ** in   3  zone **v=  10000.    / 29 30 31 32 33 34 35 36 37 38 39 40 41 42
    * n group  * izotop  * at.mas      *dens         *flux 1/cm2c  * capture   * fission  *    * production *
          1       xe35     135.00         0.0000       0.59892E-02    11.838          0.0000         0.0000    
          2       xe35     135.00         0.0000       0.32727E-02   0.12116E+07      0.0000         0.0000    
          1       sm49     149.00         0.0000       0.59892E-02    58.579          0.0000         0.0000    
          2       sm49     149.00         0.0000       0.32727E-02    34310.          0.0000         0.0000    
          1       u235     235.00        0.20260E-04   0.59892E-02    7.6637          5.2941         0.0000    
          2       u235     235.00        0.20260E-04   0.32727E-02    244.72          207.86         0.0000    
          1       u238     238.00        0.68060E-03   0.59892E-02   0.65058         0.11278         0.0000    
          2       u238     238.00        0.68060E-03   0.32727E-02    1.1440          0.0000         0.0000    
          1       pu39     239.00         0.0000       0.59892E-02    20.250          11.971         0.0000    
          2       pu39     239.00         0.0000       0.32727E-02    1092.2          699.80         0.0000    
          1       pu40     240.00         0.0000       0.59892E-02    8.6360         0.36861         0.0000    
          2       pu40     240.00         0.0000       0.32727E-02    1437.1         0.28729         0.0000    
          1       pu41     241.00         0.0000       0.59892E-02    43.799          32.862         0.0000    
          2       pu41     241.00         0.0000       0.32727E-02    891.93          649.46         0.0000    
          1       pu42     242.00         0.0000       0.59892E-02    76.765         0.22281         0.0000    
          2       pu42     242.00         0.0000       0.32727E-02    11.106         0.12282E-02     0.0000    
          1       fp35     116.00         0.0000       0.59892E-02   0.53025          0.0000         0.0000    
          2       fp35     116.00         0.0000       0.32727E-02    4.3081          0.0000         0.0000    
          1       fp39     116.00         0.0000       0.59892E-02   0.53025          0.0000         0.0000    
          2       fp39     116.00         0.0000       0.32727E-02    4.3081          0.0000         0.0000    
          1       o         16.00        0.13344E-02   0.59892E-02   0.40720E-02      0.0000         0.0000    
          2       o         16.00        0.13344E-02   0.32727E-02   0.78852E-04      0.0000         0.0000    
          1       d          2.00        0.31736E-01   0.59892E-02   0.19038E-05      0.0000         0.0000    
          2       d          2.00        0.31736E-01   0.32727E-02   0.24954E-03      0.0000         0.0000    
          1       *o*       16.00        0.60687E-01   0.59892E-02   0.13759E-02      0.0000         0.0000    
          2       *o*       16.00        0.60687E-01   0.32727E-02   0.95945E-04      0.0000         0.0000    
          1       zr        91.00        0.12677E-02   0.59892E-02   0.23264E-01      0.0000         0.0000    
          2       zr        91.00        0.12677E-02   0.32727E-02   0.86579E-01      0.0000         0.0000    
          1       *c*       12.00         0.0000       0.59892E-02   0.17460E-03      0.0000         0.0000    
          2       *c*       12.00         0.0000       0.32727E-02   0.16364E-02      0.0000         0.0000    
          1       hf       178.50        0.28548E-06   0.59892E-02    32.718          0.0000         0.0000    
          2       hf       178.50        0.28548E-06   0.32727E-02    152.94          0.0000         0.0000    
          1       nb        93.00        0.28164E-04   0.59892E-02   0.36551          0.0000         0.0000    
          2       nb        93.00        0.28164E-04   0.32727E-02   0.51397          0.0000         0.0000    
          1       b-10      10.00         0.0000       0.59892E-02    50.202          0.0000         0.0000    
          2       b-10      10.00         0.0000       0.32727E-02    1827.7          0.0000         0.0000    
          1       u236     236.00         0.0000       0.59892E-02    15.974         0.29483         0.0000    
          2       u236     236.00         0.0000       0.32727E-02    2.4688         0.32899E-01     0.0000    
          1       fe        55.80        0.17146E-04   0.59892E-02   0.28137E-01      0.0000         0.0000    
          2       fe        55.80        0.17146E-04   0.32727E-02    1.1492          0.0000         0.0000    
          1       cr        52.00        0.48024E-05   0.59892E-02   0.29053E-01      0.0000         0.0000    
          2       cr        52.00        0.48024E-05   0.32727E-02    1.3293          0.0000         0.0000    
          1       ni        58.70        0.23656E-05   0.59892E-02   0.64398E-01      0.0000         0.0000    
          2       ni        58.70        0.23656E-05   0.32727E-02    1.9052          0.0000         0.0000    
          1       al        27.00         0.0000       0.59892E-02   0.68764E-02      0.0000         0.0000    
          2       al        27.00         0.0000       0.32727E-02   0.10965          0.0000         0.0000    
    ---------------------------------------------------------------------------
         ** microcrossection  ** in   4  zone **v=  15001.    / 43 44 45 46 47 48 49 50 51 52 53 54 55 56
    * n group  * izotop  * at.mas      *dens         *flux 1/cm2c  * capture   * fission  *    * production *
          1       xe35     135.00         0.0000       0.10937E-02    29.704          0.0000         0.0000    
          2       xe35     135.00         0.0000       0.29417E-02   0.13206E+07      0.0000         0.0000    
          1       sm49     149.00         0.0000       0.10937E-02    108.67          0.0000         0.0000    
          2       sm49     149.00         0.0000       0.29417E-02    37091.          0.0000         0.0000    
          1       u235     235.00         0.0000       0.10937E-02    30.349          19.184         0.0000    
          2       u235     235.00         0.0000       0.29417E-02    318.18          270.71         0.0000    
          1       u238     238.00         0.0000       0.10937E-02    25.664         0.12119E-01     0.0000    
          2       u238     238.00         0.0000       0.29417E-02    1.4030          0.0000         0.0000    
          1       pu39     239.00         0.0000       0.10937E-02    35.001          20.564         0.0000    
          2       pu39     239.00         0.0000       0.29417E-02    1145.8          735.68         0.0000    
          1       pu40     240.00         0.0000       0.10937E-02    14.572         0.20927         0.0000    
          2       pu40     240.00         0.0000       0.29417E-02    1182.4         0.23703         0.0000    
          1       pu41     241.00         0.0000       0.10937E-02    86.836          64.422         0.0000    
          2       pu41     241.00         0.0000       0.29417E-02    952.47          694.11         0.0000    
          1       pu42     242.00         0.0000       0.10937E-02    196.99         0.76850E-01     0.0000    
          2       pu42     242.00         0.0000       0.29417E-02    11.132         0.12510E-02     0.0000    
          1       fp35     116.00         0.0000       0.10937E-02   0.90889          0.0000         0.0000    
          2       fp35     116.00         0.0000       0.29417E-02    4.5619          0.0000         0.0000    
          1       fp39     116.00         0.0000       0.10937E-02   0.90889          0.0000         0.0000    
          2       fp39     116.00         0.0000       0.29417E-02    4.5619          0.0000         0.0000    
          1       o         16.00         0.0000       0.10937E-02   0.38502E-03      0.0000         0.0000    
          2       o         16.00         0.0000       0.29417E-02   0.10260E-03      0.0000         0.0000    
          1       d          2.00        0.33100E-01   0.10937E-02   0.49836E-05      0.0000         0.0000    
          2       d          2.00        0.33100E-01   0.29417E-02   0.26263E-03      0.0000         0.0000    
          1       *o*       16.00        0.66200E-01   0.10937E-02   0.38495E-03      0.0000         0.0000    
          2       *o*       16.00        0.66200E-01   0.29417E-02   0.10260E-03      0.0000         0.0000    
          1       zr        91.00         0.0000       0.10937E-02   0.73037E-01      0.0000         0.0000    
          2       zr        91.00         0.0000       0.29417E-02   0.96138E-01      0.0000         0.0000    
          1       *c*       12.00         0.0000       0.10937E-02   0.10576E-03      0.0000         0.0000    
          2       *c*       12.00         0.0000       0.29417E-02   0.17316E-02      0.0000         0.0000    
          1       hf       178.50         0.0000       0.10937E-02    167.85          0.0000         0.0000    
          2       hf       178.50         0.0000       0.29417E-02    119.97          0.0000         0.0000    
          1       nb        93.00         0.0000       0.10937E-02   0.76842          0.0000         0.0000    
          2       nb        93.00         0.0000       0.29417E-02   0.56745          0.0000         0.0000    
          1       b-10      10.00         0.0000       0.10937E-02    103.95          0.0000         0.0000    
          2       b-10      10.00         0.0000       0.29417E-02    1938.5          0.0000         0.0000    
          1       u236     236.00         0.0000       0.10937E-02    31.421         0.40873         0.0000    
          2       u236     236.00         0.0000       0.29417E-02    2.6032         0.34748E-01     0.0000    
          1       fe        55.80         0.0000       0.10937E-02   0.85294E-01      0.0000         0.0000    
          2       fe        55.80         0.0000       0.29417E-02    1.3258          0.0000         0.0000    
          1       cr        52.00         0.0000       0.10937E-02   0.92010E-01      0.0000         0.0000    
          2       cr        52.00         0.0000       0.29417E-02    1.5342          0.0000         0.0000    
          1       ni        58.70         0.0000       0.10937E-02   0.12738          0.0000         0.0000    
          2       ni        58.70         0.0000       0.29417E-02    2.1983          0.0000         0.0000    
          1       al        27.00         0.0000       0.10937E-02   0.90892E-02      0.0000         0.0000    
          2       al        27.00         0.0000       0.29417E-02   0.11623          0.0000         0.0000    
:stop                                                                           
