  8 xe35     0.20500E-08 0.00000E+00 0.00000E+00
  8 xe35     0.20608E-08 0.00000E+00 0.00000E+00
  8 xe35     0.20601E-08 0.00000E+00 0.00000E+00
  8 xe35     0.20596E-08 0.00000E+00 0.00000E+00
  8 xe35     0.20594E-08 0.00000E+00 0.00000E+00
  8 xe35     0.20595E-08 0.00000E+00 0.00000E+00
  8 xe35     0.20597E-08 0.00000E+00 0.00000E+00
  8 xe35     0.20601E-08 0.00000E+00 0.00000E+00
  8 xe35     0.20607E-08 0.00000E+00 0.00000E+00
  8 xe35     0.20614E-08 0.00000E+00 0.00000E+00
  8 xe35     0.20622E-08 0.00000E+00 0.00000E+00
  8 xe35     0.20631E-08 0.00000E+00 0.00000E+00
  8 xe35     0.82560E-09 0.00000E+00 0.00000E+00
  8 xe35     0.33039E-09 0.00000E+00 0.00000E+00
  8 xe35     0.13222E-09 0.00000E+00 0.00000E+00
  8 xe35     0.52910E-10 0.00000E+00 0.00000E+00
  8 xe35     0.21174E-10 0.00000E+00 0.00000E+00
  8 xe35     0.84732E-11 0.00000E+00 0.00000E+00
  8 xe35     0.33908E-11 0.00000E+00 0.00000E+00
  8 xe35     0.13570E-11 0.00000E+00 0.00000E+00
