 *****          file of input data set *******
:poly
 &vvod
   nsos=1,2,3,4
   r=0.386,0.455,0.456,0.7075,
@ ------------------------------------------------------------------------------
 t=        1.00000e+03, 600.0, 579.0,
 troiz=
 @ izotop    / fuel /     / km /       / cool /     / mod /
 @ u235  @   0.01000e-01, 0.00000e+00, 0.00000e+00, 0.00000e+00,
 @ u238  @   0.21900e-01, 0.00000e+00, 0.00000e+00, 0.00000e+00,
 @ o     @   0.45800e-01, 0.00000e+00, 0.00000e+00, 0.00000e+00,
 @ zr    @   0.00000e+00, 0.38910e-01, 0.00000e+00, 0.00000e+00,
 @ *h*   @   0.00000e+00, 0.00000e+00, 0.47460e-01, 0.47460e-01,
 @ *o*   @   0.00000e+00, 0.00000e+00, 0.23730e-01, 0.23730e-01,
 @  c    @   0.00000e+00, 0.00000e+00, 0.00000e+00, 0.00001e-14,
 @ u236  @   0.00000e+00, 0.00000e+00, 0.00000e+00, 0.00000e+00,
 @ slag  @   0.00000e+00, 0.00000e+00, 0.00000e+00, 0.00000e+00,
 @ tc99  @   0.00000e+00, 0.00000e+00, 0.00000e+00, 0.00000e+00,
 @ rh03  @   0.00000e+00, 0.00000e+00, 0.00000e+00, 0.00000e+00,
 @ ag09  @   0.00000e+00, 0.00000e+00, 0.00000e+00, 0.00000e+00,
 @ cd13  @   0.00000e+00, 0.00000e+00, 0.00000e+00, 0.00000e+00,
 @ xe35  @   0.00000e+00, 0.00000e+00, 0.00000e+00, 0.00000e+00,
 @ sm49  @   0.00000e+00, 0.00000e+00, 0.00000e+00, 0.00000e+00,
 @ sm51  @   0.00000e+00, 0.00000e+00, 0.00000e+00, 0.00000e+00,
 @ eu55  @   0.00000e+00, 0.00000e+00, 0.00000e+00, 0.00000e+00,
 @ gd55  @   0.00000e+00, 0.00000e+00, 0.00000e+00, 0.00000e+00,
 @ gd56  @   0.00000e+00, 0.00000e+00, 0.00000e+00, 0.00000e+00,
 @ gd57  @   0.00000e+00, 0.00000e+00, 0.00000e+00, 0.00000e+00,
 @ np37  @   0.00000e+00, 0.00000e+00, 0.00000e+00, 0.00000e+00,
 @ np39  @   0.00000e+00, 0.00000e+00, 0.00000e+00, 0.00000e+00,
 @ pu38  @   0.00000e+00, 0.00000e+00, 0.00000e+00, 0.00000e+00,
 @ pu39  @   0.00000e+00, 0.00000e+00, 0.00000e+00, 0.00000e+00,
 @ pu40  @   0.00000e+00, 0.00000e+00, 0.00000e+00, 0.00000e+00,
 @ pu41  @   0.00000e+00, 0.00000e+00, 0.00000e+00, 0.00000e+00,
 @ pu42  @   0.00000e+00, 0.00000e+00, 0.00000e+00, 0.00000e+00,
 @ am41  @   0.00000e+00, 0.00000e+00, 0.00000e+00, 0.00000e+00,
 @ am2m  @   0.00000e+00, 0.00000e+00, 0.00000e+00, 0.00000e+00,
 @ am43  @   0.00000e+00, 0.00000e+00, 0.00000e+00, 0.00000e+00,
 @ cm42  @   0.00000e+00, 0.00000e+00, 0.00000e+00, 0.00000e+00,
 @ cm44  @   0.00000e+00, 0.00000e+00, 0.00000e+00, 0.00000e+00,
 @ cm45  @   0.00000e+00, 0.00000e+00, 0.00000e+00, 0.00000e+00,
 @ sm52  @   0.00000e+00, 0.00000e+00, 0.00000e+00, 0.00000e+00,
 @ xe31  @   0.00000e+00, 0.00000e+00, 0.00000e+00, 0.00000e+00,
 @ cs33  @   0.00000e+00, 0.00000e+00, 0.00000e+00, 0.00000e+00,
 @ nd45  @   0.00000e+00, 0.00000e+00, 0.00000e+00, 0.00000e+00,
 @ nd43  @   0.00000e+00, 0.00000e+00, 0.00000e+00, 0.00000e+00,
 @ pm47  @   0.00000e+00, 0.00000e+00, 0.00000e+00, 0.00000e+00,
 @ mo95  @   0.00000e+00, 0.00000e+00, 0.00000e+00, 0.00000e+00,
 @ cs34  @   0.00000e+00, 0.00000e+00, 0.00000e+00, 0.00000e+00,
 @ pr41  @   0.00000e+00, 0.00000e+00, 0.00000e+00, 0.00000e+00,
 @ pm48  @   0.00000e+00, 0.00000e+00, 0.00000e+00, 0.00000e+00,
 @ pm8m  @   0.00000e+00, 0.00000e+00, 0.00000e+00, 0.00000e+00,
 @ rh05  @   0.00000e+00, 0.00000e+00, 0.00000e+00, 0.00000e+00,
 @ pm49  @   0.00000e+00, 0.00000e+00, 0.00000e+00, 0.00000e+00,
 @ kr83  @   0.00000e+00, 0.00000e+00, 0.00000e+00, 0.00000e+00,
 @ ru01  @   0.00000e+00, 0.00000e+00, 0.00000e+00, 0.00000e+00,
 @ pd05  @   0.00000e+00, 0.00000e+00, 0.00000e+00, 0.00000e+00,
 @ cs35  @   0.00000e+00, 0.00000e+00, 0.00000e+00, 0.00000e+00,
 @ sm50  @   0.00000e+00, 0.00000e+00, 0.00000e+00, 0.00000e+00,
 @ eu51  @   0.00000e+00, 0.00000e+00, 0.00000e+00, 0.00000e+00,
 @ eu53  @   0.00000e+00, 0.00000e+00, 0.00000e+00, 0.00000e+00,
 @ eu54  @   0.00000e+00, 0.00000e+00, 0.00000e+00, 0.00000e+00,
 @ gd54  @   0.00000e+00, 0.00000e+00, 0.00000e+00, 0.00000e+00,
 @ am42  @   0.00000e+00, 0.00000e+00, 0.00000e+00, 0.00000e+00,
 @ cm43  @   0.00000e+00, 0.00000e+00, 0.00000e+00, 0.00000e+00,
@-------------------------------------------------------------------------------------
 material(1)='chmc',
 &end
u235
u238
o
zr
*h*
*o*
c
u236
slag
tc99
rh03
ag09
cd13
xe35
sm49
sm51
eu55
gd55
gd56
gd57
np37
np39
pu38
pu39
pu40
pu41
pu42
am41
am2m
am43
cm42
cm44
cm45
sm52
xe31
cs33
nd45
nd43
pm47
mo95
cs34
pr41
pm48
pm8m
rh05
pm49
kr83
ru01
pd05
cs35
sm50
eu51
eu53
eu54
gd54
am42
cm43
****
:fier
 &vvod &end
@ 1 step - 50 days!----------
:burn
 &vvod qv=110.,dtim=50.,
 &end
:corr
 &vvod &end
:fier
 &vvod &end
@ 1 step - 50 days!----------
:stop
 ***** end of   file of input data set *******
:poly                                                                           
 definition izotr in sos           1:izotr=   2.000000    
  *******<< check input data>> programm declare *******
    --undeclared parametr--cefzad  -- programm standart value --cefzad  =  0.100000E+01
  *******<< check input data>> programm declare *******
    --undeclared parametr--bakl    -- programm standart value --bakl    =  0.000000E+00
  *******<< check input data>> programm declare *******
    --undeclared parametr--alin    -- programm standart value --alin    =  0.000000E+00
  *******<< check input data>> programm declare *******
    --undeclared parametr--alout   -- programm standart value --alout   =  0.100000E+01
  *******<< check input data>> programm declare *******
    --undeclared parametr--alcorr  -- programm standart value --alcorr  =  0.100000E+01
  *******<< check input data>> programm declare *******
    --undeclared parametr--nbv     -- programm standart value --nbv     =    1    1    1    1
  *******<< check input data>> programm declare *******
    --undeclared parametr--et      -- programm standart value --et      =  0.105000E+08  0.215000E+01
     0.215000E+01  0.000000E+00
    ????  storage for pr. getter =      400 ?? common /rrr/ rab(        0 )  ????
 ------------------------------------------------------------------------------
  backling =  0.0000000E+00
 ------------------------------------------------------------------------------
  number of cells =           1
          cell number    1  number of zone= 4
 << geometry characteristics >>
    geometry of cell- cilindrical index=           2
  kratnost of cell =   1.000000    
  inner radius of cell =  0.0000000E+00
  out square ratio =   1.000000    
 ------------------------------------------------------------------------------
 num zone      1           2           3           4
 radius   0.38600E+00 0.45500E+00 0.45600E+00 0.70750E+00
 temper   0.10000E+04 0.60000E+03 0.57900E+03 0.30000E+03
 rez_izot    u238        bad         bad         bad 
 ------------------------------------------------------------------------------
    izotop   /             concentration number of izotops=63
  1 u235     0.10000E-02 0.00000E+00 0.00000E+00 0.00000E+00
  2 u238     0.21900E-01 0.00000E+00 0.00000E+00 0.00000E+00
  3 o        0.45800E-01 0.00000E+00 0.00000E+00 0.00000E+00
  4 zr       0.00000E+00 0.38910E-01 0.00000E+00 0.00000E+00
  5 *h*      0.00000E+00 0.00000E+00 0.47460E-01 0.47460E-01
  6 *o*      0.00000E+00 0.00000E+00 0.23730E-01 0.23730E-01
  7 c        0.00000E+00 0.00000E+00 0.00000E+00 0.10000E-18
    > CONSYST Program Ver: 98.01 > started at  0: 0: 0:  
    { Manturov G., E-mail: abbn@ippe.rssi.ru}
 
       -------------------------------
 
       CONSYST INPUT DATA READ FROM : cons.dat
       CONSYST PROTOCOL STORED IN   : RESULT
       GMF X-SECTION'S FILE         : OUT
       TEMPORARY FILE               : RAB
       ABBN BASIC DATA SET FROM     : ..\bin\Bnab90.lib
       ABBN MULTIC DATA SET FROM    : ..\bin\Bnabmlt.lib
       ABBN THERMAL DATA SET FROM   : ..\bin\BNABTHM.lib
 
    >   Include Thermal Matrix > H(H2O):BNABTHM.BIN   Temp=  500K
    >   Include Thermal Matrix > H(H2O):BNABTHM.BIN   Temp=  600K
    >   Include Thermal Matrix > H(H2O):BNABTHM.BIN   Temp=  300K
    >   Include Thermal Matrix > H(H2O):BNABTHM.BIN   Temp=  350K
    > CONSYST finished at  0: 0: 0:  
 therm. calculation avoided
 therm. calculation avoided
 therm. calculation avoided
 therm. calculation avoided
 therm. calculation avoided
 therm. calculation avoided
 therm. calculation avoided
 therm. calculation avoided
 therm. calculation avoided
 *************************************************
   ***k(inf)= 1.40133     ***k(itt)= 1.40133     ***k(integ)= 1.40133    ***
   **bakl=  0.0000     **length= 0.10000E+11  ***
   **matr.  alout*alcorr a(k,i)(k=1,ncel) ***
     *  1.0000    
 lokal kner      in cell ,ru=           1=   1.000000       1.000000    
:fier                                                                           
 condensation boundary was changed from  0.21500E+01 to  0.21544E+01
*** 4 *** ;egr=  2.1544    
    keff         nu           mu           fi           teta
   1.4013       1.8856       1.2372      0.63683      0.94322    
 s0z(n)=    1.060816      0.0000000E+00  0.0000000E+00  0.0000000E+00
:burn                                                                           
 *** average burn up =   2.0274     (mbt*day)/(kg hm)
    > CONSYST Program Ver: 98.01 > started at  0: 0: 0:  
    { Manturov G., E-mail: abbn@ippe.rssi.ru}
 
       -------------------------------
 
       CONSYST INPUT DATA READ FROM : cons.dat
       CONSYST PROTOCOL STORED IN   : RESULT
       GMF X-SECTION'S FILE         : OUT
       TEMPORARY FILE               : RAB
       ABBN BASIC DATA SET FROM     : ..\bin\Bnab90.lib
       ABBN MULTIC DATA SET FROM    : ..\bin\Bnabmlt.lib
       ABBN THERMAL DATA SET FROM   : ..\bin\BNABTHM.lib
 
    >   Include Thermal Matrix > H(H2O):BNABTHM.BIN   Temp=  500K
    >   Include Thermal Matrix > H(H2O):BNABTHM.BIN   Temp=  600K
    >   Include Thermal Matrix > H(H2O):BNABTHM.BIN   Temp=  300K
    >   Include Thermal Matrix > H(H2O):BNABTHM.BIN   Temp=  350K
    > CONSYST finished at  0: 0: 0:  
 therm. calculation avoided
 therm. calculation avoided
 therm. calculation avoided
 therm. calculation avoided
 therm. calculation avoided
 therm. calculation avoided
 therm. calculation avoided
 therm. calculation avoided
 therm. calculation avoided
 *************************************************
   ***k(inf)= 1.32472     ***k(itt)= 1.32472     ***k(integ)= 1.32472    ***
   **bakl=  0.0000     **length= 0.10000E+11  ***
   **matr.  alout*alcorr a(k,i)(k=1,ncel) ***
     *  1.0000    
 lokal kner      in cell ,ru=           1=   1.000000       1.000000    
:corr                                                                           
 ------------------------------------------------------------------------------
  backling =  0.0000000E+00
 ------------------------------------------------------------------------------
  number of cells =           1
          cell number    1  number of zone= 4
 << geometry characteristics >>
    geometry of cell- cilindrical index=           2
  kratnost of cell =   1.000000    
  inner radius of cell =  0.0000000E+00
  out square ratio =   1.000000    
 ------------------------------------------------------------------------------
 num zone      1           2           3           4
 radius   0.38600E+00 0.45500E+00 0.45600E+00 0.70750E+00
 temper   0.10000E+04 0.60000E+03 0.57900E+03 0.30000E+03
 rez_izot    u238        bad         bad         bad 
 ------------------------------------------------------------------------------
    izotop   /             concentration number of izotops=63
  1 u235     0.94544E-03 0.00000E+00 0.00000E+00 0.00000E+00
  2 u238     0.21875E-01 0.00000E+00 0.00000E+00 0.00000E+00
  3 o        0.45800E-01 0.00000E+00 0.00000E+00 0.00000E+00
  4 zr       0.00000E+00 0.38910E-01 0.00000E+00 0.00000E+00
  5 *h*      0.00000E+00 0.00000E+00 0.47460E-01 0.47460E-01
  6 *o*      0.00000E+00 0.00000E+00 0.23730E-01 0.23730E-01
  7 c        0.00000E+00 0.00000E+00 0.00000E+00 0.10000E-18
  8 u236     0.97122E-05 0.00000E+00 0.00000E+00 0.00000E+00
  9 slag     0.22233E-04 0.00000E+00 0.00000E+00 0.00000E+00
 10 tc99     0.29515E-05 0.00000E+00 0.00000E+00 0.00000E+00
 11 rh03     0.15934E-05 0.00000E+00 0.00000E+00 0.00000E+00
 12 ag09     0.27779E-07 0.00000E+00 0.00000E+00 0.00000E+00
 13 cd13     0.21978E-08 0.00000E+00 0.00000E+00 0.00000E+00
 14 xe35     0.10384E-07 0.00000E+00 0.00000E+00 0.00000E+00
 15 sm49     0.10321E-06 0.00000E+00 0.00000E+00 0.00000E+00
 16 sm51     0.14801E-06 0.00000E+00 0.00000E+00 0.00000E+00
 17 eu55     0.13214E-07 0.00000E+00 0.00000E+00 0.00000E+00
 18 gd55     0.79011E-10 0.00000E+00 0.00000E+00 0.00000E+00
 19 gd56     0.57503E-08 0.00000E+00 0.00000E+00 0.00000E+00
 20 gd57     0.14386E-08 0.00000E+00 0.00000E+00 0.00000E+00
 21 np37     0.41916E-07 0.00000E+00 0.00000E+00 0.00000E+00
 22 np39     0.15175E-05 0.00000E+00 0.00000E+00 0.00000E+00
 23 pu38     0.49660E-09 0.00000E+00 0.00000E+00 0.00000E+00
 24 pu39     0.19463E-04 0.00000E+00 0.00000E+00 0.00000E+00
 25 pu40     0.47096E-06 0.00000E+00 0.00000E+00 0.00000E+00
 26 pu41     0.38477E-07 0.00000E+00 0.00000E+00 0.00000E+00
 27 pu42     0.34645E-09 0.00000E+00 0.00000E+00 0.00000E+00
 28 am41     0.59614E-10 0.00000E+00 0.00000E+00 0.00000E+00
 29 am2m     0.11138E-12 0.00000E+00 0.00000E+00 0.00000E+00
 30 am43     0.22680E-11 0.00000E+00 0.00000E+00 0.00000E+00
 31 cm42     0.83117E-12 0.00000E+00 0.00000E+00 0.00000E+00
 32 cm44     0.21714E-13 0.00000E+00 0.00000E+00 0.00000E+00
 33 cm45     0.47793E-16 0.00000E+00 0.00000E+00 0.00000E+00
 34 sm52     0.19921E-06 0.00000E+00 0.00000E+00 0.00000E+00
 35 xe31     0.13372E-05 0.00000E+00 0.00000E+00 0.00000E+00
 36 cs33     0.32282E-05 0.00000E+00 0.00000E+00 0.00000E+00
 37 nd45     0.18717E-05 0.00000E+00 0.00000E+00 0.00000E+00
 38 nd43     0.27813E-05 0.00000E+00 0.00000E+00 0.00000E+00
 39 pm47     0.10624E-05 0.00000E+00 0.00000E+00 0.00000E+00
 40 mo95     0.30847E-05 0.00000E+00 0.00000E+00 0.00000E+00
 41 cs34     0.19042E-07 0.00000E+00 0.00000E+00 0.00000E+00
 42 pr41     0.28166E-05 0.00000E+00 0.00000E+00 0.00000E+00
 43 pm48     0.47166E-08 0.00000E+00 0.00000E+00 0.00000E+00
 44 pm8m     0.77619E-08 0.00000E+00 0.00000E+00 0.00000E+00
 45 rh05     0.24643E-07 0.00000E+00 0.00000E+00 0.00000E+00
 46 pm49     0.38858E-07 0.00000E+00 0.00000E+00 0.00000E+00
 47 kr83     0.25141E-06 0.00000E+00 0.00000E+00 0.00000E+00
 48 ru01     0.24435E-05 0.00000E+00 0.00000E+00 0.00000E+00
 49 pd05     0.51673E-06 0.00000E+00 0.00000E+00 0.00000E+00
 50 cs35     0.94863E-06 0.00000E+00 0.00000E+00 0.00000E+00
 51 sm50     0.43852E-06 0.00000E+00 0.00000E+00 0.00000E+00
 52 eu51     0.19608E-08 0.00000E+00 0.00000E+00 0.00000E+00
 53 eu53     0.82890E-08 0.00000E+00 0.00000E+00 0.00000E+00
 54 eu54     0.15149E-09 0.00000E+00 0.00000E+00 0.00000E+00
 55 gd54     0.41534E-12 0.00000E+00 0.00000E+00 0.00000E+00
 56 am42     0.10501E-12 0.00000E+00 0.00000E+00 0.00000E+00
 57 cm43     0.61007E-15 0.00000E+00 0.00000E+00 0.00000E+00
:fier                                                                           
 condensation boundary was changed from  0.21500E+01 to  0.21544E+01
*** 4 *** ;egr=  2.1544    
    keff         nu           mu           fi           teta
   1.3247       1.7631       1.2490      0.63576      0.94617    
 s0z(n)=    1.060816      0.0000000E+00  0.0000000E+00  0.0000000E+00
:stop                                                                           
