 *****          file of input data set *******
*****          file of input data set *******
:poly
 &vvod
   iout(12)=2,
   nsos=1,2,3,
   r=0.3865,0.455,0.743,
@ ------------------------------------------------------------------------------
 t=        1273.0, 873.0, 575.0,
 troiz=
 @ izotop    / fuel /     / km /       / mod /
 @u235  @ 0.0014   , 0.00000e+00, 0.00000e+00,
 @u238  @ 0.022    , 0.00000e+00, 0.00000e+00,
 @ o    @ 0.04636  , 0.00000e+00, 0.00000e+00,
 @ fe   @ 0.000e+00, 0.084,       0.00000e+00,
 @ *h*  @ 0.000e+00, 0.00000e+00, 0.027,
 @ *o*  @ 0.000e+00, 0.00000e+00, 0.0135,
 @ u23  @ 0.000e+00, 0.000e+00,   0.000e+00,
 @ slag @ 0.000e+00, 0.000e+00,   0.000e+00,
 @ tc99 @ 0.000e+00, 0.000e+00,   0.000e+00,
 @ rh03 @ 0.000e+00, 0.000e+00,   0.000e+00,
 @ ag09 @ 0.000e+00, 0.000e+00,   0.000e+00,
 @ cd13 @ 0.000e+00, 0.000e+00,   0.000e+00,
 @ xe35 @ 0.000e+00, 0.000e+00,   0.000e+00,
 @ sm49 @ 0.000e+00, 0.000e+00,   0.000e+00,
 @ sm51 @ 0.000e+00, 0.000e+00,   0.000e+00,
 @ eu55 @ 0.000e+00, 0.000e+00,   0.000e+00,
 @ gd55 @ 0.000e+00, 0.000e+00,   0.000e+00,
 @gd56  @ 0.000e+00, 0.000e+00,   0.000e+00,
 @gd57  @ 0.000e+00, 0.000e+00,   0.000e+00,
 @np37  @ 0.000e+00, 0.000e+00,   0.000e+00,
 @ np39 @ 0.000e+00, 0.000e+00,   0.000e+00,
 @ pu38 @ 0.000e+00, 0.000e+00,   0.000e+00,
 @ pu39 @ 0.000e+00, 0.000e+00,   0.000e+00,
 @ pu40 @ 0.000e+00, 0.000e+00,   0.000e+00,
 @ pu41 @ 0.000e+00, 0.000e+00,   0.000e+00,
 @ pu42 @ 0.000e+00, 0.000e+00,   0.000e+00,
 @ am41 @ 0.000e+00, 0.000e+00,   0.000e+00,
 @ am2m @ 0.000e+00, 0.000e+00,   0.000e+00,
 @ am43 @ 0.000e+00, 0.000e+00,   0.000e+00,
 @ cm42 @ 0.000e+00, 0.000e+00,   0.000e+00,
 @ cm44 @ 0.000e+00, 0.000e+00,   0.000e+00,
 @ cm45 @ 0.000e+00, 0.000e+00,   0.000e+00,
 @ sm52 @ 0.000e+00, 0.000e+00,   0.000e+00,
 @ xe31 @ 0.000e+00, 0.000e+00,   0.000e+00,
 @ cs33 @ 0.000e+00, 0.000e+00,   0.000e+00,
 @ nd45 @ 0.000e+00, 0.000e+00,   0.000e+00,
 @ nd43 @ 0.000e+00, 0.000e+00,   0.000e+00,
 @ pm47 @ 0.000e+00, 0.000e+00,   0.000e+00,
 @ mo95 @ 0.000e+00, 0.000e+00,   0.000e+00,
 @ cs34 @ 0.000e+00, 0.000e+00,   0.000e+00,
 @ pr41 @ 0.000e+00, 0.000e+00,   0.000e+00,
 @ pm48 @ 0.000e+00, 0.000e+00,   0.000e+00,
 @pm8m  @ 0.000e+00, 0.000e+00,   0.000e+00,
 @ rh05 @ 0.000e+00, 0.000e+00,   0.000e+00,
 @ pm49 @ 0.000e+00, 0.000e+00,   0.000e+00,
 @ kr83 @ 0.000e+00, 0.000e+00,   0.000e+00,
 @ ru01 @ 0.000e+00, 0.000e+00,   0.000e+00,
 @ pd05 @ 0.000e+00, 0.000e+00,   0.000e+00,
 @ cs35 @ 0.000e+00, 0.000e+00,   0.000e+00,
 @ sm50 @ 0.000e+00, 0.000e+00,   0.000e+00,
 @ eu51 @ 0.000e+00, 0.000e+00,   0.000e+00,
 @ eu53 @ 0.000e+00, 0.000e+00,   0.000e+00,
 @ eu54 @ 0.000e+00, 0.000e+00,   0.000e+00,
 @ gd54 @ 0.000e+00, 0.000e+00,   0.000e+00,
 @ am42 @ 0.000e+00, 0.000e+00,   0.000e+00,
 @ cm43 @ 0.000e+00, 0.000e+00,   0.000e+00,
                                                                                                                        
                                                                                                                        
@-------------------------------------------------------------------------------------
 material(1)='chmc',
 &end
u235      1
u238      2
o         3
fe        4
*h*       5
*o*       7
u236     10
slag     11
tc99     12
rh03     13
ag09     14
cd13     15
xe35     16
sm49     17
sm51     18
eu55     19
gd55     20
gd56     21
gd57     22
np37     23
np39     24
pu38     25
pu39     26
pu40     27
pu41     28
pu42     29
am41     30
am2m     31
am43     32
cm42     33
cm44     34
cm45     35
sm52     40
xe31     41
cs33     42
nd45     43
nd43     44
pm47     45
mo95     46
cs34     47
pr41     48
pm48     49
pm8m     50
rh05     51
pm49     52
kr83     53
ru01     54
pd05     55
cs35     56
sm50     57
eu51     58
eu53     59
eu54     60
gd54     61
am42     62
cm43     63
                                                                                                                        
****
                                                                                                                        
:fier
 &vvod &end
                                                                                                                        
@:stop
:burn
 &vvod qv=70.6,dtim=250,
 &end
:fier
 &vvod &end
@:stop
@---------------------------------------------------
:corr
 &vvod
  roiz(125)=
 @ u235  @ 0.00000e+00,
 @ u238  @ 0.00000e+00,
 @ o     @ 0.00000e+00,
 @ fe    @ 0.00000e+00,
 @ *h*   @ 0.031,
 @ *o*   @ 0.0155,
 &end
:cont
:fier
&vvod &end
:burn
 &vvod qv=70.6,dtim=280,
 &end
:fier
 &vvod &end
 @---------------------------------------------------------
:corr
 &vvod
  roiz(125)=
 @ u235  @ 0.00000e+00,
 @ u238  @ 0.00000e+00,
 @ o     @ 0.00000e+00,
 @ fe    @ 0.00000e+00,
 @ *h*   @ 0.037,
 @ *o*   @ 0.0185,
 &end
:cont
:fier
&vvod &end
:burn
 &vvod qv=70.6,dtim=300,
 &end
:fier
 &vvod &end
@------------------------------------
:corr
 &vvod
  roiz(125)=
 @ u235  @ 0.00000e+00,
 @ u238  @ 0.00000e+00,
 @ o     @ 0.00000e+00,
 @ fe    @ 0.00000e+00,
 @ *h*   @ 0.042,
 @ *o*   @ 0.0210,
 &end
:cont
:fier
&vvod &end
:burn
 &vvod qv=70.6,dtim=250,
 &end
:fier
 &vvod &end
                                                                                                                        
@------------------------------------------
:corr
 &vvod
  roiz(125)=
 @ u235  @ 0.00000e+00,
 @ u238  @ 0.00000e+00,
 @ o     @ 0.00000e+00,
 @ fe    @ 0.00000e+00,
 @ *h*   @ 0.046,
 @ *o*   @ 0.0233,
 &end
:cont
:fier
&vvod &end
:burn
 &vvod qv=70.6,dtim=200,
 &end
:fier
 &vvod &end
                                                                                                                        
                                                                                                                        
:stop
 ***** end of   file of input data set *******
:poly                                                                           
 definition izotr in sos           1:izotr=   2.000000    
  *******<< check input data>> programm declare *******
    --undeclared parametr--cefzad  -- programm standart value --cefzad  =  0.100000E+01
  *******<< check input data>> programm declare *******
    --undeclared parametr--bakl    -- programm standart value --bakl    =  0.000000E+00
  *******<< check input data>> programm declare *******
    --undeclared parametr--alin    -- programm standart value --alin    =  0.000000E+00
  *******<< check input data>> programm declare *******
    --undeclared parametr--alout   -- programm standart value --alout   =  0.100000E+01
  *******<< check input data>> programm declare *******
    --undeclared parametr--alcorr  -- programm standart value --alcorr  =  0.100000E+01
  *******<< check input data>> programm declare *******
    --undeclared parametr--nbv     -- programm standart value --nbv     =    1    1    1
  *******<< check input data>> programm declare *******
    --undeclared parametr--et      -- programm standart value --et      =  0.105000E+08  0.215000E+01
     0.215000E+01  0.000000E+00
    ????  storage for pr. getter =      300 ?? common /rrr/ rab(        0 )  ????
 ------------------------------------------------------------------------------
  backling =  0.0000000E+00
 ------------------------------------------------------------------------------
  number of cells =           1
          cell number    1  number of zone= 3
 << geometry characteristics >>
    geometry of cell- cilindrical index=           2
  kratnost of cell =   1.000000    
  inner radius of cell =  0.0000000E+00
  out square ratio =   1.000000    
 ------------------------------------------------------------------------------
 num zone      1           2           3
 radius   0.38650E+00 0.45500E+00 0.74300E+00
 temper   0.12730E+04 0.87300E+03 0.57500E+03
 rez_izot    u238        bad         bad 
 ------------------------------------------------------------------------------
    izotop   /             concentration number of izotops=62
  1 u235     0.14000E-02 0.00000E+00 0.00000E+00
  2 u238     0.22000E-01 0.00000E+00 0.00000E+00
  3 o        0.46360E-01 0.00000E+00 0.00000E+00
  4 fe       0.00000E+00 0.84000E-01 0.00000E+00
  5 *h*      0.00000E+00 0.00000E+00 0.27000E-01
  6 *o*      0.00000E+00 0.00000E+00 0.13500E-01
    > CONSYST Program Ver: 98.01 > started at  0: 0: 0:  
    { Manturov G., E-mail: abbn@ippe.rssi.ru}
 
       -------------------------------
 
       CONSYST INPUT DATA READ FROM : cons.dat
       CONSYST PROTOCOL STORED IN   : RESULT
       GMF X-SECTION'S FILE         : OUT
       TEMPORARY FILE               : RAB
       ABBN BASIC DATA SET FROM     : ..\bin\Bnab90.lib
       ABBN MULTIC DATA SET FROM    : ..\bin\Bnabmlt.lib
       ABBN THERMAL DATA SET FROM   : ..\bin\BNABTHM.lib
 
    >   Include Thermal Matrix > H(H2O):BNABTHM.BIN   Temp=  500K
    >   Include Thermal Matrix > H(H2O):BNABTHM.BIN   Temp=  600K
    > CONSYST finished at  0: 0: 0:  
 therm. calculation avoided
 therm. calculation avoided
 therm. calculation avoided
 therm. calculation avoided
 therm. calculation avoided
 therm. calculation avoided
 therm. calculation avoided
 therm. calculation avoided
 therm. calculation avoided
 *************************************************
   ***k(inf)= 1.24440     ***k(itt)= 1.24440     ***k(integ)= 1.24440    ***
   **bakl=  0.0000     **length= 0.10000E+11  ***
   **matr.  alout*alcorr a(k,i)(k=1,ncel) ***
     *  1.0000    
 lokal kner      in cell ,ru=           1=   1.000000       1.000000    
:fier                                                                           
 condensation boundary was changed from  0.21500E+01 to  0.21544E+01
*** 4 *** ;egr=  2.1544    
    keff         nu           mu           fi           teta
   1.2444       1.9150       1.5068      0.48984      0.88038    
 s0z(n)=   0.9848346      0.0000000E+00  0.0000000E+00
:burn                                                                           
 *** nuclid chain            :chmc
 *** time from start (day)   :   250.0000    
 *** number of step          :           1
 *** power dens. (mwt/m**3) =    70.60000    
 *** average burn up =   7.1696     (mbt*day)/(kg hm)
 *** concentration and burn up in sloy   1   ***
 ***       burn up =     7.1696     ***
 ** izotop ** conc       ** flux*10-14     **  sa      ** sf **
      slag  0.78293E-04    2.5029            1.3188      0.0000    
      tc99  0.10477E-04    2.5029            6.7807      0.0000    
      rh03  0.57995E-05    2.5029            28.975      0.0000    
      ag09  0.19551E-06    2.5029            34.283      0.0000    
      cd13  0.47154E-08    2.5029            1484.6      0.0000    
      xe35  0.13668E-07    2.5029            68952.      0.0000    
      sm49  0.19390E-06    2.5029            2220.9      0.0000    
      sm51  0.42940E-06    2.5029            285.32      0.0000    
      eu55  0.32986E-07    2.5029            521.77      0.0000    
      gd55  0.79908E-09    2.5029            728.15      0.0000    
      gd56  0.30411E-07    2.5029            580.98      0.0000    
      gd57  0.73949E-08    2.5029            3029.6      0.0000    
      u235  0.12126E-02    2.5029            26.589      21.094    
      u236  0.37953E-04    2.5029            7.4079     0.28522    
      u238  0.21888E-01    2.5029           0.94114     0.96904E-01
      np37  0.72031E-06    2.5029            24.880     0.52528    
      np39  0.13512E-05    2.5029            13.080     0.60937    
      pu38  0.31780E-07    2.5029            18.035      2.0223    
      pu39  0.78112E-04    2.5029            91.389      57.281    
      pu40  0.55422E-05    2.5029            192.64     0.61019    
      pu41  0.19109E-05    2.5029            75.223      55.705    
      pu42  0.53257E-07    2.5029            28.296     0.41956    
      am41  0.15646E-07    2.5029            71.209     0.88432    
      am2m  0.97990E-10    2.5029            263.00      220.80    
      am43  0.16311E-08    2.5029            45.448     0.41950    
      cm42  0.78261E-09    2.5029            4.8873      1.1969    
      cm44  0.70719E-10    2.5029            13.823     0.77292    
      cm45  0.69471E-12    2.5029            83.179      71.425    
      sm52  0.79824E-06    2.5029            70.069      0.0000    
      xe31  0.46753E-05    2.5029            25.050      0.0000    
      cs33  0.11417E-04    2.5029            8.9646      0.0000    
      nd45  0.65626E-05    2.5029            6.9649      0.0000    
      nd43  0.96517E-05    2.5029            11.582      0.0000    
      pm47  0.32387E-05    2.5029            48.347      0.0000    
      mo95  0.10822E-04    2.5029            4.0139      0.0000    
      cs34  0.25445E-06    2.5029            6.7592      0.0000    
      pr41  0.10094E-04    2.5029           0.90273      0.0000    
      pm48  0.13324E-07    2.5029            122.06      0.0000    
      pm8m  0.36265E-07    2.5029            1086.0      0.0000    
      rh05  0.25612E-07    2.5029            766.61      0.0000    
      pm49  0.31070E-07    2.5029            48.347      0.0000    
      kr83  0.86476E-06    2.5029            8.4694      0.0000    
      ru01  0.87320E-05    2.5029            3.0680      0.0000    
      pd05  0.24461E-05    2.5029            3.4940      0.0000    
      cs35  0.61228E-05    2.5029            2.1773      0.0000    
      sm50  0.19595E-05    2.5029            6.6221      0.0000    
      eu51  0.23345E-07    2.5029            227.28      0.0000    
      eu53  0.13417E-06    2.5029            42.699      0.0000    
      eu54  0.82566E-08    2.5029            125.70      0.0000    
      gd54  0.11498E-09    2.5029            1.3188      0.0000    
      am42  0.20404E-10    2.5029            1.3188      0.0000    
      cm43  0.26137E-11    2.5029            72.881      65.287    
 *** nuclid chain            :chad
 *** time from start (day)   :   250.0000    
 *** number of step          :           1
 *** power dens. (mwt/m**3) =    70.60000    
 *** concentration and burn up in sloy   1   ***
 ***       burn up =     4375.8     ***
 ** izotop ** conc       ** flux*10-14     **  sa      ** sf **
      slag  0.78293E-04    2.5029            1.3188      0.0000    
    > CONSYST Program Ver: 98.01 > started at  0: 0: 0:  
    { Manturov G., E-mail: abbn@ippe.rssi.ru}
 
       -------------------------------
 
       CONSYST INPUT DATA READ FROM : cons.dat
       CONSYST PROTOCOL STORED IN   : RESULT
       GMF X-SECTION'S FILE         : OUT
       TEMPORARY FILE               : RAB
       ABBN BASIC DATA SET FROM     : ..\bin\Bnab90.lib
       ABBN MULTIC DATA SET FROM    : ..\bin\Bnabmlt.lib
       ABBN THERMAL DATA SET FROM   : ..\bin\BNABTHM.lib
 
    >   Include Thermal Matrix > H(H2O):BNABTHM.BIN   Temp=  500K
    >   Include Thermal Matrix > H(H2O):BNABTHM.BIN   Temp=  600K
    > CONSYST finished at  0: 0: 0:  
 therm. calculation avoided
 therm. calculation avoided
 therm. calculation avoided
 therm. calculation avoided
 therm. calculation avoided
 therm. calculation avoided
 therm. calculation avoided
 therm. calculation avoided
 therm. calculation avoided
 *************************************************
   ***k(inf)= 1.14498     ***k(itt)= 1.14498     ***k(integ)= 1.14498    ***
   **bakl=  0.0000     **length= 0.10000E+11  ***
   **matr.  alout*alcorr a(k,i)(k=1,ncel) ***
     *  1.0000    
 lokal kner      in cell ,ru=           1=   1.000000       1.000000    
:fier                                                                           
 condensation boundary was changed from  0.21500E+01 to  0.21544E+01
*** 4 *** ;egr=  2.1544    
    keff         nu           mu           fi           teta
   1.1450       1.7060       1.5441      0.48491      0.89638    
 s0z(n)=   0.9848346      0.0000000E+00  0.0000000E+00
:corr                                                                           
 consentration was changed-self shilding must be recalculated
 ------------------------------------------------------------------------------
  backling =  0.0000000E+00
 ------------------------------------------------------------------------------
  number of cells =           1
          cell number    1  number of zone= 3
 << geometry characteristics >>
    geometry of cell- cilindrical index=           2
  kratnost of cell =   1.000000    
  inner radius of cell =  0.0000000E+00
  out square ratio =   1.000000    
 ------------------------------------------------------------------------------
 num zone      1           2           3
 radius   0.38650E+00 0.45500E+00 0.74300E+00
 temper   0.12730E+04 0.87300E+03 0.57500E+03
 rez_izot    u238        bad         bad 
 ------------------------------------------------------------------------------
    izotop   /             concentration number of izotops=62
  1 u235     0.12126E-02 0.00000E+00 0.00000E+00
  2 u238     0.21888E-01 0.00000E+00 0.00000E+00
  3 o        0.46360E-01 0.00000E+00 0.00000E+00
  4 fe       0.00000E+00 0.84000E-01 0.00000E+00
  5 *h*      0.00000E+00 0.00000E+00 0.31000E-01
  6 *o*      0.00000E+00 0.00000E+00 0.15500E-01
  7 u236     0.37953E-04 0.00000E+00 0.00000E+00
  8 slag     0.78293E-04 0.00000E+00 0.00000E+00
  9 tc99     0.10477E-04 0.00000E+00 0.00000E+00
 10 rh03     0.57995E-05 0.00000E+00 0.00000E+00
 11 ag09     0.19551E-06 0.00000E+00 0.00000E+00
 12 cd13     0.47154E-08 0.00000E+00 0.00000E+00
 13 xe35     0.13668E-07 0.00000E+00 0.00000E+00
 14 sm49     0.19390E-06 0.00000E+00 0.00000E+00
 15 sm51     0.42940E-06 0.00000E+00 0.00000E+00
 16 eu55     0.32986E-07 0.00000E+00 0.00000E+00
 17 gd55     0.79908E-09 0.00000E+00 0.00000E+00
 18 gd56     0.30411E-07 0.00000E+00 0.00000E+00
 19 gd57     0.73949E-08 0.00000E+00 0.00000E+00
 20 np37     0.72031E-06 0.00000E+00 0.00000E+00
 21 np39     0.13512E-05 0.00000E+00 0.00000E+00
 22 pu38     0.31780E-07 0.00000E+00 0.00000E+00
 23 pu39     0.78112E-04 0.00000E+00 0.00000E+00
 24 pu40     0.55422E-05 0.00000E+00 0.00000E+00
 25 pu41     0.19109E-05 0.00000E+00 0.00000E+00
 26 pu42     0.53257E-07 0.00000E+00 0.00000E+00
 27 am41     0.15646E-07 0.00000E+00 0.00000E+00
 28 am2m     0.97990E-10 0.00000E+00 0.00000E+00
 29 am43     0.16311E-08 0.00000E+00 0.00000E+00
 30 cm42     0.78261E-09 0.00000E+00 0.00000E+00
 31 cm44     0.70719E-10 0.00000E+00 0.00000E+00
 32 cm45     0.69471E-12 0.00000E+00 0.00000E+00
 33 sm52     0.79824E-06 0.00000E+00 0.00000E+00
 34 xe31     0.46753E-05 0.00000E+00 0.00000E+00
 35 cs33     0.11417E-04 0.00000E+00 0.00000E+00
 36 nd45     0.65626E-05 0.00000E+00 0.00000E+00
 37 nd43     0.96517E-05 0.00000E+00 0.00000E+00
 38 pm47     0.32387E-05 0.00000E+00 0.00000E+00
 39 mo95     0.10822E-04 0.00000E+00 0.00000E+00
 40 cs34     0.25445E-06 0.00000E+00 0.00000E+00
 41 pr41     0.10094E-04 0.00000E+00 0.00000E+00
 42 pm48     0.13324E-07 0.00000E+00 0.00000E+00
 43 pm8m     0.36265E-07 0.00000E+00 0.00000E+00
 44 rh05     0.25612E-07 0.00000E+00 0.00000E+00
 45 pm49     0.31070E-07 0.00000E+00 0.00000E+00
 46 kr83     0.86476E-06 0.00000E+00 0.00000E+00
 47 ru01     0.87320E-05 0.00000E+00 0.00000E+00
 48 pd05     0.24461E-05 0.00000E+00 0.00000E+00
 49 cs35     0.61228E-05 0.00000E+00 0.00000E+00
 50 sm50     0.19595E-05 0.00000E+00 0.00000E+00
 51 eu51     0.23345E-07 0.00000E+00 0.00000E+00
 52 eu53     0.13417E-06 0.00000E+00 0.00000E+00
 53 eu54     0.82566E-08 0.00000E+00 0.00000E+00
 54 gd54     0.11498E-09 0.00000E+00 0.00000E+00
 55 am42     0.20404E-10 0.00000E+00 0.00000E+00
 56 cm43     0.26137E-11 0.00000E+00 0.00000E+00
:cont                                                                           
 ------------------------------------------------------------------------------
  backling =  0.0000000E+00
 ------------------------------------------------------------------------------
  number of cells =           1
          cell number    1  number of zone= 3
 << geometry characteristics >>
    geometry of cell- cilindrical index=           2
  kratnost of cell =   1.000000    
  inner radius of cell =  0.0000000E+00
  out square ratio =   1.000000    
 ------------------------------------------------------------------------------
 num zone      1           2           3
 radius   0.38650E+00 0.45500E+00 0.74300E+00
 temper   0.12730E+04 0.87300E+03 0.57500E+03
 rez_izot    u238        bad         bad 
 ------------------------------------------------------------------------------
    izotop   /             concentration number of izotops=62
  1 u235     0.12126E-02 0.00000E+00 0.00000E+00
  2 u238     0.21888E-01 0.00000E+00 0.00000E+00
  3 o        0.46360E-01 0.00000E+00 0.00000E+00
  4 fe       0.00000E+00 0.84000E-01 0.00000E+00
  5 *h*      0.00000E+00 0.00000E+00 0.31000E-01
  6 *o*      0.00000E+00 0.00000E+00 0.15500E-01
  7 u236     0.37953E-04 0.00000E+00 0.00000E+00
  8 slag     0.78293E-04 0.00000E+00 0.00000E+00
  9 tc99     0.10477E-04 0.00000E+00 0.00000E+00
 10 rh03     0.57995E-05 0.00000E+00 0.00000E+00
 11 ag09     0.19551E-06 0.00000E+00 0.00000E+00
 12 cd13     0.47154E-08 0.00000E+00 0.00000E+00
 13 xe35     0.13668E-07 0.00000E+00 0.00000E+00
 14 sm49     0.19390E-06 0.00000E+00 0.00000E+00
 15 sm51     0.42940E-06 0.00000E+00 0.00000E+00
 16 eu55     0.32986E-07 0.00000E+00 0.00000E+00
 17 gd55     0.79908E-09 0.00000E+00 0.00000E+00
 18 gd56     0.30411E-07 0.00000E+00 0.00000E+00
 19 gd57     0.73949E-08 0.00000E+00 0.00000E+00
 20 np37     0.72031E-06 0.00000E+00 0.00000E+00
 21 np39     0.13512E-05 0.00000E+00 0.00000E+00
 22 pu38     0.31780E-07 0.00000E+00 0.00000E+00
 23 pu39     0.78112E-04 0.00000E+00 0.00000E+00
 24 pu40     0.55422E-05 0.00000E+00 0.00000E+00
 25 pu41     0.19109E-05 0.00000E+00 0.00000E+00
 26 pu42     0.53257E-07 0.00000E+00 0.00000E+00
 27 am41     0.15646E-07 0.00000E+00 0.00000E+00
 28 am2m     0.97990E-10 0.00000E+00 0.00000E+00
 29 am43     0.16311E-08 0.00000E+00 0.00000E+00
 30 cm42     0.78261E-09 0.00000E+00 0.00000E+00
 31 cm44     0.70719E-10 0.00000E+00 0.00000E+00
 32 cm45     0.69471E-12 0.00000E+00 0.00000E+00
 33 sm52     0.79824E-06 0.00000E+00 0.00000E+00
 34 xe31     0.46753E-05 0.00000E+00 0.00000E+00
 35 cs33     0.11417E-04 0.00000E+00 0.00000E+00
 36 nd45     0.65626E-05 0.00000E+00 0.00000E+00
 37 nd43     0.96517E-05 0.00000E+00 0.00000E+00
 38 pm47     0.32387E-05 0.00000E+00 0.00000E+00
 39 mo95     0.10822E-04 0.00000E+00 0.00000E+00
 40 cs34     0.25445E-06 0.00000E+00 0.00000E+00
 41 pr41     0.10094E-04 0.00000E+00 0.00000E+00
 42 pm48     0.13324E-07 0.00000E+00 0.00000E+00
 43 pm8m     0.36265E-07 0.00000E+00 0.00000E+00
 44 rh05     0.25612E-07 0.00000E+00 0.00000E+00
 45 pm49     0.31070E-07 0.00000E+00 0.00000E+00
 46 kr83     0.86476E-06 0.00000E+00 0.00000E+00
 47 ru01     0.87320E-05 0.00000E+00 0.00000E+00
 48 pd05     0.24461E-05 0.00000E+00 0.00000E+00
 49 cs35     0.61228E-05 0.00000E+00 0.00000E+00
 50 sm50     0.19595E-05 0.00000E+00 0.00000E+00
 51 eu51     0.23345E-07 0.00000E+00 0.00000E+00
 52 eu53     0.13417E-06 0.00000E+00 0.00000E+00
 53 eu54     0.82566E-08 0.00000E+00 0.00000E+00
 54 gd54     0.11498E-09 0.00000E+00 0.00000E+00
 55 am42     0.20404E-10 0.00000E+00 0.00000E+00
 56 cm43     0.26137E-11 0.00000E+00 0.00000E+00
    > CONSYST Program Ver: 98.01 > started at  0: 0: 0:  
    { Manturov G., E-mail: abbn@ippe.rssi.ru}
 
       -------------------------------
 
       CONSYST INPUT DATA READ FROM : cons.dat
       CONSYST PROTOCOL STORED IN   : RESULT
       GMF X-SECTION'S FILE         : OUT
       TEMPORARY FILE               : RAB
       ABBN BASIC DATA SET FROM     : ..\bin\Bnab90.lib
       ABBN MULTIC DATA SET FROM    : ..\bin\Bnabmlt.lib
       ABBN THERMAL DATA SET FROM   : ..\bin\BNABTHM.lib
 
    >   Include Thermal Matrix > H(H2O):BNABTHM.BIN   Temp=  500K
    >   Include Thermal Matrix > H(H2O):BNABTHM.BIN   Temp=  600K
    > CONSYST finished at  0: 0: 0:  
 therm. calculation avoided
 therm. calculation avoided
 therm. calculation avoided
 therm. calculation avoided
 therm. calculation avoided
 therm. calculation avoided
 therm. calculation avoided
 therm. calculation avoided
 therm. calculation avoided
 *************************************************
   ***k(inf)= 1.17130     ***k(itt)= 1.17130     ***k(integ)= 1.17130    ***
   **bakl=  0.0000     **length= 0.10000E+11  ***
   **matr.  alout*alcorr a(k,i)(k=1,ncel) ***
     *  1.0000    
 lokal kner      in cell ,ru=           1=  0.9999999      0.9999999    
:fier                                                                           
 condensation boundary was changed from  0.21500E+01 to  0.21544E+01
*** 4 *** ;egr=  2.1544    
    keff         nu           mu           fi           teta
   1.1713       1.7124       1.4649      0.52267      0.89337    
 s0z(n)=    1.033720      0.0000000E+00  0.0000000E+00
:burn                                                                           
 *** nuclid chain            :chmc
 *** time from start (day)   :   530.0000    
 *** number of step          :           1
 *** power dens. (mwt/m**3) =    70.60000    
 *** average burn up =   15.142     (mbt*day)/(kg hm)
 *** concentration and burn up in sloy   1   ***
 ***       burn up =     15.142     ***
 ** izotop ** conc       ** flux*10-14     **  sa      ** sf **
      slag  0.16815E-03    2.4508            1.3306      0.0000    
      tc99  0.21578E-04    2.4508            6.7379      0.0000    
      rh03  0.11884E-04    2.4508            29.002      0.0000    
      ag09  0.60469E-06    2.4508            34.423      0.0000    
      cd13  0.65088E-08    2.4508            1467.4      0.0000    
      xe35  0.13385E-07    2.4508            70590.      0.0000    
      sm49  0.20572E-06    2.4508            2259.4      0.0000    
      sm51  0.55693E-06    2.4508            290.28      0.0000    
      eu55  0.55828E-07    2.4508            530.32      0.0000    
      gd55  0.14583E-08    2.4508            756.99      0.0000    
      gd56  0.51322E-07    2.4508            603.94      0.0000    
      gd57  0.12187E-07    2.4508            3149.2      0.0000    
      u235  0.10346E-02    2.4508            26.769      21.205    
      u236  0.72623E-04    2.4508            6.9867     0.28650    
      u238  0.21763E-01    2.4508           0.96746     0.10062    
      np37  0.27002E-05    2.4508            25.061     0.53678    
      np39  0.13507E-05    2.4508            13.251     0.61960    
      pu38  0.26070E-06    2.4508            18.290      2.0390    
      pu39  0.13494E-03    2.4508            85.515      53.844    
      pu40  0.15875E-04    2.4508            160.40     0.61510    
      pu41  0.95423E-05    2.4508            73.477      54.629    
      pu42  0.59478E-06    2.4508            29.176     0.42981    
      am41  0.17396E-06    2.4508            69.638     0.88834    
      am2m  0.19605E-08    2.4508            263.37      221.13    
      am43  0.41953E-07    2.4508            45.724     0.43151    
      cm42  0.16492E-07    2.4508            4.9441      1.2111    
      cm44  0.41157E-08    2.4508            14.072     0.78850    
      cm45  0.86968E-10    2.4508            84.092      72.207    
      sm52  0.17961E-05    2.4508            69.766      0.0000    
      xe31  0.93388E-05    2.4508            24.952      0.0000    
      cs33  0.23383E-04    2.4508            9.0439      0.0000    
      nd45  0.13325E-04    2.4508            7.0160      0.0000    
      nd43  0.19268E-04    2.4508            11.635      0.0000    
      pm47  0.54449E-05    2.4508            47.864      0.0000    
      mo95  0.22104E-04    2.4508            3.9901      0.0000    
      cs34  0.10117E-05    2.4508            6.7761      0.0000    
      pr41  0.21030E-04    2.4508           0.90301      0.0000    
      pm48  0.22078E-07    2.4508            123.64      0.0000    
      pm8m  0.63608E-07    2.4508            1078.0      0.0000    
      rh05  0.31474E-07    2.4508            772.77      0.0000    
      pm49  0.32669E-07    2.4508            47.864      0.0000    
      kr83  0.17175E-05    2.4508            8.5593      0.0000    
      ru01  0.18167E-04    2.4508            3.0942      0.0000    
      pd05  0.60793E-05    2.4508            3.5234      0.0000    
      cs35  0.12865E-04    2.4508            2.1836      0.0000    
      sm50  0.45084E-05    2.4508            6.7517      0.0000    
      eu51  0.85303E-07    2.4508            225.05      0.0000    
      eu53  0.62992E-06    2.4508            43.689      0.0000    
      eu54  0.72572E-07    2.4508            124.98      0.0000    
      gd54  0.22519E-08    2.4508            1.3306      0.0000    
      am42  0.21898E-09    2.4508            1.3306      0.0000    
      cm43  0.12278E-09    2.4508            73.826      66.107    
 *** nuclid chain            :chad
 *** time from start (day)   :   530.0000    
 *** number of step          :           1
 *** power dens. (mwt/m**3) =    70.60000    
 *** concentration and burn up in sloy   1   ***
 ***       burn up =     4284.0     ***
 ** izotop ** conc       ** flux*10-14     **  sa      ** sf **
      slag  0.16815E-03    2.4508            1.3306      0.0000    
    > CONSYST Program Ver: 98.01 > started at  0: 0: 0:  
    { Manturov G., E-mail: abbn@ippe.rssi.ru}
 
       -------------------------------
 
       CONSYST INPUT DATA READ FROM : cons.dat
       CONSYST PROTOCOL STORED IN   : RESULT
       GMF X-SECTION'S FILE         : OUT
       TEMPORARY FILE               : RAB
       ABBN BASIC DATA SET FROM     : ..\bin\Bnab90.lib
       ABBN MULTIC DATA SET FROM    : ..\bin\Bnabmlt.lib
       ABBN THERMAL DATA SET FROM   : ..\bin\BNABTHM.lib
 
    >   Include Thermal Matrix > H(H2O):BNABTHM.BIN   Temp=  500K
    >   Include Thermal Matrix > H(H2O):BNABTHM.BIN   Temp=  600K
    > CONSYST finished at  0: 0: 0:  
 therm. calculation avoided
 therm. calculation avoided
 therm. calculation avoided
 therm. calculation avoided
 therm. calculation avoided
 therm. calculation avoided
 therm. calculation avoided
 therm. calculation avoided
 therm. calculation avoided
 *************************************************
   ***k(inf)= 1.11171     ***k(itt)= 1.11171     ***k(integ)= 1.11171    ***
   **bakl=  0.0000     **length= 0.10000E+11  ***
   **matr.  alout*alcorr a(k,i)(k=1,ncel) ***
     *  1.0000    
 lokal kner      in cell ,ru=           1=   1.000000       1.000000    
:fier                                                                           
 condensation boundary was changed from  0.21500E+01 to  0.21544E+01
*** 4 *** ;egr=  2.1544    
    keff         nu           mu           fi           teta
   1.1117       1.6148       1.4724      0.51954      0.89996    
 s0z(n)=    1.033720      0.0000000E+00  0.0000000E+00
:corr                                                                           
 consentration was changed-self shilding must be recalculated
 ------------------------------------------------------------------------------
  backling =  0.0000000E+00
 ------------------------------------------------------------------------------
  number of cells =           1
          cell number    1  number of zone= 3
 << geometry characteristics >>
    geometry of cell- cilindrical index=           2
  kratnost of cell =   1.000000    
  inner radius of cell =  0.0000000E+00
  out square ratio =   1.000000    
 ------------------------------------------------------------------------------
 num zone      1           2           3
 radius   0.38650E+00 0.45500E+00 0.74300E+00
 temper   0.12730E+04 0.87300E+03 0.57500E+03
 rez_izot    u238        bad         bad 
 ------------------------------------------------------------------------------
    izotop   /             concentration number of izotops=62
  1 u235     0.10346E-02 0.00000E+00 0.00000E+00
  2 u238     0.21763E-01 0.00000E+00 0.00000E+00
  3 o        0.46360E-01 0.00000E+00 0.00000E+00
  4 fe       0.00000E+00 0.84000E-01 0.00000E+00
  5 *h*      0.00000E+00 0.00000E+00 0.37000E-01
  6 *o*      0.00000E+00 0.00000E+00 0.18500E-01
  7 u236     0.72623E-04 0.00000E+00 0.00000E+00
  8 slag     0.16815E-03 0.00000E+00 0.00000E+00
  9 tc99     0.21578E-04 0.00000E+00 0.00000E+00
 10 rh03     0.11884E-04 0.00000E+00 0.00000E+00
 11 ag09     0.60469E-06 0.00000E+00 0.00000E+00
 12 cd13     0.65088E-08 0.00000E+00 0.00000E+00
 13 xe35     0.13385E-07 0.00000E+00 0.00000E+00
 14 sm49     0.20572E-06 0.00000E+00 0.00000E+00
 15 sm51     0.55693E-06 0.00000E+00 0.00000E+00
 16 eu55     0.55828E-07 0.00000E+00 0.00000E+00
 17 gd55     0.14583E-08 0.00000E+00 0.00000E+00
 18 gd56     0.51322E-07 0.00000E+00 0.00000E+00
 19 gd57     0.12187E-07 0.00000E+00 0.00000E+00
 20 np37     0.27002E-05 0.00000E+00 0.00000E+00
 21 np39     0.13507E-05 0.00000E+00 0.00000E+00
 22 pu38     0.26070E-06 0.00000E+00 0.00000E+00
 23 pu39     0.13494E-03 0.00000E+00 0.00000E+00
 24 pu40     0.15875E-04 0.00000E+00 0.00000E+00
 25 pu41     0.95423E-05 0.00000E+00 0.00000E+00
 26 pu42     0.59478E-06 0.00000E+00 0.00000E+00
 27 am41     0.17396E-06 0.00000E+00 0.00000E+00
 28 am2m     0.19605E-08 0.00000E+00 0.00000E+00
 29 am43     0.41953E-07 0.00000E+00 0.00000E+00
 30 cm42     0.16492E-07 0.00000E+00 0.00000E+00
 31 cm44     0.41157E-08 0.00000E+00 0.00000E+00
 32 cm45     0.86968E-10 0.00000E+00 0.00000E+00
 33 sm52     0.17961E-05 0.00000E+00 0.00000E+00
 34 xe31     0.93388E-05 0.00000E+00 0.00000E+00
 35 cs33     0.23383E-04 0.00000E+00 0.00000E+00
 36 nd45     0.13325E-04 0.00000E+00 0.00000E+00
 37 nd43     0.19268E-04 0.00000E+00 0.00000E+00
 38 pm47     0.54449E-05 0.00000E+00 0.00000E+00
 39 mo95     0.22104E-04 0.00000E+00 0.00000E+00
 40 cs34     0.10117E-05 0.00000E+00 0.00000E+00
 41 pr41     0.21030E-04 0.00000E+00 0.00000E+00
 42 pm48     0.22078E-07 0.00000E+00 0.00000E+00
 43 pm8m     0.63608E-07 0.00000E+00 0.00000E+00
 44 rh05     0.31474E-07 0.00000E+00 0.00000E+00
 45 pm49     0.32669E-07 0.00000E+00 0.00000E+00
 46 kr83     0.17175E-05 0.00000E+00 0.00000E+00
 47 ru01     0.18167E-04 0.00000E+00 0.00000E+00
 48 pd05     0.60793E-05 0.00000E+00 0.00000E+00
 49 cs35     0.12865E-04 0.00000E+00 0.00000E+00
 50 sm50     0.45084E-05 0.00000E+00 0.00000E+00
 51 eu51     0.85303E-07 0.00000E+00 0.00000E+00
 52 eu53     0.62992E-06 0.00000E+00 0.00000E+00
 53 eu54     0.72572E-07 0.00000E+00 0.00000E+00
 54 gd54     0.22519E-08 0.00000E+00 0.00000E+00
 55 am42     0.21898E-09 0.00000E+00 0.00000E+00
 56 cm43     0.12278E-09 0.00000E+00 0.00000E+00
:cont                                                                           
 ------------------------------------------------------------------------------
  backling =  0.0000000E+00
 ------------------------------------------------------------------------------
  number of cells =           1
          cell number    1  number of zone= 3
 << geometry characteristics >>
    geometry of cell- cilindrical index=           2
  kratnost of cell =   1.000000    
  inner radius of cell =  0.0000000E+00
  out square ratio =   1.000000    
 ------------------------------------------------------------------------------
 num zone      1           2           3
 radius   0.38650E+00 0.45500E+00 0.74300E+00
 temper   0.12730E+04 0.87300E+03 0.57500E+03
 rez_izot    u238        bad         bad 
 ------------------------------------------------------------------------------
    izotop   /             concentration number of izotops=62
  1 u235     0.10346E-02 0.00000E+00 0.00000E+00
  2 u238     0.21763E-01 0.00000E+00 0.00000E+00
  3 o        0.46360E-01 0.00000E+00 0.00000E+00
  4 fe       0.00000E+00 0.84000E-01 0.00000E+00
  5 *h*      0.00000E+00 0.00000E+00 0.37000E-01
  6 *o*      0.00000E+00 0.00000E+00 0.18500E-01
  7 u236     0.72623E-04 0.00000E+00 0.00000E+00
  8 slag     0.16815E-03 0.00000E+00 0.00000E+00
  9 tc99     0.21578E-04 0.00000E+00 0.00000E+00
 10 rh03     0.11884E-04 0.00000E+00 0.00000E+00
 11 ag09     0.60469E-06 0.00000E+00 0.00000E+00
 12 cd13     0.65088E-08 0.00000E+00 0.00000E+00
 13 xe35     0.13385E-07 0.00000E+00 0.00000E+00
 14 sm49     0.20572E-06 0.00000E+00 0.00000E+00
 15 sm51     0.55693E-06 0.00000E+00 0.00000E+00
 16 eu55     0.55828E-07 0.00000E+00 0.00000E+00
 17 gd55     0.14583E-08 0.00000E+00 0.00000E+00
 18 gd56     0.51322E-07 0.00000E+00 0.00000E+00
 19 gd57     0.12187E-07 0.00000E+00 0.00000E+00
 20 np37     0.27002E-05 0.00000E+00 0.00000E+00
 21 np39     0.13507E-05 0.00000E+00 0.00000E+00
 22 pu38     0.26070E-06 0.00000E+00 0.00000E+00
 23 pu39     0.13494E-03 0.00000E+00 0.00000E+00
 24 pu40     0.15875E-04 0.00000E+00 0.00000E+00
 25 pu41     0.95423E-05 0.00000E+00 0.00000E+00
 26 pu42     0.59478E-06 0.00000E+00 0.00000E+00
 27 am41     0.17396E-06 0.00000E+00 0.00000E+00
 28 am2m     0.19605E-08 0.00000E+00 0.00000E+00
 29 am43     0.41953E-07 0.00000E+00 0.00000E+00
 30 cm42     0.16492E-07 0.00000E+00 0.00000E+00
 31 cm44     0.41157E-08 0.00000E+00 0.00000E+00
 32 cm45     0.86968E-10 0.00000E+00 0.00000E+00
 33 sm52     0.17961E-05 0.00000E+00 0.00000E+00
 34 xe31     0.93388E-05 0.00000E+00 0.00000E+00
 35 cs33     0.23383E-04 0.00000E+00 0.00000E+00
 36 nd45     0.13325E-04 0.00000E+00 0.00000E+00
 37 nd43     0.19268E-04 0.00000E+00 0.00000E+00
 38 pm47     0.54449E-05 0.00000E+00 0.00000E+00
 39 mo95     0.22104E-04 0.00000E+00 0.00000E+00
 40 cs34     0.10117E-05 0.00000E+00 0.00000E+00
 41 pr41     0.21030E-04 0.00000E+00 0.00000E+00
 42 pm48     0.22078E-07 0.00000E+00 0.00000E+00
 43 pm8m     0.63608E-07 0.00000E+00 0.00000E+00
 44 rh05     0.31474E-07 0.00000E+00 0.00000E+00
 45 pm49     0.32669E-07 0.00000E+00 0.00000E+00
 46 kr83     0.17175E-05 0.00000E+00 0.00000E+00
 47 ru01     0.18167E-04 0.00000E+00 0.00000E+00
 48 pd05     0.60793E-05 0.00000E+00 0.00000E+00
 49 cs35     0.12865E-04 0.00000E+00 0.00000E+00
 50 sm50     0.45084E-05 0.00000E+00 0.00000E+00
 51 eu51     0.85303E-07 0.00000E+00 0.00000E+00
 52 eu53     0.62992E-06 0.00000E+00 0.00000E+00
 53 eu54     0.72572E-07 0.00000E+00 0.00000E+00
 54 gd54     0.22519E-08 0.00000E+00 0.00000E+00
 55 am42     0.21898E-09 0.00000E+00 0.00000E+00
 56 cm43     0.12278E-09 0.00000E+00 0.00000E+00
    > CONSYST Program Ver: 98.01 > started at  0: 0: 0:  
    { Manturov G., E-mail: abbn@ippe.rssi.ru}
 
       -------------------------------
 
       CONSYST INPUT DATA READ FROM : cons.dat
       CONSYST PROTOCOL STORED IN   : RESULT
       GMF X-SECTION'S FILE         : OUT
       TEMPORARY FILE               : RAB
       ABBN BASIC DATA SET FROM     : ..\bin\Bnab90.lib
       ABBN MULTIC DATA SET FROM    : ..\bin\Bnabmlt.lib
       ABBN THERMAL DATA SET FROM   : ..\bin\BNABTHM.lib
 
    >   Include Thermal Matrix > H(H2O):BNABTHM.BIN   Temp=  500K
    >   Include Thermal Matrix > H(H2O):BNABTHM.BIN   Temp=  600K
    > CONSYST finished at  0: 0: 0:  
 therm. calculation avoided
 therm. calculation avoided
 therm. calculation avoided
 therm. calculation avoided
 therm. calculation avoided
 therm. calculation avoided
 therm. calculation avoided
 therm. calculation avoided
 therm. calculation avoided
 *************************************************
   ***k(inf)= 1.14554     ***k(itt)= 1.14553     ***k(integ)= 1.14554    ***
   **bakl=  0.0000     **length= 0.10000E+11  ***
   **matr.  alout*alcorr a(k,i)(k=1,ncel) ***
     *  1.0000    
 lokal kner      in cell ,ru=           1=   1.000000       1.000000    
:fier                                                                           
 condensation boundary was changed from  0.21500E+01 to  0.21544E+01
*** 4 *** ;egr=  2.1544    
    keff         nu           mu           fi           teta
   1.1455       1.6280       1.3865      0.56695      0.89516    
 s0z(n)=    1.094148      0.0000000E+00  0.0000000E+00
:burn                                                                           
 *** nuclid chain            :chmc
 *** time from start (day)   :   830.0000    
 *** number of step          :           1
 *** power dens. (mwt/m**3) =    70.60000    
 *** average burn up =   23.614     (mbt*day)/(kg hm)
 *** concentration and burn up in sloy   1   ***
 ***       burn up =     23.614     ***
 ** izotop ** conc       ** flux*10-14     **  sa      ** sf **
      slag  0.26646E-03    2.2467            1.3660      0.0000    
      tc99  0.32836E-04    2.2467            6.8620      0.0000    
      rh03  0.17875E-04    2.2467            29.708      0.0000    
      ag09  0.11706E-05    2.2467            35.340      0.0000    
      cd13  0.73504E-08    2.2467            1685.5      0.0000    
      xe35  0.12457E-07    2.2467            85403.      0.0000    
      sm49  0.19111E-06    2.2467            2700.0      0.0000    
      sm51  0.57178E-06    2.2467            334.63      0.0000    
      eu55  0.94833E-07    2.2467            563.15      0.0000    
      gd55  0.22710E-08    2.2467            925.11      0.0000    
      gd56  0.73217E-07    2.2467            741.96      0.0000    
      gd57  0.16525E-07    2.2467            3875.3      0.0000    
      u235  0.87059E-03    2.2467            29.639      23.617    
      u236  0.10248E-03    2.2467            6.7648     0.28969    
      u238  0.21636E-01    2.2467            1.0032     0.10431    
      np37  0.54168E-05    2.2467            26.054     0.54604    
      np39  0.12766E-05    2.2467            13.526     0.62649    
      pu38  0.84140E-06    2.2467            20.749      2.1110    
      pu39  0.16759E-03    2.2467            91.015      57.621    
      pu40  0.28350E-04    2.2467            132.19     0.61796    
      pu41  0.19494E-04    2.2467            80.698      60.139    
      pu42  0.20913E-05    2.2467            29.935     0.43841    
      am41  0.57595E-06    2.2467            72.852     0.91826    
      am2m  0.82806E-08    2.2467            298.75      250.57    
      am43  0.22835E-06    2.2467            46.313     0.44231    
      cm42  0.74263E-07    2.2467            5.0473      1.2289    
      cm44  0.34715E-07    2.2467            14.441     0.80526    
      cm45  0.10781E-08    2.2467            95.402      81.827    
      sm52  0.27276E-05    2.2467            70.772      0.0000    
      xe31  0.13784E-04    2.2467            25.281      0.0000    
      cs33  0.35380E-04    2.2467            9.2734      0.0000    
      nd45  0.20021E-04    2.2467            7.2383      0.0000    
      nd43  0.28357E-04    2.2467            13.041      0.0000    
      pm47  0.68734E-05    2.2467            48.831      0.0000    
      mo95  0.33427E-04    2.2467            4.0047      0.0000    
      cs34  0.21115E-05    2.2467            7.3647      0.0000    
      pr41  0.32359E-04    2.2467           0.94653      0.0000    
      pm48  0.26193E-07    2.2467            133.82      0.0000    
      pm8m  0.74501E-07    2.2467            1227.0      0.0000    
      rh05  0.35280E-07    2.2467            849.17      0.0000    
      pm49  0.33136E-07    2.2467            48.831      0.0000    
      kr83  0.25221E-05    2.2467            9.3665      0.0000    
      ru01  0.27926E-04    2.2467            3.1090      0.0000    
      pd05  0.10607E-04    2.2467            3.6129      0.0000    
      cs35  0.19609E-04    2.2467            2.2115      0.0000    
      sm50  0.72705E-05    2.2467            7.3105      0.0000    
      eu51  0.16282E-06    2.2467            246.60      0.0000    
      eu53  0.14218E-05    2.2467            45.819      0.0000    
      eu54  0.21866E-06    2.2467            139.69      0.0000    
      gd54  0.11585E-07    2.2467            1.3660      0.0000    
      am42  0.69723E-09    2.2467            1.3660      0.0000    
      cm43  0.84656E-09    2.2467            78.019      69.929    
 *** nuclid chain            :chad
 *** time from start (day)   :   830.0000    
 *** number of step          :           1
 *** power dens. (mwt/m**3) =    70.60000    
 *** concentration and burn up in sloy   1   ***
 ***       burn up =     4196.6     ***
 ** izotop ** conc       ** flux*10-14     **  sa      ** sf **
      slag  0.26646E-03    2.2467            1.3660      0.0000    
    > CONSYST Program Ver: 98.01 > started at  0: 0: 0:  
    { Manturov G., E-mail: abbn@ippe.rssi.ru}
 
       -------------------------------
 
       CONSYST INPUT DATA READ FROM : cons.dat
       CONSYST PROTOCOL STORED IN   : RESULT
       GMF X-SECTION'S FILE         : OUT
       TEMPORARY FILE               : RAB
       ABBN BASIC DATA SET FROM     : ..\bin\Bnab90.lib
       ABBN MULTIC DATA SET FROM    : ..\bin\Bnabmlt.lib
       ABBN THERMAL DATA SET FROM   : ..\bin\BNABTHM.lib
 
    >   Include Thermal Matrix > H(H2O):BNABTHM.BIN   Temp=  500K
    >   Include Thermal Matrix > H(H2O):BNABTHM.BIN   Temp=  600K
    > CONSYST finished at  0: 0: 0:  
 therm. calculation avoided
 therm. calculation avoided
 therm. calculation avoided
 therm. calculation avoided
 therm. calculation avoided
 therm. calculation avoided
 therm. calculation avoided
 therm. calculation avoided
 therm. calculation avoided
 *************************************************
   ***k(inf)= 1.09264     ***k(itt)= 1.09264     ***k(integ)= 1.09264    ***
   **bakl=  0.0000     **length= 0.10000E+11  ***
   **matr.  alout*alcorr a(k,i)(k=1,ncel) ***
     *  1.0000    
 lokal kner      in cell ,ru=           1=   1.000000       1.000000    
:fier                                                                           
 condensation boundary was changed from  0.21500E+01 to  0.21544E+01
*** 4 *** ;egr=  2.1544    
    keff         nu           mu           fi           teta
   1.0926       1.5553       1.3845      0.56555      0.89723    
 s0z(n)=    1.094148      0.0000000E+00  0.0000000E+00
:corr                                                                           
 consentration was changed-self shilding must be recalculated
 ------------------------------------------------------------------------------
  backling =  0.0000000E+00
 ------------------------------------------------------------------------------
  number of cells =           1
          cell number    1  number of zone= 3
 << geometry characteristics >>
    geometry of cell- cilindrical index=           2
  kratnost of cell =   1.000000    
  inner radius of cell =  0.0000000E+00
  out square ratio =   1.000000    
 ------------------------------------------------------------------------------
 num zone      1           2           3
 radius   0.38650E+00 0.45500E+00 0.74300E+00
 temper   0.12730E+04 0.87300E+03 0.57500E+03
 rez_izot    u238        bad         bad 
 ------------------------------------------------------------------------------
    izotop   /             concentration number of izotops=62
  1 u235     0.87059E-03 0.00000E+00 0.00000E+00
  2 u238     0.21636E-01 0.00000E+00 0.00000E+00
  3 o        0.46360E-01 0.00000E+00 0.00000E+00
  4 fe       0.00000E+00 0.84000E-01 0.00000E+00
  5 *h*      0.00000E+00 0.00000E+00 0.42000E-01
  6 *o*      0.00000E+00 0.00000E+00 0.21000E-01
  7 u236     0.10248E-03 0.00000E+00 0.00000E+00
  8 slag     0.26646E-03 0.00000E+00 0.00000E+00
  9 tc99     0.32836E-04 0.00000E+00 0.00000E+00
 10 rh03     0.17875E-04 0.00000E+00 0.00000E+00
 11 ag09     0.11706E-05 0.00000E+00 0.00000E+00
 12 cd13     0.73504E-08 0.00000E+00 0.00000E+00
 13 xe35     0.12457E-07 0.00000E+00 0.00000E+00
 14 sm49     0.19111E-06 0.00000E+00 0.00000E+00
 15 sm51     0.57178E-06 0.00000E+00 0.00000E+00
 16 eu55     0.94833E-07 0.00000E+00 0.00000E+00
 17 gd55     0.22710E-08 0.00000E+00 0.00000E+00
 18 gd56     0.73217E-07 0.00000E+00 0.00000E+00
 19 gd57     0.16525E-07 0.00000E+00 0.00000E+00
 20 np37     0.54168E-05 0.00000E+00 0.00000E+00
 21 np39     0.12766E-05 0.00000E+00 0.00000E+00
 22 pu38     0.84140E-06 0.00000E+00 0.00000E+00
 23 pu39     0.16759E-03 0.00000E+00 0.00000E+00
 24 pu40     0.28350E-04 0.00000E+00 0.00000E+00
 25 pu41     0.19494E-04 0.00000E+00 0.00000E+00
 26 pu42     0.20913E-05 0.00000E+00 0.00000E+00
 27 am41     0.57595E-06 0.00000E+00 0.00000E+00
 28 am2m     0.82806E-08 0.00000E+00 0.00000E+00
 29 am43     0.22835E-06 0.00000E+00 0.00000E+00
 30 cm42     0.74263E-07 0.00000E+00 0.00000E+00
 31 cm44     0.34715E-07 0.00000E+00 0.00000E+00
 32 cm45     0.10781E-08 0.00000E+00 0.00000E+00
 33 sm52     0.27276E-05 0.00000E+00 0.00000E+00
 34 xe31     0.13784E-04 0.00000E+00 0.00000E+00
 35 cs33     0.35380E-04 0.00000E+00 0.00000E+00
 36 nd45     0.20021E-04 0.00000E+00 0.00000E+00
 37 nd43     0.28357E-04 0.00000E+00 0.00000E+00
 38 pm47     0.68734E-05 0.00000E+00 0.00000E+00
 39 mo95     0.33427E-04 0.00000E+00 0.00000E+00
 40 cs34     0.21115E-05 0.00000E+00 0.00000E+00
 41 pr41     0.32359E-04 0.00000E+00 0.00000E+00
 42 pm48     0.26193E-07 0.00000E+00 0.00000E+00
 43 pm8m     0.74501E-07 0.00000E+00 0.00000E+00
 44 rh05     0.35280E-07 0.00000E+00 0.00000E+00
 45 pm49     0.33136E-07 0.00000E+00 0.00000E+00
 46 kr83     0.25221E-05 0.00000E+00 0.00000E+00
 47 ru01     0.27926E-04 0.00000E+00 0.00000E+00
 48 pd05     0.10607E-04 0.00000E+00 0.00000E+00
 49 cs35     0.19609E-04 0.00000E+00 0.00000E+00
 50 sm50     0.72705E-05 0.00000E+00 0.00000E+00
 51 eu51     0.16282E-06 0.00000E+00 0.00000E+00
 52 eu53     0.14218E-05 0.00000E+00 0.00000E+00
 53 eu54     0.21866E-06 0.00000E+00 0.00000E+00
 54 gd54     0.11585E-07 0.00000E+00 0.00000E+00
 55 am42     0.69723E-09 0.00000E+00 0.00000E+00
 56 cm43     0.84656E-09 0.00000E+00 0.00000E+00
:cont                                                                           
 ------------------------------------------------------------------------------
  backling =  0.0000000E+00
 ------------------------------------------------------------------------------
  number of cells =           1
          cell number    1  number of zone= 3
 << geometry characteristics >>
    geometry of cell- cilindrical index=           2
  kratnost of cell =   1.000000    
  inner radius of cell =  0.0000000E+00
  out square ratio =   1.000000    
 ------------------------------------------------------------------------------
 num zone      1           2           3
 radius   0.38650E+00 0.45500E+00 0.74300E+00
 temper   0.12730E+04 0.87300E+03 0.57500E+03
 rez_izot    u238        bad         bad 
 ------------------------------------------------------------------------------
    izotop   /             concentration number of izotops=62
  1 u235     0.87059E-03 0.00000E+00 0.00000E+00
  2 u238     0.21636E-01 0.00000E+00 0.00000E+00
  3 o        0.46360E-01 0.00000E+00 0.00000E+00
  4 fe       0.00000E+00 0.84000E-01 0.00000E+00
  5 *h*      0.00000E+00 0.00000E+00 0.42000E-01
  6 *o*      0.00000E+00 0.00000E+00 0.21000E-01
  7 u236     0.10248E-03 0.00000E+00 0.00000E+00
  8 slag     0.26646E-03 0.00000E+00 0.00000E+00
  9 tc99     0.32836E-04 0.00000E+00 0.00000E+00
 10 rh03     0.17875E-04 0.00000E+00 0.00000E+00
 11 ag09     0.11706E-05 0.00000E+00 0.00000E+00
 12 cd13     0.73504E-08 0.00000E+00 0.00000E+00
 13 xe35     0.12457E-07 0.00000E+00 0.00000E+00
 14 sm49     0.19111E-06 0.00000E+00 0.00000E+00
 15 sm51     0.57178E-06 0.00000E+00 0.00000E+00
 16 eu55     0.94833E-07 0.00000E+00 0.00000E+00
 17 gd55     0.22710E-08 0.00000E+00 0.00000E+00
 18 gd56     0.73217E-07 0.00000E+00 0.00000E+00
 19 gd57     0.16525E-07 0.00000E+00 0.00000E+00
 20 np37     0.54168E-05 0.00000E+00 0.00000E+00
 21 np39     0.12766E-05 0.00000E+00 0.00000E+00
 22 pu38     0.84140E-06 0.00000E+00 0.00000E+00
 23 pu39     0.16759E-03 0.00000E+00 0.00000E+00
 24 pu40     0.28350E-04 0.00000E+00 0.00000E+00
 25 pu41     0.19494E-04 0.00000E+00 0.00000E+00
 26 pu42     0.20913E-05 0.00000E+00 0.00000E+00
 27 am41     0.57595E-06 0.00000E+00 0.00000E+00
 28 am2m     0.82806E-08 0.00000E+00 0.00000E+00
 29 am43     0.22835E-06 0.00000E+00 0.00000E+00
 30 cm42     0.74263E-07 0.00000E+00 0.00000E+00
 31 cm44     0.34715E-07 0.00000E+00 0.00000E+00
 32 cm45     0.10781E-08 0.00000E+00 0.00000E+00
 33 sm52     0.27276E-05 0.00000E+00 0.00000E+00
 34 xe31     0.13784E-04 0.00000E+00 0.00000E+00
 35 cs33     0.35380E-04 0.00000E+00 0.00000E+00
 36 nd45     0.20021E-04 0.00000E+00 0.00000E+00
 37 nd43     0.28357E-04 0.00000E+00 0.00000E+00
 38 pm47     0.68734E-05 0.00000E+00 0.00000E+00
 39 mo95     0.33427E-04 0.00000E+00 0.00000E+00
 40 cs34     0.21115E-05 0.00000E+00 0.00000E+00
 41 pr41     0.32359E-04 0.00000E+00 0.00000E+00
 42 pm48     0.26193E-07 0.00000E+00 0.00000E+00
 43 pm8m     0.74501E-07 0.00000E+00 0.00000E+00
 44 rh05     0.35280E-07 0.00000E+00 0.00000E+00
 45 pm49     0.33136E-07 0.00000E+00 0.00000E+00
 46 kr83     0.25221E-05 0.00000E+00 0.00000E+00
 47 ru01     0.27926E-04 0.00000E+00 0.00000E+00
 48 pd05     0.10607E-04 0.00000E+00 0.00000E+00
 49 cs35     0.19609E-04 0.00000E+00 0.00000E+00
 50 sm50     0.72705E-05 0.00000E+00 0.00000E+00
 51 eu51     0.16282E-06 0.00000E+00 0.00000E+00
 52 eu53     0.14218E-05 0.00000E+00 0.00000E+00
 53 eu54     0.21866E-06 0.00000E+00 0.00000E+00
 54 gd54     0.11585E-07 0.00000E+00 0.00000E+00
 55 am42     0.69723E-09 0.00000E+00 0.00000E+00
 56 cm43     0.84656E-09 0.00000E+00 0.00000E+00
    > CONSYST Program Ver: 98.01 > started at  0: 0: 0:  
    { Manturov G., E-mail: abbn@ippe.rssi.ru}
 
       -------------------------------
 
       CONSYST INPUT DATA READ FROM : cons.dat
       CONSYST PROTOCOL STORED IN   : RESULT
       GMF X-SECTION'S FILE         : OUT
       TEMPORARY FILE               : RAB
       ABBN BASIC DATA SET FROM     : ..\bin\Bnab90.lib
       ABBN MULTIC DATA SET FROM    : ..\bin\Bnabmlt.lib
       ABBN THERMAL DATA SET FROM   : ..\bin\BNABTHM.lib
 
    >   Include Thermal Matrix > H(H2O):BNABTHM.BIN   Temp=  500K
    >   Include Thermal Matrix > H(H2O):BNABTHM.BIN   Temp=  600K
    > CONSYST finished at  0: 0: 0:  
 therm. calculation avoided
 therm. calculation avoided
 therm. calculation avoided
 therm. calculation avoided
 therm. calculation avoided
 therm. calculation avoided
 therm. calculation avoided
 therm. calculation avoided
 therm. calculation avoided
 *************************************************
   ***k(inf)= 1.11629     ***k(itt)= 1.11628     ***k(integ)= 1.11629    ***
   **bakl=  0.0000     **length= 0.10000E+11  ***
   **matr.  alout*alcorr a(k,i)(k=1,ncel) ***
     *  1.0000    
 lokal kner      in cell ,ru=           1=  0.9999999      0.9999999    
:fier                                                                           
 condensation boundary was changed from  0.21500E+01 to  0.21544E+01
*** 4 *** ;egr=  2.1544    
    keff         nu           mu           fi           teta
   1.1163       1.5666       1.3338      0.59821      0.89305    
 s0z(n)=    1.137652      0.0000000E+00  0.0000000E+00
:burn                                                                           
 *** nuclid chain            :chmc
 *** time from start (day)   :   1080.000    
 *** number of step          :           1
 *** power dens. (mwt/m**3) =    70.60000    
 *** average burn up =   30.689     (mbt*day)/(kg hm)
 *** concentration and burn up in sloy   1   ***
 ***       burn up =     30.689     ***
 ** izotop ** conc       ** flux*10-14     **  sa      ** sf **
      slag  0.35061E-03    2.1365            1.3985      0.0000    
      tc99  0.41850E-04    2.1365            6.9377      0.0000    
      rh03  0.22499E-04    2.1365            30.167      0.0000    
      ag09  0.17053E-05    2.1365            35.926      0.0000    
      cd13  0.76064E-08    2.1365            1915.1      0.0000    
      xe35  0.11696E-07    2.1365           0.10079E+06  0.0000    
      sm49  0.17484E-06    2.1365            3154.7      0.0000    
      sm51  0.55172E-06    2.1365            381.07      0.0000    
      eu55  0.14122E-06    2.1365            590.98      0.0000    
      gd55  0.30673E-08    2.1365            1100.2      0.0000    
      gd56  0.95593E-07    2.1365            885.98      0.0000    
      gd57  0.20761E-07    2.1365            4633.2      0.0000    
      u235  0.74896E-03    2.1365            32.609      26.127    
      u236  0.12321E-03    2.1365            6.5870     0.29104    
      u238  0.21534E-01    2.1365            1.0303     0.10660    
      np37  0.78842E-05    2.1365            26.900     0.55092    
      np39  0.12417E-05    2.1365            13.727     0.62954    
      pu38  0.16317E-05    2.1365            23.287      2.1821    
      pu39  0.18073E-03    2.1365            97.923      62.251    
      pu40  0.39198E-04    2.1365            113.90     0.61841    
      pu41  0.27109E-04    2.1365            88.527      66.058    
      pu42  0.41053E-05    2.1365            30.182     0.44307    
      am41  0.10461E-05    2.1365            76.199     0.94411    
      am2m  0.16511E-07    2.1365            335.69      281.29    
      am43  0.56856E-06    2.1365            46.527     0.44851    
      cm42  0.15904E-06    2.1365            5.1333      1.2416    
      cm44  0.11152E-06    2.1365            14.667     0.81613    
      cm45  0.42246E-08    2.1365            107.03      91.708    
      sm52  0.33823E-05    2.1365            71.565      0.0000    
      xe31  0.17137E-04    2.1365            25.515      0.0000    
      cs33  0.44878E-04    2.1365            9.4074      0.0000    
      nd45  0.25276E-04    2.1365            7.4278      0.0000    
      nd43  0.35086E-04    2.1365            14.502      0.0000    
      pm47  0.76336E-05    2.1365            49.528      0.0000    
      mo95  0.42430E-04    2.1365            4.0160      0.0000    
      cs34  0.31547E-05    2.1365            7.9795      0.0000    
      pr41  0.41606E-04    2.1365           0.99249      0.0000    
      pm48  0.28094E-07    2.1365            143.60      0.0000    
      pm8m  0.77063E-07    2.1365            1381.8      0.0000    
      rh05  0.37986E-07    2.1365            924.56      0.0000    
      pm49  0.33632E-07    2.1365            49.528      0.0000    
      kr83  0.31223E-05    2.1365            10.181      0.0000    
      ru01  0.35880E-04    2.1365            3.1128      0.0000    
      pd05  0.14757E-04    2.1365            3.6957      0.0000    
      cs35  0.24855E-04    2.1365            2.2367      0.0000    
      sm50  0.95522E-05    2.1365            7.8475      0.0000    
      eu51  0.22830E-06    2.1365            269.10      0.0000    
      eu53  0.22015E-05    2.1365            47.590      0.0000    
      eu54  0.38476E-06    2.1365            154.97      0.0000    
      gd54  0.28267E-07    2.1365            1.3985      0.0000    
      am42  0.12612E-08    2.1365            1.3985      0.0000    
      cm43  0.23079E-08    2.1365            81.789      73.387    
 *** nuclid chain            :chad
 *** time from start (day)   :   1080.000    
 *** number of step          :           1
 *** power dens. (mwt/m**3) =    70.60000    
 *** concentration and burn up in sloy   1   ***
 ***       burn up =     4128.8     ***
 ** izotop ** conc       ** flux*10-14     **  sa      ** sf **
      slag  0.35061E-03    2.1365            1.3985      0.0000    
    > CONSYST Program Ver: 98.01 > started at  0: 0: 0:  
    { Manturov G., E-mail: abbn@ippe.rssi.ru}
 
       -------------------------------
 
       CONSYST INPUT DATA READ FROM : cons.dat
       CONSYST PROTOCOL STORED IN   : RESULT
       GMF X-SECTION'S FILE         : OUT
       TEMPORARY FILE               : RAB
       ABBN BASIC DATA SET FROM     : ..\bin\Bnab90.lib
       ABBN MULTIC DATA SET FROM    : ..\bin\Bnabmlt.lib
       ABBN THERMAL DATA SET FROM   : ..\bin\BNABTHM.lib
 
    >   Include Thermal Matrix > H(H2O):BNABTHM.BIN   Temp=  500K
    >   Include Thermal Matrix > H(H2O):BNABTHM.BIN   Temp=  600K
    > CONSYST finished at  0: 0: 0:  
 therm. calculation avoided
 therm. calculation avoided
 therm. calculation avoided
 therm. calculation avoided
 therm. calculation avoided
 therm. calculation avoided
 therm. calculation avoided
 therm. calculation avoided
 therm. calculation avoided
 *************************************************
   ***k(inf)= 1.07397     ***k(itt)= 1.07396     ***k(integ)= 1.07397    ***
   **bakl=  0.0000     **length= 0.10000E+11  ***
   **matr.  alout*alcorr a(k,i)(k=1,ncel) ***
     *  1.0000    
 lokal kner      in cell ,ru=           1=   1.000000       1.000000    
:fier                                                                           
 condensation boundary was changed from  0.21500E+01 to  0.21544E+01
*** 4 *** ;egr=  2.1544    
    keff         nu           mu           fi           teta
   1.0740       1.5137       1.3293      0.59794      0.89259    
 s0z(n)=    1.137652      0.0000000E+00  0.0000000E+00
:corr                                                                           
 consentration was changed-self shilding must be recalculated
 ------------------------------------------------------------------------------
  backling =  0.0000000E+00
 ------------------------------------------------------------------------------
  number of cells =           1
          cell number    1  number of zone= 3
 << geometry characteristics >>
    geometry of cell- cilindrical index=           2
  kratnost of cell =   1.000000    
  inner radius of cell =  0.0000000E+00
  out square ratio =   1.000000    
 ------------------------------------------------------------------------------
 num zone      1           2           3
 radius   0.38650E+00 0.45500E+00 0.74300E+00
 temper   0.12730E+04 0.87300E+03 0.57500E+03
 rez_izot    u238        bad         bad 
 ------------------------------------------------------------------------------
    izotop   /             concentration number of izotops=62
  1 u235     0.74896E-03 0.00000E+00 0.00000E+00
  2 u238     0.21534E-01 0.00000E+00 0.00000E+00
  3 o        0.46360E-01 0.00000E+00 0.00000E+00
  4 fe       0.00000E+00 0.84000E-01 0.00000E+00
  5 *h*      0.00000E+00 0.00000E+00 0.46000E-01
  6 *o*      0.00000E+00 0.00000E+00 0.23300E-01
  7 u236     0.12321E-03 0.00000E+00 0.00000E+00
  8 slag     0.35061E-03 0.00000E+00 0.00000E+00
  9 tc99     0.41850E-04 0.00000E+00 0.00000E+00
 10 rh03     0.22499E-04 0.00000E+00 0.00000E+00
 11 ag09     0.17053E-05 0.00000E+00 0.00000E+00
 12 cd13     0.76064E-08 0.00000E+00 0.00000E+00
 13 xe35     0.11696E-07 0.00000E+00 0.00000E+00
 14 sm49     0.17484E-06 0.00000E+00 0.00000E+00
 15 sm51     0.55172E-06 0.00000E+00 0.00000E+00
 16 eu55     0.14122E-06 0.00000E+00 0.00000E+00
 17 gd55     0.30673E-08 0.00000E+00 0.00000E+00
 18 gd56     0.95593E-07 0.00000E+00 0.00000E+00
 19 gd57     0.20761E-07 0.00000E+00 0.00000E+00
 20 np37     0.78842E-05 0.00000E+00 0.00000E+00
 21 np39     0.12417E-05 0.00000E+00 0.00000E+00
 22 pu38     0.16317E-05 0.00000E+00 0.00000E+00
 23 pu39     0.18073E-03 0.00000E+00 0.00000E+00
 24 pu40     0.39198E-04 0.00000E+00 0.00000E+00
 25 pu41     0.27109E-04 0.00000E+00 0.00000E+00
 26 pu42     0.41053E-05 0.00000E+00 0.00000E+00
 27 am41     0.10461E-05 0.00000E+00 0.00000E+00
 28 am2m     0.16511E-07 0.00000E+00 0.00000E+00
 29 am43     0.56856E-06 0.00000E+00 0.00000E+00
 30 cm42     0.15904E-06 0.00000E+00 0.00000E+00
 31 cm44     0.11152E-06 0.00000E+00 0.00000E+00
 32 cm45     0.42246E-08 0.00000E+00 0.00000E+00
 33 sm52     0.33823E-05 0.00000E+00 0.00000E+00
 34 xe31     0.17137E-04 0.00000E+00 0.00000E+00
 35 cs33     0.44878E-04 0.00000E+00 0.00000E+00
 36 nd45     0.25276E-04 0.00000E+00 0.00000E+00
 37 nd43     0.35086E-04 0.00000E+00 0.00000E+00
 38 pm47     0.76336E-05 0.00000E+00 0.00000E+00
 39 mo95     0.42430E-04 0.00000E+00 0.00000E+00
 40 cs34     0.31547E-05 0.00000E+00 0.00000E+00
 41 pr41     0.41606E-04 0.00000E+00 0.00000E+00
 42 pm48     0.28094E-07 0.00000E+00 0.00000E+00
 43 pm8m     0.77063E-07 0.00000E+00 0.00000E+00
 44 rh05     0.37986E-07 0.00000E+00 0.00000E+00
 45 pm49     0.33632E-07 0.00000E+00 0.00000E+00
 46 kr83     0.31223E-05 0.00000E+00 0.00000E+00
 47 ru01     0.35880E-04 0.00000E+00 0.00000E+00
 48 pd05     0.14757E-04 0.00000E+00 0.00000E+00
 49 cs35     0.24855E-04 0.00000E+00 0.00000E+00
 50 sm50     0.95522E-05 0.00000E+00 0.00000E+00
 51 eu51     0.22830E-06 0.00000E+00 0.00000E+00
 52 eu53     0.22015E-05 0.00000E+00 0.00000E+00
 53 eu54     0.38476E-06 0.00000E+00 0.00000E+00
 54 gd54     0.28267E-07 0.00000E+00 0.00000E+00
 55 am42     0.12612E-08 0.00000E+00 0.00000E+00
 56 cm43     0.23079E-08 0.00000E+00 0.00000E+00
:cont                                                                           
 ------------------------------------------------------------------------------
  backling =  0.0000000E+00
 ------------------------------------------------------------------------------
  number of cells =           1
          cell number    1  number of zone= 3
 << geometry characteristics >>
    geometry of cell- cilindrical index=           2
  kratnost of cell =   1.000000    
  inner radius of cell =  0.0000000E+00
  out square ratio =   1.000000    
 ------------------------------------------------------------------------------
 num zone      1           2           3
 radius   0.38650E+00 0.45500E+00 0.74300E+00
 temper   0.12730E+04 0.87300E+03 0.57500E+03
 rez_izot    u238        bad         bad 
 ------------------------------------------------------------------------------
    izotop   /             concentration number of izotops=62
  1 u235     0.74896E-03 0.00000E+00 0.00000E+00
  2 u238     0.21534E-01 0.00000E+00 0.00000E+00
  3 o        0.46360E-01 0.00000E+00 0.00000E+00
  4 fe       0.00000E+00 0.84000E-01 0.00000E+00
  5 *h*      0.00000E+00 0.00000E+00 0.46000E-01
  6 *o*      0.00000E+00 0.00000E+00 0.23300E-01
  7 u236     0.12321E-03 0.00000E+00 0.00000E+00
  8 slag     0.35061E-03 0.00000E+00 0.00000E+00
  9 tc99     0.41850E-04 0.00000E+00 0.00000E+00
 10 rh03     0.22499E-04 0.00000E+00 0.00000E+00
 11 ag09     0.17053E-05 0.00000E+00 0.00000E+00
 12 cd13     0.76064E-08 0.00000E+00 0.00000E+00
 13 xe35     0.11696E-07 0.00000E+00 0.00000E+00
 14 sm49     0.17484E-06 0.00000E+00 0.00000E+00
 15 sm51     0.55172E-06 0.00000E+00 0.00000E+00
 16 eu55     0.14122E-06 0.00000E+00 0.00000E+00
 17 gd55     0.30673E-08 0.00000E+00 0.00000E+00
 18 gd56     0.95593E-07 0.00000E+00 0.00000E+00
 19 gd57     0.20761E-07 0.00000E+00 0.00000E+00
 20 np37     0.78842E-05 0.00000E+00 0.00000E+00
 21 np39     0.12417E-05 0.00000E+00 0.00000E+00
 22 pu38     0.16317E-05 0.00000E+00 0.00000E+00
 23 pu39     0.18073E-03 0.00000E+00 0.00000E+00
 24 pu40     0.39198E-04 0.00000E+00 0.00000E+00
 25 pu41     0.27109E-04 0.00000E+00 0.00000E+00
 26 pu42     0.41053E-05 0.00000E+00 0.00000E+00
 27 am41     0.10461E-05 0.00000E+00 0.00000E+00
 28 am2m     0.16511E-07 0.00000E+00 0.00000E+00
 29 am43     0.56856E-06 0.00000E+00 0.00000E+00
 30 cm42     0.15904E-06 0.00000E+00 0.00000E+00
 31 cm44     0.11152E-06 0.00000E+00 0.00000E+00
 32 cm45     0.42246E-08 0.00000E+00 0.00000E+00
 33 sm52     0.33823E-05 0.00000E+00 0.00000E+00
 34 xe31     0.17137E-04 0.00000E+00 0.00000E+00
 35 cs33     0.44878E-04 0.00000E+00 0.00000E+00
 36 nd45     0.25276E-04 0.00000E+00 0.00000E+00
 37 nd43     0.35086E-04 0.00000E+00 0.00000E+00
 38 pm47     0.76336E-05 0.00000E+00 0.00000E+00
 39 mo95     0.42430E-04 0.00000E+00 0.00000E+00
 40 cs34     0.31547E-05 0.00000E+00 0.00000E+00
 41 pr41     0.41606E-04 0.00000E+00 0.00000E+00
 42 pm48     0.28094E-07 0.00000E+00 0.00000E+00
 43 pm8m     0.77063E-07 0.00000E+00 0.00000E+00
 44 rh05     0.37986E-07 0.00000E+00 0.00000E+00
 45 pm49     0.33632E-07 0.00000E+00 0.00000E+00
 46 kr83     0.31223E-05 0.00000E+00 0.00000E+00
 47 ru01     0.35880E-04 0.00000E+00 0.00000E+00
 48 pd05     0.14757E-04 0.00000E+00 0.00000E+00
 49 cs35     0.24855E-04 0.00000E+00 0.00000E+00
 50 sm50     0.95522E-05 0.00000E+00 0.00000E+00
 51 eu51     0.22830E-06 0.00000E+00 0.00000E+00
 52 eu53     0.22015E-05 0.00000E+00 0.00000E+00
 53 eu54     0.38476E-06 0.00000E+00 0.00000E+00
 54 gd54     0.28267E-07 0.00000E+00 0.00000E+00
 55 am42     0.12612E-08 0.00000E+00 0.00000E+00
 56 cm43     0.23079E-08 0.00000E+00 0.00000E+00
    > CONSYST Program Ver: 98.01 > started at  0: 0: 0:  
    { Manturov G., E-mail: abbn@ippe.rssi.ru}
 
       -------------------------------
 
       CONSYST INPUT DATA READ FROM : cons.dat
       CONSYST PROTOCOL STORED IN   : RESULT
       GMF X-SECTION'S FILE         : OUT
       TEMPORARY FILE               : RAB
       ABBN BASIC DATA SET FROM     : ..\bin\Bnab90.lib
       ABBN MULTIC DATA SET FROM    : ..\bin\Bnabmlt.lib
       ABBN THERMAL DATA SET FROM   : ..\bin\BNABTHM.lib
 
    >   Include Thermal Matrix > H(H2O):BNABTHM.BIN   Temp=  500K
    >   Include Thermal Matrix > H(H2O):BNABTHM.BIN   Temp=  600K
    > CONSYST finished at  0: 0: 0:  
 therm. calculation avoided
 therm. calculation avoided
 therm. calculation avoided
 therm. calculation avoided
 therm. calculation avoided
 therm. calculation avoided
 therm. calculation avoided
 therm. calculation avoided
 therm. calculation avoided
 *************************************************
   ***k(inf)= 1.09032     ***k(itt)= 1.09031     ***k(integ)= 1.09032    ***
   **bakl=  0.0000     **length= 0.10000E+11  ***
   **matr.  alout*alcorr a(k,i)(k=1,ncel) ***
     *  1.0000    
 lokal kner      in cell ,ru=           1=   1.000000       1.000000    
:fier                                                                           
 condensation boundary was changed from  0.21500E+01 to  0.21544E+01
*** 4 *** ;egr=  2.1544    
    keff         nu           mu           fi           teta
   1.0903       1.5225       1.2979      0.62058      0.88915    
 s0z(n)=    1.169265      0.0000000E+00  0.0000000E+00
:burn                                                                           
 *** nuclid chain            :chmc
 *** time from start (day)   :   1280.000    
 *** number of step          :           1
 *** power dens. (mwt/m**3) =    70.60000    
 *** average burn up =   36.384     (mbt*day)/(kg hm)
 *** concentration and burn up in sloy   1   ***
 ***       burn up =     36.384     ***
 ** izotop ** conc       ** flux*10-14     **  sa      ** sf **
      slag  0.41971E-03    2.0728            1.4284      0.0000    
      tc99  0.48867E-04    2.0728            7.0080      0.0000    
      rh03  0.25974E-04    2.0728            30.650      0.0000    
      ag09  0.21617E-05    2.0728            36.396      0.0000    
      cd13  0.75985E-08    2.0728            2143.1      0.0000    
      xe35  0.11094E-07    2.0728           0.11571E+06  0.0000    
      sm49  0.16098E-06    2.0728            3594.8      0.0000    
      sm51  0.52520E-06    2.0728            426.82      0.0000    
      eu55  0.18665E-06    2.0728            615.94      0.0000    
      gd55  0.36885E-08    2.0728            1269.9      0.0000    
      gd56  0.11427E-06    2.0728            1025.6      0.0000    
      gd57  0.24249E-07    2.0728            5368.3      0.0000    
      u235  0.65952E-03    2.0728            35.504      28.585    
      u236  0.13761E-03    2.0728            6.4817     0.29161    
      u238  0.21453E-01    2.0728            1.0510     0.10788    
      np37  0.99003E-05    2.0728            27.699     0.55277    
      np39  0.12253E-05    2.0728            13.886     0.62992    
      pu38  0.24708E-05    2.0728            25.750      2.2490    
      pu39  0.18443E-03    2.0728            105.48      67.254    
      pu40  0.47831E-04    2.0728            104.57     0.61772    
      pu41  0.32381E-04    2.0728            96.461      72.020    
      pu42  0.62029E-05    2.0728            29.990     0.44501    
      am41  0.14612E-05    2.0728            79.657     0.96707    
      am2m  0.23917E-07    2.0728            371.98      311.47    
      am43  0.98815E-06    2.0728            46.662     0.45152    
      cm42  0.24734E-06    2.0728            5.2061      1.2506    
      cm44  0.22889E-06    2.0728            14.821     0.82289    
      cm45  0.96784E-08    2.0728            118.34      101.32    
      sm52  0.38381E-05    2.0728            72.429      0.0000    
      xe31  0.19621E-04    2.0728            25.760      0.0000    
      cs33  0.52208E-04    2.0728            9.5152      0.0000    
      nd45  0.29303E-04    2.0728            7.6066      0.0000    
      nd43  0.39930E-04    2.0728            15.936      0.0000    
      pm47  0.80628E-05    2.0728            50.199      0.0000    
      mo95  0.49410E-04    2.0728            4.0330      0.0000    
      cs34  0.40368E-05    2.0728            8.5843      0.0000    
      pr41  0.48917E-04    2.0728            1.0382      0.0000    
      pm48  0.29180E-07    2.0728            152.88      0.0000    
      pm8m  0.76650E-07    2.0728            1534.8      0.0000    
      rh05  0.40132E-07    2.0728            997.11      0.0000    
      pm49  0.34207E-07    2.0728            50.199      0.0000    
      kr83  0.35605E-05    2.0728            10.968      0.0000    
      ru01  0.42163E-04    2.0728            3.1115      0.0000    
      pd05  0.18283E-04    2.0728            3.7718      0.0000    
      cs35  0.28798E-04    2.0728            2.2610      0.0000    
      sm50  0.11354E-04    2.0728            8.3492      0.0000    
      eu51  0.27896E-06    2.0728            291.41      0.0000    
      eu53  0.28708E-05    2.0728            49.102      0.0000    
      eu54  0.53169E-06    2.0728            170.06      0.0000    
      gd54  0.48658E-07    2.0728            1.4284      0.0000    
      am42  0.17880E-08    2.0728            1.4284      0.0000    
      cm43  0.41622E-08    2.0728            85.287      76.606    
 *** nuclid chain            :chad
 *** time from start (day)   :   1280.000    
 *** number of step          :           1
 *** power dens. (mwt/m**3) =    70.60000    
 *** concentration and burn up in sloy   1   ***
 ***       burn up =     4076.5     ***
 ** izotop ** conc       ** flux*10-14     **  sa      ** sf **
      slag  0.41971E-03    2.0728            1.4284      0.0000    
    > CONSYST Program Ver: 98.01 > started at  0: 0: 0:  
    { Manturov G., E-mail: abbn@ippe.rssi.ru}
 
       -------------------------------
 
       CONSYST INPUT DATA READ FROM : cons.dat
       CONSYST PROTOCOL STORED IN   : RESULT
       GMF X-SECTION'S FILE         : OUT
       TEMPORARY FILE               : RAB
       ABBN BASIC DATA SET FROM     : ..\bin\Bnab90.lib
       ABBN MULTIC DATA SET FROM    : ..\bin\Bnabmlt.lib
       ABBN THERMAL DATA SET FROM   : ..\bin\BNABTHM.lib
 
    >   Include Thermal Matrix > H(H2O):BNABTHM.BIN   Temp=  500K
    >   Include Thermal Matrix > H(H2O):BNABTHM.BIN   Temp=  600K
    > CONSYST finished at  0: 0: 0:  
 therm. calculation avoided
 therm. calculation avoided
 therm. calculation avoided
 therm. calculation avoided
 therm. calculation avoided
 therm. calculation avoided
 therm. calculation avoided
 therm. calculation avoided
 therm. calculation avoided
 *************************************************
   ***k(inf)= 1.05614     ***k(itt)= 1.05614     ***k(integ)= 1.05614    ***
   **bakl=  0.0000     **length= 0.10000E+11  ***
   **matr.  alout*alcorr a(k,i)(k=1,ncel) ***
     *  1.0000    
 lokal kner      in cell ,ru=           1=   1.000000      0.9999999    
:fier                                                                           
 condensation boundary was changed from  0.21500E+01 to  0.21544E+01
*** 4 *** ;egr=  2.1544    
    keff         nu           mu           fi           teta
   1.0561       1.4818       1.2934      0.62078      0.88770    
 s0z(n)=    1.169265      0.0000000E+00  0.0000000E+00
:stop                                                                           
