 *****          file of input data set *******
*****          file of input data set *******
:poly
 &vvod
   iout(12)=2,
   nsos=1,2,3,
   r=0.3865,0.455,0.743,
@ ------------------------------------------------------------------------------
 t=        1273.0, 873.0, 575.0,
 troiz=
 @ izotop    / fuel /     / km /       / mod /
 @u235  @ 0.00000  , 0.00000e+00, 0.00000e+00,
 @u238  @ 0.0162317, 0.00000e+00, 0.00000e+00,
 @ o    @ 0.0463763, 0.00000e+00, 0.00000e+00,
 @ fe   @ 0.000e+00, 0.084,       0.00000e+00,
 @ *h*  @ 0.000e+00, 0.00000e+00, 0.027,
 @ *o*  @ 0.000e+00, 0.00000e+00, 0.0135,
 @ u23  @ 0.000e+00, 0.000e+00,   0.000e+00,
 @ slag @ 0.000e+00, 0.000e+00,   0.000e+00,
 @ tc99 @ 0.000e+00, 0.000e+00,   0.000e+00,
 @ rh03 @ 0.000e+00, 0.000e+00,   0.000e+00,
 @ ag09 @ 0.000e+00, 0.000e+00,   0.000e+00,
 @ cd13 @ 0.000e+00, 0.000e+00,   0.000e+00,
 @ xe35 @ 0.000e+00, 0.000e+00,   0.000e+00,
 @ sm49 @ 0.000e+00, 0.000e+00,   0.000e+00,
 @ sm51 @ 0.000e+00, 0.000e+00,   0.000e+00,
 @ eu55 @ 0.000e+00, 0.000e+00,   0.000e+00,
 @ gd55 @ 0.000e+00, 0.000e+00,   0.000e+00,
 @gd56  @ 0.000e+00, 0.000e+00,   0.000e+00,
 @gd57  @ 0.000e+00, 0.000e+00,   0.000e+00,
 @np37  @ 0.000e+00, 0.000e+00,   0.000e+00,
 @ np39 @ 0.000e+00, 0.000e+00,   0.000e+00,
 @ pu38 @ 0.000e+00, 0.000e+00,   0.000e+00,
 @ pu39 @ 0.0036174, 0.000e+00,   0.000e+00,
 @ pu40 @ 0.0016695, 0.000e+00,   0.000e+00,
 @ pu41 @ 0.0010435, 0.000e+00,   0.000e+00,
 @ pu42 @ 0.000e+00, 0.000e+00,   0.000e+00,
 @ am41 @ 0.000e+00, 0.000e+00,   0.000e+00,
 @ am2m @ 0.000e+00, 0.000e+00,   0.000e+00,
 @ am43 @ 0.000e+00, 0.000e+00,   0.000e+00,
 @ cm42 @ 0.000e+00, 0.000e+00,   0.000e+00,
 @ cm44 @ 0.000e+00, 0.000e+00,   0.000e+00,
 @ cm45 @ 0.000e+00, 0.000e+00,   0.000e+00,
 @ sm52 @ 0.000e+00, 0.000e+00,   0.000e+00,
 @ xe31 @ 0.000e+00, 0.000e+00,   0.000e+00,
 @ cs33 @ 0.000e+00, 0.000e+00,   0.000e+00,
 @ nd45 @ 0.000e+00, 0.000e+00,   0.000e+00,
 @ nd43 @ 0.000e+00, 0.000e+00,   0.000e+00,
 @ pm47 @ 0.000e+00, 0.000e+00,   0.000e+00,
 @ mo95 @ 0.000e+00, 0.000e+00,   0.000e+00,
 @ cs34 @ 0.000e+00, 0.000e+00,   0.000e+00,
 @ pr41 @ 0.000e+00, 0.000e+00,   0.000e+00,
 @ pm48 @ 0.000e+00, 0.000e+00,   0.000e+00,
 @pm8m  @ 0.000e+00, 0.000e+00,   0.000e+00,
 @ rh05 @ 0.000e+00, 0.000e+00,   0.000e+00,
 @ pm49 @ 0.000e+00, 0.000e+00,   0.000e+00,
 @ kr83 @ 0.000e+00, 0.000e+00,   0.000e+00,
 @ ru01 @ 0.000e+00, 0.000e+00,   0.000e+00,
 @ pd05 @ 0.000e+00, 0.000e+00,   0.000e+00,
 @ cs35 @ 0.000e+00, 0.000e+00,   0.000e+00,
 @ sm50 @ 0.000e+00, 0.000e+00,   0.000e+00,
 @ eu51 @ 0.000e+00, 0.000e+00,   0.000e+00,
 @ eu53 @ 0.000e+00, 0.000e+00,   0.000e+00,
 @ eu54 @ 0.000e+00, 0.000e+00,   0.000e+00,
 @ gd54 @ 0.000e+00, 0.000e+00,   0.000e+00,
 @ am42 @ 0.000e+00, 0.000e+00,   0.000e+00,
 @ cm43 @ 0.000e+00, 0.000e+00,   0.000e+00,
 @ hf   @ 1.35e-3  , 0.000e+00,   0.000e+00,
                                                                                                                        
@-------------------------------------------------------------------------------------
 material(1)='chmc',
 &end
u235      1
u238      2
o         3
fe        4
*h*       5
*o*       7
u236     10
slag     11
tc99     12
rh03     13
ag09     14
cd13     15
xe35     16
sm49     17
sm51     18
eu55     19
gd55     20
gd56     21
gd57     22
np37     23
np39     24
pu38     25
pu39     26
pu40     27
pu41     28
pu42     29
am41     30
am2m     31
am43     32
cm42     33
cm44     34
cm45     35
sm52     40
xe31     41
cs33     42
nd45     43
nd43     44
pm47     45
mo95     46
cs34     47
pr41     48
pm48     49
pm8m     50
rh05     51
pm49     52
kr83     53
ru01     54
pd05     55
cs35     56
sm50     57
eu51     58
eu53     59
eu54     60
gd54     61
am42     62
cm43     63
hf       64
****
                                                                                                                        
:fier
 &vvod &end
                                                                                                                        
@:stop
:burn
 &vvod qv=70.6,dtim=250,
 &end
:fier
 &vvod &end
@:stop
@---------------------------------------------------
:corr
 &vvod
  roiz(125)=
 @ u235  @ 0.00000e+00,
 @ u238  @ 0.00000e+00,
 @ o     @ 0.00000e+00,
 @ fe    @ 0.00000e+00,
 @ *h*   @ 0.031,
 @ *o*   @ 0.0155,
 &end
:cont
:fier
&vvod &end
:burn
 &vvod qv=70.6,dtim=280,
 &end
:fier
 &vvod &end
 @---------------------------------------------------------
:corr
 &vvod
  roiz(125)=
 @ u235  @ 0.00000e+00,
 @ u238  @ 0.00000e+00,
 @ o     @ 0.00000e+00,
 @ fe    @ 0.00000e+00,
 @ *h*   @ 0.037,
 @ *o*   @ 0.0185,
 &end
:cont
:fier
&vvod &end
:burn
 &vvod qv=70.6,dtim=300,
 &end
:fier
 &vvod &end
@------------------------------------
:corr
 &vvod
  roiz(125)=
 @ u235  @ 0.00000e+00,
 @ u238  @ 0.00000e+00,
 @ o     @ 0.00000e+00,
 @ fe    @ 0.00000e+00,
 @ *h*   @ 0.042,
 @ *o*   @ 0.0210,
 &end
:cont
:fier
&vvod &end
:burn
 &vvod qv=70.6,dtim=250,
 &end
:fier
 &vvod &end
                                                                                                                        
@------------------------------------------
:corr
 &vvod
  roiz(125)=
 @ u235  @ 0.00000e+00,
 @ u238  @ 0.00000e+00,
 @ o     @ 0.00000e+00,
 @ fe    @ 0.00000e+00,
 @ *h*   @ 0.046,
 @ *o*   @ 0.0233,
 &end
:cont
:fier
&vvod &end
:burn
 &vvod qv=70.6,dtim=200,
 &end
:fier
 &vvod &end
                                                                                                                        
                                                                                                                        
:stop
 ***** end of   file of input data set *******
:poly                                                                           
 definition izotr in sos           1:izotr=   2.000000    
  *******<< check input data>> programm declare *******
    --undeclared parametr--cefzad  -- programm standart value --cefzad  =  0.100000E+01
  *******<< check input data>> programm declare *******
    --undeclared parametr--bakl    -- programm standart value --bakl    =  0.000000E+00
  *******<< check input data>> programm declare *******
    --undeclared parametr--alin    -- programm standart value --alin    =  0.000000E+00
  *******<< check input data>> programm declare *******
    --undeclared parametr--alout   -- programm standart value --alout   =  0.100000E+01
  *******<< check input data>> programm declare *******
    --undeclared parametr--alcorr  -- programm standart value --alcorr  =  0.100000E+01
  *******<< check input data>> programm declare *******
    --undeclared parametr--nbv     -- programm standart value --nbv     =    1    1    1
  *******<< check input data>> programm declare *******
    --undeclared parametr--et      -- programm standart value --et      =  0.105000E+08  0.215000E+01
     0.215000E+01  0.000000E+00
    ????  storage for pr. getter =      300 ?? common /rrr/ rab(        0 )  ????
 ------------------------------------------------------------------------------
  backling =  0.0000000E+00
 ------------------------------------------------------------------------------
  number of cells =           1
          cell number    1  number of zone= 3
 << geometry characteristics >>
    geometry of cell- cilindrical index=           2
  kratnost of cell =   1.000000    
  inner radius of cell =  0.0000000E+00
  out square ratio =   1.000000    
 ------------------------------------------------------------------------------
 num zone      1           2           3
 radius   0.38650E+00 0.45500E+00 0.74300E+00
 temper   0.12730E+04 0.87300E+03 0.57500E+03
 rez_izot    u238        bad         bad 
 ------------------------------------------------------------------------------
    izotop   /             concentration number of izotops=63
  2 u238     0.16232E-01 0.00000E+00 0.00000E+00
  3 o        0.46376E-01 0.00000E+00 0.00000E+00
  4 fe       0.00000E+00 0.84000E-01 0.00000E+00
  5 *h*      0.00000E+00 0.00000E+00 0.27000E-01
  6 *o*      0.00000E+00 0.00000E+00 0.13500E-01
 23 pu39     0.36174E-02 0.00000E+00 0.00000E+00
 24 pu40     0.16695E-02 0.00000E+00 0.00000E+00
 25 pu41     0.10435E-02 0.00000E+00 0.00000E+00
 57 hf       0.13500E-02 0.00000E+00 0.00000E+00
    > CONSYST Program Ver: 98.01 > started at  0: 0: 0:  
    { Manturov G., E-mail: abbn@ippe.rssi.ru}
 
       -------------------------------
 
       CONSYST INPUT DATA READ FROM : cons.dat
       CONSYST PROTOCOL STORED IN   : RESULT
       GMF X-SECTION'S FILE         : OUT
       TEMPORARY FILE               : RAB
       ABBN BASIC DATA SET FROM     : ..\bin\Bnab90.lib
       ABBN MULTIC DATA SET FROM    : ..\bin\Bnabmlt.lib
       ABBN THERMAL DATA SET FROM   : ..\bin\BNABTHM.lib
 
    >>  K-inf(MLT)= 1.86004 Balance= 1.00339 NU= 3.01 FI-Sum=  6.25E+01
    >   Include Thermal Matrix > H(H2O):BNABTHM.BIN   Temp=  500K
    >   Include Thermal Matrix > H(H2O):BNABTHM.BIN   Temp=  600K
    > CONSYST finished at  0: 0: 0:  
 therm. calculation avoided
 therm. calculation avoided
 therm. calculation avoided
 therm. calculation avoided
 therm. calculation avoided
 therm. calculation avoided
 therm. calculation avoided
 therm. calculation avoided
 therm. calculation avoided
 *************************************************
   ***k(inf)= 1.24589     ***k(itt)= 1.24589     ***k(integ)= 1.24589    ***
   **bakl=  0.0000     **length= 0.10000E+11  ***
   **matr.  alout*alcorr a(k,i)(k=1,ncel) ***
     *  1.0000    
 lokal kner      in cell ,ru=           1=   1.000000      0.9999999    
:fier                                                                           
 condensation boundary was changed from  0.21500E+01 to  0.21544E+01
*** 4 *** ;egr=  2.1544    
    keff         nu           mu           fi           teta
   1.2459       1.0581       5.8411      0.20606      0.97824    
 s0z(n)=   0.9848346      0.0000000E+00  0.0000000E+00
:burn                                                                           
 *** nuclid chain            :chmc
 *** time from start (day)   :   250.0000    
 *** number of step          :           1
 *** power dens. (mwt/m**3) =    70.60000    
 *** average burn up =   7.2005     (mbt*day)/(kg hm)
 *** concentration and burn up in sloy   1   ***
 ***       burn up =     7.2005     ***
 ** izotop ** conc       ** flux*10-14     **  sa      ** sf **
      slag  0.58302E-04    2.3711           0.86042      0.0000    
      tc99  0.10122E-04    2.3711            2.8967      0.0000    
      rh03  0.10457E-04    2.3711            3.8614      0.0000    
      ag09  0.22249E-05    2.3711            12.721      0.0000    
      cd13  0.14249E-06    2.3711            39.311      0.0000    
      xe35  0.24917E-07    2.3711            1908.1      0.0000    
      sm49  0.18318E-05    2.3711            82.367      0.0000    
      sm51  0.12490E-05    2.3711            28.680      0.0000    
      eu55  0.28120E-06    2.3711            59.250      0.0000    
      gd55  0.16548E-07    2.3711            37.164      0.0000    
      gd56  0.66024E-07    2.3711            20.678      0.0000    
      gd57  0.11645E-06    2.3711            89.723      0.0000    
      u238  0.16163E-01    2.3711           0.82980     0.12290    
      np37  0.17700E-07    2.3711            8.6632     0.64005    
      np39  0.79174E-06    2.3711            8.2364     0.74054    
      pu38  0.19203E-06    2.3711            4.5077      1.7412    
      pu39  0.35168E-02    2.3711            8.6758      5.5876    
      pu40  0.16791E-02    2.3711            5.4491     0.67553    
      pu41  0.99295E-03    2.3711            11.182      8.9762    
      pu42  0.11295E-04    2.3711            11.814     0.51306    
      am41  0.32184E-04    2.3711            11.854     0.69871    
      am2m  0.86675E-07    2.3711            27.060      23.356    
      am43  0.32503E-06    2.3711            12.631     0.52042    
      cm42  0.50011E-06    2.3711            3.6421      1.2271    
      cm44  0.89174E-08    2.3711            6.3633     0.83157    
      cm45  0.63726E-10    2.3711            11.841      10.443    
      sm52  0.10658E-05    2.3711            17.153      0.0000    
      xe31  0.57004E-05    2.3711            9.6766      0.0000    
      cs33  0.11121E-04    2.3711            3.9308      0.0000    
      nd45  0.52400E-05    2.3711            3.0420      0.0000    
      nd43  0.74137E-05    2.3711            2.2106      0.0000    
      pm47  0.31524E-05    2.3711            18.800      0.0000    
      mo95  0.78391E-05    2.3711            2.2181      0.0000    
      cs34  0.10421E-06    2.3711            2.5330      0.0000    
      pr41  0.87119E-05    2.3711           0.51810      0.0000    
      pm48  0.48435E-08    2.3711            28.589      0.0000    
      pm8m  0.25461E-07    2.3711            55.374      0.0000    
      rh05  0.74327E-07    2.3711            127.61      0.0000    
      pm49  0.29662E-07    2.3711            18.800      0.0000    
      kr83  0.47015E-06    2.3711            2.8160      0.0000    
      ru01  0.83292E-05    2.3711            2.2574      0.0000    
      pd05  0.87532E-05    2.3711            2.3280      0.0000    
      cs35  0.11521E-04    2.3711            1.3854      0.0000    
      sm50  0.41037E-06    2.3711            3.0728      0.0000    
      eu51  0.54656E-08    2.3711            29.109      0.0000    
      eu53  0.45124E-07    2.3711            18.763      0.0000    
      eu54  0.13982E-08    2.3711            16.838      0.0000    
      gd54  0.19851E-10    2.3711           0.86042      0.0000    
      am42  0.63716E-08    2.3711           0.86042      0.0000    
      cm43  0.21762E-08    2.3711            21.540      18.930    
 *** nuclid chain            :chad
 *** time from start (day)   :   250.0000    
 *** number of step          :           1
 *** power dens. (mwt/m**3) =    70.60000    
 *** concentration and burn up in sloy   1   ***
 ***       burn up =     5705.1     ***
 ** izotop ** conc       ** flux*10-14     **  sa      ** sf **
      slag  0.58302E-04    2.3711           0.86042      0.0000    
    > CONSYST Program Ver: 98.01 > started at  0: 0: 0:  
    { Manturov G., E-mail: abbn@ippe.rssi.ru}
 
       -------------------------------
 
       CONSYST INPUT DATA READ FROM : cons.dat
       CONSYST PROTOCOL STORED IN   : RESULT
       GMF X-SECTION'S FILE         : OUT
       TEMPORARY FILE               : RAB
       ABBN BASIC DATA SET FROM     : ..\bin\Bnab90.lib
       ABBN MULTIC DATA SET FROM    : ..\bin\Bnabmlt.lib
       ABBN THERMAL DATA SET FROM   : ..\bin\BNABTHM.lib
 
    >>  K-inf(MLT)= 1.83268 Balance= 1.00359 NU= 3.00 FI-Sum=  6.32E+01
    >   Include Thermal Matrix > H(H2O):BNABTHM.BIN   Temp=  500K
    >   Include Thermal Matrix > H(H2O):BNABTHM.BIN   Temp=  600K
    > CONSYST finished at  0: 0: 0:  
 therm. calculation avoided
 therm. calculation avoided
 therm. calculation avoided
 therm. calculation avoided
 therm. calculation avoided
 therm. calculation avoided
 therm. calculation avoided
 therm. calculation avoided
 therm. calculation avoided
 *************************************************
   ***k(inf)= 1.21284     ***k(itt)= 1.21284     ***k(integ)= 1.21284    ***
   **bakl=  0.0000     **length= 0.10000E+11  ***
   **matr.  alout*alcorr a(k,i)(k=1,ncel) ***
     *  1.0000    
 lokal kner      in cell ,ru=           1=  0.9999999      0.9999999    
:fier                                                                           
 condensation boundary was changed from  0.21500E+01 to  0.21544E+01
*** 4 *** ;egr=  2.1544    
    keff         nu           mu           fi           teta
   1.2128       1.0175       5.9141      0.20599      0.97843    
 s0z(n)=   0.9848346      0.0000000E+00  0.0000000E+00
:corr                                                                           
 consentration was changed-self shilding must be recalculated
 ------------------------------------------------------------------------------
  backling =  0.0000000E+00
 ------------------------------------------------------------------------------
  number of cells =           1
          cell number    1  number of zone= 3
 << geometry characteristics >>
    geometry of cell- cilindrical index=           2
  kratnost of cell =   1.000000    
  inner radius of cell =  0.0000000E+00
  out square ratio =   1.000000    
 ------------------------------------------------------------------------------
 num zone      1           2           3
 radius   0.38650E+00 0.45500E+00 0.74300E+00
 temper   0.12730E+04 0.87300E+03 0.57500E+03
 rez_izot    u238        bad         bad 
 ------------------------------------------------------------------------------
    izotop   /             concentration number of izotops=63
  2 u238     0.16163E-01 0.00000E+00 0.00000E+00
  3 o        0.46376E-01 0.00000E+00 0.31000E-01
  4 fe       0.00000E+00 0.84000E-01 0.15500E-01
  5 *h*      0.00000E+00 0.00000E+00 0.27000E-01
  6 *o*      0.00000E+00 0.00000E+00 0.13500E-01
  8 slag     0.58302E-04 0.00000E+00 0.00000E+00
  9 tc99     0.10122E-04 0.00000E+00 0.00000E+00
 10 rh03     0.10457E-04 0.00000E+00 0.00000E+00
 11 ag09     0.22249E-05 0.00000E+00 0.00000E+00
 12 cd13     0.14249E-06 0.00000E+00 0.00000E+00
 13 xe35     0.24917E-07 0.00000E+00 0.00000E+00
 14 sm49     0.18318E-05 0.00000E+00 0.00000E+00
 15 sm51     0.12490E-05 0.00000E+00 0.00000E+00
 16 eu55     0.28120E-06 0.00000E+00 0.00000E+00
 17 gd55     0.16548E-07 0.00000E+00 0.00000E+00
 18 gd56     0.66024E-07 0.00000E+00 0.00000E+00
 19 gd57     0.11645E-06 0.00000E+00 0.00000E+00
 20 np37     0.17700E-07 0.00000E+00 0.00000E+00
 21 np39     0.79174E-06 0.00000E+00 0.00000E+00
 22 pu38     0.19203E-06 0.00000E+00 0.00000E+00
 23 pu39     0.35168E-02 0.00000E+00 0.00000E+00
 24 pu40     0.16791E-02 0.00000E+00 0.00000E+00
 25 pu41     0.99295E-03 0.00000E+00 0.00000E+00
 26 pu42     0.11295E-04 0.00000E+00 0.00000E+00
 27 am41     0.32184E-04 0.00000E+00 0.00000E+00
 28 am2m     0.86675E-07 0.00000E+00 0.00000E+00
 29 am43     0.32503E-06 0.00000E+00 0.00000E+00
 30 cm42     0.50011E-06 0.00000E+00 0.00000E+00
 31 cm44     0.89174E-08 0.00000E+00 0.00000E+00
 32 cm45     0.63726E-10 0.00000E+00 0.00000E+00
 33 sm52     0.10658E-05 0.00000E+00 0.00000E+00
 34 xe31     0.57004E-05 0.00000E+00 0.00000E+00
 35 cs33     0.11121E-04 0.00000E+00 0.00000E+00
 36 nd45     0.52400E-05 0.00000E+00 0.00000E+00
 37 nd43     0.74137E-05 0.00000E+00 0.00000E+00
 38 pm47     0.31524E-05 0.00000E+00 0.00000E+00
 39 mo95     0.78391E-05 0.00000E+00 0.00000E+00
 40 cs34     0.10421E-06 0.00000E+00 0.00000E+00
 41 pr41     0.87119E-05 0.00000E+00 0.00000E+00
 42 pm48     0.48435E-08 0.00000E+00 0.00000E+00
 43 pm8m     0.25461E-07 0.00000E+00 0.00000E+00
 44 rh05     0.74327E-07 0.00000E+00 0.00000E+00
 45 pm49     0.29662E-07 0.00000E+00 0.00000E+00
 46 kr83     0.47015E-06 0.00000E+00 0.00000E+00
 47 ru01     0.83292E-05 0.00000E+00 0.00000E+00
 48 pd05     0.87532E-05 0.00000E+00 0.00000E+00
 49 cs35     0.11521E-04 0.00000E+00 0.00000E+00
 50 sm50     0.41037E-06 0.00000E+00 0.00000E+00
 51 eu51     0.54656E-08 0.00000E+00 0.00000E+00
 52 eu53     0.45124E-07 0.00000E+00 0.00000E+00
 53 eu54     0.13982E-08 0.00000E+00 0.00000E+00
 54 gd54     0.19851E-10 0.00000E+00 0.00000E+00
 55 am42     0.63716E-08 0.00000E+00 0.00000E+00
 56 cm43     0.21762E-08 0.00000E+00 0.00000E+00
 57 hf       0.13500E-02 0.00000E+00 0.00000E+00
:cont                                                                           
 ------------------------------------------------------------------------------
  backling =  0.0000000E+00
 ------------------------------------------------------------------------------
  number of cells =           1
          cell number    1  number of zone= 3
 << geometry characteristics >>
    geometry of cell- cilindrical index=           2
  kratnost of cell =   1.000000    
  inner radius of cell =  0.0000000E+00
  out square ratio =   1.000000    
 ------------------------------------------------------------------------------
 num zone      1           2           3
 radius   0.38650E+00 0.45500E+00 0.74300E+00
 temper   0.12730E+04 0.87300E+03 0.57500E+03
 rez_izot    u238        bad         bad 
 ------------------------------------------------------------------------------
    izotop   /             concentration number of izotops=63
  2 u238     0.16163E-01 0.00000E+00 0.00000E+00
  3 o        0.46376E-01 0.00000E+00 0.31000E-01
  4 fe       0.00000E+00 0.84000E-01 0.15500E-01
  5 *h*      0.00000E+00 0.00000E+00 0.27000E-01
  6 *o*      0.00000E+00 0.00000E+00 0.13500E-01
  8 slag     0.58302E-04 0.00000E+00 0.00000E+00
  9 tc99     0.10122E-04 0.00000E+00 0.00000E+00
 10 rh03     0.10457E-04 0.00000E+00 0.00000E+00
 11 ag09     0.22249E-05 0.00000E+00 0.00000E+00
 12 cd13     0.14249E-06 0.00000E+00 0.00000E+00
 13 xe35     0.24917E-07 0.00000E+00 0.00000E+00
 14 sm49     0.18318E-05 0.00000E+00 0.00000E+00
 15 sm51     0.12490E-05 0.00000E+00 0.00000E+00
 16 eu55     0.28120E-06 0.00000E+00 0.00000E+00
 17 gd55     0.16548E-07 0.00000E+00 0.00000E+00
 18 gd56     0.66024E-07 0.00000E+00 0.00000E+00
 19 gd57     0.11645E-06 0.00000E+00 0.00000E+00
 20 np37     0.17700E-07 0.00000E+00 0.00000E+00
 21 np39     0.79174E-06 0.00000E+00 0.00000E+00
 22 pu38     0.19203E-06 0.00000E+00 0.00000E+00
 23 pu39     0.35168E-02 0.00000E+00 0.00000E+00
 24 pu40     0.16791E-02 0.00000E+00 0.00000E+00
 25 pu41     0.99295E-03 0.00000E+00 0.00000E+00
 26 pu42     0.11295E-04 0.00000E+00 0.00000E+00
 27 am41     0.32184E-04 0.00000E+00 0.00000E+00
 28 am2m     0.86675E-07 0.00000E+00 0.00000E+00
 29 am43     0.32503E-06 0.00000E+00 0.00000E+00
 30 cm42     0.50011E-06 0.00000E+00 0.00000E+00
 31 cm44     0.89174E-08 0.00000E+00 0.00000E+00
 32 cm45     0.63726E-10 0.00000E+00 0.00000E+00
 33 sm52     0.10658E-05 0.00000E+00 0.00000E+00
 34 xe31     0.57004E-05 0.00000E+00 0.00000E+00
 35 cs33     0.11121E-04 0.00000E+00 0.00000E+00
 36 nd45     0.52400E-05 0.00000E+00 0.00000E+00
 37 nd43     0.74137E-05 0.00000E+00 0.00000E+00
 38 pm47     0.31524E-05 0.00000E+00 0.00000E+00
 39 mo95     0.78391E-05 0.00000E+00 0.00000E+00
 40 cs34     0.10421E-06 0.00000E+00 0.00000E+00
 41 pr41     0.87119E-05 0.00000E+00 0.00000E+00
 42 pm48     0.48435E-08 0.00000E+00 0.00000E+00
 43 pm8m     0.25461E-07 0.00000E+00 0.00000E+00
 44 rh05     0.74327E-07 0.00000E+00 0.00000E+00
 45 pm49     0.29662E-07 0.00000E+00 0.00000E+00
 46 kr83     0.47015E-06 0.00000E+00 0.00000E+00
 47 ru01     0.83292E-05 0.00000E+00 0.00000E+00
 48 pd05     0.87532E-05 0.00000E+00 0.00000E+00
 49 cs35     0.11521E-04 0.00000E+00 0.00000E+00
 50 sm50     0.41037E-06 0.00000E+00 0.00000E+00
 51 eu51     0.54656E-08 0.00000E+00 0.00000E+00
 52 eu53     0.45124E-07 0.00000E+00 0.00000E+00
 53 eu54     0.13982E-08 0.00000E+00 0.00000E+00
 54 gd54     0.19851E-10 0.00000E+00 0.00000E+00
 55 am42     0.63716E-08 0.00000E+00 0.00000E+00
 56 cm43     0.21762E-08 0.00000E+00 0.00000E+00
 57 hf       0.13500E-02 0.00000E+00 0.00000E+00
    > CONSYST Program Ver: 98.01 > started at  0: 0: 0:  
    { Manturov G., E-mail: abbn@ippe.rssi.ru}
 
       -------------------------------
 
       CONSYST INPUT DATA READ FROM : cons.dat
       CONSYST PROTOCOL STORED IN   : RESULT
       GMF X-SECTION'S FILE         : OUT
       TEMPORARY FILE               : RAB
       ABBN BASIC DATA SET FROM     : ..\bin\Bnab90.lib
       ABBN MULTIC DATA SET FROM    : ..\bin\Bnabmlt.lib
       ABBN THERMAL DATA SET FROM   : ..\bin\BNABTHM.lib
 
    >>  K-inf(MLT)= 1.83240 Balance= 1.00359 NU= 3.00 FI-Sum=  6.32E+01
    >   Include Thermal Matrix > H(H2O):BNABTHM.BIN   Temp=  500K
    >   Include Thermal Matrix > H(H2O):BNABTHM.BIN   Temp=  600K
    > CONSYST finished at  0: 0: 0:  
 therm. calculation avoided
 therm. calculation avoided
 therm. calculation avoided
 therm. calculation avoided
 therm. calculation avoided
 therm. calculation avoided
 therm. calculation avoided
 therm. calculation avoided
 therm. calculation avoided
 *************************************************
   ***k(inf)= 1.16346     ***k(itt)= 1.16346     ***k(integ)= 1.16346    ***
   **bakl=  0.0000     **length= 0.10000E+11  ***
   **matr.  alout*alcorr a(k,i)(k=1,ncel) ***
     *  1.0000    
 lokal kner      in cell ,ru=           1=   1.000000       1.000000    
:fier                                                                           
 condensation boundary was changed from  0.21500E+01 to  0.21544E+01
*** 4 *** ;egr=  2.1544    
    keff         nu           mu           fi           teta
   1.1635       1.0072       5.8249      0.20741      0.95613    
 s0z(n)=    1.122106      0.0000000E+00  0.0000000E+00
:burn                                                                           
 *** nuclid chain            :chmc
 *** time from start (day)   :   530.0000    
 *** number of step          :           1
 *** power dens. (mwt/m**3) =    70.60000    
 *** average burn up =   15.319     (mbt*day)/(kg hm)
 *** concentration and burn up in sloy   1   ***
 ***       burn up =     15.319     ***
 ** izotop ** conc       ** flux*10-14     **  sa      ** sf **
      slag  0.12588E-03    2.3548           0.91303      0.0000    
      tc99  0.21251E-04    2.3548            3.0210      0.0000    
      rh03  0.21898E-04    2.3548            4.0493      0.0000    
      ag09  0.45557E-05    2.3548            13.153      0.0000    
      cd13  0.27068E-06    2.3548            40.406      0.0000    
      xe35  0.24847E-07    2.3548            1919.3      0.0000    
      sm49  0.31544E-05    2.3548            83.793      0.0000    
      sm51  0.24235E-05    2.3548            30.297      0.0000    
      eu55  0.48037E-06    2.3548            62.053      0.0000    
      gd55  0.59505E-07    2.3548            38.212      0.0000    
      gd56  0.21961E-06    2.3548            21.094      0.0000    
      gd57  0.20761E-06    2.3548            90.871      0.0000    
      u238  0.16082E-01    2.3548           0.88166     0.10939    
      np37  0.74913E-07    2.3548            9.1012     0.59184    
      np39  0.85467E-06    2.3548            8.6657     0.69319    
      pu38  0.14269E-05    2.3548            4.6519      1.7238    
      pu39  0.34062E-02    2.3548            9.1974      5.8685    
      pu40  0.16897E-02    2.3548            5.7122     0.63012    
      pu41  0.94097E-03    2.3548            11.886      9.5032    
      pu42  0.23763E-04    2.3548            11.409     0.47111    
      am41  0.64015E-04    2.3548            12.376     0.64393    
      am2m  0.36560E-06    2.3548            28.392      24.493    
      am43  0.13687E-05    2.3548            13.260     0.47249    
      cm42  0.16432E-05    2.3548            3.7560      1.1838    
      cm44  0.79321E-07    2.3548            6.6569     0.77959    
      cm45  0.12608E-08    2.3548            12.385      10.913    
      sm52  0.23445E-05    2.3548            18.715      0.0000    
      xe31  0.11729E-04    2.3548            10.311      0.0000    
      cs33  0.23279E-04    2.3548            4.1591      0.0000    
      nd45  0.10979E-04    2.3548            3.2926      0.0000    
      nd43  0.15589E-04    2.3548            2.3332      0.0000    
      pm47  0.57606E-05    2.3548            19.496      0.0000    
      mo95  0.16480E-04    2.3548            2.3717      0.0000    
      cs34  0.44264E-06    2.3548            2.6834      0.0000    
      pr41  0.18401E-04    2.3548           0.55019      0.0000    
      pm48  0.92645E-08    2.3548            30.293      0.0000    
      pm8m  0.55045E-07    2.3548            57.893      0.0000    
      rh05  0.74320E-07    2.3548            134.02      0.0000    
      pm49  0.29570E-07    2.3548            19.496      0.0000    
      kr83  0.98526E-06    2.3548            2.9750      0.0000    
      ru01  0.17518E-04    2.3548            2.3968      0.0000    
      pd05  0.18524E-04    2.3548            2.4636      0.0000    
      cs35  0.24337E-04    2.3548            1.4709      0.0000    
      sm50  0.16135E-05    2.3548            3.3023      0.0000    
      eu51  0.31967E-07    2.3548            30.794      0.0000    
      eu53  0.21499E-06    2.3548            19.927      0.0000    
      eu54  0.13995E-07    2.3548            17.821      0.0000    
      gd54  0.41425E-09    2.3548           0.91303      0.0000    
      am42  0.13265E-07    2.3548           0.91303      0.0000    
      cm43  0.16443E-07    2.3548            22.751      19.975    
 *** nuclid chain            :chad
 *** time from start (day)   :   530.0000    
 *** number of step          :           1
 *** power dens. (mwt/m**3) =    70.60000    
 *** concentration and burn up in sloy   1   ***
 ***       burn up =     5596.3     ***
 ** izotop ** conc       ** flux*10-14     **  sa      ** sf **
      slag  0.12588E-03    2.3548           0.91303      0.0000    
    > CONSYST Program Ver: 98.01 > started at  0: 0: 0:  
    { Manturov G., E-mail: abbn@ippe.rssi.ru}
 
       -------------------------------
 
       CONSYST INPUT DATA READ FROM : cons.dat
       CONSYST PROTOCOL STORED IN   : RESULT
       GMF X-SECTION'S FILE         : OUT
       TEMPORARY FILE               : RAB
       ABBN BASIC DATA SET FROM     : ..\bin\Bnab90.lib
       ABBN MULTIC DATA SET FROM    : ..\bin\Bnabmlt.lib
       ABBN THERMAL DATA SET FROM   : ..\bin\BNABTHM.lib
 
    >>  K-inf(MLT)= 1.80265 Balance= 1.00382 NU= 3.00 FI-Sum=  6.41E+01
    >   Include Thermal Matrix > H(H2O):BNABTHM.BIN   Temp=  500K
    >   Include Thermal Matrix > H(H2O):BNABTHM.BIN   Temp=  600K
    > CONSYST finished at  0: 0: 0:  
 therm. calculation avoided
 therm. calculation avoided
 therm. calculation avoided
 therm. calculation avoided
 therm. calculation avoided
 therm. calculation avoided
 therm. calculation avoided
 therm. calculation avoided
 therm. calculation avoided
 *************************************************
   ***k(inf)= 1.13218     ***k(itt)= 1.13218     ***k(integ)= 1.13218    ***
   **bakl=  0.0000     **length= 0.10000E+11  ***
   **matr.  alout*alcorr a(k,i)(k=1,ncel) ***
     *  1.0000    
 lokal kner      in cell ,ru=           1=   1.000000       1.000000    
:fier                                                                           
 condensation boundary was changed from  0.21500E+01 to  0.21544E+01
*** 4 *** ;egr=  2.1544    
    keff         nu           mu           fi           teta
   1.1322      0.97704       5.8320      0.20776      0.95635    
 s0z(n)=    1.122106      0.0000000E+00  0.0000000E+00
:corr                                                                           
 consentration was changed-self shilding must be recalculated
 ------------------------------------------------------------------------------
  backling =  0.0000000E+00
 ------------------------------------------------------------------------------
  number of cells =           1
          cell number    1  number of zone= 3
 << geometry characteristics >>
    geometry of cell- cilindrical index=           2
  kratnost of cell =   1.000000    
  inner radius of cell =  0.0000000E+00
  out square ratio =   1.000000    
 ------------------------------------------------------------------------------
 num zone      1           2           3
 radius   0.38650E+00 0.45500E+00 0.74300E+00
 temper   0.12730E+04 0.87300E+03 0.57500E+03
 rez_izot    u238        bad         bad 
 ------------------------------------------------------------------------------
    izotop   /             concentration number of izotops=63
  2 u238     0.16082E-01 0.00000E+00 0.00000E+00
  3 o        0.46376E-01 0.00000E+00 0.37000E-01
  4 fe       0.00000E+00 0.84000E-01 0.18500E-01
  5 *h*      0.00000E+00 0.00000E+00 0.27000E-01
  6 *o*      0.00000E+00 0.00000E+00 0.13500E-01
  8 slag     0.12588E-03 0.00000E+00 0.00000E+00
  9 tc99     0.21251E-04 0.00000E+00 0.00000E+00
 10 rh03     0.21898E-04 0.00000E+00 0.00000E+00
 11 ag09     0.45557E-05 0.00000E+00 0.00000E+00
 12 cd13     0.27068E-06 0.00000E+00 0.00000E+00
 13 xe35     0.24847E-07 0.00000E+00 0.00000E+00
 14 sm49     0.31544E-05 0.00000E+00 0.00000E+00
 15 sm51     0.24235E-05 0.00000E+00 0.00000E+00
 16 eu55     0.48037E-06 0.00000E+00 0.00000E+00
 17 gd55     0.59505E-07 0.00000E+00 0.00000E+00
 18 gd56     0.21961E-06 0.00000E+00 0.00000E+00
 19 gd57     0.20761E-06 0.00000E+00 0.00000E+00
 20 np37     0.74913E-07 0.00000E+00 0.00000E+00
 21 np39     0.85467E-06 0.00000E+00 0.00000E+00
 22 pu38     0.14269E-05 0.00000E+00 0.00000E+00
 23 pu39     0.34062E-02 0.00000E+00 0.00000E+00
 24 pu40     0.16897E-02 0.00000E+00 0.00000E+00
 25 pu41     0.94097E-03 0.00000E+00 0.00000E+00
 26 pu42     0.23763E-04 0.00000E+00 0.00000E+00
 27 am41     0.64015E-04 0.00000E+00 0.00000E+00
 28 am2m     0.36560E-06 0.00000E+00 0.00000E+00
 29 am43     0.13687E-05 0.00000E+00 0.00000E+00
 30 cm42     0.16432E-05 0.00000E+00 0.00000E+00
 31 cm44     0.79321E-07 0.00000E+00 0.00000E+00
 32 cm45     0.12608E-08 0.00000E+00 0.00000E+00
 33 sm52     0.23445E-05 0.00000E+00 0.00000E+00
 34 xe31     0.11729E-04 0.00000E+00 0.00000E+00
 35 cs33     0.23279E-04 0.00000E+00 0.00000E+00
 36 nd45     0.10979E-04 0.00000E+00 0.00000E+00
 37 nd43     0.15589E-04 0.00000E+00 0.00000E+00
 38 pm47     0.57606E-05 0.00000E+00 0.00000E+00
 39 mo95     0.16480E-04 0.00000E+00 0.00000E+00
 40 cs34     0.44264E-06 0.00000E+00 0.00000E+00
 41 pr41     0.18401E-04 0.00000E+00 0.00000E+00
 42 pm48     0.92645E-08 0.00000E+00 0.00000E+00
 43 pm8m     0.55045E-07 0.00000E+00 0.00000E+00
 44 rh05     0.74320E-07 0.00000E+00 0.00000E+00
 45 pm49     0.29570E-07 0.00000E+00 0.00000E+00
 46 kr83     0.98526E-06 0.00000E+00 0.00000E+00
 47 ru01     0.17518E-04 0.00000E+00 0.00000E+00
 48 pd05     0.18524E-04 0.00000E+00 0.00000E+00
 49 cs35     0.24337E-04 0.00000E+00 0.00000E+00
 50 sm50     0.16135E-05 0.00000E+00 0.00000E+00
 51 eu51     0.31967E-07 0.00000E+00 0.00000E+00
 52 eu53     0.21499E-06 0.00000E+00 0.00000E+00
 53 eu54     0.13995E-07 0.00000E+00 0.00000E+00
 54 gd54     0.41425E-09 0.00000E+00 0.00000E+00
 55 am42     0.13265E-07 0.00000E+00 0.00000E+00
 56 cm43     0.16443E-07 0.00000E+00 0.00000E+00
 57 hf       0.13500E-02 0.00000E+00 0.00000E+00
:cont                                                                           
 ------------------------------------------------------------------------------
  backling =  0.0000000E+00
 ------------------------------------------------------------------------------
  number of cells =           1
          cell number    1  number of zone= 3
 << geometry characteristics >>
    geometry of cell- cilindrical index=           2
  kratnost of cell =   1.000000    
  inner radius of cell =  0.0000000E+00
  out square ratio =   1.000000    
 ------------------------------------------------------------------------------
 num zone      1           2           3
 radius   0.38650E+00 0.45500E+00 0.74300E+00
 temper   0.12730E+04 0.87300E+03 0.57500E+03
 rez_izot    u238        bad         bad 
 ------------------------------------------------------------------------------
    izotop   /             concentration number of izotops=63
  2 u238     0.16082E-01 0.00000E+00 0.00000E+00
  3 o        0.46376E-01 0.00000E+00 0.37000E-01
  4 fe       0.00000E+00 0.84000E-01 0.18500E-01
  5 *h*      0.00000E+00 0.00000E+00 0.27000E-01
  6 *o*      0.00000E+00 0.00000E+00 0.13500E-01
  8 slag     0.12588E-03 0.00000E+00 0.00000E+00
  9 tc99     0.21251E-04 0.00000E+00 0.00000E+00
 10 rh03     0.21898E-04 0.00000E+00 0.00000E+00
 11 ag09     0.45557E-05 0.00000E+00 0.00000E+00
 12 cd13     0.27068E-06 0.00000E+00 0.00000E+00
 13 xe35     0.24847E-07 0.00000E+00 0.00000E+00
 14 sm49     0.31544E-05 0.00000E+00 0.00000E+00
 15 sm51     0.24235E-05 0.00000E+00 0.00000E+00
 16 eu55     0.48037E-06 0.00000E+00 0.00000E+00
 17 gd55     0.59505E-07 0.00000E+00 0.00000E+00
 18 gd56     0.21961E-06 0.00000E+00 0.00000E+00
 19 gd57     0.20761E-06 0.00000E+00 0.00000E+00
 20 np37     0.74913E-07 0.00000E+00 0.00000E+00
 21 np39     0.85467E-06 0.00000E+00 0.00000E+00
 22 pu38     0.14269E-05 0.00000E+00 0.00000E+00
 23 pu39     0.34062E-02 0.00000E+00 0.00000E+00
 24 pu40     0.16897E-02 0.00000E+00 0.00000E+00
 25 pu41     0.94097E-03 0.00000E+00 0.00000E+00
 26 pu42     0.23763E-04 0.00000E+00 0.00000E+00
 27 am41     0.64015E-04 0.00000E+00 0.00000E+00
 28 am2m     0.36560E-06 0.00000E+00 0.00000E+00
 29 am43     0.13687E-05 0.00000E+00 0.00000E+00
 30 cm42     0.16432E-05 0.00000E+00 0.00000E+00
 31 cm44     0.79321E-07 0.00000E+00 0.00000E+00
 32 cm45     0.12608E-08 0.00000E+00 0.00000E+00
 33 sm52     0.23445E-05 0.00000E+00 0.00000E+00
 34 xe31     0.11729E-04 0.00000E+00 0.00000E+00
 35 cs33     0.23279E-04 0.00000E+00 0.00000E+00
 36 nd45     0.10979E-04 0.00000E+00 0.00000E+00
 37 nd43     0.15589E-04 0.00000E+00 0.00000E+00
 38 pm47     0.57606E-05 0.00000E+00 0.00000E+00
 39 mo95     0.16480E-04 0.00000E+00 0.00000E+00
 40 cs34     0.44264E-06 0.00000E+00 0.00000E+00
 41 pr41     0.18401E-04 0.00000E+00 0.00000E+00
 42 pm48     0.92645E-08 0.00000E+00 0.00000E+00
 43 pm8m     0.55045E-07 0.00000E+00 0.00000E+00
 44 rh05     0.74320E-07 0.00000E+00 0.00000E+00
 45 pm49     0.29570E-07 0.00000E+00 0.00000E+00
 46 kr83     0.98526E-06 0.00000E+00 0.00000E+00
 47 ru01     0.17518E-04 0.00000E+00 0.00000E+00
 48 pd05     0.18524E-04 0.00000E+00 0.00000E+00
 49 cs35     0.24337E-04 0.00000E+00 0.00000E+00
 50 sm50     0.16135E-05 0.00000E+00 0.00000E+00
 51 eu51     0.31967E-07 0.00000E+00 0.00000E+00
 52 eu53     0.21499E-06 0.00000E+00 0.00000E+00
 53 eu54     0.13995E-07 0.00000E+00 0.00000E+00
 54 gd54     0.41425E-09 0.00000E+00 0.00000E+00
 55 am42     0.13265E-07 0.00000E+00 0.00000E+00
 56 cm43     0.16443E-07 0.00000E+00 0.00000E+00
 57 hf       0.13500E-02 0.00000E+00 0.00000E+00
    > CONSYST Program Ver: 98.01 > started at  0: 0: 0:  
    { Manturov G., E-mail: abbn@ippe.rssi.ru}
 
       -------------------------------
 
       CONSYST INPUT DATA READ FROM : cons.dat
       CONSYST PROTOCOL STORED IN   : RESULT
       GMF X-SECTION'S FILE         : OUT
       TEMPORARY FILE               : RAB
       ABBN BASIC DATA SET FROM     : ..\bin\Bnab90.lib
       ABBN MULTIC DATA SET FROM    : ..\bin\Bnabmlt.lib
       ABBN THERMAL DATA SET FROM   : ..\bin\BNABTHM.lib
 
    >>  K-inf(MLT)= 1.80261 Balance= 1.00382 NU= 3.00 FI-Sum=  6.40E+01
    >   Include Thermal Matrix > H(H2O):BNABTHM.BIN   Temp=  500K
    >   Include Thermal Matrix > H(H2O):BNABTHM.BIN   Temp=  600K
    > CONSYST finished at  0: 0: 0:  
 therm. calculation avoided
 therm. calculation avoided
 therm. calculation avoided
 therm. calculation avoided
 therm. calculation avoided
 therm. calculation avoided
 therm. calculation avoided
 therm. calculation avoided
 therm. calculation avoided
 *************************************************
   ***k(inf)= 1.12436     ***k(itt)= 1.12436     ***k(integ)= 1.12436    ***
   **bakl=  0.0000     **length= 0.10000E+11  ***
   **matr.  alout*alcorr a(k,i)(k=1,ncel) ***
     *  1.0000    
 lokal kner      in cell ,ru=           1=   1.000000       1.000000    
:fier                                                                           
 condensation boundary was changed from  0.21500E+01 to  0.21544E+01
*** 4 *** ;egr=  2.1544    
    keff         nu           mu           fi           teta
   1.1244      0.97535       5.8166      0.20813      0.95220    
 s0z(n)=    1.143206      0.0000000E+00  0.0000000E+00
:burn                                                                           
 *** nuclid chain            :chmc
 *** time from start (day)   :   830.0000    
 *** number of step          :           1
 *** power dens. (mwt/m**3) =    70.60000    
 *** average burn up =   24.089     (mbt*day)/(kg hm)
 *** concentration and burn up in sloy   1   ***
 ***       burn up =     24.089     ***
 ** izotop ** conc       ** flux*10-14     **  sa      ** sf **
      slag  0.20095E-03    2.4099           0.92471      0.0000    
      tc99  0.32941E-04    2.4099            3.0184      0.0000    
      rh03  0.33826E-04    2.4099            4.0350      0.0000    
      ag09  0.68417E-05    2.4099            13.090      0.0000    
      cd13  0.37540E-06    2.4099            40.886      0.0000    
      xe35  0.24778E-07    2.4099            1920.4      0.0000    
      sm49  0.39886E-05    2.4099            83.920      0.0000    
      sm51  0.34484E-05    2.4099            30.648      0.0000    
      eu55  0.60705E-06    2.4099            62.169      0.0000    
      gd55  0.11568E-06    2.4099            38.257      0.0000    
      gd56  0.43713E-06    2.4099            21.165      0.0000    
      gd57  0.28110E-06    2.4099            91.155      0.0000    
      u238  0.15992E-01    2.4099           0.89436     0.10717    
      np37  0.17209E-06    2.4099            9.1821     0.58352    
      np39  0.88657E-06    2.4099            8.7627     0.68478    
      pu38  0.42938E-05    2.4099            4.6842      1.7218    
      pu39  0.32896E-02    2.4099            9.3496      5.9512    
      pu40  0.17000E-02    2.4099            5.7311     0.62233    
      pu41  0.89023E-03    2.4099            12.075      9.6421    
      pu42  0.36558E-04    2.4099            10.602     0.46384    
      am41  0.93605E-04    2.4099            12.379     0.63428    
      am2m  0.82238E-06    2.4099            28.648      24.709    
      am43  0.31183E-05    2.4099            13.285     0.46441    
      cm42  0.29778E-05    2.4099            3.7866      1.1768    
      cm44  0.28001E-06    2.4099            6.7201     0.77093    
      cm45  0.71964E-08    2.4099            12.477      10.992    
      sm52  0.37639E-05    2.4099            19.120      0.0000    
      xe31  0.17775E-04    2.4099            10.372      0.0000    
      cs33  0.35954E-04    2.4099            4.1925      0.0000    
      nd45  0.16993E-04    2.4099            3.3474      0.0000    
      nd43  0.24214E-04    2.4099            2.3573      0.0000    
      pm47  0.77628E-05    2.4099            19.410      0.0000    
      mo95  0.25601E-04    2.4099            2.4010      0.0000    
      cs34  0.10103E-05    2.4099            2.7134      0.0000    
      pr41  0.28740E-04    2.4099           0.55678      0.0000    
      pm48  0.12783E-07    2.4099            30.539      0.0000    
      pm8m  0.78585E-07    2.4099            58.500      0.0000    
      rh05  0.74009E-07    2.4099            134.36      0.0000    
      pm49  0.29609E-07    2.4099            19.410      0.0000    
      kr83  0.15278E-05    2.4099            3.0100      0.0000    
      ru01  0.27202E-04    2.4099            2.4282      0.0000    
      pd05  0.28798E-04    2.4099            2.4941      0.0000    
      cs35  0.37915E-04    2.4099            1.4878      0.0000    
      sm50  0.34595E-05    2.4099            3.3535      0.0000    
      eu51  0.92216E-07    2.4099            31.093      0.0000    
      eu53  0.54143E-06    2.4099            20.130      0.0000    
      eu54  0.54462E-07    2.4099            18.030      0.0000    
      gd54  0.25320E-08    2.4099           0.92471      0.0000    
      am42  0.19883E-07    2.4099           0.92471      0.0000    
      cm43  0.49157E-07    2.4099            22.918      20.116    
 *** nuclid chain            :chad
 *** time from start (day)   :   830.0000    
 *** number of step          :           1
 *** power dens. (mwt/m**3) =    70.60000    
 *** concentration and burn up in sloy   1   ***
 ***       burn up =     5486.3     ***
 ** izotop ** conc       ** flux*10-14     **  sa      ** sf **
      slag  0.20095E-03    2.4099           0.92471      0.0000    
    > CONSYST Program Ver: 98.01 > started at  0: 0: 0:  
    { Manturov G., E-mail: abbn@ippe.rssi.ru}
 
       -------------------------------
 
       CONSYST INPUT DATA READ FROM : cons.dat
       CONSYST PROTOCOL STORED IN   : RESULT
       GMF X-SECTION'S FILE         : OUT
       TEMPORARY FILE               : RAB
       ABBN BASIC DATA SET FROM     : ..\bin\Bnab90.lib
       ABBN MULTIC DATA SET FROM    : ..\bin\Bnabmlt.lib
       ABBN THERMAL DATA SET FROM   : ..\bin\BNABTHM.lib
 
    >>  K-inf(MLT)= 1.77150 Balance= 1.00405 NU= 3.00 FI-Sum=  6.49E+01
    >   Include Thermal Matrix > H(H2O):BNABTHM.BIN   Temp=  500K
    >   Include Thermal Matrix > H(H2O):BNABTHM.BIN   Temp=  600K
    > CONSYST finished at  0: 0: 0:  
 therm. calculation avoided
 therm. calculation avoided
 therm. calculation avoided
 therm. calculation avoided
 therm. calculation avoided
 therm. calculation avoided
 therm. calculation avoided
 therm. calculation avoided
 therm. calculation avoided
 *************************************************
   ***k(inf)= 1.09391     ***k(itt)= 1.09391     ***k(integ)= 1.09391    ***
   **bakl=  0.0000     **length= 0.10000E+11  ***
   **matr.  alout*alcorr a(k,i)(k=1,ncel) ***
     *  1.0000    
 lokal kner      in cell ,ru=           1=   1.000000       1.000000    
:fier                                                                           
 condensation boundary was changed from  0.21500E+01 to  0.21544E+01
*** 4 *** ;egr=  2.1544    
    keff         nu           mu           fi           teta
   1.0939      0.94952       5.7940      0.20879      0.95234    
 s0z(n)=    1.143206      0.0000000E+00  0.0000000E+00
:corr                                                                           
 consentration was changed-self shilding must be recalculated
 ------------------------------------------------------------------------------
  backling =  0.0000000E+00
 ------------------------------------------------------------------------------
  number of cells =           1
          cell number    1  number of zone= 3
 << geometry characteristics >>
    geometry of cell- cilindrical index=           2
  kratnost of cell =   1.000000    
  inner radius of cell =  0.0000000E+00
  out square ratio =   1.000000    
 ------------------------------------------------------------------------------
 num zone      1           2           3
 radius   0.38650E+00 0.45500E+00 0.74300E+00
 temper   0.12730E+04 0.87300E+03 0.57500E+03
 rez_izot    u238        bad         bad 
 ------------------------------------------------------------------------------
    izotop   /             concentration number of izotops=63
  2 u238     0.15992E-01 0.00000E+00 0.00000E+00
  3 o        0.46376E-01 0.00000E+00 0.42000E-01
  4 fe       0.00000E+00 0.84000E-01 0.21000E-01
  5 *h*      0.00000E+00 0.00000E+00 0.27000E-01
  6 *o*      0.00000E+00 0.00000E+00 0.13500E-01
  8 slag     0.20095E-03 0.00000E+00 0.00000E+00
  9 tc99     0.32941E-04 0.00000E+00 0.00000E+00
 10 rh03     0.33826E-04 0.00000E+00 0.00000E+00
 11 ag09     0.68417E-05 0.00000E+00 0.00000E+00
 12 cd13     0.37540E-06 0.00000E+00 0.00000E+00
 13 xe35     0.24778E-07 0.00000E+00 0.00000E+00
 14 sm49     0.39886E-05 0.00000E+00 0.00000E+00
 15 sm51     0.34484E-05 0.00000E+00 0.00000E+00
 16 eu55     0.60705E-06 0.00000E+00 0.00000E+00
 17 gd55     0.11568E-06 0.00000E+00 0.00000E+00
 18 gd56     0.43713E-06 0.00000E+00 0.00000E+00
 19 gd57     0.28110E-06 0.00000E+00 0.00000E+00
 20 np37     0.17209E-06 0.00000E+00 0.00000E+00
 21 np39     0.88657E-06 0.00000E+00 0.00000E+00
 22 pu38     0.42938E-05 0.00000E+00 0.00000E+00
 23 pu39     0.32896E-02 0.00000E+00 0.00000E+00
 24 pu40     0.17000E-02 0.00000E+00 0.00000E+00
 25 pu41     0.89023E-03 0.00000E+00 0.00000E+00
 26 pu42     0.36558E-04 0.00000E+00 0.00000E+00
 27 am41     0.93605E-04 0.00000E+00 0.00000E+00
 28 am2m     0.82238E-06 0.00000E+00 0.00000E+00
 29 am43     0.31183E-05 0.00000E+00 0.00000E+00
 30 cm42     0.29778E-05 0.00000E+00 0.00000E+00
 31 cm44     0.28001E-06 0.00000E+00 0.00000E+00
 32 cm45     0.71964E-08 0.00000E+00 0.00000E+00
 33 sm52     0.37639E-05 0.00000E+00 0.00000E+00
 34 xe31     0.17775E-04 0.00000E+00 0.00000E+00
 35 cs33     0.35954E-04 0.00000E+00 0.00000E+00
 36 nd45     0.16993E-04 0.00000E+00 0.00000E+00
 37 nd43     0.24214E-04 0.00000E+00 0.00000E+00
 38 pm47     0.77628E-05 0.00000E+00 0.00000E+00
 39 mo95     0.25601E-04 0.00000E+00 0.00000E+00
 40 cs34     0.10103E-05 0.00000E+00 0.00000E+00
 41 pr41     0.28740E-04 0.00000E+00 0.00000E+00
 42 pm48     0.12783E-07 0.00000E+00 0.00000E+00
 43 pm8m     0.78585E-07 0.00000E+00 0.00000E+00
 44 rh05     0.74009E-07 0.00000E+00 0.00000E+00
 45 pm49     0.29609E-07 0.00000E+00 0.00000E+00
 46 kr83     0.15278E-05 0.00000E+00 0.00000E+00
 47 ru01     0.27202E-04 0.00000E+00 0.00000E+00
 48 pd05     0.28798E-04 0.00000E+00 0.00000E+00
 49 cs35     0.37915E-04 0.00000E+00 0.00000E+00
 50 sm50     0.34595E-05 0.00000E+00 0.00000E+00
 51 eu51     0.92216E-07 0.00000E+00 0.00000E+00
 52 eu53     0.54143E-06 0.00000E+00 0.00000E+00
 53 eu54     0.54462E-07 0.00000E+00 0.00000E+00
 54 gd54     0.25320E-08 0.00000E+00 0.00000E+00
 55 am42     0.19883E-07 0.00000E+00 0.00000E+00
 56 cm43     0.49157E-07 0.00000E+00 0.00000E+00
 57 hf       0.13500E-02 0.00000E+00 0.00000E+00
:cont                                                                           
 ------------------------------------------------------------------------------
  backling =  0.0000000E+00
 ------------------------------------------------------------------------------
  number of cells =           1
          cell number    1  number of zone= 3
 << geometry characteristics >>
    geometry of cell- cilindrical index=           2
  kratnost of cell =   1.000000    
  inner radius of cell =  0.0000000E+00
  out square ratio =   1.000000    
 ------------------------------------------------------------------------------
 num zone      1           2           3
 radius   0.38650E+00 0.45500E+00 0.74300E+00
 temper   0.12730E+04 0.87300E+03 0.57500E+03
 rez_izot    u238        bad         bad 
 ------------------------------------------------------------------------------
    izotop   /             concentration number of izotops=63
  2 u238     0.15992E-01 0.00000E+00 0.00000E+00
  3 o        0.46376E-01 0.00000E+00 0.42000E-01
  4 fe       0.00000E+00 0.84000E-01 0.21000E-01
  5 *h*      0.00000E+00 0.00000E+00 0.27000E-01
  6 *o*      0.00000E+00 0.00000E+00 0.13500E-01
  8 slag     0.20095E-03 0.00000E+00 0.00000E+00
  9 tc99     0.32941E-04 0.00000E+00 0.00000E+00
 10 rh03     0.33826E-04 0.00000E+00 0.00000E+00
 11 ag09     0.68417E-05 0.00000E+00 0.00000E+00
 12 cd13     0.37540E-06 0.00000E+00 0.00000E+00
 13 xe35     0.24778E-07 0.00000E+00 0.00000E+00
 14 sm49     0.39886E-05 0.00000E+00 0.00000E+00
 15 sm51     0.34484E-05 0.00000E+00 0.00000E+00
 16 eu55     0.60705E-06 0.00000E+00 0.00000E+00
 17 gd55     0.11568E-06 0.00000E+00 0.00000E+00
 18 gd56     0.43713E-06 0.00000E+00 0.00000E+00
 19 gd57     0.28110E-06 0.00000E+00 0.00000E+00
 20 np37     0.17209E-06 0.00000E+00 0.00000E+00
 21 np39     0.88657E-06 0.00000E+00 0.00000E+00
 22 pu38     0.42938E-05 0.00000E+00 0.00000E+00
 23 pu39     0.32896E-02 0.00000E+00 0.00000E+00
 24 pu40     0.17000E-02 0.00000E+00 0.00000E+00
 25 pu41     0.89023E-03 0.00000E+00 0.00000E+00
 26 pu42     0.36558E-04 0.00000E+00 0.00000E+00
 27 am41     0.93605E-04 0.00000E+00 0.00000E+00
 28 am2m     0.82238E-06 0.00000E+00 0.00000E+00
 29 am43     0.31183E-05 0.00000E+00 0.00000E+00
 30 cm42     0.29778E-05 0.00000E+00 0.00000E+00
 31 cm44     0.28001E-06 0.00000E+00 0.00000E+00
 32 cm45     0.71964E-08 0.00000E+00 0.00000E+00
 33 sm52     0.37639E-05 0.00000E+00 0.00000E+00
 34 xe31     0.17775E-04 0.00000E+00 0.00000E+00
 35 cs33     0.35954E-04 0.00000E+00 0.00000E+00
 36 nd45     0.16993E-04 0.00000E+00 0.00000E+00
 37 nd43     0.24214E-04 0.00000E+00 0.00000E+00
 38 pm47     0.77628E-05 0.00000E+00 0.00000E+00
 39 mo95     0.25601E-04 0.00000E+00 0.00000E+00
 40 cs34     0.10103E-05 0.00000E+00 0.00000E+00
 41 pr41     0.28740E-04 0.00000E+00 0.00000E+00
 42 pm48     0.12783E-07 0.00000E+00 0.00000E+00
 43 pm8m     0.78585E-07 0.00000E+00 0.00000E+00
 44 rh05     0.74009E-07 0.00000E+00 0.00000E+00
 45 pm49     0.29609E-07 0.00000E+00 0.00000E+00
 46 kr83     0.15278E-05 0.00000E+00 0.00000E+00
 47 ru01     0.27202E-04 0.00000E+00 0.00000E+00
 48 pd05     0.28798E-04 0.00000E+00 0.00000E+00
 49 cs35     0.37915E-04 0.00000E+00 0.00000E+00
 50 sm50     0.34595E-05 0.00000E+00 0.00000E+00
 51 eu51     0.92216E-07 0.00000E+00 0.00000E+00
 52 eu53     0.54143E-06 0.00000E+00 0.00000E+00
 53 eu54     0.54462E-07 0.00000E+00 0.00000E+00
 54 gd54     0.25320E-08 0.00000E+00 0.00000E+00
 55 am42     0.19883E-07 0.00000E+00 0.00000E+00
 56 cm43     0.49157E-07 0.00000E+00 0.00000E+00
 57 hf       0.13500E-02 0.00000E+00 0.00000E+00
    > CONSYST Program Ver: 98.01 > started at  0: 0: 0:  
    { Manturov G., E-mail: abbn@ippe.rssi.ru}
 
       -------------------------------
 
       CONSYST INPUT DATA READ FROM : cons.dat
       CONSYST PROTOCOL STORED IN   : RESULT
       GMF X-SECTION'S FILE         : OUT
       TEMPORARY FILE               : RAB
       ABBN BASIC DATA SET FROM     : ..\bin\Bnab90.lib
       ABBN MULTIC DATA SET FROM    : ..\bin\Bnabmlt.lib
       ABBN THERMAL DATA SET FROM   : ..\bin\BNABTHM.lib
 
    >>  K-inf(MLT)= 1.77147 Balance= 1.00405 NU= 3.00 FI-Sum=  6.49E+01
    >   Include Thermal Matrix > H(H2O):BNABTHM.BIN   Temp=  500K
    >   Include Thermal Matrix > H(H2O):BNABTHM.BIN   Temp=  600K
    > CONSYST finished at  0: 0: 0:  
 therm. calculation avoided
 therm. calculation avoided
 therm. calculation avoided
 therm. calculation avoided
 therm. calculation avoided
 therm. calculation avoided
 therm. calculation avoided
 therm. calculation avoided
 therm. calculation avoided
 *************************************************
   ***k(inf)= 1.08773     ***k(itt)= 1.08773     ***k(integ)= 1.08773    ***
   **bakl=  0.0000     **length= 0.10000E+11  ***
   **matr.  alout*alcorr a(k,i)(k=1,ncel) ***
     *  1.0000    
 lokal kner      in cell ,ru=           1=  0.9999999       1.000000    
:fier                                                                           
 condensation boundary was changed from  0.21500E+01 to  0.21544E+01
*** 4 *** ;egr=  2.1544    
    keff         nu           mu           fi           teta
   1.0877      0.94815       5.7819      0.20910      0.94892    
 s0z(n)=    1.159849      0.0000000E+00  0.0000000E+00
:burn                                                                           
 *** nuclid chain            :chmc
 *** time from start (day)   :   1080.000    
 *** number of step          :           1
 *** power dens. (mwt/m**3) =    70.60000    
 *** average burn up =   31.487     (mbt*day)/(kg hm)
 *** concentration and burn up in sloy   1   ***
 ***       burn up =     31.487     ***
 ** izotop ** conc       ** flux*10-14     **  sa      ** sf **
      slag  0.26581E-03    2.4706           0.93510      0.0000    
      tc99  0.42534E-04    2.4706            3.0175      0.0000    
      rh03  0.43545E-04    2.4706            4.0190      0.0000    
      ag09  0.85948E-05    2.4706            13.044      0.0000    
      cd13  0.44072E-06    2.4706            41.680      0.0000    
      xe35  0.24911E-07    2.4706            1942.8      0.0000    
      sm49  0.43761E-05    2.4706            84.755      0.0000    
      sm51  0.41418E-05    2.4706            31.030      0.0000    
      eu55  0.67191E-06    2.4706            62.401      0.0000    
      gd55  0.16205E-06    2.4706            38.505      0.0000    
      gd56  0.63994E-06    2.4706            21.397      0.0000    
      gd57  0.33302E-06    2.4706            92.298      0.0000    
      u238  0.15915E-01    2.4706           0.90593     0.10539    
      np37  0.27563E-06    2.4706            9.2570     0.57673    
      np39  0.91986E-06    2.4706            8.8510     0.67783    
      pu38  0.78790E-05    2.4706            4.7143      1.7203    
      pu39  0.31934E-02    2.4706            9.5048      6.0373    
      pu40  0.17075E-02    2.4706            5.7494     0.61598    
      pu41  0.85155E-03    2.4706            12.262      9.7791    
      pu42  0.46888E-04    2.4706            9.9239     0.45792    
      am41  0.11497E-03    2.4706            12.406     0.62655    
      am2m  0.12937E-05    2.4706            28.935      24.951    
      am43  0.49676E-05    2.4706            13.295     0.45786    
      cm42  0.40668E-05    2.4706            3.8149      1.1713    
      cm44  0.57847E-06    2.4706            6.7807     0.76397    
      cm45  0.19790E-07    2.4706            12.577      11.078    
      sm52  0.49582E-05    2.4706            19.489      0.0000    
      xe31  0.22510E-04    2.4706            10.429      0.0000    
      cs33  0.46276E-04    2.4706            4.2203      0.0000    
      nd45  0.21916E-04    2.4706            3.3965      0.0000    
      nd43  0.31322E-04    2.4706            2.3805      0.0000    
      pm47  0.89783E-05    2.4706            19.361      0.0000    
      mo95  0.33121E-04    2.4706            2.4265      0.0000    
      cs34  0.16163E-05    2.4706            2.7401      0.0000    
      pr41  0.37359E-04    2.4706           0.56250      0.0000    
      pm48  0.15145E-07    2.4706            30.779      0.0000    
      pm8m  0.94112E-07    2.4706            59.295      0.0000    
      rh05  0.74356E-07    2.4706            134.86      0.0000    
      pm49  0.29869E-07    2.4706            19.361      0.0000    
      kr83  0.19739E-05    2.4706            3.0421      0.0000    
      ru01  0.35174E-04    2.4706            2.4560      0.0000    
      pd05  0.37233E-04    2.4706            2.5211      0.0000    
      cs35  0.49148E-04    2.4706            1.5024      0.0000    
      sm50  0.52839E-05    2.4706            3.3977      0.0000    
      eu51  0.17033E-06    2.4706            31.404      0.0000    
      eu53  0.93068E-06    2.4706            20.317      0.0000    
      eu54  0.12042E-06    2.4706            18.242      0.0000    
      gd54  0.72878E-08    2.4706           0.93510      0.0000    
      am42  0.25117E-07    2.4706           0.93510      0.0000    
      cm43  0.89524E-07    2.4706            23.078      20.253    
 *** nuclid chain            :chad
 *** time from start (day)   :   1080.000    
 *** number of step          :           1
 *** power dens. (mwt/m**3) =    70.60000    
 *** concentration and burn up in sloy   1   ***
 ***       burn up =     5399.2     ***
 ** izotop ** conc       ** flux*10-14     **  sa      ** sf **
      slag  0.26581E-03    2.4706           0.93510      0.0000    
    > CONSYST Program Ver: 98.01 > started at  0: 0: 0:  
    { Manturov G., E-mail: abbn@ippe.rssi.ru}
 
       -------------------------------
 
       CONSYST INPUT DATA READ FROM : cons.dat
       CONSYST PROTOCOL STORED IN   : RESULT
       GMF X-SECTION'S FILE         : OUT
       TEMPORARY FILE               : RAB
       ABBN BASIC DATA SET FROM     : ..\bin\Bnab90.lib
       ABBN MULTIC DATA SET FROM    : ..\bin\Bnabmlt.lib
       ABBN THERMAL DATA SET FROM   : ..\bin\BNABTHM.lib
 
    >>  K-inf(MLT)= 1.74604 Balance= 1.00425 NU= 3.00 FI-Sum=  6.56E+01
    >   Include Thermal Matrix > H(H2O):BNABTHM.BIN   Temp=  500K
    >   Include Thermal Matrix > H(H2O):BNABTHM.BIN   Temp=  600K
    > CONSYST finished at  0: 0: 0:  
 therm. calculation avoided
 therm. calculation avoided
 therm. calculation avoided
 therm. calculation avoided
 therm. calculation avoided
 therm. calculation avoided
 therm. calculation avoided
 therm. calculation avoided
 therm. calculation avoided
 *************************************************
   ***k(inf)= 1.06415     ***k(itt)= 1.06415     ***k(integ)= 1.06415    ***
   **bakl=  0.0000     **length= 0.10000E+11  ***
   **matr.  alout*alcorr a(k,i)(k=1,ncel) ***
     *  1.0000    
 lokal kner      in cell ,ru=           1=   1.000000       1.000000    
:fier                                                                           
 condensation boundary was changed from  0.21500E+01 to  0.21544E+01
*** 4 *** ;egr=  2.1544    
    keff         nu           mu           fi           teta
   1.0641      0.92994       5.7479      0.20978      0.94900    
 s0z(n)=    1.159849      0.0000000E+00  0.0000000E+00
:corr                                                                           
 consentration was changed-self shilding must be recalculated
 ------------------------------------------------------------------------------
  backling =  0.0000000E+00
 ------------------------------------------------------------------------------
  number of cells =           1
          cell number    1  number of zone= 3
 << geometry characteristics >>
    geometry of cell- cilindrical index=           2
  kratnost of cell =   1.000000    
  inner radius of cell =  0.0000000E+00
  out square ratio =   1.000000    
 ------------------------------------------------------------------------------
 num zone      1           2           3
 radius   0.38650E+00 0.45500E+00 0.74300E+00
 temper   0.12730E+04 0.87300E+03 0.57500E+03
 rez_izot    u238        bad         bad 
 ------------------------------------------------------------------------------
    izotop   /             concentration number of izotops=63
  2 u238     0.15915E-01 0.00000E+00 0.00000E+00
  3 o        0.46376E-01 0.00000E+00 0.46000E-01
  4 fe       0.00000E+00 0.84000E-01 0.23300E-01
  5 *h*      0.00000E+00 0.00000E+00 0.27000E-01
  6 *o*      0.00000E+00 0.00000E+00 0.13500E-01
  8 slag     0.26581E-03 0.00000E+00 0.00000E+00
  9 tc99     0.42534E-04 0.00000E+00 0.00000E+00
 10 rh03     0.43545E-04 0.00000E+00 0.00000E+00
 11 ag09     0.85948E-05 0.00000E+00 0.00000E+00
 12 cd13     0.44072E-06 0.00000E+00 0.00000E+00
 13 xe35     0.24911E-07 0.00000E+00 0.00000E+00
 14 sm49     0.43761E-05 0.00000E+00 0.00000E+00
 15 sm51     0.41418E-05 0.00000E+00 0.00000E+00
 16 eu55     0.67191E-06 0.00000E+00 0.00000E+00
 17 gd55     0.16205E-06 0.00000E+00 0.00000E+00
 18 gd56     0.63994E-06 0.00000E+00 0.00000E+00
 19 gd57     0.33302E-06 0.00000E+00 0.00000E+00
 20 np37     0.27563E-06 0.00000E+00 0.00000E+00
 21 np39     0.91986E-06 0.00000E+00 0.00000E+00
 22 pu38     0.78790E-05 0.00000E+00 0.00000E+00
 23 pu39     0.31934E-02 0.00000E+00 0.00000E+00
 24 pu40     0.17075E-02 0.00000E+00 0.00000E+00
 25 pu41     0.85155E-03 0.00000E+00 0.00000E+00
 26 pu42     0.46888E-04 0.00000E+00 0.00000E+00
 27 am41     0.11497E-03 0.00000E+00 0.00000E+00
 28 am2m     0.12937E-05 0.00000E+00 0.00000E+00
 29 am43     0.49676E-05 0.00000E+00 0.00000E+00
 30 cm42     0.40668E-05 0.00000E+00 0.00000E+00
 31 cm44     0.57847E-06 0.00000E+00 0.00000E+00
 32 cm45     0.19790E-07 0.00000E+00 0.00000E+00
 33 sm52     0.49582E-05 0.00000E+00 0.00000E+00
 34 xe31     0.22510E-04 0.00000E+00 0.00000E+00
 35 cs33     0.46276E-04 0.00000E+00 0.00000E+00
 36 nd45     0.21916E-04 0.00000E+00 0.00000E+00
 37 nd43     0.31322E-04 0.00000E+00 0.00000E+00
 38 pm47     0.89783E-05 0.00000E+00 0.00000E+00
 39 mo95     0.33121E-04 0.00000E+00 0.00000E+00
 40 cs34     0.16163E-05 0.00000E+00 0.00000E+00
 41 pr41     0.37359E-04 0.00000E+00 0.00000E+00
 42 pm48     0.15145E-07 0.00000E+00 0.00000E+00
 43 pm8m     0.94112E-07 0.00000E+00 0.00000E+00
 44 rh05     0.74356E-07 0.00000E+00 0.00000E+00
 45 pm49     0.29869E-07 0.00000E+00 0.00000E+00
 46 kr83     0.19739E-05 0.00000E+00 0.00000E+00
 47 ru01     0.35174E-04 0.00000E+00 0.00000E+00
 48 pd05     0.37233E-04 0.00000E+00 0.00000E+00
 49 cs35     0.49148E-04 0.00000E+00 0.00000E+00
 50 sm50     0.52839E-05 0.00000E+00 0.00000E+00
 51 eu51     0.17033E-06 0.00000E+00 0.00000E+00
 52 eu53     0.93068E-06 0.00000E+00 0.00000E+00
 53 eu54     0.12042E-06 0.00000E+00 0.00000E+00
 54 gd54     0.72878E-08 0.00000E+00 0.00000E+00
 55 am42     0.25117E-07 0.00000E+00 0.00000E+00
 56 cm43     0.89524E-07 0.00000E+00 0.00000E+00
 57 hf       0.13500E-02 0.00000E+00 0.00000E+00
:cont                                                                           
 ------------------------------------------------------------------------------
  backling =  0.0000000E+00
 ------------------------------------------------------------------------------
  number of cells =           1
          cell number    1  number of zone= 3
 << geometry characteristics >>
    geometry of cell- cilindrical index=           2
  kratnost of cell =   1.000000    
  inner radius of cell =  0.0000000E+00
  out square ratio =   1.000000    
 ------------------------------------------------------------------------------
 num zone      1           2           3
 radius   0.38650E+00 0.45500E+00 0.74300E+00
 temper   0.12730E+04 0.87300E+03 0.57500E+03
 rez_izot    u238        bad         bad 
 ------------------------------------------------------------------------------
    izotop   /             concentration number of izotops=63
  2 u238     0.15915E-01 0.00000E+00 0.00000E+00
  3 o        0.46376E-01 0.00000E+00 0.46000E-01
  4 fe       0.00000E+00 0.84000E-01 0.23300E-01
  5 *h*      0.00000E+00 0.00000E+00 0.27000E-01
  6 *o*      0.00000E+00 0.00000E+00 0.13500E-01
  8 slag     0.26581E-03 0.00000E+00 0.00000E+00
  9 tc99     0.42534E-04 0.00000E+00 0.00000E+00
 10 rh03     0.43545E-04 0.00000E+00 0.00000E+00
 11 ag09     0.85948E-05 0.00000E+00 0.00000E+00
 12 cd13     0.44072E-06 0.00000E+00 0.00000E+00
 13 xe35     0.24911E-07 0.00000E+00 0.00000E+00
 14 sm49     0.43761E-05 0.00000E+00 0.00000E+00
 15 sm51     0.41418E-05 0.00000E+00 0.00000E+00
 16 eu55     0.67191E-06 0.00000E+00 0.00000E+00
 17 gd55     0.16205E-06 0.00000E+00 0.00000E+00
 18 gd56     0.63994E-06 0.00000E+00 0.00000E+00
 19 gd57     0.33302E-06 0.00000E+00 0.00000E+00
 20 np37     0.27563E-06 0.00000E+00 0.00000E+00
 21 np39     0.91986E-06 0.00000E+00 0.00000E+00
 22 pu38     0.78790E-05 0.00000E+00 0.00000E+00
 23 pu39     0.31934E-02 0.00000E+00 0.00000E+00
 24 pu40     0.17075E-02 0.00000E+00 0.00000E+00
 25 pu41     0.85155E-03 0.00000E+00 0.00000E+00
 26 pu42     0.46888E-04 0.00000E+00 0.00000E+00
 27 am41     0.11497E-03 0.00000E+00 0.00000E+00
 28 am2m     0.12937E-05 0.00000E+00 0.00000E+00
 29 am43     0.49676E-05 0.00000E+00 0.00000E+00
 30 cm42     0.40668E-05 0.00000E+00 0.00000E+00
 31 cm44     0.57847E-06 0.00000E+00 0.00000E+00
 32 cm45     0.19790E-07 0.00000E+00 0.00000E+00
 33 sm52     0.49582E-05 0.00000E+00 0.00000E+00
 34 xe31     0.22510E-04 0.00000E+00 0.00000E+00
 35 cs33     0.46276E-04 0.00000E+00 0.00000E+00
 36 nd45     0.21916E-04 0.00000E+00 0.00000E+00
 37 nd43     0.31322E-04 0.00000E+00 0.00000E+00
 38 pm47     0.89783E-05 0.00000E+00 0.00000E+00
 39 mo95     0.33121E-04 0.00000E+00 0.00000E+00
 40 cs34     0.16163E-05 0.00000E+00 0.00000E+00
 41 pr41     0.37359E-04 0.00000E+00 0.00000E+00
 42 pm48     0.15145E-07 0.00000E+00 0.00000E+00
 43 pm8m     0.94112E-07 0.00000E+00 0.00000E+00
 44 rh05     0.74356E-07 0.00000E+00 0.00000E+00
 45 pm49     0.29869E-07 0.00000E+00 0.00000E+00
 46 kr83     0.19739E-05 0.00000E+00 0.00000E+00
 47 ru01     0.35174E-04 0.00000E+00 0.00000E+00
 48 pd05     0.37233E-04 0.00000E+00 0.00000E+00
 49 cs35     0.49148E-04 0.00000E+00 0.00000E+00
 50 sm50     0.52839E-05 0.00000E+00 0.00000E+00
 51 eu51     0.17033E-06 0.00000E+00 0.00000E+00
 52 eu53     0.93068E-06 0.00000E+00 0.00000E+00
 53 eu54     0.12042E-06 0.00000E+00 0.00000E+00
 54 gd54     0.72878E-08 0.00000E+00 0.00000E+00
 55 am42     0.25117E-07 0.00000E+00 0.00000E+00
 56 cm43     0.89524E-07 0.00000E+00 0.00000E+00
 57 hf       0.13500E-02 0.00000E+00 0.00000E+00
    > CONSYST Program Ver: 98.01 > started at  0: 0: 0:  
    { Manturov G., E-mail: abbn@ippe.rssi.ru}
 
       -------------------------------
 
       CONSYST INPUT DATA READ FROM : cons.dat
       CONSYST PROTOCOL STORED IN   : RESULT
       GMF X-SECTION'S FILE         : OUT
       TEMPORARY FILE               : RAB
       ABBN BASIC DATA SET FROM     : ..\bin\Bnab90.lib
       ABBN MULTIC DATA SET FROM    : ..\bin\Bnabmlt.lib
       ABBN THERMAL DATA SET FROM   : ..\bin\BNABTHM.lib
 
    >>  K-inf(MLT)= 1.74601 Balance= 1.00425 NU= 3.00 FI-Sum=  6.56E+01
    >   Include Thermal Matrix > H(H2O):BNABTHM.BIN   Temp=  500K
    >   Include Thermal Matrix > H(H2O):BNABTHM.BIN   Temp=  600K
    > CONSYST finished at  0: 0: 0:  
 therm. calculation avoided
 therm. calculation avoided
 therm. calculation avoided
 therm. calculation avoided
 therm. calculation avoided
 therm. calculation avoided
 therm. calculation avoided
 therm. calculation avoided
 therm. calculation avoided
 *************************************************
   ***k(inf)= 1.05897     ***k(itt)= 1.05897     ***k(integ)= 1.05897    ***
   **bakl=  0.0000     **length= 0.10000E+11  ***
   **matr.  alout*alcorr a(k,i)(k=1,ncel) ***
     *  1.0000    
 lokal kner      in cell ,ru=           1=  0.9999999       1.000000    
:fier                                                                           
 condensation boundary was changed from  0.21500E+01 to  0.21544E+01
*** 4 *** ;egr=  2.1544    
    keff         nu           mu           fi           teta
   1.0590      0.92870       5.7395      0.21004      0.94589    
 s0z(n)=    1.173724      0.0000000E+00  0.0000000E+00
:burn                                                                           
 *** nuclid chain            :chmc
 *** time from start (day)   :   1280.000    
 *** number of step          :           1
 *** power dens. (mwt/m**3) =    70.60000    
 *** average burn up =   37.467     (mbt*day)/(kg hm)
 *** concentration and burn up in sloy   1   ***
 ***       burn up =     37.467     ***
 ** izotop ** conc       ** flux*10-14     **  sa      ** sf **
      slag  0.31923E-03    2.5208           0.94376      0.0000    
      tc99  0.50110E-04    2.5208            3.0215      0.0000    
      rh03  0.51175E-04    2.5208            4.0122      0.0000    
      ag09  0.99019E-05    2.5208            13.033      0.0000    
      cd13  0.48045E-06    2.5208            42.505      0.0000    
      xe35  0.25045E-07    2.5208            1971.9      0.0000    
      sm49  0.45452E-05    2.5208            85.831      0.0000    
      sm51  0.46022E-05    2.5208            31.387      0.0000    
      eu55  0.70807E-06    2.5208            62.754      0.0000    
      gd55  0.19626E-06    2.5208            38.830      0.0000    
      gd56  0.80833E-06    2.5208            21.669      0.0000    
      gd57  0.37130E-06    2.5208            93.646      0.0000    
      u238  0.15852E-01    2.5208           0.91562     0.10387    
      np37  0.37005E-06    2.5208            9.3237     0.57106    
      np39  0.94790E-06    2.5208            8.9256     0.67205    
      pu38  0.11473E-04    2.5208            4.7410      1.7191    
      pu39  0.31171E-02    2.5208            9.6415      6.1140    
      pu40  0.17129E-02    2.5208            5.7718     0.61068    
      pu41  0.82287E-03    2.5208            12.422      9.8974    
      pu42  0.54963E-04    2.5208            9.4729     0.45297    
      am41  0.13005E-03    2.5208            12.448     0.62018    
      am2m  0.17118E-05    2.5208            29.213      25.185    
      am43  0.66607E-05    2.5208            13.307     0.45239    
      cm42  0.49019E-05    2.5208            3.8385      1.1667    
      cm44  0.91775E-06    2.5208            6.8338     0.75818    
      cm45  0.37842E-07    2.5208            12.674      11.162    
      sm52  0.59050E-05    2.5208            19.794      0.0000    
      xe31  0.26100E-04    2.5208            10.491      0.0000    
      cs33  0.54374E-04    2.5208            4.2447      0.0000    
      nd45  0.25793E-04    2.5208            3.4372      0.0000    
      nd43  0.36954E-04    2.5208            2.4013      0.0000    
      pm47  0.97244E-05    2.5208            19.366      0.0000    
      mo95  0.39082E-04    2.5208            2.4482      0.0000    
      cs34  0.21748E-05    2.5208            2.7628      0.0000    
      pr41  0.44256E-04    2.5208           0.56726      0.0000    
      pm48  0.16756E-07    2.5208            31.010      0.0000    
      pm8m  0.10454E-06    2.5208            60.091      0.0000    
      rh05  0.74729E-07    2.5208            135.51      0.0000    
      pm49  0.30107E-07    2.5208            19.366      0.0000    
      kr83  0.23267E-05    2.5208            3.0693      0.0000    
      ru01  0.41485E-04    2.5208            2.4791      0.0000    
      pd05  0.43898E-04    2.5208            2.5435      0.0000    
      cs35  0.58080E-04    2.5208            1.5147      0.0000    
      sm50  0.68665E-05    2.5208            3.4338      0.0000    
      eu51  0.25128E-06    2.5208            31.702      0.0000    
      eu53  0.13185E-05    2.5208            20.484      0.0000    
      eu54  0.20049E-06    2.5208            18.433      0.0000    
      gd54  0.14389E-07    2.5208           0.94376      0.0000    
      am42  0.29115E-07    2.5208           0.94376      0.0000    
      cm43  0.12943E-06    2.5208            23.232      20.384    
 *** nuclid chain            :chad
 *** time from start (day)   :   1280.000    
 *** number of step          :           1
 *** power dens. (mwt/m**3) =    70.60000    
 *** concentration and burn up in sloy   1   ***
 ***       burn up =     5332.2     ***
 ** izotop ** conc       ** flux*10-14     **  sa      ** sf **
      slag  0.31923E-03    2.5208           0.94376      0.0000    
    > CONSYST Program Ver: 98.01 > started at  0: 0: 0:  
    { Manturov G., E-mail: abbn@ippe.rssi.ru}
 
       -------------------------------
 
       CONSYST INPUT DATA READ FROM : cons.dat
       CONSYST PROTOCOL STORED IN   : RESULT
       GMF X-SECTION'S FILE         : OUT
       TEMPORARY FILE               : RAB
       ABBN BASIC DATA SET FROM     : ..\bin\Bnab90.lib
       ABBN MULTIC DATA SET FROM    : ..\bin\Bnabmlt.lib
       ABBN THERMAL DATA SET FROM   : ..\bin\BNABTHM.lib
 
    >>  K-inf(MLT)= 1.72599 Balance= 1.00441 NU= 3.00 FI-Sum=  6.62E+01
    >   Include Thermal Matrix > H(H2O):BNABTHM.BIN   Temp=  500K
    >   Include Thermal Matrix > H(H2O):BNABTHM.BIN   Temp=  600K
    > CONSYST finished at  0: 0: 0:  
 therm. calculation avoided
 therm. calculation avoided
 therm. calculation avoided
 therm. calculation avoided
 therm. calculation avoided
 therm. calculation avoided
 therm. calculation avoided
 therm. calculation avoided
 therm. calculation avoided
 *************************************************
   ***k(inf)= 1.04108     ***k(itt)= 1.04108     ***k(integ)= 1.04108    ***
   **bakl=  0.0000     **length= 0.10000E+11  ***
   **matr.  alout*alcorr a(k,i)(k=1,ncel) ***
     *  1.0000    
 lokal kner      in cell ,ru=           1=   1.000000      0.9999999    
:fier                                                                           
 condensation boundary was changed from  0.21500E+01 to  0.21544E+01
*** 4 *** ;egr=  2.1544    
    keff         nu           mu           fi           teta
   1.0411      0.91576       5.7054      0.21065      0.94592    
 s0z(n)=    1.173724      0.0000000E+00  0.0000000E+00
:stop                                                                           
