 *****          file of input data set *******
 *****          file of input data set *******
:poly
 &vvod
   ig=3,
   rcel(1,1)=1.0,
   ncelsos(1,1)=1,
@----------------------------------------------------------------------
 t=293.0,
 troiz=
 @ izotop    / concentration /
 @ u235  @  1.12628e-05,
 @ u238  @  1.01365e-04,
 @ n     @   1.12628e-04,
 @ c     @   1.12628e-01,
@----------------------------------------------------------------------
 material(1)='chmc',
 &end
u235
u238
n
c
****
:corr
 &vvod &end
:fier
 &vvod &end
:macro
 &vvod
  et=10.5e+6,2.15,2.15,0.,
 &end
:micro
 &vvod
  et=10.5e+6,2.15,2.15,0.,
 &end
:stop
@----------------------------------------------------------------------
 ***** end of   file of input data set *******
:poly                                                                           
  rout and rin were constructed
Rout= 1.000,
Rin = 0.000,
  nsos  was constructed
nsos=  1,
 definition izotr in sos           1:izotr=   2.000000    
  *******<< check input data>> programm declare *******
    --undeclared parametr--cefzad  -- programm standart value --cefzad  =  0.100000E+01
  *******<< check input data>> programm declare *******
    --undeclared parametr--bakl    -- programm standart value --bakl    =  0.000000E+00
  *******<< check input data>> programm declare *******
    --undeclared parametr--alin    -- programm standart value --alin    =  0.000000E+00
  *******<< check input data>> programm declare *******
    --undeclared parametr--alout   -- programm standart value --alout   =  0.100000E+01
  *******<< check input data>> programm declare *******
    --undeclared parametr--alcorr  -- programm standart value --alcorr  =  0.100000E+01
  *******<< check input data>> programm declare *******
    --undeclared parametr--nbv     -- programm standart value --nbv     =    1
  *******<< check input data>> programm declare *******
    --undeclared parametr--et      -- programm standart value --et      =  0.105000E+08  0.215000E+01
     0.215000E+01  0.000000E+00
    ????  storage for pr. getter =      100 ?? common /rrr/ rab(        0 )  ????
 ------------------------------------------------------------------------------
  backling =  0.0000000E+00
 ------------------------------------------------------------------------------
  number of cells =           1
          cell number    1  number of zone= 1
 << geometry characteristics >>
    geometry of cell- sphere      index=           3
  kratnost of cell =   1.000000    
  inner radius of cell =  0.0000000E+00
  out square ratio =   1.000000    
 ------------------------------------------------------------------------------
 num zone      1
 radius   0.10000E+01
 temper   0.29300E+03
 rez_izot    u238
 ------------------------------------------------------------------------------
    izotop   /             concentration number of izotops=60
  1 u235     0.11263E-04
  2 u238     0.10137E-03
  3 n        0.11263E-03
  4 c        0.11263E+00
    > CONSYST Program Ver: 98.01 > started at  0: 0: 0:  
    { Manturov G., E-mail: abbn@ippe.rssi.ru}
 
       -------------------------------
 
       CONSYST INPUT DATA READ FROM : cons.dat
       CONSYST PROTOCOL STORED IN   : RESULT
       GMF X-SECTION'S FILE         : OUT
       TEMPORARY FILE               : RAB
       ABBN BASIC DATA SET FROM     : ..\bin\Bnab90.lib
       ABBN MULTIC DATA SET FROM    : ..\bin\Bnabmlt.lib
       ABBN THERMAL DATA SET FROM   : ..\bin\BNABTHM.lib
 
    >>  K-inf(MLT)= 1.46755 Balance= 1.00684 NU= 2.63 FI-Sum=  2.10E+02
    > CONSYST finished at  0: 0: 0:  
 upper scatt bound=         297  2.1544299E-03
 therm. calculation avoided
 therm. calculation avoided
 therm. calculation avoided
 therm. calculation avoided
 therm. calculation avoided
 therm. calculation avoided
 therm. calculation avoided
 therm. calculation avoided
 therm. calculation avoided
 *************************************************
   ***k(inf)= 2.01367     ***k(itt)= 2.01367     ***k(integ)= 2.01367    ***
   **bakl=  0.0000     **length= 0.10000E+11  ***
   **matr.  alout*alcorr a(k,i)(k=1,ncel) ***
     *  1.0000    
 lokal kner      in cell ,ru=           1=   1.000000       1.000000    
:corr                                                                           
 ------------------------------------------------------------------------------
  backling =  0.0000000E+00
 ------------------------------------------------------------------------------
  number of cells =           1
          cell number    1  number of zone= 1
 << geometry characteristics >>
    geometry of cell- sphere      index=           3
  kratnost of cell =   1.000000    
  inner radius of cell =  0.0000000E+00
  out square ratio =   1.000000    
 ------------------------------------------------------------------------------
 num zone      1
 radius   0.10000E+01
 temper   0.29300E+03
 rez_izot    u238
 ------------------------------------------------------------------------------
    izotop   /             concentration number of izotops=60
  1 u235     0.11263E-04
  2 u238     0.10137E-03
  3 n        0.11263E-03
  4 c        0.11263E+00
:fier                                                                           
 condensation boundary was changed from  0.21500E+01 to  0.21544E+01
*** 4 *** ;egr=  2.1544    
    keff         nu           mu           fi           teta
   2.0137       2.4529       1.0321      0.79540       1.0000    
 s0z(n)=   0.0000000E+00
:macro                                                                          
 condensation boundary was changed from  0.21500E+01 to  0.21544E+01
 condensation boundary was changed from  0.21500E+01 to  0.21544E+01
    -------------------------------------------------------------------------------
    * n group   * e(i)        * e(i+1)      *spect neutron fission  *
          1       0.10500E+08    2.1544           0.99905    
          2        2.1544        0.0000           0.13817E-08
    *******************************************************************************
                                       **    macro cross section    **
    *******************************************************************************
    ** n zone    1 vzone=  4.1888     /  1
*grp*flux 1/cm2c  * stotal      * sabs        * sfis.       * nu$sfis.    * 1/3*strans  *1/aver.veloci*aver power
  1   41.19378     0.4778155     0.1185084E-02 0.1485677E-03 0.3631149E-03 0.8008115     0.1001707E-04 0.3064043     0.4036505E-01
  2   8.699763     0.5578539     0.2182687E-01 0.1672435E-01 0.5353824E-01 0.6052593     0.3291885E-03  2.452859     0.9596349    
                                       * matric. scat.cross. sec. from i to j  *
       i / j -->            1           2
       i        1 0.4720209     0.4609629E-02
       i        2  0.000000     0.5360271    
:micro                                                                          
 condensation boundary was changed from  0.21500E+01 to  0.21544E+01
 condensation boundary was changed from  0.21500E+01 to  0.21544E+01
    -------------------------------------------------------------------------------
    * n group   * e(i)        * e(i+1)
          1       0.10500E+08    2.1544    
          2        2.1544       0.10000E-04
    ---------------------------------------------------------------------------
         ** microcrossection  ** in   1  zone **v=  4.1888    /  1
    * n group  * izotop  * at.mas      *dens         *flux 1/cm2c  * capture   * fission  *    * production *
          1       u235     235.00        0.11263E-04    41.194        19.954          12.831         0.0000    
          2       u235     235.00        0.11263E-04    8.6998        1737.6          1484.9         0.0000    
          1       u238     238.00        0.10137E-03    41.194        9.3049         0.39955E-01     0.0000    
          2       u238     238.00        0.10137E-03    8.6998        7.0186          0.0000         0.0000    
          1       n         14.00        0.11263E-03    41.194       0.40239E-01      0.0000         0.0000    
          2       n         14.00        0.11263E-03    8.6998        4.9495          0.0000         0.0000    
          1       c         12.00        0.11263        41.194       0.11203E-03      0.0000         0.0000    
          2       c         12.00        0.11263        8.6998       0.87741E-02      0.0000         0.0000    
          1       fp35     116.00         0.0000        41.194       0.60711          0.0000         0.0000    
          2       fp35     116.00         0.0000        8.6998        23.085          0.0000         0.0000    
          1       fp39     116.00         0.0000        41.194       0.60711          0.0000         0.0000    
          2       fp39     116.00         0.0000        8.6998        23.085          0.0000         0.0000    
          1       u236     236.00         0.0000        41.194        19.507         0.32866         0.0000    
          2       u236     236.00         0.0000        8.6998        13.130         0.17600         0.0000    
          1       slag     116.00         0.0000        41.194        2.2489          0.0000         0.0000    
          2       slag     116.00         0.0000        8.6998        20.197          0.0000         0.0000    
          1       tc99      99.00         0.0000        41.194        17.149          0.0000         0.0000    
          2       tc99      99.00         0.0000        8.6998        51.372          0.0000         0.0000    
          1       rh03     103.00         0.0000        41.194        2.3105          0.0000         0.0000    
          2       rh03     103.00         0.0000        8.6998        633.82          0.0000         0.0000    
          1       ag09     109.00         0.0000        41.194        79.122          0.0000         0.0000    
          2       ag09     109.00         0.0000        8.6998        237.35          0.0000         0.0000    
          1       cd13     113.00         0.0000        41.194        2.5567          0.0000         0.0000    
          2       cd13     113.00         0.0000        8.6998        53332.          0.0000         0.0000    
          1       xe35     135.00         0.0000        41.194        9.1524          0.0000         0.0000    
          2       xe35     135.00         0.0000        8.6998       0.31163E+08      0.0000         0.0000    
          1       sm49     149.00         0.0000        41.194        70.085          0.0000         0.0000    
          2       sm49     149.00         0.0000        8.6998       0.10067E+06      0.0000         0.0000    
          1       sm51     151.00         0.0000        41.194        80.170          0.0000         0.0000    
          2       sm51     151.00         0.0000        8.6998        37960.          0.0000         0.0000    
          1       eu55     155.00         0.0000        41.194        23.184          0.0000         0.0000    
          2       eu55     155.00         0.0000        8.6998        13989.          0.0000         0.0000    
          1       gd55     155.00         0.0000        41.194        75.035          0.0000         0.0000    
          2       gd55     155.00         0.0000        8.6998       0.14937E+06      0.0000         0.0000    
          1       gd56     156.00         0.0000        41.194        18.782          0.0000         0.0000    
          2       gd56     156.00         0.0000        8.6998       0.12000E+06      0.0000         0.0000    
          1       gd57     157.00         0.0000        41.194        28.604          0.0000         0.0000    
          2       gd57     157.00         0.0000        8.6998       0.62886E+06      0.0000         0.0000    
          1       np37     237.00         0.0000        41.194        22.460         0.27471         0.0000    
          2       np37     237.00         0.0000        8.6998        540.94         0.45934E-01     0.0000    
          1       np39     239.00         0.0000        41.194        26.958         0.31515         0.0000    
          2       np39     239.00         0.0000        8.6998        95.245          0.0000         0.0000    
          1       pu38     238.00         0.0000        41.194        9.5975          1.8835         0.0000    
          2       pu38     238.00         0.0000        8.6998        1401.0          42.777         0.0000    
          1       pu39     239.00         0.0000        41.194        23.787          13.895         0.0000    
          2       pu39     239.00         0.0000        8.6998        3054.1          2170.1         0.0000    
          1       pu40     240.00         0.0000        41.194        9.9615         0.37196         0.0000    
          2       pu40     240.00         0.0000        8.6998        2864.0         0.57267         0.0000    
          1       pu41     241.00         0.0000        41.194        41.415          32.687         0.0000    
          2       pu41     241.00         0.0000        8.6998        3604.9          2645.8         0.0000    
          1       pu42     242.00         0.0000        41.194        60.638         0.21784         0.0000    
          2       pu42     242.00         0.0000        8.6998        51.321         0.29840E-02     0.0000    
          1       am41     241.00         0.0000        41.194        25.831         0.37616         0.0000    
          2       am41     241.00         0.0000        8.6998        1963.2          10.820         0.0000    
          1       am2m     242.00         0.0000        41.194        66.625          57.445         0.0000    
          2       am2m     242.00         0.0000        8.6998        20377.          16954.         0.0000    
          1       am43     243.00         0.0000        41.194        24.790         0.20161         0.0000    
          2       am43     243.00         0.0000        8.6998        553.01          0.0000         0.0000    
          1       cm42     242.00         0.0000        41.194        8.2599          1.0790         0.0000    
          2       cm42     242.00         0.0000        8.6998        48.116          6.2488         0.0000    
          1       cm44     244.00         0.0000        41.194        36.789         0.63628         0.0000    
          2       cm44     244.00         0.0000        8.6998        42.080          2.6403         0.0000    
          1       cm45     245.00         0.0000        41.194        32.502          28.643         0.0000    
          2       cm45     245.00         0.0000        8.6998        6440.2          5473.3         0.0000    
          1       th32     232.00         0.0000        41.194        5.4533         0.95395E-02     0.0000    
          2       th32     232.00         0.0000        8.6998        18.940          0.0000         0.0000    
          1       pa33     233.00         0.0000        41.194        23.712         0.61841E-01     0.0000    
          2       pa33     233.00         0.0000        8.6998        220.32          0.0000         0.0000    
          1       u233     233.00         0.0000        41.194        29.511          24.713         0.0000    
          2       u233     233.00         0.0000        8.6998        1554.8          1426.3         0.0000    
          1       u234     234.00         0.0000        41.194        37.519         0.27444         0.0000    
          2       u234     234.00         0.0000        8.6998        262.68          1.1739         0.0000    
          1       sm52     152.00         0.0000        41.194        160.71          0.0000         0.0000    
          2       sm52     152.00         0.0000        8.6998        535.57          0.0000         0.0000    
          1       xe31     131.00         0.0000        41.194        52.816          0.0000         0.0000    
          2       xe31     131.00         0.0000        8.6998        219.92          0.0000         0.0000    
          1       cs33     133.00         0.0000        41.194        22.264          0.0000         0.0000    
          2       cs33     133.00         0.0000        8.6998        75.350          0.0000         0.0000    
          1       nd45     145.00         0.0000        41.194        11.507          0.0000         0.0000    
          2       nd45     145.00         0.0000        8.6998        113.06          0.0000         0.0000    
          1       nd43     143.00         0.0000        41.194        4.6278          0.0000         0.0000    
          2       nd43     143.00         0.0000        8.6998        830.64          0.0000         0.0000    
          1       pm47     147.00         0.0000        41.194        120.64          0.0000         0.0000    
          2       pm47     147.00         0.0000        8.6998        432.56          0.0000         0.0000    
          1       mo95      95.00         0.0000        41.194        7.4744          0.0000         0.0000    
          2       mo95      95.00         0.0000        8.6998        36.036          0.0000         0.0000    
          1       cs34     134.00         0.0000        41.194        4.9914          0.0000         0.0000    
          2       cs34     134.00         0.0000        8.6998        358.81          0.0000         0.0000    
          1       pr41     141.00         0.0000        41.194        1.0459          0.0000         0.0000    
          2       pr41     141.00         0.0000        8.6998        29.596          0.0000         0.0000    
          1       pm48     148.00         0.0000        41.194        110.64          0.0000         0.0000    
          2       pm48     148.00         0.0000        8.6998        5315.1          0.0000         0.0000    
          1       pm8m     148.00         0.0000        41.194        103.68          0.0000         0.0000    
          2       pm8m     148.00         0.0000        8.6998        27648.          0.0000         0.0000    
          1       rh05     105.00         0.0000        41.194        747.49          0.0000         0.0000    
          2       rh05     105.00         0.0000        8.6998        40954.          0.0000         0.0000    
          1       pm49     149.00         0.0000        41.194        120.64          0.0000         0.0000    
          2       pm49     149.00         0.0000        8.6998        432.56          0.0000         0.0000    
          1       kr83      83.00         0.0000        41.194        7.5464          0.0000         0.0000    
          2       kr83      83.00         0.0000        8.6998        458.33          0.0000         0.0000    
          1       ru01     101.00         0.0000        41.194        6.3154          0.0000         0.0000    
          2       ru01     101.00         0.0000        8.6998        8.6815          0.0000         0.0000    
          1       pd05     105.00         0.0000        41.194        5.8349          0.0000         0.0000    
          2       pd05     105.00         0.0000        8.6998        52.075          0.0000         0.0000    
          1       cs35     135.00         0.0000        41.194        3.9686          0.0000         0.0000    
          2       cs35     135.00         0.0000        8.6998        22.416          0.0000         0.0000    
          1       sm50     150.00         0.0000        41.194        17.752          0.0000         0.0000    
          2       sm50     150.00         0.0000        8.6998        276.73          0.0000         0.0000    
          1       eu51     152.00         0.0000        41.194        82.719          0.0000         0.0000    
          2       eu51     152.00         0.0000        8.6998        12319.          0.0000         0.0000    
          1       eu53     153.00         0.0000        41.194        76.061          0.0000         0.0000    
          2       eu53     153.00         0.0000        8.6998        808.74          0.0000         0.0000    
          1       eu54     154.00         0.0000        41.194        44.517          0.0000         0.0000    
          2       eu54     154.00         0.0000        8.6998        4844.8          0.0000         0.0000    
          1       gd54     154.00         0.0000        41.194        2.2489          0.0000         0.0000    
          2       gd54     154.00         0.0000        8.6998        20.197          0.0000         0.0000    
          1       am42     242.00         0.0000        41.194        2.2489          0.0000         0.0000    
          2       am42     242.00         0.0000        8.6998        20.197          0.0000         0.0000    
          1       cm43     243.00         0.0000        41.194        82.985          71.985         0.0000    
          2       cm43     243.00         0.0000        8.6998        2082.4          1921.6         0.0000    
:stop                                                                           
