 *****          file of input data set *******
 *****          file of input data set *******
:poly
 &vvod
   ig=1,
   rcel(1,1)=8e+00,
   ncelsos(1,1)=1,
@----------------------------------------------------------------------
 t=293.0,
 troiz=
 @ izotop    / concentration /
 @ u235  @   1.09e-04,
 @ u238  @   4.43e-03,
 @ o     @   9.07e-03,
 @ *h*   @   5.44e-02,
 @ *o*   @   2.72e-02,
@----------------------------------------------------------------------
material(1)='chmc',
 &end
u235
u238
o
*h*
*o*
****
:corr
 &vvod &end
:fier
 &vvod &end
:macro
 &vvod
  et=10.5e+6,2.15,2.15,0.,
 &end
:micro
 &vvod
  et=10.5e+6,2.15,2.15,0.,
 &end
:stop
@----------------------------------------------------------------------
 ***** end of   file of input data set *******
:poly                                                                           
  rout and rin were constructed
Rout= 8.000,
Rin = 0.000,
  nsos  was constructed
nsos=  1,
 definition izotr in sos           1:izotr=   2.000000    
  *******<< check input data>> programm declare *******
    --undeclared parametr--cefzad  -- programm standart value --cefzad  =  0.100000E+01
  *******<< check input data>> programm declare *******
    --undeclared parametr--bakl    -- programm standart value --bakl    =  0.000000E+00
  *******<< check input data>> programm declare *******
    --undeclared parametr--alin    -- programm standart value --alin    =  0.000000E+00
  *******<< check input data>> programm declare *******
    --undeclared parametr--alout   -- programm standart value --alout   =  0.100000E+01
  *******<< check input data>> programm declare *******
    --undeclared parametr--alcorr  -- programm standart value --alcorr  =  0.100000E+01
  *******<< check input data>> programm declare *******
    --undeclared parametr--nbv     -- programm standart value --nbv     =    1
  *******<< check input data>> programm declare *******
    --undeclared parametr--et      -- programm standart value --et      =  0.105000E+08  0.215000E+01
     0.215000E+01  0.000000E+00
    ????  storage for pr. getter =      100 ?? common /rrr/ rab(        0 )  ????
 ------------------------------------------------------------------------------
  backling =  0.0000000E+00
 ------------------------------------------------------------------------------
  number of cells =           1
          cell number    1  number of zone= 1
 << geometry characteristics >>
    geometry of cell- slab        index=           1
  kratnost of cell =   1.000000    
  inner radius of cell =  0.0000000E+00
  out square ratio =   1.000000    
 ------------------------------------------------------------------------------
 num zone      1
 radius   0.80000E+01
 temper   0.29300E+03
 rez_izot    u238
 ------------------------------------------------------------------------------
    izotop   /             concentration number of izotops=61
  1 u235     0.10900E-03
  2 u238     0.44300E-02
  3 o        0.90700E-02
  4 *h*      0.54400E-01
  5 *o*      0.27200E-01
    > CONSYST Program Ver: 98.01 > started at  0: 0: 0:  
    { Manturov G., E-mail: abbn@ippe.rssi.ru}
 
       -------------------------------
 
       CONSYST INPUT DATA READ FROM : cons.dat
       CONSYST PROTOCOL STORED IN   : RESULT
       GMF X-SECTION'S FILE         : OUT
       TEMPORARY FILE               : RAB
       ABBN BASIC DATA SET FROM     : ..\bin\Bnab90.lib
       ABBN MULTIC DATA SET FROM    : ..\bin\Bnabmlt.lib
       ABBN THERMAL DATA SET FROM   : ..\bin\BNABTHM.lib
 
    >   Include Thermal Matrix > H(H2O):BNABTHM.BIN   Temp=  300K
    >   Include Thermal Matrix > H(H2O):BNABTHM.BIN   Temp=  350K
    >>  K-inf(MLT)= 1.24686 Balance= 1.00042 NU= 2.64 FI-Sum=  3.28E+01
    > CONSYST finished at  0: 0: 0:  
 therm. calculation avoided
 therm. calculation avoided
 therm. calculation avoided
 therm. calculation avoided
 therm. calculation avoided
 therm. calculation avoided
 therm. calculation avoided
 therm. calculation avoided
 therm. calculation avoided
 *************************************************
   ***k(inf)= 1.16678     ***k(itt)=0.453530     ***k(integ)= 1.16678    ***
   **bakl=  0.0000     **length= 0.10000E+11  ***
   **matr.  alout*alcorr a(k,i)(k=1,ncel) ***
     *  1.0000    
 lokal kner      in cell ,ru=           1=   1.000000       1.000000    
:corr                                                                           
 ------------------------------------------------------------------------------
  backling =  0.0000000E+00
 ------------------------------------------------------------------------------
  number of cells =           1
          cell number    1  number of zone= 1
 << geometry characteristics >>
    geometry of cell- slab        index=           1
  kratnost of cell =   1.000000    
  inner radius of cell =  0.0000000E+00
  out square ratio =   1.000000    
 ------------------------------------------------------------------------------
 num zone      1
 radius   0.80000E+01
 temper   0.29300E+03
 rez_izot    u238
 ------------------------------------------------------------------------------
    izotop   /             concentration number of izotops=61
  1 u235     0.10900E-03
  2 u238     0.44300E-02
  3 o        0.90700E-02
  4 *h*      0.54400E-01
  5 *o*      0.27200E-01
:fier                                                                           
 condensation boundary was changed from  0.21500E+01 to  0.21544E+01
*** 4 *** ;egr=  2.1544    
    keff         nu           mu           fi           teta
   1.1668       1.4542       1.1317      0.70896       1.0000    
 s0z(n)=   0.0000000E+00
:macro                                                                          
 condensation boundary was changed from  0.21500E+01 to  0.21544E+01
 condensation boundary was changed from  0.21500E+01 to  0.21544E+01
    -------------------------------------------------------------------------------
    * n group   * e(i)        * e(i+1)      *spect neutron fission  *
          1       0.10500E+08    2.1544           0.99905    
          2        2.1544        0.0000           0.13798E-08
    *******************************************************************************
                                       **    macro cross section    **
    *******************************************************************************
    ** n zone    1 vzone=  8.0000     /  1
*grp*flux 1/cm2c  * stotal      * sabs        * sfis.       * nu$sfis.    * 1/3*strans  *1/aver.veloci*aver power
  1   2.007731     0.7189617     0.7890816E-02 0.1392455E-02 0.3675393E-02  1.267655     0.4384153E-06 0.4657811     0.1079826    
  2  0.5700245      2.274005     0.6776031E-01 0.4051471E-01 0.9853708E-01 0.2114002     0.1384631E-04  1.454201     0.8920174    
                                       * matric. scat.cross. sec. from i to j  *
       i / j -->            1           2
       i        1 0.6828139     0.2825696E-01
       i        2 0.2329217E-04  2.206222    
:micro                                                                          
 condensation boundary was changed from  0.21500E+01 to  0.21544E+01
 condensation boundary was changed from  0.21500E+01 to  0.21544E+01
    -------------------------------------------------------------------------------
    * n group   * e(i)        * e(i+1)
          1       0.10500E+08    2.1544    
          2        2.1544       0.10000E-04
    ---------------------------------------------------------------------------
         ** microcrossection  ** in   1  zone **v=  8.0000    /  1
    * n group  * izotop  * at.mas      *dens         *flux 1/cm2c  * capture   * fission  *    * production *
          1       u235     235.00        0.10900E-03    2.0077        9.7951          6.5579         0.0000    
          2       u235     235.00        0.10900E-03   0.57002        435.65          371.69         0.0000    
          1       u238     238.00        0.44300E-02    2.0077        1.4649         0.15297         0.0000    
          2       u238     238.00        0.44300E-02   0.57002        1.8413          0.0000         0.0000    
          1       o         16.00        0.90700E-02    2.0077       0.62575E-02      0.0000         0.0000    
          2       o         16.00        0.90700E-02   0.57002       0.13295E-03      0.0000         0.0000    
          1       *h*        1.00        0.54400E-01    2.0077       0.19599E-02      0.0000         0.0000    
          2       *h*        1.00        0.54400E-01   0.57002       0.22265          0.0000         0.0000    
          1       *o*       16.00        0.27200E-01    2.0077       0.62574E-02      0.0000         0.0000    
          2       *o*       16.00        0.27200E-01   0.57002       0.13295E-03      0.0000         0.0000    
          1       fp35     116.00         0.0000        2.0077       0.28933          0.0000         0.0000    
          2       fp35     116.00         0.0000       0.57002        6.0275          0.0000         0.0000    
          1       fp39     116.00         0.0000        2.0077       0.28933          0.0000         0.0000    
          2       fp39     116.00         0.0000       0.57002        6.0275          0.0000         0.0000    
          1       u236     236.00         0.0000        2.0077        8.7843         0.39797         0.0000    
          2       u236     236.00         0.0000       0.57002        3.4348         0.45996E-01     0.0000    
          1       slag     116.00         0.0000        2.0077        1.0854          0.0000         0.0000    
          2       slag     116.00         0.0000       0.57002        5.2841          0.0000         0.0000    
          1       tc99      99.00         0.0000        2.0077        7.5555          0.0000         0.0000    
          2       tc99      99.00         0.0000       0.57002        13.572          0.0000         0.0000    
          1       rh03     103.00         0.0000        2.0077        1.2101          0.0000         0.0000    
          2       rh03     103.00         0.0000       0.57002        195.95          0.0000         0.0000    
          1       ag09     109.00         0.0000        2.0077        36.042          0.0000         0.0000    
          2       ag09     109.00         0.0000       0.57002        62.804          0.0000         0.0000    
          1       cd13     113.00         0.0000        2.0077        1.2927          0.0000         0.0000    
          2       cd13     113.00         0.0000       0.57002        22008.          0.0000         0.0000    
          1       xe35     135.00         0.0000        2.0077        4.3512          0.0000         0.0000    
          2       xe35     135.00         0.0000       0.57002       0.19811E+07      0.0000         0.0000    
          1       sm49     149.00         0.0000        2.0077        32.041          0.0000         0.0000    
          2       sm49     149.00         0.0000       0.57002        47671.          0.0000         0.0000    
          1       sm51     151.00         0.0000        2.0077        35.330          0.0000         0.0000    
          2       sm51     151.00         0.0000       0.57002        8511.3          0.0000         0.0000    
          1       eu55     155.00         0.0000        2.0077        10.436          0.0000         0.0000    
          2       eu55     155.00         0.0000       0.57002        4299.9          0.0000         0.0000    
          1       gd55     155.00         0.0000        2.0077        34.531          0.0000         0.0000    
          2       gd55     155.00         0.0000       0.57002        30169.          0.0000         0.0000    
          1       gd56     156.00         0.0000        2.0077        8.6801          0.0000         0.0000    
          2       gd56     156.00         0.0000       0.57002        24445.          0.0000         0.0000    
          1       gd57     157.00         0.0000        2.0077        13.025          0.0000         0.0000    
          2       gd57     157.00         0.0000       0.57002       0.12802E+06      0.0000         0.0000    
          1       np37     237.00         0.0000        2.0077        11.051         0.72149         0.0000    
          2       np37     237.00         0.0000       0.57002        153.57         0.12351E-01     0.0000    
          1       np39     239.00         0.0000        2.0077        13.112         0.80510         0.0000    
          2       np39     239.00         0.0000       0.57002        24.849          0.0000         0.0000    
          1       pu38     238.00         0.0000        2.0077        5.5243          1.8369         0.0000    
          2       pu38     238.00         0.0000       0.57002        358.94          10.982         0.0000    
          1       pu39     239.00         0.0000        2.0077        11.984          7.3495         0.0000    
          2       pu39     239.00         0.0000       0.57002        961.91          654.38         0.0000    
          1       pu40     240.00         0.0000        2.0077        5.2691         0.76839         0.0000    
          2       pu40     240.00         0.0000       0.57002        981.26         0.19815         0.0000    
          1       pu41     241.00         0.0000        2.0077        19.684          15.559         0.0000    
          2       pu41     241.00         0.0000       0.57002        1033.5          763.18         0.0000    
          1       pu42     242.00         0.0000        2.0077        29.574         0.58810         0.0000    
          2       pu42     242.00         0.0000       0.57002        13.874         0.15879E-02     0.0000    
          1       am41     241.00         0.0000        2.0077        12.753         0.80879         0.0000    
          2       am41     241.00         0.0000       0.57002        576.52          3.1569         0.0000    
          1       am2m     242.00         0.0000        2.0077        31.837          27.613         0.0000    
          2       am2m     242.00         0.0000       0.57002        5307.7          4417.4         0.0000    
          1       am43     243.00         0.0000        2.0077        11.851         0.61068         0.0000    
          2       am43     243.00         0.0000       0.57002        181.11          0.0000         0.0000    
          1       cm42     242.00         0.0000        2.0077        4.7115          1.3550         0.0000    
          2       cm42     242.00         0.0000       0.57002        12.502          1.6573         0.0000    
          1       cm44     244.00         0.0000        2.0077        16.599         0.98690         0.0000    
          2       cm44     244.00         0.0000       0.57002        10.999         0.68790         0.0000    
          1       cm45     245.00         0.0000        2.0077        16.031          14.218         0.0000    
          2       cm45     245.00         0.0000       0.57002        1665.3          1415.6         0.0000    
          1       th32     232.00         0.0000        2.0077        2.6254         0.37320E-01     0.0000    
          2       th32     232.00         0.0000       0.57002        4.9279          0.0000         0.0000    
          1       pa33     233.00         0.0000        2.0077        11.298         0.23213         0.0000    
          2       pa33     233.00         0.0000       0.57002        68.956          0.0000         0.0000    
          1       u233     233.00         0.0000        2.0077        14.671          12.393         0.0000    
          2       u233     233.00         0.0000       0.57002        413.37          378.64         0.0000    
          1       u234     234.00         0.0000        2.0077        16.860         0.67356         0.0000    
          2       u234     234.00         0.0000       0.57002        68.063         0.30367         0.0000    
          1       sm52     152.00         0.0000        2.0077        71.807          0.0000         0.0000    
          2       sm52     152.00         0.0000       0.57002        140.67          0.0000         0.0000    
          1       xe31     131.00         0.0000        2.0077        24.136          0.0000         0.0000    
          2       xe31     131.00         0.0000       0.57002        57.544          0.0000         0.0000    
          1       cs33     133.00         0.0000        2.0077        9.8527          0.0000         0.0000    
          2       cs33     133.00         0.0000       0.57002        19.785          0.0000         0.0000    
          1       nd45     145.00         0.0000        2.0077        5.6598          0.0000         0.0000    
          2       nd45     145.00         0.0000       0.57002        29.482          0.0000         0.0000    
          1       nd43     143.00         0.0000        2.0077        2.2465          0.0000         0.0000    
          2       nd43     143.00         0.0000       0.57002        214.51          0.0000         0.0000    
          1       pm47     147.00         0.0000        2.0077        52.752          0.0000         0.0000    
          2       pm47     147.00         0.0000       0.57002        112.23          0.0000         0.0000    
          1       mo95      95.00         0.0000        2.0077        3.5214          0.0000         0.0000    
          2       mo95      95.00         0.0000       0.57002        9.3867          0.0000         0.0000    
          1       cs34     134.00         0.0000        2.0077        2.4997          0.0000         0.0000    
          2       cs34     134.00         0.0000       0.57002        93.071          0.0000         0.0000    
          1       pr41     141.00         0.0000        2.0077       0.52092          0.0000         0.0000    
          2       pr41     141.00         0.0000       0.57002        7.7036          0.0000         0.0000    
          1       pm48     148.00         0.0000        2.0077        50.958          0.0000         0.0000    
          2       pm48     148.00         0.0000       0.57002        1402.1          0.0000         0.0000    
          1       pm8m     148.00         0.0000        2.0077        47.974          0.0000         0.0000    
          2       pm8m     148.00         0.0000       0.57002        13478.          0.0000         0.0000    
          1       rh05     105.00         0.0000        2.0077        345.06          0.0000         0.0000    
          2       rh05     105.00         0.0000       0.57002        10527.          0.0000         0.0000    
          1       pm49     149.00         0.0000        2.0077        52.752          0.0000         0.0000    
          2       pm49     149.00         0.0000       0.57002        112.23          0.0000         0.0000    
          1       kr83      83.00         0.0000        2.0077        3.5265          0.0000         0.0000    
          2       kr83      83.00         0.0000       0.57002        117.71          0.0000         0.0000    
          1       ru01     101.00         0.0000        2.0077        3.0167          0.0000         0.0000    
          2       ru01     101.00         0.0000       0.57002        2.2697          0.0000         0.0000    
          1       pd05     105.00         0.0000        2.0077        2.8559          0.0000         0.0000    
          2       pd05     105.00         0.0000       0.57002        13.534          0.0000         0.0000    
          1       cs35     135.00         0.0000        2.0077        1.8810          0.0000         0.0000    
          2       cs35     135.00         0.0000       0.57002        5.8420          0.0000         0.0000    
          1       sm50     150.00         0.0000        2.0077        6.3763          0.0000         0.0000    
          2       sm50     150.00         0.0000       0.57002        71.077          0.0000         0.0000    
          1       eu51     152.00         0.0000        2.0077        38.984          0.0000         0.0000    
          2       eu51     152.00         0.0000       0.57002        3302.1          0.0000         0.0000    
          1       eu53     153.00         0.0000        2.0077        35.920          0.0000         0.0000    
          2       eu53     153.00         0.0000       0.57002        206.66          0.0000         0.0000    
          1       eu54     154.00         0.0000        2.0077        20.672          0.0000         0.0000    
          2       eu54     154.00         0.0000       0.57002        1686.4          0.0000         0.0000    
          1       gd54     154.00         0.0000        2.0077        1.0854          0.0000         0.0000    
          2       gd54     154.00         0.0000       0.57002        5.2841          0.0000         0.0000    
          1       am42     242.00         0.0000        2.0077        1.0854          0.0000         0.0000    
          2       am42     242.00         0.0000       0.57002        5.2841          0.0000         0.0000    
          1       cm43     243.00         0.0000        2.0077        39.685          34.501         0.0000    
          2       cm43     243.00         0.0000       0.57002        559.64          516.49         0.0000    
:stop                                                                           
