 *****          file of input data set *******
 *****          file of input data set *******
:poly
 &vvod
   ig=2,
    rcel(1,1)=175,250, 310, 350,
    ncelsos(1,1)=1,2,3,4,
@----------------------------------------------------------------------
 t=293.0, 293.0, 293.0,293.0,
 troiz=
 @ izotop    / zone 1 /   / zone 2 /   / zone 3 /
 @ u235  @   3.82e-06, 8.28e-06, 1.15e-05, 0.0e+00,
 @ u238  @   3.14e-04, 3.10e-04, 3.07e-04, 0.0e+00,
 @ o     @   2.55e-01, 2.55e-01, 2.55e-01, 0.0e+00,
 @ c     @   1.27e-01, 1.27e-01, 1.27e-01, 1.29e-01,
                                                                                                                        
                                                                                                                        
                                                                                                                        
@----------------------------------------------------------------------
alout=0.0,
material(1)='chmc',
 &end
u235
u238
o
c
****
:corr
 &vvod &end
:fier
 &vvod &end
:macro
 &vvod
  et=10.5e+6,2.15,2.15,0.,
 nbv=1,2,3,4,
 &end
:stop
@----------------------------------------------------------------------
 ***** end of   file of input data set *******
:poly                                                                           
  rout and rin were constructed
Rout=******,******,******,******,
Rin = 0.000,******,******,******,
  nsos  was constructed
nsos=  1,  2,  3,  4,
 definition izotr in sos           1:izotr=   2.000000    
 definition izotr in sos           2:izotr=   2.000000    
 definition izotr in sos           3:izotr=   2.000000    
  *******<< check input data>> programm declare *******
    --undeclared parametr--cefzad  -- programm standart value --cefzad  =  0.100000E+01
  *******<< check input data>> programm declare *******
    --undeclared parametr--bakl    -- programm standart value --bakl    =  0.000000E+00
  *******<< check input data>> programm declare *******
    --undeclared parametr--alin    -- programm standart value --alin    =  0.000000E+00
  *******<< check input data>> programm declare *******
    --undeclared parametr--alcorr  -- programm standart value --alcorr  =  0.100000E+01
  *******<< check input data>> programm declare *******
    --uncorrected definition--alout   --bat programm use this value --alout     0.000000E+00
  *******<< check input data>> programm declare *******
    --uncorrected definition--alin    --bat programm use this value --alin      0.000000E+00
  *******<< check input data>> programm declare *******
    --uncorrected definition--alout   --bat programm use this value --alout     0.000000E+00
  *******<< check input data>> programm declare *******
    --undeclared parametr--nbv     -- programm standart value --nbv     =    1    1    1    1
  *******<< check input data>> programm declare *******
    --undeclared parametr--et      -- programm standart value --et      =  0.105000E+08  0.215000E+01
     0.215000E+01  0.000000E+00
    ????  storage for pr. getter =      400 ?? common /rrr/ rab(        0 )  ????
 ------------------------------------------------------------------------------
  backling =  0.0000000E+00
 ------------------------------------------------------------------------------
  number of cells =           1
          cell number    1  number of zone= 4
 << geometry characteristics >>
    geometry of cell- cilindrical index=           2
  kratnost of cell =   1.000000    
  inner radius of cell =  0.0000000E+00
  out square ratio =  0.0000000E+00
 ------------------------------------------------------------------------------
 num zone      1           2           3           4
 radius   0.17500E+03 0.25000E+03 0.31000E+03 0.35000E+03
 temper   0.29300E+03 0.29300E+03 0.29300E+03 0.29300E+03
 rez_izot    u238        u238        u238        bad 
 ------------------------------------------------------------------------------
    izotop   /             concentration number of izotops=60
  1 u235     0.38200E-05 0.82800E-05 0.11500E-04 0.00000E+00
  2 u238     0.31400E-03 0.31000E-03 0.30700E-03 0.00000E+00
  3 o        0.25500E+00 0.25500E+00 0.25500E+00 0.00000E+00
  4 c        0.12700E+00 0.12700E+00 0.12700E+00 0.12900E+00
    > CONSYST Program Ver: 98.01 > started at  0: 0: 0:  
    { Manturov G., E-mail: abbn@ippe.rssi.ru}
 
       -------------------------------
 
       CONSYST INPUT DATA READ FROM : cons.dat
       CONSYST PROTOCOL STORED IN   : RESULT
       GMF X-SECTION'S FILE         : OUT
       TEMPORARY FILE               : RAB
       ABBN BASIC DATA SET FROM     : ..\bin\Bnab90.lib
       ABBN MULTIC DATA SET FROM    : ..\bin\Bnabmlt.lib
       ABBN THERMAL DATA SET FROM   : ..\bin\BNABTHM.lib
 
    >>  K-inf(MLT)= 0.86137 Balance= 1.00433 NU= 2.63 FI-Sum=  1.05E+02
    >>  K-inf(MLT)= 1.16874 Balance= 1.00430 NU= 2.63 FI-Sum=  1.02E+02
    >>  K-inf(MLT)= 1.27817 Balance= 1.00428 NU= 2.63 FI-Sum=  1.00E+02
    > CONSYST finished at  0: 0: 0:  
           6<therm. iter diverg. from   0.7630457    :  0.7501638    delta=
  3.1983852E-04
 iterr. convergated; n dev=           6
           6<therm. iter diverg. from   0.7650335    :  0.7616595    delta=
  6.9737434E-05
 iterr. convergated; n dev=           6
           6<therm. iter diverg. from   0.7650335    :  0.7693574    delta=
  2.3722649E-05
 iterr. convergated; n dev=           6
           6<therm. iter diverg. from   0.7650335    :  0.7622137    delta=
  1.2075901E-04
 iterr. convergated; n dev=           6
           6<therm. iter diverg. from   0.7650335    :  0.7680935    delta=
  1.6665459E-04
 iterr. convergated; n dev=           6
           6<therm. iter diverg. from   0.7650335    :  0.7627807    delta=
  8.0466270E-05
 iterr. convergated; n dev=           6
           6<therm. iter diverg. from   0.7650335    :  0.7672120    delta=
  2.0790100E-04
 iterr. convergated; n dev=           6
           6<therm. iter diverg. from   0.7650335    :  0.7633108    delta=
  1.4090538E-04
 iterr. convergated; n dev=           6
           6<therm. iter diverg. from   0.7650335    :  0.7666502    delta=
  8.4638596E-05
 iterr. convergated; n dev=           6
           6<therm. iter diverg. from   0.7650335    :  0.7637046    delta=
  7.5459480E-05
 iterr. convergated; n dev=           6
           6<therm. iter diverg. from   0.7650335    :  0.7662144    delta=
  1.0854006E-04
 iterr. convergated; n dev=           6
           6<therm. iter diverg. from   0.7650335    :  0.7640465    delta=
  9.9897385E-05
 iterr. convergated; n dev=           6
  therm numb. iteration more than          150iterration  aborted
           6<therm. iter diverg. from   0.7661210    :  0.7669677    delta=
  4.6551228E-05
 iterr. convergated; n dev=           6
           6<therm. iter diverg. from   0.7661210    :  0.7667359    delta=
  6.1273575E-05
 iterr. convergated; n dev=           6
           6<therm. iter diverg. from   0.7661210    :  0.7656298    delta=
  3.4451485E-05
 iterr. convergated; n dev=           6
           6<therm. iter diverg. from   0.7661210    :  0.7665820    delta=
  2.8431416E-05
 iterr. convergated; n dev=           6
           6<therm. iter diverg. from   0.7661210    :  0.7657414    delta=
  2.0861626E-05
 iterr. convergated; n dev=           6
           6<therm. iter diverg. from   0.7661210    :  0.7664573    delta=
  3.3855438E-05
 iterr. convergated; n dev=           6
           6<therm. iter diverg. from   0.7661210    :  0.7658319    delta=
  8.7022781E-06
 iterr. convergated; n dev=           6
           6<therm. iter diverg. from   0.7661210    :  0.7663760    delta=
  1.6391277E-05
 iterr. convergated; n dev=           6
           6<therm. iter diverg. from   0.7661210    :  0.7659043    delta=
  1.5377998E-05
 iterr. convergated; n dev=           6
           6<therm. iter diverg. from   0.7661210    :  0.7663084    delta=
  1.9311905E-05
 iterr. convergated; n dev=           6
  therm numb. iteration more than          150iterration  aborted
           6<therm. iter diverg. from   0.7667400    :  0.7665585    delta=
  2.0384789E-05
 iterr. convergated; n dev=           6
           6<therm. iter diverg. from   0.7667400    :  0.7668465    delta=
  6.1988831E-06
 iterr. convergated; n dev=           6
           6<therm. iter diverg. from   0.7667400    :  0.7668408    delta=
  1.0848045E-05
 iterr. convergated; n dev=           6
  therm numb. iteration more than           50iterration  aborted
           6<therm. iter diverg. from   0.7671058    :  0.7669843    delta=
  5.4836273E-06
 iterr. convergated; n dev=           6
           6<therm. iter diverg. from   0.7671058    :  0.7672395    delta=
  2.6345253E-05
 iterr. convergated; n dev=           6
           6<therm. iter diverg. from   0.7673249    :  0.7674006    delta=
  4.2915344E-06
 iterr. convergated; n dev=           6
           6<therm. iter diverg. from   0.7673249    :  0.7672496    delta=
  2.3841858E-07
 iterr. convergated; n dev=           6
           6<therm. iter diverg. from   0.7673249    :  0.7673813    delta=
  6.4969063E-06
 iterr. convergated; n dev=           6
  therm numb. iteration more than           50iterration  aborted
           6<therm. iter diverg. from   0.7674624    :  0.7674016    delta=
  5.9604645E-07
 iterr. convergated; n dev=           6
           6<therm. iter diverg. from   0.7674624    :  0.7675096    delta=
  1.0013580E-05
 iterr. convergated; n dev=           6
           6<therm. iter diverg. from   0.7674624    :  0.7674163    delta=
  1.1920929E-07
 iterr. convergated; n dev=           6
           6<therm. iter diverg. from   0.7674624    :  0.7674988    delta=
  5.9604645E-06
 iterr. convergated; n dev=           6
  therm numb. iteration more than           50iterration  aborted
           6<therm. iter diverg. from   0.7675473    :  0.7675089    delta=
  2.5033951E-06
 iterr. convergated; n dev=           6
           6<therm. iter diverg. from   0.7676006    :  0.7675687    delta=
  1.1920929E-07
 iterr. convergated; n dev=           6
           6<therm. iter diverg. from   0.7676006    :  0.7676267    delta=
  2.4437904E-06
 iterr. convergated; n dev=           6
           6<therm. iter diverg. from   0.7676276    :  0.7676457    delta=
  1.4901161E-06
 iterr. convergated; n dev=           6
           6<therm. iter diverg. from   0.7676276    :  0.7676092    delta=
  4.7683716E-07
 iterr. convergated; n dev=           6
           6<therm. iter diverg. from   0.7676276    :  0.7676415    delta=
  9.5367432E-07
 iterr. convergated; n dev=           6
  therm numb. iteration more than           50iterration  aborted
           6<therm. iter diverg. from   0.7676503    :  0.7676362    delta=
  1.7881393E-06
 iterr. convergated; n dev=           6
 therm. calculation avoided
 *************************************************
   ***k(inf)= 1.41055     ***k(itt)= 1.32169     ***k(integ)= 1.41055    ***
   **bakl=  0.0000     **length= 0.10000E+11  ***
   **matr.  alout*alcorr a(k,i)(k=1,ncel) ***
     *  0.0000    
 lokal kner      in cell ,ru=           1=   1.000000       1.000000    
:corr                                                                           
 ------------------------------------------------------------------------------
  backling =  0.0000000E+00
 ------------------------------------------------------------------------------
  number of cells =           1
          cell number    1  number of zone= 4
 << geometry characteristics >>
    geometry of cell- cilindrical index=           2
  kratnost of cell =   1.000000    
  inner radius of cell =  0.0000000E+00
  out square ratio =  0.0000000E+00
 ------------------------------------------------------------------------------
 num zone      1           2           3           4
 radius   0.17500E+03 0.25000E+03 0.31000E+03 0.35000E+03
 temper   0.29300E+03 0.29300E+03 0.29300E+03 0.29300E+03
 rez_izot    u238        u238        u238        bad 
 ------------------------------------------------------------------------------
    izotop   /             concentration number of izotops=60
  1 u235     0.38200E-05 0.82800E-05 0.11500E-04 0.00000E+00
  2 u238     0.31400E-03 0.31000E-03 0.30700E-03 0.00000E+00
  3 o        0.25500E+00 0.25500E+00 0.25500E+00 0.00000E+00
  4 c        0.12700E+00 0.12700E+00 0.12700E+00 0.12900E+00
:fier                                                                           
 condensation boundary was changed from  0.21500E+01 to  0.21544E+01
*** 4 *** ;egr=  2.1544    
    keff         nu           mu           fi           teta
   1.4106       1.8654       1.0149      0.78082      0.95414    
 s0z(n)=   1.8709674E-03  1.8709674E-03  1.8709674E-03  0.0000000E+00
:macro                                                                          
 condensation boundary was changed from  0.21500E+01 to  0.21544E+01
 condensation boundary was changed from  0.21500E+01 to  0.21544E+01
    -------------------------------------------------------------------------------
    * n group   * e(i)        * e(i+1)      *spect neutron fission  *
          1       0.10500E+08    2.1544           0.99905    
          2        2.1544        0.0000           0.13817E-08
    *******************************************************************************
                                       **    macro cross section    **
    *******************************************************************************
    ** n zone    1 vzone=  96211.     /  1
*grp*flux 1/cm2c  * stotal      * sabs        * sfis.       * nu$sfis.    * 1/3*strans  *1/aver.veloci*aver power
  1  0.1670842E-03  1.400077     0.3244893E-02 0.6485430E-04 0.1616263E-03 0.2845286     0.1318673E-05 0.4980944E-01 0.7990338E-02
  2  0.9716170E-04 0.6261680     0.2135072E-01 0.9468519E-02 0.3131127E-01 0.5346348     0.1776951E-03  1.466521     0.6783724    
                                       * matric. scat.cross. sec. from i to j  *
       i / j -->            1           2
       i        1  1.384716     0.1211598E-01
       i        2  0.000000     0.6048173    
    ** n zone    2 vzone= 0.10014E+06 /  2
*grp*flux 1/cm2c  * stotal      * sabs        * sfis.       * nu$sfis.    * 1/3*strans  *1/aver.veloci*aver power
  1  0.2522682E-03  1.400180     0.3157529E-02 0.1220308E-03 0.3011525E-03 0.2849870     0.1923090E-05 0.9537599E-01 0.2269985E-01
  2  0.1154915E-03 0.6274906     0.2264393E-01 0.1362598E-01 0.4415498E-01 0.5346302     0.1468115E-03  1.949970      1.160402    
                                       * matric. scat.cross. sec. from i to j  *
       i / j -->            1           2
       i        1  1.386080     0.1094181E-01
       i        2  0.000000     0.6048467    
    ** n zone    3 vzone= 0.10556E+06 /  3
*grp*flux 1/cm2c  * stotal      * sabs        * sfis.       * nu$sfis.    * 1/3*strans  *1/aver.veloci*aver power
  1  0.2206283E-03  1.399260     0.3142955E-02 0.1615374E-03 0.3975118E-03 0.2871794     0.1716973E-05 0.1264771     0.2628000E-01
  2  0.9160137E-04 0.6293384     0.2447126E-01 0.1607649E-01 0.5159375E-01 0.5339933     0.1046033E-03  2.108340      1.085886    
                                       * matric. scat.cross. sec. from i to j  *
       i / j -->            1           2
       i        1  1.385652     0.1046541E-01
       i        2  0.000000     0.6048672    
    ** n zone    4 vzone=  82938.     /  4
*grp*flux 1/cm2c  * stotal      * sabs        * sfis.       * nu$sfis.    * 1/3*strans  *1/aver.veloci*aver power
  1  0.5863520E-04 0.5807551     0.9132889E-05  0.000000      0.000000     0.6116652     0.4409726E-06  0.000000      0.000000    
  2  0.5710068E-04 0.6185446     0.7084713E-02  0.000000      0.000000     0.5382888     0.2513170E-03  0.000000      0.000000    
                                       * matric. scat.cross. sec. from i to j  *
       i / j -->            1           2
       i        1 0.5708206     0.9925266E-02
       i        2  0.000000     0.6114599    
:stop                                                                           
