 *****          file of input data set *******
 *****          file of input data set *******
:poly
 &vvod
   nsos=1,2,3,
   r=0.386,0.455,0.7076,
@ ------------------------------------------------------------------------------
 t=        1.00000e+03, 600.0, 579.0,
 troiz=
 @ izotop    / fuel /     / km /       / mod /
 @ u235  @   0.10000e-02, 0.00000e+00, 0.00000e+00,
 @ u238  @   2.19000e-02, 0.00000e+00, 0.00000e+00,
 @ o     @   0.45800e-01, 0.00000e+00, 0.00000e+00,
 @ zr    @   0.00000e+00, 0.03891,     0.00000e+00,
 @ *h*   @   0.00000e+00, 0.00000e+00, 0.04746,
 @ *o*   @   0.00000e+00, 0.00000e+00, 0.02373,
@-------------------------------------------------------------------------------------
 material(1)='chmc',
 &end
u235
u238
o
zr
*h*
*o*
****
:fier
 &vvod &end
:macro
 &vvod
 et=10.5e+6,2.15,2.15,0.,
 nbv=1,2,3,
 &end
:stop
 ***** end of   file of input data set *******
:poly                                                                           
 definition izotr in sos           1:izotr=   2.000000    
  *******<< check input data>> programm declare *******
    --undeclared parametr--cefzad  -- programm standart value --cefzad  =  0.100000E+01
  *******<< check input data>> programm declare *******
    --undeclared parametr--bakl    -- programm standart value --bakl    =  0.000000E+00
  *******<< check input data>> programm declare *******
    --undeclared parametr--alin    -- programm standart value --alin    =  0.000000E+00
  *******<< check input data>> programm declare *******
    --undeclared parametr--alout   -- programm standart value --alout   =  0.100000E+01
  *******<< check input data>> programm declare *******
    --undeclared parametr--alcorr  -- programm standart value --alcorr  =  0.100000E+01
  *******<< check input data>> programm declare *******
    --undeclared parametr--nbv     -- programm standart value --nbv     =    1    1    1
  *******<< check input data>> programm declare *******
    --undeclared parametr--et      -- programm standart value --et      =  0.105000E+08  0.215000E+01
     0.215000E+01  0.000000E+00
    ????  storage for pr. getter =      300 ?? common /rrr/ rab(        0 )  ????
 ------------------------------------------------------------------------------
  backling =  0.0000000E+00
 ------------------------------------------------------------------------------
  number of cells =           1
          cell number    1  number of zone= 3
 << geometry characteristics >>
    geometry of cell- cilindrical index=           2
  kratnost of cell =   1.000000    
  inner radius of cell =  0.0000000E+00
  out square ratio =   1.000000    
 ------------------------------------------------------------------------------
 num zone      1           2           3
 radius   0.38600E+00 0.45500E+00 0.70760E+00
 temper   0.10000E+04 0.60000E+03 0.57900E+03
 rez_izot    u238        bad         bad 
 ------------------------------------------------------------------------------
    izotop   /             concentration number of izotops=62
  1 u235     0.10000E-02 0.00000E+00 0.00000E+00
  2 u238     0.21900E-01 0.00000E+00 0.00000E+00
  3 o        0.45800E-01 0.00000E+00 0.00000E+00
  4 zr       0.00000E+00 0.38910E-01 0.00000E+00
  5 *h*      0.00000E+00 0.00000E+00 0.47460E-01
  6 *o*      0.00000E+00 0.00000E+00 0.23730E-01
    > CONSYST Program Ver: 98.01 > started at  0: 0: 0:  
    { Manturov G., E-mail: abbn@ippe.rssi.ru}
 
       -------------------------------
 
       CONSYST INPUT DATA READ FROM : cons.dat
       CONSYST PROTOCOL STORED IN   : RESULT
       GMF X-SECTION'S FILE         : OUT
       TEMPORARY FILE               : RAB
       ABBN BASIC DATA SET FROM     : ..\bin\Bnab90.lib
       ABBN MULTIC DATA SET FROM    : ..\bin\Bnabmlt.lib
       ABBN THERMAL DATA SET FROM   : ..\bin\BNABTHM.lib
 
    >   Include Thermal Matrix > H(H2O):BNABTHM.BIN   Temp=  500K
    >   Include Thermal Matrix > H(H2O):BNABTHM.BIN   Temp=  600K
    > CONSYST finished at  0: 0: 0:  
 therm. calculation avoided
 therm. calculation avoided
 therm. calculation avoided
 therm. calculation avoided
 therm. calculation avoided
 therm. calculation avoided
 therm. calculation avoided
 therm. calculation avoided
 therm. calculation avoided
 *************************************************
   ***k(inf)= 1.39912     ***k(itt)= 1.39911     ***k(integ)= 1.39912    ***
   **bakl=  0.0000     **length= 0.10000E+11  ***
   **matr.  alout*alcorr a(k,i)(k=1,ncel) ***
     *  1.0000    
 lokal kner      in cell ,ru=           1=   1.000000       1.000000    
:fier                                                                           
 condensation boundary was changed from  0.21500E+01 to  0.21544E+01
*** 4 *** ;egr=  2.1544    
    keff         nu           mu           fi           teta
   1.3991       1.8797       1.2376      0.63696      0.94420    
 s0z(n)=    1.060591      0.0000000E+00  0.0000000E+00
:macro                                                                          
 condensation boundary was changed from  0.21500E+01 to  0.21544E+01
 condensation boundary was changed from  0.21500E+01 to  0.21544E+01
    -------------------------------------------------------------------------------
    * n group   * e(i)        * e(i+1)      *spect neutron fission  *
          1       0.10500E+08    2.1544           0.99901    
          2        2.1544        0.0000           0.13600E-08
    *******************************************************************************
                                       **    macro cross section    **
    *******************************************************************************
    ** n zone    1 vzone= 0.46808     /  1
*grp*flux 1/cm2c  * stotal      * sabs        * sfis.       * nu$sfis.    * 1/3*strans  *1/aver.veloci*aver power
  1   23.46738     0.4146687     0.3231897E-01 0.9576008E-02 0.2442228E-01  1.422162     0.3389884E-06 0.7556638     0.1845344    
  2   4.456125     0.4964876     0.2883344     0.2228537     0.5419819     0.4316666     0.4074705E-05  1.879699     0.8154656    
                                       * matric. scat.cross. sec. from i to j  *
       i / j -->            1           2
       i        1 0.3822992     0.5067924E-04
       i        2  0.000000     0.2081531    
    ** n zone    2 vzone= 0.18230     /  2
*grp*flux 1/cm2c  * stotal      * sabs        * sfis.       * nu$sfis.    * 1/3*strans  *1/aver.veloci*aver power
  1   23.19205     0.2811358     0.7691937E-03  0.000000      0.000000      1.431201     0.1359219E-06  0.000000      0.000000    
  2   4.740214     0.2355811     0.3288371E-02  0.000000      0.000000     0.4143598     0.1743021E-05  0.000000      0.000000    
                                       * matric. scat.cross. sec. from i to j  *
       i / j -->            1           2
       i        1 0.2802031     0.1634863E-03
       i        2  0.000000     0.2322927    
    ** n zone    3 vzone= 0.92260     /  3
*grp*flux 1/cm2c  * stotal      * sabs        * sfis.       * nu$sfis.    * 1/3*strans  *1/aver.veloci*aver power
  1   22.95819     0.6201549     0.2174172E-03  0.000000      0.000000      1.447166     0.6994114E-06  0.000000      0.000000    
  2   4.949417      1.578753     0.7161182E-02  0.000000      0.000000     0.3581437     0.9393242E-05  0.000000      0.000000    
                                       * matric. scat.cross. sec. from i to j  *
       i / j -->            1           2
       i        1 0.5899023     0.3003515E-01
       i        2 0.1025715E-03  1.571489    
:stop                                                                           
