 *****          file of input data set *******
:poly
 &vvod
iout(12)=2,
   nsos=1,2,3,
   r=0.386,0.455,0.7076,
@ ------------------------------------------------------------------------------
 t=        1.00000e+03, 600.0, 579.0,
 troiz=
 @ izotop    / fuel /     / km /       / mod /
 @ u235  @   0.08700e-02, 0.00000e+00, 0.00000e+00,
 @ u238  @   2.20300e-02, 0.00000e+00, 0.00000e+00,
 @ o     @   0.45800e-01, 0.00000e+00, 0.00000e+00,
 @ zr    @   0.00000e+00, 0.03891,     0.00000e+00,
 @ *h*   @   0.00000e+00, 0.00000e+00, 0.00000,
 @  d    @   0.00000e+00, 0.00000e+00, 0.06686,
 @ *o*   @   0.00000e+00, 0.00000e+00, 0.03343,
@-------------------------------------------------------------------------------------
 material(1)='chmc',
 &end
u235
u238
o
zr
*h*
d
*o*
****
:micro
 &vvod
  et=10.5e+6,2.15,2.15,0.,
 &end
:macr
 &vvod &end
:fier
 &vvod &end
:stop
 ***** end of   file of input data set *******
:poly                                                                           
 definition izotr in sos           1:izotr=   2.000000    
  *******<< check input data>> programm declare *******
    --undeclared parametr--cefzad  -- programm standart value --cefzad  =  0.100000E+01
  *******<< check input data>> programm declare *******
    --undeclared parametr--bakl    -- programm standart value --bakl    =  0.000000E+00
  *******<< check input data>> programm declare *******
    --undeclared parametr--alin    -- programm standart value --alin    =  0.000000E+00
  *******<< check input data>> programm declare *******
    --undeclared parametr--alout   -- programm standart value --alout   =  0.100000E+01
  *******<< check input data>> programm declare *******
    --undeclared parametr--alcorr  -- programm standart value --alcorr  =  0.100000E+01
  *******<< check input data>> programm declare *******
    --undeclared parametr--nbv     -- programm standart value --nbv     =    1    1    1
  *******<< check input data>> programm declare *******
    --undeclared parametr--et      -- programm standart value --et      =  0.105000E+08  0.215000E+01
     0.215000E+01  0.000000E+00
    ????  storage for pr. getter =      300 ?? common /rrr/ rab(        0 )  ????
 ------------------------------------------------------------------------------
  backling =  0.0000000E+00
 ------------------------------------------------------------------------------
  number of cells =           1
          cell number    1  number of zone= 3
 << geometry characteristics >>
    geometry of cell- cilindrical index=           2
  kratnost of cell =   1.000000    
  inner radius of cell =  0.0000000E+00
  out square ratio =   1.000000    
 ------------------------------------------------------------------------------
 num zone      1           2           3
 radius   0.38600E+00 0.45500E+00 0.70760E+00
 temper   0.10000E+04 0.60000E+03 0.57900E+03
 rez_izot    u238        bad         bad 
 ------------------------------------------------------------------------------
    izotop   /             concentration number of izotops=63
  1 u235     0.87000E-03 0.00000E+00 0.00000E+00
  2 u238     0.22030E-01 0.00000E+00 0.00000E+00
  3 o        0.45800E-01 0.00000E+00 0.00000E+00
  4 zr       0.00000E+00 0.38910E-01 0.00000E+00
  6 d        0.00000E+00 0.00000E+00 0.66860E-01
  7 *o*      0.00000E+00 0.00000E+00 0.33430E-01
    > CONSYST Program Ver: 98.01 > started at  0: 0: 0:  
    { Manturov G., E-mail: abbn@ippe.rssi.ru}
 
       -------------------------------
 
       CONSYST INPUT DATA READ FROM : cons.dat
       CONSYST PROTOCOL STORED IN   : RESULT
       GMF X-SECTION'S FILE         : OUT
       TEMPORARY FILE               : RAB
       ABBN BASIC DATA SET FROM     : .\Bnab90.lib
       ABBN MULTIC DATA SET FROM    : .\Bnabmlt.lib
       ABBN THERMAL DATA SET FROM   : .\BNABTHM.lib
 
    >   Include Thermal Matrix > D(D2O):BNABTHM.BIN   Temp=  500K
    >   Include Thermal Matrix > D(D2O):BNABTHM.BIN   Temp=  600K
    > CONSYST finished at  0: 0: 0:  
 therm. calculation avoided
 therm. calculation avoided
 therm. calculation avoided
 therm. calculation avoided
 therm. calculation avoided
 therm. calculation avoided
 therm. calculation avoided
 therm. calculation avoided
 therm. calculation avoided
 *************************************************
   ***k(inf)=0.845146     ***k(itt)=0.845148     ***k(integ)=0.845146    ***
   **bakl=  0.0000     **length= 0.10000E+11  ***
   **matr.  alout*alcorr a(k,i)(k=1,ncel) ***
     *  1.0000    
 lokal kner      in cell ,ru=           1=   1.000000       1.000000    
:micro                                                                          
 condensation boundary was changed from  0.21500E+01 to  0.21544E+01
 condensation boundary was changed from  0.21500E+01 to  0.21544E+01
    -------------------------------------------------------------------------------
    * n group   * e(i)        * e(i+1)
          1       0.10500E+08    2.1544    
          2        2.1544       0.10000E-04
    ---------------------------------------------------------------------------
         ** microcrossection  ** in   1  zone **v=  1.5730    /  1  2  3
    * n group  * izotop  * at.mas      *dens         *flux 1/cm2c  * capture   * fission  *    * production *
          1       u235     235.00        0.25889E-03    51.805        12.318          8.3737         0.0000    
          2       u235     235.00        0.25889E-03    3.0499        138.31          116.38         0.0000    
          1       u238     238.00        0.65556E-02    51.805       0.99854         0.48663E-01     0.0000    
          2       u238     238.00        0.65556E-02    3.0499       0.77070          0.0000         0.0000    
          1       o         16.00        0.13629E-01    51.805       0.18104E-02      0.0000         0.0000    
          2       o         16.00        0.13629E-01    3.0499       0.42086E-04      0.0000         0.0000    
          1       zr        91.00        0.45095E-02    51.805       0.26375E-01      0.0000         0.0000    
          2       zr        91.00        0.45095E-02    3.0499       0.50043E-01      0.0000         0.0000    
          1       *h*        1.00         0.0000        51.805       0.24405E-02      0.0000         0.0000    
          2       *h*        1.00         0.0000        3.0499       0.87657E-01      0.0000         0.0000    
          1       d          2.00        0.39215E-01    51.805       0.63668E-06      0.0000         0.0000    
          2       d          2.00        0.39215E-01    3.0499       0.14561E-03      0.0000         0.0000    
          1       *o*       16.00        0.19608E-01    51.805       0.16843E-02      0.0000         0.0000    
          2       *o*       16.00        0.19608E-01    3.0499       0.44095E-04      0.0000         0.0000    
          1       fp35     116.00         0.0000        51.805       0.46455          0.0000         0.0000    
          2       fp35     116.00         0.0000        3.0499        2.4501          0.0000         0.0000    
          1       fp39     116.00         0.0000        51.805       0.46455          0.0000         0.0000    
          2       fp39     116.00         0.0000        3.0499        2.4501          0.0000         0.0000    
          1       u236     236.00         0.0000        51.805        8.9556         0.20611         0.0000    
          2       u236     236.00         0.0000        3.0499        1.4652         0.19123E-01     0.0000    
          1       slag     116.00         0.0000        51.805        1.6935          0.0000         0.0000    
          2       slag     116.00         0.0000        3.0499        2.2380          0.0000         0.0000    
          1       tc99      99.00         0.0000        51.805        6.7257          0.0000         0.0000    
          2       tc99      99.00         0.0000        3.0499        6.3080          0.0000         0.0000    
          1       rh03     103.00         0.0000        51.805        2.1814          0.0000         0.0000    
          2       rh03     103.00         0.0000        3.0499        420.88          0.0000         0.0000    
          1       ag09     109.00         0.0000        51.805        31.241          0.0000         0.0000    
          2       ag09     109.00         0.0000        3.0499        29.968          0.0000         0.0000    
          1       cd13     113.00         0.0000        51.805        2.2066          0.0000         0.0000    
          2       cd13     113.00         0.0000        3.0499        11035.          0.0000         0.0000    
          1       xe35     135.00         0.0000        51.805        4.3016          0.0000         0.0000    
          2       xe35     135.00         0.0000        3.0499       0.37459E+06      0.0000         0.0000    
          1       sm49     149.00         0.0000        51.805        41.319          0.0000         0.0000    
          2       sm49     149.00         0.0000        3.0499        12911.          0.0000         0.0000    
          1       sm51     151.00         0.0000        51.805        43.642          0.0000         0.0000    
          2       sm51     151.00         0.0000        3.0499        1899.5          0.0000         0.0000    
          1       eu55     155.00         0.0000        51.805        15.342          0.0000         0.0000    
          2       eu55     155.00         0.0000        3.0499        6897.2          0.0000         0.0000    
          1       gd55     155.00         0.0000        51.805        39.976          0.0000         0.0000    
          2       gd55     155.00         0.0000        3.0499        3385.9          0.0000         0.0000    
          1       gd56     156.00         0.0000        51.805        11.053          0.0000         0.0000    
          2       gd56     156.00         0.0000        3.0499        2750.9          0.0000         0.0000    
          1       gd57     157.00         0.0000        51.805        17.426          0.0000         0.0000    
          2       gd57     157.00         0.0000        3.0499        14464.          0.0000         0.0000    
          1       np37     237.00         0.0000        51.805        14.430         0.26420         0.0000    
          2       np37     237.00         0.0000        3.0499        194.90         0.90457E-02     0.0000    
          1       np39     239.00         0.0000        51.805        16.629         0.30359         0.0000    
          2       np39     239.00         0.0000        3.0499        9.8265          0.0000         0.0000    
          1       pu38     238.00         0.0000        51.805        6.9784          1.7718         0.0000    
          2       pu38     238.00         0.0000        3.0499        83.284          2.7484         0.0000    
          1       pu39     239.00         0.0000        51.805        16.137          9.4183         0.0000    
          2       pu39     239.00         0.0000        3.0499        794.26          492.74         0.0000    
          1       pu40     240.00         0.0000        51.805        7.0694         0.35605         0.0000    
          2       pu40     240.00         0.0000        3.0499        2973.2         0.59020         0.0000    
          1       pu41     241.00         0.0000        51.805        23.549          18.261         0.0000    
          2       pu41     241.00         0.0000        3.0499        478.20          341.00         0.0000    
          1       pu42     242.00         0.0000        51.805        29.155         0.20904         0.0000    
          2       pu42     242.00         0.0000        3.0499        10.096         0.99519E-03     0.0000    
          1       am41     241.00         0.0000        51.805        15.660         0.33018         0.0000    
          2       am41     241.00         0.0000        3.0499        750.49          3.8393         0.0000    
          1       am2m     242.00         0.0000        51.805        39.334          33.943         0.0000    
          2       am2m     242.00         0.0000        3.0499        1898.6          1596.3         0.0000    
          1       am43     243.00         0.0000        51.805        14.328         0.20235         0.0000    
          2       am43     243.00         0.0000        3.0499        570.51          0.0000         0.0000    
          1       cm42     242.00         0.0000        51.805        5.9834         0.94447         0.0000    
          2       cm42     242.00         0.0000        3.0499        4.3922         0.87097         0.0000    
          1       cm44     244.00         0.0000        51.805        15.358         0.48517         0.0000    
          2       cm44     244.00         0.0000        3.0499        4.5684         0.26238         0.0000    
          1       cm45     245.00         0.0000        51.805        18.683          16.456         0.0000    
          2       cm45     245.00         0.0000        3.0499        538.57          461.20         0.0000    
          1       th32     232.00         0.0000        51.805        4.0600         0.11258E-01     0.0000    
          2       th32     232.00         0.0000        3.0499        1.8144          0.0000         0.0000    
          1       pa33     233.00         0.0000        51.805        13.727         0.70825E-01     0.0000    
          2       pa33     233.00         0.0000        3.0499        185.35          0.0000         0.0000    
          1       u233     233.00         0.0000        51.805        17.763          15.103         0.0000    
          2       u233     233.00         0.0000        3.0499        264.71          234.67         0.0000    
          1       u234     234.00         0.0000        51.805        16.281         0.26035         0.0000    
          2       u234     234.00         0.0000        3.0499        22.410         0.94896E-01     0.0000    
          1       sm52     152.00         0.0000        51.805        73.921          0.0000         0.0000    
          2       sm52     152.00         0.0000        3.0499        60.823          0.0000         0.0000    
          1       xe31     131.00         0.0000        51.805        28.125          0.0000         0.0000    
          2       xe31     131.00         0.0000        3.0499        23.738          0.0000         0.0000    
          1       cs33     133.00         0.0000        51.805        9.3453          0.0000         0.0000    
          2       cs33     133.00         0.0000        3.0499        8.5362          0.0000         0.0000    
          1       nd45     145.00         0.0000        51.805        8.2393          0.0000         0.0000    
          2       nd45     145.00         0.0000        3.0499        11.704          0.0000         0.0000    
          1       nd43     143.00         0.0000        51.805        3.7249          0.0000         0.0000    
          2       nd43     143.00         0.0000        3.0499        75.674          0.0000         0.0000    
          1       pm47     147.00         0.0000        51.805        46.058          0.0000         0.0000    
          2       pm47     147.00         0.0000        3.0499        44.661          0.0000         0.0000    
          1       mo95      95.00         0.0000        51.805        5.5954          0.0000         0.0000    
          2       mo95      95.00         0.0000        3.0499        3.6411          0.0000         0.0000    
          1       cs34     134.00         0.0000        51.805        4.5419          0.0000         0.0000    
          2       cs34     134.00         0.0000        3.0499        34.843          0.0000         0.0000    
          1       pr41     141.00         0.0000        51.805       0.98357          0.0000         0.0000    
          2       pr41     141.00         0.0000        3.0499        2.9653          0.0000         0.0000    
          1       pm48     148.00         0.0000        51.805        57.196          0.0000         0.0000    
          2       pm48     148.00         0.0000        3.0499        779.71          0.0000         0.0000    
          1       pm8m     148.00         0.0000        51.805        57.116          0.0000         0.0000    
          2       pm8m     148.00         0.0000        3.0499        8079.2          0.0000         0.0000    
          1       rh05     105.00         0.0000        51.805        305.73          0.0000         0.0000    
          2       rh05     105.00         0.0000        3.0499        3925.0          0.0000         0.0000    
          1       pm49     149.00         0.0000        51.805        46.058          0.0000         0.0000    
          2       pm49     149.00         0.0000        3.0499        44.661          0.0000         0.0000    
          1       kr83      83.00         0.0000        51.805        4.9757          0.0000         0.0000    
          2       kr83      83.00         0.0000        3.0499        39.815          0.0000         0.0000    
          1       ru01     101.00         0.0000        51.805        4.6224          0.0000         0.0000    
          2       ru01     101.00         0.0000        3.0499       0.92727          0.0000         0.0000    
          1       pd05     105.00         0.0000        51.805        4.4861          0.0000         0.0000    
          2       pd05     105.00         0.0000        3.0499        5.1770          0.0000         0.0000    
          1       cs35     135.00         0.0000        51.805        3.0863          0.0000         0.0000    
          2       cs35     135.00         0.0000        3.0499        2.2792          0.0000         0.0000    
          1       sm50     150.00         0.0000        51.805        6.4290          0.0000         0.0000    
          2       sm50     150.00         0.0000        3.0499        23.907          0.0000         0.0000    
          1       eu51     152.00         0.0000        51.805        48.766          0.0000         0.0000    
          2       eu51     152.00         0.0000        3.0499        1866.8          0.0000         0.0000    
          1       eu53     153.00         0.0000        51.805        42.691          0.0000         0.0000    
          2       eu53     153.00         0.0000        3.0499        88.476          0.0000         0.0000    
          1       eu54     154.00         0.0000        51.805        28.644          0.0000         0.0000    
          2       eu54     154.00         0.0000        3.0499        883.85          0.0000         0.0000    
          1       gd54     154.00         0.0000        51.805        1.6935          0.0000         0.0000    
          2       gd54     154.00         0.0000        3.0499        2.2380          0.0000         0.0000    
          1       am42     242.00         0.0000        51.805        1.6935          0.0000         0.0000    
          2       am42     242.00         0.0000        3.0499        2.2380          0.0000         0.0000    
          1       cm43     243.00         0.0000        51.805        44.134          38.143         0.0000    
          2       cm43     243.00         0.0000        3.0499        429.55          397.02         0.0000    
:macr                                                                           
 condensation boundary was changed from  0.21500E+01 to  0.21544E+01
 condensation boundary was changed from  0.21500E+01 to  0.21544E+01
    -------------------------------------------------------------------------------
    * n group   * e(i)        * e(i+1)      *spect neutron fission  *
          1       0.20000E+08    2.1544            1.0000    
          2        2.1544        0.0000           0.13593E-08
    *******************************************************************************
                                       **    macro cross section    **
    *******************************************************************************
    ** n zone    1 vzone=  1.5730     /  1  2  3
*grp*flux 1/cm2c  * stotal      * sabs        * sfis.       * nu$sfis.    * 1/3*strans  *1/aver.veloci*aver power
  1   51.81108     0.3687965     0.9929833E-02 0.2491926E-02 0.6197343E-02  1.093042     0.2752798E-05 0.6241135     0.5922281    
  2   3.049911     0.2748047     0.3975805E-01 0.2914733E-01 0.7088637E-01  1.343198     0.5739991E-05  1.782944     0.4077718    
                                       * matric. scat.cross. sec. from i to j  *
       i / j -->            1           2
       i        1 0.3565239     0.2342632E-02
       i        2 0.3932776E-04 0.2350074    
:fier                                                                           
 condensation boundary was changed from  0.21500E+01 to  0.21544E+01
*** 4 *** ;egr=  2.1544    
    keff         nu           mu           fi           teta
  0.84515       1.7934       2.4852      0.19074      0.99418    
 s0z(n)=   0.6158815      0.0000000E+00  0.0000000E+00
:stop                                                                           
