 *****          file of input data set *******
:poly
	@  fuel chenell -  14 zons
 &vvod
   delkit=0.5e-2,
   delro=0.5e-2,
@ iout(1)=1,
 iout(54)=1,
@ iout(30)=2,
@
@  iout(14)=1,
@  cef0=1.25,
@@@@@@@@@@@@@@  rout and rin  @@@@@@@@@@@@@@@@@@@@@@@@@@@@
@    rout=  0.75,4.,4.4,5.,6.5,9.,11.3,14.105,
@
@ tvs 1
    rout=
    0.75000e+00,0.12266e+01,0.18984e+01,0.28582e+01,0.35168e+01,
    0.36779e+01,0.38389e+01,0.40000e+01,0.44000e+01,0.50000e+01,
    0.65000e+01,0.90000e+01,0.11300e+02,0.14105e+02,
@
@ tvs 2
    0.75000e+00,0.12266e+01,0.18984e+01,0.28582e+01,0.35168e+01,
    0.36779e+01,0.38389e+01,0.40000e+01,0.44000e+01,0.50000e+01,
    0.65000e+01,0.90000e+01,0.11300e+02,0.14105e+02,
@
@ tvs 3
    0.75000e+00,0.12266e+01,0.18984e+01,0.28582e+01,0.35168e+01,
    0.36779e+01,0.38389e+01,0.40000e+01,0.44000e+01,0.50000e+01,
    0.65000e+01,0.90000e+01,0.11300e+02,0.14105e+02,
@
@ otr 4
    0.75000e+00,0.12266e+01,0.18984e+01,0.28582e+01,0.35168e+01,
    0.36779e+01,0.38389e+01,0.40000e+01,0.44000e+01,0.50000e+01,
    0.65000e+01,0.90000e+01,0.11300e+02,0.14105e+02,
@
@ tvs
@   rin= 0.,0.75,4.,4.4,5.,6.5,9.,11.3,
@  tvs 1
    rin=
    0.,0.75000e+00,0.12266e+01,0.18984e+01,0.28582e+01,0.35168e+01,
    0.36779e+01,0.38389e+01,0.40000e+01,0.44000e+01,0.50000e+01,
    0.65000e+01,0.90000e+01,0.11300e+02,
@
@  tvs 2
    0.,0.75000e+00,0.12266e+01,0.18984e+01,0.28582e+01,0.35168e+01,
    0.36779e+01,0.38389e+01,0.40000e+01,0.44000e+01,0.50000e+01,
    0.65000e+01,0.90000e+01,0.11300e+02,
@  tvs 3
    0.,0.75000e+00,0.12266e+01,0.18984e+01,0.28582e+01,0.35168e+01,
    0.36779e+01,0.38389e+01,0.40000e+01,0.44000e+01,0.50000e+01,
    0.65000e+01,0.90000e+01,0.11300e+02,
@  otr 4
    0.,0.75000e+00,0.12266e+01,0.18984e+01,0.28582e+01,0.35168e+01,
    0.36779e+01,0.38389e+01,0.40000e+01,0.44000e+01,0.50000e+01,
    0.65000e+01,0.90000e+01,0.11300e+02,
@ nsos=1,101,2,3,3,3,3,3,
  izotr(4)=4,izotr(16)=4,4,
@@@@@@@@@@@@@@@@@@@@@@  nsos  @@@@@@@@@@@@@
@ tvs , otr
   nsos=1,11,16,11,17,11,11,11,2,3,3,3,3,3,
        1,11,16,11,17,11,11,11,2,3,3,3,3,3,
        1,11,16,11,17,11,11,11,2,3,3,3,3,3,
        3,3,3,3,3,3,3,3,3,3,3,3,3,3,
@
@
 sroiz=
@1 zr-centr
   0.,0.,0.,0.,0.,0.,0.,0.,0.,0.,0.,0.0,0.0,0.033900,
   0.,1.040e-5,6.2845e-4,.0,.0,0.,0.,0.,.0,
@2 tube of chenell
   0.,0.,0.,0.,0.,0.,0.,0.,0.,0.,0.,0.0,0.0,0.042780,
   0.,7.000e-6,1.0690e-3,.0,.0,0.,0.,0.,.0,
@3 d2o
   0.,0.,0.,0.,0.,0.,0.,0.,0.,0.,0.,0.06622,0.03311,0.,0.,0.,0.,0.,0,
   0.,0.,0.,.0,
@4 fuel, pt=0., 2% u235
   0.0000000,0.0000000,0.41985e-3,0.0206568,0.,0.,0.,0.,0.,0.,0.042153,
   0.,0.,0.,0.,0.,0.,0.,0.,0.,0.,0.,.0,
@4 fuel, pt=0., 2% pu239
@ 0.00000    ,  @   xe35
@ 0.00000    ,  @   sm49
@ 0.63200e-04,  @   u235
@ 0.21000e-01,  @   u238
@ 0.40000e-03,  @   pu39
@ 0.30000e-04,  @   pu40
@ 0.00000    ,  @   pu41
@ 0.00000    ,  @   pu42
@ 0.00000    ,  @   fp35
@ 0.00000    ,  @   fp39
@ 0.42153e-01,  @   o
@ 12*0.00000    ,  @   *h* - al
@4 fuel, pt=0., 1.5% pu239
@ 0.00000    ,  @   xe35
@ 0.00000    ,  @   sm49
@ 0.63200e-04,  @   u235
@ 0.21000e-01,  @   u238
@ 0.30000e-03,  @   pu39
@ 0.22500e-04,  @   pu40
@ 0.00000    ,  @   pu41
@ 0.00000    ,  @   pu42
@ 0.00000    ,  @   fp35
@ 0.00000    ,  @   fp39
@ 0.42153e-01,  @   o
@ 12*0.00000    ,  @   *h* - al
@4 fuel, pt=0., 1.85% pu239 n(u+pu)=0.021386
@ 0.00000    ,  @   xe35
@ 0.00000    ,  @   sm49
@ 0.63200e-04,  @   u235
@ 0.21000e-01,  @   u238
@ 0.30000e-03,  @   pu39
@ 0.22500e-04,  @   pu40
@ 0.00000    ,  @   pu41
@ 0.00000    ,  @   pu42
@ 0.00000    ,  @   fp35
@ 0.00000    ,  @   fp39
@ 0.42153e-01,  @   o
@ 12*0.00000 ,  @   *h* - al
@@5 zr
   0.,0.,0.,0.,0.,0.,0.,0.,0.,0.,0.,0.00,0.000,0.043352,
   0.,1.33e-5,8.04e-4,.0,.0,0.,0.,0.,.0,
@6 h2o   in fuel chenell ( zr-dist.lett.)
@@ h2o = 1
@   0.,0.,0.,0.,0.,0.,0.,0.,0.,0.,0.,0.06692,0.033460,0.,
@@ h2o = 0.78
   0.,0.,0.,0.,0.,0.,0.,0.,0.,0.,0.,0.05220,0.026100,0.,
@@ h2o = 0.78*0.95
@   0.,0.,0.,0.,0.,0.,0.,0.,0.,0.,0.,0.04959,0.024795,0.,
   0.,0.,0.00e-4,.0,.0,4.82e-4,1.35e-4,6.65e-5,.0,
@7 suz h2o
    0.,0.,0.,0.,0.,0.,0.,0.,0.,0.,0.,6.7e-2,3.35e-2,0.,
    0.,0.00000,0.00000,0.,0.,0.,0.,0.,0.,
@    0.,0.,0.,0.,0.,0.,0.,0.,0.,0.,0.,6.7e-7,3.35e-7,0.,
@    0.,0.00000,0.00000,0.,0.,0.,0.,0.,0.,
@7 suz h2o*0.95
@    0.,0.,0.,0.,0.,0.,0.,0.,0.,0.,0.,0.06365,0.031825,0.,
@    0.,0.00000,0.00000,0.,0.,0.,0.,0.,0.,
@8  suz al
    0.,0.,0.,0.,0.,0.,0.,0.,0.,0.,0.,0.,0.,0.00000,
    0.,0.00000,0.00000,0.,0.,0.,0.,0.,5.9784e-2,
@9  suz b4c
    0.,0.,0.,0.,0.,0.,0.,0.,0.,0.,0.,0.,0.,0.,
    1.9626e-2,0.00000,0.00000,1.5555e-2,0.,0.,0.,0.,0.,
@10 suz tube zr+hf+nb
    0.,0.,0.,0.,0.,0.,0.,0.,0.,0.,0.,0.00000,0.000000,4.551e-2,
    0.,7.40e-6,9.388e-3,0.,0.,0.,0.,0.,0.,
@11 h2o+zr in fuel chenell ,  h2o = 1  ( zr-dist.lett.+ cover of fuel)
@  0.00000e+00,
@  0.00000e+00,
@  0.00000e+00,
@  0.00000e+00,
@  0.00000e+00,
@  0.00000e+00,
@  0.00000e+00,
@  0.00000e+00,
@  0.00000e+00,
@  0.00000e+00,
@  0.00000e+00,
@  0.51820e-01,
@  0.25910e-01,
@  0.97817e-02,
@  0.00000e+00,
@  0.30009e-05,
@  0.18141e-03,
@  0.00000e+00,
@  0.00000e+00,
@  0.37324e-03,
@  0.10454e-03,
@  0.51495e-04,
@  0.00000e+00,
@@11 h2o+zr in fuel chenell ,h2o = 0.78 ( zr-dist.lett.+ cover of fuel)
  0.00000e+00,
  0.00000e+00,
  0.00000e+00,
  0.00000e+00,
  0.00000e+00,
  0.00000e+00,
  0.00000e+00,
  0.00000e+00,
  0.00000e+00,
  0.00000e+00,
  0.00000e+00,
  0.40422e-01,
  0.20211e-01,
  0.97817e-02,
  0.00000e+00,
  0.30009e-05,
  0.18141e-03,
  0.00000e+00,
  0.00000e+00,
  0.37324e-03,
  0.10454e-03,
  0.51495e-04,
  0.00000e+00,
@12 h2o+zr in fuel chenell ,h2o = 0. ( zr-dist.lett.+ cover of fuel)
  0.00000e+00,
  0.00000e+00,
  0.00000e+00,
  0.00000e+00,
  0.00000e+00,
  0.00000e+00,
  0.00000e+00,
  0.00000e+00,
  0.00000e+00,
  0.00000e+00,
  0.00000e+00,
  0.00000e+00,
  0.00000e+00,
  0.97817e-02,
  0.00000e+00,
  0.30009e-05,
  0.18141e-03,
  0.00000e+00,
  0.00000e+00,
  0.37324e-03,
  0.10454e-03,
  0.51495e-04,
  0.00000e+00,
@13  c+b-10  vitesnitel
  0.,0.,0.,0.,0.,0.,0.,0.,0.,0.,0.,0.,0.,0.,
  4.2462e-2,0.,0.,8.865e-9,0.,0.,0.,0.,0.,
@14  h2o+al+zr vitesnitel
  0.,0.,0.,0.,0.,0.,0.,0.,0.,0.,0.,2.47e-2,1.235e-2,1.31e-2,
  0.,2.23e-6,2.83e-3,0.,0.,0.,0.,0.,0.,
@15 grafit
   0.,0.,0.,0.,0.,0.,0.,0.,0.,0.,0.,0.,0.,0.,0.085075,0.,0.,1.8e-8,.0,
   0.,0.,0.,.0,
@16 fuel u - nomin 1 sloi
@   0.26423e-08, @ xe35
@   0.23249e-07, @ sm49
@   0.19666e-03, @ u235
@   0.20503e-01, @ u238
@   0.44320e-04, @ pu39
@   0.21649e-04, @ pu40
@   0.57816e-05, @ pu41
@   0.22316e-05, @ pu42
@   0.18295e-03, @ fp35
@   0.71209e-04, @ fp39
@   0.42153e-01, @ o
@   0.00000e+00, @ *h*
@   0.00000e+00, @ *o*
@   0.00000e+00, @ zr
@   0.00000e+00, @ *c*
@   0.00000e+00, @ hf
@   0.00000e+00, @ nb
@   0.00000e+00, @ b-10
@   0.35601e-04, @ u236
@   0.00000e+00, @ fe
@   0.00000e+00, @ cr
@   0.00000e+00, @ ni
@   0.00000e+00, @ al
@17 fuel u - nomin 2 sloi
@  0.25715e-08,@ xe35
@  0.21597e-07,@ sm49
@  0.17635e-03,@ u235
@  0.20479e-01,@ u238
@  0.40341e-04,@ pu39
@  0.24438e-04,@ pu40
@  0.66605e-05,@ pu41
@  0.32854e-05,@ pu42
@  0.19745e-03,@ fp35
@  0.86962e-04,@ fp39
@  0.42153e-01,@ o
@  0.00000e+00,@ *h*
@  0.00000e+00,@ *o*
@  0.00000e+00,@ zr
@  0.00000e+00,@ *c*
@  0.00000e+00,@ hf
@  0.00000e+00,@ nb
@  0.00000e+00,@ b-10
@  0.38599e-04,@ u236
@  0.00000e+00,@ fe
@  0.00000e+00,@ cr
@  0.00000e+00,@ ni
@  0.00000e+00,@ al
@@16 fuel pu - nomin 1 sloi xp=1.85
   0.29241e-08, @ xe35
   0.30821e-07, @ sm49
   0.34616e-04, @ u235
   0.20846e-01, @ u238
   0.13993e-03, @ pu39
   0.76613e-04, @ pu40
   0.18502e-04, @ pu41
   0.71851e-05, @ pu42
   0.34694e-04, @ fp35
   0.20978e-03, @ fp39
   0.42153e-01, @ o
   0.00000e+00, @ *h*
   0.00000e+00, @ *o*
   0.00000e+00, @ zr
   0.00000e+00, @ *c*
   0.00000e+00, @ hf
   0.00000e+00, @ nb
   0.00000e+00, @ b-10
   0.47393e-05, @ u236
   0.00000e+00, @ fe
   0.00000e+00, @ cr
   0.00000e+00, @ ni
   0.00000e+00, @ al
@@17 fuel pu - nomin 2 sloi  xp=1.85
  0.27688e-08,@ xe35
  0.26717e-07,@ sm49
  0.30016e-04,@ u235
  0.20828e-01,@ u238
  0.11071e-03,@ pu39
  0.79151e-04,@ pu40
  0.19792e-04,@ pu41
  0.10774e-04,@ pu42
  0.36978e-04,@ fp35
  0.24991e-03,@ fp39
  0.42153e-01,@ o
  0.00000e+00,@ *h*
  0.00000e+00,@ *o*
  0.00000e+00,@ zr
  0.00000e+00,@ *c*
  0.00000e+00,@ hf
  0.00000e+00,@ nb
  0.00000e+00,@ b-10
  0.53897e-05,@ u236
  0.00000e+00,@ fe
  0.00000e+00,@ cr
  0.00000e+00,@ ni
  0.00000e+00,@ al
@
@   t=2*300.,300.,12*300.,
@  zr     tub  c    fuei zr   h2of h2os al   b10  tubs  h2of
  t=543.,543.,873.,773.,493.,543.,380.,380.,380.,380., 543.,543.,
@              c   fuel
    380.,380.,873.,773.,773.,
@ tf+300
@    380.,380.,873.,1073.,1073.,
@       iout(2)=1,rfuel=0.5915,rcon=0.6815,nrow=2,nsosc=4,5,6,
@       ntvel=18,
@  rbmk -  4 zones-3 fuel cells( 3 fuel zones (tvs))+ otr
@ exsampl 1. one row in evry zon
   alout=0.,1.,0.,0.,
	 0.125,0.500,0.375,0.,
	 0.,0.1875,0.500,0.3125,
	 0.,0.,0.21,0.500,
   krat=1,8,16,24,
@ exsampl 2. two row in evry zon
@   alout=0.67,0.33,0.,0.,
@	 0.075,0.750,0.175,0.,
@	 0.,0.095,0.750,0.153,
@	 0.,0.,0.23,0.500,
@   krat=9,40,72,48,
   ntcell=1,2,3,4,
   &end
xe35     1
sm49     2
u235     3
u238     4
pu39     5
pu40     6
pu41     7
pu42     8
fp35     9
fp39     10
o        11
d        12
*o*      13
zr       14
*c*      15
hf       16
nb       17
b-10     18
u236     19
fe       20
cr       21
ni       22
al       23
****
:fier
 &vvod
 &end
@:stop
@:macro
 &vvod
  et=10.5e+6,2.15,2.15,0.,
  nbv=0,0,1,0,1,
 &end
@:macro
 &vvod
  et=10.5e+6,0.,
  nbv=0,0,1,0,2,
 &end
:macro
 &vvod
  et=10.5e+6,2.15,2.15,0.,
  nbv=14*1,14*2,14*3,14*4,
 &end
:micro
 &vvod
  et=10.5e+6,2.15,2.15,0.,
  nbv=14*1,14*2,14*3,14*4,
 &end
:prnt
:stop
 ***** end of   file of input data set *******
:poly                                                                           
  *******<< check input data>> programm declare *******
    --undeclared parametr--cefzad  -- programm standart value --cefzad  =  0.100000E+01
  *******<< check input data>> programm declare *******
    --undeclared parametr--bakl    -- programm standart value --bakl    =  0.000000E+00
  *******<< check input data>> programm declare *******
    --undeclared parametr--alin    -- programm standart value --alin    =  0.000000E+00  0.000000E+00
     0.000000E+00  0.000000E+00  0.000000E+00  0.000000E+00  0.000000E+00  0.000000E+00  0.000000E+00
     0.000000E+00  0.000000E+00  0.000000E+00  0.000000E+00  0.000000E+00  0.000000E+00  0.000000E+00
  *******<< check input data>> programm declare *******
    --undeclared parametr--alcorr  -- programm standart value --alcorr  =  0.100000E+01  0.100000E+01
     0.100000E+01  0.100000E+01  0.100000E+01  0.100000E+01  0.100000E+01  0.100000E+01  0.100000E+01
     0.100000E+01  0.100000E+01  0.100000E+01  0.100000E+01  0.100000E+01  0.100000E+01  0.100000E+01
  *******<< check input data>> programm declare *******
    --uncorrected definition--alin    --bat programm use this value --alin      0.000000E+00  0.000000E+00
     0.000000E+00  0.000000E+00  0.000000E+00  0.000000E+00  0.000000E+00  0.000000E+00  0.000000E+00
     0.000000E+00  0.000000E+00  0.000000E+00  0.000000E+00  0.000000E+00  0.000000E+00  0.000000E+00
  *******<< check input data>> programm declare *******
    --uncorrected definition--alout   --bat programm use this value --alout     0.000000E+00  0.100000E+01
     0.000000E+00  0.000000E+00  0.125000E+00  0.500000E+00  0.375000E+00  0.000000E+00  0.000000E+00
     0.187500E+00  0.500000E+00  0.312500E+00  0.000000E+00  0.000000E+00  0.210000E+00  0.500000E+00
  *******<< check input data>> programm declare *******
    --undeclared parametr--nbv     -- programm standart value --nbv     =    1    1    1    1    1    1
       1    1    1    1    1    1    1    1    1    1    1    1    1    1    1    1    1    1    1    1
       1    1    1    1    1    1    1    1    1    1    1    1    1    1    1    1    1    1    1    1
       1    1    1    1    1    1    1    1    1    1
  *******<< check input data>> programm declare *******
    --undeclared parametr--et      -- programm standart value --et      =  0.105000E+08  0.215000E+01
     0.215000E+01  0.000000E+00
    ????  storage for pr. getter =     5600 ?? common /rrr/ rab(        0 )  ????
 ------------------------------------------------------------------------------
  backling =  0.0000000E+00
 ------------------------------------------------------------------------------
  number of cells =           4
          cell number    1  number of zone=14
 << geometry characteristics >>
    geometry of cell- cilindrical index=           2
  kratnost of cell =   1.000000    
  inner radius of cell =  0.0000000E+00
  out square ratio =  0.0000000E+00   1.000000      0.0000000E+00  0.0000000E+00
 ------------------------------------------------------------------------------
 num zone      1           2           3           4           5           6
 radius   0.75000E+00 0.12266E+01 0.18984E+01 0.28582E+01 0.35168E+01 0.36779E+01
 temper   0.54300E+03 0.54300E+03 0.77300E+03 0.54300E+03 0.77300E+03 0.54300E+03
 rez_izot    bad         bad         u238        bad         u238        bad 
 ------------------------------------------------------------------------------
    izotop   /             concentration number of izotops=23
  1 xe35     0.00000E+00 0.00000E+00 0.29241E-08 0.00000E+00 0.27688E-08 0.00000E+00
  2 sm49     0.00000E+00 0.00000E+00 0.30821E-07 0.00000E+00 0.26717E-07 0.00000E+00
  3 u235     0.00000E+00 0.00000E+00 0.34616E-04 0.00000E+00 0.30016E-04 0.00000E+00
  4 u238     0.00000E+00 0.00000E+00 0.20846E-01 0.00000E+00 0.20828E-01 0.00000E+00
  5 pu39     0.00000E+00 0.00000E+00 0.13993E-03 0.00000E+00 0.11071E-03 0.00000E+00
  6 pu40     0.00000E+00 0.00000E+00 0.76613E-04 0.00000E+00 0.79151E-04 0.00000E+00
  7 pu41     0.00000E+00 0.00000E+00 0.18502E-04 0.00000E+00 0.19792E-04 0.00000E+00
  8 pu42     0.00000E+00 0.00000E+00 0.71851E-05 0.00000E+00 0.10774E-04 0.00000E+00
  9 fp35     0.00000E+00 0.00000E+00 0.34694E-04 0.00000E+00 0.36978E-04 0.00000E+00
 10 fp39     0.00000E+00 0.00000E+00 0.20978E-03 0.00000E+00 0.24991E-03 0.00000E+00
 11 o        0.00000E+00 0.00000E+00 0.42153E-01 0.00000E+00 0.42153E-01 0.00000E+00
 12 d        0.00000E+00 0.40422E-01 0.00000E+00 0.40422E-01 0.00000E+00 0.40422E-01
 13 *o*      0.00000E+00 0.20211E-01 0.00000E+00 0.20211E-01 0.00000E+00 0.20211E-01
 14 zr       0.33900E-01 0.97817E-02 0.00000E+00 0.97817E-02 0.00000E+00 0.97817E-02
 16 hf       0.10400E-04 0.30009E-05 0.00000E+00 0.30009E-05 0.00000E+00 0.30009E-05
 17 nb       0.62845E-03 0.18141E-03 0.00000E+00 0.18141E-03 0.00000E+00 0.18141E-03
 19 u236     0.00000E+00 0.00000E+00 0.47393E-05 0.00000E+00 0.53897E-05 0.00000E+00
 20 fe       0.00000E+00 0.37324E-03 0.00000E+00 0.37324E-03 0.00000E+00 0.37324E-03
 21 cr       0.00000E+00 0.10454E-03 0.00000E+00 0.10454E-03 0.00000E+00 0.10454E-03
 22 ni       0.00000E+00 0.51495E-04 0.00000E+00 0.51495E-04 0.00000E+00 0.51495E-04
 num zone      7           8           9          10          11          12
 radius   0.38389E+01 0.40000E+01 0.44000E+01 0.50000E+01 0.65000E+01 0.90000E+01
 temper   0.54300E+03 0.54300E+03 0.54300E+03 0.87300E+03 0.87300E+03 0.87300E+03
 rez_izot    bad         bad         bad         bad         bad         bad 
 ------------------------------------------------------------------------------
    izotop   /             concentration number of izotops=23
 12 d        0.40422E-01 0.40422E-01 0.00000E+00 0.66220E-01 0.66220E-01 0.66220E-01
 13 *o*      0.20211E-01 0.20211E-01 0.00000E+00 0.33110E-01 0.33110E-01 0.33110E-01
 14 zr       0.97817E-02 0.97817E-02 0.42780E-01 0.00000E+00 0.00000E+00 0.00000E+00
 16 hf       0.30009E-05 0.30009E-05 0.70000E-05 0.00000E+00 0.00000E+00 0.00000E+00
 17 nb       0.18141E-03 0.18141E-03 0.10690E-02 0.00000E+00 0.00000E+00 0.00000E+00
 20 fe       0.37324E-03 0.37324E-03 0.00000E+00 0.00000E+00 0.00000E+00 0.00000E+00
 21 cr       0.10454E-03 0.10454E-03 0.00000E+00 0.00000E+00 0.00000E+00 0.00000E+00
 22 ni       0.51495E-04 0.51495E-04 0.00000E+00 0.00000E+00 0.00000E+00 0.00000E+00
 num zone     13          14
 radius   0.11300E+02 0.14105E+02
 temper   0.87300E+03 0.87300E+03
 rez_izot    bad         bad 
 ------------------------------------------------------------------------------
    izotop   /             concentration number of izotops=23
 12 d        0.66220E-01 0.66220E-01
 13 *o*      0.33110E-01 0.33110E-01
 ------------------------------------------------------------------------------
  number of cells =           4
          cell number    2  number of zone=14
 << geometry characteristics >>
    geometry of cell- cilindrical index=           2
  kratnost of cell =   8.000000    
  inner radius of cell =  0.0000000E+00
  out square ratio =  0.1250000      0.5000000      0.3750000      0.0000000E+00
 ------------------------------------------------------------------------------
 num zone     15          16          17          18          19          20
 radius   0.75000E+00 0.12266E+01 0.18984E+01 0.28582E+01 0.35168E+01 0.36779E+01
 temper   0.54300E+03 0.54300E+03 0.77300E+03 0.54300E+03 0.77300E+03 0.54300E+03
 rez_izot    bad         bad         u238        bad         u238        bad 
 ------------------------------------------------------------------------------
    izotop   /             concentration number of izotops=23
  1 xe35     0.00000E+00 0.00000E+00 0.29241E-08 0.00000E+00 0.27688E-08 0.00000E+00
  2 sm49     0.00000E+00 0.00000E+00 0.30821E-07 0.00000E+00 0.26717E-07 0.00000E+00
  3 u235     0.00000E+00 0.00000E+00 0.34616E-04 0.00000E+00 0.30016E-04 0.00000E+00
  4 u238     0.00000E+00 0.00000E+00 0.20846E-01 0.00000E+00 0.20828E-01 0.00000E+00
  5 pu39     0.00000E+00 0.00000E+00 0.13993E-03 0.00000E+00 0.11071E-03 0.00000E+00
  6 pu40     0.00000E+00 0.00000E+00 0.76613E-04 0.00000E+00 0.79151E-04 0.00000E+00
  7 pu41     0.00000E+00 0.00000E+00 0.18502E-04 0.00000E+00 0.19792E-04 0.00000E+00
  8 pu42     0.00000E+00 0.00000E+00 0.71851E-05 0.00000E+00 0.10774E-04 0.00000E+00
  9 fp35     0.00000E+00 0.00000E+00 0.34694E-04 0.00000E+00 0.36978E-04 0.00000E+00
 10 fp39     0.00000E+00 0.00000E+00 0.20978E-03 0.00000E+00 0.24991E-03 0.00000E+00
 11 o        0.00000E+00 0.00000E+00 0.42153E-01 0.00000E+00 0.42153E-01 0.00000E+00
 12 d        0.00000E+00 0.40422E-01 0.00000E+00 0.40422E-01 0.00000E+00 0.40422E-01
 13 *o*      0.00000E+00 0.20211E-01 0.00000E+00 0.20211E-01 0.00000E+00 0.20211E-01
 14 zr       0.33900E-01 0.97817E-02 0.00000E+00 0.97817E-02 0.00000E+00 0.97817E-02
 16 hf       0.10400E-04 0.30009E-05 0.00000E+00 0.30009E-05 0.00000E+00 0.30009E-05
 17 nb       0.62845E-03 0.18141E-03 0.00000E+00 0.18141E-03 0.00000E+00 0.18141E-03
 19 u236     0.00000E+00 0.00000E+00 0.47393E-05 0.00000E+00 0.53897E-05 0.00000E+00
 20 fe       0.00000E+00 0.37324E-03 0.00000E+00 0.37324E-03 0.00000E+00 0.37324E-03
 21 cr       0.00000E+00 0.10454E-03 0.00000E+00 0.10454E-03 0.00000E+00 0.10454E-03
 22 ni       0.00000E+00 0.51495E-04 0.00000E+00 0.51495E-04 0.00000E+00 0.51495E-04
 num zone     21          22          23          24          25          26
 radius   0.38389E+01 0.40000E+01 0.44000E+01 0.50000E+01 0.65000E+01 0.90000E+01
 temper   0.54300E+03 0.54300E+03 0.54300E+03 0.87300E+03 0.87300E+03 0.87300E+03
 rez_izot    bad         bad         bad         bad         bad         bad 
 ------------------------------------------------------------------------------
    izotop   /             concentration number of izotops=23
 12 d        0.40422E-01 0.40422E-01 0.00000E+00 0.66220E-01 0.66220E-01 0.66220E-01
 13 *o*      0.20211E-01 0.20211E-01 0.00000E+00 0.33110E-01 0.33110E-01 0.33110E-01
 14 zr       0.97817E-02 0.97817E-02 0.42780E-01 0.00000E+00 0.00000E+00 0.00000E+00
 16 hf       0.30009E-05 0.30009E-05 0.70000E-05 0.00000E+00 0.00000E+00 0.00000E+00
 17 nb       0.18141E-03 0.18141E-03 0.10690E-02 0.00000E+00 0.00000E+00 0.00000E+00
 20 fe       0.37324E-03 0.37324E-03 0.00000E+00 0.00000E+00 0.00000E+00 0.00000E+00
 21 cr       0.10454E-03 0.10454E-03 0.00000E+00 0.00000E+00 0.00000E+00 0.00000E+00
 22 ni       0.51495E-04 0.51495E-04 0.00000E+00 0.00000E+00 0.00000E+00 0.00000E+00
 num zone     27          28
 radius   0.11300E+02 0.14105E+02
 temper   0.87300E+03 0.87300E+03
 rez_izot    bad         bad 
 ------------------------------------------------------------------------------
    izotop   /             concentration number of izotops=23
 12 d        0.66220E-01 0.66220E-01
 13 *o*      0.33110E-01 0.33110E-01
 ------------------------------------------------------------------------------
  number of cells =           4
          cell number    3  number of zone=14
 << geometry characteristics >>
    geometry of cell- cilindrical index=           2
  kratnost of cell =   16.00000    
  inner radius of cell =  0.0000000E+00
  out square ratio =  0.0000000E+00  0.1875000      0.5000000      0.3125000    
 ------------------------------------------------------------------------------
 num zone     29          30          31          32          33          34
 radius   0.75000E+00 0.12266E+01 0.18984E+01 0.28582E+01 0.35168E+01 0.36779E+01
 temper   0.54300E+03 0.54300E+03 0.77300E+03 0.54300E+03 0.77300E+03 0.54300E+03
 rez_izot    bad         bad         u238        bad         u238        bad 
 ------------------------------------------------------------------------------
    izotop   /             concentration number of izotops=23
  1 xe35     0.00000E+00 0.00000E+00 0.29241E-08 0.00000E+00 0.27688E-08 0.00000E+00
  2 sm49     0.00000E+00 0.00000E+00 0.30821E-07 0.00000E+00 0.26717E-07 0.00000E+00
  3 u235     0.00000E+00 0.00000E+00 0.34616E-04 0.00000E+00 0.30016E-04 0.00000E+00
  4 u238     0.00000E+00 0.00000E+00 0.20846E-01 0.00000E+00 0.20828E-01 0.00000E+00
  5 pu39     0.00000E+00 0.00000E+00 0.13993E-03 0.00000E+00 0.11071E-03 0.00000E+00
  6 pu40     0.00000E+00 0.00000E+00 0.76613E-04 0.00000E+00 0.79151E-04 0.00000E+00
  7 pu41     0.00000E+00 0.00000E+00 0.18502E-04 0.00000E+00 0.19792E-04 0.00000E+00
  8 pu42     0.00000E+00 0.00000E+00 0.71851E-05 0.00000E+00 0.10774E-04 0.00000E+00
  9 fp35     0.00000E+00 0.00000E+00 0.34694E-04 0.00000E+00 0.36978E-04 0.00000E+00
 10 fp39     0.00000E+00 0.00000E+00 0.20978E-03 0.00000E+00 0.24991E-03 0.00000E+00
 11 o        0.00000E+00 0.00000E+00 0.42153E-01 0.00000E+00 0.42153E-01 0.00000E+00
 12 d        0.00000E+00 0.40422E-01 0.00000E+00 0.40422E-01 0.00000E+00 0.40422E-01
 13 *o*      0.00000E+00 0.20211E-01 0.00000E+00 0.20211E-01 0.00000E+00 0.20211E-01
 14 zr       0.33900E-01 0.97817E-02 0.00000E+00 0.97817E-02 0.00000E+00 0.97817E-02
 16 hf       0.10400E-04 0.30009E-05 0.00000E+00 0.30009E-05 0.00000E+00 0.30009E-05
 17 nb       0.62845E-03 0.18141E-03 0.00000E+00 0.18141E-03 0.00000E+00 0.18141E-03
 19 u236     0.00000E+00 0.00000E+00 0.47393E-05 0.00000E+00 0.53897E-05 0.00000E+00
 20 fe       0.00000E+00 0.37324E-03 0.00000E+00 0.37324E-03 0.00000E+00 0.37324E-03
 21 cr       0.00000E+00 0.10454E-03 0.00000E+00 0.10454E-03 0.00000E+00 0.10454E-03
 22 ni       0.00000E+00 0.51495E-04 0.00000E+00 0.51495E-04 0.00000E+00 0.51495E-04
 num zone     35          36          37          38          39          40
 radius   0.38389E+01 0.40000E+01 0.44000E+01 0.50000E+01 0.65000E+01 0.90000E+01
 temper   0.54300E+03 0.54300E+03 0.54300E+03 0.87300E+03 0.87300E+03 0.87300E+03
 rez_izot    bad         bad         bad         bad         bad         bad 
 ------------------------------------------------------------------------------
    izotop   /             concentration number of izotops=23
 12 d        0.40422E-01 0.40422E-01 0.00000E+00 0.66220E-01 0.66220E-01 0.66220E-01
 13 *o*      0.20211E-01 0.20211E-01 0.00000E+00 0.33110E-01 0.33110E-01 0.33110E-01
 14 zr       0.97817E-02 0.97817E-02 0.42780E-01 0.00000E+00 0.00000E+00 0.00000E+00
 16 hf       0.30009E-05 0.30009E-05 0.70000E-05 0.00000E+00 0.00000E+00 0.00000E+00
 17 nb       0.18141E-03 0.18141E-03 0.10690E-02 0.00000E+00 0.00000E+00 0.00000E+00
 20 fe       0.37324E-03 0.37324E-03 0.00000E+00 0.00000E+00 0.00000E+00 0.00000E+00
 21 cr       0.10454E-03 0.10454E-03 0.00000E+00 0.00000E+00 0.00000E+00 0.00000E+00
 22 ni       0.51495E-04 0.51495E-04 0.00000E+00 0.00000E+00 0.00000E+00 0.00000E+00
 num zone     41          42
 radius   0.11300E+02 0.14105E+02
 temper   0.87300E+03 0.87300E+03
 rez_izot    bad         bad 
 ------------------------------------------------------------------------------
    izotop   /             concentration number of izotops=23
 12 d        0.66220E-01 0.66220E-01
 13 *o*      0.33110E-01 0.33110E-01
 ------------------------------------------------------------------------------
  number of cells =           4
          cell number    4  number of zone=14
 << geometry characteristics >>
    geometry of cell- cilindrical index=           2
  kratnost of cell =   24.00000    
  inner radius of cell =  0.0000000E+00
  out square ratio =  0.0000000E+00  0.0000000E+00  0.2100000      0.5000000    
 ------------------------------------------------------------------------------
 num zone     43          44          45          46          47          48
 radius   0.75000E+00 0.12266E+01 0.18984E+01 0.28582E+01 0.35168E+01 0.36779E+01
 temper   0.87300E+03 0.87300E+03 0.87300E+03 0.87300E+03 0.87300E+03 0.87300E+03
 rez_izot    bad         bad         bad         bad         bad         bad 
 ------------------------------------------------------------------------------
    izotop   /             concentration number of izotops=23
 12 d        0.66220E-01 0.66220E-01 0.66220E-01 0.66220E-01 0.66220E-01 0.66220E-01
 13 *o*      0.33110E-01 0.33110E-01 0.33110E-01 0.33110E-01 0.33110E-01 0.33110E-01
 num zone     49          50          51          52          53          54
 radius   0.38389E+01 0.40000E+01 0.44000E+01 0.50000E+01 0.65000E+01 0.90000E+01
 temper   0.87300E+03 0.87300E+03 0.87300E+03 0.87300E+03 0.87300E+03 0.87300E+03
 rez_izot    bad         bad         bad         bad         bad         bad 
 ------------------------------------------------------------------------------
    izotop   /             concentration number of izotops=23
 12 d        0.66220E-01 0.66220E-01 0.66220E-01 0.66220E-01 0.66220E-01 0.66220E-01
 13 *o*      0.33110E-01 0.33110E-01 0.33110E-01 0.33110E-01 0.33110E-01 0.33110E-01
 num zone     55          56
 radius   0.11300E+02 0.14105E+02
 temper   0.87300E+03 0.87300E+03
 rez_izot    bad         bad 
 ------------------------------------------------------------------------------
    izotop   /             concentration number of izotops=23
 12 d        0.66220E-01 0.66220E-01
 13 *o*      0.33110E-01 0.33110E-01
    > CONSYST Program Ver: 98.01 > started at  0: 0: 0:  
    { Manturov G., E-mail: abbn@ippe.rssi.ru}
 
       -------------------------------
 
       CONSYST INPUT DATA READ FROM : cons.dat
       CONSYST PROTOCOL STORED IN   : RESULT
       GMF X-SECTION'S FILE         : OUT
       TEMPORARY FILE               : RAB
       ABBN BASIC DATA SET FROM     : ..\bin\Bnab90.lib
       ABBN MULTIC DATA SET FROM    : ..\bin\Bnabmlt.lib
       ABBN THERMAL DATA SET FROM   : ..\bin\BNABTHM.lib
 
    >   Include Thermal Matrix > D(D2O):BNABTHM.BIN   Temp=  500K
    >   Include Thermal Matrix > D(D2O):BNABTHM.BIN   Temp=  600K
    >   Include Thermal Matrix > D(D2O):BNABTHM.BIN   Temp=  500K
    >   Include Thermal Matrix > D(D2O):BNABTHM.BIN   Temp=  600K
    >   Include Thermal Matrix > D(D2O):BNABTHM.BIN   Temp=  500K
    >   Include Thermal Matrix > D(D2O):BNABTHM.BIN   Temp=  600K
    >   Include Thermal Matrix > D(D2O):BNABTHM.BIN   Temp=  800K
    >   Include Thermal Matrix > D(D2O):BNABTHM.BIN   Temp= 1000K
    >   Include Thermal Matrix > D(D2O):BNABTHM.BIN   Temp=  500K
    >   Include Thermal Matrix > D(D2O):BNABTHM.BIN   Temp=  600K
    >   Include Thermal Matrix > D(D2O):BNABTHM.BIN   Temp=  500K
    >   Include Thermal Matrix > D(D2O):BNABTHM.BIN   Temp=  600K
    >   Include Thermal Matrix > D(D2O):BNABTHM.BIN   Temp=  500K
    >   Include Thermal Matrix > D(D2O):BNABTHM.BIN   Temp=  600K
    >   Include Thermal Matrix > D(D2O):BNABTHM.BIN   Temp=  800K
    >   Include Thermal Matrix > D(D2O):BNABTHM.BIN   Temp= 1000K
    >   Include Thermal Matrix > D(D2O):BNABTHM.BIN   Temp=  500K
    >   Include Thermal Matrix > D(D2O):BNABTHM.BIN   Temp=  600K
    >   Include Thermal Matrix > D(D2O):BNABTHM.BIN   Temp=  500K
    >   Include Thermal Matrix > D(D2O):BNABTHM.BIN   Temp=  600K
    >   Include Thermal Matrix > D(D2O):BNABTHM.BIN   Temp=  500K
    >   Include Thermal Matrix > D(D2O):BNABTHM.BIN   Temp=  600K
    >   Include Thermal Matrix > D(D2O):BNABTHM.BIN   Temp=  800K
    >   Include Thermal Matrix > D(D2O):BNABTHM.BIN   Temp= 1000K
    > CONSYST finished at  0: 0: 0:  
 therm. calculation avoided
 therm. calculation avoided
 therm. calculation avoided
 therm. calculation avoided
 therm. calculation avoided
 therm. calculation avoided
 therm. calculation avoided
 therm. calculation avoided
 therm. calculation avoided
:fier                                                                           
 condensation boundary was changed from  0.21500E+01 to  0.21544E+01
*** 4 *** ;egr=  2.1544    
    keff         nu           mu           fi           teta
   1.0274       1.2646       1.1987      0.71065      0.95378    
 s0z(n)=   0.0000000E+00  0.0000000E+00  0.3237519      0.0000000E+00
  0.6489676      0.0000000E+00  0.0000000E+00  0.0000000E+00  0.0000000E+00
  0.0000000E+00  0.0000000E+00  0.0000000E+00  0.0000000E+00  0.0000000E+00
  0.0000000E+00  0.0000000E+00  0.3237519      0.0000000E+00  0.6489676    
  0.0000000E+00  0.0000000E+00  0.0000000E+00  0.0000000E+00  0.0000000E+00
  0.0000000E+00  0.0000000E+00  0.0000000E+00  0.0000000E+00  0.0000000E+00
  0.0000000E+00  0.3237520      0.0000000E+00  0.6489655      0.0000000E+00
  0.0000000E+00  0.0000000E+00  0.0000000E+00  0.0000000E+00  0.0000000E+00
  0.0000000E+00  0.0000000E+00  0.0000000E+00  0.0000000E+00  0.0000000E+00
  0.0000000E+00  0.0000000E+00  0.0000000E+00  0.0000000E+00  0.0000000E+00
  0.0000000E+00  0.0000000E+00  0.0000000E+00  0.0000000E+00  0.0000000E+00
  0.0000000E+00  0.0000000E+00
:macro                                                                          
 condensation boundary was changed from  0.21500E+01 to  0.21544E+01
 condensation boundary was changed from  0.21500E+01 to  0.21544E+01
    -------------------------------------------------------------------------------
    * n group   * e(i)        * e(i+1)      *spect neutron fission  *
          1       0.10500E+08    2.1544           0.99893    
          2        2.1544        0.0000           0.13215E-08
    *******************************************************************************
                                       **    macro cross section    **
    *******************************************************************************
    ** n zone    1 vzone=  625.02     /  1  2  3  4  5  6  7  8  9 10 11 12 13 14
*grp*flux 1/cm2c  * stotal      * sabs        * sfis.       * nu$sfis.    * 1/3*strans  *1/aver.veloci*aver power
  1  0.5354926E-02 0.3260824     0.1333226E-02 0.2647775E-03 0.7507306E-03  1.274282     0.2185130E-06 0.5630932     0.1725978    
  2  0.3872172E-02 0.3003612     0.4176219E-02 0.1776270E-02 0.5028729E-02  1.348398     0.5316065E-05  1.204134     0.8372676    
                                       * matric. scat.cross. sec. from i to j  *
       i / j -->            1           2
       i        1 0.3141278     0.1062142E-01
       i        2 0.3911596E-04 0.2961458    
    ** n zone    2 vzone=  5000.2     / 15 16 17 18 19 20 21 22 23 24 25 26 27 28
*grp*flux 1/cm2c  * stotal      * sabs        * sfis.       * nu$sfis.    * 1/3*strans  *1/aver.veloci*aver power
  1  0.5206089E-02 0.3258632     0.1341383E-02 0.2692619E-03 0.7634614E-03  1.274946     0.1658971E-05 0.5691600     0.1706425    
  2  0.3852969E-02 0.3006963     0.4186437E-02 0.1783750E-02 0.5049917E-02  1.347325     0.4245471E-04  1.206257     0.8366237    
                                       * matric. scat.cross. sec. from i to j  *
       i / j -->            1           2
       i        1 0.3141873     0.1033437E-01
       i        2 0.3767515E-04 0.2964723    
    ** n zone    3 vzone=  10000.     / 29 30 31 32 33 34 35 36 37 38 39 40 41 42
*grp*flux 1/cm2c  * stotal      * sabs        * sfis.       * nu$sfis.    * 1/3*strans  *1/aver.veloci*aver power
  1  0.4538063E-02 0.3246720     0.1383538E-02 0.2931649E-03 0.8313160E-03  1.278379     0.2630907E-05 0.6008626     0.1619508    
  2  0.3772354E-02 0.3019948     0.4231927E-02 0.1815718E-02 0.5140468E-02  1.343228     0.8416735E-04  1.214687     0.8337995    
                                       * matric. scat.cross. sec. from i to j  *
       i / j -->            1           2
       i        1 0.3139394     0.9349012E-02
       i        2 0.3232895E-04 0.2977307    
    ** n zone    4 vzone=  15001.     / 43 44 45 46 47 48 49 50 51 52 53 54 55 56
*grp*flux 1/cm2c  * stotal      * sabs        * sfis.       * nu$sfis.    * 1/3*strans  *1/aver.veloci*aver power
  1  0.5510786E-03 0.3272057     0.1542220E-04  0.000000      0.000000      1.279559     0.1121855E-05  0.000000      0.000000    
  2  0.3590353E-02 0.3063475     0.2094053E-04  0.000000      0.000000      1.341258     0.1242525E-03  0.000000      0.000000    
                                       * matric. scat.cross. sec. from i to j  *
       i / j -->            1           2
       i        1 0.2972135     0.2997679E-01
       i        2 0.2004134E-04 0.3063064    
:micro                                                                          
 condensation boundary was changed from  0.21500E+01 to  0.21544E+01
 condensation boundary was changed from  0.21500E+01 to  0.21544E+01
    -------------------------------------------------------------------------------
    * n group   * e(i)        * e(i+1)
          1       0.10500E+08    2.1544    
          2        2.1544       0.10000E-04
    ---------------------------------------------------------------------------
         ** microcrossection  ** in   1  zone **v=  625.02    /  1  2  3  4  5  6  7  8  9 10 11 12 13 14
    * n group  * izotop  * at.mas      *dens         *flux 1/cm2c  * capture   * fission  *    * production *
          1       xe35     135.00        0.89287E-10   0.53549E-02    5.2033          0.0000         0.0000    
          2       xe35     135.00        0.89287E-10   0.38722E-02   0.12311E+07      0.0000         0.0000    
          1       sm49     149.00        0.88905E-09   0.53549E-02    27.506          0.0000         0.0000    
          2       sm49     149.00        0.88905E-09   0.38722E-02    35130.          0.0000         0.0000    
          1       u235     235.00        0.99872E-06   0.53549E-02    8.7493          5.9552         0.0000    
          2       u235     235.00        0.99872E-06   0.38722E-02    288.82          245.89         0.0000    
          1       u238     238.00        0.65952E-03   0.53549E-02   0.68863         0.11990         0.0000    
          2       u238     238.00        0.65952E-03   0.38722E-02    1.3198          0.0000         0.0000    
          1       pu39     239.00        0.38129E-05   0.53549E-02    10.257          6.3685         0.0000    
          2       pu39     239.00        0.38129E-05   0.38722E-02    914.08          593.88         0.0000    
          1       pu40     240.00        0.24788E-05   0.53549E-02    4.1291         0.66028         0.0000    
          2       pu40     240.00        0.24788E-05   0.38722E-02    459.11         0.93643E-01     0.0000    
          1       pu41     241.00        0.61292E-06   0.53549E-02    17.977          13.819         0.0000    
          2       pu41     241.00        0.61292E-06   0.38722E-02    814.58          598.52         0.0000    
          1       pu42     242.00        0.30319E-06   0.53549E-02    30.799         0.49349         0.0000    
          2       pu42     242.00        0.30319E-06   0.38722E-02    11.383         0.12470E-02     0.0000    
          1       fp35     116.00        0.11465E-05   0.53549E-02   0.25712          0.0000         0.0000    
          2       fp35     116.00        0.11465E-05   0.38722E-02    4.2804          0.0000         0.0000    
          1       fp39     116.00        0.74876E-05   0.53549E-02   0.25811          0.0000         0.0000    
          2       fp39     116.00        0.74876E-05   0.38722E-02    4.2819          0.0000         0.0000    
          1       o         16.00        0.13344E-02   0.53549E-02   0.44790E-02      0.0000         0.0000    
          2       o         16.00        0.13344E-02   0.38722E-02   0.91554E-04      0.0000         0.0000    
          1       d          2.00        0.61633E-01   0.53549E-02   0.22434E-05      0.0000         0.0000    
          2       d          2.00        0.61633E-01   0.38722E-02   0.25287E-03      0.0000         0.0000    
          1       *o*       16.00        0.30817E-01   0.53549E-02   0.14879E-02      0.0000         0.0000    
          2       *o*       16.00        0.30817E-01   0.38722E-02   0.97466E-04      0.0000         0.0000    
          1       zr        91.00        0.12677E-02   0.53549E-02   0.23153E-01      0.0000         0.0000    
          2       zr        91.00        0.12677E-02   0.38722E-02   0.93350E-01      0.0000         0.0000    
          1       *c*       12.00         0.0000       0.53549E-02   0.20672E-03      0.0000         0.0000    
          2       *c*       12.00         0.0000       0.38722E-02   0.16642E-02      0.0000         0.0000    
          1       hf       178.50        0.28548E-06   0.53549E-02    34.742          0.0000         0.0000    
          2       hf       178.50        0.28548E-06   0.38722E-02    142.94          0.0000         0.0000    
          1       nb        93.00        0.28164E-04   0.53549E-02   0.36536          0.0000         0.0000    
          2       nb        93.00        0.28164E-04   0.38722E-02   0.55214          0.0000         0.0000    
          1       b-10      10.00         0.0000       0.53549E-02    55.125          0.0000         0.0000    
          2       b-10      10.00         0.0000       0.38722E-02    1860.0          0.0000         0.0000    
          1       u236     236.00        0.16375E-06   0.53549E-02    6.6965         0.31665         0.0000    
          2       u236     236.00        0.16375E-06   0.38722E-02    2.4562         0.32718E-01     0.0000    
          1       fe        55.80        0.17146E-04   0.53549E-02   0.28859E-01      0.0000         0.0000    
          2       fe        55.80        0.17146E-04   0.38722E-02    1.2794          0.0000         0.0000    
          1       cr        52.00        0.48024E-05   0.53549E-02   0.29692E-01      0.0000         0.0000    
          2       cr        52.00        0.48024E-05   0.38722E-02    1.4805          0.0000         0.0000    
          1       ni        58.70        0.23656E-05   0.53549E-02   0.67097E-01      0.0000         0.0000    
          2       ni        58.70        0.23656E-05   0.38722E-02    2.1213          0.0000         0.0000    
          1       al        27.00         0.0000       0.53549E-02   0.70486E-02      0.0000         0.0000    
          2       al        27.00         0.0000       0.38722E-02   0.11158          0.0000         0.0000    
    ---------------------------------------------------------------------------
         ** microcrossection  ** in   2  zone **v=  5000.2    / 15 16 17 18 19 20 21 22 23 24 25 26 27 28
    * n group  * izotop  * at.mas      *dens         *flux 1/cm2c  * capture   * fission  *    * production *
          1       xe35     135.00        0.89287E-10   0.52061E-02    5.0562          0.0000         0.0000    
          2       xe35     135.00        0.89287E-10   0.38530E-02   0.12362E+07      0.0000         0.0000    
          1       sm49     149.00        0.88905E-09   0.52061E-02    26.764          0.0000         0.0000    
          2       sm49     149.00        0.88905E-09   0.38530E-02    35271.          0.0000         0.0000    
          1       u235     235.00        0.99872E-06   0.52061E-02    8.5715          5.8436         0.0000    
          2       u235     235.00        0.99872E-06   0.38530E-02    289.81          246.75         0.0000    
          1       u238     238.00        0.65952E-03   0.52061E-02   0.67980         0.12061         0.0000    
          2       u238     238.00        0.65952E-03   0.38530E-02    1.3232          0.0000         0.0000    
          1       pu39     239.00        0.38129E-05   0.52061E-02    10.043          6.2460         0.0000    
          2       pu39     239.00        0.38129E-05   0.38530E-02    917.22          595.93         0.0000    
          1       pu40     240.00        0.24788E-05   0.52061E-02    4.0564         0.66324         0.0000    
          2       pu40     240.00        0.24788E-05   0.38530E-02    456.57         0.93149E-01     0.0000    
          1       pu41     241.00        0.61292E-06   0.52061E-02    17.490          13.458         0.0000    
          2       pu41     241.00        0.61292E-06   0.38530E-02    817.63          600.77         0.0000    
          1       pu42     242.00        0.30319E-06   0.52061E-02    29.997         0.49631         0.0000    
          2       pu42     242.00        0.30319E-06   0.38530E-02    11.370         0.12470E-02     0.0000    
          1       fp35     116.00        0.11465E-05   0.52061E-02   0.25165          0.0000         0.0000    
          2       fp35     116.00        0.11465E-05   0.38530E-02    4.2922          0.0000         0.0000    
          1       fp39     116.00        0.74876E-05   0.52061E-02   0.25263          0.0000         0.0000    
          2       fp39     116.00        0.74876E-05   0.38530E-02    4.2937          0.0000         0.0000    
          1       o         16.00        0.13344E-02   0.52061E-02   0.45054E-02      0.0000         0.0000    
          2       o         16.00        0.13344E-02   0.38530E-02   0.91912E-04      0.0000         0.0000    
          1       d          2.00        0.61633E-01   0.52061E-02   0.22053E-05      0.0000         0.0000    
          2       d          2.00        0.61633E-01   0.38530E-02   0.25360E-03      0.0000         0.0000    
          1       *o*       16.00        0.30817E-01   0.52061E-02   0.15247E-02      0.0000         0.0000    
          2       *o*       16.00        0.30817E-01   0.38530E-02   0.97899E-04      0.0000         0.0000    
          1       zr        91.00        0.12677E-02   0.52061E-02   0.23077E-01      0.0000         0.0000    
          2       zr        91.00        0.12677E-02   0.38530E-02   0.93602E-01      0.0000         0.0000    
          1       *c*       12.00         0.0000       0.52061E-02   0.20949E-03      0.0000         0.0000    
          2       *c*       12.00         0.0000       0.38530E-02   0.16693E-02      0.0000         0.0000    
          1       hf       178.50        0.28548E-06   0.52061E-02    33.690          0.0000         0.0000    
          2       hf       178.50        0.28548E-06   0.38530E-02    141.63          0.0000         0.0000    
          1       nb        93.00        0.28164E-04   0.52061E-02   0.36300          0.0000         0.0000    
          2       nb        93.00        0.28164E-04   0.38530E-02   0.55361          0.0000         0.0000    
          1       b-10      10.00         0.0000       0.52061E-02    53.808          0.0000         0.0000    
          2       b-10      10.00         0.0000       0.38530E-02    1866.1          0.0000         0.0000    
          1       u236     236.00        0.16375E-06   0.52061E-02    6.5044         0.31567         0.0000    
          2       u236     236.00        0.16375E-06   0.38530E-02    2.4622         0.32801E-01     0.0000    
          1       fe        55.80        0.17146E-04   0.52061E-02   0.28410E-01      0.0000         0.0000    
          2       fe        55.80        0.17146E-04   0.38530E-02    1.2829          0.0000         0.0000    
          1       cr        52.00        0.48024E-05   0.52061E-02   0.29194E-01      0.0000         0.0000    
          2       cr        52.00        0.48024E-05   0.38530E-02    1.4846          0.0000         0.0000    
          1       ni        58.70        0.23656E-05   0.52061E-02   0.66599E-01      0.0000         0.0000    
          2       ni        58.70        0.23656E-05   0.38530E-02    2.1271          0.0000         0.0000    
          1       al        27.00         0.0000       0.52061E-02   0.70030E-02      0.0000         0.0000    
          2       al        27.00         0.0000       0.38530E-02   0.11193          0.0000         0.0000    
    ---------------------------------------------------------------------------
         ** microcrossection  ** in   3  zone **v=  10000.    / 29 30 31 32 33 34 35 36 37 38 39 40 41 42
    * n group  * izotop  * at.mas      *dens         *flux 1/cm2c  * capture   * fission  *    * production *
          1       xe35     135.00        0.89287E-10   0.45381E-02    4.4707          0.0000         0.0000    
          2       xe35     135.00        0.89287E-10   0.37724E-02   0.12569E+07      0.0000         0.0000    
          1       sm49     149.00        0.88905E-09   0.45381E-02    23.490          0.0000         0.0000    
          2       sm49     149.00        0.88905E-09   0.37724E-02    35841.          0.0000         0.0000    
          1       u235     235.00        0.99872E-06   0.45381E-02    7.7740          5.3413         0.0000    
          2       u235     235.00        0.99872E-06   0.37724E-02    293.82          250.22         0.0000    
          1       u238     238.00        0.65952E-03   0.45381E-02   0.63972         0.12417         0.0000    
          2       u238     238.00        0.65952E-03   0.37724E-02    1.3367          0.0000         0.0000    
          1       pu39     239.00        0.38129E-05   0.45381E-02    9.0811          5.7002         0.0000    
          2       pu39     239.00        0.38129E-05   0.37724E-02    929.83          604.14         0.0000    
          1       pu40     240.00        0.24788E-05   0.45381E-02    3.7246         0.67811         0.0000    
          2       pu40     240.00        0.24788E-05   0.37724E-02    446.43         0.91172E-01     0.0000    
          1       pu41     241.00        0.61292E-06   0.45381E-02    15.409          11.914         0.0000    
          2       pu41     241.00        0.61292E-06   0.37724E-02    829.93          609.84         0.0000    
          1       pu42     242.00        0.30319E-06   0.45381E-02    26.836         0.51046         0.0000    
          2       pu42     242.00        0.30319E-06   0.37724E-02    11.322         0.12470E-02     0.0000    
          1       fp35     116.00        0.11465E-05   0.45381E-02   0.22632          0.0000         0.0000    
          2       fp35     116.00        0.11465E-05   0.37724E-02    4.3399          0.0000         0.0000    
          1       fp39     116.00        0.74876E-05   0.45381E-02   0.22720          0.0000         0.0000    
          2       fp39     116.00        0.74876E-05   0.37724E-02    4.3413          0.0000         0.0000    
          1       o         16.00        0.13344E-02   0.45381E-02   0.46353E-02      0.0000         0.0000    
          2       o         16.00        0.13344E-02   0.37724E-02   0.93357E-04      0.0000         0.0000    
          1       d          2.00        0.61633E-01   0.45381E-02   0.21013E-05      0.0000         0.0000    
          2       d          2.00        0.61633E-01   0.37724E-02   0.25642E-03      0.0000         0.0000    
          1       *o*       16.00        0.30817E-01   0.45381E-02   0.16701E-02      0.0000         0.0000    
          2       *o*       16.00        0.30817E-01   0.37724E-02   0.99549E-04      0.0000         0.0000    
          1       zr        91.00        0.12677E-02   0.45381E-02   0.22631E-01      0.0000         0.0000    
          2       zr        91.00        0.12677E-02   0.37724E-02   0.94621E-01      0.0000         0.0000    
          1       *c*       12.00         0.0000       0.45381E-02   0.22113E-03      0.0000         0.0000    
          2       *c*       12.00         0.0000       0.37724E-02   0.16891E-02      0.0000         0.0000    
          1       hf       178.50        0.28548E-06   0.45381E-02    29.362          0.0000         0.0000    
          2       hf       178.50        0.28548E-06   0.37724E-02    136.40          0.0000         0.0000    
          1       nb        93.00        0.28164E-04   0.45381E-02   0.34949          0.0000         0.0000    
          2       nb        93.00        0.28164E-04   0.37724E-02   0.55956          0.0000         0.0000    
          1       b-10      10.00         0.0000       0.45381E-02    48.938          0.0000         0.0000    
          2       b-10      10.00         0.0000       0.37724E-02    1889.3          0.0000         0.0000    
          1       u236     236.00        0.16375E-06   0.45381E-02    5.6817         0.31246         0.0000    
          2       u236     236.00        0.16375E-06   0.37724E-02    2.4865         0.33138E-01     0.0000    
          1       fe        55.80        0.17146E-04   0.45381E-02   0.26444E-01      0.0000         0.0000    
          2       fe        55.80        0.17146E-04   0.37724E-02    1.2971          0.0000         0.0000    
          1       cr        52.00        0.48024E-05   0.45381E-02   0.27027E-01      0.0000         0.0000    
          2       cr        52.00        0.48024E-05   0.37724E-02    1.5010          0.0000         0.0000    
          1       ni        58.70        0.23656E-05   0.45381E-02   0.64591E-01      0.0000         0.0000    
          2       ni        58.70        0.23656E-05   0.37724E-02    2.1506          0.0000         0.0000    
          1       al        27.00         0.0000       0.45381E-02   0.68136E-02      0.0000         0.0000    
          2       al        27.00         0.0000       0.37724E-02   0.11331          0.0000         0.0000    
    ---------------------------------------------------------------------------
         ** microcrossection  ** in   4  zone **v=  15001.    / 43 44 45 46 47 48 49 50 51 52 53 54 55 56
    * n group  * izotop  * at.mas      *dens         *flux 1/cm2c  * capture   * fission  *    * production *
          1       xe35     135.00         0.0000       0.55108E-03    37.355          0.0000         0.0000    
          2       xe35     135.00         0.0000       0.35904E-02   0.13386E+07      0.0000         0.0000    
          1       sm49     149.00         0.0000       0.55108E-03    119.01          0.0000         0.0000    
          2       sm49     149.00         0.0000       0.35904E-02    37754.          0.0000         0.0000    
          1       u235     235.00         0.0000       0.55108E-03    32.889          20.759         0.0000    
          2       u235     235.00         0.0000       0.35904E-02    321.16          273.33         0.0000    
          1       u238     238.00         0.0000       0.55108E-03    28.452         0.97046E-02     0.0000    
          2       u238     238.00         0.0000       0.35904E-02    1.4122          0.0000         0.0000    
          1       pu39     239.00         0.0000       0.55108E-03    37.972          22.323         0.0000    
          2       pu39     239.00         0.0000       0.35904E-02    1171.3          751.16         0.0000    
          1       pu40     240.00         0.0000       0.55108E-03    15.579         0.20027         0.0000    
          2       pu40     240.00         0.0000       0.35904E-02    1087.9         0.21834         0.0000    
          1       pu41     241.00         0.0000       0.55108E-03    80.595          62.182         0.0000    
          2       pu41     241.00         0.0000       0.35904E-02    969.36          706.46         0.0000    
          1       pu42     242.00         0.0000       0.55108E-03    266.38         0.71792E-01     0.0000    
          2       pu42     242.00         0.0000       0.35904E-02    10.995         0.12430E-02     0.0000    
          1       fp35     116.00         0.0000       0.55108E-03   0.97121          0.0000         0.0000    
          2       fp35     116.00         0.0000       0.35904E-02    4.5966          0.0000         0.0000    
          1       fp39     116.00         0.0000       0.55108E-03   0.97121          0.0000         0.0000    
          2       fp39     116.00         0.0000       0.35904E-02    4.5966          0.0000         0.0000    
          1       o         16.00         0.0000       0.55108E-03   0.45111E-03      0.0000         0.0000    
          2       o         16.00         0.0000       0.35904E-02   0.10406E-03      0.0000         0.0000    
          1       d          2.00        0.66220E-01   0.55108E-03   0.73533E-05      0.0000         0.0000    
          2       d          2.00        0.66220E-01   0.35904E-02   0.26420E-03      0.0000         0.0000    
          1       *o*       16.00        0.33110E-01   0.55108E-03   0.45108E-03      0.0000         0.0000    
          2       *o*       16.00        0.33110E-01   0.35904E-02   0.10406E-03      0.0000         0.0000    
          1       zr        91.00         0.0000       0.55108E-03   0.72292E-01      0.0000         0.0000    
          2       zr        91.00         0.0000       0.35904E-02   0.96881E-01      0.0000         0.0000    
          1       *c*       12.00         0.0000       0.55108E-03   0.13169E-03      0.0000         0.0000    
          2       *c*       12.00         0.0000       0.35904E-02   0.17437E-02      0.0000         0.0000    
          1       hf       178.50         0.0000       0.55108E-03    184.41          0.0000         0.0000    
          2       hf       178.50         0.0000       0.35904E-02    110.24          0.0000         0.0000    
          1       nb        93.00         0.0000       0.55108E-03   0.76282          0.0000         0.0000    
          2       nb        93.00         0.0000       0.35904E-02   0.57171          0.0000         0.0000    
          1       b-10      10.00         0.0000       0.55108E-03    114.70          0.0000         0.0000    
          2       b-10      10.00         0.0000       0.35904E-02    1953.7          0.0000         0.0000    
          1       u236     236.00         0.0000       0.55108E-03    35.264         0.45001         0.0000    
          2       u236     236.00         0.0000       0.35904E-02    2.6182         0.34964E-01     0.0000    
          1       fe        55.80         0.0000       0.55108E-03   0.91995E-01      0.0000         0.0000    
          2       fe        55.80         0.0000       0.35904E-02    1.3360          0.0000         0.0000    
          1       cr        52.00         0.0000       0.55108E-03   0.99609E-01      0.0000         0.0000    
          2       cr        52.00         0.0000       0.35904E-02    1.5461          0.0000         0.0000    
          1       ni        58.70         0.0000       0.55108E-03   0.13833          0.0000         0.0000    
          2       ni        58.70         0.0000       0.35904E-02    2.2153          0.0000         0.0000    
          1       al        27.00         0.0000       0.55108E-03   0.93803E-02      0.0000         0.0000    
          2       al        27.00         0.0000       0.35904E-02   0.11709          0.0000         0.0000    
:prnt                                                                           
 ------------------------------------------------------------------------------
  backling =  0.0000000E+00
 ------------------------------------------------------------------------------
  number of cells =           4
          cell number    1  number of zone=14
 << geometry characteristics >>
    geometry of cell- cilindrical index=           2
  kratnost of cell =   1.000000    
  inner radius of cell =  0.0000000E+00
  out square ratio =  0.0000000E+00   1.000000      0.0000000E+00  0.0000000E+00
 ------------------------------------------------------------------------------
 num zone      1           2           3           4           5           6
 radius   0.75000E+00 0.12266E+01 0.18984E+01 0.28582E+01 0.35168E+01 0.36779E+01
 temper   0.54300E+03 0.54300E+03 0.77300E+03 0.54300E+03 0.77300E+03 0.54300E+03
 rez_izot    bad         bad         u238        bad         u238        bad 
 ------------------------------------------------------------------------------
    izotop   /             concentration number of izotops=23
  1 xe35     0.00000E+00 0.00000E+00 0.29241E-08 0.00000E+00 0.27688E-08 0.00000E+00
  2 sm49     0.00000E+00 0.00000E+00 0.30821E-07 0.00000E+00 0.26717E-07 0.00000E+00
  3 u235     0.00000E+00 0.00000E+00 0.34616E-04 0.00000E+00 0.30016E-04 0.00000E+00
  4 u238     0.00000E+00 0.00000E+00 0.20846E-01 0.00000E+00 0.20828E-01 0.00000E+00
  5 pu39     0.00000E+00 0.00000E+00 0.13993E-03 0.00000E+00 0.11071E-03 0.00000E+00
  6 pu40     0.00000E+00 0.00000E+00 0.76613E-04 0.00000E+00 0.79151E-04 0.00000E+00
  7 pu41     0.00000E+00 0.00000E+00 0.18502E-04 0.00000E+00 0.19792E-04 0.00000E+00
  8 pu42     0.00000E+00 0.00000E+00 0.71851E-05 0.00000E+00 0.10774E-04 0.00000E+00
  9 fp35     0.00000E+00 0.00000E+00 0.34694E-04 0.00000E+00 0.36978E-04 0.00000E+00
 10 fp39     0.00000E+00 0.00000E+00 0.20978E-03 0.00000E+00 0.24991E-03 0.00000E+00
 11 o        0.00000E+00 0.00000E+00 0.42153E-01 0.00000E+00 0.42153E-01 0.00000E+00
 12 d        0.00000E+00 0.40422E-01 0.00000E+00 0.40422E-01 0.00000E+00 0.40422E-01
 13 *o*      0.00000E+00 0.20211E-01 0.00000E+00 0.20211E-01 0.00000E+00 0.20211E-01
 14 zr       0.33900E-01 0.97817E-02 0.00000E+00 0.97817E-02 0.00000E+00 0.97817E-02
 16 hf       0.10400E-04 0.30009E-05 0.00000E+00 0.30009E-05 0.00000E+00 0.30009E-05
 17 nb       0.62845E-03 0.18141E-03 0.00000E+00 0.18141E-03 0.00000E+00 0.18141E-03
 19 u236     0.00000E+00 0.00000E+00 0.47393E-05 0.00000E+00 0.53897E-05 0.00000E+00
 20 fe       0.00000E+00 0.37324E-03 0.00000E+00 0.37324E-03 0.00000E+00 0.37324E-03
 21 cr       0.00000E+00 0.10454E-03 0.00000E+00 0.10454E-03 0.00000E+00 0.10454E-03
 22 ni       0.00000E+00 0.51495E-04 0.00000E+00 0.51495E-04 0.00000E+00 0.51495E-04
 num zone      7           8           9          10          11          12
 radius   0.38389E+01 0.40000E+01 0.44000E+01 0.50000E+01 0.65000E+01 0.90000E+01
 temper   0.54300E+03 0.54300E+03 0.54300E+03 0.87300E+03 0.87300E+03 0.87300E+03
 rez_izot    bad         bad         bad         bad         bad         bad 
 ------------------------------------------------------------------------------
    izotop   /             concentration number of izotops=23
 12 d        0.40422E-01 0.40422E-01 0.00000E+00 0.66220E-01 0.66220E-01 0.66220E-01
 13 *o*      0.20211E-01 0.20211E-01 0.00000E+00 0.33110E-01 0.33110E-01 0.33110E-01
 14 zr       0.97817E-02 0.97817E-02 0.42780E-01 0.00000E+00 0.00000E+00 0.00000E+00
 16 hf       0.30009E-05 0.30009E-05 0.70000E-05 0.00000E+00 0.00000E+00 0.00000E+00
 17 nb       0.18141E-03 0.18141E-03 0.10690E-02 0.00000E+00 0.00000E+00 0.00000E+00
 20 fe       0.37324E-03 0.37324E-03 0.00000E+00 0.00000E+00 0.00000E+00 0.00000E+00
 21 cr       0.10454E-03 0.10454E-03 0.00000E+00 0.00000E+00 0.00000E+00 0.00000E+00
 22 ni       0.51495E-04 0.51495E-04 0.00000E+00 0.00000E+00 0.00000E+00 0.00000E+00
 num zone     13          14
 radius   0.11300E+02 0.14105E+02
 temper   0.87300E+03 0.87300E+03
 rez_izot    bad         bad 
 ------------------------------------------------------------------------------
    izotop   /             concentration number of izotops=23
 12 d        0.66220E-01 0.66220E-01
 13 *o*      0.33110E-01 0.33110E-01
 ------------------------------------------------------------------------------
  number of cells =           4
          cell number    2  number of zone=14
 << geometry characteristics >>
    geometry of cell- cilindrical index=           2
  kratnost of cell =   8.000000    
  inner radius of cell =  0.0000000E+00
  out square ratio =  0.1250000      0.5000000      0.3750000      0.0000000E+00
 ------------------------------------------------------------------------------
 num zone     15          16          17          18          19          20
 radius   0.75000E+00 0.12266E+01 0.18984E+01 0.28582E+01 0.35168E+01 0.36779E+01
 temper   0.54300E+03 0.54300E+03 0.77300E+03 0.54300E+03 0.77300E+03 0.54300E+03
 rez_izot    bad         bad         u238        bad         u238        bad 
 ------------------------------------------------------------------------------
    izotop   /             concentration number of izotops=23
  1 xe35     0.00000E+00 0.00000E+00 0.29241E-08 0.00000E+00 0.27688E-08 0.00000E+00
  2 sm49     0.00000E+00 0.00000E+00 0.30821E-07 0.00000E+00 0.26717E-07 0.00000E+00
  3 u235     0.00000E+00 0.00000E+00 0.34616E-04 0.00000E+00 0.30016E-04 0.00000E+00
  4 u238     0.00000E+00 0.00000E+00 0.20846E-01 0.00000E+00 0.20828E-01 0.00000E+00
  5 pu39     0.00000E+00 0.00000E+00 0.13993E-03 0.00000E+00 0.11071E-03 0.00000E+00
  6 pu40     0.00000E+00 0.00000E+00 0.76613E-04 0.00000E+00 0.79151E-04 0.00000E+00
  7 pu41     0.00000E+00 0.00000E+00 0.18502E-04 0.00000E+00 0.19792E-04 0.00000E+00
  8 pu42     0.00000E+00 0.00000E+00 0.71851E-05 0.00000E+00 0.10774E-04 0.00000E+00
  9 fp35     0.00000E+00 0.00000E+00 0.34694E-04 0.00000E+00 0.36978E-04 0.00000E+00
 10 fp39     0.00000E+00 0.00000E+00 0.20978E-03 0.00000E+00 0.24991E-03 0.00000E+00
 11 o        0.00000E+00 0.00000E+00 0.42153E-01 0.00000E+00 0.42153E-01 0.00000E+00
 12 d        0.00000E+00 0.40422E-01 0.00000E+00 0.40422E-01 0.00000E+00 0.40422E-01
 13 *o*      0.00000E+00 0.20211E-01 0.00000E+00 0.20211E-01 0.00000E+00 0.20211E-01
 14 zr       0.33900E-01 0.97817E-02 0.00000E+00 0.97817E-02 0.00000E+00 0.97817E-02
 16 hf       0.10400E-04 0.30009E-05 0.00000E+00 0.30009E-05 0.00000E+00 0.30009E-05
 17 nb       0.62845E-03 0.18141E-03 0.00000E+00 0.18141E-03 0.00000E+00 0.18141E-03
 19 u236     0.00000E+00 0.00000E+00 0.47393E-05 0.00000E+00 0.53897E-05 0.00000E+00
 20 fe       0.00000E+00 0.37324E-03 0.00000E+00 0.37324E-03 0.00000E+00 0.37324E-03
 21 cr       0.00000E+00 0.10454E-03 0.00000E+00 0.10454E-03 0.00000E+00 0.10454E-03
 22 ni       0.00000E+00 0.51495E-04 0.00000E+00 0.51495E-04 0.00000E+00 0.51495E-04
 num zone     21          22          23          24          25          26
 radius   0.38389E+01 0.40000E+01 0.44000E+01 0.50000E+01 0.65000E+01 0.90000E+01
 temper   0.54300E+03 0.54300E+03 0.54300E+03 0.87300E+03 0.87300E+03 0.87300E+03
 rez_izot    bad         bad         bad         bad         bad         bad 
 ------------------------------------------------------------------------------
    izotop   /             concentration number of izotops=23
 12 d        0.40422E-01 0.40422E-01 0.00000E+00 0.66220E-01 0.66220E-01 0.66220E-01
 13 *o*      0.20211E-01 0.20211E-01 0.00000E+00 0.33110E-01 0.33110E-01 0.33110E-01
 14 zr       0.97817E-02 0.97817E-02 0.42780E-01 0.00000E+00 0.00000E+00 0.00000E+00
 16 hf       0.30009E-05 0.30009E-05 0.70000E-05 0.00000E+00 0.00000E+00 0.00000E+00
 17 nb       0.18141E-03 0.18141E-03 0.10690E-02 0.00000E+00 0.00000E+00 0.00000E+00
 20 fe       0.37324E-03 0.37324E-03 0.00000E+00 0.00000E+00 0.00000E+00 0.00000E+00
 21 cr       0.10454E-03 0.10454E-03 0.00000E+00 0.00000E+00 0.00000E+00 0.00000E+00
 22 ni       0.51495E-04 0.51495E-04 0.00000E+00 0.00000E+00 0.00000E+00 0.00000E+00
 num zone     27          28
 radius   0.11300E+02 0.14105E+02
 temper   0.87300E+03 0.87300E+03
 rez_izot    bad         bad 
 ------------------------------------------------------------------------------
    izotop   /             concentration number of izotops=23
 12 d        0.66220E-01 0.66220E-01
 13 *o*      0.33110E-01 0.33110E-01
 ------------------------------------------------------------------------------
  number of cells =           4
          cell number    3  number of zone=14
 << geometry characteristics >>
    geometry of cell- cilindrical index=           2
  kratnost of cell =   16.00000    
  inner radius of cell =  0.0000000E+00
  out square ratio =  0.0000000E+00  0.1875000      0.5000000      0.3125000    
 ------------------------------------------------------------------------------
 num zone     29          30          31          32          33          34
 radius   0.75000E+00 0.12266E+01 0.18984E+01 0.28582E+01 0.35168E+01 0.36779E+01
 temper   0.54300E+03 0.54300E+03 0.77300E+03 0.54300E+03 0.77300E+03 0.54300E+03
 rez_izot    bad         bad         u238        bad         u238        bad 
 ------------------------------------------------------------------------------
    izotop   /             concentration number of izotops=23
  1 xe35     0.00000E+00 0.00000E+00 0.29241E-08 0.00000E+00 0.27688E-08 0.00000E+00
  2 sm49     0.00000E+00 0.00000E+00 0.30821E-07 0.00000E+00 0.26717E-07 0.00000E+00
  3 u235     0.00000E+00 0.00000E+00 0.34616E-04 0.00000E+00 0.30016E-04 0.00000E+00
  4 u238     0.00000E+00 0.00000E+00 0.20846E-01 0.00000E+00 0.20828E-01 0.00000E+00
  5 pu39     0.00000E+00 0.00000E+00 0.13993E-03 0.00000E+00 0.11071E-03 0.00000E+00
  6 pu40     0.00000E+00 0.00000E+00 0.76613E-04 0.00000E+00 0.79151E-04 0.00000E+00
  7 pu41     0.00000E+00 0.00000E+00 0.18502E-04 0.00000E+00 0.19792E-04 0.00000E+00
  8 pu42     0.00000E+00 0.00000E+00 0.71851E-05 0.00000E+00 0.10774E-04 0.00000E+00
  9 fp35     0.00000E+00 0.00000E+00 0.34694E-04 0.00000E+00 0.36978E-04 0.00000E+00
 10 fp39     0.00000E+00 0.00000E+00 0.20978E-03 0.00000E+00 0.24991E-03 0.00000E+00
 11 o        0.00000E+00 0.00000E+00 0.42153E-01 0.00000E+00 0.42153E-01 0.00000E+00
 12 d        0.00000E+00 0.40422E-01 0.00000E+00 0.40422E-01 0.00000E+00 0.40422E-01
 13 *o*      0.00000E+00 0.20211E-01 0.00000E+00 0.20211E-01 0.00000E+00 0.20211E-01
 14 zr       0.33900E-01 0.97817E-02 0.00000E+00 0.97817E-02 0.00000E+00 0.97817E-02
 16 hf       0.10400E-04 0.30009E-05 0.00000E+00 0.30009E-05 0.00000E+00 0.30009E-05
 17 nb       0.62845E-03 0.18141E-03 0.00000E+00 0.18141E-03 0.00000E+00 0.18141E-03
 19 u236     0.00000E+00 0.00000E+00 0.47393E-05 0.00000E+00 0.53897E-05 0.00000E+00
 20 fe       0.00000E+00 0.37324E-03 0.00000E+00 0.37324E-03 0.00000E+00 0.37324E-03
 21 cr       0.00000E+00 0.10454E-03 0.00000E+00 0.10454E-03 0.00000E+00 0.10454E-03
 22 ni       0.00000E+00 0.51495E-04 0.00000E+00 0.51495E-04 0.00000E+00 0.51495E-04
 num zone     35          36          37          38          39          40
 radius   0.38389E+01 0.40000E+01 0.44000E+01 0.50000E+01 0.65000E+01 0.90000E+01
 temper   0.54300E+03 0.54300E+03 0.54300E+03 0.87300E+03 0.87300E+03 0.87300E+03
 rez_izot    bad         bad         bad         bad         bad         bad 
 ------------------------------------------------------------------------------
    izotop   /             concentration number of izotops=23
 12 d        0.40422E-01 0.40422E-01 0.00000E+00 0.66220E-01 0.66220E-01 0.66220E-01
 13 *o*      0.20211E-01 0.20211E-01 0.00000E+00 0.33110E-01 0.33110E-01 0.33110E-01
 14 zr       0.97817E-02 0.97817E-02 0.42780E-01 0.00000E+00 0.00000E+00 0.00000E+00
 16 hf       0.30009E-05 0.30009E-05 0.70000E-05 0.00000E+00 0.00000E+00 0.00000E+00
 17 nb       0.18141E-03 0.18141E-03 0.10690E-02 0.00000E+00 0.00000E+00 0.00000E+00
 20 fe       0.37324E-03 0.37324E-03 0.00000E+00 0.00000E+00 0.00000E+00 0.00000E+00
 21 cr       0.10454E-03 0.10454E-03 0.00000E+00 0.00000E+00 0.00000E+00 0.00000E+00
 22 ni       0.51495E-04 0.51495E-04 0.00000E+00 0.00000E+00 0.00000E+00 0.00000E+00
 num zone     41          42
 radius   0.11300E+02 0.14105E+02
 temper   0.87300E+03 0.87300E+03
 rez_izot    bad         bad 
 ------------------------------------------------------------------------------
    izotop   /             concentration number of izotops=23
 12 d        0.66220E-01 0.66220E-01
 13 *o*      0.33110E-01 0.33110E-01
 ------------------------------------------------------------------------------
  number of cells =           4
          cell number    4  number of zone=14
 << geometry characteristics >>
    geometry of cell- cilindrical index=           2
  kratnost of cell =   24.00000    
  inner radius of cell =  0.0000000E+00
  out square ratio =  0.0000000E+00  0.0000000E+00  0.2100000      0.5000000    
 ------------------------------------------------------------------------------
 num zone     43          44          45          46          47          48
 radius   0.75000E+00 0.12266E+01 0.18984E+01 0.28582E+01 0.35168E+01 0.36779E+01
 temper   0.87300E+03 0.87300E+03 0.87300E+03 0.87300E+03 0.87300E+03 0.87300E+03
 rez_izot    bad         bad         bad         bad         bad         bad 
 ------------------------------------------------------------------------------
    izotop   /             concentration number of izotops=23
 12 d        0.66220E-01 0.66220E-01 0.66220E-01 0.66220E-01 0.66220E-01 0.66220E-01
 13 *o*      0.33110E-01 0.33110E-01 0.33110E-01 0.33110E-01 0.33110E-01 0.33110E-01
 num zone     49          50          51          52          53          54
 radius   0.38389E+01 0.40000E+01 0.44000E+01 0.50000E+01 0.65000E+01 0.90000E+01
 temper   0.87300E+03 0.87300E+03 0.87300E+03 0.87300E+03 0.87300E+03 0.87300E+03
 rez_izot    bad         bad         bad         bad         bad         bad 
 ------------------------------------------------------------------------------
    izotop   /             concentration number of izotops=23
 12 d        0.66220E-01 0.66220E-01 0.66220E-01 0.66220E-01 0.66220E-01 0.66220E-01
 13 *o*      0.33110E-01 0.33110E-01 0.33110E-01 0.33110E-01 0.33110E-01 0.33110E-01
 num zone     55          56
 radius   0.11300E+02 0.14105E+02
 temper   0.87300E+03 0.87300E+03
 rez_izot    bad         bad 
 ------------------------------------------------------------------------------
    izotop   /             concentration number of izotops=23
 12 d        0.66220E-01 0.66220E-01
 13 *o*      0.33110E-01 0.33110E-01
:stop                                                                           
