 *****          file of input data set *******
*****          file of input data set *******
:poly
 &vvod
   iout(12)=2,
   nsos=1,2,3,
   r=0.3865,0.455,0.743,
@ ------------------------------------------------------------------------------
 t=        1273.0, 873.0, 575.0,
 troiz=
 @ izotop    / fuel /     / km /       / mod /
 @u235  @ 0.00000  ,0.00000e+00, 0.00000e+00,
 @u238  @ 0.0000   , 0.00000e+00, 0.00000e+00,
 @ o    @ 0.04503  , 0.00000e+00, 0.00000e+00,
 @ fe   @ 0.000e+00, 0.084,       0.00000e+00,
 @ *h*  @ 0.000e+00, 0.00000e+00, 0.027,
 @ *o*  @ 0.000e+00, 0.00000e+00, 0.0135,
 @ u23  @ 0.001126 , 0.000e+00,   0.000e+00,
 @ slag @ 0.000e+00, 0.000e+00,   0.000e+00,
 @ tc99 @ 0.000e+00, 0.000e+00,   0.000e+00,
 @ rh03 @ 0.000e+00, 0.000e+00,   0.000e+00,
 @ ag09 @ 0.000e+00, 0.000e+00,   0.000e+00,
 @ cd13 @ 0.000e+00, 0.000e+00,   0.000e+00,
 @ xe35 @ 0.000e+00, 0.000e+00,   0.000e+00,
 @ sm49 @ 0.000e+00, 0.000e+00,   0.000e+00,
 @ sm51 @ 0.000e+00, 0.000e+00,   0.000e+00,
 @ eu55 @ 0.000e+00, 0.000e+00,   0.000e+00,
 @ gd55 @ 0.000e+00, 0.000e+00,   0.000e+00,
 @gd56  @ 0.000e+00, 0.000e+00,   0.000e+00,
 @gd57  @ 0.000e+00, 0.000e+00,   0.000e+00,
 @np37  @ 0.000e+00, 0.000e+00,   0.000e+00,
 @ np39 @ 0.000e+00, 0.000e+00,   0.000e+00,
 @ pu38 @ 0.000e+00, 0.000e+00,   0.000e+00,
 @ pu39 @ 0.000e+00, 0.000e+00,   0.000e+00,
 @ pu40 @ 0.000e+00, 0.000e+00,   0.000e+00,
 @ pu41 @ 0.000e+00, 0.000e+00,   0.000e+00,
 @ pu42 @ 0.000e+00, 0.000e+00,   0.000e+00,
 @ am41 @ 0.000e+00, 0.000e+00,   0.000e+00,
 @ am2m @ 0.000e+00, 0.000e+00,   0.000e+00,
 @ am43 @ 0.000e+00, 0.000e+00,   0.000e+00,
 @ cm42 @ 0.000e+00, 0.000e+00,   0.000e+00,
 @ cm44 @ 0.000e+00, 0.000e+00,   0.000e+00,
 @ cm45 @ 0.000e+00, 0.000e+00,   0.000e+00,
 @ sm52 @ 0.000e+00, 0.000e+00,   0.000e+00,
 @ xe31 @ 0.000e+00, 0.000e+00,   0.000e+00,
 @ cs33 @ 0.000e+00, 0.000e+00,   0.000e+00,
 @ nd45 @ 0.000e+00, 0.000e+00,   0.000e+00,
 @ nd43 @ 0.000e+00, 0.000e+00,   0.000e+00,
 @ pm47 @ 0.000e+00, 0.000e+00,   0.000e+00,
 @ mo95 @ 0.000e+00, 0.000e+00,   0.000e+00,
 @ cs34 @ 0.000e+00, 0.000e+00,   0.000e+00,
 @ pr41 @ 0.000e+00, 0.000e+00,   0.000e+00,
 @ pm48 @ 0.000e+00, 0.000e+00,   0.000e+00,
 @pm8m  @ 0.000e+00, 0.000e+00,   0.000e+00,
 @ rh05 @ 0.000e+00, 0.000e+00,   0.000e+00,
 @ pm49 @ 0.000e+00, 0.000e+00,   0.000e+00,
 @ kr83 @ 0.000e+00, 0.000e+00,   0.000e+00,
 @ ru01 @ 0.000e+00, 0.000e+00,   0.000e+00,
 @ pd05 @ 0.000e+00, 0.000e+00,   0.000e+00,
 @ cs35 @ 0.000e+00, 0.000e+00,   0.000e+00,
 @ sm50 @ 0.000e+00, 0.000e+00,   0.000e+00,
 @ eu51 @ 0.000e+00, 0.000e+00,   0.000e+00,
 @ eu53 @ 0.000e+00, 0.000e+00,   0.000e+00,
 @ eu54 @ 0.000e+00, 0.000e+00,   0.000e+00,
 @ gd54 @ 0.000e+00, 0.000e+00,   0.000e+00,
 @ am42 @ 0.000e+00, 0.000e+00,   0.000e+00,
 @ cm43 @ 0.000e+00, 0.000e+00,   0.000e+00,
 @ eu   @ 0.2698e+02,0.000e+00,   0.000e+00,
 @ th32 @ 0.021389 , 0.000e+00,   0.00000e+00,
                                                                                                                        
@-------------------------------------------------------------------------------------
 material(1)='chmc',
 &end
u235      1
u238      2
o         3
fe        4
*h*       5
*o*       7
u236     10
slag     11
tc99     12
rh03     13
ag09     14
cd13     15
xe35     16
sm49     17
sm51     18
eu55     19
gd55     20
gd56     21
gd57     22
np37     23
np39     24
pu38     25
pu39     26
pu40     27
pu41     28
pu42     29
am41     30
am2m     31
am43     32
cm42     33
cm44     34
cm45     35
sm52     40
xe31     41
cs33     42
nd45     43
nd43     44
pm47     45
mo95     46
cs34     47
pr41     48
pm48     49
pm8m     50
rh05     51
pm49     52
kr83     53
ru01     54
pd05     55
cs35     56
sm50     57
eu51     58
eu53     59
eu54     60
gd54     61
am42     62
cm43     63
                                                                                                                        
****
                                                                                                                        
:fier
 &vvod &end
                                                                                                                        
@:stop
:burn
 &vvod qv=70.6,dtim=250,
 &end
:fier
 &vvod &end
@:stop
@---------------------------------------------------
:corr
 &vvod
  roiz(125)=
 @ u235  @ 0.00000e+00,
 @ u238  @ 0.00000e+00,
 @ o     @ 0.00000e+00,
 @ fe    @ 0.00000e+00,
 @ *h*   @ 0.031,
 @ *o*   @ 0.0155,
 &end
:cont
:fier
&vvod &end
:burn
 &vvod qv=70.6,dtim=280,
 &end
:fier
 &vvod &end
 @---------------------------------------------------------
:corr
 &vvod
  roiz(125)=
 @ u235  @ 0.00000e+00,
 @ u238  @ 0.00000e+00,
 @ o     @ 0.00000e+00,
 @ fe    @ 0.00000e+00,
 @ *h*   @ 0.037,
 @ *o*   @ 0.0185,
 &end
:cont
:fier
&vvod &end
:burn
 &vvod qv=70.6,dtim=300,
 &end
:fier
 &vvod &end
@------------------------------------
:corr
 &vvod
  roiz(125)=
 @ u235  @ 0.00000e+00,
 @ u238  @ 0.00000e+00,
 @ o     @ 0.00000e+00,
 @ fe    @ 0.00000e+00,
 @ *h*   @ 0.042,
 @ *o*   @ 0.0210,
 &end
:cont
:fier
&vvod &end
:burn
 &vvod qv=70.6,dtim=250,
 &end
:fier
 &vvod &end
                                                                                                                        
@------------------------------------------
:corr
 &vvod
  roiz(125)=
 @ u235  @ 0.00000e+00,
 @ u238  @ 0.00000e+00,
 @ o     @ 0.00000e+00,
 @ fe    @ 0.00000e+00,
 @ *h*   @ 0.046,
 @ *o*   @ 0.0233,
 &end
:cont
:fier
&vvod &end
:burn
 &vvod qv=70.6,dtim=200,
 &end
:fier
 &vvod &end
                                                                                                                        
                                                                                                                        
:stop
 ***** end of   file of input data set *******
:poly                                                                           
  *******<< check input data>> programm declare *******
    --undeclared parametr--cefzad  -- programm standart value --cefzad  =  0.100000E+01
  *******<< check input data>> programm declare *******
    --undeclared parametr--bakl    -- programm standart value --bakl    =  0.000000E+00
  *******<< check input data>> programm declare *******
    --undeclared parametr--alin    -- programm standart value --alin    =  0.000000E+00
  *******<< check input data>> programm declare *******
    --undeclared parametr--alout   -- programm standart value --alout   =  0.100000E+01
  *******<< check input data>> programm declare *******
    --undeclared parametr--alcorr  -- programm standart value --alcorr  =  0.100000E+01
  *******<< check input data>> programm declare *******
    --undeclared parametr--nbv     -- programm standart value --nbv     =    1    1    1
  *******<< check input data>> programm declare *******
    --undeclared parametr--et      -- programm standart value --et      =  0.105000E+08  0.215000E+01
     0.215000E+01  0.000000E+00
    ????  storage for pr. getter =      300 ?? common /rrr/ rab(        0 )  ????
 ------------------------------------------------------------------------------
  backling =  0.0000000E+00
 ------------------------------------------------------------------------------
  number of cells =           1
          cell number    1  number of zone= 3
 << geometry characteristics >>
    geometry of cell- cilindrical index=           2
  kratnost of cell =   1.000000    
  inner radius of cell =  0.0000000E+00
  out square ratio =   1.000000    
 ------------------------------------------------------------------------------
 num zone      1           2           3
 radius   0.38650E+00 0.45500E+00 0.74300E+00
 temper   0.12730E+04 0.87300E+03 0.57500E+03
 rez_izot    bad         bad         bad 
 ------------------------------------------------------------------------------
    izotop   /             concentration number of izotops=62
  3 o        0.45030E-01 0.00000E+00 0.00000E+00
  4 fe       0.00000E+00 0.84000E-01 0.00000E+00
  5 *h*      0.00000E+00 0.00000E+00 0.27000E-01
  6 *o*      0.00000E+00 0.00000E+00 0.13500E-01
  7 u236     0.11260E-02 0.00000E+00 0.00000E+00
    > CONSYST Program Ver: 98.01 > started at  0: 0: 0:  
    { Manturov G., E-mail: abbn@ippe.rssi.ru}
 
       -------------------------------
 
       CONSYST INPUT DATA READ FROM : cons.dat
       CONSYST PROTOCOL STORED IN   : RESULT
       GMF X-SECTION'S FILE         : OUT
       TEMPORARY FILE               : RAB
       ABBN BASIC DATA SET FROM     : ..\bin\Bnab90.lib
       ABBN MULTIC DATA SET FROM    : ..\bin\Bnabmlt.lib
       ABBN THERMAL DATA SET FROM   : ..\bin\BNABTHM.lib
 
    >   Include Thermal Matrix > H(H2O):BNABTHM.BIN   Temp=  500K
    >   Include Thermal Matrix > H(H2O):BNABTHM.BIN   Temp=  600K
    > CONSYST finished at  0: 0: 0:  
 therm. calculation avoided
 therm. calculation avoided
 therm. calculation avoided
 therm. calculation avoided
 therm. calculation avoided
 therm. calculation avoided
 therm. calculation avoided
 therm. calculation avoided
 therm. calculation avoided
 *************************************************
   ***k(inf)=0.156774E-01 ***k(itt)=0.156775E-01 ***k(integ)=0.156774E-01***
   **bakl=  0.0000     **length= 0.10000E+11  ***
   **matr.  alout*alcorr a(k,i)(k=1,ncel) ***
     *  1.0000    
 lokal kner      in cell ,ru=           1=   1.000000       1.000000    
:fier                                                                           
 condensation boundary was changed from  0.21500E+01 to  0.21544E+01
*** 4 *** ;egr=  2.1544    
    keff         nu           mu           fi           teta
  0.15677E-01  0.31760E-01   10.229      0.93360      0.51691E-01
 s0z(n)=   0.0000000E+00  0.0000000E+00  0.0000000E+00
:burn                                                                           
 *** nuclid chain            :chmc
 *** time from start (day)   :   250.0000    
 *** number of step          :           1
 *** power dens. (mwt/m**3) =    70.60000    
 *** average burn up =   1609.4     (mbt*day)/(kg hm)
 *** concentration and burn up in sloy   1   ***
 ***       burn up =     1609.4     ***
 ** izotop ** conc       ** flux*10-14     **  sa      ** sf **
      slag  0.92149E-03    442.48            2.7661      0.0000    
      tc99  0.20044E-05    442.48            11.576      0.0000    
      rh03  0.27906E-06    442.48            65.399      0.0000    
      ag09  0.70661E-07    442.48            53.882      0.0000    
      cd13  0.20478E-10    442.48            12017.      0.0000    
      xe35  0.26909E-10    442.48           0.78724E+06  0.0000    
      sm49  0.22453E-09    442.48            22641.      0.0000    
      sm51  0.83522E-09    442.48            2695.1      0.0000    
      eu55  0.88457E-08    442.48            1525.0      0.0000    
      gd55  0.31115E-12    442.48            9426.5      0.0000    
      gd56  0.17547E-08    442.48            7714.2      0.0000    
      gd57  0.33954E-09    442.48            40533.      0.0000    
      u236  0.11856E-03    442.48            2.3552     0.15974    
      np37  0.42938E-05    442.48            62.976     0.34202    
      pu38  0.19777E-05    442.48            138.34      5.1456    
      pu39  0.57078E-06    442.48            463.85      304.03    
      pu40  0.32147E-06    442.48            286.11     0.42766    
      pu41  0.19934E-06    442.48            463.03      345.44    
      pu42  0.83395E-06    442.48            30.464     0.27393    
      am41  0.28959E-10    442.48            237.25      1.6542    
      am2m  0.32560E-12    442.48            2034.9      1694.0    
      am43  0.42305E-06    442.48            61.870     0.27765    
      cm42  0.76309E-09    442.48            7.9194      1.3467    
      cm44  0.16756E-05    442.48            17.881     0.76529    
      cm45  0.45280E-07    442.48            635.74      540.83    
      sm52  0.45297E-07    442.48            109.90      0.0000    
      xe31  0.26918E-06    442.48            40.780      0.0000    
      cs33  0.15380E-05    442.48            15.646      0.0000    
      nd45  0.73105E-06    442.48            15.767      0.0000    
      nd43  0.17784E-06    442.48            82.072      0.0000    
      pm47  0.76751E-07    442.48            87.347      0.0000    
      mo95  0.39288E-05    442.48            6.0710      0.0000    
      cs34  0.69466E-06    442.48            36.756      0.0000    
      pr41  0.98939E-05    442.48            3.2596      0.0000    
      pm48  0.59687E-08    442.48            563.97      0.0000    
      pm8m  0.39154E-09    442.48            8045.3      0.0000    
      rh05  0.32887E-08    442.48            4249.2      0.0000    
      pm49  0.64264E-07    442.48            87.347      0.0000    
      kr83  0.21847E-07    442.48            46.629      0.0000    
      ru01  0.10263E-04    442.48            3.0642      0.0000    
      pd05  0.83294E-07    442.48            7.1515      0.0000    
      cs35  0.71999E-08    442.48            3.5452      0.0000    
      sm50  0.34561E-06    442.48            33.307      0.0000    
      eu51  0.88427E-08    442.48            1304.1      0.0000    
      eu53  0.12260E-06    442.48            105.05      0.0000    
      eu54  0.15490E-07    442.48            833.68      0.0000    
      gd54  0.66989E-09    442.48            2.7661      0.0000    
      am42  0.22646E-10    442.48            2.7661      0.0000    
      cm43  0.21347E-10    442.48            237.28      217.16    
 *** nuclid chain            :chad
 *** time from start (day)   :   250.0000    
 *** number of step          :           1
 *** power dens. (mwt/m**3) =    70.60000    
 *** concentration and burn up in sloy   1   ***
 ***       burn up =     2152.8     ***
 ** izotop ** conc       ** flux*10-14     **  sa      ** sf **
      slag  0.92149E-03    442.48            2.7661      0.0000    
    > CONSYST Program Ver: 98.01 > started at  0: 0: 0:  
    { Manturov G., E-mail: abbn@ippe.rssi.ru}
 
       -------------------------------
 
       CONSYST INPUT DATA READ FROM : cons.dat
       CONSYST PROTOCOL STORED IN   : RESULT
       GMF X-SECTION'S FILE         : OUT
       TEMPORARY FILE               : RAB
       ABBN BASIC DATA SET FROM     : ..\bin\Bnab90.lib
       ABBN MULTIC DATA SET FROM    : ..\bin\Bnabmlt.lib
       ABBN THERMAL DATA SET FROM   : ..\bin\BNABTHM.lib
 
    >   Include Thermal Matrix > H(H2O):BNABTHM.BIN   Temp=  500K
    >   Include Thermal Matrix > H(H2O):BNABTHM.BIN   Temp=  600K
    > CONSYST finished at  0: 0: 0:  
 therm. calculation avoided
 therm. calculation avoided
 therm. calculation avoided
 therm. calculation avoided
 therm. calculation avoided
 therm. calculation avoided
 therm. calculation avoided
 therm. calculation avoided
 therm. calculation avoided
 *************************************************
   ***k(inf)=0.279623E-01 ***k(itt)=0.279621E-01 ***k(integ)=0.279623E-01***
   **bakl=  0.0000     **length= 0.10000E+11  ***
   **matr.  alout*alcorr a(k,i)(k=1,ncel) ***
     *  1.0000    
 lokal kner      in cell ,ru=           1=   1.000000       1.000000    
:fier                                                                           
 condensation boundary was changed from  0.21500E+01 to  0.21544E+01
*** 4 *** ;egr=  2.1544    
    keff         nu           mu           fi           teta
  0.27962E-01  0.24667       1.1131      0.93194      0.10928    
 s0z(n)=   0.0000000E+00  0.0000000E+00  0.0000000E+00
:corr                                                                           
 consentration was changed-self shilding must be recalculated
 ------------------------------------------------------------------------------
  backling =  0.0000000E+00
 ------------------------------------------------------------------------------
  number of cells =           1
          cell number    1  number of zone= 3
 << geometry characteristics >>
    geometry of cell- cilindrical index=           2
  kratnost of cell =   1.000000    
  inner radius of cell =  0.0000000E+00
  out square ratio =   1.000000    
 ------------------------------------------------------------------------------
 num zone      1           2           3
 radius   0.38650E+00 0.45500E+00 0.74300E+00
 temper   0.12730E+04 0.87300E+03 0.57500E+03
 rez_izot    bad         bad         bad 
 ------------------------------------------------------------------------------
    izotop   /             concentration number of izotops=62
  3 o        0.45030E-01 0.00000E+00 0.00000E+00
  4 fe       0.00000E+00 0.84000E-01 0.00000E+00
  5 *h*      0.00000E+00 0.00000E+00 0.31000E-01
  6 *o*      0.00000E+00 0.00000E+00 0.15500E-01
  7 u236     0.11856E-03 0.00000E+00 0.00000E+00
  8 slag     0.92149E-03 0.00000E+00 0.00000E+00
  9 tc99     0.20044E-05 0.00000E+00 0.00000E+00
 10 rh03     0.27906E-06 0.00000E+00 0.00000E+00
 11 ag09     0.70661E-07 0.00000E+00 0.00000E+00
 12 cd13     0.20478E-10 0.00000E+00 0.00000E+00
 13 xe35     0.26909E-10 0.00000E+00 0.00000E+00
 14 sm49     0.22453E-09 0.00000E+00 0.00000E+00
 15 sm51     0.83522E-09 0.00000E+00 0.00000E+00
 16 eu55     0.88457E-08 0.00000E+00 0.00000E+00
 17 gd55     0.31115E-12 0.00000E+00 0.00000E+00
 18 gd56     0.17547E-08 0.00000E+00 0.00000E+00
 19 gd57     0.33954E-09 0.00000E+00 0.00000E+00
 20 np37     0.42938E-05 0.00000E+00 0.00000E+00
 22 pu38     0.19777E-05 0.00000E+00 0.00000E+00
 23 pu39     0.57078E-06 0.00000E+00 0.00000E+00
 24 pu40     0.32147E-06 0.00000E+00 0.00000E+00
 25 pu41     0.19934E-06 0.00000E+00 0.00000E+00
 26 pu42     0.83395E-06 0.00000E+00 0.00000E+00
 27 am41     0.28959E-10 0.00000E+00 0.00000E+00
 28 am2m     0.32560E-12 0.00000E+00 0.00000E+00
 29 am43     0.42305E-06 0.00000E+00 0.00000E+00
 30 cm42     0.76309E-09 0.00000E+00 0.00000E+00
 31 cm44     0.16756E-05 0.00000E+00 0.00000E+00
 32 cm45     0.45280E-07 0.00000E+00 0.00000E+00
 33 sm52     0.45297E-07 0.00000E+00 0.00000E+00
 34 xe31     0.26918E-06 0.00000E+00 0.00000E+00
 35 cs33     0.15380E-05 0.00000E+00 0.00000E+00
 36 nd45     0.73105E-06 0.00000E+00 0.00000E+00
 37 nd43     0.17784E-06 0.00000E+00 0.00000E+00
 38 pm47     0.76751E-07 0.00000E+00 0.00000E+00
 39 mo95     0.39288E-05 0.00000E+00 0.00000E+00
 40 cs34     0.69466E-06 0.00000E+00 0.00000E+00
 41 pr41     0.98939E-05 0.00000E+00 0.00000E+00
 42 pm48     0.59687E-08 0.00000E+00 0.00000E+00
 43 pm8m     0.39154E-09 0.00000E+00 0.00000E+00
 44 rh05     0.32887E-08 0.00000E+00 0.00000E+00
 45 pm49     0.64264E-07 0.00000E+00 0.00000E+00
 46 kr83     0.21847E-07 0.00000E+00 0.00000E+00
 47 ru01     0.10263E-04 0.00000E+00 0.00000E+00
 48 pd05     0.83294E-07 0.00000E+00 0.00000E+00
 49 cs35     0.71999E-08 0.00000E+00 0.00000E+00
 50 sm50     0.34561E-06 0.00000E+00 0.00000E+00
 51 eu51     0.88427E-08 0.00000E+00 0.00000E+00
 52 eu53     0.12260E-06 0.00000E+00 0.00000E+00
 53 eu54     0.15490E-07 0.00000E+00 0.00000E+00
 54 gd54     0.66989E-09 0.00000E+00 0.00000E+00
 55 am42     0.22646E-10 0.00000E+00 0.00000E+00
 56 cm43     0.21347E-10 0.00000E+00 0.00000E+00
:cont                                                                           
 ------------------------------------------------------------------------------
  backling =  0.0000000E+00
 ------------------------------------------------------------------------------
  number of cells =           1
          cell number    1  number of zone= 3
 << geometry characteristics >>
    geometry of cell- cilindrical index=           2
  kratnost of cell =   1.000000    
  inner radius of cell =  0.0000000E+00
  out square ratio =   1.000000    
 ------------------------------------------------------------------------------
 num zone      1           2           3
 radius   0.38650E+00 0.45500E+00 0.74300E+00
 temper   0.12730E+04 0.87300E+03 0.57500E+03
 rez_izot    bad         bad         bad 
 ------------------------------------------------------------------------------
    izotop   /             concentration number of izotops=62
  3 o        0.45030E-01 0.00000E+00 0.00000E+00
  4 fe       0.00000E+00 0.84000E-01 0.00000E+00
  5 *h*      0.00000E+00 0.00000E+00 0.31000E-01
  6 *o*      0.00000E+00 0.00000E+00 0.15500E-01
  7 u236     0.11856E-03 0.00000E+00 0.00000E+00
  8 slag     0.92149E-03 0.00000E+00 0.00000E+00
  9 tc99     0.20044E-05 0.00000E+00 0.00000E+00
 10 rh03     0.27906E-06 0.00000E+00 0.00000E+00
 11 ag09     0.70661E-07 0.00000E+00 0.00000E+00
 12 cd13     0.20478E-10 0.00000E+00 0.00000E+00
 13 xe35     0.26909E-10 0.00000E+00 0.00000E+00
 14 sm49     0.22453E-09 0.00000E+00 0.00000E+00
 15 sm51     0.83522E-09 0.00000E+00 0.00000E+00
 16 eu55     0.88457E-08 0.00000E+00 0.00000E+00
 17 gd55     0.31115E-12 0.00000E+00 0.00000E+00
 18 gd56     0.17547E-08 0.00000E+00 0.00000E+00
 19 gd57     0.33954E-09 0.00000E+00 0.00000E+00
 20 np37     0.42938E-05 0.00000E+00 0.00000E+00
 22 pu38     0.19777E-05 0.00000E+00 0.00000E+00
 23 pu39     0.57078E-06 0.00000E+00 0.00000E+00
 24 pu40     0.32147E-06 0.00000E+00 0.00000E+00
 25 pu41     0.19934E-06 0.00000E+00 0.00000E+00
 26 pu42     0.83395E-06 0.00000E+00 0.00000E+00
 27 am41     0.28959E-10 0.00000E+00 0.00000E+00
 28 am2m     0.32560E-12 0.00000E+00 0.00000E+00
 29 am43     0.42305E-06 0.00000E+00 0.00000E+00
 30 cm42     0.76309E-09 0.00000E+00 0.00000E+00
 31 cm44     0.16756E-05 0.00000E+00 0.00000E+00
 32 cm45     0.45280E-07 0.00000E+00 0.00000E+00
 33 sm52     0.45297E-07 0.00000E+00 0.00000E+00
 34 xe31     0.26918E-06 0.00000E+00 0.00000E+00
 35 cs33     0.15380E-05 0.00000E+00 0.00000E+00
 36 nd45     0.73105E-06 0.00000E+00 0.00000E+00
 37 nd43     0.17784E-06 0.00000E+00 0.00000E+00
 38 pm47     0.76751E-07 0.00000E+00 0.00000E+00
 39 mo95     0.39288E-05 0.00000E+00 0.00000E+00
 40 cs34     0.69466E-06 0.00000E+00 0.00000E+00
 41 pr41     0.98939E-05 0.00000E+00 0.00000E+00
 42 pm48     0.59687E-08 0.00000E+00 0.00000E+00
 43 pm8m     0.39154E-09 0.00000E+00 0.00000E+00
 44 rh05     0.32887E-08 0.00000E+00 0.00000E+00
 45 pm49     0.64264E-07 0.00000E+00 0.00000E+00
 46 kr83     0.21847E-07 0.00000E+00 0.00000E+00
 47 ru01     0.10263E-04 0.00000E+00 0.00000E+00
 48 pd05     0.83294E-07 0.00000E+00 0.00000E+00
 49 cs35     0.71999E-08 0.00000E+00 0.00000E+00
 50 sm50     0.34561E-06 0.00000E+00 0.00000E+00
 51 eu51     0.88427E-08 0.00000E+00 0.00000E+00
 52 eu53     0.12260E-06 0.00000E+00 0.00000E+00
 53 eu54     0.15490E-07 0.00000E+00 0.00000E+00
 54 gd54     0.66989E-09 0.00000E+00 0.00000E+00
 55 am42     0.22646E-10 0.00000E+00 0.00000E+00
 56 cm43     0.21347E-10 0.00000E+00 0.00000E+00
    > CONSYST Program Ver: 98.01 > started at  0: 0: 0:  
    { Manturov G., E-mail: abbn@ippe.rssi.ru}
 
       -------------------------------
 
       CONSYST INPUT DATA READ FROM : cons.dat
       CONSYST PROTOCOL STORED IN   : RESULT
       GMF X-SECTION'S FILE         : OUT
       TEMPORARY FILE               : RAB
       ABBN BASIC DATA SET FROM     : ..\bin\Bnab90.lib
       ABBN MULTIC DATA SET FROM    : ..\bin\Bnabmlt.lib
       ABBN THERMAL DATA SET FROM   : ..\bin\BNABTHM.lib
 
    >   Include Thermal Matrix > H(H2O):BNABTHM.BIN   Temp=  500K
    >   Include Thermal Matrix > H(H2O):BNABTHM.BIN   Temp=  600K
    > CONSYST finished at  0: 0: 0:  
 therm. calculation avoided
 therm. calculation avoided
 therm. calculation avoided
 therm. calculation avoided
 therm. calculation avoided
 therm. calculation avoided
 therm. calculation avoided
 therm. calculation avoided
 therm. calculation avoided
 *************************************************
   ***k(inf)=0.271164E-01 ***k(itt)=0.271166E-01 ***k(integ)=0.271164E-01***
   **bakl=  0.0000     **length= 0.10000E+11  ***
   **matr.  alout*alcorr a(k,i)(k=1,ncel) ***
     *  1.0000    
 lokal kner      in cell ,ru=           1=   1.000000       1.000000    
:fier                                                                           
 condensation boundary was changed from  0.21500E+01 to  0.21544E+01
*** 4 *** ;egr=  2.1544    
    keff         nu           mu           fi           teta
  0.27116E-01  0.24681       1.1036      0.93907      0.10601    
 s0z(n)=   0.0000000E+00  0.0000000E+00  0.0000000E+00
:burn                                                                           
 *** nuclid chain            :chmc
 *** time from start (day)   :   530.0000    
 *** number of step          :           1
 *** power dens. (mwt/m**3) =    70.60000    
 *** average burn up =   2031.4     (mbt*day)/(kg hm)
 *** concentration and burn up in sloy   1   ***
 ***       burn up =     2031.4     ***
 ** izotop ** conc       ** flux*10-14     **  sa      ** sf **
      slag  0.10544E-02    253.95            2.7721      0.0000    
      tc99  0.38296E-06    253.95            11.510      0.0000    
      rh03  0.45346E-07    253.95            65.256      0.0000    
      ag09  0.11597E-07    253.95            53.712      0.0000    
      cd13  0.31812E-11    253.95            12253.      0.0000    
      xe35  0.41773E-11    253.95           0.80257E+06  0.0000    
      sm49  0.45040E-10    253.95            23104.      0.0000    
      sm51  0.12996E-09    253.95            2738.5      0.0000    
      eu55  0.14830E-08    253.95            1528.7      0.0000    
      gd55  0.13098E-12    253.95            9593.9      0.0000    
      gd56  0.28980E-09    253.95            7852.8      0.0000    
      gd57  0.56020E-10    253.95            41265.      0.0000    
      u236  0.10456E-04    253.95            3.9525     0.18477    
      np37  0.66880E-06    253.95            62.856     0.34897    
      pu38  0.30570E-06    253.95            140.70      5.2123    
      pu39  0.88878E-07    253.95            469.95      308.16    
      pu40  0.53489E-07    253.95            272.79     0.43087    
      pu41  0.31240E-07    253.95            470.22      350.89    
      pu42  0.14617E-06    253.95            29.459     0.28009    
      am41  0.79124E-11    253.95            238.71      1.6733    
      am2m  0.88119E-13    253.95            2068.5      1721.8    
      am43  0.75724E-07    253.95            60.276     0.28569    
      cm42  0.23364E-09    253.95            7.9111      1.3561    
      cm44  0.32955E-06    253.95            17.687     0.77426    
      cm45  0.86770E-08    253.95            646.30      549.79    
      sm52  0.73683E-08    253.95            109.67      0.0000    
      xe31  0.44839E-07    253.95            40.363      0.0000    
      cs33  0.27700E-06    253.95            15.585      0.0000    
      nd45  0.13047E-06    253.95            15.792      0.0000    
      nd43  0.28139E-07    253.95            83.403      0.0000    
      pm47  0.12356E-07    253.95            87.114      0.0000    
      mo95  0.90793E-06    253.95            6.0265      0.0000    
      cs34  0.12778E-06    253.95            37.298      0.0000    
      pr41  0.31253E-05    253.95            3.2983      0.0000    
      pm48  0.91212E-09    253.95            570.72      0.0000    
      pm8m  0.61648E-10    253.95            8202.6      0.0000    
      rh05  0.50283E-09    253.95            4310.0      0.0000    
      pm49  0.75490E-08    253.95            87.114      0.0000    
      kr83  0.35145E-08    253.95            47.287      0.0000    
      ru01  0.35493E-05    253.95            3.0000      0.0000    
      pd05  0.29642E-07    253.95            7.1677      0.0000    
      cs35  0.31792E-08    253.95            3.5343      0.0000    
      sm50  0.57481E-07    253.95            33.495      0.0000    
      eu51  0.14608E-08    253.95            1322.0      0.0000    
      eu53  0.20536E-07    253.95            105.36      0.0000    
      eu54  0.25624E-08    253.95            848.25      0.0000    
      gd54  0.33943E-09    253.95            2.7721      0.0000    
      am42  0.35871E-11    253.95            2.7721      0.0000    
      cm43  0.65114E-11    253.95            238.99      218.80    
 *** nuclid chain            :chad
 *** time from start (day)   :   530.0000    
 *** number of step          :           1
 *** power dens. (mwt/m**3) =    70.60000    
 *** concentration and burn up in sloy   1   ***
 ***       burn up =     2101.0     ***
 ** izotop ** conc       ** flux*10-14     **  sa      ** sf **
      slag  0.10544E-02    253.95            2.7721      0.0000    
    > CONSYST Program Ver: 98.01 > started at  0: 0: 0:  
    { Manturov G., E-mail: abbn@ippe.rssi.ru}
 
       -------------------------------
 
       CONSYST INPUT DATA READ FROM : cons.dat
       CONSYST PROTOCOL STORED IN   : RESULT
       GMF X-SECTION'S FILE         : OUT
       TEMPORARY FILE               : RAB
       ABBN BASIC DATA SET FROM     : ..\bin\Bnab90.lib
       ABBN MULTIC DATA SET FROM    : ..\bin\Bnabmlt.lib
       ABBN THERMAL DATA SET FROM   : ..\bin\BNABTHM.lib
 
    >   Include Thermal Matrix > H(H2O):BNABTHM.BIN   Temp=  500K
    >   Include Thermal Matrix > H(H2O):BNABTHM.BIN   Temp=  600K
    > CONSYST finished at  0: 0: 0:  
 therm. calculation avoided
 therm. calculation avoided
 therm. calculation avoided
 therm. calculation avoided
 therm. calculation avoided
 therm. calculation avoided
 therm. calculation avoided
 therm. calculation avoided
 therm. calculation avoided
 *************************************************
   ***k(inf)=0.441040E-02 ***k(itt)=0.441043E-02 ***k(integ)=0.441040E-02***
   **bakl=  0.0000     **length= 0.10000E+11  ***
   **matr.  alout*alcorr a(k,i)(k=1,ncel) ***
     *  1.0000    
 lokal kner      in cell ,ru=           1=   1.000000      0.9999999    
:fier                                                                           
 condensation boundary was changed from  0.21500E+01 to  0.21544E+01
*** 4 *** ;egr=  2.1544    
    keff         nu           mu           fi           teta
  0.44104E-02  0.55430E-01   1.0801      0.94781      0.77725E-01
 s0z(n)=   0.0000000E+00  0.0000000E+00  0.0000000E+00
:corr                                                                           
 consentration was changed-self shilding must be recalculated
 ------------------------------------------------------------------------------
  backling =  0.0000000E+00
 ------------------------------------------------------------------------------
  number of cells =           1
          cell number    1  number of zone= 3
 << geometry characteristics >>
    geometry of cell- cilindrical index=           2
  kratnost of cell =   1.000000    
  inner radius of cell =  0.0000000E+00
  out square ratio =   1.000000    
 ------------------------------------------------------------------------------
 num zone      1           2           3
 radius   0.38650E+00 0.45500E+00 0.74300E+00
 temper   0.12730E+04 0.87300E+03 0.57500E+03
 rez_izot    bad         bad         bad 
 ------------------------------------------------------------------------------
    izotop   /             concentration number of izotops=62
  3 o        0.45030E-01 0.00000E+00 0.00000E+00
  4 fe       0.00000E+00 0.84000E-01 0.00000E+00
  5 *h*      0.00000E+00 0.00000E+00 0.37000E-01
  6 *o*      0.00000E+00 0.00000E+00 0.18500E-01
  7 u236     0.10456E-04 0.00000E+00 0.00000E+00
  8 slag     0.10544E-02 0.00000E+00 0.00000E+00
  9 tc99     0.38296E-06 0.00000E+00 0.00000E+00
 10 rh03     0.45346E-07 0.00000E+00 0.00000E+00
 11 ag09     0.11597E-07 0.00000E+00 0.00000E+00
 12 cd13     0.31812E-11 0.00000E+00 0.00000E+00
 13 xe35     0.41773E-11 0.00000E+00 0.00000E+00
 14 sm49     0.45040E-10 0.00000E+00 0.00000E+00
 15 sm51     0.12996E-09 0.00000E+00 0.00000E+00
 16 eu55     0.14830E-08 0.00000E+00 0.00000E+00
 17 gd55     0.13098E-12 0.00000E+00 0.00000E+00
 18 gd56     0.28980E-09 0.00000E+00 0.00000E+00
 19 gd57     0.56020E-10 0.00000E+00 0.00000E+00
 20 np37     0.66880E-06 0.00000E+00 0.00000E+00
 22 pu38     0.30570E-06 0.00000E+00 0.00000E+00
 23 pu39     0.88878E-07 0.00000E+00 0.00000E+00
 24 pu40     0.53489E-07 0.00000E+00 0.00000E+00
 25 pu41     0.31240E-07 0.00000E+00 0.00000E+00
 26 pu42     0.14617E-06 0.00000E+00 0.00000E+00
 27 am41     0.79124E-11 0.00000E+00 0.00000E+00
 28 am2m     0.88119E-13 0.00000E+00 0.00000E+00
 29 am43     0.75724E-07 0.00000E+00 0.00000E+00
 30 cm42     0.23364E-09 0.00000E+00 0.00000E+00
 31 cm44     0.32955E-06 0.00000E+00 0.00000E+00
 32 cm45     0.86770E-08 0.00000E+00 0.00000E+00
 33 sm52     0.73683E-08 0.00000E+00 0.00000E+00
 34 xe31     0.44839E-07 0.00000E+00 0.00000E+00
 35 cs33     0.27700E-06 0.00000E+00 0.00000E+00
 36 nd45     0.13047E-06 0.00000E+00 0.00000E+00
 37 nd43     0.28139E-07 0.00000E+00 0.00000E+00
 38 pm47     0.12356E-07 0.00000E+00 0.00000E+00
 39 mo95     0.90793E-06 0.00000E+00 0.00000E+00
 40 cs34     0.12778E-06 0.00000E+00 0.00000E+00
 41 pr41     0.31253E-05 0.00000E+00 0.00000E+00
 42 pm48     0.91212E-09 0.00000E+00 0.00000E+00
 43 pm8m     0.61648E-10 0.00000E+00 0.00000E+00
 44 rh05     0.50283E-09 0.00000E+00 0.00000E+00
 45 pm49     0.75490E-08 0.00000E+00 0.00000E+00
 46 kr83     0.35145E-08 0.00000E+00 0.00000E+00
 47 ru01     0.35493E-05 0.00000E+00 0.00000E+00
 48 pd05     0.29642E-07 0.00000E+00 0.00000E+00
 49 cs35     0.31792E-08 0.00000E+00 0.00000E+00
 50 sm50     0.57481E-07 0.00000E+00 0.00000E+00
 51 eu51     0.14608E-08 0.00000E+00 0.00000E+00
 52 eu53     0.20536E-07 0.00000E+00 0.00000E+00
 53 eu54     0.25624E-08 0.00000E+00 0.00000E+00
 54 gd54     0.33943E-09 0.00000E+00 0.00000E+00
 55 am42     0.35871E-11 0.00000E+00 0.00000E+00
 56 cm43     0.65114E-11 0.00000E+00 0.00000E+00
:cont                                                                           
 ------------------------------------------------------------------------------
  backling =  0.0000000E+00
 ------------------------------------------------------------------------------
  number of cells =           1
          cell number    1  number of zone= 3
 << geometry characteristics >>
    geometry of cell- cilindrical index=           2
  kratnost of cell =   1.000000    
  inner radius of cell =  0.0000000E+00
  out square ratio =   1.000000    
 ------------------------------------------------------------------------------
 num zone      1           2           3
 radius   0.38650E+00 0.45500E+00 0.74300E+00
 temper   0.12730E+04 0.87300E+03 0.57500E+03
 rez_izot    bad         bad         bad 
 ------------------------------------------------------------------------------
    izotop   /             concentration number of izotops=62
  3 o        0.45030E-01 0.00000E+00 0.00000E+00
  4 fe       0.00000E+00 0.84000E-01 0.00000E+00
  5 *h*      0.00000E+00 0.00000E+00 0.37000E-01
  6 *o*      0.00000E+00 0.00000E+00 0.18500E-01
  7 u236     0.10456E-04 0.00000E+00 0.00000E+00
  8 slag     0.10544E-02 0.00000E+00 0.00000E+00
  9 tc99     0.38296E-06 0.00000E+00 0.00000E+00
 10 rh03     0.45346E-07 0.00000E+00 0.00000E+00
 11 ag09     0.11597E-07 0.00000E+00 0.00000E+00
 12 cd13     0.31812E-11 0.00000E+00 0.00000E+00
 13 xe35     0.41773E-11 0.00000E+00 0.00000E+00
 14 sm49     0.45040E-10 0.00000E+00 0.00000E+00
 15 sm51     0.12996E-09 0.00000E+00 0.00000E+00
 16 eu55     0.14830E-08 0.00000E+00 0.00000E+00
 17 gd55     0.13098E-12 0.00000E+00 0.00000E+00
 18 gd56     0.28980E-09 0.00000E+00 0.00000E+00
 19 gd57     0.56020E-10 0.00000E+00 0.00000E+00
 20 np37     0.66880E-06 0.00000E+00 0.00000E+00
 22 pu38     0.30570E-06 0.00000E+00 0.00000E+00
 23 pu39     0.88878E-07 0.00000E+00 0.00000E+00
 24 pu40     0.53489E-07 0.00000E+00 0.00000E+00
 25 pu41     0.31240E-07 0.00000E+00 0.00000E+00
 26 pu42     0.14617E-06 0.00000E+00 0.00000E+00
 27 am41     0.79124E-11 0.00000E+00 0.00000E+00
 28 am2m     0.88119E-13 0.00000E+00 0.00000E+00
 29 am43     0.75724E-07 0.00000E+00 0.00000E+00
 30 cm42     0.23364E-09 0.00000E+00 0.00000E+00
 31 cm44     0.32955E-06 0.00000E+00 0.00000E+00
 32 cm45     0.86770E-08 0.00000E+00 0.00000E+00
 33 sm52     0.73683E-08 0.00000E+00 0.00000E+00
 34 xe31     0.44839E-07 0.00000E+00 0.00000E+00
 35 cs33     0.27700E-06 0.00000E+00 0.00000E+00
 36 nd45     0.13047E-06 0.00000E+00 0.00000E+00
 37 nd43     0.28139E-07 0.00000E+00 0.00000E+00
 38 pm47     0.12356E-07 0.00000E+00 0.00000E+00
 39 mo95     0.90793E-06 0.00000E+00 0.00000E+00
 40 cs34     0.12778E-06 0.00000E+00 0.00000E+00
 41 pr41     0.31253E-05 0.00000E+00 0.00000E+00
 42 pm48     0.91212E-09 0.00000E+00 0.00000E+00
 43 pm8m     0.61648E-10 0.00000E+00 0.00000E+00
 44 rh05     0.50283E-09 0.00000E+00 0.00000E+00
 45 pm49     0.75490E-08 0.00000E+00 0.00000E+00
 46 kr83     0.35145E-08 0.00000E+00 0.00000E+00
 47 ru01     0.35493E-05 0.00000E+00 0.00000E+00
 48 pd05     0.29642E-07 0.00000E+00 0.00000E+00
 49 cs35     0.31792E-08 0.00000E+00 0.00000E+00
 50 sm50     0.57481E-07 0.00000E+00 0.00000E+00
 51 eu51     0.14608E-08 0.00000E+00 0.00000E+00
 52 eu53     0.20536E-07 0.00000E+00 0.00000E+00
 53 eu54     0.25624E-08 0.00000E+00 0.00000E+00
 54 gd54     0.33943E-09 0.00000E+00 0.00000E+00
 55 am42     0.35871E-11 0.00000E+00 0.00000E+00
 56 cm43     0.65114E-11 0.00000E+00 0.00000E+00
    > CONSYST Program Ver: 98.01 > started at  0: 0: 0:  
    { Manturov G., E-mail: abbn@ippe.rssi.ru}
 
       -------------------------------
 
       CONSYST INPUT DATA READ FROM : cons.dat
       CONSYST PROTOCOL STORED IN   : RESULT
       GMF X-SECTION'S FILE         : OUT
       TEMPORARY FILE               : RAB
       ABBN BASIC DATA SET FROM     : ..\bin\Bnab90.lib
       ABBN MULTIC DATA SET FROM    : ..\bin\Bnabmlt.lib
       ABBN THERMAL DATA SET FROM   : ..\bin\BNABTHM.lib
 
    >   Include Thermal Matrix > H(H2O):BNABTHM.BIN   Temp=  500K
    >   Include Thermal Matrix > H(H2O):BNABTHM.BIN   Temp=  600K
    > CONSYST finished at  0: 0: 0:  
 therm. calculation avoided
 therm. calculation avoided
 therm. calculation avoided
 therm. calculation avoided
 therm. calculation avoided
 therm. calculation avoided
 therm. calculation avoided
 therm. calculation avoided
 therm. calculation avoided
 *************************************************
   ***k(inf)=0.421942E-02 ***k(itt)=0.421946E-02 ***k(integ)=0.421942E-02***
   **bakl=  0.0000     **length= 0.10000E+11  ***
   **matr.  alout*alcorr a(k,i)(k=1,ncel) ***
     *  1.0000    
 lokal kner      in cell ,ru=           1=   1.000000       1.000000    
:fier                                                                           
 condensation boundary was changed from  0.21500E+01 to  0.21544E+01
*** 4 *** ;egr=  2.1544    
    keff         nu           mu           fi           teta
  0.42194E-02  0.55269E-01   1.0716      0.95447      0.74637E-01
 s0z(n)=   0.0000000E+00  0.0000000E+00  0.0000000E+00
:burn                                                                           
 *** nuclid chain            :chmc
 *** time from start (day)   :   830.0000    
 *** number of step          :           1
 *** power dens. (mwt/m**3) =    70.60000    
 *** average burn up =   2082.8     (mbt*day)/(kg hm)
 *** concentration and burn up in sloy   1   ***
 ***       burn up =     2082.8     ***
 ** izotop ** conc       ** flux*10-14     **  sa      ** sf **
      slag  0.10747E-02    1512.8            2.9073      0.0000    
      tc99  0.54211E-17    1512.8            11.613      0.0000    
      rh03  0.41300E-18    1512.8            67.757      0.0000    
      ag09  0.10833E-18    1512.8            54.181      0.0000    
      sm51  0.10740E-20    1512.8            3014.6      0.0000    
      eu55  0.15197E-19    1512.8            1608.1      0.0000    
      gd55  0.11034E-17    1512.8            10612.      0.0000    
      gd56  0.13509E-17    1512.8            8689.0      0.0000    
      gd57  0.25707E-18    1512.8            45664.      0.0000    
      u236  0.50963E-16    1512.8            6.6426     0.21294    
      np37  0.54909E-17    1512.8            66.318     0.33382    
      pu38  0.24489E-17    1512.8            154.59      5.5781    
      pu39  0.72716E-18    1512.8            508.48      333.99    
      pu40  0.48599E-18    1512.8            267.73     0.41198    
      pu41  0.25667E-18    1512.8            512.77      382.81    
      pu42  0.15282E-17    1512.8            28.471     0.26804    
      am43  0.80893E-18    1512.8            59.922     0.27445    
      cm42  0.11185E-20    1512.8            8.1545      1.3734    
      cm44  0.45624E-17    1512.8            17.212     0.77389    
      cm45  0.10676E-18    1512.8            709.10      603.10    
      sm52  0.70652E-19    1512.8            111.21      0.0000    
      xe31  0.43399E-18    1512.8            41.132      0.0000    
      cs33  0.32492E-17    1512.8            15.809      0.0000    
      nd45  0.14521E-17    1512.8            16.553      0.0000    
      nd43  0.24599E-18    1512.8            91.393      0.0000    
      pm47  0.11655E-18    1512.8            88.540      0.0000    
      mo95  0.25778E-15    1512.8            6.1975      0.0000    
      cs34  0.15064E-17    1512.8            40.670      0.0000    
      pr41  0.39478E-11    1512.8            3.5604      0.0000    
      pm48  0.88149E-20    1512.8            617.25      0.0000    
      rh05  0.43214E-20    1512.8            4687.1      0.0000    
      pm49  0.15521E-18    1512.8            88.540      0.0000    
      kr83  0.32091E-19    1512.8            51.551      0.0000    
      ru01  0.50163E-10    1512.8            2.9183      0.0000    
      pd05  0.17595E-18    1512.8            7.5202      0.0000    
      cs35  0.21045E-14    1512.8            3.6526      0.0000    
      sm50  0.59674E-18    1512.8            35.691      0.0000    
      eu51  0.14884E-19    1512.8            1437.6      0.0000    
      eu53  0.21116E-18    1512.8            110.73      0.0000    
      eu54  0.25371E-19    1512.8            928.20      0.0000    
      gd54  0.40264E-14    1512.8            2.9073      0.0000    
 *** nuclid chain            :chad
 *** time from start (day)   :   830.0000    
 *** number of step          :           1
 *** power dens. (mwt/m**3) =    70.60000    
 *** concentration and burn up in sloy   1   ***
 ***       burn up =     2083.7     ***
 ** izotop ** conc       ** flux*10-14     **  sa      ** sf **
      slag  0.10747E-02    1512.8            2.9073      0.0000    
    > CONSYST Program Ver: 98.01 > started at  0: 0: 0:  
    { Manturov G., E-mail: abbn@ippe.rssi.ru}
 
       -------------------------------
 
       CONSYST INPUT DATA READ FROM : cons.dat
       CONSYST PROTOCOL STORED IN   : RESULT
       GMF X-SECTION'S FILE         : OUT
       TEMPORARY FILE               : RAB
       ABBN BASIC DATA SET FROM     : ..\bin\Bnab90.lib
       ABBN MULTIC DATA SET FROM    : ..\bin\Bnabmlt.lib
       ABBN THERMAL DATA SET FROM   : ..\bin\BNABTHM.lib
 
    >   Include Thermal Matrix > H(H2O):BNABTHM.BIN   Temp=  500K
    >   Include Thermal Matrix > H(H2O):BNABTHM.BIN   Temp=  600K
    > CONSYST finished at  0: 0: 0:  
  therm numb. iteration more than          250iterration  aborted
  therm numb. iteration more than          150iterration  aborted
  therm numb. iteration more than          150iterration  aborted
  therm numb. iteration more than           50iterration  aborted
  therm numb. iteration more than           50iterration  aborted
  therm numb. iteration more than           50iterration  aborted
  therm numb. iteration more than           50iterration  aborted
  therm numb. iteration more than           50iterration  aborted
  therm numb. iteration more than           50iterration  aborted
  therm numb. iteration more than           50iterration  aborted
  therm numb. iteration more than           50iterration  aborted
 warning;  source itteration not->:iterration aborted
 accuracy changed from  1.0000000E-06 to NaN           
 *************************************************
   ***k(inf)= NaN         ***k(itt)= 0.00000     ***k(integ)= NaN        ***
   **bakl=  0.0000     **length= 0.10000E+11  ***
   **matr.  alout*alcorr a(k,i)(k=1,ncel) ***
     *  1.0000    
 lokal kner      in cell ,ru=           1= NaN            NaN           
:fier                                                                           
 condensation boundary was changed from  0.21500E+01 to  0.21544E+01
 there is"not fuel in cell
:corr                                                                           
 consentration was changed-self shilding must be recalculated
 ------------------------------------------------------------------------------
  backling =  0.0000000E+00
 ------------------------------------------------------------------------------
  number of cells =           1
          cell number    1  number of zone= 3
 << geometry characteristics >>
    geometry of cell- cilindrical index=           2
  kratnost of cell =   1.000000    
  inner radius of cell =  0.0000000E+00
  out square ratio =   1.000000    
 ------------------------------------------------------------------------------
 num zone      1           2           3
 radius   0.38650E+00 0.45500E+00 0.74300E+00
 temper   0.12730E+04 0.87300E+03 0.57500E+03
 rez_izot    bad         bad         bad 
 ------------------------------------------------------------------------------
    izotop   /             concentration number of izotops=62
  3 o        0.45030E-01 0.00000E+00 0.00000E+00
  4 fe       0.00000E+00 0.84000E-01 0.00000E+00
  5 *h*      0.00000E+00 0.00000E+00 0.42000E-01
  6 *o*      0.00000E+00 0.00000E+00 0.21000E-01
  7 u236     0.50963E-16 0.00000E+00 0.00000E+00
  8 slag     0.10747E-02 0.00000E+00 0.00000E+00
  9 tc99     0.54211E-17 0.00000E+00 0.00000E+00
 10 rh03     0.41300E-18 0.00000E+00 0.00000E+00
 11 ag09     0.10833E-18 0.00000E+00 0.00000E+00
 16 eu55     0.15197E-19 0.00000E+00 0.00000E+00
 17 gd55     0.11034E-17 0.00000E+00 0.00000E+00
 18 gd56     0.13509E-17 0.00000E+00 0.00000E+00
 19 gd57     0.25707E-18 0.00000E+00 0.00000E+00
 20 np37     0.54909E-17 0.00000E+00 0.00000E+00
 22 pu38     0.24489E-17 0.00000E+00 0.00000E+00
 23 pu39     0.72716E-18 0.00000E+00 0.00000E+00
 24 pu40     0.48599E-18 0.00000E+00 0.00000E+00
 25 pu41     0.25667E-18 0.00000E+00 0.00000E+00
 26 pu42     0.15282E-17 0.00000E+00 0.00000E+00
 29 am43     0.80893E-18 0.00000E+00 0.00000E+00
 31 cm44     0.45624E-17 0.00000E+00 0.00000E+00
 32 cm45     0.10676E-18 0.00000E+00 0.00000E+00
 33 sm52     0.70652E-19 0.00000E+00 0.00000E+00
 34 xe31     0.43399E-18 0.00000E+00 0.00000E+00
 35 cs33     0.32492E-17 0.00000E+00 0.00000E+00
 36 nd45     0.14521E-17 0.00000E+00 0.00000E+00
 37 nd43     0.24599E-18 0.00000E+00 0.00000E+00
 38 pm47     0.11655E-18 0.00000E+00 0.00000E+00
 39 mo95     0.25778E-15 0.00000E+00 0.00000E+00
 40 cs34     0.15064E-17 0.00000E+00 0.00000E+00
 41 pr41     0.39478E-11 0.00000E+00 0.00000E+00
 45 pm49     0.15521E-18 0.00000E+00 0.00000E+00
 46 kr83     0.32091E-19 0.00000E+00 0.00000E+00
 47 ru01     0.50163E-10 0.00000E+00 0.00000E+00
 48 pd05     0.17595E-18 0.00000E+00 0.00000E+00
 49 cs35     0.21045E-14 0.00000E+00 0.00000E+00
 50 sm50     0.59674E-18 0.00000E+00 0.00000E+00
 51 eu51     0.14884E-19 0.00000E+00 0.00000E+00
 52 eu53     0.21116E-18 0.00000E+00 0.00000E+00
 53 eu54     0.25371E-19 0.00000E+00 0.00000E+00
 54 gd54     0.40264E-14 0.00000E+00 0.00000E+00
:cont                                                                           
 ------------------------------------------------------------------------------
  backling =  0.0000000E+00
 ------------------------------------------------------------------------------
  number of cells =           1
          cell number    1  number of zone= 3
 << geometry characteristics >>
    geometry of cell- cilindrical index=           2
  kratnost of cell =   1.000000    
  inner radius of cell =  0.0000000E+00
  out square ratio =   1.000000    
 ------------------------------------------------------------------------------
 num zone      1           2           3
 radius   0.38650E+00 0.45500E+00 0.74300E+00
 temper   0.12730E+04 0.87300E+03 0.57500E+03
 rez_izot    bad         bad         bad 
 ------------------------------------------------------------------------------
    izotop   /             concentration number of izotops=62
  3 o        0.45030E-01 0.00000E+00 0.00000E+00
  4 fe       0.00000E+00 0.84000E-01 0.00000E+00
  5 *h*      0.00000E+00 0.00000E+00 0.42000E-01
  6 *o*      0.00000E+00 0.00000E+00 0.21000E-01
  7 u236     0.50963E-16 0.00000E+00 0.00000E+00
  8 slag     0.10747E-02 0.00000E+00 0.00000E+00
  9 tc99     0.54211E-17 0.00000E+00 0.00000E+00
 10 rh03     0.41300E-18 0.00000E+00 0.00000E+00
 11 ag09     0.10833E-18 0.00000E+00 0.00000E+00
 16 eu55     0.15197E-19 0.00000E+00 0.00000E+00
 17 gd55     0.11034E-17 0.00000E+00 0.00000E+00
 18 gd56     0.13509E-17 0.00000E+00 0.00000E+00
 19 gd57     0.25707E-18 0.00000E+00 0.00000E+00
 20 np37     0.54909E-17 0.00000E+00 0.00000E+00
 22 pu38     0.24489E-17 0.00000E+00 0.00000E+00
 23 pu39     0.72716E-18 0.00000E+00 0.00000E+00
 24 pu40     0.48599E-18 0.00000E+00 0.00000E+00
 25 pu41     0.25667E-18 0.00000E+00 0.00000E+00
 26 pu42     0.15282E-17 0.00000E+00 0.00000E+00
 29 am43     0.80893E-18 0.00000E+00 0.00000E+00
 31 cm44     0.45624E-17 0.00000E+00 0.00000E+00
 32 cm45     0.10676E-18 0.00000E+00 0.00000E+00
 33 sm52     0.70652E-19 0.00000E+00 0.00000E+00
 34 xe31     0.43399E-18 0.00000E+00 0.00000E+00
 35 cs33     0.32492E-17 0.00000E+00 0.00000E+00
 36 nd45     0.14521E-17 0.00000E+00 0.00000E+00
 37 nd43     0.24599E-18 0.00000E+00 0.00000E+00
 38 pm47     0.11655E-18 0.00000E+00 0.00000E+00
 39 mo95     0.25778E-15 0.00000E+00 0.00000E+00
 40 cs34     0.15064E-17 0.00000E+00 0.00000E+00
 41 pr41     0.39478E-11 0.00000E+00 0.00000E+00
 45 pm49     0.15521E-18 0.00000E+00 0.00000E+00
 46 kr83     0.32091E-19 0.00000E+00 0.00000E+00
 47 ru01     0.50163E-10 0.00000E+00 0.00000E+00
 48 pd05     0.17595E-18 0.00000E+00 0.00000E+00
 49 cs35     0.21045E-14 0.00000E+00 0.00000E+00
 50 sm50     0.59674E-18 0.00000E+00 0.00000E+00
 51 eu51     0.14884E-19 0.00000E+00 0.00000E+00
 52 eu53     0.21116E-18 0.00000E+00 0.00000E+00
 53 eu54     0.25371E-19 0.00000E+00 0.00000E+00
 54 gd54     0.40264E-14 0.00000E+00 0.00000E+00
    > CONSYST Program Ver: 98.01 > started at  0: 0: 0:  
    { Manturov G., E-mail: abbn@ippe.rssi.ru}
 
       -------------------------------
 
       CONSYST INPUT DATA READ FROM : cons.dat
       CONSYST PROTOCOL STORED IN   : RESULT
       GMF X-SECTION'S FILE         : OUT
       TEMPORARY FILE               : RAB
       ABBN BASIC DATA SET FROM     : ..\bin\Bnab90.lib
       ABBN MULTIC DATA SET FROM    : ..\bin\Bnabmlt.lib
       ABBN THERMAL DATA SET FROM   : ..\bin\BNABTHM.lib
 
    >   Include Thermal Matrix > H(H2O):BNABTHM.BIN   Temp=  500K
    >   Include Thermal Matrix > H(H2O):BNABTHM.BIN   Temp=  600K
    > CONSYST finished at  0: 0: 0:  
  therm numb. iteration more than          250iterration  aborted
  therm numb. iteration more than          150iterration  aborted
  therm numb. iteration more than          150iterration  aborted
  therm numb. iteration more than           50iterration  aborted
  therm numb. iteration more than           50iterration  aborted
  therm numb. iteration more than           50iterration  aborted
  therm numb. iteration more than           50iterration  aborted
  therm numb. iteration more than           50iterration  aborted
  therm numb. iteration more than           50iterration  aborted
  therm numb. iteration more than           50iterration  aborted
  therm numb. iteration more than           50iterration  aborted
 warning;  source itteration not->:iterration aborted
 accuracy changed from  1.0000000E-06 to NaN           
 *************************************************
   ***k(inf)= NaN         ***k(itt)= 0.00000     ***k(integ)= NaN        ***
   **bakl=  0.0000     **length= 0.10000E+11  ***
   **matr.  alout*alcorr a(k,i)(k=1,ncel) ***
     *  1.0000    
 lokal kner      in cell ,ru=           1= NaN            NaN           
:fier                                                                           
 condensation boundary was changed from  0.21500E+01 to  0.21544E+01
 there is"not fuel in cell
:burn                                                                           
 *** nuclid chain            :chmc
 *** time from start (day)   :   1080.000    
 *** number of step          :           1
 *** power dens. (mwt/m**3) =    70.60000    
 *** average burn up =   2083.7     (mbt*day)/(kg hm)
 *** concentration and burn up in sloy   1   ***
 ***       burn up =     2083.7     ***
 ** izotop ** conc       ** flux*10-14     **  sa      ** sf **
 *** nuclid chain            :chad
 *** time from start (day)   :   1080.000    
 *** number of step          :           1
 *** power dens. (mwt/m**3) =    70.60000    
 *** concentration and burn up in sloy   1   ***
 ***       burn up =     2083.7     ***
 ** izotop ** conc       ** flux*10-14     **  sa      ** sf **
    > CONSYST Program Ver: 98.01 > started at  0: 0: 0:  
    { Manturov G., E-mail: abbn@ippe.rssi.ru}
 
       -------------------------------
 
       CONSYST INPUT DATA READ FROM : cons.dat
       CONSYST PROTOCOL STORED IN   : RESULT
       GMF X-SECTION'S FILE         : OUT
       TEMPORARY FILE               : RAB
       ABBN BASIC DATA SET FROM     : ..\bin\Bnab90.lib
       ABBN MULTIC DATA SET FROM    : ..\bin\Bnabmlt.lib
       ABBN THERMAL DATA SET FROM   : ..\bin\BNABTHM.lib
 
    >   Include Thermal Matrix > H(H2O):BNABTHM.BIN   Temp=  500K
    >   Include Thermal Matrix > H(H2O):BNABTHM.BIN   Temp=  600K
    > CONSYST finished at  0: 0: 0:  
  therm numb. iteration more than          250iterration  aborted
  therm numb. iteration more than          150iterration  aborted
  therm numb. iteration more than          150iterration  aborted
  therm numb. iteration more than           50iterration  aborted
  therm numb. iteration more than           50iterration  aborted
  therm numb. iteration more than           50iterration  aborted
  therm numb. iteration more than           50iterration  aborted
  therm numb. iteration more than           50iterration  aborted
  therm numb. iteration more than           50iterration  aborted
  therm numb. iteration more than           50iterration  aborted
  therm numb. iteration more than           50iterration  aborted
 warning;  source itteration not->:iterration aborted
 accuracy changed from  1.0000000E-06 to NaN           
 *************************************************
   ***k(inf)= NaN         ***k(itt)= 0.00000     ***k(integ)= NaN        ***
   **bakl=  0.0000     **length= 0.10000E+11  ***
   **matr.  alout*alcorr a(k,i)(k=1,ncel) ***
     *  1.0000    
 lokal kner      in cell ,ru=           1= NaN            NaN           
:fier                                                                           
 condensation boundary was changed from  0.21500E+01 to  0.21544E+01
 there is"not fuel in cell
:corr                                                                           
 consentration was changed-self shilding must be recalculated
 ------------------------------------------------------------------------------
  backling =  0.0000000E+00
 ------------------------------------------------------------------------------
  number of cells =           1
          cell number    1  number of zone= 3
 << geometry characteristics >>
    geometry of cell- cilindrical index=           2
  kratnost of cell =   1.000000    
  inner radius of cell =  0.0000000E+00
  out square ratio =   1.000000    
 ------------------------------------------------------------------------------
 num zone      1           2           3
 radius   0.38650E+00 0.45500E+00 0.74300E+00
 temper   0.12730E+04 0.87300E+03 0.57500E+03
 rez_izot    bad         bad         bad 
 ------------------------------------------------------------------------------
    izotop   /             concentration number of izotops=62
  3 o        0.45030E-01 0.00000E+00 0.00000E+00
  4 fe       0.00000E+00 0.84000E-01 0.00000E+00
  5 *h*      0.00000E+00 0.00000E+00 0.46000E-01
  6 *o*      0.00000E+00 0.00000E+00 0.23300E-01
  7 u236     0.50963E-16 0.00000E+00 0.00000E+00
  8 slag     0.10747E-02 0.00000E+00 0.00000E+00
  9 tc99     0.54211E-17 0.00000E+00 0.00000E+00
 10 rh03     0.41300E-18 0.00000E+00 0.00000E+00
 11 ag09     0.10833E-18 0.00000E+00 0.00000E+00
 16 eu55     0.15197E-19 0.00000E+00 0.00000E+00
 17 gd55     0.11034E-17 0.00000E+00 0.00000E+00
 18 gd56     0.13509E-17 0.00000E+00 0.00000E+00
 19 gd57     0.25707E-18 0.00000E+00 0.00000E+00
 20 np37     0.54909E-17 0.00000E+00 0.00000E+00
 22 pu38     0.24489E-17 0.00000E+00 0.00000E+00
 23 pu39     0.72716E-18 0.00000E+00 0.00000E+00
 24 pu40     0.48599E-18 0.00000E+00 0.00000E+00
 25 pu41     0.25667E-18 0.00000E+00 0.00000E+00
 26 pu42     0.15282E-17 0.00000E+00 0.00000E+00
 29 am43     0.80893E-18 0.00000E+00 0.00000E+00
 31 cm44     0.45624E-17 0.00000E+00 0.00000E+00
 32 cm45     0.10676E-18 0.00000E+00 0.00000E+00
 33 sm52     0.70652E-19 0.00000E+00 0.00000E+00
 34 xe31     0.43399E-18 0.00000E+00 0.00000E+00
 35 cs33     0.32492E-17 0.00000E+00 0.00000E+00
 36 nd45     0.14521E-17 0.00000E+00 0.00000E+00
 37 nd43     0.24599E-18 0.00000E+00 0.00000E+00
 38 pm47     0.11655E-18 0.00000E+00 0.00000E+00
 39 mo95     0.25778E-15 0.00000E+00 0.00000E+00
 40 cs34     0.15064E-17 0.00000E+00 0.00000E+00
 41 pr41     0.39478E-11 0.00000E+00 0.00000E+00
 45 pm49     0.15521E-18 0.00000E+00 0.00000E+00
 46 kr83     0.32091E-19 0.00000E+00 0.00000E+00
 47 ru01     0.50163E-10 0.00000E+00 0.00000E+00
 48 pd05     0.17595E-18 0.00000E+00 0.00000E+00
 49 cs35     0.21045E-14 0.00000E+00 0.00000E+00
 50 sm50     0.59674E-18 0.00000E+00 0.00000E+00
 51 eu51     0.14884E-19 0.00000E+00 0.00000E+00
 52 eu53     0.21116E-18 0.00000E+00 0.00000E+00
 53 eu54     0.25371E-19 0.00000E+00 0.00000E+00
 54 gd54     0.40264E-14 0.00000E+00 0.00000E+00
:cont                                                                           
 ------------------------------------------------------------------------------
  backling =  0.0000000E+00
 ------------------------------------------------------------------------------
  number of cells =           1
          cell number    1  number of zone= 3
 << geometry characteristics >>
    geometry of cell- cilindrical index=           2
  kratnost of cell =   1.000000    
  inner radius of cell =  0.0000000E+00
  out square ratio =   1.000000    
 ------------------------------------------------------------------------------
 num zone      1           2           3
 radius   0.38650E+00 0.45500E+00 0.74300E+00
 temper   0.12730E+04 0.87300E+03 0.57500E+03
 rez_izot    bad         bad         bad 
 ------------------------------------------------------------------------------
    izotop   /             concentration number of izotops=62
  3 o        0.45030E-01 0.00000E+00 0.00000E+00
  4 fe       0.00000E+00 0.84000E-01 0.00000E+00
  5 *h*      0.00000E+00 0.00000E+00 0.46000E-01
  6 *o*      0.00000E+00 0.00000E+00 0.23300E-01
  7 u236     0.50963E-16 0.00000E+00 0.00000E+00
  8 slag     0.10747E-02 0.00000E+00 0.00000E+00
  9 tc99     0.54211E-17 0.00000E+00 0.00000E+00
 10 rh03     0.41300E-18 0.00000E+00 0.00000E+00
 11 ag09     0.10833E-18 0.00000E+00 0.00000E+00
 16 eu55     0.15197E-19 0.00000E+00 0.00000E+00
 17 gd55     0.11034E-17 0.00000E+00 0.00000E+00
 18 gd56     0.13509E-17 0.00000E+00 0.00000E+00
 19 gd57     0.25707E-18 0.00000E+00 0.00000E+00
 20 np37     0.54909E-17 0.00000E+00 0.00000E+00
 22 pu38     0.24489E-17 0.00000E+00 0.00000E+00
 23 pu39     0.72716E-18 0.00000E+00 0.00000E+00
 24 pu40     0.48599E-18 0.00000E+00 0.00000E+00
 25 pu41     0.25667E-18 0.00000E+00 0.00000E+00
 26 pu42     0.15282E-17 0.00000E+00 0.00000E+00
 29 am43     0.80893E-18 0.00000E+00 0.00000E+00
 31 cm44     0.45624E-17 0.00000E+00 0.00000E+00
 32 cm45     0.10676E-18 0.00000E+00 0.00000E+00
 33 sm52     0.70652E-19 0.00000E+00 0.00000E+00
 34 xe31     0.43399E-18 0.00000E+00 0.00000E+00
 35 cs33     0.32492E-17 0.00000E+00 0.00000E+00
 36 nd45     0.14521E-17 0.00000E+00 0.00000E+00
 37 nd43     0.24599E-18 0.00000E+00 0.00000E+00
 38 pm47     0.11655E-18 0.00000E+00 0.00000E+00
 39 mo95     0.25778E-15 0.00000E+00 0.00000E+00
 40 cs34     0.15064E-17 0.00000E+00 0.00000E+00
 41 pr41     0.39478E-11 0.00000E+00 0.00000E+00
 45 pm49     0.15521E-18 0.00000E+00 0.00000E+00
 46 kr83     0.32091E-19 0.00000E+00 0.00000E+00
 47 ru01     0.50163E-10 0.00000E+00 0.00000E+00
 48 pd05     0.17595E-18 0.00000E+00 0.00000E+00
 49 cs35     0.21045E-14 0.00000E+00 0.00000E+00
 50 sm50     0.59674E-18 0.00000E+00 0.00000E+00
 51 eu51     0.14884E-19 0.00000E+00 0.00000E+00
 52 eu53     0.21116E-18 0.00000E+00 0.00000E+00
 53 eu54     0.25371E-19 0.00000E+00 0.00000E+00
 54 gd54     0.40264E-14 0.00000E+00 0.00000E+00
    > CONSYST Program Ver: 98.01 > started at  0: 0: 0:  
    { Manturov G., E-mail: abbn@ippe.rssi.ru}
 
       -------------------------------
 
       CONSYST INPUT DATA READ FROM : cons.dat
       CONSYST PROTOCOL STORED IN   : RESULT
       GMF X-SECTION'S FILE         : OUT
       TEMPORARY FILE               : RAB
       ABBN BASIC DATA SET FROM     : ..\bin\Bnab90.lib
       ABBN MULTIC DATA SET FROM    : ..\bin\Bnabmlt.lib
       ABBN THERMAL DATA SET FROM   : ..\bin\BNABTHM.lib
 
    >   Include Thermal Matrix > H(H2O):BNABTHM.BIN   Temp=  500K
    >   Include Thermal Matrix > H(H2O):BNABTHM.BIN   Temp=  600K
    > CONSYST finished at  0: 0: 0:  
  therm numb. iteration more than          250iterration  aborted
  therm numb. iteration more than          150iterration  aborted
  therm numb. iteration more than          150iterration  aborted
  therm numb. iteration more than           50iterration  aborted
  therm numb. iteration more than           50iterration  aborted
  therm numb. iteration more than           50iterration  aborted
  therm numb. iteration more than           50iterration  aborted
  therm numb. iteration more than           50iterration  aborted
  therm numb. iteration more than           50iterration  aborted
  therm numb. iteration more than           50iterration  aborted
  therm numb. iteration more than           50iterration  aborted
 warning;  source itteration not->:iterration aborted
 accuracy changed from  1.0000000E-06 to NaN           
 *************************************************
   ***k(inf)= NaN         ***k(itt)= 0.00000     ***k(integ)= NaN        ***
   **bakl=  0.0000     **length= 0.10000E+11  ***
   **matr.  alout*alcorr a(k,i)(k=1,ncel) ***
     *  1.0000    
 lokal kner      in cell ,ru=           1= NaN            NaN           
:fier                                                                           
 condensation boundary was changed from  0.21500E+01 to  0.21544E+01
 there is"not fuel in cell
:burn                                                                           
 *** nuclid chain            :chmc
 *** time from start (day)   :   1280.000    
 *** number of step          :           1
 *** power dens. (mwt/m**3) =    70.60000    
 *** average burn up =   2083.7     (mbt*day)/(kg hm)
 *** concentration and burn up in sloy   1   ***
 ***       burn up =     2083.7     ***
 ** izotop ** conc       ** flux*10-14     **  sa      ** sf **
 *** nuclid chain            :chad
 *** time from start (day)   :   1280.000    
 *** number of step          :           1
 *** power dens. (mwt/m**3) =    70.60000    
 *** concentration and burn up in sloy   1   ***
 ***       burn up =     2083.7     ***
 ** izotop ** conc       ** flux*10-14     **  sa      ** sf **
    > CONSYST Program Ver: 98.01 > started at  0: 0: 0:  
    { Manturov G., E-mail: abbn@ippe.rssi.ru}
 
       -------------------------------
 
       CONSYST INPUT DATA READ FROM : cons.dat
       CONSYST PROTOCOL STORED IN   : RESULT
       GMF X-SECTION'S FILE         : OUT
       TEMPORARY FILE               : RAB
       ABBN BASIC DATA SET FROM     : ..\bin\Bnab90.lib
       ABBN MULTIC DATA SET FROM    : ..\bin\Bnabmlt.lib
       ABBN THERMAL DATA SET FROM   : ..\bin\BNABTHM.lib
 
    >   Include Thermal Matrix > H(H2O):BNABTHM.BIN   Temp=  500K
    >   Include Thermal Matrix > H(H2O):BNABTHM.BIN   Temp=  600K
    > CONSYST finished at  0: 0: 0:  
  therm numb. iteration more than          250iterration  aborted
  therm numb. iteration more than          150iterration  aborted
  therm numb. iteration more than          150iterration  aborted
  therm numb. iteration more than           50iterration  aborted
  therm numb. iteration more than           50iterration  aborted
  therm numb. iteration more than           50iterration  aborted
  therm numb. iteration more than           50iterration  aborted
  therm numb. iteration more than           50iterration  aborted
  therm numb. iteration more than           50iterration  aborted
  therm numb. iteration more than           50iterration  aborted
  therm numb. iteration more than           50iterration  aborted
 warning;  source itteration not->:iterration aborted
 accuracy changed from  1.0000000E-06 to NaN           
 *************************************************
   ***k(inf)= NaN         ***k(itt)= 0.00000     ***k(integ)= NaN        ***
   **bakl=  0.0000     **length= 0.10000E+11  ***
   **matr.  alout*alcorr a(k,i)(k=1,ncel) ***
     *  1.0000    
 lokal kner      in cell ,ru=           1= NaN            NaN           
:fier                                                                           
 condensation boundary was changed from  0.21500E+01 to  0.21544E+01
 there is"not fuel in cell
:stop                                                                           
