 *****          file of input data set *******
@------------------------------------------------
@  vver-1000 polycell real parameters
@------------------------------------------------
:poly
 &vvod
@------------------------------------------------
@ tvel
@------------------------------------------------
 rcel(1,1)=0.1,0.2,0.3,0.395,0.455,0.7,
 ncelsos(1,1)=1,1,1,1,2,3,
@------------------------------------------------
@ tveg
@------------------------------------------------
 rcel(1,2)=0.1,0.2,0.3,0.395,0.455,0.7,
 ncelsos(1,2)=4,4,4,4,2,3,
@------------------------------------------------
@ suz rod
@------------------------------------------------
 rcel(1,3)=0.1,0.2,0.3,0.395,0.455,0.7,
 ncelsos(1,3)=1,1,1,1,2,3,
@------------------------------------------------
@ central tube
@------------------------------------------------
 rcel(1,4)=0.1,0.2,0.3,0.395,0.455,0.7,
 ncelsos(1,4)=1,1,1,1,2,3,
@-------------------------------------------------------------------------
@             fuel        clad         h2o         fuel+gd      suz
@-------------------------------------------------------------------------
 t=         400.0      , 0.87300e+03, 500.0      , 0.87300e+03, 0.87300e+03,
 troiz=
 @ 1 *h* @  0.00000e+00, 0.00000e+00, 0.49493e-01, 0.00000e+00, 0.00000e+00,
 @ 2 *o* @  0.00000e+00, 0.00000e+00, 0.24742e-01, 0.00000e+00, 0.00000e+00,
 @ 6 zr  @  0.00000e+00, 0.41620e-01, 0.00000e+00, 0.00000e+00, 0.00000e+00,
 @ 7 fe  @  0.00000e+00, 0.55081e-04, 0.00000e+00, 0.00000e+00, 0.00000e+00,
 @10 ni  @  0.00000e+00, 0.21200e-03, 0.00000e+00, 0.00000e+00, 0.00000e+00,
 @11 cr  @  0.00000e+00, 0.42370e-04, 0.00000e+00, 0.00000e+00, 0.00000e+00,
 @13 u235@  0.98160e-03, 0.00000e+00, 0.00000e+00, 0.65720e-03, 0.65720e-03,
 @14 u238@  0.21319e-01, 0.00000e+00, 0.00000e+00, 0.20986e-01, 0.20986e-01,
 @15 o   @  0.44621e-01, 0.00000e+00, 0.00000e+00, 0.44783e-01, 0.44783e-01,
 @16 gd54@  0.00000e+00, 0.00000e+00, 0.00000e+00, 0.21732e-04, 0.21732e-04,
 @17 gd55@  0.00000e+00, 0.00000e+00, 0.00000e+00, 0.14733e-03, 0.14733e-03,
 @18 gd56@  0.00000e+00, 0.00000e+00, 0.00000e+00, 0.20383e-03, 0.20383e-03,
 @19 gd57@  0.00000e+00, 0.00000e+00, 0.00000e+00, 0.15584e-03, 0.15584e-03,
 @20 b10 @  0.00000e+00, 0.00000e+00, 0          , 0.00000e+00, 0.00000e+00,
 @21 b11 @  0.00000e+00, 0.00000e+00, 0          , 0.00000e+00, 0.00000e+00,
@-----------------------------------------------------------------
 material(1)='chmc',
 ntcell=1,2,3,4,
krat=285,27,18,1,
alout=
 0.84912, 0.94444, 0.91667, 1.00000,
 0.08947, 0.05556, 0.08333, 0.00000,
 0.05790, 0.00000, 0.00000, 0.00000,
 0.00351, 0.00000, 0.00000, 0.00000,
 &end
@------------------------------------------------
*h*
*o*
zr
fe
ni
cr
u235
u238
o
gd54
gd55
gd56
gd57
b-10
b-11
****
@-------------------------------------------------
:fier
 &vvod &end
:burn
 &vvod qv=110.,dtim=0.0,
 &end
:macro
 &vvod
  et=10.5e+6,2.15,2.15,0.,
 &end
:dina
 &vvod
  et=10.5e+6,0.0,
 &end
:stop
 ***** end of   file of input data set *******
:poly                                                                           
  rout and rin were constructed
Rout= 0.100, 0.200, 0.300, 0.395, 0.455, 0.700, 0.100, 0.200, 0.300, 0.395,
 0.455, 0.700, 0.100, 0.200, 0.300, 0.395, 0.455, 0.700, 0.100, 0.200,
 0.300, 0.395, 0.455, 0.700,
Rin = 0.000, 0.100, 0.200, 0.300, 0.395, 0.455, 0.000, 0.100, 0.200, 0.300,
 0.395, 0.455, 0.000, 0.100, 0.200, 0.300, 0.395, 0.455, 0.000, 0.100,
 0.200, 0.300, 0.395, 0.455,
  nsos  was constructed
nsos=  1,  1,  1,  1,  2,  3,  4,  4,  4,  4,
  2,  3,  1,  1,  1,  1,  2,  3,  1,  1,
  1,  1,  2,  3,
 definition izotr in sos           1:izotr=   8.000000    
 definition izotr in sos           4:izotr=   8.000000    
 definition izotr in sos           5:izotr=   8.000000    
  *******<< check input data>> programm declare *******
    --undeclared parametr--cefzad  -- programm standart value --cefzad  =  0.100000E+01
  *******<< check input data>> programm declare *******
    --undeclared parametr--bakl    -- programm standart value --bakl    =  0.000000E+00
  *******<< check input data>> programm declare *******
    --undeclared parametr--alin    -- programm standart value --alin    =  0.000000E+00  0.000000E+00
     0.000000E+00  0.000000E+00  0.000000E+00  0.000000E+00  0.000000E+00  0.000000E+00  0.000000E+00
     0.000000E+00  0.000000E+00  0.000000E+00  0.000000E+00  0.000000E+00  0.000000E+00  0.000000E+00
  *******<< check input data>> programm declare *******
    --undeclared parametr--alcorr  -- programm standart value --alcorr  =  0.100000E+01  0.100000E+01
     0.100000E+01  0.100000E+01  0.100000E+01  0.100000E+01  0.100000E+01  0.100000E+01  0.100000E+01
     0.100000E+01  0.100000E+01  0.100000E+01  0.100000E+01  0.100000E+01  0.100000E+01  0.100000E+01
  *******<< check input data>> programm declare *******
    --uncorrected definition--alin    --bat programm use this value --alin      0.000000E+00  0.000000E+00
     0.000000E+00  0.000000E+00  0.000000E+00  0.000000E+00  0.000000E+00  0.000000E+00  0.000000E+00
     0.000000E+00  0.000000E+00  0.000000E+00  0.000000E+00  0.000000E+00  0.000000E+00  0.000000E+00
  *******<< check input data>> programm declare *******
    --uncorrected definition--alout   --bat programm use this value --alout     0.849120E+00  0.944440E+00
     0.916670E+00  0.100000E+01  0.894700E-01  0.555600E-01  0.833300E-01  0.000000E+00  0.579000E-01
     0.000000E+00  0.000000E+00  0.000000E+00  0.351000E-02  0.000000E+00  0.000000E+00  0.000000E+00
  *******<< check input data>> programm declare *******
    --undeclared parametr--nbv     -- programm standart value --nbv     =    1    1    1    1    1    1
       1    1    1    1    1    1    1    1    1    1    1    1    1    1    1    1    1    1
  *******<< check input data>> programm declare *******
    --undeclared parametr--et      -- programm standart value --et      =  0.105000E+08  0.215000E+01
     0.215000E+01  0.000000E+00
    ????  storage for pr. getter =     2400 ?? common /rrr/ rab(        0 )  ????
 ------------------------------------------------------------------------------
  backling =  0.0000000E+00
 ------------------------------------------------------------------------------
  number of cells =           4
          cell number    1  number of zone= 6
 << geometry characteristics >>
    geometry of cell- cilindrical index=           2
  kratnost of cell =   285.0000    
  inner radius of cell =  0.0000000E+00
  out square ratio =  0.8491200      0.9444400      0.9166700       1.000000    
 ------------------------------------------------------------------------------
 num zone      1           2           3           4           5           6
 radius   0.10000E+00 0.20000E+00 0.30000E+00 0.39500E+00 0.45500E+00 0.70000E+00
 temper   0.40000E+03 0.40000E+03 0.40000E+03 0.40000E+03 0.87300E+03 0.50000E+03
 rez_izot    u238        u238        u238        u238        bad         bad 
 ------------------------------------------------------------------------------
    izotop   /             concentration number of izotops=67
  1 *h*      0.00000E+00 0.00000E+00 0.00000E+00 0.00000E+00 0.00000E+00 0.49493E-01
  2 *o*      0.00000E+00 0.00000E+00 0.00000E+00 0.00000E+00 0.00000E+00 0.24742E-01
  3 zr       0.00000E+00 0.00000E+00 0.00000E+00 0.00000E+00 0.41620E-01 0.00000E+00
  4 fe       0.00000E+00 0.00000E+00 0.00000E+00 0.00000E+00 0.55081E-04 0.00000E+00
  5 ni       0.00000E+00 0.00000E+00 0.00000E+00 0.00000E+00 0.21200E-03 0.00000E+00
  6 cr       0.00000E+00 0.00000E+00 0.00000E+00 0.00000E+00 0.42370E-04 0.00000E+00
  7 u235     0.98160E-03 0.98160E-03 0.98160E-03 0.98160E-03 0.00000E+00 0.00000E+00
  8 u238     0.21319E-01 0.21319E-01 0.21319E-01 0.21319E-01 0.00000E+00 0.00000E+00
  9 o        0.44621E-01 0.44621E-01 0.44621E-01 0.44621E-01 0.00000E+00 0.00000E+00
 ------------------------------------------------------------------------------
  number of cells =           4
          cell number    2  number of zone= 6
 << geometry characteristics >>
    geometry of cell- cilindrical index=           2
  kratnost of cell =   27.00000    
  inner radius of cell =  0.0000000E+00
  out square ratio =  8.9469999E-02  5.5560000E-02  8.3329998E-02  0.0000000E+00
 ------------------------------------------------------------------------------
 num zone      7           8           9          10          11          12
 radius   0.10000E+00 0.20000E+00 0.30000E+00 0.39500E+00 0.45500E+00 0.70000E+00
 temper   0.87300E+03 0.87300E+03 0.87300E+03 0.87300E+03 0.87300E+03 0.50000E+03
 rez_izot    u238        u238        u238        u238        bad         bad 
 ------------------------------------------------------------------------------
    izotop   /             concentration number of izotops=67
  1 *h*      0.00000E+00 0.00000E+00 0.00000E+00 0.00000E+00 0.00000E+00 0.49493E-01
  2 *o*      0.00000E+00 0.00000E+00 0.00000E+00 0.00000E+00 0.00000E+00 0.24742E-01
  3 zr       0.00000E+00 0.00000E+00 0.00000E+00 0.00000E+00 0.41620E-01 0.00000E+00
  4 fe       0.00000E+00 0.00000E+00 0.00000E+00 0.00000E+00 0.55081E-04 0.00000E+00
  5 ni       0.00000E+00 0.00000E+00 0.00000E+00 0.00000E+00 0.21200E-03 0.00000E+00
  6 cr       0.00000E+00 0.00000E+00 0.00000E+00 0.00000E+00 0.42370E-04 0.00000E+00
  7 u235     0.65720E-03 0.65720E-03 0.65720E-03 0.65720E-03 0.00000E+00 0.00000E+00
  8 u238     0.20986E-01 0.20986E-01 0.20986E-01 0.20986E-01 0.00000E+00 0.00000E+00
  9 o        0.44783E-01 0.44783E-01 0.44783E-01 0.44783E-01 0.00000E+00 0.00000E+00
 10 gd54     0.21732E-04 0.21732E-04 0.21732E-04 0.21732E-04 0.00000E+00 0.00000E+00
 11 gd55     0.14733E-03 0.14733E-03 0.14733E-03 0.14733E-03 0.00000E+00 0.00000E+00
 12 gd56     0.20383E-03 0.20383E-03 0.20383E-03 0.20383E-03 0.00000E+00 0.00000E+00
 13 gd57     0.15584E-03 0.15584E-03 0.15584E-03 0.15584E-03 0.00000E+00 0.00000E+00
 ------------------------------------------------------------------------------
  number of cells =           4
          cell number    3  number of zone= 6
 << geometry characteristics >>
    geometry of cell- cilindrical index=           2
  kratnost of cell =   18.00000    
  inner radius of cell =  0.0000000E+00
  out square ratio =  5.7900000E-02  0.0000000E+00  0.0000000E+00  0.0000000E+00
 ------------------------------------------------------------------------------
 num zone     13          14          15          16          17          18
 radius   0.10000E+00 0.20000E+00 0.30000E+00 0.39500E+00 0.45500E+00 0.70000E+00
 temper   0.40000E+03 0.40000E+03 0.40000E+03 0.40000E+03 0.87300E+03 0.50000E+03
 rez_izot    u238        u238        u238        u238        bad         bad 
 ------------------------------------------------------------------------------
    izotop   /             concentration number of izotops=67
  1 *h*      0.00000E+00 0.00000E+00 0.00000E+00 0.00000E+00 0.00000E+00 0.49493E-01
  2 *o*      0.00000E+00 0.00000E+00 0.00000E+00 0.00000E+00 0.00000E+00 0.24742E-01
  3 zr       0.00000E+00 0.00000E+00 0.00000E+00 0.00000E+00 0.41620E-01 0.00000E+00
  4 fe       0.00000E+00 0.00000E+00 0.00000E+00 0.00000E+00 0.55081E-04 0.00000E+00
  5 ni       0.00000E+00 0.00000E+00 0.00000E+00 0.00000E+00 0.21200E-03 0.00000E+00
  6 cr       0.00000E+00 0.00000E+00 0.00000E+00 0.00000E+00 0.42370E-04 0.00000E+00
  7 u235     0.98160E-03 0.98160E-03 0.98160E-03 0.98160E-03 0.00000E+00 0.00000E+00
  8 u238     0.21319E-01 0.21319E-01 0.21319E-01 0.21319E-01 0.00000E+00 0.00000E+00
  9 o        0.44621E-01 0.44621E-01 0.44621E-01 0.44621E-01 0.00000E+00 0.00000E+00
 ------------------------------------------------------------------------------
  number of cells =           4
          cell number    4  number of zone= 6
 << geometry characteristics >>
    geometry of cell- cilindrical index=           2
  kratnost of cell =   1.000000    
  inner radius of cell =  0.0000000E+00
  out square ratio =  3.5100000E-03  0.0000000E+00  0.0000000E+00  0.0000000E+00
 ------------------------------------------------------------------------------
 num zone     19          20          21          22          23          24
 radius   0.10000E+00 0.20000E+00 0.30000E+00 0.39500E+00 0.45500E+00 0.70000E+00
 temper   0.40000E+03 0.40000E+03 0.40000E+03 0.40000E+03 0.87300E+03 0.50000E+03
 rez_izot    u238        u238        u238        u238        bad         bad 
 ------------------------------------------------------------------------------
    izotop   /             concentration number of izotops=67
  1 *h*      0.00000E+00 0.00000E+00 0.00000E+00 0.00000E+00 0.00000E+00 0.49493E-01
  2 *o*      0.00000E+00 0.00000E+00 0.00000E+00 0.00000E+00 0.00000E+00 0.24742E-01
  3 zr       0.00000E+00 0.00000E+00 0.00000E+00 0.00000E+00 0.41620E-01 0.00000E+00
  4 fe       0.00000E+00 0.00000E+00 0.00000E+00 0.00000E+00 0.55081E-04 0.00000E+00
  5 ni       0.00000E+00 0.00000E+00 0.00000E+00 0.00000E+00 0.21200E-03 0.00000E+00
  6 cr       0.00000E+00 0.00000E+00 0.00000E+00 0.00000E+00 0.42370E-04 0.00000E+00
  7 u235     0.98160E-03 0.98160E-03 0.98160E-03 0.98160E-03 0.00000E+00 0.00000E+00
  8 u238     0.21319E-01 0.21319E-01 0.21319E-01 0.21319E-01 0.00000E+00 0.00000E+00
  9 o        0.44621E-01 0.44621E-01 0.44621E-01 0.44621E-01 0.00000E+00 0.00000E+00
    > CONSYST Program Ver: 98.01 > started at  0: 0: 0:  
    { Manturov G., E-mail: abbn@ippe.rssi.ru}
 
       -------------------------------
 
       CONSYST INPUT DATA READ FROM : cons.dat
       CONSYST PROTOCOL STORED IN   : RESULT
       GMF X-SECTION'S FILE         : OUT
       TEMPORARY FILE               : RAB
       ABBN BASIC DATA SET FROM     : ..\bin\Bnab90.lib
       ABBN MULTIC DATA SET FROM    : ..\bin\Bnabmlt.lib
       ABBN THERMAL DATA SET FROM   : ..\bin\BNABTHM.lib
 
    >   Include Thermal Matrix > H(H2O):BNABTHM.BIN   Temp=  500K
    >   Include Thermal Matrix > H(H2O):BNABTHM.BIN   Temp=  600K
    >   Include Thermal Matrix > H(H2O):BNABTHM.BIN   Temp=  500K
    >   Include Thermal Matrix > H(H2O):BNABTHM.BIN   Temp=  600K
    >   Include Thermal Matrix > H(H2O):BNABTHM.BIN   Temp=  500K
    >   Include Thermal Matrix > H(H2O):BNABTHM.BIN   Temp=  600K
    >   Include Thermal Matrix > H(H2O):BNABTHM.BIN   Temp=  500K
    >   Include Thermal Matrix > H(H2O):BNABTHM.BIN   Temp=  600K
    > CONSYST finished at  0: 0: 0:  
 therm. calculation avoided
 therm. calculation avoided
 therm. calculation avoided
 therm. calculation avoided
 therm. calculation avoided
 therm. calculation avoided
 *************************************************
   ***k(inf)=0.835568     ***k(itt)= 1.17115     ***k(integ)=0.835568    ***
   **bakl=  0.0000     **length= 0.10000E+11  ***
   **matr.  alout*alcorr a(k,i)(k=1,ncel) ***
     * 0.84912     0.94444     0.91667      1.0000    
     * 0.89470E-01 0.55560E-01 0.83330E-01  0.0000    
     * 0.57900E-01  0.0000      0.0000      0.0000    
     * 0.35100E-02  0.0000      0.0000      0.0000    
 lokal kner      in cell ,ru=           1=  0.3502766      0.2106490    
 lokal kner      in cell ,ru=           2=   1.068714       5.067188    
 lokal kner      in cell ,ru=           3=   5.573048       3.583284    
 lokal kner      in cell ,ru=           4=   102.0010       69.65182    
:fier                                                                           
 condensation boundary was changed from  0.21500E+01 to  0.21544E+01
*** 4 *** ;egr=  2.1544    
    keff         nu           mu           fi           teta
  0.83557      0.99515       1.3323      0.65365      0.96416    
 s0z(n)=   0.9590918      0.9590918      0.9590918      0.9590918    
  0.0000000E+00  0.0000000E+00   5.710189       5.710189       5.710189    
   5.710189      0.0000000E+00  0.0000000E+00   8.144671       8.144671    
   8.144671       8.144671      0.0000000E+00  0.0000000E+00   147.1671    
   147.1671       147.1671       147.1671      0.0000000E+00  0.0000000E+00
:burn                                                                           
    > CONSYST Program Ver: 98.01 > started at  0: 0: 0:  
    { Manturov G., E-mail: abbn@ippe.rssi.ru}
 
       -------------------------------
 
       CONSYST INPUT DATA READ FROM : cons.dat
       CONSYST PROTOCOL STORED IN   : RESULT
       GMF X-SECTION'S FILE         : OUT
       TEMPORARY FILE               : RAB
       ABBN BASIC DATA SET FROM     : ..\bin\Bnab90.lib
       ABBN MULTIC DATA SET FROM    : ..\bin\Bnabmlt.lib
       ABBN THERMAL DATA SET FROM   : ..\bin\BNABTHM.lib
 
    >   Include Thermal Matrix > H(H2O):BNABTHM.BIN   Temp=  500K
    >   Include Thermal Matrix > H(H2O):BNABTHM.BIN   Temp=  600K
    >   Include Thermal Matrix > H(H2O):BNABTHM.BIN   Temp=  500K
    >   Include Thermal Matrix > H(H2O):BNABTHM.BIN   Temp=  600K
    >   Include Thermal Matrix > H(H2O):BNABTHM.BIN   Temp=  500K
    >   Include Thermal Matrix > H(H2O):BNABTHM.BIN   Temp=  600K
    >   Include Thermal Matrix > H(H2O):BNABTHM.BIN   Temp=  500K
    >   Include Thermal Matrix > H(H2O):BNABTHM.BIN   Temp=  600K
    > CONSYST finished at  0: 0: 0:  
 therm. calculation avoided
 therm. calculation avoided
 therm. calculation avoided
 therm. calculation avoided
 therm. calculation avoided
 therm. calculation avoided
 *************************************************
   ***k(inf)=0.835564     ***k(itt)= 1.17114     ***k(integ)=0.835564    ***
   **bakl=  0.0000     **length= 0.10000E+11  ***
   **matr.  alout*alcorr a(k,i)(k=1,ncel) ***
     * 0.84912     0.94444     0.91667      1.0000    
     * 0.89470E-01 0.55560E-01 0.83330E-01  0.0000    
     * 0.57900E-01  0.0000      0.0000      0.0000    
     * 0.35100E-02  0.0000      0.0000      0.0000    
 lokal kner      in cell ,ru=           1=  0.3502763      0.2106480    
 lokal kner      in cell ,ru=           2=   1.068728       5.067221    
 lokal kner      in cell ,ru=           3=   5.573042       3.583268    
 lokal kner      in cell ,ru=           4=   102.0008       69.65150    
:macro                                                                          
 condensation boundary was changed from  0.21500E+01 to  0.21544E+01
 condensation boundary was changed from  0.21500E+01 to  0.21544E+01
    -------------------------------------------------------------------------------
    * n group   * e(i)        * e(i+1)      *spect neutron fission  *
          1       0.10500E+08    2.1544           0.99901    
          2        2.1544        0.0000           0.13604E-08
    *******************************************************************************
                                       **    macro cross section    **
    *******************************************************************************
    ** n zone    1 vzone=  509.53     /  1  2  3  4  5  6  7  8  9 10 11 12 13 14 15 16 17 18 19 20 21 22 23 24
*grp*flux 1/cm2c  * stotal      * sabs        * sfis.       * nu$sfis.    * 1/3*strans  *1/aver.veloci*aver power
  1  0.7070620E-01 0.5385872     0.1214081E-01 0.2857433E-02 0.7298155E-02  1.383938     0.1158701E-05 0.6011261     0.2401119    
  2  0.1180503E-01  1.211714     0.1372883     0.5416298E-01 0.1317248     0.3756361     0.1172825E-04 0.9594761     0.7598881    
                                       * matric. scat.cross. sec. from i to j  *
       i / j -->            1           2
       i        1 0.5084628     0.1798287E-01
       i        2 0.6007332E-04  1.074366    
:dina                                                                           
    -------------------------------------------------------------------------------
    * n group   * e(i)        * e(i+1)
          1       0.10500E+08    0.0000    
    -------------------------------------------------------------------------------
          fraction of delay neutrons -betaj
           beta`j
           one group beta * 10e-4
  
          condensated zone : 1
 nt      1           2           3           4           5           6
 ne: 1  2.0686      14.471      13.027      27.076      8.6751      3.4389    
 ne: 1 0.30086E-01 0.21046     0.18947     0.39380     0.12617     0.50015E-01
       68.75684    
    -------------------------------------------------------------------------------
    * n group   * e(i)        * e(i+1)
          1       0.10500E+08    0.0000    
    -------------------------------------------------------------------------------
          decay constant -lambdaj
           one group lambda
  
          condensated zone : 1
 nt      1           2           3           4           5           6
 ne: 1 0.12500E-01 0.34240E-01 0.13870     0.32902      1.0800      2.6155    
 1-group lambda   8.8869654E-02
    -------------------------------------------------------------------------------
    * n group   * e(i)        * e(i+1)
          1       0.10500E+08    0.0000    
    -------------------------------------------------------------------------------
          spectrum -xj
  
          condensated zone : 1
 nt      1           2           3           4           5           6
 ne: 1 0.26298E-04  0.0000      0.0000      0.0000      0.0000      0.0000    
    -------------------------------------------------------------------------------
    * n group   * e(i)        * e(i+1)
          1       0.10500E+08    0.0000    
    -------------------------------------------------------------------------------
          production part constant -alfa (id xe pm)
  
          condensated zone : 1
           1  6.3169479E-02  7.2078459E-04  1.2076213E-02
:stop                                                                           
