 *****          file of input data set *******
:poly
 &vvod
 @ 1 tvel  cell@   rcel(1,1)=0.315,0.345,0.497,
                   ncelsos(1,1)=2,3,4
 @ 2 tvel  cell@   rcel(1,2)=0.315,0.345,0.497,
                   ncelsos(1,2)=2,3,4
 @ 3 svp-1 cell@   rcel(1,3)=0.315,0.345,0.497,
                   ncelsos(1,3)=5,3,4,
 @ 4 svp-2 cell@   rcel(1,4)=0.195,0.225,0.497,
                   ncelsos(1,4)=5,3,4,
 @ 5 pal       @   rcel(1,5)=0.355,0.41,0.497,
                   ncelsos(1,5)=4,4,4,
 @ 6 km        @   rcel(1,6)=0.165,0.45,
                   ncelsos(1,6)=3,4,
                                                                                                                        
  t=0.625e+03, 0.625e+03, 0.598e+03, 0.568e+03, 0.598e+03, 0.598e+03,
@-----------------------------------------------------------------------
  troiz=
 @         1 tv_1     2 tv_2     3 zr_ob_tv 4 h2o      5 svp      6 pel      7 ob_pel
 @ *h*  @ 0.000000  , 0.000000  , 0.000000 , 0.047000 , 0.000000 , 0.000000 , 0.000000  ,
 @ *o*  @ 0.000000  , 0.000000  , 0.000000 , 0.023000 , 0.000000 , 0.000000 , 0.000000  ,
 @ zr   @ 0.000000  , 0.000000  , 0.000000 , 0.000000 , 0.001783 , 0.000000 , 0.000000  ,
 @ u235 @ 0.002457  , 0.002334  , 0.000000 , 0.000000 , 0.000000 , 0.000000 , 0.000000  ,
 @ u238 @ 0.009826  , 0.009949  , 0.000000 , 0.000000 , 0.000000 , 0.000000 , 0.000000  ,
 @ o    @ 0.024600  , 0.024600  , 0.000000 , 0.008723 , 0.006231 , 0.000000 , 0.000000  ,
 @ *c*  @ 0.000000  , 0.000000  , 0.000000 , 0.000000 , 0.000000 , 0.000000 , 0.000000  ,
 @ al   @ 0.019000  , 0.019000  , 0.000000 , 0.000000 , 0.057980 , 0.000000 , 0.000000  ,
 @ b-10 @ 0.000000  , 0.000000  , 0.000000 , 0.000000 , 0.000000 , 0.158000 , 0.000000  ,
 @ c    @ 0.000000  , 0.000000  , 0.000000 , 0.000000 , 0.000000 , 0.020000 , 0.000000  ,
 @ gd57 @ 0.000000  , 0.000000  , 0.000000 , 0.000000 , 0.001783 , 0.000000 , 0.000000  ,
 @ ni   @ 0.000000  , 0.000000  , 0.052000 , 0.000000 , 0.000000 , 0.000000 , 0.052000  ,
 @ cr   @ 0.000000  , 0.000000  , 0.039000 , 0.000000 , 0.000000 , 0.000000 , 0.039000  ,
@-----------------------------------------------------------------------
 ntcell=1,2,3,4,5,6,
 krat= 51,18,9,6,7,36,
 alout=
       0.5882 , 0.1372 , 0.1176 , 0.0000 , 0.0000 , 0.1586,
       0.3888 , 0.3333 , 0.0000 , 0.2222 , 0.0555 , 0.0000,
       0.6666 , 0.0000 , 0.0000 , 0.0000 , 0.0000 , 0.3333,
       0.0000 , 0.6666 , 0.0000 , 0.0000 , 0.3333 , 0.0000,
       0.0000 , 0.1428 , 0.0000 , 0.2857 , 0.5714 , 0.0000,
       0.2222 , 0.0000 , 0.0833 , 0.0000 , 0.0000 , 0.6944,
                                                                                                                        
 material(1)='chmc',
 &end
*h*
*o*
zr
u235
u238
o
*c*
al
b-10
c
gd57
ni
cr
****
:corr
 &vvod &end
:fier
 &vvod &end
:macro
 &vvod
  et=10.5e+6,2.15,2.15,0.,
 @nbv=1,1,1,1,1,1,1,1,1,1,1,1,1,1,
 &end
                                                                                                                        
:dina
 &vvod
 &end
                                                                                                                        
:fier
 &vvod &end
:burn
 &vvod qv=61.56,dtim=5.,
 &end
:corr
 &vvod &end
:dina
&vvod &end
                                                                                                                        
:fier
 &vvod &end
:burn
 &vvod qv=61.56,dtim=50.,
 &end
:corr
 &vvod &end
:dina
&vvod &end
                                                                                                                        
:fier
 &vvod &end
:burn
 &vvod qv=61.56,dtim=1200.,
 &end
:corr
 &vvod &end
:dina
&vvod &end
                                                                                                                        
:fier
 &vvod &end
:burn
 &vvod qv=61.56,dtim=1.,
 &end
:corr
 &vvod &end
:dina
&vvod &end
                                                                                                                        
:stop
 ***** end of   file of input data set *******
:poly                                                                           
  rout and rin were constructed
Rout= 0.315, 0.345, 0.497, 0.315, 0.345, 0.497, 0.315, 0.345, 0.497, 0.195,
 0.225, 0.497, 0.355, 0.410, 0.497, 0.165, 0.450,
Rin = 0.000, 0.315, 0.345, 0.000, 0.315, 0.345, 0.000, 0.315, 0.345, 0.000,
 0.195, 0.225, 0.000, 0.355, 0.410, 0.000, 0.165,
  nsos  was constructed
nsos=  2,  3,  4,  2,  3,  4,  5,  3,  4,  5,
  3,  4,  4,  4,  4,  3,  4,
 definition izotr in sos           1:izotr=   5.000000    
 definition izotr in sos           2:izotr=   5.000000    
  *******<< check input data>> programm declare *******
    --undeclared parametr--cefzad  -- programm standart value --cefzad  =  0.100000E+01
  *******<< check input data>> programm declare *******
    --undeclared parametr--bakl    -- programm standart value --bakl    =  0.000000E+00
  *******<< check input data>> programm declare *******
    --undeclared parametr--alin    -- programm standart value --alin    =  0.000000E+00  0.000000E+00
     0.000000E+00  0.000000E+00  0.000000E+00  0.000000E+00  0.000000E+00  0.000000E+00  0.000000E+00
     0.000000E+00  0.000000E+00  0.000000E+00  0.000000E+00  0.000000E+00  0.000000E+00  0.000000E+00
     0.000000E+00  0.000000E+00  0.000000E+00  0.000000E+00  0.000000E+00  0.000000E+00  0.000000E+00
     0.000000E+00  0.000000E+00  0.000000E+00  0.000000E+00  0.000000E+00  0.000000E+00  0.000000E+00
     0.000000E+00  0.000000E+00  0.000000E+00  0.000000E+00  0.000000E+00  0.000000E+00
  *******<< check input data>> programm declare *******
    --undeclared parametr--alcorr  -- programm standart value --alcorr  =  0.100000E+01  0.100000E+01
     0.100000E+01  0.100000E+01  0.100000E+01  0.100000E+01  0.100000E+01  0.100000E+01  0.100000E+01
     0.100000E+01  0.100000E+01  0.100000E+01  0.100000E+01  0.100000E+01  0.100000E+01  0.100000E+01
     0.100000E+01  0.100000E+01  0.100000E+01  0.100000E+01  0.100000E+01  0.100000E+01  0.100000E+01
     0.100000E+01  0.100000E+01  0.100000E+01  0.100000E+01  0.100000E+01  0.100000E+01  0.100000E+01
     0.100000E+01  0.100000E+01  0.100000E+01  0.100000E+01  0.100000E+01  0.100000E+01
  *******<< check input data>> programm declare *******
    --uncorrected definition--alin    --bat programm use this value --alin      0.000000E+00  0.000000E+00
     0.000000E+00  0.000000E+00  0.000000E+00  0.000000E+00  0.000000E+00  0.000000E+00  0.000000E+00
     0.000000E+00  0.000000E+00  0.000000E+00  0.000000E+00  0.000000E+00  0.000000E+00  0.000000E+00
     0.000000E+00  0.000000E+00  0.000000E+00  0.000000E+00  0.000000E+00  0.000000E+00  0.000000E+00
     0.000000E+00  0.000000E+00  0.000000E+00  0.000000E+00  0.000000E+00  0.000000E+00  0.000000E+00
     0.000000E+00  0.000000E+00  0.000000E+00  0.000000E+00  0.000000E+00  0.000000E+00
  *******<< check input data>> programm declare *******
    --uncorrected definition--alout   --bat programm use this value --alout     0.588200E+00  0.137200E+00
     0.117600E+00  0.000000E+00  0.000000E+00  0.158600E+00  0.388800E+00  0.333300E+00  0.000000E+00
     0.222200E+00  0.555000E-01  0.000000E+00  0.666600E+00  0.000000E+00  0.000000E+00  0.000000E+00
     0.000000E+00  0.333300E+00  0.000000E+00  0.666600E+00  0.000000E+00  0.000000E+00  0.333300E+00
     0.000000E+00  0.000000E+00  0.142800E+00  0.000000E+00  0.285700E+00  0.571400E+00  0.000000E+00
     0.222200E+00  0.000000E+00  0.833000E-01  0.000000E+00  0.000000E+00  0.694400E+00
  *******<< check input data>> programm declare *******
    --undeclared parametr--nbv     -- programm standart value --nbv     =    1    1    1    1    1    1
       1    1    1    1    1    1    1    1    1    1    1
  *******<< check input data>> programm declare *******
    --undeclared parametr--et      -- programm standart value --et      =  0.105000E+08  0.215000E+01
     0.215000E+01  0.000000E+00
    ????  storage for pr. getter =     1700 ?? common /rrr/ rab(        0 )  ????
 ------------------------------------------------------------------------------
  backling =  0.0000000E+00
 ------------------------------------------------------------------------------
  number of cells =           6
          cell number    1  number of zone= 3
 << geometry characteristics >>
    geometry of cell- cilindrical index=           2
  kratnost of cell =   51.00000    
  inner radius of cell =  0.0000000E+00
  out square ratio =  0.5882000      0.1372000      0.1176000      0.0000000E+00
  0.0000000E+00  0.1586000    
 ------------------------------------------------------------------------------
 num zone      1           2           3
 radius   0.31500E+00 0.34500E+00 0.49700E+00
 temper   0.62500E+03 0.59800E+03 0.56800E+03
 rez_izot    u238        bad         bad 
 ------------------------------------------------------------------------------
    izotop   /             concentration number of izotops=68
  1 *h*      0.00000E+00 0.00000E+00 0.47000E-01
  2 *o*      0.00000E+00 0.00000E+00 0.23000E-01
  4 u235     0.23340E-02 0.00000E+00 0.00000E+00
  5 u238     0.99490E-02 0.00000E+00 0.00000E+00
  6 o        0.24600E-01 0.00000E+00 0.87230E-02
  8 al       0.19000E-01 0.00000E+00 0.00000E+00
 12 ni       0.00000E+00 0.52000E-01 0.00000E+00
 13 cr       0.00000E+00 0.39000E-01 0.00000E+00
 ------------------------------------------------------------------------------
  number of cells =           6
          cell number    2  number of zone= 3
 << geometry characteristics >>
    geometry of cell- cilindrical index=           2
  kratnost of cell =   18.00000    
  inner radius of cell =  0.0000000E+00
  out square ratio =  0.3888000      0.3333000      0.0000000E+00  0.2222000    
  5.5500001E-02  0.0000000E+00
 ------------------------------------------------------------------------------
 num zone      4           5           6
 radius   0.31500E+00 0.34500E+00 0.49700E+00
 temper   0.62500E+03 0.59800E+03 0.56800E+03
 rez_izot    u238        bad         bad 
 ------------------------------------------------------------------------------
    izotop   /             concentration number of izotops=68
  1 *h*      0.00000E+00 0.00000E+00 0.47000E-01
  2 *o*      0.00000E+00 0.00000E+00 0.23000E-01
  4 u235     0.23340E-02 0.00000E+00 0.00000E+00
  5 u238     0.99490E-02 0.00000E+00 0.00000E+00
  6 o        0.24600E-01 0.00000E+00 0.87230E-02
  8 al       0.19000E-01 0.00000E+00 0.00000E+00
 12 ni       0.00000E+00 0.52000E-01 0.00000E+00
 13 cr       0.00000E+00 0.39000E-01 0.00000E+00
 ------------------------------------------------------------------------------
  number of cells =           6
          cell number    3  number of zone= 3
 << geometry characteristics >>
    geometry of cell- cilindrical index=           2
  kratnost of cell =   9.000000    
  inner radius of cell =  0.0000000E+00
  out square ratio =  0.6666000      0.0000000E+00  0.0000000E+00  0.0000000E+00
  0.0000000E+00  0.3333000    
 ------------------------------------------------------------------------------
 num zone      7           8           9
 radius   0.31500E+00 0.34500E+00 0.49700E+00
 temper   0.59800E+03 0.59800E+03 0.56800E+03
 rez_izot    bad         bad         bad 
 ------------------------------------------------------------------------------
    izotop   /             concentration number of izotops=68
  1 *h*      0.00000E+00 0.00000E+00 0.47000E-01
  2 *o*      0.00000E+00 0.00000E+00 0.23000E-01
  3 zr       0.17830E-02 0.00000E+00 0.00000E+00
  6 o        0.62310E-02 0.00000E+00 0.87230E-02
  8 al       0.57980E-01 0.00000E+00 0.00000E+00
 11 gd57     0.17830E-02 0.00000E+00 0.00000E+00
 12 ni       0.00000E+00 0.52000E-01 0.00000E+00
 13 cr       0.00000E+00 0.39000E-01 0.00000E+00
 ------------------------------------------------------------------------------
  number of cells =           6
          cell number    4  number of zone= 3
 << geometry characteristics >>
    geometry of cell- cilindrical index=           2
  kratnost of cell =   6.000000    
  inner radius of cell =  0.0000000E+00
  out square ratio =  0.0000000E+00  0.6666000      0.0000000E+00  0.0000000E+00
  0.3333000      0.0000000E+00
 ------------------------------------------------------------------------------
 num zone     10          11          12
 radius   0.19500E+00 0.22500E+00 0.49700E+00
 temper   0.59800E+03 0.59800E+03 0.56800E+03
 rez_izot    bad         bad         bad 
 ------------------------------------------------------------------------------
    izotop   /             concentration number of izotops=68
  1 *h*      0.00000E+00 0.00000E+00 0.47000E-01
  2 *o*      0.00000E+00 0.00000E+00 0.23000E-01
  3 zr       0.17830E-02 0.00000E+00 0.00000E+00
  6 o        0.62310E-02 0.00000E+00 0.87230E-02
  8 al       0.57980E-01 0.00000E+00 0.00000E+00
 11 gd57     0.17830E-02 0.00000E+00 0.00000E+00
 12 ni       0.00000E+00 0.52000E-01 0.00000E+00
 13 cr       0.00000E+00 0.39000E-01 0.00000E+00
 ------------------------------------------------------------------------------
  number of cells =           6
          cell number    5  number of zone= 3
 << geometry characteristics >>
    geometry of cell- cilindrical index=           2
  kratnost of cell =   7.000000    
  inner radius of cell =  0.0000000E+00
  out square ratio =  0.0000000E+00  0.1428000      0.0000000E+00  0.2857000    
  0.5714000      0.0000000E+00
 ------------------------------------------------------------------------------
 num zone     13          14          15
 radius   0.35500E+00 0.41000E+00 0.49700E+00
 temper   0.56800E+03 0.56800E+03 0.56800E+03
 rez_izot    bad         bad         bad 
 ------------------------------------------------------------------------------
    izotop   /             concentration number of izotops=68
  1 *h*      0.47000E-01 0.47000E-01 0.47000E-01
  2 *o*      0.23000E-01 0.23000E-01 0.23000E-01
  6 o        0.87230E-02 0.87230E-02 0.87230E-02
 ------------------------------------------------------------------------------
  number of cells =           6
          cell number    6  number of zone= 2
 << geometry characteristics >>
    geometry of cell- cilindrical index=           2
  kratnost of cell =   36.00000    
  inner radius of cell =  0.0000000E+00
  out square ratio =  0.2222000      0.0000000E+00  8.3300002E-02  0.0000000E+00
  0.0000000E+00  0.6944000    
 ------------------------------------------------------------------------------
 num zone     16          17
 radius   0.16500E+00 0.45000E+00
 temper   0.59800E+03 0.56800E+03
 rez_izot    bad         bad 
 ------------------------------------------------------------------------------
    izotop   /             concentration number of izotops=68
  1 *h*      0.00000E+00 0.47000E-01
  2 *o*      0.00000E+00 0.23000E-01
  6 o        0.00000E+00 0.87230E-02
 12 ni       0.52000E-01 0.00000E+00
 13 cr       0.39000E-01 0.00000E+00
    > CONSYST Program Ver: 98.01 > started at  0: 0: 0:  
    { Manturov G., E-mail: abbn@ippe.rssi.ru}
 
       -------------------------------
 
       CONSYST INPUT DATA READ FROM : cons.dat
       CONSYST PROTOCOL STORED IN   : RESULT
       GMF X-SECTION'S FILE         : OUT
       TEMPORARY FILE               : RAB
       ABBN BASIC DATA SET FROM     : .\get-93\bin\Bnab90.lib
       ABBN MULTIC DATA SET FROM    : .\get-93\bin\Bnabmlt.lib
       ABBN THERMAL DATA SET FROM   : .\get-93\bin\BNABTHM.lib
 
    >>  K-inf(MLT)= 1.38360 Balance= 1.03334 NU= 2.70 FI-Sum=  1.18E+02
    >   Include Thermal Matrix > H(H2O):BNABTHM.BIN   Temp=  500K
    >   Include Thermal Matrix > H(H2O):BNABTHM.BIN   Temp=  600K
    >>  K-inf(MLT)= 1.38349 Balance= 1.03334 NU= 2.70 FI-Sum=  1.18E+02
    >   Include Thermal Matrix > H(H2O):BNABTHM.BIN   Temp=  500K
    >   Include Thermal Matrix > H(H2O):BNABTHM.BIN   Temp=  600K
    >   Include Thermal Matrix > H(H2O):BNABTHM.BIN   Temp=  500K
    >   Include Thermal Matrix > H(H2O):BNABTHM.BIN   Temp=  600K
    >   Include Thermal Matrix > H(H2O):BNABTHM.BIN   Temp=  500K
    >   Include Thermal Matrix > H(H2O):BNABTHM.BIN   Temp=  600K
    >   Include Thermal Matrix > H(H2O):BNABTHM.BIN   Temp=  500K
    >   Include Thermal Matrix > H(H2O):BNABTHM.BIN   Temp=  600K
    > CONSYST finished at  0: 0: 0:  
 therm. calculation avoided
 therm. calculation avoided
 therm. calculation avoided
 therm. calculation avoided
 therm. calculation avoided
 therm. calculation avoided
 therm. calculation avoided
 therm. calculation avoided
 therm. calculation avoided
 *************************************************
   ***k(inf)= 1.10659     ***k(itt)= 1.13341     ***k(integ)= 1.10659    ***
   **bakl=  0.0000     **length= 0.10000E+11  ***
   **matr.  alout*alcorr a(k,i)(k=1,ncel) ***
     * 0.58820     0.13720     0.11760      0.0000      0.0000     0.15860    
     * 0.38880     0.33330      0.0000     0.22220     0.55500E-01  0.0000    
     * 0.66660      0.0000      0.0000      0.0000      0.0000     0.33330    
     *  0.0000     0.66660      0.0000      0.0000     0.33330      0.0000    
     *  0.0000     0.14280      0.0000     0.28570     0.57140      0.0000    
     * 0.22220      0.0000     0.83300E-01  0.0000      0.0000     0.69440    
 lokal kner      in cell ,ru=           1=   1.001547       1.001333    
 lokal kner      in cell ,ru=           2=  0.9956164      0.9962237    
 lokal kner      in cell ,ru=           3=  0.0000000E+00   1.870368    
 lokal kner      in cell ,ru=           4=  0.0000000E+00   1.166646    
 lokal kner      in cell ,ru=           5=  0.0000000E+00  4.1796844E-02
 lokal kner      in cell ,ru=           6=  0.0000000E+00  0.1555603    
:corr                                                                           
 ------------------------------------------------------------------------------
  backling =  0.0000000E+00
 ------------------------------------------------------------------------------
  number of cells =           6
          cell number    1  number of zone= 3
 << geometry characteristics >>
    geometry of cell- cilindrical index=           2
  kratnost of cell =   51.00000    
  inner radius of cell =  0.0000000E+00
  out square ratio =  0.5882000      0.1372000      0.1176000      0.0000000E+00
  0.0000000E+00  0.1586000    
 ------------------------------------------------------------------------------
 num zone      1           2           3
 radius   0.31500E+00 0.34500E+00 0.49700E+00
 temper   0.62500E+03 0.59800E+03 0.56800E+03
 rez_izot    u238        bad         bad 
 ------------------------------------------------------------------------------
    izotop   /             concentration number of izotops=68
  1 *h*      0.00000E+00 0.00000E+00 0.47000E-01
  2 *o*      0.00000E+00 0.00000E+00 0.23000E-01
  4 u235     0.23340E-02 0.00000E+00 0.00000E+00
  5 u238     0.99490E-02 0.00000E+00 0.00000E+00
  6 o        0.24600E-01 0.00000E+00 0.87230E-02
  8 al       0.19000E-01 0.00000E+00 0.00000E+00
 12 ni       0.00000E+00 0.52000E-01 0.00000E+00
 13 cr       0.00000E+00 0.39000E-01 0.00000E+00
 ------------------------------------------------------------------------------
  number of cells =           6
          cell number    2  number of zone= 3
 << geometry characteristics >>
    geometry of cell- cilindrical index=           2
  kratnost of cell =   18.00000    
  inner radius of cell =  0.0000000E+00
  out square ratio =  0.3888000      0.3333000      0.0000000E+00  0.2222000    
  5.5500001E-02  0.0000000E+00
 ------------------------------------------------------------------------------
 num zone      4           5           6
 radius   0.31500E+00 0.34500E+00 0.49700E+00
 temper   0.62500E+03 0.59800E+03 0.56800E+03
 rez_izot    u238        bad         bad 
 ------------------------------------------------------------------------------
    izotop   /             concentration number of izotops=68
  1 *h*      0.00000E+00 0.00000E+00 0.47000E-01
  2 *o*      0.00000E+00 0.00000E+00 0.23000E-01
  4 u235     0.23340E-02 0.00000E+00 0.00000E+00
  5 u238     0.99490E-02 0.00000E+00 0.00000E+00
  6 o        0.24600E-01 0.00000E+00 0.87230E-02
  8 al       0.19000E-01 0.00000E+00 0.00000E+00
 12 ni       0.00000E+00 0.52000E-01 0.00000E+00
 13 cr       0.00000E+00 0.39000E-01 0.00000E+00
 ------------------------------------------------------------------------------
  number of cells =           6
          cell number    3  number of zone= 3
 << geometry characteristics >>
    geometry of cell- cilindrical index=           2
  kratnost of cell =   9.000000    
  inner radius of cell =  0.0000000E+00
  out square ratio =  0.6666000      0.0000000E+00  0.0000000E+00  0.0000000E+00
  0.0000000E+00  0.3333000    
 ------------------------------------------------------------------------------
 num zone      7           8           9
 radius   0.31500E+00 0.34500E+00 0.49700E+00
 temper   0.59800E+03 0.59800E+03 0.56800E+03
 rez_izot    bad         bad         bad 
 ------------------------------------------------------------------------------
    izotop   /             concentration number of izotops=68
  1 *h*      0.00000E+00 0.00000E+00 0.47000E-01
  2 *o*      0.00000E+00 0.00000E+00 0.23000E-01
  3 zr       0.17830E-02 0.00000E+00 0.00000E+00
  6 o        0.62310E-02 0.00000E+00 0.87230E-02
  8 al       0.57980E-01 0.00000E+00 0.00000E+00
 11 gd57     0.17830E-02 0.00000E+00 0.00000E+00
 12 ni       0.00000E+00 0.52000E-01 0.00000E+00
 13 cr       0.00000E+00 0.39000E-01 0.00000E+00
 ------------------------------------------------------------------------------
  number of cells =           6
          cell number    4  number of zone= 3
 << geometry characteristics >>
    geometry of cell- cilindrical index=           2
  kratnost of cell =   6.000000    
  inner radius of cell =  0.0000000E+00
  out square ratio =  0.0000000E+00  0.6666000      0.0000000E+00  0.0000000E+00
  0.3333000      0.0000000E+00
 ------------------------------------------------------------------------------
 num zone     10          11          12
 radius   0.19500E+00 0.22500E+00 0.49700E+00
 temper   0.59800E+03 0.59800E+03 0.56800E+03
 rez_izot    bad         bad         bad 
 ------------------------------------------------------------------------------
    izotop   /             concentration number of izotops=68
  1 *h*      0.00000E+00 0.00000E+00 0.47000E-01
  2 *o*      0.00000E+00 0.00000E+00 0.23000E-01
  3 zr       0.17830E-02 0.00000E+00 0.00000E+00
  6 o        0.62310E-02 0.00000E+00 0.87230E-02
  8 al       0.57980E-01 0.00000E+00 0.00000E+00
 11 gd57     0.17830E-02 0.00000E+00 0.00000E+00
 12 ni       0.00000E+00 0.52000E-01 0.00000E+00
 13 cr       0.00000E+00 0.39000E-01 0.00000E+00
 ------------------------------------------------------------------------------
  number of cells =           6
          cell number    5  number of zone= 3
 << geometry characteristics >>
    geometry of cell- cilindrical index=           2
  kratnost of cell =   7.000000    
  inner radius of cell =  0.0000000E+00
  out square ratio =  0.0000000E+00  0.1428000      0.0000000E+00  0.2857000    
  0.5714000      0.0000000E+00
 ------------------------------------------------------------------------------
 num zone     13          14          15
 radius   0.35500E+00 0.41000E+00 0.49700E+00
 temper   0.56800E+03 0.56800E+03 0.56800E+03
 rez_izot    bad         bad         bad 
 ------------------------------------------------------------------------------
    izotop   /             concentration number of izotops=68
  1 *h*      0.47000E-01 0.47000E-01 0.47000E-01
  2 *o*      0.23000E-01 0.23000E-01 0.23000E-01
  6 o        0.87230E-02 0.87230E-02 0.87230E-02
 ------------------------------------------------------------------------------
  number of cells =           6
          cell number    6  number of zone= 2
 << geometry characteristics >>
    geometry of cell- cilindrical index=           2
  kratnost of cell =   36.00000    
  inner radius of cell =  0.0000000E+00
  out square ratio =  0.2222000      0.0000000E+00  8.3300002E-02  0.0000000E+00
  0.0000000E+00  0.6944000    
 ------------------------------------------------------------------------------
 num zone     16          17
 radius   0.16500E+00 0.45000E+00
 temper   0.59800E+03 0.56800E+03
 rez_izot    bad         bad 
 ------------------------------------------------------------------------------
    izotop   /             concentration number of izotops=68
  1 *h*      0.00000E+00 0.47000E-01
  2 *o*      0.00000E+00 0.23000E-01
  6 o        0.00000E+00 0.87230E-02
 12 ni       0.52000E-01 0.00000E+00
 13 cr       0.39000E-01 0.00000E+00
:fier                                                                           
 condensation boundary was changed from  0.21500E+01 to  0.21544E+01
*** 4 *** ;egr=  2.1544    
    keff         nu           mu           fi           teta
   1.1066       2.0139       1.4064      0.67494      0.57885    
 s0z(n)=    1.215171      0.0000000E+00  0.0000000E+00   1.232606    
  0.0000000E+00  0.0000000E+00  0.0000000E+00  0.0000000E+00  0.0000000E+00
  0.0000000E+00  0.0000000E+00  0.0000000E+00  0.0000000E+00  0.0000000E+00
  0.0000000E+00  0.0000000E+00  0.0000000E+00
:macro                                                                          
 condensation boundary was changed from  0.21500E+01 to  0.21544E+01
 condensation boundary was changed from  0.21500E+01 to  0.21544E+01
    -------------------------------------------------------------------------------
    * n group   * e(i)        * e(i+1)      *spect neutron fission  *
          1       0.10500E+08    2.1544           0.99901    
          2        2.1544        0.0000           0.13634E-08
    *******************************************************************************
                                       **    macro cross section    **
    *******************************************************************************
    ** n zone    1 vzone=  93.518     /  1  2  3  4  5  6  7  8  9 10 11 12 13 14 15 16 17
*grp*flux 1/cm2c  * stotal      * sabs        * sfis.       * nu$sfis.    * 1/3*strans  *1/aver.veloci*aver power
  1  0.3805162     0.5455139     0.9320754E-02 0.3693074E-02 0.9169314E-02  1.420599     0.1132798E-05 0.9837524     0.2846409    
  2  0.4970208E-01  1.317451     0.1482451     0.7105806E-01 0.1728133     0.3276273     0.8222544E-05  1.165727     0.7153591    
                                       * matric. scat.cross. sec. from i to j  *
       i / j -->            1           2
       i        1 0.5168818     0.1931152E-01
       i        2 0.1031140E-03  1.169102    
:dina                                                                           
    -------------------------------------------------------------------------------
    * n group   * e(i)        * e(i+1)
          1       0.20000E+08    0.0000    
    -------------------------------------------------------------------------------
          fraction of delay neutrons -betaj
           beta`j
           one group beta * 10e-4
  
          condensated zone : 1
 nt      1           2           3           4           5           6
 ne: 1  2.1098      14.288      12.823      26.114      7.8918      2.9655    
 ne: 1 0.31873E-01 0.21585     0.19373     0.39452     0.11922     0.44801E-01
       66.19266    
    -------------------------------------------------------------------------------
    * n group   * e(i)        * e(i+1)
          1       0.20000E+08    0.0000    
    -------------------------------------------------------------------------------
          decay constant -lambdaj
           one group lambda
  
          condensated zone : 1
 nt      1           2           3           4           5           6
 ne: 1 0.12500E-01 0.34343E-01 0.13889     0.32837      1.0800      2.6122    
 1-group lambda   8.6512774E-02
    -------------------------------------------------------------------------------
    * n group   * e(i)        * e(i+1)
          1       0.20000E+08    0.0000    
    -------------------------------------------------------------------------------
          spectrum -xj
  
          condensated zone : 1
 nt      1           2           3           4           5           6
 ne: 1 0.10154E-04  0.0000      0.0000      0.0000      0.0000      0.0000    
    -------------------------------------------------------------------------------
    * n group   * e(i)        * e(i+1)
          1       0.10500E+08    0.0000    
    -------------------------------------------------------------------------------
          production part constant -alfa (id xe pm)
  
          condensated zone : 1
           1  6.3059419E-02  7.5274479E-04  1.1702024E-02
:fier                                                                           
 condensation boundary was changed from  0.21500E+01 to  0.21544E+01
*** 4 *** ;egr=  2.1544    
    keff         nu           mu           fi           teta
   1.1066       2.0139       1.4064      0.67494      0.57885    
 s0z(n)=    1.215171      0.0000000E+00  0.0000000E+00   1.232606    
  0.0000000E+00  0.0000000E+00  0.0000000E+00  0.0000000E+00  0.0000000E+00
  0.0000000E+00  0.0000000E+00  0.0000000E+00  0.0000000E+00  0.0000000E+00
  0.0000000E+00  0.0000000E+00  0.0000000E+00
:burn                                                                           
 *** average burn up =  0.27127     (mbt*day)/(kg hm)
    > CONSYST Program Ver: 98.01 > started at  0: 0: 0:  
    { Manturov G., E-mail: abbn@ippe.rssi.ru}
 
       -------------------------------
 
       CONSYST INPUT DATA READ FROM : cons.dat
       CONSYST PROTOCOL STORED IN   : RESULT
       GMF X-SECTION'S FILE         : OUT
       TEMPORARY FILE               : RAB
       ABBN BASIC DATA SET FROM     : .\get-93\bin\Bnab90.lib
       ABBN MULTIC DATA SET FROM    : .\get-93\bin\Bnabmlt.lib
       ABBN THERMAL DATA SET FROM   : .\get-93\bin\BNABTHM.lib
 
    >>  K-inf(MLT)= 1.38256 Balance= 1.03332 NU= 2.70 FI-Sum=  1.18E+02
    >   Include Thermal Matrix > H(H2O):BNABTHM.BIN   Temp=  500K
    >   Include Thermal Matrix > H(H2O):BNABTHM.BIN   Temp=  600K
    >>  K-inf(MLT)= 1.38246 Balance= 1.03332 NU= 2.70 FI-Sum=  1.18E+02
    >   Include Thermal Matrix > H(H2O):BNABTHM.BIN   Temp=  500K
    >   Include Thermal Matrix > H(H2O):BNABTHM.BIN   Temp=  600K
    >   Include Thermal Matrix > H(H2O):BNABTHM.BIN   Temp=  500K
    >   Include Thermal Matrix > H(H2O):BNABTHM.BIN   Temp=  600K
    >   Include Thermal Matrix > H(H2O):BNABTHM.BIN   Temp=  500K
    >   Include Thermal Matrix > H(H2O):BNABTHM.BIN   Temp=  600K
    >   Include Thermal Matrix > H(H2O):BNABTHM.BIN   Temp=  500K
    >   Include Thermal Matrix > H(H2O):BNABTHM.BIN   Temp=  600K
    > CONSYST finished at  0: 0: 0:  
 therm. calculation avoided
 therm. calculation avoided
 therm. calculation avoided
 therm. calculation avoided
 therm. calculation avoided
 therm. calculation avoided
 therm. calculation avoided
 therm. calculation avoided
 therm. calculation avoided
 *************************************************
   ***k(inf)= 1.09038     ***k(itt)= 1.11679     ***k(integ)= 1.09038    ***
   **bakl=  0.0000     **length= 0.10000E+11  ***
   **matr.  alout*alcorr a(k,i)(k=1,ncel) ***
     * 0.58820     0.13720     0.11760      0.0000      0.0000     0.15860    
     * 0.38880     0.33330      0.0000     0.22220     0.55500E-01  0.0000    
     * 0.66660      0.0000      0.0000      0.0000      0.0000     0.33330    
     *  0.0000     0.66660      0.0000      0.0000     0.33330      0.0000    
     *  0.0000     0.14280      0.0000     0.28570     0.57140      0.0000    
     * 0.22220      0.0000     0.83300E-01  0.0000      0.0000     0.69440    
 lokal kner      in cell ,ru=           1=   1.001500       1.001328    
 lokal kner      in cell ,ru=           2=  0.9957489      0.9962378    
 lokal kner      in cell ,ru=           3=  0.0000000E+00   1.848513    
 lokal kner      in cell ,ru=           4=  0.0000000E+00   1.152997    
 lokal kner      in cell ,ru=           5=  0.0000000E+00  4.1484941E-02
 lokal kner      in cell ,ru=           6=  0.0000000E+00  0.1542188    
:corr                                                                           
 ------------------------------------------------------------------------------
  backling =  0.0000000E+00
 ------------------------------------------------------------------------------
  number of cells =           6
          cell number    1  number of zone= 3
 << geometry characteristics >>
    geometry of cell- cilindrical index=           2
  kratnost of cell =   51.00000    
  inner radius of cell =  0.0000000E+00
  out square ratio =  0.5882000      0.1372000      0.1176000      0.0000000E+00
  0.0000000E+00  0.1586000    
 ------------------------------------------------------------------------------
 num zone      1           2           3
 radius   0.31500E+00 0.34500E+00 0.49700E+00
 temper   0.62500E+03 0.59800E+03 0.56800E+03
 rez_izot    u238        bad         bad 
 ------------------------------------------------------------------------------
    izotop   /             concentration number of izotops=68
  1 *h*      0.00000E+00 0.00000E+00 0.47000E-01
  2 *o*      0.00000E+00 0.00000E+00 0.23000E-01
  4 u235     0.23297E-02 0.00000E+00 0.00000E+00
  5 u238     0.99481E-02 0.00000E+00 0.00000E+00
  6 o        0.24600E-01 0.00000E+00 0.87230E-02
  8 al       0.19000E-01 0.00000E+00 0.00000E+00
 11 gd57     0.21544E-09 0.00000E+00 0.00000E+00
 12 ni       0.00000E+00 0.52000E-01 0.00000E+00
 13 cr       0.00000E+00 0.39000E-01 0.00000E+00
 16 u236     0.87935E-06 0.00000E+00 0.00000E+00
 17 slag     0.15372E-05 0.00000E+00 0.00000E+00
 18 tc99     0.21635E-06 0.00000E+00 0.00000E+00
 19 rh03     0.11342E-06 0.00000E+00 0.00000E+00
 20 ag09     0.12463E-08 0.00000E+00 0.00000E+00
 21 cd13     0.37076E-09 0.00000E+00 0.00000E+00
 22 xe35     0.16000E-07 0.00000E+00 0.00000E+00
 23 sm49     0.18797E-07 0.00000E+00 0.00000E+00
 24 sm51     0.15103E-07 0.00000E+00 0.00000E+00
 25 eu55     0.11767E-08 0.00000E+00 0.00000E+00
 26 gd55     0.13580E-11 0.00000E+00 0.00000E+00
 27 gd56     0.48683E-09 0.00000E+00 0.00000E+00
 28 np37     0.23653E-09 0.00000E+00 0.00000E+00
 29 np39     0.40053E-06 0.00000E+00 0.00000E+00
 30 pu38     0.13813E-12 0.00000E+00 0.00000E+00
 31 pu39     0.36541E-06 0.00000E+00 0.00000E+00
 32 pu40     0.31930E-09 0.00000E+00 0.00000E+00
 33 pu41     0.12202E-11 0.00000E+00 0.00000E+00
 34 pu42     0.35091E-15 0.00000E+00 0.00000E+00
 35 am41     0.16612E-15 0.00000E+00 0.00000E+00
 36 am2m     0.13930E-19 0.00000E+00 0.00000E+00
 37 am43     0.12288E-18 0.00000E+00 0.00000E+00
 38 cm42     0.48194E-19 0.00000E+00 0.00000E+00
 45 sm52     0.97164E-08 0.00000E+00 0.00000E+00
 46 xe31     0.98067E-07 0.00000E+00 0.00000E+00
 47 cs33     0.23716E-06 0.00000E+00 0.00000E+00
 48 nd45     0.13786E-06 0.00000E+00 0.00000E+00
 49 nd43     0.20783E-06 0.00000E+00 0.00000E+00
 50 pm47     0.81174E-07 0.00000E+00 0.00000E+00
 51 mo95     0.22796E-06 0.00000E+00 0.00000E+00
 52 cs34     0.83676E-10 0.00000E+00 0.00000E+00
 53 pr41     0.20521E-06 0.00000E+00 0.00000E+00
 54 pm48     0.67439E-10 0.00000E+00 0.00000E+00
 55 pm8m     0.69697E-10 0.00000E+00 0.00000E+00
 56 rh05     0.13843E-07 0.00000E+00 0.00000E+00
 57 pm49     0.21193E-07 0.00000E+00 0.00000E+00
 58 kr83     0.18801E-07 0.00000E+00 0.00000E+00
 59 ru01     0.17870E-06 0.00000E+00 0.00000E+00
 60 pd05     0.22230E-07 0.00000E+00 0.00000E+00
 61 cs35     0.13619E-06 0.00000E+00 0.00000E+00
 62 sm50     0.11817E-08 0.00000E+00 0.00000E+00
 63 eu51     0.99660E-12 0.00000E+00 0.00000E+00
 64 eu53     0.24980E-10 0.00000E+00 0.00000E+00
 65 eu54     0.25528E-13 0.00000E+00 0.00000E+00
 66 gd54     0.71910E-17 0.00000E+00 0.00000E+00
 67 am42     0.71801E-19 0.00000E+00 0.00000E+00
 ------------------------------------------------------------------------------
  number of cells =           6
          cell number    2  number of zone= 3
 << geometry characteristics >>
    geometry of cell- cilindrical index=           2
  kratnost of cell =   18.00000    
  inner radius of cell =  0.0000000E+00
  out square ratio =  0.3888000      0.3333000      0.0000000E+00  0.2222000    
  5.5500001E-02  0.0000000E+00
 ------------------------------------------------------------------------------
 num zone      4           5           6
 radius   0.31500E+00 0.34500E+00 0.49700E+00
 temper   0.62500E+03 0.59800E+03 0.56800E+03
 rez_izot    u238        bad         bad 
 ------------------------------------------------------------------------------
    izotop   /             concentration number of izotops=68
  1 *h*      0.00000E+00 0.00000E+00 0.47000E-01
  2 *o*      0.00000E+00 0.00000E+00 0.23000E-01
  4 u235     0.23297E-02 0.00000E+00 0.00000E+00
  5 u238     0.99482E-02 0.00000E+00 0.00000E+00
  6 o        0.24600E-01 0.00000E+00 0.87230E-02
  8 al       0.19000E-01 0.00000E+00 0.00000E+00
 11 gd57     0.21462E-09 0.00000E+00 0.00000E+00
 12 ni       0.00000E+00 0.52000E-01 0.00000E+00
 13 cr       0.00000E+00 0.39000E-01 0.00000E+00
 16 u236     0.87504E-06 0.00000E+00 0.00000E+00
 17 slag     0.15273E-05 0.00000E+00 0.00000E+00
 18 tc99     0.21506E-06 0.00000E+00 0.00000E+00
 19 rh03     0.11277E-06 0.00000E+00 0.00000E+00
 20 ag09     0.12396E-08 0.00000E+00 0.00000E+00
 21 cd13     0.36906E-09 0.00000E+00 0.00000E+00
 22 xe35     0.15976E-07 0.00000E+00 0.00000E+00
 23 sm49     0.18701E-07 0.00000E+00 0.00000E+00
 24 sm51     0.15018E-07 0.00000E+00 0.00000E+00
 25 eu55     0.11702E-08 0.00000E+00 0.00000E+00
 26 gd55     0.13508E-11 0.00000E+00 0.00000E+00
 27 gd56     0.48406E-09 0.00000E+00 0.00000E+00
 28 np37     0.23448E-09 0.00000E+00 0.00000E+00
 29 np39     0.39990E-06 0.00000E+00 0.00000E+00
 30 pu38     0.13683E-12 0.00000E+00 0.00000E+00
 31 pu39     0.36483E-06 0.00000E+00 0.00000E+00
 32 pu40     0.31833E-09 0.00000E+00 0.00000E+00
 33 pu41     0.12191E-11 0.00000E+00 0.00000E+00
 34 pu42     0.34890E-15 0.00000E+00 0.00000E+00
 35 am41     0.16597E-15 0.00000E+00 0.00000E+00
 36 am2m     0.13931E-19 0.00000E+00 0.00000E+00
 37 am43     0.12268E-18 0.00000E+00 0.00000E+00
 38 cm42     0.48195E-19 0.00000E+00 0.00000E+00
 45 sm52     0.96593E-08 0.00000E+00 0.00000E+00
 46 xe31     0.97485E-07 0.00000E+00 0.00000E+00
 47 cs33     0.23574E-06 0.00000E+00 0.00000E+00
 48 nd45     0.13703E-06 0.00000E+00 0.00000E+00
 49 nd43     0.20658E-06 0.00000E+00 0.00000E+00
 50 pm47     0.80691E-07 0.00000E+00 0.00000E+00
 51 mo95     0.22659E-06 0.00000E+00 0.00000E+00
 52 cs34     0.82892E-10 0.00000E+00 0.00000E+00
 53 pr41     0.20399E-06 0.00000E+00 0.00000E+00
 54 pm48     0.66778E-10 0.00000E+00 0.00000E+00
 55 pm8m     0.69029E-10 0.00000E+00 0.00000E+00
 56 rh05     0.13769E-07 0.00000E+00 0.00000E+00
 57 pm49     0.21070E-07 0.00000E+00 0.00000E+00
 58 kr83     0.18688E-07 0.00000E+00 0.00000E+00
 59 ru01     0.17763E-06 0.00000E+00 0.00000E+00
 60 pd05     0.22110E-07 0.00000E+00 0.00000E+00
 61 cs35     0.13594E-06 0.00000E+00 0.00000E+00
 62 sm50     0.11614E-08 0.00000E+00 0.00000E+00
 63 eu51     0.98829E-12 0.00000E+00 0.00000E+00
 64 eu53     0.24741E-10 0.00000E+00 0.00000E+00
 65 eu54     0.25205E-13 0.00000E+00 0.00000E+00
 66 gd54     0.71001E-17 0.00000E+00 0.00000E+00
 67 am42     0.71803E-19 0.00000E+00 0.00000E+00
 ------------------------------------------------------------------------------
  number of cells =           6
          cell number    3  number of zone= 3
 << geometry characteristics >>
    geometry of cell- cilindrical index=           2
  kratnost of cell =   9.000000    
  inner radius of cell =  0.0000000E+00
  out square ratio =  0.6666000      0.0000000E+00  0.0000000E+00  0.0000000E+00
  0.0000000E+00  0.3333000    
 ------------------------------------------------------------------------------
 num zone      7           8           9
 radius   0.31500E+00 0.34500E+00 0.49700E+00
 temper   0.59800E+03 0.59800E+03 0.56800E+03
 rez_izot    bad         bad         bad 
 ------------------------------------------------------------------------------
    izotop   /             concentration number of izotops=68
  1 *h*      0.00000E+00 0.00000E+00 0.47000E-01
  2 *o*      0.00000E+00 0.00000E+00 0.23000E-01
  3 zr       0.17830E-02 0.00000E+00 0.00000E+00
  6 o        0.62310E-02 0.00000E+00 0.87230E-02
  8 al       0.57980E-01 0.00000E+00 0.00000E+00
 11 gd57     0.17731E-02 0.00000E+00 0.00000E+00
 12 ni       0.00000E+00 0.52000E-01 0.00000E+00
 13 cr       0.00000E+00 0.39000E-01 0.00000E+00
 17 slag     0.99411E-05 0.00000E+00 0.00000E+00
 ------------------------------------------------------------------------------
  number of cells =           6
          cell number    4  number of zone= 3
 << geometry characteristics >>
    geometry of cell- cilindrical index=           2
  kratnost of cell =   6.000000    
  inner radius of cell =  0.0000000E+00
  out square ratio =  0.0000000E+00  0.6666000      0.0000000E+00  0.0000000E+00
  0.3333000      0.0000000E+00
 ------------------------------------------------------------------------------
 num zone     10          11          12
 radius   0.19500E+00 0.22500E+00 0.49700E+00
 temper   0.59800E+03 0.59800E+03 0.56800E+03
 rez_izot    bad         bad         bad 
 ------------------------------------------------------------------------------
    izotop   /             concentration number of izotops=68
  1 *h*      0.00000E+00 0.00000E+00 0.47000E-01
  2 *o*      0.00000E+00 0.00000E+00 0.23000E-01
  3 zr       0.17830E-02 0.00000E+00 0.00000E+00
  6 o        0.62310E-02 0.00000E+00 0.87230E-02
  8 al       0.57980E-01 0.00000E+00 0.00000E+00
 11 gd57     0.17671E-02 0.00000E+00 0.00000E+00
 12 ni       0.00000E+00 0.52000E-01 0.00000E+00
 13 cr       0.00000E+00 0.39000E-01 0.00000E+00
 17 slag     0.15910E-04 0.00000E+00 0.00000E+00
 ------------------------------------------------------------------------------
  number of cells =           6
          cell number    5  number of zone= 3
 << geometry characteristics >>
    geometry of cell- cilindrical index=           2
  kratnost of cell =   7.000000    
  inner radius of cell =  0.0000000E+00
  out square ratio =  0.0000000E+00  0.1428000      0.0000000E+00  0.2857000    
  0.5714000      0.0000000E+00
 ------------------------------------------------------------------------------
 num zone     13          14          15
 radius   0.35500E+00 0.41000E+00 0.49700E+00
 temper   0.56800E+03 0.56800E+03 0.56800E+03
 rez_izot    bad         bad         bad 
 ------------------------------------------------------------------------------
    izotop   /             concentration number of izotops=68
  1 *h*      0.47000E-01 0.47000E-01 0.47000E-01
  2 *o*      0.23000E-01 0.23000E-01 0.23000E-01
  6 o        0.87230E-02 0.87230E-02 0.87230E-02
 ------------------------------------------------------------------------------
  number of cells =           6
          cell number    6  number of zone= 2
 << geometry characteristics >>
    geometry of cell- cilindrical index=           2
  kratnost of cell =   36.00000    
  inner radius of cell =  0.0000000E+00
  out square ratio =  0.2222000      0.0000000E+00  8.3300002E-02  0.0000000E+00
  0.0000000E+00  0.6944000    
 ------------------------------------------------------------------------------
 num zone     16          17
 radius   0.16500E+00 0.45000E+00
 temper   0.59800E+03 0.56800E+03
 rez_izot    bad         bad 
 ------------------------------------------------------------------------------
    izotop   /             concentration number of izotops=68
  1 *h*      0.00000E+00 0.47000E-01
  2 *o*      0.00000E+00 0.23000E-01
  6 o        0.00000E+00 0.87230E-02
 12 ni       0.52000E-01 0.00000E+00
 13 cr       0.39000E-01 0.00000E+00
:dina                                                                           
    -------------------------------------------------------------------------------
    * n group   * e(i)        * e(i+1)
          1       0.20000E+08    0.0000    
    -------------------------------------------------------------------------------
          fraction of delay neutrons -betaj
           beta`j
           one group beta * 10e-4
  
          condensated zone : 1
 nt      1           2           3           4           5           6
 ne: 1  2.1087      14.285      12.821      26.112      7.8950      2.9684    
 ne: 1 0.31858E-01 0.21582     0.19369     0.39450     0.11928     0.44846E-01
       66.18945    
    -------------------------------------------------------------------------------
    * n group   * e(i)        * e(i+1)
          1       0.20000E+08    0.0000    
    -------------------------------------------------------------------------------
          decay constant -lambdaj
           one group lambda
  
          condensated zone : 1
 nt      1           2           3           4           5           6
 ne: 1 0.12500E-01 0.34341E-01 0.13889     0.32838      1.0800      2.6122    
 1-group lambda   8.6528875E-02
    -------------------------------------------------------------------------------
    * n group   * e(i)        * e(i+1)
          1       0.20000E+08    0.0000    
    -------------------------------------------------------------------------------
          spectrum -xj
  
          condensated zone : 1
 nt      1           2           3           4           5           6
 ne: 1 0.10309E-04  0.0000      0.0000      0.0000      0.0000      0.0000    
    -------------------------------------------------------------------------------
    * n group   * e(i)        * e(i+1)
          1       0.10500E+08    0.0000    
    -------------------------------------------------------------------------------
          production part constant -alfa (id xe pm)
  
          condensated zone : 1
           1  6.3059874E-02  7.5341883E-04  1.1705664E-02
:fier                                                                           
 condensation boundary was changed from  0.21500E+01 to  0.21544E+01
*** 4 *** ;egr=  2.1544    
    keff         nu           mu           fi           teta
   1.0904       1.9601       1.4143      0.67498      0.58272    
 s0z(n)=    1.215171      0.0000000E+00  0.0000000E+00   1.232606    
  0.0000000E+00  0.0000000E+00  0.0000000E+00  0.0000000E+00  0.0000000E+00
  0.0000000E+00  0.0000000E+00  0.0000000E+00  0.0000000E+00  0.0000000E+00
  0.0000000E+00  0.0000000E+00  0.0000000E+00
:burn                                                                           
 *** average burn up =   2.9785     (mbt*day)/(kg hm)
    > CONSYST Program Ver: 98.01 > started at  0: 0: 0:  
    { Manturov G., E-mail: abbn@ippe.rssi.ru}
 
       -------------------------------
 
       CONSYST INPUT DATA READ FROM : cons.dat
       CONSYST PROTOCOL STORED IN   : RESULT
       GMF X-SECTION'S FILE         : OUT
       TEMPORARY FILE               : RAB
       ABBN BASIC DATA SET FROM     : .\get-93\bin\Bnab90.lib
       ABBN MULTIC DATA SET FROM    : .\get-93\bin\Bnabmlt.lib
       ABBN THERMAL DATA SET FROM   : .\get-93\bin\BNABTHM.lib
 
    >>  K-inf(MLT)= 1.37389 Balance= 1.03310 NU= 2.70 FI-Sum=  1.19E+02
    >   Include Thermal Matrix > H(H2O):BNABTHM.BIN   Temp=  500K
    >   Include Thermal Matrix > H(H2O):BNABTHM.BIN   Temp=  600K
    >>  K-inf(MLT)= 1.37385 Balance= 1.03310 NU= 2.70 FI-Sum=  1.19E+02
    >   Include Thermal Matrix > H(H2O):BNABTHM.BIN   Temp=  500K
    >   Include Thermal Matrix > H(H2O):BNABTHM.BIN   Temp=  600K
    >   Include Thermal Matrix > H(H2O):BNABTHM.BIN   Temp=  500K
    >   Include Thermal Matrix > H(H2O):BNABTHM.BIN   Temp=  600K
    >   Include Thermal Matrix > H(H2O):BNABTHM.BIN   Temp=  500K
    >   Include Thermal Matrix > H(H2O):BNABTHM.BIN   Temp=  600K
    >   Include Thermal Matrix > H(H2O):BNABTHM.BIN   Temp=  500K
    >   Include Thermal Matrix > H(H2O):BNABTHM.BIN   Temp=  600K
    > CONSYST finished at  0: 0: 0:  
 therm. calculation avoided
 therm. calculation avoided
 therm. calculation avoided
 therm. calculation avoided
 therm. calculation avoided
 therm. calculation avoided
 therm. calculation avoided
 therm. calculation avoided
 therm. calculation avoided
 *************************************************
   ***k(inf)= 1.08095     ***k(itt)= 1.10715     ***k(integ)= 1.08095    ***
   **bakl=  0.0000     **length= 0.10000E+11  ***
   **matr.  alout*alcorr a(k,i)(k=1,ncel) ***
     * 0.58820     0.13720     0.11760      0.0000      0.0000     0.15860    
     * 0.38880     0.33330      0.0000     0.22220     0.55500E-01  0.0000    
     * 0.66660      0.0000      0.0000      0.0000      0.0000     0.33330    
     *  0.0000     0.66660      0.0000      0.0000     0.33330      0.0000    
     *  0.0000     0.14280      0.0000     0.28570     0.57140      0.0000    
     * 0.22220      0.0000     0.83300E-01  0.0000      0.0000     0.69440    
 lokal kner      in cell ,ru=           1=   1.001324       1.001185    
 lokal kner      in cell ,ru=           2=  0.9962497      0.9966425    
 lokal kner      in cell ,ru=           3=  0.0000000E+00   1.821303    
 lokal kner      in cell ,ru=           4=  0.0000000E+00   1.131849    
 lokal kner      in cell ,ru=           5=  0.0000000E+00  4.1422334E-02
 lokal kner      in cell ,ru=           6=  0.0000000E+00  0.1537407    
:corr                                                                           
 ------------------------------------------------------------------------------
  backling =  0.0000000E+00
 ------------------------------------------------------------------------------
  number of cells =           6
          cell number    1  number of zone= 3
 << geometry characteristics >>
    geometry of cell- cilindrical index=           2
  kratnost of cell =   51.00000    
  inner radius of cell =  0.0000000E+00
  out square ratio =  0.5882000      0.1372000      0.1176000      0.0000000E+00
  0.0000000E+00  0.1586000    
 ------------------------------------------------------------------------------
 num zone      1           2           3
 radius   0.31500E+00 0.34500E+00 0.49700E+00
 temper   0.62500E+03 0.59800E+03 0.56800E+03
 rez_izot    u238        bad         bad 
 ------------------------------------------------------------------------------
    izotop   /             concentration number of izotops=68
  1 *h*      0.00000E+00 0.00000E+00 0.47000E-01
  2 *o*      0.00000E+00 0.00000E+00 0.23000E-01
  4 u235     0.22869E-02 0.00000E+00 0.00000E+00
  5 u238     0.99395E-02 0.00000E+00 0.00000E+00
  6 o        0.24600E-01 0.00000E+00 0.87230E-02
  8 al       0.19000E-01 0.00000E+00 0.00000E+00
 11 gd57     0.10820E-08 0.00000E+00 0.00000E+00
 12 ni       0.00000E+00 0.52000E-01 0.00000E+00
 13 cr       0.00000E+00 0.39000E-01 0.00000E+00
 16 u236     0.96079E-05 0.00000E+00 0.00000E+00
 17 slag     0.16965E-04 0.00000E+00 0.00000E+00
 18 tc99     0.23646E-05 0.00000E+00 0.00000E+00
 19 rh03     0.12350E-05 0.00000E+00 0.00000E+00
 20 ag09     0.15152E-07 0.00000E+00 0.00000E+00
 21 cd13     0.26144E-08 0.00000E+00 0.00000E+00
 22 xe35     0.15957E-07 0.00000E+00 0.00000E+00
 23 sm49     0.20937E-06 0.00000E+00 0.00000E+00
 24 sm51     0.15035E-06 0.00000E+00 0.00000E+00
 25 eu55     0.10871E-07 0.00000E+00 0.00000E+00
 26 gd55     0.12370E-09 0.00000E+00 0.00000E+00
 27 gd56     0.75511E-08 0.00000E+00 0.00000E+00
 28 np37     0.28686E-07 0.00000E+00 0.00000E+00
 29 np39     0.52555E-06 0.00000E+00 0.00000E+00
 30 pu38     0.18628E-09 0.00000E+00 0.00000E+00
 31 pu39     0.77492E-05 0.00000E+00 0.00000E+00
 32 pu40     0.91967E-07 0.00000E+00 0.00000E+00
 33 pu41     0.46509E-08 0.00000E+00 0.00000E+00
 34 pu42     0.16927E-10 0.00000E+00 0.00000E+00
 35 am41     0.79339E-11 0.00000E+00 0.00000E+00
 36 am2m     0.80192E-14 0.00000E+00 0.00000E+00
 37 am43     0.73524E-13 0.00000E+00 0.00000E+00
 38 cm42     0.56466E-13 0.00000E+00 0.00000E+00
 39 cm44     0.46524E-15 0.00000E+00 0.00000E+00
 40 cm45     0.70980E-18 0.00000E+00 0.00000E+00
 45 sm52     0.11974E-06 0.00000E+00 0.00000E+00
 46 xe31     0.10669E-05 0.00000E+00 0.00000E+00
 47 cs33     0.25900E-05 0.00000E+00 0.00000E+00
 48 nd45     0.15058E-05 0.00000E+00 0.00000E+00
 49 nd43     0.22659E-05 0.00000E+00 0.00000E+00
 50 pm47     0.85669E-06 0.00000E+00 0.00000E+00
 51 mo95     0.24923E-05 0.00000E+00 0.00000E+00
 52 cs34     0.10036E-07 0.00000E+00 0.00000E+00
 53 pr41     0.22476E-05 0.00000E+00 0.00000E+00
 54 pm48     0.23444E-08 0.00000E+00 0.00000E+00
 55 pm8m     0.52312E-08 0.00000E+00 0.00000E+00
 56 rh05     0.15655E-07 0.00000E+00 0.00000E+00
 57 pm49     0.27229E-07 0.00000E+00 0.00000E+00
 58 kr83     0.20503E-06 0.00000E+00 0.00000E+00
 59 ru01     0.19564E-05 0.00000E+00 0.00000E+00
 60 pd05     0.38329E-06 0.00000E+00 0.00000E+00
 61 cs35     0.16024E-05 0.00000E+00 0.00000E+00
 62 sm50     0.21627E-06 0.00000E+00 0.00000E+00
 63 eu51     0.53163E-09 0.00000E+00 0.00000E+00
 64 eu53     0.32996E-08 0.00000E+00 0.00000E+00
 65 eu54     0.35962E-10 0.00000E+00 0.00000E+00
 66 gd54     0.11071E-12 0.00000E+00 0.00000E+00
 67 am42     0.65390E-14 0.00000E+00 0.00000E+00
 68 cm43     0.24879E-16 0.00000E+00 0.00000E+00
 ------------------------------------------------------------------------------
  number of cells =           6
          cell number    2  number of zone= 3
 << geometry characteristics >>
    geometry of cell- cilindrical index=           2
  kratnost of cell =   18.00000    
  inner radius of cell =  0.0000000E+00
  out square ratio =  0.3888000      0.3333000      0.0000000E+00  0.2222000    
  5.5500001E-02  0.0000000E+00
 ------------------------------------------------------------------------------
 num zone      4           5           6
 radius   0.31500E+00 0.34500E+00 0.49700E+00
 temper   0.62500E+03 0.59800E+03 0.56800E+03
 rez_izot    u238        bad         bad 
 ------------------------------------------------------------------------------
    izotop   /             concentration number of izotops=68
  1 *h*      0.00000E+00 0.00000E+00 0.47000E-01
  2 *o*      0.00000E+00 0.00000E+00 0.23000E-01
  4 u235     0.22872E-02 0.00000E+00 0.00000E+00
  5 u238     0.99395E-02 0.00000E+00 0.00000E+00
  6 o        0.24600E-01 0.00000E+00 0.87230E-02
  8 al       0.19000E-01 0.00000E+00 0.00000E+00
 11 gd57     0.10873E-08 0.00000E+00 0.00000E+00
 12 ni       0.00000E+00 0.52000E-01 0.00000E+00
 13 cr       0.00000E+00 0.39000E-01 0.00000E+00
 16 u236     0.95625E-05 0.00000E+00 0.00000E+00
 17 slag     0.16859E-04 0.00000E+00 0.00000E+00
 18 tc99     0.23510E-05 0.00000E+00 0.00000E+00
 19 rh03     0.12282E-05 0.00000E+00 0.00000E+00
 20 ag09     0.15077E-07 0.00000E+00 0.00000E+00
 21 cd13     0.26129E-08 0.00000E+00 0.00000E+00
 22 xe35     0.15937E-07 0.00000E+00 0.00000E+00
 23 sm49     0.20973E-06 0.00000E+00 0.00000E+00
 24 sm51     0.14965E-06 0.00000E+00 0.00000E+00
 25 eu55     0.10803E-07 0.00000E+00 0.00000E+00
 26 gd55     0.12323E-09 0.00000E+00 0.00000E+00
 27 gd56     0.75208E-08 0.00000E+00 0.00000E+00
 28 np37     0.28443E-07 0.00000E+00 0.00000E+00
 29 np39     0.52474E-06 0.00000E+00 0.00000E+00
 30 pu38     0.18457E-09 0.00000E+00 0.00000E+00
 31 pu39     0.77376E-05 0.00000E+00 0.00000E+00
 32 pu40     0.91705E-07 0.00000E+00 0.00000E+00
 33 pu41     0.46481E-08 0.00000E+00 0.00000E+00
 34 pu42     0.16838E-10 0.00000E+00 0.00000E+00
 35 am41     0.79290E-11 0.00000E+00 0.00000E+00
 36 am2m     0.80242E-14 0.00000E+00 0.00000E+00
 37 am43     0.73437E-13 0.00000E+00 0.00000E+00
 38 cm42     0.56489E-13 0.00000E+00 0.00000E+00
 39 cm44     0.46443E-15 0.00000E+00 0.00000E+00
 40 cm45     0.70594E-18 0.00000E+00 0.00000E+00
 45 sm52     0.11895E-06 0.00000E+00 0.00000E+00
 46 xe31     0.10608E-05 0.00000E+00 0.00000E+00
 47 cs33     0.25751E-05 0.00000E+00 0.00000E+00
 48 nd45     0.14971E-05 0.00000E+00 0.00000E+00
 49 nd43     0.22528E-05 0.00000E+00 0.00000E+00
 50 pm47     0.85185E-06 0.00000E+00 0.00000E+00
 51 mo95     0.24778E-05 0.00000E+00 0.00000E+00
 52 cs34     0.99439E-08 0.00000E+00 0.00000E+00
 53 pr41     0.22347E-05 0.00000E+00 0.00000E+00
 54 pm48     0.23223E-08 0.00000E+00 0.00000E+00
 55 pm8m     0.51909E-08 0.00000E+00 0.00000E+00
 56 rh05     0.15577E-07 0.00000E+00 0.00000E+00
 57 pm49     0.27076E-07 0.00000E+00 0.00000E+00
 58 kr83     0.20384E-06 0.00000E+00 0.00000E+00
 59 ru01     0.19451E-05 0.00000E+00 0.00000E+00
 60 pd05     0.38134E-06 0.00000E+00 0.00000E+00
 61 cs35     0.16002E-05 0.00000E+00 0.00000E+00
 62 sm50     0.21351E-06 0.00000E+00 0.00000E+00
 63 eu51     0.52363E-09 0.00000E+00 0.00000E+00
 64 eu53     0.32667E-08 0.00000E+00 0.00000E+00
 65 eu54     0.35503E-10 0.00000E+00 0.00000E+00
 66 gd54     0.10931E-12 0.00000E+00 0.00000E+00
 67 am42     0.65418E-14 0.00000E+00 0.00000E+00
 68 cm43     0.24797E-16 0.00000E+00 0.00000E+00
 ------------------------------------------------------------------------------
  number of cells =           6
          cell number    3  number of zone= 3
 << geometry characteristics >>
    geometry of cell- cilindrical index=           2
  kratnost of cell =   9.000000    
  inner radius of cell =  0.0000000E+00
  out square ratio =  0.6666000      0.0000000E+00  0.0000000E+00  0.0000000E+00
  0.0000000E+00  0.3333000    
 ------------------------------------------------------------------------------
 num zone      7           8           9
 radius   0.31500E+00 0.34500E+00 0.49700E+00
 temper   0.59800E+03 0.59800E+03 0.56800E+03
 rez_izot    bad         bad         bad 
 ------------------------------------------------------------------------------
    izotop   /             concentration number of izotops=68
  1 *h*      0.00000E+00 0.00000E+00 0.47000E-01
  2 *o*      0.00000E+00 0.00000E+00 0.23000E-01
  3 zr       0.17830E-02 0.00000E+00 0.00000E+00
  6 o        0.62310E-02 0.00000E+00 0.87230E-02
  8 al       0.57980E-01 0.00000E+00 0.00000E+00
 11 gd57     0.16755E-02 0.00000E+00 0.00000E+00
 12 ni       0.00000E+00 0.52000E-01 0.00000E+00
 13 cr       0.00000E+00 0.39000E-01 0.00000E+00
 17 slag     0.10747E-03 0.00000E+00 0.00000E+00
 ------------------------------------------------------------------------------
  number of cells =           6
          cell number    4  number of zone= 3
 << geometry characteristics >>
    geometry of cell- cilindrical index=           2
  kratnost of cell =   6.000000    
  inner radius of cell =  0.0000000E+00
  out square ratio =  0.0000000E+00  0.6666000      0.0000000E+00  0.0000000E+00
  0.3333000      0.0000000E+00
 ------------------------------------------------------------------------------
 num zone     10          11          12
 radius   0.19500E+00 0.22500E+00 0.49700E+00
 temper   0.59800E+03 0.59800E+03 0.56800E+03
 rez_izot    bad         bad         bad 
 ------------------------------------------------------------------------------
    izotop   /             concentration number of izotops=68
  1 *h*      0.00000E+00 0.00000E+00 0.47000E-01
  2 *o*      0.00000E+00 0.00000E+00 0.23000E-01
  3 zr       0.17830E-02 0.00000E+00 0.00000E+00
  6 o        0.62310E-02 0.00000E+00 0.87230E-02
  8 al       0.57980E-01 0.00000E+00 0.00000E+00
 11 gd57     0.16134E-02 0.00000E+00 0.00000E+00
 12 ni       0.00000E+00 0.52000E-01 0.00000E+00
 13 cr       0.00000E+00 0.39000E-01 0.00000E+00
 17 slag     0.16962E-03 0.00000E+00 0.00000E+00
 ------------------------------------------------------------------------------
  number of cells =           6
          cell number    5  number of zone= 3
 << geometry characteristics >>
    geometry of cell- cilindrical index=           2
  kratnost of cell =   7.000000    
  inner radius of cell =  0.0000000E+00
  out square ratio =  0.0000000E+00  0.1428000      0.0000000E+00  0.2857000    
  0.5714000      0.0000000E+00
 ------------------------------------------------------------------------------
 num zone     13          14          15
 radius   0.35500E+00 0.41000E+00 0.49700E+00
 temper   0.56800E+03 0.56800E+03 0.56800E+03
 rez_izot    bad         bad         bad 
 ------------------------------------------------------------------------------
    izotop   /             concentration number of izotops=68
  1 *h*      0.47000E-01 0.47000E-01 0.47000E-01
  2 *o*      0.23000E-01 0.23000E-01 0.23000E-01
  6 o        0.87230E-02 0.87230E-02 0.87230E-02
 ------------------------------------------------------------------------------
  number of cells =           6
          cell number    6  number of zone= 2
 << geometry characteristics >>
    geometry of cell- cilindrical index=           2
  kratnost of cell =   36.00000    
  inner radius of cell =  0.0000000E+00
  out square ratio =  0.2222000      0.0000000E+00  8.3300002E-02  0.0000000E+00
  0.0000000E+00  0.6944000    
 ------------------------------------------------------------------------------
 num zone     16          17
 radius   0.16500E+00 0.45000E+00
 temper   0.59800E+03 0.56800E+03
 rez_izot    bad         bad 
 ------------------------------------------------------------------------------
    izotop   /             concentration number of izotops=68
  1 *h*      0.00000E+00 0.47000E-01
  2 *o*      0.00000E+00 0.23000E-01
  6 o        0.00000E+00 0.87230E-02
 12 ni       0.52000E-01 0.00000E+00
 13 cr       0.39000E-01 0.00000E+00
:dina                                                                           
    -------------------------------------------------------------------------------
    * n group   * e(i)        * e(i+1)
          1       0.20000E+08    0.0000    
    -------------------------------------------------------------------------------
          fraction of delay neutrons -betaj
           beta`j
           one group beta * 10e-4
  
          condensated zone : 1
 nt      1           2           3           4           5           6
 ne: 1  2.0946      14.208      12.740      25.932      7.8427      2.9533    
 ne: 1 0.31847E-01 0.21603     0.19371     0.39428     0.11924     0.44902E-01
       65.77097    
    -------------------------------------------------------------------------------
    * n group   * e(i)        * e(i+1)
          1       0.20000E+08    0.0000    
    -------------------------------------------------------------------------------
          decay constant -lambdaj
           one group lambda
  
          condensated zone : 1
 nt      1           2           3           4           5           6
 ne: 1 0.12500E-01 0.34326E-01 0.13885     0.32838      1.0799      2.6110    
 1-group lambda   8.6472005E-02
    -------------------------------------------------------------------------------
    * n group   * e(i)        * e(i+1)
          1       0.20000E+08    0.0000    
    -------------------------------------------------------------------------------
          spectrum -xj
  
          condensated zone : 1
 nt      1           2           3           4           5           6
 ne: 1 0.10463E-04  0.0000      0.0000      0.0000      0.0000      0.0000    
    -------------------------------------------------------------------------------
    * n group   * e(i)        * e(i+1)
          1       0.10500E+08    0.0000    
    -------------------------------------------------------------------------------
          production part constant -alfa (id xe pm)
  
          condensated zone : 1
           1  6.3051835E-02  7.7219412E-04  1.1720264E-02
:fier                                                                           
 condensation boundary was changed from  0.21500E+01 to  0.21544E+01
*** 4 *** ;egr=  2.1544    
    keff         nu           mu           fi           teta
   1.0810       1.9315       1.4135      0.67592      0.58576    
 s0z(n)=    1.215171      0.0000000E+00  0.0000000E+00   1.232606    
  0.0000000E+00  0.0000000E+00  0.0000000E+00  0.0000000E+00  0.0000000E+00
  0.0000000E+00  0.0000000E+00  0.0000000E+00  0.0000000E+00  0.0000000E+00
  0.0000000E+00  0.0000000E+00  0.0000000E+00
:burn                                                                           
 *** average burn up =   62.925     (mbt*day)/(kg hm)
    > CONSYST Program Ver: 98.01 > started at  0: 0: 0:  
    { Manturov G., E-mail: abbn@ippe.rssi.ru}
 
       -------------------------------
 
       CONSYST INPUT DATA READ FROM : cons.dat
       CONSYST PROTOCOL STORED IN   : RESULT
       GMF X-SECTION'S FILE         : OUT
       TEMPORARY FILE               : RAB
       ABBN BASIC DATA SET FROM     : .\get-93\bin\Bnab90.lib
       ABBN MULTIC DATA SET FROM    : .\get-93\bin\Bnabmlt.lib
       ABBN THERMAL DATA SET FROM   : .\get-93\bin\BNABTHM.lib
 
    >>  K-inf(MLT)= 1.16003 Balance= 1.02748 NU= 2.71 FI-Sum=  1.34E+02
    >   Include Thermal Matrix > H(H2O):BNABTHM.BIN   Temp=  500K
    >   Include Thermal Matrix > H(H2O):BNABTHM.BIN   Temp=  600K
    >>  K-inf(MLT)= 1.16122 Balance= 1.02751 NU= 2.71 FI-Sum=  1.34E+02
    >   Include Thermal Matrix > H(H2O):BNABTHM.BIN   Temp=  500K
    >   Include Thermal Matrix > H(H2O):BNABTHM.BIN   Temp=  600K
    >   Include Thermal Matrix > H(H2O):BNABTHM.BIN   Temp=  500K
    >   Include Thermal Matrix > H(H2O):BNABTHM.BIN   Temp=  600K
    >   Include Thermal Matrix > H(H2O):BNABTHM.BIN   Temp=  500K
    >   Include Thermal Matrix > H(H2O):BNABTHM.BIN   Temp=  600K
    >   Include Thermal Matrix > H(H2O):BNABTHM.BIN   Temp=  500K
    >   Include Thermal Matrix > H(H2O):BNABTHM.BIN   Temp=  600K
    > CONSYST finished at  0: 0: 0:  
 therm. calculation avoided
 therm. calculation avoided
 therm. calculation avoided
 therm. calculation avoided
 therm. calculation avoided
 therm. calculation avoided
 therm. calculation avoided
 therm. calculation avoided
 *************************************************
   ***k(inf)=0.984910     ***k(itt)= 1.00921     ***k(integ)=0.984910    ***
   **bakl=  0.0000     **length= 0.10000E+11  ***
   **matr.  alout*alcorr a(k,i)(k=1,ncel) ***
     * 0.58820     0.13720     0.11760      0.0000      0.0000     0.15860    
     * 0.38880     0.33330      0.0000     0.22220     0.55500E-01  0.0000    
     * 0.66660      0.0000      0.0000      0.0000      0.0000     0.33330    
     *  0.0000     0.66660      0.0000      0.0000     0.33330      0.0000    
     *  0.0000     0.14280      0.0000     0.28570     0.57140      0.0000    
     * 0.22220      0.0000     0.83300E-01  0.0000      0.0000     0.69440    
 lokal kner      in cell ,ru=           1=  0.9951315      0.9963377    
 lokal kner      in cell ,ru=           2=   1.013794       1.010377    
 lokal kner      in cell ,ru=           3=  0.0000000E+00   1.501368    
 lokal kner      in cell ,ru=           4=  0.0000000E+00  0.8181990    
 lokal kner      in cell ,ru=           5=  0.0000000E+00  4.4638947E-02
 lokal kner      in cell ,ru=           6=  0.0000000E+00  0.1597809    
:corr                                                                           
 ------------------------------------------------------------------------------
  backling =  0.0000000E+00
 ------------------------------------------------------------------------------
  number of cells =           6
          cell number    1  number of zone= 3
 << geometry characteristics >>
    geometry of cell- cilindrical index=           2
  kratnost of cell =   51.00000    
  inner radius of cell =  0.0000000E+00
  out square ratio =  0.5882000      0.1372000      0.1176000      0.0000000E+00
  0.0000000E+00  0.1586000    
 ------------------------------------------------------------------------------
 num zone      1           2           3
 radius   0.31500E+00 0.34500E+00 0.49700E+00
 temper   0.62500E+03 0.59800E+03 0.56800E+03
 rez_izot    u238        bad         bad 
 ------------------------------------------------------------------------------
    izotop   /             concentration number of izotops=68
  1 *h*      0.00000E+00 0.00000E+00 0.47000E-01
  2 *o*      0.00000E+00 0.00000E+00 0.23000E-01
  4 u235     0.14596E-02 0.00000E+00 0.00000E+00
  5 u238     0.97325E-02 0.00000E+00 0.00000E+00
  6 o        0.24600E-01 0.00000E+00 0.87230E-02
  8 al       0.19000E-01 0.00000E+00 0.00000E+00
 11 gd57     0.30180E-08 0.00000E+00 0.00000E+00
 12 ni       0.00000E+00 0.52000E-01 0.00000E+00
 13 cr       0.00000E+00 0.39000E-01 0.00000E+00
 16 u236     0.16630E-03 0.00000E+00 0.00000E+00
 17 slag     0.37403E-03 0.00000E+00 0.00000E+00
 18 tc99     0.44940E-04 0.00000E+00 0.00000E+00
 19 rh03     0.21072E-04 0.00000E+00 0.00000E+00
 20 ag09     0.82560E-06 0.00000E+00 0.00000E+00
 21 cd13     0.61632E-08 0.00000E+00 0.00000E+00
 22 xe35     0.12610E-07 0.00000E+00 0.00000E+00
 23 sm49     0.25067E-06 0.00000E+00 0.00000E+00
 24 sm51     0.67505E-06 0.00000E+00 0.00000E+00
 25 eu55     0.10010E-06 0.00000E+00 0.00000E+00
 26 gd55     0.40836E-08 0.00000E+00 0.00000E+00
 27 gd56     0.59444E-06 0.00000E+00 0.00000E+00
 28 np37     0.10585E-04 0.00000E+00 0.00000E+00
 29 np39     0.52058E-06 0.00000E+00 0.00000E+00
 30 pu38     0.16673E-05 0.00000E+00 0.00000E+00
 31 pu39     0.96490E-04 0.00000E+00 0.00000E+00
 32 pu40     0.13311E-04 0.00000E+00 0.00000E+00
 33 pu41     0.15233E-04 0.00000E+00 0.00000E+00
 34 pu42     0.16353E-05 0.00000E+00 0.00000E+00
 35 am41     0.63716E-06 0.00000E+00 0.00000E+00
 36 am2m     0.10030E-07 0.00000E+00 0.00000E+00
 37 am43     0.18403E-06 0.00000E+00 0.00000E+00
 38 cm42     0.71636E-07 0.00000E+00 0.00000E+00
 39 cm44     0.30716E-07 0.00000E+00 0.00000E+00
 40 cm45     0.10743E-08 0.00000E+00 0.00000E+00
 45 sm52     0.31047E-05 0.00000E+00 0.00000E+00
 46 xe31     0.18024E-04 0.00000E+00 0.00000E+00
 47 cs33     0.48280E-04 0.00000E+00 0.00000E+00
 48 nd45     0.28280E-04 0.00000E+00 0.00000E+00
 49 nd43     0.40732E-04 0.00000E+00 0.00000E+00
 50 pm47     0.77681E-05 0.00000E+00 0.00000E+00
 51 mo95     0.47968E-04 0.00000E+00 0.00000E+00
 52 cs34     0.31643E-05 0.00000E+00 0.00000E+00
 53 pr41     0.45051E-04 0.00000E+00 0.00000E+00
 54 pm48     0.24606E-07 0.00000E+00 0.00000E+00
 55 pm8m     0.87810E-07 0.00000E+00 0.00000E+00
 56 rh05     0.20556E-07 0.00000E+00 0.00000E+00
 57 pm49     0.26175E-07 0.00000E+00 0.00000E+00
 58 kr83     0.37179E-05 0.00000E+00 0.00000E+00
 59 ru01     0.38739E-04 0.00000E+00 0.00000E+00
 60 pd05     0.10681E-04 0.00000E+00 0.00000E+00
 61 cs35     0.32432E-04 0.00000E+00 0.00000E+00
 62 sm50     0.95513E-05 0.00000E+00 0.00000E+00
 63 eu51     0.25387E-06 0.00000E+00 0.00000E+00
 64 eu53     0.19972E-05 0.00000E+00 0.00000E+00
 65 eu54     0.32644E-06 0.00000E+00 0.00000E+00
 66 gd54     0.26255E-07 0.00000E+00 0.00000E+00
 67 am42     0.56794E-09 0.00000E+00 0.00000E+00
 68 cm43     0.82467E-09 0.00000E+00 0.00000E+00
 ------------------------------------------------------------------------------
  number of cells =           6
          cell number    2  number of zone= 3
 << geometry characteristics >>
    geometry of cell- cilindrical index=           2
  kratnost of cell =   18.00000    
  inner radius of cell =  0.0000000E+00
  out square ratio =  0.3888000      0.3333000      0.0000000E+00  0.2222000    
  5.5500001E-02  0.0000000E+00
 ------------------------------------------------------------------------------
 num zone      4           5           6
 radius   0.31500E+00 0.34500E+00 0.49700E+00
 temper   0.62500E+03 0.59800E+03 0.56800E+03
 rez_izot    u238        bad         bad 
 ------------------------------------------------------------------------------
    izotop   /             concentration number of izotops=68
  1 *h*      0.00000E+00 0.00000E+00 0.47000E-01
  2 *o*      0.00000E+00 0.00000E+00 0.23000E-01
  4 u235     0.14632E-02 0.00000E+00 0.00000E+00
  5 u238     0.97327E-02 0.00000E+00 0.00000E+00
  6 o        0.24600E-01 0.00000E+00 0.87230E-02
  8 al       0.19000E-01 0.00000E+00 0.00000E+00
 11 gd57     0.30459E-08 0.00000E+00 0.00000E+00
 12 ni       0.00000E+00 0.52000E-01 0.00000E+00
 13 cr       0.00000E+00 0.39000E-01 0.00000E+00
 16 u236     0.16580E-03 0.00000E+00 0.00000E+00
 17 slag     0.37229E-03 0.00000E+00 0.00000E+00
 18 tc99     0.44773E-04 0.00000E+00 0.00000E+00
 19 rh03     0.20995E-04 0.00000E+00 0.00000E+00
 20 ag09     0.82409E-06 0.00000E+00 0.00000E+00
 21 cd13     0.62001E-08 0.00000E+00 0.00000E+00
 22 xe35     0.12630E-07 0.00000E+00 0.00000E+00
 23 sm49     0.25264E-06 0.00000E+00 0.00000E+00
 24 sm51     0.67830E-06 0.00000E+00 0.00000E+00
 25 eu55     0.98637E-07 0.00000E+00 0.00000E+00
 26 gd55     0.40691E-08 0.00000E+00 0.00000E+00
 27 gd56     0.59107E-06 0.00000E+00 0.00000E+00
 28 np37     0.10515E-04 0.00000E+00 0.00000E+00
 29 np39     0.51988E-06 0.00000E+00 0.00000E+00
 30 pu38     0.16570E-05 0.00000E+00 0.00000E+00
 31 pu39     0.96402E-04 0.00000E+00 0.00000E+00
 32 pu40     0.13272E-04 0.00000E+00 0.00000E+00
 33 pu41     0.15252E-04 0.00000E+00 0.00000E+00
 34 pu42     0.16300E-05 0.00000E+00 0.00000E+00
 35 am41     0.63756E-06 0.00000E+00 0.00000E+00
 36 am2m     0.10085E-07 0.00000E+00 0.00000E+00
 37 am43     0.18427E-06 0.00000E+00 0.00000E+00
 38 cm42     0.71809E-07 0.00000E+00 0.00000E+00
 39 cm44     0.30750E-07 0.00000E+00 0.00000E+00
 40 cm45     0.10728E-08 0.00000E+00 0.00000E+00
 45 sm52     0.30966E-05 0.00000E+00 0.00000E+00
 46 xe31     0.17966E-04 0.00000E+00 0.00000E+00
 47 cs33     0.48104E-04 0.00000E+00 0.00000E+00
 48 nd45     0.28173E-04 0.00000E+00 0.00000E+00
 49 nd43     0.40592E-04 0.00000E+00 0.00000E+00
 50 pm47     0.77507E-05 0.00000E+00 0.00000E+00
 51 mo95     0.47776E-04 0.00000E+00 0.00000E+00
 52 cs34     0.31419E-05 0.00000E+00 0.00000E+00
 53 pr41     0.44874E-04 0.00000E+00 0.00000E+00
 54 pm48     0.24462E-07 0.00000E+00 0.00000E+00
 55 pm8m     0.87618E-07 0.00000E+00 0.00000E+00
 56 rh05     0.20512E-07 0.00000E+00 0.00000E+00
 57 pm49     0.26073E-07 0.00000E+00 0.00000E+00
 58 kr83     0.37044E-05 0.00000E+00 0.00000E+00
 59 ru01     0.38588E-04 0.00000E+00 0.00000E+00
 60 pd05     0.10649E-04 0.00000E+00 0.00000E+00
 61 cs35     0.32444E-04 0.00000E+00 0.00000E+00
 62 sm50     0.95058E-05 0.00000E+00 0.00000E+00
 63 eu51     0.25226E-06 0.00000E+00 0.00000E+00
 64 eu53     0.19831E-05 0.00000E+00 0.00000E+00
 65 eu54     0.32382E-06 0.00000E+00 0.00000E+00
 66 gd54     0.26014E-07 0.00000E+00 0.00000E+00
 67 am42     0.56930E-09 0.00000E+00 0.00000E+00
 68 cm43     0.82411E-09 0.00000E+00 0.00000E+00
 ------------------------------------------------------------------------------
  number of cells =           6
          cell number    3  number of zone= 3
 << geometry characteristics >>
    geometry of cell- cilindrical index=           2
  kratnost of cell =   9.000000    
  inner radius of cell =  0.0000000E+00
  out square ratio =  0.6666000      0.0000000E+00  0.0000000E+00  0.0000000E+00
  0.0000000E+00  0.3333000    
 ------------------------------------------------------------------------------
 num zone      7           8           9
 radius   0.31500E+00 0.34500E+00 0.49700E+00
 temper   0.59800E+03 0.59800E+03 0.56800E+03
 rez_izot    bad         bad         bad 
 ------------------------------------------------------------------------------
    izotop   /             concentration number of izotops=68
  1 *h*      0.00000E+00 0.00000E+00 0.47000E-01
  2 *o*      0.00000E+00 0.00000E+00 0.23000E-01
  3 zr       0.17830E-02 0.00000E+00 0.00000E+00
  6 o        0.62310E-02 0.00000E+00 0.87230E-02
  8 al       0.57980E-01 0.00000E+00 0.00000E+00
 11 gd57     0.39938E-03 0.00000E+00 0.00000E+00
 12 ni       0.00000E+00 0.52000E-01 0.00000E+00
 13 cr       0.00000E+00 0.39000E-01 0.00000E+00
 17 slag     0.13836E-02 0.00000E+00 0.00000E+00
 ------------------------------------------------------------------------------
  number of cells =           6
          cell number    4  number of zone= 3
 << geometry characteristics >>
    geometry of cell- cilindrical index=           2
  kratnost of cell =   6.000000    
  inner radius of cell =  0.0000000E+00
  out square ratio =  0.0000000E+00  0.6666000      0.0000000E+00  0.0000000E+00
  0.3333000      0.0000000E+00
 ------------------------------------------------------------------------------
 num zone     10          11          12
 radius   0.19500E+00 0.22500E+00 0.49700E+00
 temper   0.59800E+03 0.59800E+03 0.56800E+03
 rez_izot    bad         bad         bad 
 ------------------------------------------------------------------------------
    izotop   /             concentration number of izotops=68
  1 *h*      0.00000E+00 0.00000E+00 0.47000E-01
  2 *o*      0.00000E+00 0.00000E+00 0.23000E-01
  3 zr       0.17830E-02 0.00000E+00 0.00000E+00
  6 o        0.62310E-02 0.00000E+00 0.87230E-02
  8 al       0.57980E-01 0.00000E+00 0.00000E+00
 11 gd57     0.14971E-03 0.00000E+00 0.00000E+00
 12 ni       0.00000E+00 0.52000E-01 0.00000E+00
 13 cr       0.00000E+00 0.39000E-01 0.00000E+00
 17 slag     0.16333E-02 0.00000E+00 0.00000E+00
 ------------------------------------------------------------------------------
  number of cells =           6
          cell number    5  number of zone= 3
 << geometry characteristics >>
    geometry of cell- cilindrical index=           2
  kratnost of cell =   7.000000    
  inner radius of cell =  0.0000000E+00
  out square ratio =  0.0000000E+00  0.1428000      0.0000000E+00  0.2857000    
  0.5714000      0.0000000E+00
 ------------------------------------------------------------------------------
 num zone     13          14          15
 radius   0.35500E+00 0.41000E+00 0.49700E+00
 temper   0.56800E+03 0.56800E+03 0.56800E+03
 rez_izot    bad         bad         bad 
 ------------------------------------------------------------------------------
    izotop   /             concentration number of izotops=68
  1 *h*      0.47000E-01 0.47000E-01 0.47000E-01
  2 *o*      0.23000E-01 0.23000E-01 0.23000E-01
  6 o        0.87230E-02 0.87230E-02 0.87230E-02
 ------------------------------------------------------------------------------
  number of cells =           6
          cell number    6  number of zone= 2
 << geometry characteristics >>
    geometry of cell- cilindrical index=           2
  kratnost of cell =   36.00000    
  inner radius of cell =  0.0000000E+00
  out square ratio =  0.2222000      0.0000000E+00  8.3300002E-02  0.0000000E+00
  0.0000000E+00  0.6944000    
 ------------------------------------------------------------------------------
 num zone     16          17
 radius   0.16500E+00 0.45000E+00
 temper   0.59800E+03 0.56800E+03
 rez_izot    bad         bad 
 ------------------------------------------------------------------------------
    izotop   /             concentration number of izotops=68
  1 *h*      0.00000E+00 0.47000E-01
  2 *o*      0.00000E+00 0.23000E-01
  6 o        0.00000E+00 0.87230E-02
 12 ni       0.52000E-01 0.00000E+00
 13 cr       0.39000E-01 0.00000E+00
:dina                                                                           
    -------------------------------------------------------------------------------
    * n group   * e(i)        * e(i+1)
          1       0.20000E+08    0.0000    
    -------------------------------------------------------------------------------
          fraction of delay neutrons -betaj
           beta`j
           one group beta * 10e-4
  
          condensated zone : 1
 nt      1           2           3           4           5           6
 ne: 1  1.8458      12.990      11.405      23.039      7.0010      2.7518    
 ne: 1 0.31268E-01 0.22005     0.19319     0.39028     0.11859     0.46615E-01
       59.03302    
    -------------------------------------------------------------------------------
    * n group   * e(i)        * e(i+1)
          1       0.20000E+08    0.0000    
    -------------------------------------------------------------------------------
          decay constant -lambdaj
           one group lambda
  
          condensated zone : 1
 nt      1           2           3           4           5           6
 ne: 1 0.12500E-01 0.34012E-01 0.13794     0.32850      1.0787      2.5914    
 1-group lambda   8.5558638E-02
    -------------------------------------------------------------------------------
    * n group   * e(i)        * e(i+1)
          1       0.20000E+08    0.0000    
    -------------------------------------------------------------------------------
          spectrum -xj
  
          condensated zone : 1
 nt      1           2           3           4           5           6
 ne: 1 0.12835E-04  0.0000      0.0000      0.0000      0.0000      0.0000    
    -------------------------------------------------------------------------------
    * n group   * e(i)        * e(i+1)
          1       0.10500E+08    0.0000    
    -------------------------------------------------------------------------------
          production part constant -alfa (id xe pm)
  
          condensated zone : 1
           1  6.3084073E-02  1.0554362E-03  1.1968564E-02
:fier                                                                           
 condensation boundary was changed from  0.21500E+01 to  0.21544E+01
*** 4 *** ;egr=  2.1544    
    keff         nu           mu           fi           teta
  0.98491       1.7067       1.3352      0.69907      0.61827    
 s0z(n)=    1.215171      0.0000000E+00  0.0000000E+00   1.232606    
  0.0000000E+00  0.0000000E+00  0.0000000E+00  0.0000000E+00  0.0000000E+00
  0.0000000E+00  0.0000000E+00  0.0000000E+00  0.0000000E+00  0.0000000E+00
  0.0000000E+00  0.0000000E+00  0.0000000E+00
:burn                                                                           
 *** average burn up =   62.984     (mbt*day)/(kg hm)
    > CONSYST Program Ver: 98.01 > started at  0: 0: 0:  
    { Manturov G., E-mail: abbn@ippe.rssi.ru}
 
       -------------------------------
 
       CONSYST INPUT DATA READ FROM : cons.dat
       CONSYST PROTOCOL STORED IN   : RESULT
       GMF X-SECTION'S FILE         : OUT
       TEMPORARY FILE               : RAB
       ABBN BASIC DATA SET FROM     : .\get-93\bin\Bnab90.lib
       ABBN MULTIC DATA SET FROM    : .\get-93\bin\Bnabmlt.lib
       ABBN THERMAL DATA SET FROM   : .\get-93\bin\BNABTHM.lib
 
    >>  K-inf(MLT)= 1.15978 Balance= 1.02748 NU= 2.71 FI-Sum=  1.34E+02
    >   Include Thermal Matrix > H(H2O):BNABTHM.BIN   Temp=  500K
    >   Include Thermal Matrix > H(H2O):BNABTHM.BIN   Temp=  600K
    >>  K-inf(MLT)= 1.16096 Balance= 1.02751 NU= 2.71 FI-Sum=  1.34E+02
    >   Include Thermal Matrix > H(H2O):BNABTHM.BIN   Temp=  500K
    >   Include Thermal Matrix > H(H2O):BNABTHM.BIN   Temp=  600K
    >   Include Thermal Matrix > H(H2O):BNABTHM.BIN   Temp=  500K
    >   Include Thermal Matrix > H(H2O):BNABTHM.BIN   Temp=  600K
    >   Include Thermal Matrix > H(H2O):BNABTHM.BIN   Temp=  500K
    >   Include Thermal Matrix > H(H2O):BNABTHM.BIN   Temp=  600K
    >   Include Thermal Matrix > H(H2O):BNABTHM.BIN   Temp=  500K
    >   Include Thermal Matrix > H(H2O):BNABTHM.BIN   Temp=  600K
    > CONSYST finished at  0: 0: 0:  
 therm. calculation avoided
 therm. calculation avoided
 therm. calculation avoided
 therm. calculation avoided
 therm. calculation avoided
 therm. calculation avoided
 therm. calculation avoided
 therm. calculation avoided
 therm. calculation avoided
 *************************************************
   ***k(inf)=0.983624     ***k(itt)= 1.00788     ***k(integ)=0.983624    ***
   **bakl=  0.0000     **length= 0.10000E+11  ***
   **matr.  alout*alcorr a(k,i)(k=1,ncel) ***
     * 0.58820     0.13720     0.11760      0.0000      0.0000     0.15860    
     * 0.38880     0.33330      0.0000     0.22220     0.55500E-01  0.0000    
     * 0.66660      0.0000      0.0000      0.0000      0.0000     0.33330    
     *  0.0000     0.66660      0.0000      0.0000     0.33330      0.0000    
     *  0.0000     0.14280      0.0000     0.28570     0.57140      0.0000    
     * 0.22220      0.0000     0.83300E-01  0.0000      0.0000     0.69440    
 lokal kner      in cell ,ru=           1=  0.9949444      0.9961553    
 lokal kner      in cell ,ru=           2=   1.014324       1.010893    
 lokal kner      in cell ,ru=           3=  0.0000000E+00   1.497761    
 lokal kner      in cell ,ru=           4=  0.0000000E+00  0.8154038    
 lokal kner      in cell ,ru=           5=  0.0000000E+00  4.4681508E-02
 lokal kner      in cell ,ru=           6=  0.0000000E+00  0.1595561    
:corr                                                                           
 ------------------------------------------------------------------------------
  backling =  0.0000000E+00
 ------------------------------------------------------------------------------
  number of cells =           6
          cell number    1  number of zone= 3
 << geometry characteristics >>
    geometry of cell- cilindrical index=           2
  kratnost of cell =   51.00000    
  inner radius of cell =  0.0000000E+00
  out square ratio =  0.5882000      0.1372000      0.1176000      0.0000000E+00
  0.0000000E+00  0.1586000    
 ------------------------------------------------------------------------------
 num zone      1           2           3
 radius   0.31500E+00 0.34500E+00 0.49700E+00
 temper   0.62500E+03 0.59800E+03 0.56800E+03
 rez_izot    u238        bad         bad 
 ------------------------------------------------------------------------------
    izotop   /             concentration number of izotops=68
  1 *h*      0.00000E+00 0.00000E+00 0.47000E-01
  2 *o*      0.00000E+00 0.00000E+00 0.23000E-01
  4 u235     0.14589E-02 0.00000E+00 0.00000E+00
  5 u238     0.97323E-02 0.00000E+00 0.00000E+00
  6 o        0.24600E-01 0.00000E+00 0.87230E-02
  8 al       0.19000E-01 0.00000E+00 0.00000E+00
 11 gd57     0.29916E-08 0.00000E+00 0.00000E+00
 12 ni       0.00000E+00 0.52000E-01 0.00000E+00
 13 cr       0.00000E+00 0.39000E-01 0.00000E+00
 16 u236     0.16642E-03 0.00000E+00 0.00000E+00
 17 slag     0.37439E-03 0.00000E+00 0.00000E+00
 18 tc99     0.44978E-04 0.00000E+00 0.00000E+00
 19 rh03     0.21087E-04 0.00000E+00 0.00000E+00
 20 ag09     0.82676E-06 0.00000E+00 0.00000E+00
 21 cd13     0.61542E-08 0.00000E+00 0.00000E+00
 22 xe35     0.14063E-07 0.00000E+00 0.00000E+00
 23 sm49     0.24787E-06 0.00000E+00 0.00000E+00
 24 sm51     0.67479E-06 0.00000E+00 0.00000E+00
 25 eu55     0.10030E-06 0.00000E+00 0.00000E+00
 26 gd55     0.40703E-08 0.00000E+00 0.00000E+00
 27 gd56     0.59553E-06 0.00000E+00 0.00000E+00
 28 np37     0.10595E-04 0.00000E+00 0.00000E+00
 29 np39     0.54489E-06 0.00000E+00 0.00000E+00
 30 pu38     0.16715E-05 0.00000E+00 0.00000E+00
 31 pu39     0.96496E-04 0.00000E+00 0.00000E+00
 32 pu40     0.13334E-04 0.00000E+00 0.00000E+00
 33 pu41     0.15243E-04 0.00000E+00 0.00000E+00
 34 pu42     0.16399E-05 0.00000E+00 0.00000E+00
 35 am41     0.63834E-06 0.00000E+00 0.00000E+00
 36 am2m     0.10057E-07 0.00000E+00 0.00000E+00
 37 am43     0.18470E-06 0.00000E+00 0.00000E+00
 38 cm42     0.71853E-07 0.00000E+00 0.00000E+00
 39 cm44     0.30854E-07 0.00000E+00 0.00000E+00
 40 cm45     0.10798E-08 0.00000E+00 0.00000E+00
 45 sm52     0.31072E-05 0.00000E+00 0.00000E+00
 46 xe31     0.18037E-04 0.00000E+00 0.00000E+00
 47 cs33     0.48320E-04 0.00000E+00 0.00000E+00
 48 nd45     0.28303E-04 0.00000E+00 0.00000E+00
 49 nd43     0.40762E-04 0.00000E+00 0.00000E+00
 50 pm47     0.77720E-05 0.00000E+00 0.00000E+00
 51 mo95     0.48008E-04 0.00000E+00 0.00000E+00
 52 cs34     0.31686E-05 0.00000E+00 0.00000E+00
 53 pr41     0.45090E-04 0.00000E+00 0.00000E+00
 54 pm48     0.24808E-07 0.00000E+00 0.00000E+00
 55 pm8m     0.87583E-07 0.00000E+00 0.00000E+00
 56 rh05     0.22541E-07 0.00000E+00 0.00000E+00
 57 pm49     0.28134E-07 0.00000E+00 0.00000E+00
 58 kr83     0.37208E-05 0.00000E+00 0.00000E+00
 59 ru01     0.38773E-04 0.00000E+00 0.00000E+00
 60 pd05     0.10690E-04 0.00000E+00 0.00000E+00
 61 cs35     0.32456E-04 0.00000E+00 0.00000E+00
 62 sm50     0.95610E-05 0.00000E+00 0.00000E+00
 63 eu51     0.25416E-06 0.00000E+00 0.00000E+00
 64 eu53     0.20000E-05 0.00000E+00 0.00000E+00
 65 eu54     0.32712E-06 0.00000E+00 0.00000E+00
 66 gd54     0.26329E-07 0.00000E+00 0.00000E+00
 67 am42     0.64386E-09 0.00000E+00 0.00000E+00
 68 cm43     0.82794E-09 0.00000E+00 0.00000E+00
 ------------------------------------------------------------------------------
  number of cells =           6
          cell number    2  number of zone= 3
 << geometry characteristics >>
    geometry of cell- cilindrical index=           2
  kratnost of cell =   18.00000    
  inner radius of cell =  0.0000000E+00
  out square ratio =  0.3888000      0.3333000      0.0000000E+00  0.2222000    
  5.5500001E-02  0.0000000E+00
 ------------------------------------------------------------------------------
 num zone      4           5           6
 radius   0.31500E+00 0.34500E+00 0.49700E+00
 temper   0.62500E+03 0.59800E+03 0.56800E+03
 rez_izot    u238        bad         bad 
 ------------------------------------------------------------------------------
    izotop   /             concentration number of izotops=68
  1 *h*      0.00000E+00 0.00000E+00 0.47000E-01
  2 *o*      0.00000E+00 0.00000E+00 0.23000E-01
  4 u235     0.14625E-02 0.00000E+00 0.00000E+00
  5 u238     0.97325E-02 0.00000E+00 0.00000E+00
  6 o        0.24600E-01 0.00000E+00 0.87230E-02
  8 al       0.19000E-01 0.00000E+00 0.00000E+00
 11 gd57     0.30175E-08 0.00000E+00 0.00000E+00
 12 ni       0.00000E+00 0.52000E-01 0.00000E+00
 13 cr       0.00000E+00 0.39000E-01 0.00000E+00
 16 u236     0.16593E-03 0.00000E+00 0.00000E+00
 17 slag     0.37265E-03 0.00000E+00 0.00000E+00
 18 tc99     0.44811E-04 0.00000E+00 0.00000E+00
 19 rh03     0.21011E-04 0.00000E+00 0.00000E+00
 20 ag09     0.82529E-06 0.00000E+00 0.00000E+00
 21 cd13     0.61882E-08 0.00000E+00 0.00000E+00
 22 xe35     0.14207E-07 0.00000E+00 0.00000E+00
 23 sm49     0.24954E-06 0.00000E+00 0.00000E+00
 24 sm51     0.67804E-06 0.00000E+00 0.00000E+00
 25 eu55     0.98861E-07 0.00000E+00 0.00000E+00
 26 gd55     0.40544E-08 0.00000E+00 0.00000E+00
 27 gd56     0.59216E-06 0.00000E+00 0.00000E+00
 28 np37     0.10525E-04 0.00000E+00 0.00000E+00
 29 np39     0.54453E-06 0.00000E+00 0.00000E+00
 30 pu38     0.16613E-05 0.00000E+00 0.00000E+00
 31 pu39     0.96403E-04 0.00000E+00 0.00000E+00
 32 pu40     0.13297E-04 0.00000E+00 0.00000E+00
 33 pu41     0.15262E-04 0.00000E+00 0.00000E+00
 34 pu42     0.16348E-05 0.00000E+00 0.00000E+00
 35 am41     0.63874E-06 0.00000E+00 0.00000E+00
 36 am2m     0.10111E-07 0.00000E+00 0.00000E+00
 37 am43     0.18493E-06 0.00000E+00 0.00000E+00
 38 cm42     0.72029E-07 0.00000E+00 0.00000E+00
 39 cm44     0.30887E-07 0.00000E+00 0.00000E+00
 40 cm45     0.10782E-08 0.00000E+00 0.00000E+00
 45 sm52     0.30992E-05 0.00000E+00 0.00000E+00
 46 xe31     0.17980E-04 0.00000E+00 0.00000E+00
 47 cs33     0.48144E-04 0.00000E+00 0.00000E+00
 48 nd45     0.28197E-04 0.00000E+00 0.00000E+00
 49 nd43     0.40623E-04 0.00000E+00 0.00000E+00
 50 pm47     0.77549E-05 0.00000E+00 0.00000E+00
 51 mo95     0.47817E-04 0.00000E+00 0.00000E+00
 52 cs34     0.31461E-05 0.00000E+00 0.00000E+00
 53 pr41     0.44914E-04 0.00000E+00 0.00000E+00
 54 pm48     0.24672E-07 0.00000E+00 0.00000E+00
 55 pm8m     0.87338E-07 0.00000E+00 0.00000E+00
 56 rh05     0.22716E-07 0.00000E+00 0.00000E+00
 57 pm49     0.28235E-07 0.00000E+00 0.00000E+00
 58 kr83     0.37073E-05 0.00000E+00 0.00000E+00
 59 ru01     0.38622E-04 0.00000E+00 0.00000E+00
 60 pd05     0.10659E-04 0.00000E+00 0.00000E+00
 61 cs35     0.32468E-04 0.00000E+00 0.00000E+00
 62 sm50     0.95159E-05 0.00000E+00 0.00000E+00
 63 eu51     0.25254E-06 0.00000E+00 0.00000E+00
 64 eu53     0.19859E-05 0.00000E+00 0.00000E+00
 65 eu54     0.32448E-06 0.00000E+00 0.00000E+00
 66 gd54     0.26086E-07 0.00000E+00 0.00000E+00
 67 am42     0.65136E-09 0.00000E+00 0.00000E+00
 68 cm43     0.82739E-09 0.00000E+00 0.00000E+00
 ------------------------------------------------------------------------------
  number of cells =           6
          cell number    3  number of zone= 3
 << geometry characteristics >>
    geometry of cell- cilindrical index=           2
  kratnost of cell =   9.000000    
  inner radius of cell =  0.0000000E+00
  out square ratio =  0.6666000      0.0000000E+00  0.0000000E+00  0.0000000E+00
  0.0000000E+00  0.3333000    
 ------------------------------------------------------------------------------
 num zone      7           8           9
 radius   0.31500E+00 0.34500E+00 0.49700E+00
 temper   0.59800E+03 0.59800E+03 0.56800E+03
 rez_izot    bad         bad         bad 
 ------------------------------------------------------------------------------
    izotop   /             concentration number of izotops=68
  1 *h*      0.00000E+00 0.00000E+00 0.47000E-01
  2 *o*      0.00000E+00 0.00000E+00 0.23000E-01
  3 zr       0.17830E-02 0.00000E+00 0.00000E+00
  6 o        0.62310E-02 0.00000E+00 0.87230E-02
  8 al       0.57980E-01 0.00000E+00 0.00000E+00
 11 gd57     0.39749E-03 0.00000E+00 0.00000E+00
 12 ni       0.00000E+00 0.52000E-01 0.00000E+00
 13 cr       0.00000E+00 0.39000E-01 0.00000E+00
 17 slag     0.13855E-02 0.00000E+00 0.00000E+00
 ------------------------------------------------------------------------------
  number of cells =           6
          cell number    4  number of zone= 3
 << geometry characteristics >>
    geometry of cell- cilindrical index=           2
  kratnost of cell =   6.000000    
  inner radius of cell =  0.0000000E+00
  out square ratio =  0.0000000E+00  0.6666000      0.0000000E+00  0.0000000E+00
  0.3333000      0.0000000E+00
 ------------------------------------------------------------------------------
 num zone     10          11          12
 radius   0.19500E+00 0.22500E+00 0.49700E+00
 temper   0.59800E+03 0.59800E+03 0.56800E+03
 rez_izot    bad         bad         bad 
 ------------------------------------------------------------------------------
    izotop   /             concentration number of izotops=68
  1 *h*      0.00000E+00 0.00000E+00 0.47000E-01
  2 *o*      0.00000E+00 0.00000E+00 0.23000E-01
  3 zr       0.17830E-02 0.00000E+00 0.00000E+00
  6 o        0.62310E-02 0.00000E+00 0.87230E-02
  8 al       0.57980E-01 0.00000E+00 0.00000E+00
 11 gd57     0.14711E-03 0.00000E+00 0.00000E+00
 12 ni       0.00000E+00 0.52000E-01 0.00000E+00
 13 cr       0.00000E+00 0.39000E-01 0.00000E+00
 17 slag     0.16359E-02 0.00000E+00 0.00000E+00
 ------------------------------------------------------------------------------
  number of cells =           6
          cell number    5  number of zone= 3
 << geometry characteristics >>
    geometry of cell- cilindrical index=           2
  kratnost of cell =   7.000000    
  inner radius of cell =  0.0000000E+00
  out square ratio =  0.0000000E+00  0.1428000      0.0000000E+00  0.2857000    
  0.5714000      0.0000000E+00
 ------------------------------------------------------------------------------
 num zone     13          14          15
 radius   0.35500E+00 0.41000E+00 0.49700E+00
 temper   0.56800E+03 0.56800E+03 0.56800E+03
 rez_izot    bad         bad         bad 
 ------------------------------------------------------------------------------
    izotop   /             concentration number of izotops=68
  1 *h*      0.47000E-01 0.47000E-01 0.47000E-01
  2 *o*      0.23000E-01 0.23000E-01 0.23000E-01
  6 o        0.87230E-02 0.87230E-02 0.87230E-02
 ------------------------------------------------------------------------------
  number of cells =           6
          cell number    6  number of zone= 2
 << geometry characteristics >>
    geometry of cell- cilindrical index=           2
  kratnost of cell =   36.00000    
  inner radius of cell =  0.0000000E+00
  out square ratio =  0.2222000      0.0000000E+00  8.3300002E-02  0.0000000E+00
  0.0000000E+00  0.6944000    
 ------------------------------------------------------------------------------
 num zone     16          17
 radius   0.16500E+00 0.45000E+00
 temper   0.59800E+03 0.56800E+03
 rez_izot    bad         bad 
 ------------------------------------------------------------------------------
    izotop   /             concentration number of izotops=68
  1 *h*      0.00000E+00 0.47000E-01
  2 *o*      0.00000E+00 0.23000E-01
  6 o        0.00000E+00 0.87230E-02
 12 ni       0.52000E-01 0.00000E+00
 13 cr       0.39000E-01 0.00000E+00
:dina                                                                           
    -------------------------------------------------------------------------------
    * n group   * e(i)        * e(i+1)
          1       0.20000E+08    0.0000    
    -------------------------------------------------------------------------------
          fraction of delay neutrons -betaj
           beta`j
           one group beta * 10e-4
  
          condensated zone : 1
 nt      1           2           3           4           5           6
 ne: 1  1.8456      12.990      11.404      23.037      7.0009      2.7520    
 ne: 1 0.31266E-01 0.22005     0.19319     0.39027     0.11860     0.46621E-01
       59.02917    
    -------------------------------------------------------------------------------
    * n group   * e(i)        * e(i+1)
          1       0.20000E+08    0.0000    
    -------------------------------------------------------------------------------
          decay constant -lambdaj
           one group lambda
  
          condensated zone : 1
 nt      1           2           3           4           5           6
 ne: 1 0.12500E-01 0.34012E-01 0.13794     0.32850      1.0787      2.5914    
 1-group lambda   8.5559852E-02
    -------------------------------------------------------------------------------
    * n group   * e(i)        * e(i+1)
          1       0.20000E+08    0.0000    
    -------------------------------------------------------------------------------
          spectrum -xj
  
          condensated zone : 1
 nt      1           2           3           4           5           6
 ne: 1 0.12853E-04  0.0000      0.0000      0.0000      0.0000      0.0000    
    -------------------------------------------------------------------------------
    * n group   * e(i)        * e(i+1)
          1       0.10500E+08    0.0000    
    -------------------------------------------------------------------------------
          production part constant -alfa (id xe pm)
  
          condensated zone : 1
           1  6.3084222E-02  1.0556491E-03  1.1969065E-02
:stop                                                                           
