 *****          file of input data set *******
@ *****          file of input data set *******
@@@@@@@@@@@@@@@@@@@@@@@@@@@@@@@@@@@@@@@@@@@@@@@@@@
@
@  standart vver - - 3 cicl- 3 kasset;- t=332 sut; vigoranie - 45
@  boc             x5=2.6%
@  obol=0.57
@@@@@@@@@@@@@@@@@@@@@@@@@@@@@@@@@@@@@@@@@@@@@@@@@@
:poly
@:vvod
 &vvod
 iout(12)=2,    @2,2,
                                                                                                                        
 @iout(54)=1,
                                                                                                                        
@ cell 1 tv
 rcel(1,1)=0.398,0.455,0.669,   @ rout cell 1
 ncelsos(1,1)=1,7,8,
@ cell 2 tv
@ rcel(1,1)=0.398,0.455,0.669,   @ rout cell 1
@ ncelsos(1,1)=8,8,8,
@ cell 3 tv
@ rcel(1,2)=0.398,0.455,0.669,   @ rout cell 3
@ ncelsos(1,2)=1,7,8,
@ cell 4 tv
@ rcel(1,1)=0.398,0.455,0.669,   @ rout cell 1
@ ncelsos(1,1)=8,8,8,
@ cell 5
@ rcel(1,3)=0.398,0.455,0.669,   @ rout cell 6
@ ncelsos(1,3)=1,7,8,
@ cell 6 tv
@ rcel(1,1)=0.398,0.455,0.669,   @ rout cell 1
@ ncelsos(1,1)=8,8,8,
@         t=6*1.10e+03,0.57900e+03,0.57900e+03,
@ th2o-23
                                                                                                                        
                                                                                                                        
                                                                                                                        
         t=6*1.00e+03,0.57900e+03,0.55600e+03,
                                                                                                                        
                                                                                                                        
                                                                                                                        
@     t=1.30e+03,1.00e+03,1.30e+03,1.00e+03,1.30e+03,1.00e+03,0.57900e+03,0.57900e+03,
@     t=0.70e+03,1.00e+03,0.70e+03,1.00e+03,0.70e+03,1.00e+03,0.57900e+03,0.57900e+03,
@    b-10
@    0.12730e-04     0.50900e-01  0.48355
@    0.14003e-04     0.25300e-01  0.24035
@    0.11457e-04     0.16700e-04  0.15865
  troiz=
@           1 sost-1    2 sost-2    3  sost-3   4   vp-1    5  tv-2     6 vp-2      7 cover     8 h2o
 @ 1 *h* @  0.00000e+00,0.00000e+00,0.00000e+00,0.00000e+00,0.00000e+00,0.00000e+00,0.00000e+00,0.44210e-01,  @ 0.50900e
 @ 2 *o* @  0.00000e+00,0.00000e+00,0.00000e+00,0.00000e+00,0.00000e+00,0.00000e+00,0.00000e+00,0.22100e-01,  @ 0.25450e
 @ 3 b-10@  0.00000e+00,0.00000e-03,0.00000e+00,0.43000e-03,0.00000e+00,0.43000e-03,0.00000e+00,0.00000e+00,  @0.16700e-
 @ 4 b-11@  0.00000e+00,0.00000e-02,0.00000e+00,0.15600e-02,0.00000e+00,0.15600e-02,0.00000e+00,0.00000e+00,
 @ 5 zr  @  0.00000e+00,0.00000e-03,0.00000e+00,0.35800e-03,0.00000e+00,0.35800e-03,0.39860e-01,0.00000e+00,   @0.11450e
 @ 6 fe  @  0.00000e+00,0.00000e-04,0.00000e+00,0.58000e-04,0.00000e+00,0.58000e-04,0.30700e-02,0.00000e+00,   @0.58100e
 @ 7 nb  @  0.00000e+00,0.00000e+00,0.00000e+00,0.00000e+00,0.00000e+00,0.00000e+00,0.39500e-03,0.00000e+00,
 @ 8 hf  @  0.00000e+00,0.00000e+00,0.00000e+00,0.00000e+00,0.00000e+00,0.00000e+00,0.61500e-05,0.00000e+00,
 @ 9 ni  @  0.00000e+00,0.00000e-03,0.00000e+00,0.55200e-03,0.00000e+00,0.55200e-03,0.43700e-03,0.00000e+00,
 @10 cr  @  0.00000e+00,0.00000e-02,0.00000e+00,0.11400e-02,0.00000e+00,0.11400e-02,0.90200e-03,0.00000e+00,
 @11 al  @  0.00000e+00,0.00000e-01,0.00000e+00,0.60300e-01,0.00000e+00,0.60300e-01,0.00000e+00,0.00000e+00,
 @12 c   @  0.00000e+00,0.00000e-11,0.00000e+00,0.10000e-11,0.00000e+00,0.10000e-11,0.00000e+00,0.00000e+00,
 @13 u235@  5.73100e-05,0.88480e-03,5.43000e-05,0.00000e+00,0.53350e-03,0.00000e+00,0.00000e+00,0.00000e+00,
 @14 u238@  1.90500e-02,0.19230e-01,1.80400e-02,0.00000e+00,0.19990e-01,0.00000e+00,0.00000e+00,0.00000e+00,
 @15 o   @  0.40220e-01,0.40220e-01,0.40220e-01,0.00000e+00,0.41040e-01,0.00000e+00,0.00000e+00,0.00000e+00,
 @16 gd54@  0.00000e+00,0.00000e-11,0.00000e+00,0.10000e-11,0.00000e+00,0.10000e-11,0.00000e+00,0.00000e+00,
 @17 gd55@  0.00000e+00,0.00000e-11,0.00000e+00,0.10000e-11,0.00000e+00,0.10000e-11,0.00000e+00,0.00000e+00,
 @18 gd56@  0.00000e+00,0.00000e-11,0.00000e+00,0.10000e-11,0.00000e+00,0.10000e-11,0.00000e+00,0.00000e+00,
 @19 gd57@  0.00000e+00,0.00000e-11,0.00000e+00,0.10000e-11,0.00000e+00,0.10000e-11,0.00000e+00,0.00000e+00,
 @22 u236@  0.00000e+00,0.00000e+00,0.00000e+00,0.00000e+00,0.00000e+00,0.00000e+00,0.00000e+00,0.00000e+00,
 @23 slag@  0.00000e+00,0.00000e+00,0.00000e+00,0.00000e+00,0.00000e+00,0.00000e+00,0.00000e+00,0.00000e+00,
 @24 tc99@  0.00000e+00,0.00000e+00,0.00000e+00,0.00000e+00,0.00000e+00,0.00000e+00,0.00000e+00,0.00000e+00,
 @25 rh03@  0.00000e+00,0.00000e+00,0.00000e+00,0.00000e+00,0.00000e+00,0.00000e+00,0.00000e+00,0.00000e+00,
 @26 ag09@  0.00000e+00,0.00000e+00,0.00000e+00,0.00000e+00,0.00000e+00,0.00000e+00,0.00000e+00,0.00000e+00,
 @27 cd13@  0.00000e+00,0.00000e+00,0.00000e+00,0.00000e+00,0.00000e+00,0.00000e+00,0.00000e+00,0.00000e+00,
 @28 xe35@  0.00000e+00,0.00000e+00,0.00000e+00,0.00000e+00,0.00000e+00,0.00000e+00,0.00000e+00,0.00000e+00,
 @29 sm49@  0.00000e+00,0.00000e+00,0.00000e+00,0.00000e+00,0.00000e+00,0.00000e+00,0.00000e+00,0.00000e+00,
 @30 sm51@  0.00000e+00,0.00000e+00,0.00000e+00,0.00000e+00,0.00000e+00,0.00000e+00,0.00000e+00,0.00000e+00,
 @31 eu55@  0.00000e+00,0.00000e+00,0.00000e+00,0.00000e+00,0.00000e+00,0.00000e+00,0.00000e+00,0.00000e+00,
 @32 np37@  0.00000e+00,0.00000e+00,0.00000e+00,0.00000e+00,0.00000e+00,0.00000e+00,0.00000e+00,0.00000e+00,
 @33 np39@  0.00000e+00,0.00000e+00,0.00000e+00,0.00000e+00,0.00000e+00,0.00000e+00,0.00000e+00,0.00000e+00,
 @34 pu38@  0.00000e-04,0.00000e+00,0.00000e-04,0.00000e+00,0.00000e+00,0.00000e+00,0.00000e+00,0.00000e+00,
 @35 pu39@  1.00600e-03,0.00000e+00,1.00600e-03,0.00000e+00,0.00000e+00,0.00000e+00,0.00000e+00,0.00000e+00,
 @36 pu40@  0.00000e-03,0.00000e+00,1.00600e-03,0.00000e+00,0.00000e+00,0.00000e+00,0.00000e+00,0.00000e+00,
 @37 pu41@  0.00000e-04,0.00000e+00,0.00000e+00,0.00000e+00,0.00000e+00,0.00000e+00,0.00000e+00,0.00000e+00,
 @38 pu42@  0.00000e-04,0.00000e+00,0.00000e+00,0.00000e+00,0.00000e+00,0.00000e+00,0.00000e+00,0.00000e+00,
 @39 am41@  0.00000e+00,0.00000e+00,0.00000e+00,0.00000e+00,0.00000e+00,0.00000e+00,0.00000e+00,0.00000e+00,
 @40 am2m@  0.00000e+00,0.00000e+00,0.00000e+00,0.00000e+00,0.00000e+00,0.00000e+00,0.00000e+00,0.00000e+00,
 @41 am43@  0.00000e+00,0.00000e+00,0.00000e+00,0.00000e+00,0.00000e+00,0.00000e+00,0.00000e+00,0.00000e+00,
 @42 cm42@  0.00000e+00,0.00000e+00,0.00000e+00,0.00000e+00,0.00000e+00,0.00000e+00,0.00000e+00,0.00000e+00,
 @43 cm44@  0.00000e+00,0.00000e+00,0.00000e+00,0.00000e+00,0.00000e+00,0.00000e+00,0.00000e+00,0.00000e+00,
 @44 cm45@  0.00000e+00,0.00000e+00,0.00000e+00,0.00000e+00,0.00000e+00,0.00000e+00,0.00000e+00,0.00000e+00,
 @49 sm52@  0.00000e+00,0.00000e+00,0.00000e+00,0.00000e+00,0.00000e+00,0.00000e+00,0.00000e+00,0.00000e+00,
 @50 xe31@  0.00000e+00,0.00000e+00,0.00000e+00,0.00000e+00,0.00000e+00,0.00000e+00,0.00000e+00,0.00000e+00,
 @51 cs33@  0.00000e+00,0.00000e+00,0.00000e+00,0.00000e+00,0.00000e+00,0.00000e+00,0.00000e+00,0.00000e+00,
 @52 nd45@  0.00000e+00,0.00000e+00,0.00000e+00,0.00000e+00,0.00000e+00,0.00000e+00,0.00000e+00,0.00000e+00,
 @53 nd43@  0.00000e+00,0.00000e+00,0.00000e+00,0.00000e+00,0.00000e+00,0.00000e+00,0.00000e+00,0.00000e+00,
 @54 pm47@  0.00000e+00,0.00000e+00,0.00000e+00,0.00000e+00,0.00000e+00,0.00000e+00,0.00000e+00,0.00000e+00,
 @55 mo95@  0.00000e+00,0.00000e+00,0.00000e+00,0.00000e+00,0.00000e+00,0.00000e+00,0.00000e+00,0.00000e+00,
 @56 cs34@  0.00000e+00,0.00000e+00,0.00000e+00,0.00000e+00,0.00000e+00,0.00000e+00,0.00000e+00,0.00000e+00,
 @57 pr41@  0.00000e+00,0.00000e+00,0.00000e+00,0.00000e+00,0.00000e+00,0.00000e+00,0.00000e+00,0.00000e+00,
 @58 pm48@  0.00000e+00,0.00000e+00,0.00000e+00,0.00000e+00,0.00000e+00,0.00000e+00,0.00000e+00,0.00000e+00,
 @59 pm8m@  0.00000e+00,0.00000e+00,0.00000e+00,0.00000e+00,0.00000e+00,0.00000e+00,0.00000e+00,0.00000e+00,
 @60 rh05@  0.00000e+00,0.00000e+00,0.00000e+00,0.00000e+00,0.00000e+00,0.00000e+00,0.00000e+00,0.00000e+00,
 @61 pm49@  0.00000e+00,0.00000e+00,0.00000e+00,0.00000e+00,0.00000e+00,0.00000e+00,0.00000e+00,0.00000e+00,
 @62 kr83@  0.00000e+00,0.00000e+00,0.00000e+00,0.00000e+00,0.00000e+00,0.00000e+00,0.00000e+00,0.00000e+00,
 @63 ru01@  0.00000e+00,0.00000e+00,0.00000e+00,0.00000e+00,0.00000e+00,0.00000e+00,0.00000e+00,0.00000e+00,
 @64 pd05@  0.00000e+00,0.00000e+00,0.00000e+00,0.00000e+00,0.00000e+00,0.00000e+00,0.00000e+00,0.00000e+00,
 @65 cs35@  0.00000e+00,0.00000e+00,0.00000e+00,0.00000e+00,0.00000e+00,0.00000e+00,0.00000e+00,0.00000e+00,
 @66 sm50@  0.00000e+00,0.00000e+00,0.00000e+00,0.00000e+00,0.00000e+00,0.00000e+00,0.00000e+00,0.00000e+00,
 @67 eu51@  0.00000e+00,0.00000e+00,0.00000e+00,0.00000e+00,0.00000e+00,0.00000e+00,0.00000e+00,0.00000e+00,
 @68 eu53@  0.00000e+00,0.00000e+00,0.00000e+00,0.00000e+00,0.00000e+00,0.00000e+00,0.00000e+00,0.00000e+00,
 @69 eu54@  0.00000e+00,0.00000e+00,0.00000e+00,0.00000e+00,0.00000e+00,0.00000e+00,0.00000e+00,0.00000e+00,
 @70 am42@  0.00000e+00,0.00000e+00,0.00000e+00,0.00000e+00,0.00000e+00,0.00000e+00,0.00000e+00,0.00000e+00,
 @71 cm43@  0.00000e+00,0.00000e+00,0.00000e+00,0.00000e+00,0.00000e+00,0.00000e+00,0.00000e+00,0.00000e+00,
  material(1)='chmc',
 @ntcell=1,2,3,4,5,6,
 @krat=1,1,1,1,1,1,
 @alout= 0.0,0.5,0.5,
 @       0.5,0.0,0.5,
 @       0.5,0.5,0.0,
 &end
*h*      1
*o*      2
b-10     3
b-11     4
zr       5
fe       6
nb       7
hf       8
ni       9
cr      10
al      11
c       12
u235    13
u238    14
o       15
gd54    16
gd55    17
gd56    18
gd57    19
u236    22
slag    23
tc99    24
rh03    25
ag09    26
cd13    27
xe35    28
sm49    29
sm51    30
eu55    31
np37    32
np39    33
pu38    34
pu39    35
pu40    36
pu41    37
pu42    38
am41    39
am2m    40
am43    41
cm42    42
cm44    43
cm45    44
sm52    49
xe31    50
cs33    51
nd45    52
nd43    53
pm47    54
mo95    55
cs34    56
pr41    57
pm48    58
pm8m    59
rh05    60
pm49    61
kr83    62
ru01    63
pd05    64
cs35    65
sm50    66
eu51    67
eu53    68
eu54    69
am42    70
cm43    71
****
@:micro
@ &vvod et=20.e+8,0.,nbv=1,
@  izotprnt=100*0,izotprnt(6)=1,izotprnt(7)=1,izotprnt(11)=1,
@                 izotprnt(27)=1,izotprnt(28)=1,izotprnt(29)=1,
@ &end
:macro
 &vvod
   nbv=1,1,1,
   et=10.5e+6,2.15,2.15,0,
 &end
:fier
 &vvod
 &end
:stop
                                                                                                                        
@********************************
@ begin corr     1
@********************************
:corr
 &vvod
  roiz(1)=
      0.00000e+00,    @ 1 *h* @
      0.00000e+00,    @ 2 *o* @
      0.00000e-03,    @ 3 b-10@
      0.00000e-02,    @ 4 b-11@
      0.00000e-03,    @ 5 zr  @
      0.00000e-04,    @ 6 fe  @
      0.00000e+00,    @ 7 nb  @
      0.00000e+00,    @ 8 hf  @
      0.00000e-03,    @ 9 ni  @
      0.00000e-02,    @10 cr  @
      0.00000e-01,    @11 al  @
      0.00000e-11,    @12 c   @
      0.88480e-03,    @13 u235@
      0.19230e-01,    @14 u238@
      0.40220e-01,    @15 o   @
      0.00000e-11,    @16 gd54@
      0.00000e-11,    @17 gd55@
      0.00000e-11,    @18 gd56@
      0.00000e-11,    @19 gd57@
      0.00000e+00,    @22 u236@
      0.00000e+00,    @23 slag@
      0.00000e+00,    @24 tc99@
      0.00000e+00,    @25 rh03@
      0.00000e+00,    @26 ag09@
      0.00000e+00,    @27 cd13@
      0.00000e+00,    @28 xe35@
      0.00000e+00,    @29 sm49@
      0.00000e+00,    @30 sm51@
      0.00000e+00,    @31 eu55@
      0.00000e+00,    @32 np37@
      0.00000e+00,    @33 np39@
      0.00000e+00,    @34 pu38@
      0.00000e+00,    @35 pu39@
      0.00000e+00,    @36 pu40@
 &end
:cont
 :burn
 &vvod qv=110.,dtim=1.,
 &end
:macro
 &vvod
   nbv=1,1,1,
   et=10.5e+6,0,
 &end
:fier
 &vvod
 &end
                                                                                                                        
                                                                                                                        
@********************************
@ begin corr     2
@********************************
:corr
 &vvod
  roiz(1)=
      0.00000e+00,    @ 1 *h* @
      0.00000e+00,    @ 2 *o* @
      0.00000e+00,    @ 3 b-10@
      0.00000e+00,    @ 4 b-11@
      0.00000e+00,    @ 5 zr  @
      0.00000e+00,    @ 6 fe  @
      0.00000e+00,    @ 7 nb  @
      0.00000e+00,    @ 8 hf  @
      0.00000e+00,    @ 9 ni  @
      0.00000e+00,    @10 cr  @
      0.00000e+00,    @11 al  @
      0.00000e+00,    @12 c   @
      5.43000e-05,    @13 u235@
      1.80400e-02,    @14 u238@
      0.40220e-01,    @15 o   @
      0.00000e+00,    @16 gd54@
      0.00000e+00,    @17 gd55@
      0.00000e+00,    @18 gd56@
      0.00000e+00,    @19 gd57@
      0.00000e+00,    @22 u236@
      0.00000e+00,    @23 slag@
      0.00000e+00,    @24 tc99@
      0.00000e+00,    @25 rh03@
      0.00000e+00,    @26 ag09@
      0.00000e+00,    @27 cd13@
      0.00000e+00,    @28 xe35@
      0.00000e+00,    @29 sm49@
      0.00000e+00,    @30 sm51@
      0.00000e+00,    @31 eu55@
      0.00000e+00,    @32 np37@
      0.00000e+00,    @33 np39@
      0.00000e-04,    @34 pu38@
      1.00600e-03,    @35 pu39@
      1.00600e-03,    @36 pu40@
 &end
:cont
 :burn
 &vvod qv=110.,dtim=1.,
 &end
:macro
 &vvod
   nbv=1,1,1,
   et=10.5e+6,0,
 &end
:fier
 &vvod
 &end
                                                                                                                        
                                                                                                                        
                                                                                                                        
                                                                                                                        
:stop
                                                                                                                        
                                                                                                                        
@*****************************************************************************************************************
                                                                                                                        
                                                                                                                        
                                                                                                                        
                                                                                                                        
                                                                                                                        
                                                                                                                        
                                                                                                                        
                                                                                                                        
                                                                                                                        
                                                                                                                        
                                                                                                                        
                                                                                                                        
                                                                                                                        
                                                                                                                        
                                                                                                                        
                                                                                                                        
@********************************
@ begin burn circle
@********************************
                                                                                                                        
:burn
 &vvod qv=110.,dtim=32.,
  &end
:burn
 &vvod qv=110.,dtim=100.,
 &end
:burn
 &vvod qv=110.,dtim=100.,
 &end
:burn
 &vvod qv=110.,dtim=100.,
 &end
@********************************
@ end burn circle
@********************************
                                                                                                                        
:fier
 &vvod &end
                                                                                                                        
@:stop
                                                                                                                        
@********************************
@ begin corr     1
@********************************
:corr
 &vvod
  roiz(1)=
      0.00000e+00,    @ 1 *h* @
      0.00000e+00,    @ 2 *o* @
      0.00000e+00,    @ 3 b-10@
      0.00000e+00,    @ 4 b-11@
      0.00000e+00,    @ 5 zr  @
      0.00000e+00,    @ 6 fe  @
      0.00000e+00,    @ 7 nb  @
      0.00000e+00,    @ 8 hf  @
      0.00000e+00,    @ 9 ni  @
      0.00000e+00,    @10 cr  @
      0.00000e+00,    @11 al  @
      0.00000e+00,    @12 c   @
      0.78430e-03,    @13 u235@
      0.19330e-01,    @14 u238@
      0.40220e-01,    @15 o   @
      0.00000e+00,    @16 gd54@
      0.00000e+00,    @17 gd55@
      0.00000e+00,    @18 gd56@
      0.00000e+00,    @19 gd57@
      0.00000e+00,    @22 u236@
      0.00000e+00,    @23 slag@
      0.00000e+00,    @24 tc99@
      0.00000e+00,    @25 rh03@
      0.00000e+00,    @26 ag09@
      0.00000e+00,    @27 cd13@
      0.00000e+00,    @28 xe35@
      0.00000e+00,    @29 sm49@
      0.00000e+00,    @30 sm51@
      0.00000e+00,    @31 eu55@
      0.00000e+00,    @32 np37@
      0.00000e+00,    @33 np39@
      0.00000e+00,    @34 pu38@
      0.00000e+00,    @35 pu39@
      0.00000e+00,    @36 pu40@
      0.00000e+00,    @37 pu41@
      0.00000e+00,    @38 pu42@
      0.00000e+00,    @39 am41@
      0.00000e+00,    @40 am2m@
      0.00000e+00,    @41 am43@
      0.00000e+00,    @42 cm42@
      0.00000e+00,    @43 cm44@
      0.00000e+00,    @44 cm45@
      0.00000e+00,    @49 sm52@
      0.00000e+00,    @50 xe31@
      0.00000e+00,    @51 cs33@
      0.00000e+00,    @52 nd45@
      0.00000e+00,    @53 nd43@
      0.00000e+00,    @54 pm47@
      0.00000e+00,    @55 mo95@
      0.00000e+00,    @56 cs34@
      0.00000e+00,    @57 pr41@
      0.00000e+00,    @58 pm48@
      0.00000e+00,    @59 pm8m@
      0.00000e+00,    @60 rh05@
      0.00000e+00,    @61 pm49@
      0.00000e+00,    @62 kr83@
      0.00000e+00,    @63 ru01@
      0.00000e+00,    @64 pd05@
      0.00000e+00,    @65 cs35@
      0.00000e+00,    @66 sm50@
      0.00000e+00,    @67 eu51@
      0.00000e+00,    @68 eu53@
      0.00000e+00,    @69 eu54@
      0.00000e+00,    @70 am42@
      0.00000e+00,    @71 cm43@
 &end
                                                                                                                        
@ end corr
                                                                                                                        
                                                                                                                        
                                                                                                                        
                                                                                                                        
:cont
:fier
 &vvod
 &end
                                                                                                                        
@********************************
@ begin burn circle
@********************************
:burn
 &vvod qv=110.,dtim=32.,
  &end
:burn
 &vvod qv=110.,dtim=100.,
 &end
:burn
 &vvod qv=110.,dtim=100.,
 &end
:burn
 &vvod qv=110.,dtim=100.,
 &end
@********************************
@ end burn circle
@********************************
                                                                                                                        
@:fier
@ &vvod
@ &end
                                                                                                                        
:fier
 &vvod &end
                                                                                                                        
@:stop
                                                                                                                        
@********************************
@ begin corr      2
@********************************
:corr
 &vvod
  roiz(214)=
      0.00000e+00,    @ 1 *h* @
      0.00000e+00,    @ 2 *o* @
      0.00000e+00,    @ 3 b-10@
      0.00000e+00,    @ 4 b-11@
      0.00000e+00,    @ 5 zr  @
      0.00000e+00,    @ 6 fe  @
      0.00000e+00,    @ 7 nb  @
      0.00000e+00,    @ 8 hf  @
      0.00000e+00,    @ 9 ni  @
      0.00000e+00,    @10 cr  @
      0.00000e+00,    @11 al  @
      0.00000e+00,    @12 c   @
      0.78430e-03,    @13 u235@
      0.19330e-01,    @14 u238@
      0.40220e-01,    @15 o   @
      0.00000e+00,    @16 gd54@
      0.00000e+00,    @17 gd55@
      0.00000e+00,    @18 gd56@
      0.00000e+00,    @19 gd57@
      0.00000e+00,    @22 u236@
      0.00000e+00,    @23 slag@
      0.00000e+00,    @24 tc99@
      0.00000e+00,    @25 rh03@
      0.00000e+00,    @26 ag09@
      0.00000e+00,    @27 cd13@
      0.00000e+00,    @28 xe35@
      0.00000e+00,    @29 sm49@
      0.00000e+00,    @30 sm51@
      0.00000e+00,    @31 eu55@
      0.00000e+00,    @32 np37@
      0.00000e+00,    @33 np39@
      0.00000e+00,    @34 pu38@
      0.00000e+00,    @35 pu39@
      0.00000e+00,    @36 pu40@
      0.00000e+00,    @37 pu41@
      0.00000e+00,    @38 pu42@
      0.00000e+00,    @39 am41@
      0.00000e+00,    @40 am2m@
      0.00000e+00,    @41 am43@
      0.00000e+00,    @42 cm42@
      0.00000e+00,    @43 cm44@
      0.00000e+00,    @44 cm45@
      0.00000e+00,    @49 sm52@
      0.00000e+00,    @50 xe31@
      0.00000e+00,    @51 cs33@
      0.00000e+00,    @52 nd45@
      0.00000e+00,    @53 nd43@
      0.00000e+00,    @54 pm47@
      0.00000e+00,    @55 mo95@
      0.00000e+00,    @56 cs34@
      0.00000e+00,    @57 pr41@
      0.00000e+00,    @58 pm48@
      0.00000e+00,    @59 pm8m@
      0.00000e+00,    @60 rh05@
      0.00000e+00,    @61 pm49@
      0.00000e+00,    @62 kr83@
      0.00000e+00,    @63 ru01@
      0.00000e+00,    @64 pd05@
      0.00000e+00,    @65 cs35@
      0.00000e+00,    @66 sm50@
      0.00000e+00,    @67 eu51@
      0.00000e+00,    @68 eu53@
      0.00000e+00,    @69 eu54@
      0.00000e+00,    @70 am42@
      0.00000e+00,    @71 cm43@
 &end
                                                                                                                        
@ end corr
                                                                                                                        
                                                                                                                        
                                                                                                                        
                                                                                                                        
:cont
:fier
 &vvod
 &end
                                                                                                                        
@********************************
@ begin burn circle
@********************************
:burn
 &vvod qv=110.,dtim=32.,
  &end
:burn
 &vvod qv=110.,dtim=100.,
 &end
:burn
 &vvod qv=110.,dtim=100.,
 &end
:burn
 &vvod qv=110.,dtim=100.,
 &end
@********************************
@ end burn circle
@********************************
                                                                                                                        
:fier
 &vvod &end
                                                                                                                        
@:stop
                                                                                                                        
@********************************
@ begin corr      3
@********************************
:corr
 &vvod
  roiz(427)=
      0.00000e+00,    @ 1 *h* @
      0.00000e+00,    @ 2 *o* @
      0.00000e+00,    @ 3 b-10@
      0.00000e+00,    @ 4 b-11@
      0.00000e+00,    @ 5 zr  @
      0.00000e+00,    @ 6 fe  @
      0.00000e+00,    @ 7 nb  @
      0.00000e+00,    @ 8 hf  @
      0.00000e+00,    @ 9 ni  @
      0.00000e+00,    @10 cr  @
      0.00000e+00,    @11 al  @
      0.00000e+00,    @12 c   @
      0.78430e-03,    @13 u235@
      0.19330e-01,    @14 u238@
      0.40220e-01,    @15 o   @
      0.00000e+00,    @16 gd54@
      0.00000e+00,    @17 gd55@
      0.00000e+00,    @18 gd56@
      0.00000e+00,    @19 gd57@
      0.00000e+00,    @22 u236@
      0.00000e+00,    @23 slag@
      0.00000e+00,    @24 tc99@
      0.00000e+00,    @25 rh03@
      0.00000e+00,    @26 ag09@
      0.00000e+00,    @27 cd13@
      0.00000e+00,    @28 xe35@
      0.00000e+00,    @29 sm49@
      0.00000e+00,    @30 sm51@
      0.00000e+00,    @31 eu55@
      0.00000e+00,    @32 np37@
      0.00000e+00,    @33 np39@
      0.00000e+00,    @34 pu38@
      0.00000e+00,    @35 pu39@
      0.00000e+00,    @36 pu40@
      0.00000e+00,    @37 pu41@
      0.00000e+00,    @38 pu42@
      0.00000e+00,    @39 am41@
      0.00000e+00,    @40 am2m@
      0.00000e+00,    @41 am43@
      0.00000e+00,    @42 cm42@
      0.00000e+00,    @43 cm44@
      0.00000e+00,    @44 cm45@
      0.00000e+00,    @49 sm52@
      0.00000e+00,    @50 xe31@
      0.00000e+00,    @51 cs33@
      0.00000e+00,    @52 nd45@
      0.00000e+00,    @53 nd43@
      0.00000e+00,    @54 pm47@
      0.00000e+00,    @55 mo95@
      0.00000e+00,    @56 cs34@
      0.00000e+00,    @57 pr41@
      0.00000e+00,    @58 pm48@
      0.00000e+00,    @59 pm8m@
      0.00000e+00,    @60 rh05@
      0.00000e+00,    @61 pm49@
      0.00000e+00,    @62 kr83@
      0.00000e+00,    @63 ru01@
      0.00000e+00,    @64 pd05@
      0.00000e+00,    @65 cs35@
      0.00000e+00,    @66 sm50@
      0.00000e+00,    @67 eu51@
      0.00000e+00,    @68 eu53@
      0.00000e+00,    @69 eu54@
      0.00000e+00,    @70 am42@
      0.00000e+00,    @71 cm43@
 &end
                                                                                                                        
@ end corr
                                                                                                                        
                                                                                                                        
                                                                                                                        
                                                                                                                        
:cont
:fier
 &vvod
 &end
                                                                                                                        
@********************************
@ begin burn circle
@********************************
:burn
 &vvod qv=110.,dtim=32.,
  &end
:burn
 &vvod qv=110.,dtim=100.,
 &end
:burn
 &vvod qv=110.,dtim=100.,
 &end
:burn
 &vvod qv=110.,dtim=100.,
 &end
@********************************
@ end burn circle
@********************************
                                                                                                                        
:fier
 &vvod &end
                                                                                                                        
@:stop
                                                                                                                        
@ the end of preparing circle
@ initial point for calc of burning
                                                                                                                        
                                                                                                                        
@********************************
@ begin corr       4
@********************************
:corr
 &vvod
  roiz(1)=
      0.00000e+00,    @ 1 *h* @
      0.00000e+00,    @ 2 *o* @
      0.00000e+00,    @ 3 b-10@
      0.00000e+00,    @ 4 b-11@
      0.00000e+00,    @ 5 zr  @
      0.00000e+00,    @ 6 fe  @
      0.00000e+00,    @ 7 nb  @
      0.00000e+00,    @ 8 hf  @
      0.00000e+00,    @ 9 ni  @
      0.00000e+00,    @10 cr  @
      0.00000e+00,    @11 al  @
      0.00000e+00,    @12 c   @
      0.78430e-03,    @13 u235@
      0.19330e-01,    @14 u238@
      0.40220e-01,    @15 o   @
      0.00000e+00,    @16 gd54@
      0.00000e+00,    @17 gd55@
      0.00000e+00,    @18 gd56@
      0.00000e+00,    @19 gd57@
      0.00000e+00,    @22 u236@
      0.00000e+00,    @23 slag@
      0.00000e+00,    @24 tc99@
      0.00000e+00,    @25 rh03@
      0.00000e+00,    @26 ag09@
      0.00000e+00,    @27 cd13@
      0.00000e+00,    @28 xe35@
      0.00000e+00,    @29 sm49@
      0.00000e+00,    @30 sm51@
      0.00000e+00,    @31 eu55@
      0.00000e+00,    @32 np37@
      0.00000e+00,    @33 np39@
      0.00000e+00,    @34 pu38@
      0.00000e+00,    @35 pu39@
      0.00000e+00,    @36 pu40@
      0.00000e+00,    @37 pu41@
      0.00000e+00,    @38 pu42@
      0.00000e+00,    @39 am41@
      0.00000e+00,    @40 am2m@
      0.00000e+00,    @41 am43@
      0.00000e+00,    @42 cm42@
      0.00000e+00,    @43 cm44@
      0.00000e+00,    @44 cm45@
      0.00000e+00,    @49 sm52@
      0.00000e+00,    @50 xe31@
      0.00000e+00,    @51 cs33@
      0.00000e+00,    @52 nd45@
      0.00000e+00,    @53 nd43@
      0.00000e+00,    @54 pm47@
      0.00000e+00,    @55 mo95@
      0.00000e+00,    @56 cs34@
      0.00000e+00,    @57 pr41@
      0.00000e+00,    @58 pm48@
      0.00000e+00,    @59 pm8m@
      0.00000e+00,    @60 rh05@
      0.00000e+00,    @61 pm49@
      0.00000e+00,    @62 kr83@
      0.00000e+00,    @63 ru01@
      0.00000e+00,    @64 pd05@
      0.00000e+00,    @65 cs35@
      0.00000e+00,    @66 sm50@
      0.00000e+00,    @67 eu51@
      0.00000e+00,    @68 eu53@
      0.00000e+00,    @69 eu54@
      0.00000e+00,    @70 am42@
      0.00000e+00,    @71 cm43@
 &end
                                                                                                                        
@ end corr
                                                                                                                        
                                                                                                                        
                                                                                                                        
                                                                                                                        
:cont
:fier
 &vvod
 &end
                                                                                                                        
@********************************
@ begin burn circle
@********************************
:burn
 &vvod qv=110.,dtim=32.,
  &end
:burn
 &vvod qv=110.,dtim=100.,
 &end
:burn
 &vvod qv=110.,dtim=100.,
 &end
:burn
 &vvod qv=110.,dtim=100.,
 &end
@********************************
@ end burn circle
@********************************
                                                                                                                        
:fier
 &vvod &end
                                                                                                                        
:stop
                                                                                                                        
                                                                                                                        
 ***** end of   file of input data set *******
:poly                                                                           
  rout and rin were constructed
Rout= 0.398, 0.455, 0.669,
Rin = 0.000, 0.398, 0.455,
  nsos  was constructed
nsos=  1,  7,  8,
  Error !!
 cannot find material file:chmc.mtr                                             
        
