 *****          file of input data set *******
:poly
@===========================================================
@
@              23.10.01 14:47
@
@   operational  steady state (core only)
@
 &vvod
  r=0.8,1.025,1.1,
 izotr= 2,
 ig=2,
 iout(54)=1, iout(55)=1,
 alout=1.,
  tz=1973.0,1066.0,1048.0,
 nsos=1,2,3,
@
@       u235       u238        c         ta         monbalo k na
  sroiz=4.553e-2, 23.396e-4, 8.144e-2,5.525e-2,0.,0.,0.,0.,0.,0.,
@
         0.,0.,0.,0.,2.573e-2,6.17e-2,1.673e-2,2.51e-2,0.,0.,
@
         0.,0.,0.,0.,0.,0.,0.,0.,1.037e-2,5.579e-3,
 &end
@       u    o         ka        na
u235
u238
c
ta
mo
nb
al
o
k
na
****
@
:macro
 &vvod
 nbv=1,1,1,
@  et= 10.5e+06,.14e6,.14e6,46500.,46500.,1e4,1e4,465.,465.,100.,100.,
@       4.65,4.65,2.15,2.15,0.,
  et= 10.5e+06,2.15,2.15,0.,
 &end
:stop
 ***** end of   file of input data set *******
:poly                                                                           
  *******<< check input data>> programm declare *******
    --undeclared parametr--cefzad  -- programm standart value --cefzad  =  0.100000E+01
  *******<< check input data>> programm declare *******
    --undeclared parametr--bakl    -- programm standart value --bakl    =  0.000000E+00
  *******<< check input data>> programm declare *******
    --undeclared parametr--alin    -- programm standart value --alin    =  0.000000E+00
  *******<< check input data>> programm declare *******
    --undeclared parametr--alcorr  -- programm standart value --alcorr  =  0.100000E+01
  *******<< check input data>> programm declare *******
    --undeclared parametr--nbv     -- programm standart value --nbv     =    1    1    1
  *******<< check input data>> programm declare *******
    --undeclared parametr--et      -- programm standart value --et      =  0.105000E+08  0.215000E+01
     0.215000E+01  0.000000E+00
    ????  storage for pr. getter =      300 ?? common /rrr/ rab(        0 )  ????
 ------------------------------------------------------------------------------
  backling =  0.0000000E+00
 ------------------------------------------------------------------------------
  number of cells =           1
          cell number    1  number of zone= 3
 << geometry characteristics >>
    geometry of cell- cilindrical index=           2
  kratnost of cell =   1.000000    
  inner radius of cell =  0.0000000E+00
  out square ratio =   1.000000    
 ------------------------------------------------------------------------------
 num zone      1           2           3
 radius   0.80000E+00 0.10250E+01 0.11000E+01
 temper   0.19730E+04 0.10660E+04 0.10480E+04
 rez_izot    u238        bad         bad 
 ------------------------------------------------------------------------------
    izotop   /             concentration number of izotops=10
  1 u235     0.45530E-01 0.00000E+00 0.00000E+00
  2 u238     0.23396E-02 0.00000E+00 0.00000E+00
  3 c        0.81440E-01 0.00000E+00 0.00000E+00
  4 ta       0.55250E-01 0.00000E+00 0.00000E+00
  5 mo       0.00000E+00 0.25730E-01 0.00000E+00
  6 nb       0.00000E+00 0.61700E-01 0.00000E+00
  7 al       0.00000E+00 0.16730E-01 0.00000E+00
  8 o        0.00000E+00 0.25100E-01 0.00000E+00
  9 k        0.00000E+00 0.00000E+00 0.10370E-01
 10 na       0.00000E+00 0.00000E+00 0.55790E-02
    > CONSYST Program Ver: 98.01 > started at  0: 0: 0:  
    { Manturov G., E-mail: abbn@ippe.rssi.ru}
 
       -------------------------------
 
       CONSYST INPUT DATA READ FROM : cons.dat
       CONSYST PROTOCOL STORED IN   : RESULT
       GMF X-SECTION'S FILE         : OUT
       TEMPORARY FILE               : RAB
       ABBN BASIC DATA SET FROM     : ..\bin\Bnab90.lib
       ABBN MULTIC DATA SET FROM    : ..\bin\Bnabmlt.lib
       ABBN THERMAL DATA SET FROM   : ..\bin\BNABTHM.lib
 
    >>  K-inf(MLT)= 1.75445 Balance= 1.02284 NU= 2.74 FI-Sum=  1.05E+01
    > CONSYST finished at  0: 0: 0:  
 therm. calculation avoided
 therm. calculation avoided
 therm. calculation avoided
 therm. calculation avoided
 therm. calculation avoided
 therm. calculation avoided
 therm. calculation avoided
 therm. calculation avoided
 therm. calculation avoided
:macro                                                                          
 condensation boundary was changed from  0.21500E+01 to  0.21544E+01
 condensation boundary was changed from  0.21500E+01 to  0.21544E+01
    -------------------------------------------------------------------------------
    * n group   * e(i)        * e(i+1)      *spect neutron fission  *
          1       0.10500E+08    2.1544           0.99899    
          2        2.1544        0.0000           0.13498E-08
    *******************************************************************************
                                       **    macro cross section    **
    *******************************************************************************
    ** n zone    1 vzone=  3.8013     /  1  2  3
*grp*flux 1/cm2c  * stotal      * sabs        * sfis.       * nu$sfis.    * 1/3*strans  *1/aver.veloci*aver power
  1   5.359341     0.9136612     0.4907817E-01 0.3311787E-01 0.8276860E-01 0.4190804     0.3204783E-07  1.686465      1.000000    
  2  0.1389316E-12  1.722634     0.8506817     0.3813255     0.9273835     0.2549088     0.2786795E-18  1.090165     0.2984853E-12
                                       * matric. scat.cross. sec. from i to j  *
       i / j -->            1           2
       i        1 0.8645825     0.2278889E-13
       i        2  0.000000     0.8719520    
:stop                                                                           
