!==============================================================================!
!             PostProcessing of the SKETCH-N   Results                         !
!              Version 1.0 (c) Slava 2000 e-mail: na.vzimin@na-net.ornl.gov    !
!==============================================================================!

 Input  SKETCH   *.grf File : Output/SKETCH.grf
 Input  PostProc *.dat File : Input/PP_STEND.DAT
!==============================================================================!
!                                   SKETCH-N                                   !
!  Nodal Neutron Diffusion Code for Solving Steady-State and Kinetics Problems !
!              Version 1.0 (c) Slava 2000 e-mail: na.vzimin@na-net.ornl.gov    !
!      Date & Time of Calculation :  5 May      2013   8:22:42 pm              !
!==============================================================================!
!------------------------------------------------------------------------------!
!          Input Data STEND-RBMK                                               !
!      Mehrushev A. 26.04.2013  MEPhI                                          !
!------------------------------------------------------------------------------!
                                                                                
Output of the data in time moment = 0.00000E+00
!------------------------------------------------------------------------------!
Neutron Flux, group   2                                                         
Scaling Factor = 0.54986E-06
!------------------------------------------------------------------------------!

 Distribution Summary:                                                          
     Scaling Factor                        :  0.54986E-06

     Average Value                         :  1.000

     3D Maximum Value                      :  4.425
     Reactor Location of 3D Maximum (X,Y,Z): 10  8 11
     Core    Location of 3D Maximum (X,Y,Z):  8  7 10

     3D Minimum Value                      :  0.004
     Reactor Location of 3D minimum (X,Y,Z): 18  1 22
     Core    Location of 3D minimum (X,Y,Z): 19  0 21

     2D Maximum Value                      :  2.877
     Reactor Location of 2D Maximum (X,Y)  : 10  8
     Core    Location of 2D Maximum (X,Y)  :  8  7

     2D Minimum Value                      :  0.026
     Reactor Location of 2D minimum (X,Y)  : 18  1
     Core    Location of 2D minimum (X,Y)  : 19  0

     1D Maximum Value                      :  1.538
     Reactor Location of the 1D Maximum (Z):       11
     Core    Location of the 1D Maximum (Z):       10

     1D Minimum Value                      :  0.213
     Reactor Location of the 1D minimum (Z):       22
     Core    Location of the 1D minimum (Z):       21
!------------------------------------------------------------------------------!

 2D Distribution     :                                                          

          1     2     3     4     5     6     7     8     9    10    11    12    13    14    15    16    17    18
      ----- ----- ----- ----- ----- ----- ----- ----- ----- ----- ----- ----- ----- ----- ----- ----- ----- -----
  1:  0.040 0.108 0.159 0.199 0.229 0.288 0.343 0.382 0.380 0.391 0.361 0.280 0.228 0.210 0.183 0.142 0.081 0.026
  2:  0.110 0.244 0.351 0.443 0.454 0.597 0.745 0.868 0.802 0.834 0.822 0.748 0.483 0.440 0.397 0.324 0.179 0.069
  3:  0.167 0.365 0.504 0.574 0.563 0.845 1.036 1.118 1.118 1.246 1.202 0.985 0.638 0.651 0.569 0.414 0.243 0.105
  4:  0.216 0.489 0.630 0.804 0.943 1.166 1.190 1.410 1.596 1.766 1.512 1.313 1.084 0.963 0.675 0.501 0.337 0.153
  5:  0.248 0.516 0.708 0.993 1.185 1.232 1.132 1.636 1.945 1.942 1.687 1.599 1.382 1.062 0.656 0.570 0.406 0.187
  6:  0.292 0.615 0.879 1.165 1.210 1.415 1.626 2.235 2.162 2.218 2.131 2.107 1.446 1.208 0.971 0.831 0.454 0.198
  7:  0.324 0.700 0.967 1.099 1.044 1.540 1.919 2.170 2.209 2.473 2.402 1.975 1.298 1.319 1.153 0.848 0.490 0.211
  8:  0.340 0.768 0.977 1.210 1.389 1.905 1.910 2.277 2.581 2.877 2.484 2.145 1.760 1.594 1.154 0.872 0.587 0.266
  9:  0.324 0.679 0.926 1.291 1.548 1.661 1.581 2.319 2.738 2.709 2.339 2.238 1.951 1.517 0.954 0.870 0.645 0.299
 10:  0.327 0.690 1.001 1.356 1.437 1.705 2.005 2.590 2.628 2.652 2.514 2.531 1.790 1.509 1.204 1.021 0.646 0.283
 11:  0.306 0.692 0.983 1.136 1.099 1.664 2.092 2.321 2.313 2.554 2.470 2.059 1.392 1.447 1.290 0.966 0.580 0.254
 12:  0.255 0.686 0.895 1.097 1.270 1.796 1.825 2.124 2.344 2.768 2.283 2.016 1.686 1.564 1.159 0.883 0.592 0.267
 13:  0.231 0.511 0.733 1.036 1.254 1.355 1.298 1.887 2.210 2.198 1.939 1.917 1.725 1.346 0.840 0.762 0.568 0.264
 14:  0.220 0.468 0.692 0.960 1.033 1.215 1.422 1.862 1.914 1.951 1.871 1.845 1.438 1.179 0.910 0.768 0.492 0.218
 15:  0.190 0.412 0.584 0.680 0.663 1.018 1.288 1.449 1.463 1.632 1.626 1.378 0.925 0.936 0.827 0.618 0.368 0.160
 16:  0.146 0.333 0.423 0.509 0.582 0.864 0.918 1.069 1.188 1.358 1.217 1.051 0.846 0.789 0.597 0.449 0.291 0.128
 17:  0.083 0.183 0.248 0.342 0.411 0.443 0.447 0.672 0.820 0.833 0.724 0.700 0.629 0.490 0.300 0.267 0.199 0.089
 18:  0.027 0.070 0.107 0.155 0.188 0.192 0.206 0.302 0.372 0.360 0.314 0.314 0.292 0.218 0.139 0.116 0.086 0.033
 
!------------------------------------------------------------------------------!
     1D Distribution

   1 0.213
   2 0.445
   3 0.617
   4 0.799
   5 0.971
   6 1.125
   7 1.258
   8 1.368
   9 1.452
  10 1.509
  11 1.538
  12 1.538
  13 1.509
  14 1.452
  15 1.368
  16 1.258
  17 1.125
  18 0.971
  19 0.799
  20 0.617
  21 0.445
  22 0.213
!------------------------------------------------------------------------------!
 3D Distribution     :                                                          

 CHAN     1     2     3     4     5     6     7     8     9    10    11    12    13    14    15    16    17    18    19    20    21    22
      ----- ----- ----- ----- ----- ----- ----- ----- ----- ----- ----- ----- ----- ----- ----- ----- ----- ----- ----- ----- ----- -----
   1: 0.006 0.016 0.025 0.032 0.039 0.046 0.051 0.055 0.059 0.061 0.062 0.062 0.061 0.059 0.055 0.051 0.046 0.039 0.032 0.025 0.016 0.006
   2: 0.017 0.044 0.066 0.087 0.106 0.123 0.137 0.149 0.159 0.165 0.168 0.168 0.165 0.159 0.149 0.137 0.123 0.106 0.087 0.066 0.044 0.017
   3: 0.026 0.066 0.098 0.129 0.156 0.181 0.203 0.220 0.234 0.243 0.248 0.248 0.243 0.234 0.220 0.203 0.181 0.156 0.129 0.098 0.066 0.026
   4: 0.032 0.084 0.123 0.160 0.195 0.226 0.253 0.275 0.292 0.303 0.309 0.309 0.303 0.292 0.275 0.253 0.226 0.195 0.160 0.123 0.084 0.032
   5: 0.037 0.096 0.141 0.184 0.224 0.260 0.291 0.316 0.335 0.349 0.355 0.355 0.349 0.335 0.316 0.291 0.260 0.224 0.184 0.141 0.096 0.037
   6: 0.047 0.120 0.178 0.232 0.283 0.328 0.366 0.398 0.423 0.439 0.448 0.448 0.439 0.423 0.398 0.366 0.328 0.283 0.232 0.178 0.120 0.047
   7: 0.055 0.143 0.212 0.277 0.336 0.390 0.436 0.474 0.503 0.523 0.533 0.533 0.523 0.503 0.474 0.436 0.390 0.336 0.277 0.212 0.143 0.055
   8: 0.060 0.160 0.236 0.308 0.374 0.434 0.485 0.528 0.560 0.582 0.593 0.593 0.582 0.560 0.528 0.485 0.434 0.374 0.308 0.236 0.160 0.060
   9: 0.061 0.158 0.234 0.306 0.373 0.432 0.484 0.526 0.558 0.580 0.591 0.591 0.580 0.558 0.526 0.484 0.432 0.373 0.306 0.234 0.158 0.061
  10: 0.063 0.162 0.240 0.315 0.383 0.444 0.497 0.541 0.574 0.596 0.608 0.608 0.596 0.574 0.541 0.497 0.444 0.383 0.315 0.240 0.162 0.063
  11: 0.057 0.148 0.222 0.291 0.354 0.411 0.460 0.500 0.531 0.551 0.562 0.562 0.551 0.531 0.500 0.460 0.411 0.354 0.291 0.222 0.148 0.057
  12: 0.044 0.114 0.172 0.226 0.275 0.319 0.357 0.388 0.412 0.429 0.437 0.437 0.429 0.412 0.388 0.357 0.319 0.275 0.226 0.172 0.114 0.044
  13: 0.037 0.094 0.140 0.183 0.223 0.259 0.290 0.315 0.335 0.348 0.354 0.354 0.348 0.335 0.315 0.290 0.259 0.223 0.183 0.140 0.094 0.037
  14: 0.034 0.087 0.129 0.169 0.206 0.239 0.267 0.290 0.308 0.320 0.326 0.326 0.320 0.308 0.290 0.267 0.239 0.206 0.169 0.129 0.087 0.034
  15: 0.029 0.076 0.113 0.147 0.179 0.208 0.232 0.253 0.268 0.279 0.284 0.284 0.279 0.268 0.253 0.232 0.208 0.179 0.147 0.113 0.076 0.029
  16: 0.022 0.059 0.088 0.114 0.139 0.161 0.180 0.196 0.208 0.216 0.220 0.220 0.216 0.208 0.196 0.180 0.161 0.139 0.114 0.088 0.059 0.022
  17: 0.013 0.034 0.050 0.065 0.079 0.092 0.103 0.112 0.118 0.123 0.125 0.125 0.123 0.118 0.112 0.103 0.092 0.079 0.065 0.050 0.034 0.013
  18: 0.004 0.011 0.016 0.021 0.026 0.030 0.034 0.037 0.039 0.040 0.041 0.041 0.040 0.039 0.037 0.034 0.030 0.026 0.021 0.016 0.011 0.004
  19: 0.017 0.045 0.067 0.088 0.107 0.125 0.139 0.152 0.161 0.167 0.170 0.170 0.167 0.161 0.152 0.139 0.125 0.107 0.088 0.067 0.045 0.017
  20: 0.048 0.106 0.150 0.196 0.238 0.276 0.309 0.336 0.356 0.370 0.377 0.377 0.370 0.356 0.336 0.309 0.276 0.238 0.196 0.150 0.106 0.048
  21: 0.071 0.155 0.217 0.281 0.342 0.396 0.443 0.482 0.511 0.531 0.541 0.541 0.531 0.511 0.482 0.443 0.396 0.342 0.281 0.217 0.155 0.071
  22: 0.087 0.198 0.275 0.355 0.431 0.499 0.558 0.607 0.644 0.669 0.682 0.682 0.669 0.644 0.607 0.558 0.499 0.431 0.355 0.275 0.198 0.087
  23: 0.096 0.203 0.281 0.363 0.441 0.511 0.571 0.621 0.659 0.685 0.698 0.698 0.685 0.659 0.621 0.571 0.511 0.441 0.363 0.281 0.203 0.096
  24: 0.124 0.263 0.368 0.478 0.580 0.672 0.752 0.818 0.868 0.902 0.919 0.919 0.902 0.868 0.818 0.752 0.672 0.580 0.478 0.368 0.263 0.124
  25: 0.151 0.328 0.459 0.596 0.724 0.839 0.939 1.021 1.083 1.126 1.147 1.147 1.126 1.083 1.021 0.939 0.839 0.724 0.596 0.459 0.328 0.151
  26: 0.167 0.386 0.537 0.695 0.844 0.978 1.094 1.190 1.263 1.313 1.338 1.338 1.313 1.263 1.190 1.094 0.978 0.844 0.695 0.537 0.386 0.167
  27: 0.163 0.354 0.494 0.641 0.780 0.904 1.011 1.099 1.167 1.213 1.236 1.236 1.213 1.167 1.099 1.011 0.904 0.780 0.641 0.494 0.354 0.163
  28: 0.171 0.365 0.512 0.667 0.811 0.940 1.052 1.143 1.214 1.262 1.286 1.286 1.262 1.214 1.143 1.052 0.940 0.811 0.667 0.512 0.365 0.171
  29: 0.162 0.356 0.504 0.658 0.800 0.928 1.038 1.129 1.198 1.245 1.269 1.269 1.245 1.198 1.129 1.038 0.928 0.800 0.658 0.504 0.356 0.162
  30: 0.128 0.313 0.460 0.601 0.731 0.848 0.949 1.032 1.095 1.138 1.160 1.160 1.138 1.095 1.032 0.949 0.848 0.731 0.601 0.460 0.313 0.128
  31: 0.100 0.212 0.297 0.386 0.469 0.544 0.609 0.662 0.703 0.730 0.744 0.744 0.730 0.703 0.662 0.609 0.544 0.469 0.386 0.297 0.212 0.100
  32: 0.092 0.194 0.271 0.352 0.427 0.495 0.554 0.603 0.640 0.665 0.677 0.677 0.665 0.640 0.603 0.554 0.495 0.427 0.352 0.271 0.194 0.092
  33: 0.081 0.175 0.245 0.318 0.386 0.447 0.500 0.544 0.577 0.600 0.611 0.611 0.600 0.577 0.544 0.500 0.447 0.386 0.318 0.245 0.175 0.081
  34: 0.062 0.144 0.200 0.260 0.315 0.365 0.409 0.444 0.472 0.490 0.500 0.500 0.490 0.472 0.444 0.409 0.365 0.315 0.260 0.200 0.144 0.062
  35: 0.034 0.078 0.110 0.143 0.174 0.202 0.226 0.245 0.260 0.271 0.276 0.276 0.271 0.260 0.245 0.226 0.202 0.174 0.143 0.110 0.078 0.034
  36: 0.011 0.029 0.042 0.055 0.067 0.078 0.087 0.095 0.101 0.105 0.107 0.107 0.105 0.101 0.095 0.087 0.078 0.067 0.055 0.042 0.029 0.011
  37: 0.027 0.070 0.103 0.135 0.164 0.190 0.212 0.231 0.245 0.255 0.260 0.260 0.255 0.245 0.231 0.212 0.190 0.164 0.135 0.103 0.070 0.027
  38: 0.073 0.160 0.225 0.292 0.355 0.412 0.461 0.501 0.531 0.552 0.563 0.563 0.552 0.531 0.501 0.461 0.412 0.355 0.292 0.225 0.160 0.073
  39: 0.109 0.224 0.310 0.402 0.489 0.566 0.633 0.688 0.731 0.759 0.774 0.774 0.759 0.731 0.688 0.633 0.566 0.489 0.402 0.310 0.224 0.109
  40: 0.129 0.260 0.355 0.459 0.557 0.645 0.721 0.784 0.832 0.864 0.881 0.881 0.864 0.832 0.784 0.721 0.645 0.557 0.459 0.355 0.260 0.129
  41: 0.142 0.262 0.348 0.447 0.543 0.628 0.703 0.764 0.811 0.843 0.859 0.859 0.843 0.811 0.764 0.703 0.628 0.543 0.447 0.348 0.262 0.142
  42: 0.187 0.382 0.523 0.675 0.819 0.949 1.061 1.154 1.225 1.273 1.297 1.297 1.273 1.225 1.154 1.061 0.949 0.819 0.675 0.523 0.382 0.187
  43: 0.226 0.462 0.639 0.828 1.005 1.165 1.303 1.416 1.503 1.562 1.592 1.592 1.562 1.503 1.416 1.303 1.165 1.005 0.828 0.639 0.462 0.226
  44: 0.243 0.500 0.689 0.893 1.084 1.256 1.405 1.528 1.622 1.685 1.718 1.718 1.685 1.622 1.528 1.405 1.256 1.084 0.893 0.689 0.500 0.243
  45: 0.248 0.504 0.690 0.892 1.083 1.255 1.404 1.526 1.620 1.684 1.716 1.716 1.684 1.620 1.526 1.404 1.255 1.083 0.892 0.690 0.504 0.248
  46: 0.267 0.556 0.768 0.995 1.208 1.400 1.566 1.703 1.808 1.879 1.915 1.915 1.879 1.808 1.703 1.566 1.400 1.208 0.995 0.768 0.556 0.267
  47: 0.257 0.532 0.739 0.960 1.166 1.352 1.512 1.645 1.746 1.815 1.849 1.849 1.815 1.746 1.645 1.512 1.352 1.166 0.960 0.739 0.532 0.257
  48: 0.212 0.437 0.606 0.786 0.955 1.107 1.239 1.347 1.430 1.486 1.515 1.515 1.486 1.430 1.347 1.239 1.107 0.955 0.786 0.606 0.437 0.212
  49: 0.158 0.294 0.393 0.507 0.615 0.713 0.798 0.867 0.921 0.957 0.975 0.975 0.957 0.921 0.867 0.798 0.713 0.615 0.507 0.393 0.294 0.158
  50: 0.145 0.295 0.403 0.520 0.631 0.731 0.817 0.889 0.943 0.980 0.999 0.999 0.980 0.943 0.889 0.817 0.731 0.631 0.520 0.403 0.295 0.145
  51: 0.124 0.254 0.351 0.455 0.552 0.639 0.715 0.778 0.825 0.858 0.874 0.874 0.858 0.825 0.778 0.715 0.639 0.552 0.455 0.351 0.254 0.124
  52: 0.090 0.185 0.255 0.331 0.402 0.465 0.521 0.566 0.601 0.625 0.636 0.636 0.625 0.601 0.566 0.521 0.465 0.402 0.331 0.255 0.185 0.090
  53: 0.051 0.108 0.150 0.194 0.236 0.274 0.306 0.333 0.353 0.367 0.374 0.374 0.367 0.353 0.333 0.306 0.274 0.236 0.194 0.150 0.108 0.051
  54: 0.017 0.044 0.064 0.084 0.102 0.119 0.133 0.145 0.153 0.159 0.163 0.163 0.159 0.153 0.145 0.133 0.119 0.102 0.084 0.064 0.044 0.017
  55: 0.034 0.091 0.134 0.174 0.212 0.246 0.275 0.299 0.317 0.330 0.336 0.336 0.330 0.317 0.299 0.275 0.246 0.212 0.174 0.134 0.091 0.034
  56: 0.094 0.218 0.303 0.392 0.476 0.552 0.617 0.671 0.712 0.740 0.754 0.754 0.740 0.712 0.671 0.617 0.552 0.476 0.392 0.303 0.218 0.094
  57: 0.137 0.282 0.389 0.503 0.611 0.708 0.791 0.860 0.913 0.949 0.967 0.967 0.949 0.913 0.860 0.791 0.708 0.611 0.503 0.389 0.282 0.137
  58: 0.177 0.360 0.496 0.642 0.779 0.903 1.010 1.097 1.165 1.211 1.234 1.234 1.211 1.165 1.097 1.010 0.903 0.779 0.642 0.496 0.360 0.177
  59: 0.210 0.426 0.584 0.753 0.914 1.058 1.183 1.286 1.365 1.419 1.446 1.446 1.419 1.365 1.286 1.183 1.058 0.914 0.753 0.584 0.426 0.210
  60: 0.246 0.533 0.725 0.933 1.131 1.310 1.465 1.592 1.690 1.756 1.790 1.790 1.756 1.690 1.592 1.465 1.310 1.131 0.933 0.725 0.533 0.246
  61: 0.267 0.538 0.735 0.950 1.152 1.335 1.493 1.624 1.724 1.791 1.825 1.825 1.791 1.724 1.624 1.493 1.335 1.152 0.950 0.735 0.538 0.267
  62: 0.310 0.630 0.869 1.126 1.367 1.585 1.773 1.927 2.046 2.126 2.167 2.167 2.126 2.046 1.927 1.773 1.585 1.367 1.126 0.869 0.630 0.310
  63: 0.345 0.713 0.984 1.274 1.547 1.793 2.006 2.181 2.316 2.407 2.453 2.453 2.407 2.316 2.181 2.006 1.793 1.547 1.274 0.984 0.713 0.345
  64: 0.363 0.798 1.094 1.412 1.714 1.986 2.222 2.416 2.564 2.665 2.716 2.716 2.665 2.564 2.416 2.222 1.986 1.714 1.412 1.094 0.798 0.363
  65: 0.327 0.676 0.932 1.206 1.466 1.699 1.900 2.066 2.194 2.280 2.323 2.323 2.280 2.194 2.066 1.900 1.699 1.466 1.206 0.932 0.676 0.327
  66: 0.287 0.585 0.808 1.047 1.273 1.475 1.650 1.794 1.905 1.980 2.018 2.018 1.980 1.905 1.794 1.650 1.475 1.273 1.047 0.808 0.585 0.287
  67: 0.241 0.487 0.669 0.865 1.050 1.217 1.362 1.481 1.572 1.633 1.665 1.665 1.633 1.572 1.481 1.362 1.217 1.050 0.865 0.669 0.487 0.241
  68: 0.203 0.439 0.598 0.770 0.934 1.082 1.210 1.316 1.397 1.452 1.480 1.480 1.452 1.397 1.316 1.210 1.082 0.934 0.770 0.598 0.439 0.203
  69: 0.150 0.306 0.418 0.539 0.654 0.757 0.847 0.921 0.978 1.016 1.035 1.035 1.016 0.978 0.921 0.847 0.757 0.654 0.539 0.418 0.306 0.150
  70: 0.110 0.224 0.309 0.400 0.485 0.563 0.629 0.684 0.726 0.755 0.769 0.769 0.755 0.726 0.684 0.629 0.563 0.485 0.400 0.309 0.224 0.110
  71: 0.070 0.148 0.207 0.269 0.327 0.379 0.424 0.461 0.490 0.509 0.519 0.519 0.509 0.490 0.461 0.424 0.379 0.327 0.269 0.207 0.148 0.070
  72: 0.025 0.063 0.094 0.123 0.150 0.174 0.194 0.211 0.224 0.233 0.237 0.237 0.233 0.224 0.211 0.194 0.174 0.150 0.123 0.094 0.063 0.025
  73: 0.040 0.103 0.153 0.199 0.243 0.281 0.315 0.342 0.363 0.377 0.385 0.385 0.377 0.363 0.342 0.315 0.281 0.243 0.199 0.153 0.103 0.040
  74: 0.105 0.228 0.318 0.413 0.502 0.581 0.650 0.707 0.750 0.780 0.795 0.795 0.780 0.750 0.707 0.650 0.581 0.502 0.413 0.318 0.228 0.105
  75: 0.158 0.320 0.438 0.565 0.686 0.795 0.889 0.966 1.026 1.066 1.086 1.086 1.066 1.026 0.966 0.889 0.795 0.686 0.565 0.438 0.320 0.158
  76: 0.216 0.446 0.614 0.794 0.963 1.115 1.247 1.356 1.439 1.496 1.524 1.524 1.496 1.439 1.356 1.247 1.115 0.963 0.794 0.614 0.446 0.216
  77: 0.260 0.531 0.733 0.948 1.150 1.332 1.489 1.619 1.719 1.786 1.820 1.820 1.786 1.719 1.619 1.489 1.332 1.150 0.948 0.733 0.531 0.260
  78: 0.277 0.558 0.762 0.983 1.193 1.382 1.546 1.680 1.784 1.854 1.889 1.889 1.854 1.784 1.680 1.546 1.382 1.193 0.983 0.762 0.558 0.277
  79: 0.281 0.522 0.697 0.899 1.092 1.265 1.415 1.538 1.633 1.697 1.730 1.730 1.697 1.633 1.538 1.415 1.265 1.092 0.899 0.697 0.522 0.281
  80: 0.351 0.724 1.006 1.306 1.588 1.841 2.059 2.239 2.377 2.470 2.517 2.517 2.470 2.377 2.239 2.059 1.841 1.588 1.306 1.006 0.724 0.351
  81: 0.417 0.861 1.196 1.553 1.887 2.188 2.448 2.661 2.825 2.936 2.992 2.992 2.936 2.825 2.661 2.448 2.188 1.887 1.553 1.196 0.861 0.417
  82: 0.421 0.867 1.196 1.550 1.883 2.182 2.441 2.655 2.818 2.929 2.985 2.985 2.929 2.818 2.655 2.441 2.182 1.883 1.550 1.196 0.867 0.421
  83: 0.370 0.756 1.038 1.345 1.635 1.895 2.120 2.305 2.447 2.543 2.592 2.592 2.543 2.447 2.305 2.120 1.895 1.635 1.345 1.038 0.756 0.370
  84: 0.336 0.704 0.983 1.277 1.553 1.801 2.014 2.190 2.325 2.417 2.463 2.463 2.417 2.325 2.190 2.014 1.801 1.553 1.277 0.983 0.704 0.336
  85: 0.297 0.612 0.850 1.104 1.341 1.555 1.739 1.891 2.007 2.086 2.126 2.126 2.086 2.007 1.891 1.739 1.555 1.341 1.104 0.850 0.612 0.297
  86: 0.237 0.478 0.655 0.847 1.028 1.192 1.333 1.449 1.538 1.599 1.629 1.629 1.599 1.538 1.449 1.333 1.192 1.028 0.847 0.655 0.478 0.237
  87: 0.163 0.303 0.404 0.521 0.632 0.732 0.819 0.891 0.945 0.982 1.001 1.001 0.982 0.945 0.891 0.819 0.732 0.632 0.521 0.404 0.303 0.163
  88: 0.123 0.253 0.350 0.455 0.553 0.640 0.716 0.779 0.827 0.859 0.876 0.876 0.859 0.827 0.779 0.716 0.640 0.553 0.455 0.350 0.253 0.123
  89: 0.082 0.177 0.249 0.325 0.395 0.459 0.513 0.558 0.592 0.615 0.627 0.627 0.615 0.592 0.558 0.513 0.459 0.395 0.325 0.249 0.177 0.082
  90: 0.030 0.077 0.115 0.151 0.183 0.213 0.238 0.259 0.275 0.286 0.291 0.291 0.286 0.275 0.259 0.238 0.213 0.183 0.151 0.115 0.077 0.030
  91: 0.047 0.121 0.180 0.235 0.286 0.332 0.371 0.404 0.429 0.445 0.454 0.454 0.445 0.429 0.404 0.371 0.332 0.286 0.235 0.180 0.121 0.047
  92: 0.126 0.270 0.378 0.492 0.598 0.693 0.775 0.842 0.894 0.929 0.947 0.947 0.929 0.894 0.842 0.775 0.693 0.598 0.492 0.378 0.270 0.126
  93: 0.190 0.394 0.543 0.703 0.853 0.988 1.105 1.201 1.275 1.325 1.350 1.350 1.325 1.275 1.201 1.105 0.988 0.853 0.703 0.543 0.394 0.190
  94: 0.244 0.530 0.724 0.932 1.130 1.309 1.464 1.591 1.689 1.755 1.789 1.789 1.755 1.689 1.591 1.464 1.309 1.130 0.932 0.724 0.530 0.244
  95: 0.271 0.547 0.748 0.966 1.172 1.358 1.519 1.651 1.753 1.822 1.856 1.856 1.822 1.753 1.651 1.519 1.358 1.172 0.966 0.748 0.547 0.271
  96: 0.314 0.635 0.872 1.129 1.371 1.589 1.777 1.932 2.051 2.132 2.172 2.172 2.132 2.051 1.932 1.777 1.589 1.371 1.129 0.872 0.635 0.314
  97: 0.350 0.719 1.000 1.298 1.578 1.829 2.046 2.225 2.362 2.454 2.501 2.501 2.454 2.362 2.225 2.046 1.829 1.578 1.298 1.000 0.719 0.350
  98: 0.399 0.947 1.376 1.794 2.183 2.531 2.831 3.079 3.268 3.397 3.461 3.461 3.397 3.268 3.079 2.831 2.531 2.183 1.794 1.376 0.947 0.399
  99: 0.454 0.953 1.329 1.727 2.100 2.435 2.724 2.961 3.144 3.268 3.330 3.330 3.268 3.144 2.961 2.724 2.435 2.100 1.727 1.329 0.953 0.454
 100: 0.482 0.986 1.364 1.770 2.151 2.494 2.790 3.033 3.220 3.347 3.411 3.411 3.347 3.220 3.033 2.790 2.494 2.151 1.770 1.364 0.986 0.482
 101: 0.447 0.938 1.310 1.702 2.069 2.399 2.683 2.918 3.098 3.219 3.281 3.281 3.219 3.098 2.918 2.683 2.399 2.069 1.702 1.310 0.938 0.447
 102: 0.377 0.893 1.298 1.691 2.058 2.386 2.669 2.902 3.081 3.202 3.263 3.263 3.202 3.081 2.902 2.669 2.386 2.058 1.691 1.298 0.893 0.377
 103: 0.312 0.642 0.890 1.154 1.403 1.626 1.819 1.978 2.099 2.182 2.224 2.224 2.182 2.099 1.978 1.819 1.626 1.403 1.154 0.890 0.642 0.312
 104: 0.269 0.543 0.745 0.964 1.171 1.357 1.517 1.650 1.751 1.820 1.855 1.855 1.820 1.751 1.650 1.517 1.357 1.171 0.964 0.745 0.543 0.269
 105: 0.210 0.432 0.598 0.775 0.942 1.091 1.221 1.327 1.409 1.464 1.492 1.492 1.464 1.409 1.327 1.221 1.091 0.942 0.775 0.598 0.432 0.210
 106: 0.149 0.353 0.512 0.667 0.812 0.941 1.053 1.144 1.215 1.263 1.287 1.287 1.263 1.215 1.144 1.053 0.941 0.812 0.667 0.512 0.353 0.149
 107: 0.090 0.196 0.279 0.363 0.442 0.513 0.574 0.624 0.662 0.688 0.701 0.701 0.688 0.662 0.624 0.574 0.513 0.442 0.363 0.279 0.196 0.090
 108: 0.032 0.082 0.122 0.159 0.194 0.225 0.252 0.274 0.291 0.302 0.308 0.308 0.302 0.291 0.274 0.252 0.225 0.194 0.159 0.122 0.082 0.032
 109: 0.052 0.135 0.200 0.261 0.317 0.368 0.411 0.447 0.475 0.493 0.503 0.503 0.493 0.475 0.447 0.411 0.368 0.317 0.261 0.200 0.135 0.052
 110: 0.142 0.308 0.431 0.560 0.681 0.789 0.882 0.959 1.018 1.058 1.078 1.078 1.058 1.018 0.959 0.882 0.789 0.681 0.560 0.431 0.308 0.142
 111: 0.210 0.431 0.597 0.773 0.939 1.087 1.216 1.322 1.403 1.458 1.486 1.486 1.458 1.403 1.322 1.216 1.087 0.939 0.773 0.597 0.431 0.210
 112: 0.246 0.497 0.680 0.878 1.065 1.234 1.380 1.500 1.592 1.655 1.686 1.686 1.655 1.592 1.500 1.380 1.234 1.065 0.878 0.680 0.497 0.246
 113: 0.260 0.482 0.643 0.830 1.007 1.167 1.305 1.419 1.506 1.565 1.595 1.595 1.565 1.506 1.419 1.305 1.167 1.007 0.830 0.643 0.482 0.260
 114: 0.332 0.683 0.948 1.230 1.495 1.733 1.938 2.107 2.237 2.325 2.369 2.369 2.325 2.237 2.107 1.938 1.733 1.495 1.230 0.948 0.683 0.332
 115: 0.409 0.846 1.179 1.533 1.863 2.160 2.416 2.627 2.789 2.898 2.954 2.954 2.898 2.789 2.627 2.416 2.160 1.863 1.533 1.179 0.846 0.409
 116: 0.456 0.957 1.334 1.733 2.107 2.443 2.733 2.971 3.154 3.278 3.341 3.341 3.278 3.154 2.971 2.733 2.443 2.107 1.733 1.334 0.957 0.456
 117: 0.486 0.991 1.361 1.762 2.140 2.481 2.775 3.017 3.203 3.329 3.393 3.393 3.329 3.203 3.017 2.775 2.481 2.140 1.762 1.361 0.991 0.486
 118: 0.534 1.105 1.525 1.974 2.398 2.779 3.109 3.380 3.588 3.729 3.800 3.800 3.729 3.588 3.380 3.109 2.779 2.398 1.974 1.525 1.105 0.534
 119: 0.516 1.065 1.478 1.918 2.330 2.701 3.022 3.286 3.488 3.625 3.694 3.694 3.625 3.488 3.286 3.022 2.701 2.330 1.918 1.478 1.065 0.516
 120: 0.425 0.875 1.215 1.577 1.916 2.221 2.485 2.702 2.868 2.981 3.038 3.038 2.981 2.868 2.702 2.485 2.221 1.916 1.577 1.215 0.875 0.425
 121: 0.323 0.599 0.800 1.031 1.252 1.451 1.622 1.764 1.873 1.946 1.983 1.983 1.946 1.873 1.764 1.622 1.451 1.252 1.031 0.800 0.599 0.323
 122: 0.295 0.597 0.816 1.053 1.277 1.480 1.655 1.799 1.910 1.985 2.023 2.023 1.985 1.910 1.799 1.655 1.480 1.277 1.053 0.816 0.597 0.295
 123: 0.250 0.514 0.712 0.922 1.119 1.297 1.450 1.577 1.673 1.739 1.772 1.772 1.739 1.673 1.577 1.450 1.297 1.119 0.922 0.712 0.514 0.250
 124: 0.179 0.374 0.522 0.678 0.824 0.955 1.068 1.162 1.233 1.281 1.306 1.306 1.281 1.233 1.162 1.068 0.955 0.824 0.678 0.522 0.374 0.179
 125: 0.102 0.216 0.302 0.392 0.477 0.552 0.618 0.672 0.713 0.741 0.755 0.755 0.741 0.713 0.672 0.618 0.552 0.477 0.392 0.302 0.216 0.102
 126: 0.035 0.089 0.130 0.170 0.207 0.240 0.269 0.292 0.310 0.322 0.328 0.328 0.322 0.310 0.292 0.269 0.240 0.207 0.170 0.130 0.089 0.035
 127: 0.054 0.142 0.210 0.274 0.333 0.386 0.432 0.469 0.498 0.518 0.527 0.527 0.518 0.498 0.469 0.432 0.386 0.333 0.274 0.210 0.142 0.054
 128: 0.147 0.341 0.475 0.616 0.747 0.866 0.969 1.053 1.118 1.162 1.184 1.184 1.162 1.118 1.053 0.969 0.866 0.747 0.616 0.475 0.341 0.147
 129: 0.213 0.437 0.603 0.780 0.948 1.098 1.228 1.335 1.417 1.473 1.501 1.501 1.473 1.417 1.335 1.228 1.098 0.948 0.780 0.603 0.437 0.213
 130: 0.267 0.542 0.746 0.966 1.174 1.360 1.521 1.653 1.755 1.824 1.859 1.859 1.824 1.755 1.653 1.521 1.360 1.174 0.966 0.746 0.542 0.267
 131: 0.300 0.616 0.855 1.109 1.348 1.562 1.747 1.899 2.016 2.095 2.135 2.135 2.095 2.016 1.899 1.747 1.562 1.348 1.109 0.855 0.616 0.300
 132: 0.345 0.812 1.175 1.530 1.860 2.156 2.412 2.622 2.784 2.893 2.948 2.948 2.893 2.784 2.622 2.412 2.156 1.860 1.530 1.175 0.812 0.345
 133: 0.413 0.849 1.175 1.524 1.852 2.147 2.402 2.611 2.772 2.881 2.936 2.936 2.881 2.772 2.611 2.402 2.147 1.852 1.524 1.175 0.849 0.413
 134: 0.500 1.017 1.403 1.817 2.208 2.559 2.862 3.112 3.304 3.434 3.499 3.499 3.434 3.304 3.112 2.862 2.559 2.208 1.817 1.403 1.017 0.500
 135: 0.560 1.156 1.593 2.061 2.503 2.901 3.245 3.528 3.745 3.892 3.967 3.967 3.892 3.745 3.528 3.245 2.901 2.503 2.061 1.593 1.156 0.560
 136: 0.593 1.301 1.783 2.301 2.793 3.236 3.619 3.935 4.178 4.342 4.425 4.425 4.342 4.178 3.935 3.619 3.236 2.793 2.301 1.783 1.301 0.593
 137: 0.537 1.111 1.532 1.983 2.408 2.791 3.122 3.395 3.604 3.745 3.817 3.817 3.745 3.604 3.395 3.122 2.791 2.408 1.983 1.532 1.111 0.537
 138: 0.470 0.957 1.320 1.711 2.079 2.410 2.696 2.931 3.112 3.234 3.296 3.296 3.234 3.112 2.931 2.696 2.410 2.079 1.711 1.320 0.957 0.470
 139: 0.393 0.793 1.086 1.404 1.705 1.975 2.209 2.402 2.550 2.650 2.701 2.701 2.650 2.550 2.402 2.209 1.975 1.705 1.404 1.086 0.793 0.393
 140: 0.336 0.728 0.990 1.275 1.546 1.790 2.002 2.177 2.311 2.401 2.447 2.447 2.401 2.311 2.177 2.002 1.790 1.546 1.275 0.990 0.728 0.336
 141: 0.257 0.523 0.714 0.921 1.118 1.295 1.448 1.574 1.671 1.736 1.769 1.769 1.736 1.671 1.574 1.448 1.295 1.118 0.921 0.714 0.523 0.257
 142: 0.192 0.390 0.538 0.696 0.845 0.979 1.095 1.190 1.264 1.313 1.338 1.338 1.313 1.264 1.190 1.095 0.979 0.845 0.696 0.538 0.390 0.192
 143: 0.122 0.259 0.362 0.470 0.571 0.662 0.740 0.804 0.854 0.887 0.904 0.904 0.887 0.854 0.804 0.740 0.662 0.571 0.470 0.362 0.259 0.122
 144: 0.043 0.111 0.164 0.214 0.261 0.302 0.338 0.368 0.390 0.405 0.413 0.413 0.405 0.390 0.368 0.338 0.302 0.261 0.214 0.164 0.111 0.043
 145: 0.052 0.135 0.200 0.261 0.318 0.368 0.412 0.448 0.475 0.494 0.504 0.504 0.494 0.475 0.448 0.412 0.368 0.318 0.261 0.200 0.135 0.052
 146: 0.138 0.300 0.419 0.543 0.660 0.765 0.856 0.930 0.988 1.026 1.046 1.046 1.026 0.988 0.930 0.856 0.765 0.660 0.543 0.419 0.300 0.138
 147: 0.206 0.418 0.572 0.739 0.897 1.040 1.163 1.264 1.342 1.395 1.421 1.421 1.395 1.342 1.264 1.163 1.040 0.897 0.739 0.572 0.418 0.206
 148: 0.281 0.579 0.797 1.031 1.252 1.450 1.622 1.763 1.872 1.945 1.982 1.982 1.945 1.872 1.763 1.622 1.450 1.252 1.031 0.797 0.579 0.281
 149: 0.334 0.688 0.954 1.237 1.502 1.741 1.947 2.117 2.247 2.335 2.380 2.380 2.335 2.247 2.117 1.947 1.741 1.502 1.237 0.954 0.688 0.334
 150: 0.361 0.740 1.024 1.327 1.611 1.867 2.089 2.271 2.410 2.505 2.553 2.553 2.505 2.410 2.271 2.089 1.867 1.611 1.327 1.024 0.740 0.361
 151: 0.394 0.731 0.975 1.256 1.525 1.767 1.976 2.149 2.281 2.370 2.416 2.416 2.370 2.281 2.149 1.976 1.767 1.525 1.256 0.975 0.731 0.394
 152: 0.515 1.045 1.433 1.851 2.247 2.603 2.912 3.166 3.361 3.493 3.560 3.560 3.493 3.361 3.166 2.912 2.603 2.247 1.851 1.433 1.045 0.515
 153: 0.595 1.222 1.689 2.187 2.656 3.078 3.442 3.743 3.973 4.129 4.208 4.208 4.129 3.973 3.743 3.442 3.078 2.656 2.187 1.689 1.222 0.595
 154: 0.587 1.212 1.671 2.163 2.627 3.044 3.405 3.702 3.930 4.085 4.163 4.163 4.085 3.930 3.702 3.405 3.044 2.627 2.163 1.671 1.212 0.587
 155: 0.514 1.049 1.441 1.866 2.267 2.627 2.939 3.196 3.393 3.526 3.593 3.593 3.526 3.393 3.196 2.939 2.627 2.267 1.866 1.441 1.049 0.514
 156: 0.471 0.987 1.377 1.788 2.174 2.520 2.819 3.065 3.254 3.382 3.446 3.446 3.382 3.254 3.065 2.819 2.520 2.174 1.788 1.377 0.987 0.471
 157: 0.420 0.866 1.202 1.559 1.894 2.195 2.455 2.669 2.833 2.944 3.000 3.000 2.944 2.833 2.669 2.455 2.195 1.894 1.559 1.202 0.866 0.420
 158: 0.338 0.685 0.938 1.211 1.470 1.703 1.904 2.070 2.197 2.284 2.327 2.327 2.284 2.197 2.070 1.904 1.703 1.470 1.211 0.938 0.685 0.338
 159: 0.242 0.445 0.590 0.758 0.920 1.065 1.191 1.295 1.374 1.428 1.455 1.455 1.428 1.374 1.295 1.191 1.065 0.920 0.758 0.590 0.445 0.242
 160: 0.195 0.395 0.539 0.695 0.843 0.977 1.092 1.187 1.260 1.310 1.334 1.334 1.310 1.260 1.187 1.092 0.977 0.843 0.695 0.539 0.395 0.195
 161: 0.133 0.284 0.398 0.517 0.628 0.727 0.813 0.884 0.938 0.975 0.993 0.993 0.975 0.938 0.884 0.813 0.727 0.628 0.517 0.398 0.284 0.133
 162: 0.048 0.124 0.184 0.241 0.293 0.340 0.380 0.413 0.439 0.456 0.465 0.465 0.456 0.439 0.413 0.380 0.340 0.293 0.241 0.184 0.124 0.048
 163: 0.052 0.135 0.201 0.263 0.320 0.371 0.415 0.452 0.479 0.498 0.508 0.508 0.498 0.479 0.452 0.415 0.371 0.320 0.263 0.201 0.135 0.052
 164: 0.141 0.302 0.424 0.552 0.671 0.778 0.870 0.946 1.004 1.044 1.064 1.064 1.044 1.004 0.946 0.870 0.778 0.671 0.552 0.424 0.302 0.141
 165: 0.216 0.448 0.618 0.800 0.971 1.126 1.259 1.369 1.453 1.510 1.539 1.539 1.510 1.453 1.369 1.259 1.126 0.971 0.800 0.618 0.448 0.216
 166: 0.283 0.616 0.841 1.084 1.315 1.523 1.704 1.852 1.966 2.044 2.082 2.082 2.044 1.966 1.852 1.704 1.523 1.315 1.084 0.841 0.616 0.283
 167: 0.321 0.649 0.888 1.147 1.393 1.613 1.804 1.962 2.082 2.164 2.206 2.206 2.164 2.082 1.962 1.804 1.613 1.393 1.147 0.888 0.649 0.321
 168: 0.379 0.765 1.051 1.360 1.652 1.914 2.141 2.327 2.471 2.568 2.617 2.617 2.568 2.471 2.327 2.141 1.914 1.652 1.360 1.051 0.765 0.379
 169: 0.446 0.906 1.239 1.600 1.942 2.250 2.517 2.737 2.905 3.019 3.077 3.077 3.019 2.905 2.737 2.517 2.250 1.942 1.600 1.239 0.906 0.446
 170: 0.540 1.176 1.607 2.072 2.513 2.911 3.256 3.540 3.758 3.906 3.980 3.980 3.906 3.758 3.540 3.256 2.911 2.513 2.072 1.607 1.176 0.540
 171: 0.571 1.176 1.622 2.098 2.548 2.953 3.303 3.592 3.813 3.963 4.038 4.038 3.963 3.813 3.592 3.303 2.953 2.548 2.098 1.622 1.176 0.571
 172: 0.576 1.179 1.631 2.116 2.572 2.982 3.336 3.627 3.851 4.002 4.078 4.078 4.002 3.851 3.627 3.336 2.982 2.572 2.116 1.631 1.179 0.576
 173: 0.527 1.106 1.545 2.008 2.442 2.831 3.168 3.444 3.656 3.800 3.873 3.873 3.800 3.656 3.444 3.168 2.831 2.442 2.008 1.545 1.106 0.527
 174: 0.452 1.072 1.558 2.032 2.472 2.866 3.207 3.487 3.702 3.847 3.920 3.920 3.847 3.702 3.487 3.207 2.866 2.472 2.032 1.558 1.072 0.452
 175: 0.386 0.794 1.102 1.430 1.737 2.013 2.252 2.448 2.599 2.701 2.753 2.753 2.701 2.599 2.448 2.252 2.013 1.737 1.430 1.102 0.794 0.386
 176: 0.336 0.679 0.932 1.205 1.463 1.694 1.895 2.060 2.187 2.272 2.316 2.316 2.272 2.187 2.060 1.895 1.694 1.463 1.205 0.932 0.679 0.336
 177: 0.271 0.545 0.745 0.961 1.166 1.351 1.510 1.642 1.742 1.811 1.845 1.845 1.811 1.742 1.642 1.510 1.351 1.166 0.961 0.745 0.545 0.271
 178: 0.214 0.465 0.635 0.817 0.991 1.147 1.283 1.394 1.480 1.538 1.567 1.567 1.538 1.480 1.394 1.283 1.147 0.991 0.817 0.635 0.465 0.214
 179: 0.132 0.287 0.400 0.517 0.628 0.727 0.813 0.884 0.938 0.975 0.994 0.994 0.975 0.938 0.884 0.813 0.727 0.628 0.517 0.400 0.287 0.132
 180: 0.046 0.118 0.175 0.228 0.278 0.322 0.360 0.391 0.415 0.431 0.439 0.439 0.431 0.415 0.391 0.360 0.322 0.278 0.228 0.175 0.118 0.046
 181: 0.048 0.126 0.188 0.247 0.301 0.349 0.390 0.424 0.450 0.468 0.477 0.477 0.468 0.450 0.424 0.390 0.349 0.301 0.247 0.188 0.126 0.048
 182: 0.136 0.299 0.425 0.554 0.674 0.781 0.874 0.950 1.009 1.048 1.068 1.068 1.048 1.009 0.950 0.874 0.781 0.674 0.554 0.425 0.299 0.136
 183: 0.211 0.436 0.605 0.785 0.954 1.105 1.236 1.344 1.427 1.483 1.511 1.511 1.483 1.427 1.344 1.236 1.105 0.954 0.785 0.605 0.436 0.211
 184: 0.253 0.513 0.702 0.906 1.100 1.275 1.426 1.550 1.645 1.710 1.743 1.743 1.710 1.645 1.550 1.426 1.275 1.100 0.906 0.702 0.513 0.253
 185: 0.273 0.508 0.677 0.873 1.060 1.228 1.374 1.494 1.586 1.648 1.679 1.679 1.648 1.586 1.494 1.374 1.228 1.060 0.873 0.677 0.508 0.273
 186: 0.360 0.740 1.025 1.329 1.615 1.871 2.093 2.276 2.416 2.511 2.558 2.558 2.511 2.416 2.276 2.093 1.871 1.615 1.329 1.025 0.740 0.360
 187: 0.452 0.930 1.289 1.671 2.030 2.352 2.630 2.860 3.036 3.155 3.215 3.215 3.155 3.036 2.860 2.630 2.352 2.030 1.671 1.289 0.930 0.452
 188: 0.504 1.040 1.433 1.854 2.251 2.608 2.917 3.172 3.367 3.500 3.566 3.566 3.500 3.367 3.172 2.917 2.608 2.251 1.854 1.433 1.040 0.504
 189: 0.508 1.037 1.425 1.845 2.242 2.598 2.907 3.160 3.355 3.487 3.553 3.553 3.487 3.355 3.160 2.907 2.598 2.242 1.845 1.425 1.037 0.508
 190: 0.535 1.123 1.568 2.039 2.480 2.876 3.217 3.498 3.714 3.860 3.934 3.934 3.860 3.714 3.498 3.217 2.876 2.480 2.039 1.568 1.123 0.535
 191: 0.522 1.085 1.515 1.972 2.398 2.781 3.111 3.383 3.591 3.732 3.804 3.804 3.732 3.591 3.383 3.111 2.781 2.398 1.972 1.515 1.085 0.522
 192: 0.442 0.911 1.266 1.644 1.999 2.317 2.592 2.818 2.992 3.109 3.169 3.169 3.109 2.992 2.818 2.592 2.317 1.999 1.644 1.266 0.911 0.442
 193: 0.346 0.642 0.858 1.106 1.343 1.556 1.740 1.892 2.009 2.088 2.127 2.127 2.088 2.009 1.892 1.740 1.556 1.343 1.106 0.858 0.642 0.346
 194: 0.325 0.656 0.896 1.155 1.401 1.623 1.815 1.973 2.094 2.177 2.218 2.218 2.177 2.094 1.973 1.815 1.623 1.401 1.155 0.896 0.656 0.325
 195: 0.283 0.579 0.798 1.031 1.251 1.449 1.620 1.761 1.869 1.942 1.979 1.979 1.942 1.869 1.761 1.620 1.449 1.251 1.031 0.798 0.579 0.283
 196: 0.211 0.434 0.598 0.773 0.937 1.085 1.213 1.319 1.400 1.455 1.483 1.483 1.455 1.400 1.319 1.213 1.085 0.937 0.773 0.598 0.434 0.211
 197: 0.123 0.259 0.359 0.464 0.563 0.653 0.730 0.793 0.842 0.875 0.891 0.891 0.875 0.842 0.793 0.730 0.653 0.563 0.464 0.359 0.259 0.123
 198: 0.042 0.107 0.157 0.204 0.248 0.288 0.322 0.350 0.371 0.386 0.393 0.393 0.386 0.371 0.350 0.322 0.288 0.248 0.204 0.157 0.107 0.042
 199: 0.040 0.103 0.156 0.206 0.251 0.291 0.325 0.354 0.376 0.390 0.398 0.398 0.390 0.376 0.354 0.325 0.291 0.251 0.206 0.156 0.103 0.040
 200: 0.116 0.286 0.422 0.551 0.671 0.779 0.871 0.947 1.006 1.045 1.065 1.065 1.045 1.006 0.947 0.871 0.779 0.671 0.551 0.422 0.286 0.116
 201: 0.188 0.395 0.551 0.715 0.869 1.008 1.127 1.226 1.301 1.352 1.378 1.378 1.352 1.301 1.226 1.127 1.008 0.869 0.715 0.551 0.395 0.188
 202: 0.242 0.491 0.676 0.875 1.063 1.232 1.378 1.499 1.591 1.653 1.685 1.685 1.653 1.591 1.499 1.378 1.232 1.063 0.875 0.676 0.491 0.242
 203: 0.275 0.564 0.782 1.014 1.233 1.428 1.598 1.737 1.844 1.916 1.953 1.953 1.916 1.844 1.737 1.598 1.428 1.233 1.014 0.782 0.564 0.275
 204: 0.325 0.766 1.108 1.442 1.754 2.032 2.273 2.472 2.624 2.727 2.779 2.779 2.727 2.624 2.472 2.273 2.032 1.754 1.442 1.108 0.766 0.325
 205: 0.395 0.811 1.124 1.458 1.771 2.052 2.296 2.496 2.649 2.754 2.806 2.806 2.754 2.649 2.496 2.296 2.052 1.771 1.458 1.124 0.811 0.395
 206: 0.466 0.948 1.308 1.695 2.060 2.387 2.670 2.903 3.082 3.203 3.264 3.264 3.203 3.082 2.903 2.670 2.387 2.060 1.695 1.308 0.948 0.466
 207: 0.492 1.031 1.441 1.872 2.277 2.639 2.952 3.210 3.408 3.542 3.610 3.610 3.542 3.408 3.210 2.952 2.639 2.277 1.872 1.441 1.031 0.492
 208: 0.490 1.169 1.703 2.222 2.704 3.136 3.508 3.815 4.050 4.209 4.289 4.289 4.209 4.050 3.815 3.508 3.136 2.704 2.222 1.703 1.169 0.490
 209: 0.478 1.003 1.402 1.824 2.218 2.572 2.877 3.128 3.321 3.451 3.517 3.517 3.451 3.321 3.128 2.877 2.572 2.218 1.824 1.402 1.003 0.478
 210: 0.442 0.900 1.241 1.609 1.954 2.265 2.534 2.755 2.925 3.039 3.097 3.097 3.039 2.925 2.755 2.534 2.265 1.954 1.609 1.241 0.900 0.442
 211: 0.378 0.762 1.042 1.346 1.634 1.892 2.116 2.301 2.442 2.538 2.586 2.586 2.538 2.442 2.301 2.116 1.892 1.634 1.346 1.042 0.762 0.378
 212: 0.331 0.716 0.973 1.252 1.517 1.757 1.964 2.135 2.267 2.355 2.400 2.400 2.355 2.267 2.135 1.964 1.757 1.517 1.252 0.973 0.716 0.331
 213: 0.259 0.526 0.718 0.926 1.123 1.300 1.454 1.580 1.677 1.743 1.776 1.776 1.743 1.677 1.580 1.454 1.300 1.123 0.926 0.718 0.526 0.259
 214: 0.195 0.396 0.546 0.706 0.857 0.992 1.109 1.206 1.280 1.330 1.355 1.355 1.330 1.280 1.206 1.109 0.992 0.857 0.706 0.546 0.396 0.195
 215: 0.124 0.262 0.365 0.474 0.576 0.667 0.745 0.810 0.860 0.894 0.911 0.911 0.894 0.860 0.810 0.745 0.667 0.576 0.474 0.365 0.262 0.124
 216: 0.044 0.112 0.165 0.215 0.262 0.304 0.340 0.369 0.392 0.407 0.415 0.415 0.407 0.392 0.369 0.340 0.304 0.262 0.215 0.165 0.112 0.044
 217: 0.037 0.095 0.142 0.186 0.227 0.263 0.294 0.320 0.339 0.353 0.359 0.359 0.353 0.339 0.320 0.294 0.263 0.227 0.186 0.142 0.095 0.037
 218: 0.101 0.222 0.313 0.409 0.497 0.576 0.645 0.701 0.744 0.773 0.788 0.788 0.773 0.744 0.701 0.645 0.576 0.497 0.409 0.313 0.222 0.101
 219: 0.161 0.329 0.451 0.584 0.710 0.823 0.921 1.001 1.063 1.104 1.125 1.125 1.104 1.063 1.001 0.921 0.823 0.710 0.584 0.451 0.329 0.161
 220: 0.225 0.464 0.639 0.827 1.004 1.164 1.301 1.415 1.502 1.561 1.591 1.591 1.561 1.502 1.415 1.301 1.164 1.004 0.827 0.639 0.464 0.225
 221: 0.270 0.556 0.772 1.002 1.217 1.410 1.577 1.715 1.820 1.892 1.928 1.928 1.892 1.820 1.715 1.577 1.410 1.217 1.002 0.772 0.556 0.270
 222: 0.294 0.603 0.835 1.082 1.314 1.523 1.703 1.852 1.966 2.043 2.082 2.082 2.043 1.966 1.852 1.703 1.523 1.314 1.082 0.835 0.603 0.294
 223: 0.323 0.600 0.800 1.032 1.252 1.451 1.623 1.764 1.873 1.946 1.983 1.983 1.946 1.873 1.764 1.623 1.451 1.252 1.032 0.800 0.600 0.323
 224: 0.419 0.849 1.164 1.505 1.828 2.118 2.369 2.576 2.735 2.842 2.896 2.896 2.842 2.735 2.576 2.369 2.118 1.828 1.505 1.164 0.849 0.419
 225: 0.473 0.978 1.359 1.765 2.145 2.486 2.781 3.024 3.210 3.336 3.399 3.399 3.336 3.210 3.024 2.781 2.486 2.145 1.765 1.359 0.978 0.473
 226: 0.461 0.966 1.351 1.756 2.135 2.475 2.769 3.011 3.196 3.322 3.385 3.385 3.322 3.196 3.011 2.769 2.475 2.135 1.756 1.351 0.966 0.461
 227: 0.426 0.869 1.194 1.547 1.879 2.178 2.436 2.649 2.812 2.922 2.978 2.978 2.922 2.812 2.649 2.436 2.178 1.879 1.547 1.194 0.869 0.426
 228: 0.418 0.860 1.184 1.531 1.859 2.154 2.409 2.619 2.780 2.889 2.944 2.944 2.889 2.780 2.619 2.409 2.154 1.859 1.531 1.184 0.860 0.418
 229: 0.378 0.773 1.066 1.379 1.674 1.939 2.168 2.357 2.502 2.600 2.649 2.649 2.600 2.502 2.357 2.168 1.939 1.674 1.379 1.066 0.773 0.378
 230: 0.301 0.610 0.834 1.076 1.305 1.511 1.689 1.836 1.949 2.025 2.064 2.064 2.025 1.949 1.836 1.689 1.511 1.305 1.076 0.834 0.610 0.301
 231: 0.213 0.393 0.520 0.668 0.810 0.938 1.048 1.139 1.209 1.257 1.281 1.281 1.257 1.209 1.139 1.048 0.938 0.810 0.668 0.520 0.393 0.213
 232: 0.172 0.346 0.472 0.609 0.739 0.855 0.956 1.039 1.103 1.146 1.168 1.168 1.146 1.103 1.039 0.956 0.855 0.739 0.609 0.472 0.346 0.172
 233: 0.117 0.250 0.350 0.455 0.552 0.640 0.715 0.777 0.825 0.857 0.874 0.874 0.857 0.825 0.777 0.715 0.640 0.552 0.455 0.350 0.250 0.117
 234: 0.043 0.110 0.163 0.213 0.259 0.300 0.335 0.365 0.387 0.402 0.410 0.410 0.402 0.387 0.365 0.335 0.300 0.259 0.213 0.163 0.110 0.043
 235: 0.035 0.091 0.135 0.177 0.216 0.250 0.280 0.304 0.323 0.336 0.342 0.342 0.336 0.323 0.304 0.280 0.250 0.216 0.177 0.135 0.091 0.035
 236: 0.096 0.205 0.288 0.375 0.455 0.528 0.591 0.642 0.682 0.709 0.722 0.722 0.709 0.682 0.642 0.591 0.528 0.455 0.375 0.288 0.205 0.096
 237: 0.149 0.310 0.428 0.553 0.672 0.778 0.870 0.946 1.005 1.044 1.064 1.064 1.044 1.005 0.946 0.870 0.778 0.672 0.553 0.428 0.310 0.149
 238: 0.200 0.436 0.596 0.768 0.932 1.079 1.207 1.312 1.393 1.448 1.475 1.475 1.448 1.393 1.312 1.207 1.079 0.932 0.768 0.596 0.436 0.200
 239: 0.230 0.465 0.638 0.824 1.000 1.159 1.296 1.409 1.496 1.555 1.584 1.584 1.555 1.496 1.409 1.296 1.159 1.000 0.824 0.638 0.465 0.230
 240: 0.270 0.545 0.749 0.969 1.177 1.364 1.525 1.658 1.760 1.830 1.864 1.864 1.830 1.760 1.658 1.525 1.364 1.177 0.969 0.749 0.545 0.270
 241: 0.317 0.643 0.879 1.135 1.378 1.596 1.785 1.941 2.060 2.141 2.182 2.182 2.141 2.060 1.941 1.785 1.596 1.378 1.135 0.879 0.643 0.317
 242: 0.388 0.846 1.155 1.489 1.806 2.093 2.340 2.545 2.701 2.807 2.861 2.861 2.807 2.701 2.545 2.340 2.093 1.806 1.489 1.155 0.846 0.388
 243: 0.416 0.857 1.181 1.528 1.856 2.151 2.406 2.616 2.777 2.886 2.941 2.941 2.886 2.777 2.616 2.406 2.151 1.856 1.528 1.181 0.857 0.416
 244: 0.425 0.869 1.201 1.558 1.893 2.193 2.453 2.667 2.832 2.943 2.999 2.999 2.943 2.832 2.667 2.453 2.193 1.893 1.558 1.201 0.869 0.425
 245: 0.407 0.839 1.155 1.494 1.815 2.103 2.352 2.557 2.714 2.820 2.874 2.874 2.820 2.714 2.557 2.352 2.103 1.815 1.494 1.155 0.839 0.407
 246: 0.385 0.839 1.146 1.477 1.791 2.074 2.320 2.522 2.677 2.782 2.835 2.835 2.782 2.677 2.522 2.320 2.074 1.791 1.477 1.146 0.839 0.385
 247: 0.320 0.651 0.890 1.149 1.394 1.614 1.804 1.962 2.082 2.164 2.205 2.205 2.164 2.082 1.962 1.804 1.614 1.394 1.149 0.890 0.651 0.320
 248: 0.264 0.532 0.729 0.942 1.143 1.323 1.480 1.608 1.707 1.774 1.808 1.808 1.774 1.707 1.608 1.480 1.323 1.143 0.942 0.729 0.532 0.264
 249: 0.206 0.413 0.564 0.727 0.882 1.021 1.141 1.240 1.316 1.368 1.394 1.394 1.368 1.316 1.240 1.141 1.021 0.882 0.727 0.564 0.413 0.206
 250: 0.161 0.350 0.478 0.615 0.745 0.863 0.965 1.049 1.113 1.157 1.179 1.179 1.157 1.113 1.049 0.965 0.863 0.745 0.615 0.478 0.350 0.161
 251: 0.101 0.219 0.305 0.394 0.479 0.554 0.620 0.674 0.715 0.743 0.757 0.757 0.743 0.715 0.674 0.620 0.554 0.479 0.394 0.305 0.219 0.101
 252: 0.036 0.091 0.135 0.176 0.214 0.248 0.277 0.301 0.319 0.332 0.338 0.338 0.332 0.319 0.301 0.277 0.248 0.214 0.176 0.135 0.091 0.036
 253: 0.031 0.079 0.117 0.153 0.187 0.216 0.242 0.263 0.279 0.290 0.296 0.296 0.290 0.279 0.263 0.242 0.216 0.187 0.153 0.117 0.079 0.031
 254: 0.084 0.181 0.254 0.330 0.401 0.464 0.520 0.565 0.600 0.623 0.635 0.635 0.623 0.600 0.565 0.520 0.464 0.401 0.330 0.254 0.181 0.084
 255: 0.127 0.260 0.360 0.466 0.566 0.656 0.734 0.798 0.847 0.880 0.897 0.897 0.880 0.847 0.798 0.734 0.656 0.566 0.466 0.360 0.260 0.127
 256: 0.151 0.308 0.421 0.543 0.659 0.764 0.854 0.928 0.986 1.024 1.044 1.044 1.024 0.986 0.928 0.854 0.764 0.659 0.543 0.421 0.308 0.151
 257: 0.165 0.306 0.408 0.526 0.639 0.740 0.828 0.900 0.956 0.993 1.012 1.012 0.993 0.956 0.900 0.828 0.740 0.639 0.526 0.408 0.306 0.165
 258: 0.220 0.453 0.627 0.813 0.988 1.144 1.280 1.391 1.477 1.535 1.564 1.564 1.535 1.477 1.391 1.280 1.144 0.988 0.813 0.627 0.453 0.220
 259: 0.279 0.573 0.794 1.029 1.250 1.448 1.620 1.761 1.869 1.943 1.980 1.980 1.943 1.869 1.761 1.620 1.448 1.250 1.029 0.794 0.573 0.279
 260: 0.314 0.651 0.896 1.158 1.405 1.628 1.821 1.980 2.102 2.184 2.226 2.226 2.184 2.102 1.980 1.821 1.628 1.405 1.158 0.896 0.651 0.314
 261: 0.327 0.662 0.904 1.167 1.417 1.642 1.836 1.996 2.119 2.203 2.245 2.245 2.203 2.119 1.996 1.836 1.642 1.417 1.167 0.904 0.662 0.327
 262: 0.356 0.731 1.008 1.304 1.583 1.834 2.051 2.230 2.368 2.460 2.507 2.507 2.460 2.368 2.230 2.051 1.834 1.583 1.304 1.008 0.731 0.356
 263: 0.354 0.727 1.004 1.300 1.578 1.828 2.044 2.222 2.359 2.452 2.498 2.498 2.452 2.359 2.222 2.044 1.828 1.578 1.300 1.004 0.727 0.354
 264: 0.306 0.623 0.853 1.101 1.335 1.547 1.729 1.880 1.996 2.074 2.113 2.113 2.074 1.996 1.880 1.729 1.547 1.335 1.101 0.853 0.623 0.306
 265: 0.234 0.432 0.573 0.736 0.892 1.033 1.155 1.255 1.332 1.385 1.411 1.411 1.385 1.332 1.255 1.155 1.033 0.892 0.736 0.573 0.432 0.234
 266: 0.212 0.426 0.580 0.748 0.907 1.050 1.174 1.276 1.354 1.407 1.434 1.434 1.407 1.354 1.276 1.174 1.050 0.907 0.748 0.580 0.426 0.212
 267: 0.182 0.371 0.512 0.661 0.802 0.929 1.038 1.128 1.197 1.244 1.268 1.268 1.244 1.197 1.128 1.038 0.929 0.802 0.661 0.512 0.371 0.182
 268: 0.134 0.278 0.382 0.494 0.599 0.694 0.776 0.843 0.895 0.930 0.948 0.948 0.930 0.895 0.843 0.776 0.694 0.599 0.494 0.382 0.278 0.134
 269: 0.078 0.165 0.227 0.294 0.357 0.414 0.462 0.503 0.533 0.554 0.565 0.565 0.554 0.533 0.503 0.462 0.414 0.357 0.294 0.227 0.165 0.078
 270: 0.027 0.067 0.099 0.129 0.156 0.181 0.203 0.220 0.234 0.243 0.248 0.248 0.243 0.234 0.220 0.203 0.181 0.156 0.129 0.099 0.067 0.027
 271: 0.023 0.061 0.090 0.118 0.143 0.166 0.186 0.202 0.214 0.223 0.227 0.227 0.223 0.214 0.202 0.186 0.166 0.143 0.118 0.090 0.061 0.023
 272: 0.064 0.148 0.206 0.267 0.324 0.376 0.420 0.457 0.485 0.504 0.514 0.514 0.504 0.485 0.457 0.420 0.376 0.324 0.267 0.206 0.148 0.064
 273: 0.092 0.189 0.261 0.338 0.410 0.476 0.532 0.578 0.614 0.638 0.650 0.650 0.638 0.614 0.578 0.532 0.476 0.410 0.338 0.261 0.189 0.092
 274: 0.112 0.228 0.313 0.406 0.493 0.572 0.639 0.695 0.738 0.767 0.782 0.782 0.767 0.738 0.695 0.639 0.572 0.493 0.406 0.313 0.228 0.112
 275: 0.126 0.258 0.358 0.464 0.564 0.654 0.732 0.795 0.844 0.878 0.894 0.894 0.878 0.844 0.795 0.732 0.654 0.564 0.464 0.358 0.258 0.126
 276: 0.156 0.367 0.532 0.694 0.844 0.978 1.094 1.189 1.262 1.312 1.337 1.337 1.312 1.262 1.189 1.094 0.978 0.844 0.694 0.532 0.367 0.156
 277: 0.197 0.407 0.565 0.733 0.891 1.033 1.155 1.256 1.333 1.385 1.412 1.412 1.385 1.333 1.256 1.155 1.033 0.891 0.733 0.565 0.407 0.197
 278: 0.234 0.477 0.659 0.854 1.037 1.202 1.344 1.461 1.551 1.612 1.643 1.643 1.612 1.551 1.461 1.344 1.202 1.037 0.854 0.659 0.477 0.234
 279: 0.257 0.532 0.733 0.949 1.152 1.335 1.493 1.623 1.723 1.790 1.824 1.824 1.790 1.723 1.623 1.493 1.335 1.152 0.949 0.733 0.532 0.257
 280: 0.280 0.615 0.843 1.087 1.319 1.528 1.709 1.858 1.972 2.049 2.088 2.088 2.049 1.972 1.858 1.709 1.528 1.319 1.087 0.843 0.615 0.280
 281: 0.264 0.545 0.752 0.973 1.181 1.368 1.530 1.663 1.765 1.834 1.869 1.869 1.834 1.765 1.663 1.530 1.368 1.181 0.973 0.752 0.545 0.264
 282: 0.232 0.471 0.649 0.840 1.020 1.181 1.321 1.436 1.524 1.584 1.614 1.614 1.584 1.524 1.436 1.321 1.181 1.020 0.840 0.649 0.471 0.232
 283: 0.191 0.384 0.524 0.676 0.820 0.950 1.062 1.154 1.225 1.273 1.297 1.297 1.273 1.225 1.154 1.062 0.950 0.820 0.676 0.524 0.384 0.191
 284: 0.167 0.361 0.491 0.632 0.765 0.886 0.991 1.077 1.143 1.187 1.210 1.210 1.187 1.143 1.077 0.991 0.886 0.765 0.632 0.491 0.361 0.167
 285: 0.132 0.270 0.370 0.478 0.579 0.671 0.750 0.815 0.865 0.899 0.916 0.916 0.899 0.865 0.815 0.750 0.671 0.579 0.478 0.370 0.270 0.132
 286: 0.099 0.201 0.278 0.359 0.436 0.505 0.565 0.614 0.651 0.677 0.690 0.690 0.677 0.651 0.614 0.565 0.505 0.436 0.359 0.278 0.201 0.099
 287: 0.061 0.129 0.179 0.233 0.283 0.328 0.366 0.398 0.423 0.439 0.448 0.448 0.439 0.423 0.398 0.366 0.328 0.283 0.233 0.179 0.129 0.061
 288: 0.021 0.054 0.079 0.103 0.126 0.146 0.163 0.177 0.188 0.195 0.199 0.199 0.195 0.188 0.177 0.163 0.146 0.126 0.103 0.079 0.054 0.021
 289: 0.013 0.034 0.051 0.067 0.081 0.094 0.105 0.114 0.122 0.126 0.129 0.129 0.126 0.122 0.114 0.105 0.094 0.081 0.067 0.051 0.034 0.013
 290: 0.035 0.080 0.113 0.147 0.178 0.207 0.231 0.251 0.267 0.277 0.283 0.283 0.277 0.267 0.251 0.231 0.207 0.178 0.147 0.113 0.080 0.035
 291: 0.052 0.110 0.153 0.198 0.241 0.279 0.312 0.339 0.360 0.374 0.382 0.382 0.374 0.360 0.339 0.312 0.279 0.241 0.198 0.153 0.110 0.052
 292: 0.071 0.150 0.210 0.273 0.332 0.385 0.431 0.469 0.498 0.517 0.527 0.527 0.517 0.498 0.469 0.431 0.385 0.332 0.273 0.210 0.150 0.071
 293: 0.083 0.179 0.252 0.329 0.400 0.463 0.518 0.564 0.598 0.622 0.634 0.634 0.622 0.598 0.564 0.518 0.463 0.400 0.329 0.252 0.179 0.083
 294: 0.090 0.193 0.272 0.354 0.431 0.500 0.559 0.608 0.645 0.671 0.684 0.684 0.671 0.645 0.608 0.559 0.500 0.431 0.354 0.272 0.193 0.090
 295: 0.105 0.203 0.275 0.356 0.432 0.501 0.560 0.609 0.647 0.672 0.685 0.685 0.672 0.647 0.609 0.560 0.501 0.432 0.356 0.275 0.203 0.105
 296: 0.143 0.297 0.414 0.537 0.653 0.756 0.846 0.920 0.976 1.015 1.034 1.034 1.015 0.976 0.920 0.846 0.756 0.653 0.537 0.414 0.297 0.143
 297: 0.168 0.361 0.505 0.656 0.797 0.924 1.034 1.124 1.193 1.240 1.263 1.263 1.240 1.193 1.124 1.034 0.924 0.797 0.656 0.505 0.361 0.168
 298: 0.169 0.369 0.514 0.666 0.809 0.938 1.049 1.140 1.210 1.258 1.282 1.282 1.258 1.210 1.140 1.049 0.938 0.809 0.666 0.514 0.369 0.169
 299: 0.153 0.323 0.447 0.579 0.703 0.814 0.911 0.990 1.051 1.092 1.113 1.113 1.092 1.051 0.990 0.911 0.814 0.703 0.579 0.447 0.323 0.153
 300: 0.146 0.309 0.431 0.560 0.680 0.788 0.881 0.958 1.017 1.057 1.077 1.077 1.057 1.017 0.958 0.881 0.788 0.680 0.560 0.431 0.309 0.146
 301: 0.130 0.277 0.388 0.504 0.612 0.709 0.793 0.862 0.915 0.951 0.969 0.969 0.951 0.915 0.862 0.793 0.709 0.612 0.504 0.388 0.277 0.130
 302: 0.103 0.219 0.304 0.392 0.476 0.551 0.616 0.670 0.711 0.739 0.753 0.753 0.739 0.711 0.670 0.616 0.551 0.476 0.392 0.304 0.219 0.103
 303: 0.072 0.138 0.186 0.239 0.290 0.336 0.376 0.408 0.434 0.451 0.459 0.459 0.451 0.434 0.408 0.376 0.336 0.290 0.239 0.186 0.138 0.072
 304: 0.058 0.119 0.165 0.214 0.259 0.300 0.336 0.365 0.388 0.403 0.410 0.410 0.403 0.388 0.365 0.336 0.300 0.259 0.214 0.165 0.119 0.058
 305: 0.039 0.086 0.122 0.159 0.193 0.224 0.251 0.273 0.289 0.301 0.306 0.306 0.301 0.289 0.273 0.251 0.224 0.193 0.159 0.122 0.086 0.039
 306: 0.014 0.037 0.055 0.071 0.087 0.101 0.113 0.123 0.130 0.135 0.138 0.138 0.135 0.130 0.123 0.113 0.101 0.087 0.071 0.055 0.037 0.014
 307: 0.004 0.011 0.017 0.022 0.027 0.031 0.035 0.038 0.040 0.041 0.042 0.042 0.041 0.040 0.038 0.035 0.031 0.027 0.022 0.017 0.011 0.004
 308: 0.011 0.029 0.043 0.057 0.069 0.080 0.089 0.097 0.103 0.107 0.109 0.109 0.107 0.103 0.097 0.089 0.080 0.069 0.057 0.043 0.029 0.011
 309: 0.018 0.045 0.066 0.086 0.104 0.121 0.135 0.147 0.156 0.162 0.166 0.166 0.162 0.156 0.147 0.135 0.121 0.104 0.086 0.066 0.045 0.018
 310: 0.025 0.064 0.095 0.125 0.152 0.176 0.197 0.214 0.227 0.236 0.241 0.241 0.236 0.227 0.214 0.197 0.176 0.152 0.125 0.095 0.064 0.025
 311: 0.030 0.078 0.115 0.151 0.184 0.214 0.239 0.260 0.276 0.287 0.292 0.292 0.287 0.276 0.260 0.239 0.214 0.184 0.151 0.115 0.078 0.030
 312: 0.032 0.081 0.118 0.155 0.188 0.218 0.244 0.265 0.282 0.293 0.298 0.298 0.293 0.282 0.265 0.244 0.218 0.188 0.155 0.118 0.081 0.032
 313: 0.036 0.088 0.127 0.165 0.201 0.233 0.261 0.283 0.301 0.313 0.318 0.318 0.313 0.301 0.283 0.261 0.233 0.201 0.165 0.127 0.088 0.036
 314: 0.050 0.126 0.186 0.243 0.296 0.343 0.383 0.417 0.442 0.460 0.469 0.469 0.460 0.442 0.417 0.383 0.343 0.296 0.243 0.186 0.126 0.050
 315: 0.060 0.155 0.230 0.300 0.365 0.423 0.473 0.515 0.546 0.568 0.579 0.579 0.568 0.546 0.515 0.473 0.423 0.365 0.300 0.230 0.155 0.060
 316: 0.059 0.150 0.222 0.290 0.353 0.409 0.457 0.497 0.528 0.548 0.559 0.559 0.548 0.528 0.497 0.457 0.409 0.353 0.290 0.222 0.150 0.059
 317: 0.052 0.132 0.194 0.253 0.307 0.356 0.398 0.433 0.460 0.478 0.487 0.487 0.478 0.460 0.433 0.398 0.356 0.307 0.253 0.194 0.132 0.052
 318: 0.052 0.131 0.194 0.253 0.308 0.357 0.399 0.434 0.461 0.479 0.488 0.488 0.479 0.461 0.434 0.399 0.357 0.308 0.253 0.194 0.131 0.052
 319: 0.047 0.122 0.180 0.235 0.286 0.332 0.371 0.403 0.428 0.445 0.453 0.453 0.445 0.428 0.403 0.371 0.332 0.286 0.235 0.180 0.122 0.047
 320: 0.036 0.091 0.135 0.176 0.213 0.247 0.277 0.301 0.319 0.332 0.338 0.338 0.332 0.319 0.301 0.277 0.247 0.213 0.176 0.135 0.091 0.036
 321: 0.025 0.060 0.086 0.112 0.136 0.158 0.177 0.192 0.204 0.212 0.216 0.216 0.212 0.204 0.192 0.177 0.158 0.136 0.112 0.086 0.060 0.025
 322: 0.020 0.049 0.072 0.093 0.114 0.132 0.147 0.160 0.170 0.177 0.180 0.180 0.177 0.170 0.160 0.147 0.132 0.114 0.093 0.072 0.049 0.020
 323: 0.014 0.036 0.053 0.069 0.085 0.098 0.110 0.119 0.126 0.131 0.134 0.134 0.131 0.126 0.119 0.110 0.098 0.085 0.069 0.053 0.036 0.014
 324: 0.005 0.013 0.020 0.026 0.032 0.037 0.041 0.045 0.048 0.050 0.051 0.051 0.050 0.048 0.045 0.041 0.037 0.032 0.026 0.020 0.013 0.005
