 *****          file of input data set *******
:poly
@:vvod
 &vvod
 iout(84)=1,  @print s0@
@@@@@@@@@@@ 2 cells  @@@@@@@@@@@@@@@@@@@@@@2
@ iout(110)=1,
@ iout(10)=5,
@  iout(12)=2,2,
@@@@@@
 @ 1 gd,uo2 cell@ rcel(1,1)=0.1,0.2,0.25,0.386,0.455,0.6955,
                    ncelsos(1,1)=6,6,6,6,4,5,
 @ 2,3  uo2,h2o cell  @ rcel(1,2)=0.368,0.455,0.6955,
                 ncelsos(1,2)=2,4,5,
@ ------------------------------------------------------------------------------
 t=        1.00000e+03, 1.00000e+03, 1.0000e+03,1.0000e+03, 0.57900e+03,  1.00000e+03,
 troiz=
 @ izotop   / 1 gd3%       2  uo24,4%   3  uo2vver  4  cover     5   h2o      6 gd3%gom
 @ *h*   @   0.00000e+00, 0.00000e+00, 0.00000e+00, 0.00000e+00, 0.47500e-01,0.00000e+00,
 @ *o*   @   0.00000e+00, 0.00000e+00, 0.00000e+00, 0.00000e+00, 0.23700e-01,0.00000e+00,
 @ zr    @   0.00000e+00, 0.00000e+00, 0.00000e+00, 0.39860e-01, 0.00000e+00,0.00000e+00,
 @ fe    @   0.00000e+00, 0.00000e+00, 0.00000e+00, 0.30700e-02, 0.30400e-02,0.00000e+00,
 @ nb    @   0.00000e+00, 0.00000e+00, 0.00000e+00, 0.39500e-03, 0.00000e+00,0.00000e+00,
 @ hf    @   0.00000e+00, 0.00000e+00, 0.00000e+00, 0.61500e-05, 0.00000e+00,0.00000e+00,
 @ ni    @   0.00000e+00, 0.00000e+00, 0.00000e+00, 0.43700e-03, 0.00000e+00,0.00000e+00,
 @ cr    @   0.00000e+00, 0.00000e+00, 0.00000e+00, 0.90200e-03, 0.00000e+00,0.00000e+00,
 @ u235  @   0.00000e+00, 0.11500e-02, 0.88910e-03, 0.00000e+00, 0.00000e+00,0.11000e-02,
 @ u238  @   0.00000e+00, 0.22500e-01, 0.19300e-01, 0.00000e+00, 0.00000e+00,0.24000e-01,
 @ o     @   0.73000e-01, 0.50000e-01, 0.40000e-01, 0.00000e+00, 0.00000e+00,0.48000e-01,
 @ gd54  @   0.51000e-03, 0.00000e+00, 0.00000e+00, 0.00000e+00, 0.00000e+00,0.21000e-04,
 @ gd55  @   0.36100e-02, 0.00000e+00, 0.00000e+00, 0.00000e+00, 0.00000e+00,0.15000e-03,
 @ gd56  @   0.50260e-02, 0.00000e+00, 0.00000e+00, 0.00000e+00, 0.00000e+00,0.21000e-03,
 @ gd57  @   0.38300e-02, 0.00000e+00, 0.00000e+00, 0.00000e+00, 0.00000e+00,0.16000e-03,
 ntcell=1,2,2,
 krat= 2.,12.,41.,
@ nr=3 gom
 alout=
       .0,1.,0.,
       .167,0.333,0.5,
       .0,0.146,0.854,
 material(1)='chmc',
@@@@@@@@@@@@@@@@@@@@@@@
 &end
*h*
*o*
zr
fe
nb
hf
ni
cr
u235
u238
o
gd54
gd55
gd56
gd57
****
@:corr
 &vvod &end
:fier
 &vvod &end
@:stop
@:macr
 &vvod et=20.0e+6,1.,1.,0.,
  nbv=4*1,
 &end
:macr
 &vvod
@   et=20.0e+6,1.,1.,0.,
   et=20.0e+6,0.,
@  nbv=1,2,3,4,5,6,7,8,9,10,11,12,13,14,15,16,17,18,19,20,21,22,23,24,25,26,
  nbv=1,2,3,4,5,6,7,8,9,10,11,12,
 &end
@:micr
 &vvod
@   et=20.0e+6,1.,1.,0.,
   et=20.0e+6,0.,
  nbv=1,2,3,4,5,6,7,8,9,10,11,12,13,14,
 &end
:burn
 &vvod qv=111.,dtim=5.,
 &end
:fier
 &vvod &end
:macr
 &vvod
@   et=20.0e+6,1.,1.,0.,
   et=20.0e+6,0.,
@  nbv=1,2,3,4,5,6,7,8,9,10,11,12,13,14,15,16,17,18,19,20,21,22,23,24,25,26,
  nbv=1,2,3,4,5,6,7,8,9,10,11,12,
 &end
@:micro
 &vvod et=20.e+8,0.,nbv(3)=1,nbv(10)=2,nbv(17)=3,
     izotprnt=100*0,izotprnt(12)=1,izotprnt(13)=1,
                 izotprnt(14)=1,izotprnt(15)=1,&end
@:micro
 &vvod et=20.e+8,0.,
                    nbv(7)=1,nbv(14)=2,nbv(21)=3,nbv(24)=4,
  izotprnt=100*0,izotprnt(9)=1,&end
@:corr
 &vvod &end
:stop
:burn
 &vvod qv=111.,dtim=30.,
 &end
:fier
 &vvod &end
:macr
 &vvod
@   et=20.0e+6,1.,1.,0.,
   et=20.0e+6,0.,
  nbv=1,2,3,4,5,6,7,8,9,10,11,12,13,14,15,16,17,18,19,20,21,22,23,24,25,26,
 &end
:macr
 &vvod
   et=20.0e+6,2.15,2.15,0.,
@   et=20.0e+6,0.,
  nbv=1,2,3,4,5,6,7,8,9,10,11,12,13,14,15,16,17,18,19,20,21,22,23,24,25,26,
 &end
:micro
 &vvod et=20.e+8,0.,nbv(3)=1,nbv(10)=2,nbv(17)=3,
     izotprnt=100*0,izotprnt(12)=1,izotprnt(13)=1,
                 izotprnt(14)=1,izotprnt(15)=1,&end
:micro
 &vvod et=20.e+8,0.,
                    nbv(7)=1,nbv(14)=2,nbv(21)=3,nbv(24)=4,
  izotprnt=100*0,izotprnt(9)=1,&end
:burn
 &vvod qv=111.,dtim=50.,
 &end
:fier
 &vvod &end
:macr
 &vvod
@   et=20.0e+6,1.,1.,0.,
   et=20.0e+6,0.,
  nbv=1,2,3,4,5,6,7,8,9,10,11,12,13,14,15,16,17,18,19,20,21,22,23,24,25,26,
 &end
:micro
 &vvod et=20.e+8,0.,nbv(3)=1,nbv(10)=2,nbv(17)=3,
     izotprnt=100*0,izotprnt(12)=1,izotprnt(13)=1,
                 izotprnt(14)=1,izotprnt(15)=1,&end
:micro
 &vvod et=20.e+8,0.,
                    nbv(7)=1,nbv(14)=2,nbv(21)=3,nbv(24)=4,
  izotprnt=100*0,izotprnt(9)=1,&end
:burn
 &vvod qv=111.,dtim=50.,
 &end
:fier
 &vvod &end
:macr
 &vvod
@   et=20.0e+6,1.,1.,0.,
   et=20.0e+6,0.,
  nbv=1,2,3,4,5,6,7,8,9,10,11,12,13,14,15,16,17,18,19,20,21,22,23,24,25,26,
 &end
:micro
 &vvod et=20.e+8,0.,nbv(3)=1,nbv(10)=2,nbv(17)=3,
     izotprnt=100*0,izotprnt(12)=1,izotprnt(13)=1,
                 izotprnt(14)=1,izotprnt(15)=1,&end
:micro
 &vvod et=20.e+8,0.,
                    nbv(7)=1,nbv(14)=2,nbv(21)=3,nbv(24)=4,
  izotprnt=100*0,izotprnt(9)=1,&end
:burn
 &vvod qv=111.,dtim=50.,
 &end
:fier
 &vvod &end
:macr
 &vvod
@   et=20.0e+6,1.,1.,0.,
   et=20.0e+6,0.,
  nbv=1,2,3,4,5,6,7,8,9,10,11,12,13,14,15,16,17,18,19,20,21,22,23,24,25,26,
 &end
:micro
 &vvod et=20.e+8,0.,nbv(3)=1,nbv(10)=2,nbv(17)=3,
     izotprnt=100*0,izotprnt(12)=1,izotprnt(13)=1,
                 izotprnt(14)=1,izotprnt(15)=1,&end
:micro
 &vvod et=20.e+8,0.,
                    nbv(7)=1,nbv(14)=2,nbv(21)=3,nbv(24)=4,
  izotprnt=100*0,izotprnt(9)=1,&end
:burn
 &vvod qv=111.,dtim=50.,
 &end
:fier
 &vvod &end
:macr
 &vvod
@   et=20.0e+6,1.,1.,0.,
   et=20.0e+6,0.,
  nbv=1,2,3,4,5,6,7,8,9,10,11,12,13,14,15,16,17,18,19,20,21,22,23,24,25,26,
 &end
:micro
 &vvod et=20.e+8,0.,nbv(3)=1,nbv(10)=2,nbv(17)=3,
     izotprnt=100*0,izotprnt(12)=1,izotprnt(13)=1,
                 izotprnt(14)=1,izotprnt(15)=1,&end
:micro
 &vvod et=20.e+8,0.,
                    nbv(7)=1,nbv(14)=2,nbv(21)=3,nbv(24)=4,
  izotprnt=100*0,izotprnt(9)=1,&end
:burn
 &vvod qv=111.,dtim=50.,
 &end
:fier
 &vvod &end
:macr
 &vvod
@   et=20.0e+6,1.,1.,0.,
   et=20.0e+6,0.,
  nbv=1,2,3,4,5,6,7,8,9,10,11,12,13,14,15,16,17,18,19,20,21,22,23,24,25,26,
 &end
:micro
 &vvod et=20.e+8,0.,nbv(3)=1,nbv(10)=2,nbv(17)=3,
     izotprnt=100*0,izotprnt(12)=1,izotprnt(13)=1,
                 izotprnt(14)=1,izotprnt(15)=1,&end
:micro
 &vvod et=20.e+8,0.,
                    nbv(7)=1,nbv(14)=2,nbv(21)=3,nbv(24)=4,
  izotprnt=100*0,izotprnt(9)=1,&end
:burn
 &vvod qv=111.,dtim=50.,
 &end
:fier
 &vvod &end
:macr
 &vvod
@   et=20.0e+6,1.,1.,0.,
   et=20.0e+6,0.,
  nbv=1,2,3,4,5,6,7,8,9,10,11,12,13,14,15,16,17,18,19,20,21,22,23,24,25,26,
 &end
:micro
 &vvod et=20.e+8,0.,nbv(3)=1,nbv(10)=2,nbv(17)=3,
     izotprnt=100*0,izotprnt(12)=1,izotprnt(13)=1,
                 izotprnt(14)=1,izotprnt(15)=1,&end
:micro
 &vvod et=20.e+8,0.,
                    nbv(7)=1,nbv(14)=2,nbv(21)=3,nbv(24)=4,
  izotprnt=100*0,izotprnt(9)=1,&end
:burn
 &vvod qv=111.,dtim=50.,
 &end
:fier
 &vvod &end
:macr
 &vvod
@   et=20.0e+6,1.,1.,0.,
   et=20.0e+6,0.,
  nbv=1,2,3,4,5,6,7,8,9,10,11,12,13,14,15,16,17,18,19,20,21,22,23,24,25,26,
 &end
:micro
 &vvod et=20.e+8,0.,nbv(3)=1,nbv(10)=2,nbv(17)=3,
     izotprnt=100*0,izotprnt(12)=1,izotprnt(13)=1,
                 izotprnt(14)=1,izotprnt(15)=1,&end
:micro
 &vvod et=20.e+8,0.,
                    nbv(7)=1,nbv(14)=2,nbv(21)=3,nbv(24)=4,
  izotprnt=100*0,izotprnt(9)=1,&end
:burn
 &vvod qv=111.,dtim=50.,
 &end
:fier
 &vvod &end
:macr
 &vvod
@   et=20.0e+6,1.,1.,0.,
   et=20.0e+6,0.,
  nbv=1,2,3,4,5,6,7,8,9,10,11,12,13,14,15,16,17,18,19,20,21,22,23,24,25,26,
 &end
:macr
 &vvod
   et=20.0e+6,2.15,2.15,0.,
@   et=20.0e+6,0.,
  nbv=1,2,3,4,5,6,7,8,9,10,11,12,13,14,15,16,17,18,19,20,21,22,23,24,25,26,
 &end
:micro
 &vvod et=20.e+8,0.,nbv(3)=1,nbv(10)=2,nbv(17)=3,
     izotprnt=100*0,izotprnt(12)=1,izotprnt(13)=1,
                 izotprnt(14)=1,izotprnt(15)=1,&end
:micro
 &vvod et=20.e+8,0.,
                    nbv(7)=1,nbv(14)=2,nbv(21)=3,nbv(24)=4,
  izotprnt=100*0,izotprnt(9)=1,&end
:stop
:micr
 &vvod et=20.0e+6,0.,
  nbv(1)=1,nbv(3)=1,
  izotprnt=100*-1,izotprnt(1)=1,izotprnt(2)=1,izotprnt(6)=1,izotprnt(7)=1,
                  izotprnt(27)=1,izotprnt(28)=1,izotprnt(29)=1,
 &end
:micr
 &vvod et=20.0e+6,0.,
  nbv(2)=1,nbv(4)=1,
  izotprnt=100*-1,izotprnt(1)=1,izotprnt(2)=1,izotprnt(6)=1,izotprnt(7)=1,
                  izotprnt(27)=1,izotprnt(28)=1,izotprnt(29)=1,
 &end
@:micr
 &vvod et=20.0e+6,0.,
  nbv(16)=4*1,nbv(22)=4*1,
  izotprnt=100*-1,izotprnt(10)=1,izotprnt(11)=1,
 &end
@:micr
 &vvod et=20.0e+6,0.,
  nbv(16)=1,2,3,4,nbv(22)=1,2,3,4,
  izotprnt=100*-1,izotprnt(10)=1,izotprnt(11)=1,
 &end
@:stop
:burn
 &vvod qv=39.,dtim=4.4,
 &end
:macr
 &vvod et=20.0e+6,1.,1.,0.,
  nbv=4*1,
 &end
:macr
 &vvod et=20.0e+6,1.,1.,0.,
  nbv=1,2,3,4,
 &end
:micr
 &vvod et=20.0e+6,0.,
  nbv(1)=1,nbv(3)=1,nbv(2)=2,nbv(4)=2,
  izotprnt=100*-1,izotprnt(1)=1,izotprnt(2)=1,izotprnt(6)=1,izotprnt(7)=1,
                  izotprnt(27)=1,izotprnt(28)=1,izotprnt(29)=1,
 &end
@:corr
 &vvod &end
:stop
 ***** end of   file of input data set *******
:poly                                                                           
  rout and rin were constructed
Rout= 0.100, 0.200, 0.250, 0.386, 0.455, 0.696, 0.368, 0.455, 0.696,
Rin = 0.000, 0.100, 0.200, 0.250, 0.386, 0.455, 0.000, 0.368, 0.455,
  nsos  was constructed
nsos=  6,  6,  6,  6,  4,  5,  2,  4,  5,
 definition izotr in sos           2:izotr=   10.00000    
 definition izotr in sos           3:izotr=   10.00000    
 definition izotr in sos           6:izotr=   10.00000    
  *******<< check input data>> programm declare *******
    --undeclared parametr--cefzad  -- programm standart value --cefzad  =  0.100000E+01
  *******<< check input data>> programm declare *******
    --undeclared parametr--bakl    -- programm standart value --bakl    =  0.000000E+00
  *******<< check input data>> programm declare *******
    --undeclared parametr--alin    -- programm standart value --alin    =  0.000000E+00  0.000000E+00
     0.000000E+00  0.000000E+00  0.000000E+00  0.000000E+00  0.000000E+00  0.000000E+00  0.000000E+00
  *******<< check input data>> programm declare *******
    --undeclared parametr--alcorr  -- programm standart value --alcorr  =  0.100000E+01  0.100000E+01
     0.100000E+01  0.100000E+01  0.100000E+01  0.100000E+01  0.100000E+01  0.100000E+01  0.100000E+01
  *******<< check input data>> programm declare *******
    --undeclared parametr--nbv     -- programm standart value --nbv     =    1    1    1    1    1    1
       1    1    1
  *******<< check input data>> programm declare *******
    --undeclared parametr--et      -- programm standart value --et      =  0.105000E+08  0.215000E+01
     0.215000E+01  0.000000E+00
    ????  storage for pr. getter =     1200 ?? common /rrr/ rab(        0 )  ????
 ------------------------------------------------------------------------------
  backling =  0.0000000E+00
 ------------------------------------------------------------------------------
  number of cells =           3
          cell number    1  number of zone= 6
 << geometry characteristics >>
    geometry of cell- cilindrical index=           2
  kratnost of cell =   2.000000    
  inner radius of cell =  0.0000000E+00
  out square ratio =  0.0000000E+00   1.000000      0.0000000E+00
 ------------------------------------------------------------------------------
 num zone      1           2           3           4           5           6
 radius   0.10000E+00 0.20000E+00 0.25000E+00 0.38600E+00 0.45500E+00 0.69550E+00
 temper   0.10000E+04 0.10000E+04 0.10000E+04 0.10000E+04 0.10000E+04 0.57900E+03
 rez_izot    u238        u238        u238        u238        bad         bad 
 ------------------------------------------------------------------------------
    izotop   /             concentration number of izotops=67
  1 *h*      0.00000E+00 0.00000E+00 0.00000E+00 0.00000E+00 0.00000E+00 0.47500E-01
  2 *o*      0.00000E+00 0.00000E+00 0.00000E+00 0.00000E+00 0.00000E+00 0.23700E-01
  3 zr       0.00000E+00 0.00000E+00 0.00000E+00 0.00000E+00 0.39860E-01 0.00000E+00
  4 fe       0.00000E+00 0.00000E+00 0.00000E+00 0.00000E+00 0.30700E-02 0.30400E-02
  5 nb       0.00000E+00 0.00000E+00 0.00000E+00 0.00000E+00 0.39500E-03 0.00000E+00
  6 hf       0.00000E+00 0.00000E+00 0.00000E+00 0.00000E+00 0.61500E-05 0.00000E+00
  7 ni       0.00000E+00 0.00000E+00 0.00000E+00 0.00000E+00 0.43700E-03 0.00000E+00
  8 cr       0.00000E+00 0.00000E+00 0.00000E+00 0.00000E+00 0.90200E-03 0.00000E+00
  9 u235     0.11000E-02 0.11000E-02 0.11000E-02 0.11000E-02 0.00000E+00 0.00000E+00
 10 u238     0.24000E-01 0.24000E-01 0.24000E-01 0.24000E-01 0.00000E+00 0.00000E+00
 11 o        0.48000E-01 0.48000E-01 0.48000E-01 0.48000E-01 0.00000E+00 0.00000E+00
 12 gd54     0.21000E-04 0.21000E-04 0.21000E-04 0.21000E-04 0.00000E+00 0.00000E+00
 13 gd55     0.15000E-03 0.15000E-03 0.15000E-03 0.15000E-03 0.00000E+00 0.00000E+00
 14 gd56     0.21000E-03 0.21000E-03 0.21000E-03 0.21000E-03 0.00000E+00 0.00000E+00
 15 gd57     0.16000E-03 0.16000E-03 0.16000E-03 0.16000E-03 0.00000E+00 0.00000E+00
 ------------------------------------------------------------------------------
  number of cells =           3
          cell number    2  number of zone= 3
 << geometry characteristics >>
    geometry of cell- cilindrical index=           2
  kratnost of cell =   12.00000    
  inner radius of cell =  0.0000000E+00
  out square ratio =  0.1670000      0.3330000      0.5000000    
 ------------------------------------------------------------------------------
 num zone      7           8           9
 radius   0.36800E+00 0.45500E+00 0.69550E+00
 temper   0.10000E+04 0.10000E+04 0.57900E+03
 rez_izot    u238        bad         bad 
 ------------------------------------------------------------------------------
    izotop   /             concentration number of izotops=67
  1 *h*      0.00000E+00 0.00000E+00 0.47500E-01
  2 *o*      0.00000E+00 0.00000E+00 0.23700E-01
  3 zr       0.00000E+00 0.39860E-01 0.00000E+00
  4 fe       0.00000E+00 0.30700E-02 0.30400E-02
  5 nb       0.00000E+00 0.39500E-03 0.00000E+00
  6 hf       0.00000E+00 0.61500E-05 0.00000E+00
  7 ni       0.00000E+00 0.43700E-03 0.00000E+00
  8 cr       0.00000E+00 0.90200E-03 0.00000E+00
  9 u235     0.11500E-02 0.00000E+00 0.00000E+00
 10 u238     0.22500E-01 0.00000E+00 0.00000E+00
 11 o        0.50000E-01 0.00000E+00 0.00000E+00
 ------------------------------------------------------------------------------
  number of cells =           3
          cell number    3  number of zone= 3
 << geometry characteristics >>
    geometry of cell- cilindrical index=           2
  kratnost of cell =   41.00000    
  inner radius of cell =  0.0000000E+00
  out square ratio =  0.0000000E+00  0.1460000      0.8540000    
 ------------------------------------------------------------------------------
 num zone     10          11          12
 radius   0.36800E+00 0.45500E+00 0.69550E+00
 temper   0.10000E+04 0.10000E+04 0.57900E+03
 rez_izot    u238        bad         bad 
 ------------------------------------------------------------------------------
    izotop   /             concentration number of izotops=67
  1 *h*      0.00000E+00 0.00000E+00 0.47500E-01
  2 *o*      0.00000E+00 0.00000E+00 0.23700E-01
  3 zr       0.00000E+00 0.39860E-01 0.00000E+00
  4 fe       0.00000E+00 0.30700E-02 0.30400E-02
  5 nb       0.00000E+00 0.39500E-03 0.00000E+00
  6 hf       0.00000E+00 0.61500E-05 0.00000E+00
  7 ni       0.00000E+00 0.43700E-03 0.00000E+00
  8 cr       0.00000E+00 0.90200E-03 0.00000E+00
  9 u235     0.11500E-02 0.00000E+00 0.00000E+00
 10 u238     0.22500E-01 0.00000E+00 0.00000E+00
 11 o        0.50000E-01 0.00000E+00 0.00000E+00
 Cdankov s0 in zone   1 = 0.18596E+00 0.10757E+01
 Cdankov s0 in zone   4 = 0.71557E+00 0.11278E+01
 Cdankov s0 in zone   7 = 0.71801E+00 0.11317E+01
    > CONSYST Program Ver: 98.01 > started at  0: 0: 0:  
    { Manturov G., E-mail: abbn@ippe.rssi.ru}
 
       -------------------------------
 
       CONSYST INPUT DATA READ FROM : cons.dat
       CONSYST PROTOCOL STORED IN   : RESULT
       GMF X-SECTION'S FILE         : OUT
       TEMPORARY FILE               : RAB
       ABBN BASIC DATA SET FROM     : ..\bin\Bnab90.lib
       ABBN MULTIC DATA SET FROM    : ..\bin\Bnabmlt.lib
       ABBN THERMAL DATA SET FROM   : ..\bin\BNABTHM.lib
 
    >   Include Thermal Matrix > H(H2O):BNABTHM.BIN   Temp=  500K
    >   Include Thermal Matrix > H(H2O):BNABTHM.BIN   Temp=  600K
    >   Include Thermal Matrix > H(H2O):BNABTHM.BIN   Temp=  500K
    >   Include Thermal Matrix > H(H2O):BNABTHM.BIN   Temp=  600K
    >   Include Thermal Matrix > H(H2O):BNABTHM.BIN   Temp=  500K
    >   Include Thermal Matrix > H(H2O):BNABTHM.BIN   Temp=  600K
    > CONSYST finished at  0: 0: 0:  
 therm. calculation avoided
 therm. calculation avoided
 therm. calculation avoided
 therm. calculation avoided
 therm. calculation avoided
 therm. calculation avoided
 therm. calculation avoided
 therm. calculation avoided
 *************************************************
   ***k(inf)= 1.26815     ***k(itt)= 1.26815     ***k(integ)= 1.26815    ***
   **bakl=  0.0000     **length= 0.10000E+11  ***
   **matr.  alout*alcorr a(k,i)(k=1,ncel) ***
     *  0.0000      1.0000      0.0000    
     * 0.16700     0.33300     0.50000    
     *  0.0000     0.14600     0.85400    
 lokal kner      in cell ,ru=           1=  0.4530886       2.080039    
 lokal kner      in cell ,ru=           2=  0.9811393      0.9297416    
 lokal kner      in cell ,ru=           3=   1.032199      0.9678786    
:fier                                                                           
 condensation boundary was changed from  0.21500E+01 to  0.21544E+01
*** 4 *** ;egr=  2.1544    
    keff         nu           mu           fi           teta
   1.2681       1.7260       1.2837      0.62200      0.92019    
 s0z(n)=    1.075676       1.075676       1.075676       1.075676    
  0.0000000E+00  0.0000000E+00   1.127799      0.0000000E+00  0.0000000E+00
   1.131651      0.0000000E+00  0.0000000E+00
:macr                                                                           
    -------------------------------------------------------------------------------
    * n group   * e(i)        * e(i+1)      *spect neutron fission  *
          1       0.20000E+08    0.0000            1.0000    
    *******************************************************************************
                                       **    macro cross section    **
    *******************************************************************************
    ** n zone    1 vzone= 0.62832E-01 /  1
*grp*flux 1/cm2c  * stotal      * sabs        * sfis.       * nu$sfis.    * 1/3*strans  *1/aver.veloci*aver power
  1  0.4588838     0.4819101     0.7521726E-01 0.1656354E-01 0.4135164E-01  1.226367     0.2756212E-08 0.5497627     0.3455830    
                                       * matric. scat.cross. sec. from i to j  *
       i / j -->            1
       i        1 0.4066929    
    ** n zone    2 vzone= 0.18850     /  2
*grp*flux 1/cm2c  * stotal      * sabs        * sfis.       * nu$sfis.    * 1/3*strans  *1/aver.veloci*aver power
  1  0.4601946     0.4897183     0.8291645E-01 0.1703063E-01 0.4248435E-01  1.226921     0.8617033E-08 0.5123754     0.3563433    
                                       * matric. scat.cross. sec. from i to j  *
       i / j -->            1
       i        1 0.4068019    
    ** n zone    3 vzone= 0.14137     /  3
*grp*flux 1/cm2c  * stotal      * sabs        * sfis.       * nu$sfis.    * 1/3*strans  *1/aver.veloci*aver power
  1  0.4622797     0.5057421     0.9876714E-01 0.1784122E-01 0.4445032E-01  1.228040     0.6921657E-08 0.4500518     0.3749952    
                                       * matric. scat.cross. sec. from i to j  *
       i / j -->            1
       i        1 0.4069751    
    ** n zone    4 vzone= 0.54347     /  4
*grp*flux 1/cm2c  * stotal      * sabs        * sfis.       * nu$sfis.    * 1/3*strans  *1/aver.veloci*aver power
  1  0.4681539     0.6352765     0.2279935     0.2076965E-01 0.5156019E-01  1.220718     0.3283915E-07 0.2261476     0.4420936    
                                       * matric. scat.cross. sec. from i to j  *
       i / j -->            1
       i        1 0.4072831    
    ** n zone    5 vzone= 0.36461     /  5
*grp*flux 1/cm2c  * stotal      * sabs        * sfis.       * nu$sfis.    * 1/3*strans  *1/aver.veloci*aver power
  1  0.4888833     0.3174867     0.2308048E-02  0.000000      0.000000      1.191695     0.4331095E-07  0.000000      0.000000    
                                       * matric. scat.cross. sec. from i to j  *
       i / j -->            1
       i        1 0.3151785    
    ** n zone    6 vzone=  1.7385     /  6
*grp*flux 1/cm2c  * stotal      * sabs        * sfis.       * nu$sfis.    * 1/3*strans  *1/aver.veloci*aver power
  1  0.4962954     0.7703980     0.1618260E-02  0.000000      0.000000      1.190610     0.2479003E-06  0.000000      0.000000    
                                       * matric. scat.cross. sec. from i to j  *
       i / j -->            1
       i        1 0.7687798    
    ** n zone    7 vzone=  5.1054     /  7
*grp*flux 1/cm2c  * stotal      * sabs        * sfis.       * nu$sfis.    * 1/3*strans  *1/aver.veloci*aver power
  1  0.5121561     0.4521896     0.7245458E-01 0.4228776E-01 0.1038220      1.190495     0.7373565E-06  1.432925     0.9847214    
                                       * matric. scat.cross. sec. from i to j  *
       i / j -->            1
       i        1 0.3797350    
    ** n zone    8 vzone=  2.6993     /  8
*grp*flux 1/cm2c  * stotal      * sabs        * sfis.       * nu$sfis.    * 1/3*strans  *1/aver.veloci*aver power
  1  0.5115715     0.3161264     0.2587916E-02  0.000000      0.000000      1.185016     0.4291553E-06  0.000000      0.000000    
                                       * matric. scat.cross. sec. from i to j  *
       i / j -->            1
       i        1 0.3135385    
    ** n zone    9 vzone=  10.431     /  9
*grp*flux 1/cm2c  * stotal      * sabs        * sfis.       * nu$sfis.    * 1/3*strans  *1/aver.veloci*aver power
  1  0.5108762     0.7882271     0.1844704E-02  0.000000      0.000000      1.185004     0.1762260E-05  0.000000      0.000000    
                                       * matric. scat.cross. sec. from i to j  *
       i / j -->            1
       i        1 0.7863826    
    ** n zone   10 vzone=  17.443     / 10
*grp*flux 1/cm2c  * stotal      * sabs        * sfis.       * nu$sfis.    * 1/3*strans  *1/aver.veloci*aver power
  1  0.5206304     0.4525439     0.7415452E-01 0.4377551E-01 0.1074464      1.191429     0.2660529E-05  1.448953      1.036232    
                                       * matric. scat.cross. sec. from i to j  *
       i / j -->            1
       i        1 0.3783894    
    ** n zone   11 vzone=  9.2226     / 11
*grp*flux 1/cm2c  * stotal      * sabs        * sfis.       * nu$sfis.    * 1/3*strans  *1/aver.veloci*aver power
  1  0.5199091     0.3156793     0.2636819E-02  0.000000      0.000000      1.185197     0.1550046E-05  0.000000      0.000000    
                                       * matric. scat.cross. sec. from i to j  *
       i / j -->            1
       i        1 0.3130424    
    ** n zone   12 vzone=  35.640     / 12
*grp*flux 1/cm2c  * stotal      * sabs        * sfis.       * nu$sfis.    * 1/3*strans  *1/aver.veloci*aver power
  1  0.5191884     0.7927291     0.1914937E-02  0.000000      0.000000      1.184585     0.6366327E-05  0.000000      0.000000    
                                       * matric. scat.cross. sec. from i to j  *
       i / j -->            1
       i        1 0.7908141    
:burn                                                                           
 *** average burn up =  0.21002     (mbt*day)/(kg hm)
    > CONSYST Program Ver: 98.01 > started at  0: 0: 0:  
    { Manturov G., E-mail: abbn@ippe.rssi.ru}
 
       -------------------------------
 
       CONSYST INPUT DATA READ FROM : cons.dat
       CONSYST PROTOCOL STORED IN   : RESULT
       GMF X-SECTION'S FILE         : OUT
       TEMPORARY FILE               : RAB
       ABBN BASIC DATA SET FROM     : ..\bin\Bnab90.lib
       ABBN MULTIC DATA SET FROM    : ..\bin\Bnabmlt.lib
       ABBN THERMAL DATA SET FROM   : ..\bin\BNABTHM.lib
 
    >   Include Thermal Matrix > H(H2O):BNABTHM.BIN   Temp=  500K
    >   Include Thermal Matrix > H(H2O):BNABTHM.BIN   Temp=  600K
    >   Include Thermal Matrix > H(H2O):BNABTHM.BIN   Temp=  500K
    >   Include Thermal Matrix > H(H2O):BNABTHM.BIN   Temp=  600K
    >   Include Thermal Matrix > H(H2O):BNABTHM.BIN   Temp=  500K
    >   Include Thermal Matrix > H(H2O):BNABTHM.BIN   Temp=  600K
    > CONSYST finished at  0: 0: 0:  
 therm. calculation avoided
 therm. calculation avoided
 therm. calculation avoided
 therm. calculation avoided
 therm. calculation avoided
 therm. calculation avoided
 therm. calculation avoided
 *************************************************
   ***k(inf)= 1.22966     ***k(itt)= 1.22966     ***k(integ)= 1.22966    ***
   **bakl=  0.0000     **length= 0.10000E+11  ***
   **matr.  alout*alcorr a(k,i)(k=1,ncel) ***
     *  0.0000      1.0000      0.0000    
     * 0.16700     0.33300     0.50000    
     *  0.0000     0.14600     0.85400    
 lokal kner      in cell ,ru=           1=  0.4712454       2.025564    
 lokal kner      in cell ,ru=           2=  0.9821419      0.9324270    
 lokal kner      in cell ,ru=           3=   1.031020      0.9697499    
:fier                                                                           
 condensation boundary was changed from  0.21500E+01 to  0.21544E+01
*** 4 *** ;egr=  2.1544    
    keff         nu           mu           fi           teta
   1.2297       1.6563       1.2942      0.62184      0.92250    
 s0z(n)=    1.075676       1.075676       1.075676       1.075676    
  0.0000000E+00  0.0000000E+00   1.127799      0.0000000E+00  0.0000000E+00
   1.131651      0.0000000E+00  0.0000000E+00
:macr                                                                           
    -------------------------------------------------------------------------------
    * n group   * e(i)        * e(i+1)      *spect neutron fission  *
          1       0.20000E+08    0.0000            1.0000    
    *******************************************************************************
                                       **    macro cross section    **
    *******************************************************************************
    ** n zone    1 vzone= 0.62832E-01 /  1
*grp*flux 1/cm2c  * stotal      * sabs        * sfis.       * nu$sfis.    * 1/3*strans  *1/aver.veloci*aver power
  1  0.4595824     0.4823719     0.7574391E-01 0.1663174E-01 0.4153591E-01  1.226667     0.2772959E-08 0.5483730     0.3586865    
                                       * matric. scat.cross. sec. from i to j  *
       i / j -->            1
       i        1 0.4066279    
    ** n zone    2 vzone= 0.18850     /  2
*grp*flux 1/cm2c  * stotal      * sabs        * sfis.       * nu$sfis.    * 1/3*strans  *1/aver.veloci*aver power
  1  0.4609049     0.4904459     0.8370371E-01 0.1711453E-01 0.4270805E-01  1.227148     0.8678561E-08 0.5102289     0.3701608    
                                       * matric. scat.cross. sec. from i to j  *
       i / j -->            1
       i        1 0.4067420    
    ** n zone    3 vzone= 0.14137     /  3
*grp*flux 1/cm2c  * stotal      * sabs        * sfis.       * nu$sfis.    * 1/3*strans  *1/aver.veloci*aver power
  1  0.4630129     0.5071331     0.1002062     0.1795788E-01 0.4475589E-01  1.228123     0.6985546E-08 0.4466377     0.3901775    
                                       * matric. scat.cross. sec. from i to j  *
       i / j -->            1
       i        1 0.4069270    
    ** n zone    4 vzone= 0.54347     /  4
*grp*flux 1/cm2c  * stotal      * sabs        * sfis.       * nu$sfis.    * 1/3*strans  *1/aver.veloci*aver power
  1  0.4688948     0.6264347     0.2191818     0.2091867E-01 0.5195227E-01  1.220834     0.3314150E-07 0.2370282     0.4602817    
                                       * matric. scat.cross. sec. from i to j  *
       i / j -->            1
       i        1 0.4072529    
    ** n zone    5 vzone= 0.36461     /  5
*grp*flux 1/cm2c  * stotal      * sabs        * sfis.       * nu$sfis.    * 1/3*strans  *1/aver.veloci*aver power
  1  0.4885187     0.3174782     0.2290166E-02  0.000000      0.000000      1.193571     0.4255014E-07  0.000000      0.000000    
                                       * matric. scat.cross. sec. from i to j  *
       i / j -->            1
       i        1 0.3151880    
    ** n zone    6 vzone=  1.7385     /  6
*grp*flux 1/cm2c  * stotal      * sabs        * sfis.       * nu$sfis.    * 1/3*strans  *1/aver.veloci*aver power
  1  0.4955715     0.7677873     0.1590628E-02  0.000000      0.000000      1.192845     0.2429481E-06  0.000000      0.000000    
                                       * matric. scat.cross. sec. from i to j  *
       i / j -->            1
       i        1 0.7661970    
    ** n zone    7 vzone=  5.1054     /  7
*grp*flux 1/cm2c  * stotal      * sabs        * sfis.       * nu$sfis.    * 1/3*strans  *1/aver.veloci*aver power
  1  0.5106454     0.4536457     0.7300509E-01 0.4113656E-01 0.1010718      1.192970     0.7148291E-06  1.384449     0.9857381    
                                       * matric. scat.cross. sec. from i to j  *
       i / j -->            1
       i        1 0.3806406    
    ** n zone    8 vzone=  2.6993     /  8
*grp*flux 1/cm2c  * stotal      * sabs        * sfis.       * nu$sfis.    * 1/3*strans  *1/aver.veloci*aver power
  1  0.5101111     0.3161701     0.2555568E-02  0.000000      0.000000      1.187500     0.4174968E-06  0.000000      0.000000    
                                       * matric. scat.cross. sec. from i to j  *
       i / j -->            1
       i        1 0.3136146    
    ** n zone    9 vzone=  10.431     /  9
*grp*flux 1/cm2c  * stotal      * sabs        * sfis.       * nu$sfis.    * 1/3*strans  *1/aver.veloci*aver power
  1  0.5094299     0.7846715     0.1805561E-02  0.000000      0.000000      1.187698     0.1717220E-05  0.000000      0.000000    
                                       * matric. scat.cross. sec. from i to j  *
       i / j -->            1
       i        1 0.7828658    
    ** n zone   10 vzone=  17.443     / 10
*grp*flux 1/cm2c  * stotal      * sabs        * sfis.       * nu$sfis.    * 1/3*strans  *1/aver.veloci*aver power
  1  0.5187621     0.4540853     0.7470013E-01 0.4251853E-01 0.1044410      1.193967     0.2574134E-05  1.398137      1.035048    
                                       * matric. scat.cross. sec. from i to j  *
       i / j -->            1
       i        1 0.3793852    
    ** n zone   11 vzone=  9.2226     / 11
*grp*flux 1/cm2c  * stotal      * sabs        * sfis.       * nu$sfis.    * 1/3*strans  *1/aver.veloci*aver power
  1  0.5181069     0.3157394     0.2601603E-02  0.000000      0.000000      1.187774     0.1505064E-05  0.000000      0.000000    
                                       * matric. scat.cross. sec. from i to j  *
       i / j -->            1
       i        1 0.3131378    
    ** n zone   12 vzone=  35.640     / 12
*grp*flux 1/cm2c  * stotal      * sabs        * sfis.       * nu$sfis.    * 1/3*strans  *1/aver.veloci*aver power
  1  0.5174057     0.7888929     0.1871975E-02  0.000000      0.000000      1.187402     0.6192023E-05  0.000000      0.000000    
                                       * matric. scat.cross. sec. from i to j  *
       i / j -->            1
       i        1 0.7870208    
:stop                                                                           
