 *****          file of input data set *******
:poly
@:vvod
 &vvod
 iout(84)=1,  @print s0@
@@@@@@@@@@@ 2 cells  @@@@@@@@@@@@@@@@@@@@@@2
@ iout(110)=1,
@ iout(10)=5,
@  iout(12)=2,2,
@@@@@@
 @ 1 gd,uo2 cell@ rcel(1,1)=0.1,0.15,0.2,0.25,0.3,0.386,0.455,0.6955,  hcel(1)=0.16866,
                    ncelsos(1,1)=6,6,6,6,6,6,4,5,
 @ 2,3  uo2,h2o cell  @ rcel(1,2)=0.368,0.455,0.6955,  hcel(2)=0.16866,hcel(3)=0.16866,
                 ncelsos(1,2)=2,4,5,
@ ------------------------------------------------------------------------------
 t=        1.00000e+03, 1.00000e+03, 1.0000e+03,1.0000e+03, 0.57900e+03,  1.00000e+03,
 troiz=
 @ izotop   / 1 gd3%       2  uo24,4%   3  uo2vver  4  cover     5   h2o      6 gd3%gom
 @ *h*   @   0.00000e+00, 0.00000e+00, 0.00000e+00, 0.00000e+00, 0.47500e-01,0.00000e+00,
 @ *o*   @   0.00000e+00, 0.00000e+00, 0.00000e+00, 0.00000e+00, 0.23700e-01,0.00000e+00,
 @ zr    @   0.00000e+00, 0.00000e+00, 0.00000e+00, 0.39860e-01, 0.00000e+00,0.00000e+00,
 @ fe    @   0.00000e+00, 0.00000e+00, 0.00000e+00, 0.30700e-02, 0.30400e-02,0.00000e+00,
 @ nb    @   0.00000e+00, 0.00000e+00, 0.00000e+00, 0.39500e-03, 0.00000e+00,0.00000e+00,
 @ hf    @   0.00000e+00, 0.00000e+00, 0.00000e+00, 0.61500e-05, 0.00000e+00,0.00000e+00,
 @ ni    @   0.00000e+00, 0.00000e+00, 0.00000e+00, 0.43700e-03, 0.00000e+00,0.00000e+00,
 @ cr    @   0.00000e+00, 0.00000e+00, 0.00000e+00, 0.90200e-03, 0.00000e+00,0.00000e+00,
 @ u235  @   0.00000e+00, 0.11500e-02, 0.88910e-03, 0.00000e+00, 0.00000e+00,0.11000e-02,
 @ u238  @   0.00000e+00, 0.22500e-01, 0.19300e-01, 0.00000e+00, 0.00000e+00,0.24000e-01,
 @ o     @   0.73000e-01, 0.50000e-01, 0.40000e-01, 0.00000e+00, 0.00000e+00,0.48000e-01,
 @ gd54  @   0.51000e-03, 0.00000e+00, 0.00000e+00, 0.00000e+00, 0.00000e+00,0.21000e-04,
 @ gd55  @   0.36100e-02, 0.00000e+00, 0.00000e+00, 0.00000e+00, 0.00000e+00,0.15000e-03,
 @ gd56  @   0.50260e-02, 0.00000e+00, 0.00000e+00, 0.00000e+00, 0.00000e+00,0.21000e-03,
 @ gd57  @   0.38300e-02, 0.00000e+00, 0.00000e+00, 0.00000e+00, 0.00000e+00,0.16000e-03,
 ntcell=1,2,2,
 krat= 2.,12.,41.,
@ nr=3 gom
 alout=
       .0,1.,0.,
       .167,0.333,0.5,
       .0,0.146,0.854,
 material(1)='chmc',
@@@@@@@@@@@@@@@@@@@@@@@
 &end
*h*
*o*
zr
fe
nb
hf
ni
cr
u235
u238
o
gd54
gd55
gd56
gd57
****
@:corr
 &vvod &end
:fier
 &vvod &end
@:stop
:macr
 &vvod
   et=20.0e+6,0.,
  nbv=1,2,3,4,5,6,7,8,9,10,11,12,13,14,
 &end
:micr
 &vvod
   et=20.0e+6,0.,
  nbv=6*1,
     izotprnt=100*0,izotprnt(12)=1,izotprnt(13)=1,
                 izotprnt(14)=1,izotprnt(15)=1,&end
 &end
:stop
:burn
 &vvod qv=111.,dtim=5.,
 &end
:fier
 &vvod &end
:macr
 &vvod
   et=20.0e+6,0.,
  nbv=1,2,3,4,5,6,7,8,9,10,11,12,13,14,
 &end
:micr
 &vvod
   et=20.0e+6,0.,
  nbv=6*1,
     izotprnt=100*0,izotprnt(12)=1,izotprnt(13)=1,
                 izotprnt(14)=1,izotprnt(15)=1,&end
 &end
:burn
 &vvod qv=111.,dtim=95.,
 &end
:fier
 &vvod &end
:macr
 &vvod
   et=20.0e+6,0.,
  nbv=1,2,3,4,5,6,7,8,9,10,11,12,13,14,
 &end
:micr
 &vvod
   et=20.0e+6,0.,
  nbv=6*1,
     izotprnt=100*0,izotprnt(12)=1,izotprnt(13)=1,
                 izotprnt(14)=1,izotprnt(15)=1,&end
 &end
:burn
 &vvod qv=111.,dtim=100.,
 &end
:fier
 &vvod &end
:macr
 &vvod
   et=20.0e+6,0.,
  nbv=1,2,3,4,5,6,7,8,9,10,11,12,13,14,
 &end
:micr
 &vvod
   et=20.0e+6,0.,
  nbv=6*1,
     izotprnt=100*0,izotprnt(12)=1,izotprnt(13)=1,
                 izotprnt(14)=1,izotprnt(15)=1,&end
 &end
:burn
 &vvod qv=111.,dtim=100.,
 &end
:fier
 &vvod &end
:macr
 &vvod
   et=20.0e+6,0.,
  nbv=1,2,3,4,5,6,7,8,9,10,11,12,13,14,
 &end
:micr
 &vvod
   et=20.0e+6,0.,
  nbv=6*1,
     izotprnt=100*0,izotprnt(12)=1,izotprnt(13)=1,
                 izotprnt(14)=1,izotprnt(15)=1,&end
 &end
:burn
 &vvod qv=111.,dtim=100.,
 &end
:fier
 &vvod &end
:macr
 &vvod
   et=20.0e+6,0.,
  nbv=1,2,3,4,5,6,7,8,9,10,11,12,13,14,
 &end
:micr
 &vvod
   et=20.0e+6,0.,
  nbv=6*1,
     izotprnt=100*0,izotprnt(12)=1,izotprnt(13)=1,
                 izotprnt(14)=1,izotprnt(15)=1,&end
 &end
:burn
 &vvod qv=111.,dtim=100.,
 &end
:fier
 &vvod &end
:macr
 &vvod
   et=20.0e+6,0.,
  nbv=1,2,3,4,5,6,7,8,9,10,11,12,13,14,
 &end
:micr
 &vvod
   et=20.0e+6,0.,
  nbv=6*1,
     izotprnt=100*0,izotprnt(12)=1,izotprnt(13)=1,
                 izotprnt(14)=1,izotprnt(15)=1,&end
 &end
:burn
 &vvod qv=111.,dtim=100.,
 &end
:fier
 &vvod &end
:macr
 &vvod
   et=20.0e+6,0.,
  nbv=1,2,3,4,5,6,7,8,9,10,11,12,13,14,
 &end
:micr
 &vvod
   et=20.0e+6,0.,
  nbv=6*1,
     izotprnt=100*0,izotprnt(12)=1,izotprnt(13)=1,
                 izotprnt(14)=1,izotprnt(15)=1,&end
 &end
:burn
 &vvod qv=111.,dtim=100.,
 &end
:fier
 &vvod &end
:macr
 &vvod
   et=20.0e+6,0.,
  nbv=1,2,3,4,5,6,7,8,9,10,11,12,13,14,
 &end
:micr
 &vvod
   et=20.0e+6,0.,
  nbv=6*1,
     izotprnt=100*0,izotprnt(12)=1,izotprnt(13)=1,
                 izotprnt(14)=1,izotprnt(15)=1,&end
 &end
:burn
 &vvod qv=111.,dtim=100.,
 &end
:fier
 &vvod &end
:macr
 &vvod
   et=20.0e+6,0.,
  nbv=1,2,3,4,5,6,7,8,9,10,11,12,13,14,
 &end
:micr
 &vvod
   et=20.0e+6,0.,
  nbv=6*1,
     izotprnt=100*0,izotprnt(12)=1,izotprnt(13)=1,
                 izotprnt(14)=1,izotprnt(15)=1,&end
 &end
:burn
 &vvod qv=111.,dtim=100.,
 &end
:fier
 &vvod &end
:macr
 &vvod
   et=20.0e+6,0.,
  nbv=1,2,3,4,5,6,7,8,9,10,11,12,13,14,
 &end
:micr
 &vvod
   et=20.0e+6,0.,
  nbv=6*1,
     izotprnt=100*0,izotprnt(12)=1,izotprnt(13)=1,
                 izotprnt(14)=1,izotprnt(15)=1,&end
 &end
:stop
@8888888888888888888888888888888888888888888888888888888888888888888888888888
 ***** end of   file of input data set *******
:poly                                                                           
  rout and rin were constructed
Rout= 0.100, 0.150, 0.200, 0.250, 0.300, 0.386, 0.455, 0.696, 0.368, 0.455,
 0.696,
Rin = 0.000, 0.100, 0.150, 0.200, 0.250, 0.300, 0.386, 0.455, 0.000, 0.368,
 0.455,
  nsos  was constructed
nsos=  6,  6,  6,  6,  6,  6,  4,  5,  2,  4,
  5,
 definition izotr in sos           2:izotr=   10.00000    
 definition izotr in sos           3:izotr=   10.00000    
 definition izotr in sos           6:izotr=   10.00000    
  *******<< check input data>> programm declare *******
    --undeclared parametr--cefzad  -- programm standart value --cefzad  =  0.100000E+01
  *******<< check input data>> programm declare *******
    --undeclared parametr--bakl    -- programm standart value --bakl    =  0.000000E+00
  *******<< check input data>> programm declare *******
    --undeclared parametr--alin    -- programm standart value --alin    =  0.000000E+00  0.000000E+00
     0.000000E+00  0.000000E+00  0.000000E+00  0.000000E+00  0.000000E+00  0.000000E+00  0.000000E+00
  *******<< check input data>> programm declare *******
    --undeclared parametr--alcorr  -- programm standart value --alcorr  =  0.100000E+01  0.100000E+01
     0.100000E+01  0.100000E+01  0.100000E+01  0.100000E+01  0.100000E+01  0.100000E+01  0.100000E+01
  *******<< check input data>> programm declare *******
    --undeclared parametr--nbv     -- programm standart value --nbv     =    1    1    1    1    1    1
       1    1    1    1    1
  *******<< check input data>> programm declare *******
    --undeclared parametr--et      -- programm standart value --et      =  0.105000E+08  0.215000E+01
     0.215000E+01  0.000000E+00
    ????  storage for pr. getter =     1400 ?? common /rrr/ rab(        0 )  ????
 ------------------------------------------------------------------------------
  backling =  0.0000000E+00
 ------------------------------------------------------------------------------
  number of cells =           3
          cell number    1  number of zone= 8
 << geometry characteristics >>
    geometry of cell- cilindrical index=           2
  kratnost of cell =   2.000000    
  inner radius of cell =  0.0000000E+00
  out square ratio =  0.0000000E+00   1.000000      0.0000000E+00
 ------------------------------------------------------------------------------
 num zone      1           2           3           4           5           6
 radius   0.10000E+00 0.15000E+00 0.20000E+00 0.25000E+00 0.30000E+00 0.38600E+00
 temper   0.10000E+04 0.10000E+04 0.10000E+04 0.10000E+04 0.10000E+04 0.10000E+04
 rez_izot    u238        u238        u238        u238        u238        u238
 ------------------------------------------------------------------------------
    izotop   /             concentration number of izotops=67
  9 u235     0.11000E-02 0.11000E-02 0.11000E-02 0.11000E-02 0.11000E-02 0.11000E-02
 10 u238     0.24000E-01 0.24000E-01 0.24000E-01 0.24000E-01 0.24000E-01 0.24000E-01
 11 o        0.48000E-01 0.48000E-01 0.48000E-01 0.48000E-01 0.48000E-01 0.48000E-01
 12 gd54     0.21000E-04 0.21000E-04 0.21000E-04 0.21000E-04 0.21000E-04 0.21000E-04
 13 gd55     0.15000E-03 0.15000E-03 0.15000E-03 0.15000E-03 0.15000E-03 0.15000E-03
 14 gd56     0.21000E-03 0.21000E-03 0.21000E-03 0.21000E-03 0.21000E-03 0.21000E-03
 15 gd57     0.16000E-03 0.16000E-03 0.16000E-03 0.16000E-03 0.16000E-03 0.16000E-03
 num zone      7           8
 radius   0.45500E+00 0.69550E+00
 temper   0.10000E+04 0.57900E+03
 rez_izot    bad         bad 
 ------------------------------------------------------------------------------
    izotop   /             concentration number of izotops=67
  1 *h*      0.00000E+00 0.47500E-01
  2 *o*      0.00000E+00 0.23700E-01
  3 zr       0.39860E-01 0.00000E+00
  4 fe       0.30700E-02 0.30400E-02
  5 nb       0.39500E-03 0.00000E+00
  6 hf       0.61500E-05 0.00000E+00
  7 ni       0.43700E-03 0.00000E+00
  8 cr       0.90200E-03 0.00000E+00
 ------------------------------------------------------------------------------
  number of cells =           3
          cell number    2  number of zone= 3
 << geometry characteristics >>
    geometry of cell- cilindrical index=           2
  kratnost of cell =   12.00000    
  inner radius of cell =  0.0000000E+00
  out square ratio =  0.1670000      0.3330000      0.5000000    
 ------------------------------------------------------------------------------
 num zone      9          10          11
 radius   0.36800E+00 0.45500E+00 0.69550E+00
 temper   0.10000E+04 0.10000E+04 0.57900E+03
 rez_izot    u238        bad         bad 
 ------------------------------------------------------------------------------
    izotop   /             concentration number of izotops=67
  1 *h*      0.00000E+00 0.00000E+00 0.47500E-01
  2 *o*      0.00000E+00 0.00000E+00 0.23700E-01
  3 zr       0.00000E+00 0.39860E-01 0.00000E+00
  4 fe       0.00000E+00 0.30700E-02 0.30400E-02
  5 nb       0.00000E+00 0.39500E-03 0.00000E+00
  6 hf       0.00000E+00 0.61500E-05 0.00000E+00
  7 ni       0.00000E+00 0.43700E-03 0.00000E+00
  8 cr       0.00000E+00 0.90200E-03 0.00000E+00
  9 u235     0.11500E-02 0.00000E+00 0.00000E+00
 10 u238     0.22500E-01 0.00000E+00 0.00000E+00
 11 o        0.50000E-01 0.00000E+00 0.00000E+00
 ------------------------------------------------------------------------------
  number of cells =           3
          cell number    3  number of zone= 3
 << geometry characteristics >>
    geometry of cell- cilindrical index=           2
  kratnost of cell =   41.00000    
  inner radius of cell =  0.0000000E+00
  out square ratio =  0.0000000E+00  0.1460000      0.8540000    
 ------------------------------------------------------------------------------
 num zone     12          13          14
 radius   0.36800E+00 0.45500E+00 0.69550E+00
 temper   0.10000E+04 0.10000E+04 0.57900E+03
 rez_izot    u238        bad         bad 
 ------------------------------------------------------------------------------
    izotop   /             concentration number of izotops=67
  1 *h*      0.00000E+00 0.00000E+00 0.47500E-01
  2 *o*      0.00000E+00 0.00000E+00 0.23700E-01
  3 zr       0.00000E+00 0.39860E-01 0.00000E+00
  4 fe       0.00000E+00 0.30700E-02 0.30400E-02
  5 nb       0.00000E+00 0.39500E-03 0.00000E+00
  6 hf       0.00000E+00 0.61500E-05 0.00000E+00
  7 ni       0.00000E+00 0.43700E-03 0.00000E+00
  8 cr       0.00000E+00 0.90200E-03 0.00000E+00
  9 u235     0.11500E-02 0.00000E+00 0.00000E+00
 10 u238     0.22500E-01 0.00000E+00 0.00000E+00
 11 o        0.50000E-01 0.00000E+00 0.00000E+00
 Cdankov s0 in zone   1 = 0.11581E+00 0.10757E+01
 Cdankov s0 in zone   4 = 0.71557E+00 0.11278E+01
 Cdankov s0 in zone   7 = 0.71801E+00 0.11317E+01
    > CONSYST Program Ver: 98.01 > started at  0: 0: 0:  
    { Manturov G., E-mail: abbn@ippe.rssi.ru}
 
       -------------------------------
 
       CONSYST INPUT DATA READ FROM : cons.dat
       CONSYST PROTOCOL STORED IN   : RESULT
       GMF X-SECTION'S FILE         : OUT
       TEMPORARY FILE               : RAB
       ABBN BASIC DATA SET FROM     : ..\bin\Bnab90.lib
       ABBN MULTIC DATA SET FROM    : ..\bin\Bnabmlt.lib
       ABBN THERMAL DATA SET FROM   : ..\bin\BNABTHM.lib
 
    >   Include Thermal Matrix > H(H2O):BNABTHM.BIN   Temp=  500K
    >   Include Thermal Matrix > H(H2O):BNABTHM.BIN   Temp=  600K
    >   Include Thermal Matrix > H(H2O):BNABTHM.BIN   Temp=  500K
    >   Include Thermal Matrix > H(H2O):BNABTHM.BIN   Temp=  600K
    >   Include Thermal Matrix > H(H2O):BNABTHM.BIN   Temp=  500K
    >   Include Thermal Matrix > H(H2O):BNABTHM.BIN   Temp=  600K
    > CONSYST finished at  0: 0: 0:  
 therm. calculation avoided
 therm. calculation avoided
 therm. calculation avoided
 therm. calculation avoided
 therm. calculation avoided
 therm. calculation avoided
 therm. calculation avoided
 therm. calculation avoided
 *************************************************
   ***k(inf)= 1.26880     ***k(itt)= 1.26880     ***k(integ)= 1.26880    ***
   **bakl=  0.0000     **length= 0.10000E+11  ***
   **matr.  alout*alcorr a(k,i)(k=1,ncel) ***
     *  0.0000      1.0000      0.0000    
     * 0.16700     0.33300     0.50000    
     *  0.0000     0.14600     0.85400    
 lokal kner      in cell ,ru=           1=  0.4521853       2.069005    
 lokal kner      in cell ,ru=           2=  0.9815876      0.9304693    
 lokal kner      in cell ,ru=           3=   1.032112      0.9682040    
:fier                                                                           
 condensation boundary was changed from  0.21500E+01 to  0.21544E+01
*** 4 *** ;egr=  2.1544    
    keff         nu           mu           fi           teta
   1.2688       1.7272       1.2835      0.62202      0.92013    
 s0z(n)=    1.075675       1.075675       1.075675       1.075675    
   1.075675       1.075675      0.0000000E+00  0.0000000E+00   1.127799    
  0.0000000E+00  0.0000000E+00   1.131651      0.0000000E+00  0.0000000E+00
:macr                                                                           
    -------------------------------------------------------------------------------
    * n group   * e(i)        * e(i+1)      *spect neutron fission  *
          1       0.20000E+08    0.0000            1.0000    
    *******************************************************************************
                                       **    macro cross section    **
    *******************************************************************************
    ** n zone    1 vzone= 0.10597E-01 /  1
*grp*flux 1/cm2c  * stotal      * sabs        * sfis.       * nu$sfis.    * 1/3*strans  *1/aver.veloci*aver power
  1   2.717948     0.4796444     0.7300202E-01 0.1639740E-01 0.4094872E-01  1.225507     0.2715255E-08 0.5609258     0.3415845    
                                       * matric. scat.cross. sec. from i to j  *
       i / j -->            1
       i        1 0.4066424    
    ** n zone    2 vzone= 0.13247E-01 /  2
*grp*flux 1/cm2c  * stotal      * sabs        * sfis.       * nu$sfis.    * 1/3*strans  *1/aver.veloci*aver power
  1   2.723347     0.4842984     0.7758953E-01 0.1672932E-01 0.4175350E-01  1.227099     0.3496309E-08 0.5381332     0.3491913    
                                       * matric. scat.cross. sec. from i to j  *
       i / j -->            1
       i        1 0.4067089    
    ** n zone    3 vzone= 0.18545E-01 /  3
*grp*flux 1/cm2c  * stotal      * sabs        * sfis.       * nu$sfis.    * 1/3*strans  *1/aver.veloci*aver power
  1   2.729629     0.4907932     0.8399504E-01 0.1711708E-01 0.4269384E-01  1.227773     0.5064223E-08 0.5082901     0.3581091    
                                       * matric. scat.cross. sec. from i to j  *
       i / j -->            1
       i        1 0.4067981    
    ** n zone    4 vzone= 0.23844E-01 /  4
*grp*flux 1/cm2c  * stotal      * sabs        * sfis.       * nu$sfis.    * 1/3*strans  *1/aver.veloci*aver power
  1   2.738222     0.5018314     0.9490521E-01 0.1766772E-01 0.4402941E-01  1.227898     0.6823205E-08 0.4639304     0.3707928    
                                       * matric. scat.cross. sec. from i to j  *
       i / j -->            1
       i        1 0.4069262    
    ** n zone    5 vzone= 0.29142E-01 /  5
*grp*flux 1/cm2c  * stotal      * sabs        * sfis.       * nu$sfis.    * 1/3*strans  *1/aver.veloci*aver power
  1   2.751103     0.5244665     0.1173695     0.1855101E-01 0.4617232E-01  1.227081     0.8954765E-08 0.3933930     0.3911617    
                                       * matric. scat.cross. sec. from i to j  *
       i / j -->            1
       i        1 0.4070971    
    ** n zone    6 vzone= 0.62519E-01 /  6
*grp*flux 1/cm2c  * stotal      * sabs        * sfis.       * nu$sfis.    * 1/3*strans  *1/aver.veloci*aver power
  1   2.787260     0.6865990     0.2792272     0.2186141E-01 0.5421076E-01  1.218447     0.2398735E-07 0.1941457     0.4670224    
                                       * matric. scat.cross. sec. from i to j  *
       i / j -->            1
       i        1 0.4073720    
    ** n zone    7 vzone= 0.61495E-01 /  7
*grp*flux 1/cm2c  * stotal      * sabs        * sfis.       * nu$sfis.    * 1/3*strans  *1/aver.veloci*aver power
  1   2.900078     0.3174770     0.2312759E-02  0.000000      0.000000      1.191253     0.4353035E-07  0.000000      0.000000    
                                       * matric. scat.cross. sec. from i to j  *
       i / j -->            1
       i        1 0.3151642    
    ** n zone    8 vzone= 0.29322     /  8
*grp*flux 1/cm2c  * stotal      * sabs        * sfis.       * nu$sfis.    * 1/3*strans  *1/aver.veloci*aver power
  1   2.943697     0.7707938     0.1622613E-02  0.000000      0.000000      1.190282     0.2487181E-06  0.000000      0.000000    
                                       * matric. scat.cross. sec. from i to j  *
       i / j -->            1
       i        1 0.7691709    
    ** n zone    9 vzone= 0.86107     /  9
*grp*flux 1/cm2c  * stotal      * sabs        * sfis.       * nu$sfis.    * 1/3*strans  *1/aver.veloci*aver power
  1   3.037051     0.4522158     0.7250016E-01 0.4232327E-01 0.1039083      1.190407     0.7381518E-06  1.433214     0.9851750    
                                       * matric. scat.cross. sec. from i to j  *
       i / j -->            1
       i        1 0.3797156    
    ** n zone   10 vzone= 0.45526     / 10
*grp*flux 1/cm2c  * stotal      * sabs        * sfis.       * nu$sfis.    * 1/3*strans  *1/aver.veloci*aver power
  1   3.033599     0.3161233     0.2589175E-02  0.000000      0.000000      1.184912     0.4296292E-06  0.000000      0.000000    
                                       * matric. scat.cross. sec. from i to j  *
       i / j -->            1
       i        1 0.3135341    
    ** n zone   11 vzone=  1.7593     / 11
*grp*flux 1/cm2c  * stotal      * sabs        * sfis.       * nu$sfis.    * 1/3*strans  *1/aver.veloci*aver power
  1   3.029488     0.7883736     0.1846352E-02  0.000000      0.000000      1.184885     0.1764217E-05  0.000000      0.000000    
                                       * matric. scat.cross. sec. from i to j  *
       i / j -->            1
       i        1 0.7865272    
    ** n zone   12 vzone=  2.9420     / 12
*grp*flux 1/cm2c  * stotal      * sabs        * sfis.       * nu$sfis.    * 1/3*strans  *1/aver.veloci*aver power
  1   3.087024     0.4525560     0.7417514E-01 0.4379233E-01 0.1074873      1.191379     0.2661800E-05  1.449101      1.036144    
                                       * matric. scat.cross. sec. from i to j  *
       i / j -->            1
       i        1 0.3783809    
    ** n zone   13 vzone=  1.5555     / 13
*grp*flux 1/cm2c  * stotal      * sabs        * sfis.       * nu$sfis.    * 1/3*strans  *1/aver.veloci*aver power
  1   3.082769     0.3156784     0.2637414E-02  0.000000      0.000000      1.185144     0.1550806E-05  0.000000      0.000000    
                                       * matric. scat.cross. sec. from i to j  *
       i / j -->            1
       i        1 0.3130409    
    ** n zone   14 vzone=  6.0110     / 14
*grp*flux 1/cm2c  * stotal      * sabs        * sfis.       * nu$sfis.    * 1/3*strans  *1/aver.veloci*aver power
  1   3.078508     0.7927994     0.1915707E-02  0.000000      0.000000      1.184525     0.6369475E-05  0.000000      0.000000    
                                       * matric. scat.cross. sec. from i to j  *
       i / j -->            1
       i        1 0.7908835    
:micr                                                                           
    -------------------------------------------------------------------------------
    * n group   * e(i)        * e(i+1)
          1       0.20000E+08   0.10000E-04
    ---------------------------------------------------------------------------
         ** microcrossection  ** in   1  zone **v= 0.15789    /  1  2  3  4  5  6
    * n group  * izotop  * at.mas      *dens         *flux 1/cm2c  * capture   * fission  *    * production *
          1       gd54     154.00        0.21000E-04    2.7564        1.3194          0.0000         0.0000    
          1       gd55     155.00        0.15000E-03    2.7564        172.31          0.0000         0.0000    
          1       gd56     156.00        0.21000E-03    2.7564        2.9353          0.0000         0.0000    
          1       gd57     157.00        0.16000E-03    2.7564        606.45          0.0000         0.0000    
:stop                                                                           
