 *****          file of input data set *******
:poly
@:vvod
 &vvod
 iout(84)=1,  @print s0@
@@@@@@@@@@@ 2 cells  @@@@@@@@@@@@@@@@@@@@@@2
@ iout(110)=1,
@ iout(10)=5,
@  iout(12)=2,2,
@@@@@@
 @ 1-3 gd,uo2 cell@ rcel(1,1)=0.01,0.02,.03455,0.04,0.05,0.07,0.1,  igc=3,
                   ncelsos(1,1)=1,1,1,2,2,2,2,
 @ 4 zr,h2o ring  @ rcel(1,2)=0.455,0.6955, rcin(2) =0.386,   hcel(4)=0.16866,
                 ncelsos(1,2)=4,5,
 @ 5,6  uo2,h2o cell  @ rcel(1,3)=0.368,0.455,0.6955,    hcel(5)=0.16866,0.16866,
                 ncelsos(1,3)=2,4,5,
@ ------------------------------------------------------------------------------
 t=        1.00000e+03, 1.00000e+03, 1.0000e+03,1.0000e+03, 0.57900e+03,  1.00000e+03,
 troiz=
 @ izotop   / 1 gd3%       2  uo24,4%   3  uo2vver  4  cover     5   h2o      6 gd3%gom
 @ *h*   @   0.00000e+00, 0.00000e+00, 0.00000e+00, 0.00000e+00, 0.47500e-01,0.00000e+00,
 @ *o*   @   0.00000e+00, 0.00000e+00, 0.00000e+00, 0.00000e+00, 0.23700e-01,0.00000e+00,
 @ zr    @   0.00000e+00, 0.00000e+00, 0.00000e+00, 0.39860e-01, 0.00000e+00,0.00000e+00,
 @ fe    @   0.00000e+00, 0.00000e+00, 0.00000e+00, 0.30700e-02, 0.30400e-02,0.00000e+00,
 @ nb    @   0.00000e+00, 0.00000e+00, 0.00000e+00, 0.39500e-03, 0.00000e+00,0.00000e+00,
 @ hf    @   0.00000e+00, 0.00000e+00, 0.00000e+00, 0.61500e-05, 0.00000e+00,0.00000e+00,
 @ ni    @   0.00000e+00, 0.00000e+00, 0.00000e+00, 0.43700e-03, 0.00000e+00,0.00000e+00,
 @ cr    @   0.00000e+00, 0.00000e+00, 0.00000e+00, 0.90200e-03, 0.00000e+00,0.00000e+00,
 @ u235  @   0.00000e+00, 0.11500e-02, 0.88910e-03, 0.00000e+00, 0.00000e+00,0.11000e-02,
 @ u238  @   0.00000e+00, 0.22500e-01, 0.19300e-01, 0.00000e+00, 0.00000e+00,0.24000e-01,
 @ o     @   0.36600e-01, 0.50000e-01, 0.40000e-01, 0.00000e+00, 0.00000e+00,0.48000e-01,
 @ gd54  @   0.51000e-03, 0.00000e+00, 0.00000e+00, 0.00000e+00, 0.00000e+00,0.21000e-04,
 @ gd55  @   0.36100e-02, 0.00000e+00, 0.00000e+00, 0.00000e+00, 0.00000e+00,0.15000e-03,
 @ gd56  @   0.50260e-02, 0.00000e+00, 0.00000e+00, 0.00000e+00, 0.00000e+00,0.21000e-03,
 @ gd57  @   0.38300e-02, 0.00000e+00, 0.00000e+00, 0.00000e+00, 0.00000e+00,0.16000e-03,
 ntcell=1,1,1,2,3,3,
@ krat= 1.,6.,12.,1.,6.,20.5,
 krat= 2.,12.,24.,2.,12.,41.,
@ nr=3
 alout=
  0.3333, 0.6667, 0.0000,  0.0000, 0.0000, 0.0000,
  0.1111, 0.5556, 0.3333,  0.0000, 0.0000, 0.0000,
  0.0000, 0.1667, 0.5556,  0.0000, 0.0000, 0.0000,
  0.0000, 0.0000, 0.0000,  0.0000, 1.0000, 0.0000,
  0.0000, 0.0000, 0.0000,  0.1667, 0.3333, 0.5000,
  0.0000, 0.0000, 0.0000,  0.0000, 0.1463, 0.8537,
 alin=
    0.0000, 0.0000,   0.0000, 0.0000, 0.0000, 0.0000,
    0.0000, 0.0000,   0.0000, 0.0000, 0.0000, 0.0000,
    0.0000, 0.0000,   0.0000, 0.0000, 0.0000, 0.0000,
    0.0000, 0.0000,   0.0000, 0.0000, 0.0000, 0.0000,
    0.0000, 0.0000,   0.0000, 0.0000, 0.0000, 0.0000,
    0.0000, 0.0000,   0.0000, 0.0000, 0.0000, 0.0000,
 aloi=
    0.0000, 0.0000, 0.0000,    0.0000, 0.0000, 0.0000,
    0.0000, 0.0000, 0.0000,    0.0000, 0.0000, 0.0000,
    0.0000, 0.0000, 0.0000,    0.2778, 0.0000, 0.0000,
    0.0000, 0.0000, 0.0000,    0.0000, 0.0000, 0.0000,
    0.0000, 0.0000, 0.0000,    0.0000, 0.0000, 0.0000,
    0.0000, 0.0000, 0.0000,    0.0000, 0.0000, 0.0000,
 alio=
    0.0000, 0.0000,   0.0000, 0.0000, 0.0000, 0.0000,
    0.0000, 0.0000,   0.0000, 0.0000, 0.0000, 0.0000,
    0.0000, 0.0000,   0.0000, 0.0000, 0.0000, 0.0000,
    0.0000, 0.0000,   1.0000, 0.0000, 0.0000, 0.0000,
    0.0000, 0.0000,   0.0000, 0.0000, 0.0000, 0.0000,
    0.0000, 0.0000,   0.0000, 0.0000, 0.0000, 0.0000,
 material(1)='chmc',
@@@@@@@@@@@@@@@@@@@@@@@
 &end
*h*
*o*
zr
fe
nb
hf
ni
cr
u235
u238
o
gd54
gd55
gd56
gd57
****
@:corr
 &vvod &end
:fier
 &vvod &end
@:stop
:macr
 &vvod
@   et=20.0e+6,1.,1.,0.,
   et=20.0e+6,0.,
  nbv=1,2,3,4,5,6,7,8,9,10,11,12,13,14,15,16,17,18,19,20,21,22,23,24,25,26,27,28,29,
@  nbv=1,2,3,4,5,6,7,8,9,10,11,
 &end
:macr
 &vvod et=20.0e+6,1.,1.,0.,
  nbv=1,2,3,4,5,6,7,8,9,10,11,12,13,14,15,16,17,18,19,20,21,22,23,24,25,26,27,28,29,
@  nbv=4*1,
 &end
:stop
@:micr
 &vvod
@   et=20.0e+6,1.,1.,0.,
   et=20.0e+6,0.,
  nbv=1,2,3,4,5,6,7,8,9,10,11,12,13,14,
 &end
:burn
 &vvod qv=111.,dtim=5.,
 &end
:fier
 &vvod &end
:macr
 &vvod
@   et=20.0e+6,1.,1.,0.,
   et=20.0e+6,0.,
  nbv=1,2,3,4,5,6,7,8,9,10,11,12,13,14,15,16,17,18,19,20,21,22,23,24,25,26,27,28,29,
@  nbv=1,2,3,4,5,6,7,8,9,10,11,
 &end
@:micro
 &vvod et=20.e+8,0.,nbv(3)=1,nbv(10)=2,nbv(17)=3,
     izotprnt=100*0,izotprnt(12)=1,izotprnt(13)=1,
                 izotprnt(14)=1,izotprnt(15)=1,&end
@:micro
 &vvod et=20.e+8,0.,
                    nbv(7)=1,nbv(14)=2,nbv(21)=3,nbv(24)=4,
  izotprnt=100*0,izotprnt(9)=1,&end
@:corr
 &vvod &end
:stop
:burn
 &vvod qv=111.,dtim=30.,
 &end
:fier
 &vvod &end
:macr
 &vvod
@   et=20.0e+6,1.,1.,0.,
   et=20.0e+6,0.,
  nbv=1,2,3,4,5,6,7,8,9,10,11,12,13,14,15,16,17,18,19,20,21,22,23,24,25,26,
 &end
:macr
 &vvod
   et=20.0e+6,2.15,2.15,0.,
@   et=20.0e+6,0.,
  nbv=1,2,3,4,5,6,7,8,9,10,11,12,13,14,15,16,17,18,19,20,21,22,23,24,25,26,
 &end
:micro
 &vvod et=20.e+8,0.,nbv(3)=1,nbv(10)=2,nbv(17)=3,
     izotprnt=100*0,izotprnt(12)=1,izotprnt(13)=1,
                 izotprnt(14)=1,izotprnt(15)=1,&end
:micro
 &vvod et=20.e+8,0.,
                    nbv(7)=1,nbv(14)=2,nbv(21)=3,nbv(24)=4,
  izotprnt=100*0,izotprnt(9)=1,&end
:burn
 &vvod qv=111.,dtim=50.,
 &end
:fier
 &vvod &end
:macr
 &vvod
@   et=20.0e+6,1.,1.,0.,
   et=20.0e+6,0.,
  nbv=1,2,3,4,5,6,7,8,9,10,11,12,13,14,15,16,17,18,19,20,21,22,23,24,25,26,
 &end
:micro
 &vvod et=20.e+8,0.,nbv(3)=1,nbv(10)=2,nbv(17)=3,
     izotprnt=100*0,izotprnt(12)=1,izotprnt(13)=1,
                 izotprnt(14)=1,izotprnt(15)=1,&end
:micro
 &vvod et=20.e+8,0.,
                    nbv(7)=1,nbv(14)=2,nbv(21)=3,nbv(24)=4,
  izotprnt=100*0,izotprnt(9)=1,&end
:burn
 &vvod qv=111.,dtim=50.,
 &end
:fier
 &vvod &end
:macr
 &vvod
@   et=20.0e+6,1.,1.,0.,
   et=20.0e+6,0.,
  nbv=1,2,3,4,5,6,7,8,9,10,11,12,13,14,15,16,17,18,19,20,21,22,23,24,25,26,
 &end
:micro
 &vvod et=20.e+8,0.,nbv(3)=1,nbv(10)=2,nbv(17)=3,
     izotprnt=100*0,izotprnt(12)=1,izotprnt(13)=1,
                 izotprnt(14)=1,izotprnt(15)=1,&end
:micro
 &vvod et=20.e+8,0.,
                    nbv(7)=1,nbv(14)=2,nbv(21)=3,nbv(24)=4,
  izotprnt=100*0,izotprnt(9)=1,&end
:burn
 &vvod qv=111.,dtim=50.,
 &end
:fier
 &vvod &end
:macr
 &vvod
@   et=20.0e+6,1.,1.,0.,
   et=20.0e+6,0.,
  nbv=1,2,3,4,5,6,7,8,9,10,11,12,13,14,15,16,17,18,19,20,21,22,23,24,25,26,
 &end
:micro
 &vvod et=20.e+8,0.,nbv(3)=1,nbv(10)=2,nbv(17)=3,
     izotprnt=100*0,izotprnt(12)=1,izotprnt(13)=1,
                 izotprnt(14)=1,izotprnt(15)=1,&end
:micro
 &vvod et=20.e+8,0.,
                    nbv(7)=1,nbv(14)=2,nbv(21)=3,nbv(24)=4,
  izotprnt=100*0,izotprnt(9)=1,&end
:burn
 &vvod qv=111.,dtim=50.,
 &end
:fier
 &vvod &end
:macr
 &vvod
@   et=20.0e+6,1.,1.,0.,
   et=20.0e+6,0.,
  nbv=1,2,3,4,5,6,7,8,9,10,11,12,13,14,15,16,17,18,19,20,21,22,23,24,25,26,
 &end
:micro
 &vvod et=20.e+8,0.,nbv(3)=1,nbv(10)=2,nbv(17)=3,
     izotprnt=100*0,izotprnt(12)=1,izotprnt(13)=1,
                 izotprnt(14)=1,izotprnt(15)=1,&end
:micro
 &vvod et=20.e+8,0.,
                    nbv(7)=1,nbv(14)=2,nbv(21)=3,nbv(24)=4,
  izotprnt=100*0,izotprnt(9)=1,&end
:burn
 &vvod qv=111.,dtim=50.,
 &end
:fier
 &vvod &end
:macr
 &vvod
@   et=20.0e+6,1.,1.,0.,
   et=20.0e+6,0.,
  nbv=1,2,3,4,5,6,7,8,9,10,11,12,13,14,15,16,17,18,19,20,21,22,23,24,25,26,
 &end
:micro
 &vvod et=20.e+8,0.,nbv(3)=1,nbv(10)=2,nbv(17)=3,
     izotprnt=100*0,izotprnt(12)=1,izotprnt(13)=1,
                 izotprnt(14)=1,izotprnt(15)=1,&end
:micro
 &vvod et=20.e+8,0.,
                    nbv(7)=1,nbv(14)=2,nbv(21)=3,nbv(24)=4,
  izotprnt=100*0,izotprnt(9)=1,&end
:burn
 &vvod qv=111.,dtim=50.,
 &end
:fier
 &vvod &end
:macr
 &vvod
@   et=20.0e+6,1.,1.,0.,
   et=20.0e+6,0.,
  nbv=1,2,3,4,5,6,7,8,9,10,11,12,13,14,15,16,17,18,19,20,21,22,23,24,25,26,
 &end
:micro
 &vvod et=20.e+8,0.,nbv(3)=1,nbv(10)=2,nbv(17)=3,
     izotprnt=100*0,izotprnt(12)=1,izotprnt(13)=1,
                 izotprnt(14)=1,izotprnt(15)=1,&end
:micro
 &vvod et=20.e+8,0.,
                    nbv(7)=1,nbv(14)=2,nbv(21)=3,nbv(24)=4,
  izotprnt=100*0,izotprnt(9)=1,&end
:burn
 &vvod qv=111.,dtim=50.,
 &end
:fier
 &vvod &end
:macr
 &vvod
@   et=20.0e+6,1.,1.,0.,
   et=20.0e+6,0.,
  nbv=1,2,3,4,5,6,7,8,9,10,11,12,13,14,15,16,17,18,19,20,21,22,23,24,25,26,
 &end
:micro
 &vvod et=20.e+8,0.,nbv(3)=1,nbv(10)=2,nbv(17)=3,
     izotprnt=100*0,izotprnt(12)=1,izotprnt(13)=1,
                 izotprnt(14)=1,izotprnt(15)=1,&end
:micro
 &vvod et=20.e+8,0.,
                    nbv(7)=1,nbv(14)=2,nbv(21)=3,nbv(24)=4,
  izotprnt=100*0,izotprnt(9)=1,&end
:burn
 &vvod qv=111.,dtim=50.,
 &end
:fier
 &vvod &end
:macr
 &vvod
@   et=20.0e+6,1.,1.,0.,
   et=20.0e+6,0.,
  nbv=1,2,3,4,5,6,7,8,9,10,11,12,13,14,15,16,17,18,19,20,21,22,23,24,25,26,
 &end
:macr
 &vvod
   et=20.0e+6,2.15,2.15,0.,
@   et=20.0e+6,0.,
  nbv=1,2,3,4,5,6,7,8,9,10,11,12,13,14,15,16,17,18,19,20,21,22,23,24,25,26,
 &end
:micro
 &vvod et=20.e+8,0.,nbv(3)=1,nbv(10)=2,nbv(17)=3,
     izotprnt=100*0,izotprnt(12)=1,izotprnt(13)=1,
                 izotprnt(14)=1,izotprnt(15)=1,&end
:micro
 &vvod et=20.e+8,0.,
                    nbv(7)=1,nbv(14)=2,nbv(21)=3,nbv(24)=4,
  izotprnt=100*0,izotprnt(9)=1,&end
:stop
:micr
 &vvod et=20.0e+6,0.,
  nbv(1)=1,nbv(3)=1,
  izotprnt=100*-1,izotprnt(1)=1,izotprnt(2)=1,izotprnt(6)=1,izotprnt(7)=1,
                  izotprnt(27)=1,izotprnt(28)=1,izotprnt(29)=1,
 &end
:micr
 &vvod et=20.0e+6,0.,
  nbv(2)=1,nbv(4)=1,
  izotprnt=100*-1,izotprnt(1)=1,izotprnt(2)=1,izotprnt(6)=1,izotprnt(7)=1,
                  izotprnt(27)=1,izotprnt(28)=1,izotprnt(29)=1,
 &end
@:micr
 &vvod et=20.0e+6,0.,
  nbv(16)=4*1,nbv(22)=4*1,
  izotprnt=100*-1,izotprnt(10)=1,izotprnt(11)=1,
 &end
@:micr
 &vvod et=20.0e+6,0.,
  nbv(16)=1,2,3,4,nbv(22)=1,2,3,4,
  izotprnt=100*-1,izotprnt(10)=1,izotprnt(11)=1,
 &end
@:stop
:burn
 &vvod qv=39.,dtim=4.4,
 &end
:macr
 &vvod et=20.0e+6,1.,1.,0.,
  nbv=4*1,
 &end
:macr
 &vvod et=20.0e+6,1.,1.,0.,
  nbv=1,2,3,4,
 &end
:micr
 &vvod et=20.0e+6,0.,
  nbv(1)=1,nbv(3)=1,nbv(2)=2,nbv(4)=2,
  izotprnt=100*-1,izotprnt(1)=1,izotprnt(2)=1,izotprnt(6)=1,izotprnt(7)=1,
                  izotprnt(27)=1,izotprnt(28)=1,izotprnt(29)=1,
 &end
@:corr
 &vvod &end
:stop
 ***** end of   file of input data set *******
:poly                                                                           
  rout and rin were constructed
Rout= 0.010, 0.020, 0.035, 0.040, 0.050, 0.070, 0.100, 0.455, 0.696, 0.368,
 0.455, 0.696,
Rin = 0.000, 0.010, 0.020, 0.035, 0.040, 0.050, 0.070, 0.000, 0.455, 0.000,
 0.368, 0.455,
  nsos  was constructed
nsos=  1,  1,  1,  2,  2,  2,  2,  4,  5,  2,
  4,  5,
 definition izotr in sos           2:izotr=   10.00000    
 definition izotr in sos           3:izotr=   10.00000    
 definition izotr in sos           6:izotr=   10.00000    
  *******<< check input data>> programm declare *******
    --undeclared parametr--cefzad  -- programm standart value --cefzad  =  0.100000E+01
  *******<< check input data>> programm declare *******
    --undeclared parametr--bakl    -- programm standart value --bakl    =  0.000000E+00
  *******<< check input data>> programm declare *******
    --undeclared parametr--alcorr  -- programm standart value --alcorr  =  0.100000E+01  0.100000E+01
     0.100000E+01  0.100000E+01  0.100000E+01  0.100000E+01  0.100000E+01  0.100000E+01  0.100000E+01
     0.100000E+01  0.100000E+01  0.100000E+01  0.100000E+01  0.100000E+01  0.100000E+01  0.100000E+01
     0.100000E+01  0.100000E+01  0.100000E+01  0.100000E+01  0.100000E+01  0.100000E+01  0.100000E+01
     0.100000E+01  0.100000E+01  0.100000E+01  0.100000E+01  0.100000E+01  0.100000E+01  0.100000E+01
     0.100000E+01  0.100000E+01  0.100000E+01  0.100000E+01  0.100000E+01  0.100000E+01
  *******<< check input data>> programm declare *******
    --uncorrected definition--alin    --bat programm use this value --alin      0.000000E+00  0.000000E+00
     0.000000E+00  0.000000E+00  0.000000E+00  0.000000E+00  0.000000E+00  0.000000E+00  0.000000E+00
     0.000000E+00  0.000000E+00  0.000000E+00  0.000000E+00  0.000000E+00  0.000000E+00  0.000000E+00
     0.000000E+00  0.000000E+00  0.000000E+00  0.000000E+00  0.000000E+00  0.000000E+00  0.000000E+00
     0.000000E+00  0.000000E+00  0.000000E+00  0.000000E+00  0.000000E+00  0.000000E+00  0.000000E+00
     0.000000E+00  0.000000E+00  0.000000E+00  0.000000E+00  0.000000E+00  0.000000E+00
  *******<< check input data>> programm declare *******
    --uncorrected definition--alout   --bat programm use this value --alout     0.333300E+00  0.666700E+00
     0.000000E+00  0.000000E+00  0.000000E+00  0.000000E+00  0.111100E+00  0.555600E+00  0.333300E+00
     0.000000E+00  0.000000E+00  0.000000E+00  0.000000E+00  0.166700E+00  0.555600E+00  0.000000E+00
     0.000000E+00  0.000000E+00  0.000000E+00  0.000000E+00  0.000000E+00  0.000000E+00  0.100000E+01
     0.000000E+00  0.000000E+00  0.000000E+00  0.000000E+00  0.166700E+00  0.333300E+00  0.500000E+00
     0.000000E+00  0.000000E+00  0.000000E+00  0.000000E+00  0.146300E+00  0.853700E+00
  *******<< check input data>> programm declare *******
    --undeclared parametr--nbv     -- programm standart value --nbv     =    1    1    1    1    1    1
       1    1    1    1    1    1
  *******<< check input data>> programm declare *******
    --undeclared parametr--et      -- programm standart value --et      =  0.105000E+08  0.215000E+01
     0.215000E+01  0.000000E+00
    ????  storage for pr. getter =     2900 ?? common /rrr/ rab(        0 )  ????
 ------------------------------------------------------------------------------
  backling =  0.0000000E+00
 ------------------------------------------------------------------------------
  number of cells =           6
          cell number    1  number of zone= 7
 << geometry characteristics >>
    geometry of cell- sphere      index=           3
  kratnost of cell =   2.000000    
  inner radius of cell =  0.0000000E+00
  out square ratio =  0.3333000      0.6667000      0.0000000E+00  0.0000000E+00
  0.0000000E+00  0.0000000E+00
 ------------------------------------------------------------------------------
 num zone      1           2           3           4           5           6
 radius   0.10000E-01 0.20000E-01 0.34550E-01 0.40000E-01 0.50000E-01 0.70000E-01
 temper   0.10000E+04 0.10000E+04 0.10000E+04 0.10000E+04 0.10000E+04 0.10000E+04
 rez_izot    bad         bad         bad         u238        u238        u238
 ------------------------------------------------------------------------------
    izotop   /             concentration number of izotops=67
  9 u235     0.00000E+00 0.00000E+00 0.00000E+00 0.11500E-02 0.11500E-02 0.11500E-02
 10 u238     0.00000E+00 0.00000E+00 0.00000E+00 0.22500E-01 0.22500E-01 0.22500E-01
 11 o        0.36600E-01 0.36600E-01 0.36600E-01 0.50000E-01 0.50000E-01 0.50000E-01
 12 gd54     0.51000E-03 0.51000E-03 0.51000E-03 0.00000E+00 0.00000E+00 0.00000E+00
 13 gd55     0.36100E-02 0.36100E-02 0.36100E-02 0.00000E+00 0.00000E+00 0.00000E+00
 14 gd56     0.50260E-02 0.50260E-02 0.50260E-02 0.00000E+00 0.00000E+00 0.00000E+00
 15 gd57     0.38300E-02 0.38300E-02 0.38300E-02 0.00000E+00 0.00000E+00 0.00000E+00
 num zone      7
 radius   0.10000E+00
 temper   0.10000E+04
 rez_izot    u238
 ------------------------------------------------------------------------------
    izotop   /             concentration number of izotops=67
  9 u235     0.11500E-02
 10 u238     0.22500E-01
 11 o        0.50000E-01
 ------------------------------------------------------------------------------
  number of cells =           6
          cell number    2  number of zone= 7
 << geometry characteristics >>
    geometry of cell- sphere      index=           3
  kratnost of cell =   12.00000    
  inner radius of cell =  0.0000000E+00
  out square ratio =  0.1111000      0.5556000      0.3333000      0.0000000E+00
  0.0000000E+00  0.0000000E+00
 ------------------------------------------------------------------------------
 num zone      8           9          10          11          12          13
 radius   0.10000E-01 0.20000E-01 0.34550E-01 0.40000E-01 0.50000E-01 0.70000E-01
 temper   0.10000E+04 0.10000E+04 0.10000E+04 0.10000E+04 0.10000E+04 0.10000E+04
 rez_izot    bad         bad         bad         u238        u238        u238
 ------------------------------------------------------------------------------
    izotop   /             concentration number of izotops=67
  9 u235     0.00000E+00 0.00000E+00 0.00000E+00 0.11500E-02 0.11500E-02 0.11500E-02
 10 u238     0.00000E+00 0.00000E+00 0.00000E+00 0.22500E-01 0.22500E-01 0.22500E-01
 11 o        0.36600E-01 0.36600E-01 0.36600E-01 0.50000E-01 0.50000E-01 0.50000E-01
 12 gd54     0.51000E-03 0.51000E-03 0.51000E-03 0.00000E+00 0.00000E+00 0.00000E+00
 13 gd55     0.36100E-02 0.36100E-02 0.36100E-02 0.00000E+00 0.00000E+00 0.00000E+00
 14 gd56     0.50260E-02 0.50260E-02 0.50260E-02 0.00000E+00 0.00000E+00 0.00000E+00
 15 gd57     0.38300E-02 0.38300E-02 0.38300E-02 0.00000E+00 0.00000E+00 0.00000E+00
 num zone     14
 radius   0.10000E+00
 temper   0.10000E+04
 rez_izot    u238
 ------------------------------------------------------------------------------
    izotop   /             concentration number of izotops=67
  9 u235     0.11500E-02
 10 u238     0.22500E-01
 11 o        0.50000E-01
 ------------------------------------------------------------------------------
  number of cells =           6
          cell number    3  number of zone= 7
 << geometry characteristics >>
    geometry of cell- sphere      index=           3
  kratnost of cell =   24.00000    
  inner radius of cell =  0.0000000E+00
  out square ratio =  0.0000000E+00  0.1667000      0.5556000      0.0000000E+00
  0.0000000E+00  0.0000000E+00
 ------------------------------------------------------------------------------
 num zone     15          16          17          18          19          20
 radius   0.10000E-01 0.20000E-01 0.34550E-01 0.40000E-01 0.50000E-01 0.70000E-01
 temper   0.10000E+04 0.10000E+04 0.10000E+04 0.10000E+04 0.10000E+04 0.10000E+04
 rez_izot    bad         bad         bad         u238        u238        u238
 ------------------------------------------------------------------------------
    izotop   /             concentration number of izotops=67
  9 u235     0.00000E+00 0.00000E+00 0.00000E+00 0.11500E-02 0.11500E-02 0.11500E-02
 10 u238     0.00000E+00 0.00000E+00 0.00000E+00 0.22500E-01 0.22500E-01 0.22500E-01
 11 o        0.36600E-01 0.36600E-01 0.36600E-01 0.50000E-01 0.50000E-01 0.50000E-01
 12 gd54     0.51000E-03 0.51000E-03 0.51000E-03 0.00000E+00 0.00000E+00 0.00000E+00
 13 gd55     0.36100E-02 0.36100E-02 0.36100E-02 0.00000E+00 0.00000E+00 0.00000E+00
 14 gd56     0.50260E-02 0.50260E-02 0.50260E-02 0.00000E+00 0.00000E+00 0.00000E+00
 15 gd57     0.38300E-02 0.38300E-02 0.38300E-02 0.00000E+00 0.00000E+00 0.00000E+00
 num zone     21
 radius   0.10000E+00
 temper   0.10000E+04
 rez_izot    u238
 ------------------------------------------------------------------------------
    izotop   /             concentration number of izotops=67
  9 u235     0.11500E-02
 10 u238     0.22500E-01
 11 o        0.50000E-01
 ------------------------------------------------------------------------------
  number of cells =           6
          cell number    4  number of zone= 2
 << geometry characteristics >>
    geometry of cell- cilindrical index=           2
  kratnost of cell =   2.000000    
  inner radius of cell =  0.3860000    
  out square ratio =  0.0000000E+00  0.0000000E+00  0.0000000E+00  0.0000000E+00
   1.000000      0.0000000E+00
 ------------------------------------------------------------------------------
 num zone     22          23
 radius   0.45500E+00 0.69550E+00
 temper   0.10000E+04 0.57900E+03
 rez_izot    bad         bad 
 ------------------------------------------------------------------------------
    izotop   /             concentration number of izotops=67
  1 *h*      0.00000E+00 0.47500E-01
  2 *o*      0.00000E+00 0.23700E-01
  3 zr       0.39860E-01 0.00000E+00
  4 fe       0.30700E-02 0.30400E-02
  5 nb       0.39500E-03 0.00000E+00
  6 hf       0.61500E-05 0.00000E+00
  7 ni       0.43700E-03 0.00000E+00
  8 cr       0.90200E-03 0.00000E+00
 ------------------------------------------------------------------------------
  number of cells =           6
          cell number    5  number of zone= 3
 << geometry characteristics >>
    geometry of cell- cilindrical index=           2
  kratnost of cell =   12.00000    
  inner radius of cell =  0.0000000E+00
  out square ratio =  0.0000000E+00  0.0000000E+00  0.0000000E+00  0.1667000    
  0.3333000      0.5000000    
 ------------------------------------------------------------------------------
 num zone     24          25          26
 radius   0.36800E+00 0.45500E+00 0.69550E+00
 temper   0.10000E+04 0.10000E+04 0.57900E+03
 rez_izot    u238        bad         bad 
 ------------------------------------------------------------------------------
    izotop   /             concentration number of izotops=67
  1 *h*      0.00000E+00 0.00000E+00 0.47500E-01
  2 *o*      0.00000E+00 0.00000E+00 0.23700E-01
  3 zr       0.00000E+00 0.39860E-01 0.00000E+00
  4 fe       0.00000E+00 0.30700E-02 0.30400E-02
  5 nb       0.00000E+00 0.39500E-03 0.00000E+00
  6 hf       0.00000E+00 0.61500E-05 0.00000E+00
  7 ni       0.00000E+00 0.43700E-03 0.00000E+00
  8 cr       0.00000E+00 0.90200E-03 0.00000E+00
  9 u235     0.11500E-02 0.00000E+00 0.00000E+00
 10 u238     0.22500E-01 0.00000E+00 0.00000E+00
 11 o        0.50000E-01 0.00000E+00 0.00000E+00
 ------------------------------------------------------------------------------
  number of cells =           6
          cell number    6  number of zone= 3
 << geometry characteristics >>
    geometry of cell- cilindrical index=           2
  kratnost of cell =   41.00000    
  inner radius of cell =  0.0000000E+00
  out square ratio =  0.0000000E+00  0.0000000E+00  0.0000000E+00  0.0000000E+00
  0.1463000      0.8537000    
 ------------------------------------------------------------------------------
 num zone     27          28          29
 radius   0.36800E+00 0.45500E+00 0.69550E+00
 temper   0.10000E+04 0.10000E+04 0.57900E+03
 rez_izot    u238        bad         bad 
 ------------------------------------------------------------------------------
    izotop   /             concentration number of izotops=67
  1 *h*      0.00000E+00 0.00000E+00 0.47500E-01
  2 *o*      0.00000E+00 0.00000E+00 0.23700E-01
  3 zr       0.00000E+00 0.39860E-01 0.00000E+00
  4 fe       0.00000E+00 0.30700E-02 0.30400E-02
  5 nb       0.00000E+00 0.39500E-03 0.00000E+00
  6 hf       0.00000E+00 0.61500E-05 0.00000E+00
  7 ni       0.00000E+00 0.43700E-03 0.00000E+00
  8 cr       0.00000E+00 0.90200E-03 0.00000E+00
  9 u235     0.11500E-02 0.00000E+00 0.00000E+00
 10 u238     0.22500E-01 0.00000E+00 0.00000E+00
 11 o        0.50000E-01 0.00000E+00 0.00000E+00
 Cdankov s0 in zone   4 = 0.42529E-03 0.11266E-01
 Cdankov s0 in zone   8 = 0.42610E-03 0.11288E-01
 Cdankov s0 in zone  12 = 0.66894E-01 0.17721E+01
 Cdankov s0 in zone  15 = 0.71606E+00 0.11286E+01
 Cdankov s0 in zone  18 = 0.71790E+00 0.11315E+01
    > CONSYST Program Ver: 98.01 > started at  0: 0: 0:  
    { Manturov G., E-mail: abbn@ippe.rssi.ru}
 
       -------------------------------
 
       CONSYST INPUT DATA READ FROM : cons.dat
       CONSYST PROTOCOL STORED IN   : RESULT
       GMF X-SECTION'S FILE         : OUT
       TEMPORARY FILE               : RAB
       ABBN BASIC DATA SET FROM     : ..\bin\Bnab90.lib
       ABBN MULTIC DATA SET FROM    : ..\bin\Bnabmlt.lib
       ABBN THERMAL DATA SET FROM   : ..\bin\BNABTHM.lib
 
    >   Include Thermal Matrix > H(H2O):BNABTHM.BIN   Temp=  500K
    >   Include Thermal Matrix > H(H2O):BNABTHM.BIN   Temp=  600K
    >   Include Thermal Matrix > H(H2O):BNABTHM.BIN   Temp=  500K
    >   Include Thermal Matrix > H(H2O):BNABTHM.BIN   Temp=  600K
    >   Include Thermal Matrix > H(H2O):BNABTHM.BIN   Temp=  500K
    >   Include Thermal Matrix > H(H2O):BNABTHM.BIN   Temp=  600K
    > CONSYST finished at  0: 0: 0:  
 therm. calculation avoided
 therm. calculation avoided
 therm. calculation avoided
 therm. calculation avoided
 therm. calculation avoided
 therm. calculation avoided
 therm. calculation avoided
 therm. calculation avoided
 *************************************************
   ***k(inf)= 1.31967     ***k(itt)= 1.31996     ***k(integ)= 1.31967    ***
   **bakl=  0.0000     **length= 0.10000E+11  ***
   **matr.  alout*alcorr a(k,i)(k=1,ncel) ***
     * 0.33330     0.66670      0.0000      0.0000      0.0000      0.0000    
     * 0.11110     0.55560     0.33330      0.0000      0.0000      0.0000    
     *  0.0000     0.16670     0.55560      0.0000      0.0000      0.0000    
     *  0.0000      0.0000      0.0000      0.0000      1.0000      0.0000    
     *  0.0000      0.0000      0.0000     0.16670     0.33330     0.50000    
     *  0.0000      0.0000      0.0000      0.0000     0.14630     0.85370    
 lokal kner      in cell ,ru=           1=   1.539464       2.881900    
 lokal kner      in cell ,ru=           2=   1.761485       3.360590    
 lokal kner      in cell ,ru=           3=   2.448428       5.059182    
 lokal kner      in cell ,ru=           4=  0.0000000E+00  8.2274482E-02
 lokal kner      in cell ,ru=           5=  0.9717199      0.9490272    
 lokal kner      in cell ,ru=           6=  0.9903480      0.9632943    
:fier                                                                           
 condensation boundary was changed from  0.21500E+01 to  0.21544E+01
*** 4 *** ;egr=  2.1544    
    keff         nu           mu           fi           teta
   1.3197       1.8957       1.2691      0.62359      0.87964    
 s0z(n)=   0.0000000E+00  0.0000000E+00  0.0000000E+00  1.1266460E-02
  1.1266460E-02  1.1266460E-02  1.1266460E-02  0.0000000E+00  0.0000000E+00
  0.0000000E+00  1.1287956E-02  1.1287956E-02  1.1287956E-02  1.1287956E-02
  0.0000000E+00  0.0000000E+00  0.0000000E+00   1.772093       1.772093    
   1.772093       1.772093      0.0000000E+00  0.0000000E+00   1.128576    
  0.0000000E+00  0.0000000E+00   1.131466      0.0000000E+00  0.0000000E+00
:macr                                                                           
    -------------------------------------------------------------------------------
    * n group   * e(i)        * e(i+1)      *spect neutron fission  *
          1       0.20000E+08    0.0000            1.0000    
    *******************************************************************************
                                       **    macro cross section    **
    *******************************************************************************
    ** n zone    1 vzone= 0.83776E-05 /  1
*grp*flux 1/cm2c  * stotal      * sabs        * sfis.       * nu$sfis.    * 1/3*strans  *1/aver.veloci*aver power
  1   2.690670     0.5960356     0.3587698      0.000000      0.000000      1.232515     0.1502014E-11  0.000000      0.000000    
                                       * matric. scat.cross. sec. from i to j  *
       i / j -->            1
       i        1 0.2372659    
    ** n zone    2 vzone= 0.58643E-04 /  2
*grp*flux 1/cm2c  * stotal      * sabs        * sfis.       * nu$sfis.    * 1/3*strans  *1/aver.veloci*aver power
  1   2.696588     0.6500295     0.4119343      0.000000      0.000000      1.230863     0.1086776E-10  0.000000      0.000000    
                                       * matric. scat.cross. sec. from i to j  *
       i / j -->            1
       i        1 0.2380952    
    ** n zone    3 vzone= 0.27849E-03 /  3
*grp*flux 1/cm2c  * stotal      * sabs        * sfis.       * nu$sfis.    * 1/3*strans  *1/aver.veloci*aver power
  1   2.713021      1.284659      1.040349      0.000000      0.000000      1.225555     0.5837396E-10  0.000000      0.000000    
                                       * matric. scat.cross. sec. from i to j  *
       i / j -->            1
       i        1 0.2443100    
    ** n zone    4 vzone= 0.19065E-03 /  4
*grp*flux 1/cm2c  * stotal      * sabs        * sfis.       * nu$sfis.    * 1/3*strans  *1/aver.veloci*aver power
  1   2.763185     0.4163195     0.3666860E-01 0.1978379E-01 0.4918682E-01  1.208702     0.6236112E-10  1.341388     0.4020659    
                                       * matric. scat.cross. sec. from i to j  *
       i / j -->            1
       i        1 0.3796509    
    ** n zone    5 vzone= 0.51103E-03 /  5
*grp*flux 1/cm2c  * stotal      * sabs        * sfis.       * nu$sfis.    * 1/3*strans  *1/aver.veloci*aver power
  1   2.776227     0.4171130     0.3811330E-01 0.2092661E-01 0.5196135E-01  1.205454     0.1801676E-09  1.363339     0.4272989    
                                       * matric. scat.cross. sec. from i to j  *
       i / j -->            1
       i        1 0.3789996    
    ** n zone    6 vzone= 0.18263E-02 /  6
*grp*flux 1/cm2c  * stotal      * sabs        * sfis.       * nu$sfis.    * 1/3*strans  *1/aver.veloci*aver power
  1   2.787655     0.4178629     0.3942702E-01 0.2195252E-01 0.5445202E-01  1.202989     0.6858313E-09  1.381084     0.4500920    
                                       * matric. scat.cross. sec. from i to j  *
       i / j -->            1
       i        1 0.3784358    
    ** n zone    7 vzone= 0.55041E-02 /  7
*grp*flux 1/cm2c  * stotal      * sabs        * sfis.       * nu$sfis.    * 1/3*strans  *1/aver.veloci*aver power
  1   2.794182     0.4184259     0.4030823E-01 0.2261334E-01 0.5605617E-01  1.202005     0.2147773E-08  1.390688     0.4647263    
                                       * matric. scat.cross. sec. from i to j  *
       i / j -->            1
       i        1 0.3781177    
    ** n zone    8 vzone= 0.50265E-04 /  8
*grp*flux 1/cm2c  * stotal      * sabs        * sfis.       * nu$sfis.    * 1/3*strans  *1/aver.veloci*aver power
  1   2.688891     0.6336225     0.3956023      0.000000      0.000000      1.240253     0.9450111E-11  0.000000      0.000000    
                                       * matric. scat.cross. sec. from i to j  *
       i / j -->            1
       i        1 0.2380203    
    ** n zone    9 vzone= 0.35186E-03 /  9
*grp*flux 1/cm2c  * stotal      * sabs        * sfis.       * nu$sfis.    * 1/3*strans  *1/aver.veloci*aver power
  1   2.695521     0.6994427     0.4604035      0.000000      0.000000      1.238352     0.6863450E-10  0.000000      0.000000    
                                       * matric. scat.cross. sec. from i to j  *
       i / j -->            1
       i        1 0.2390392    
    ** n zone   10 vzone= 0.16709E-02 / 10
*grp*flux 1/cm2c  * stotal      * sabs        * sfis.       * nu$sfis.    * 1/3*strans  *1/aver.veloci*aver power
  1   2.714868      1.518492      1.271560      0.000000      0.000000      1.231918     0.3758985E-09  0.000000      0.000000    
                                       * matric. scat.cross. sec. from i to j  *
       i / j -->            1
       i        1 0.2469312    
    ** n zone   11 vzone= 0.11439E-02 / 11
*grp*flux 1/cm2c  * stotal      * sabs        * sfis.       * nu$sfis.    * 1/3*strans  *1/aver.veloci*aver power
  1   2.777795     0.4191658     0.4022531E-01 0.2218997E-01 0.5502475E-01  1.210565     0.4326785E-09  1.367914     0.4533513    
                                       * matric. scat.cross. sec. from i to j  *
       i / j -->            1
       i        1 0.3789401    
    ** n zone   12 vzone= 0.30662E-02 / 12
*grp*flux 1/cm2c  * stotal      * sabs        * sfis.       * nu$sfis.    * 1/3*strans  *1/aver.veloci*aver power
  1   2.793632     0.4202058     0.4206556E-01 0.2364653E-01 0.5856131E-01  1.206575     0.1259945E-08  1.392144     0.4858637    
                                       * matric. scat.cross. sec. from i to j  *
       i / j -->            1
       i        1 0.3781401    
    ** n zone   13 vzone= 0.10958E-01 / 13
*grp*flux 1/cm2c  * stotal      * sabs        * sfis.       * nu$sfis.    * 1/3*strans  *1/aver.veloci*aver power
  1   2.807497     0.4211958     0.4374608E-01 0.2495241E-01 0.6173192E-01  1.203484     0.4825870E-08  1.411142     0.5152401    
                                       * matric. scat.cross. sec. from i to j  *
       i / j -->            1
       i        1 0.3774497    
    ** n zone   14 vzone= 0.33024E-01 / 14
*grp*flux 1/cm2c  * stotal      * sabs        * sfis.       * nu$sfis.    * 1/3*strans  *1/aver.veloci*aver power
  1   2.815395     0.4219619     0.4489871E-01 0.2579459E-01 0.6377640E-01  1.202083     0.1516784E-07  1.420451     0.5341285    
                                       * matric. scat.cross. sec. from i to j  *
       i / j -->            1
       i        1 0.3770630    
    ** n zone   15 vzone= 0.10053E-03 / 15
*grp*flux 1/cm2c  * stotal      * sabs        * sfis.       * nu$sfis.    * 1/3*strans  *1/aver.veloci*aver power
  1   2.678824     0.7355138     0.4953281      0.000000      0.000000      1.256984     0.2113209E-10  0.000000      0.000000    
                                       * matric. scat.cross. sec. from i to j  *
       i / j -->            1
       i        1 0.2401857    
    ** n zone   16 vzone= 0.70372E-03 / 16
*grp*flux 1/cm2c  * stotal      * sabs        * sfis.       * nu$sfis.    * 1/3*strans  *1/aver.veloci*aver power
  1   2.687382     0.8345563     0.5928172      0.000000      0.000000      1.254385     0.1548728E-09  0.000000      0.000000    
                                       * matric. scat.cross. sec. from i to j  *
       i / j -->            1
       i        1 0.2417391    
    ** n zone   17 vzone= 0.33419E-02 / 17
*grp*flux 1/cm2c  * stotal      * sabs        * sfis.       * nu$sfis.    * 1/3*strans  *1/aver.veloci*aver power
  1   2.714895      2.196613      1.942131      0.000000      0.000000      1.244745     0.8888016E-09  0.000000      0.000000    
                                       * matric. scat.cross. sec. from i to j  *
       i / j -->            1
       i        1 0.2544819    
    ** n zone   18 vzone= 0.22878E-02 / 18
*grp*flux 1/cm2c  * stotal      * sabs        * sfis.       * nu$sfis.    * 1/3*strans  *1/aver.veloci*aver power
  1   2.815045     0.4478967     0.5776698E-01 0.2963300E-01 0.7308453E-01  1.210500     0.1204358E-08  1.265161     0.6135345    
                                       * matric. scat.cross. sec. from i to j  *
       i / j -->            1
       i        1 0.3901298    
    ** n zone   19 vzone= 0.61324E-02 / 19
*grp*flux 1/cm2c  * stotal      * sabs        * sfis.       * nu$sfis.    * 1/3*strans  *1/aver.veloci*aver power
  1   2.838985     0.4496480     0.6079180E-01 0.3198148E-01 0.7878763E-01  1.204517     0.3559834E-08  1.296024     0.6677893    
                                       * matric. scat.cross. sec. from i to j  *
       i / j -->            1
       i        1 0.3888564    
    ** n zone   20 vzone= 0.21916E-01 / 20
*grp*flux 1/cm2c  * stotal      * sabs        * sfis.       * nu$sfis.    * 1/3*strans  *1/aver.veloci*aver power
  1   2.860062     0.4516356     0.6380793E-01 0.3408085E-01 0.8388550E-01  1.199777     0.1379346E-07  1.314656     0.7169086    
                                       * matric. scat.cross. sec. from i to j  *
       i / j -->            1
       i        1 0.3878276    
    ** n zone   21 vzone= 0.66049E-01 / 21
*grp*flux 1/cm2c  * stotal      * sabs        * sfis.       * nu$sfis.    * 1/3*strans  *1/aver.veloci*aver power
  1   2.872355     0.4539659     0.6656177E-01 0.3544154E-01 0.8718895E-01  1.197289     0.4365262E-07  1.309895     0.7487358    
                                       * matric. scat.cross. sec. from i to j  *
       i / j -->            1
       i        1 0.3874042    
    ** n zone   22 vzone= 0.61495E-01 / 22
*grp*flux 1/cm2c  * stotal      * sabs        * sfis.       * nu$sfis.    * 1/3*strans  *1/aver.veloci*aver power
  1   3.006848     0.3165201     0.2564788E-02  0.000000      0.000000      1.186543     0.5627917E-07  0.000000      0.000000    
                                       * matric. scat.cross. sec. from i to j  *
       i / j -->            1
       i        1 0.3139552    
    ** n zone   23 vzone= 0.29322     / 23
*grp*flux 1/cm2c  * stotal      * sabs        * sfis.       * nu$sfis.    * 1/3*strans  *1/aver.veloci*aver power
  1   3.025216     0.7899560     0.1855828E-02  0.000000      0.000000      1.184983     0.2952670E-06  0.000000      0.000000    
                                       * matric. scat.cross. sec. from i to j  *
       i / j -->            1
       i        1 0.7881002    
    ** n zone   24 vzone= 0.86107     / 24
*grp*flux 1/cm2c  * stotal      * sabs        * sfis.       * nu$sfis.    * 1/3*strans  *1/aver.veloci*aver power
  1   3.071739     0.4533375     0.7479552E-01 0.4422075E-01 0.1085208      1.188642     0.7836231E-06  1.450900     0.9990522    
                                       * matric. scat.cross. sec. from i to j  *
       i / j -->            1
       i        1 0.3785421    
    ** n zone   25 vzone= 0.45526     / 25
*grp*flux 1/cm2c  * stotal      * sabs        * sfis.       * nu$sfis.    * 1/3*strans  *1/aver.veloci*aver power
  1   3.069613     0.3158726     0.2654913E-02  0.000000      0.000000      1.182597     0.4567442E-06  0.000000      0.000000    
                                       * matric. scat.cross. sec. from i to j  *
       i / j -->            1
       i        1 0.3132176    
    ** n zone   26 vzone=  1.7593     / 26
*grp*flux 1/cm2c  * stotal      * sabs        * sfis.       * nu$sfis.    * 1/3*strans  *1/aver.veloci*aver power
  1   3.066369     0.7956680     0.1933989E-02  0.000000      0.000000      1.181899     0.1876385E-05  0.000000      0.000000    
                                       * matric. scat.cross. sec. from i to j  *
       i / j -->            1
       i        1 0.7937343    
    ** n zone   27 vzone=  2.9420     / 27
*grp*flux 1/cm2c  * stotal      * sabs        * sfis.       * nu$sfis.    * 1/3*strans  *1/aver.veloci*aver power
  1   3.092498     0.4533423     0.7539266E-01 0.4476947E-01 0.1098585      1.188464     0.2732660E-05  1.457151      1.018285    
                                       * matric. scat.cross. sec. from i to j  *
       i / j -->            1
       i        1 0.3779498    
    ** n zone   28 vzone=  1.5555     / 28
*grp*flux 1/cm2c  * stotal      * sabs        * sfis.       * nu$sfis.    * 1/3*strans  *1/aver.veloci*aver power
  1   3.090077     0.3156587     0.2672428E-02  0.000000      0.000000      1.182144     0.1593147E-05  0.000000      0.000000    
                                       * matric. scat.cross. sec. from i to j  *
       i / j -->            1
       i        1 0.3129864    
    ** n zone   29 vzone=  6.0110     / 29
*grp*flux 1/cm2c  * stotal      * sabs        * sfis.       * nu$sfis.    * 1/3*strans  *1/aver.veloci*aver power
  1   3.086767     0.7970888     0.1959901E-02  0.000000      0.000000      1.181232     0.6544862E-05  0.000000      0.000000    
                                       * matric. scat.cross. sec. from i to j  *
       i / j -->            1
       i        1 0.7951291    
:macr                                                                           
    -------------------------------------------------------------------------------
    * n group   * e(i)        * e(i+1)      *spect neutron fission  *
          1       0.20000E+08    1.0000            1.0000    
          2        1.0000        0.0000           0.40018E-09
    *******************************************************************************
                                       **    macro cross section    **
    *******************************************************************************
    ** n zone    1 vzone= 0.83776E-05 /  1
*grp*flux 1/cm2c  * stotal      * sabs        * sfis.       * nu$sfis.    * 1/3*strans  *1/aver.veloci*aver power
  1   2.611967     0.3948683     0.1566391      0.000000      0.000000      1.255452     0.8228001E-12  0.000000      0.000000    
  2  0.7870386E-01  7.272232      7.066937      0.000000      0.000000     0.4712831     0.6792136E-12  0.000000      0.000000    
                                       * matric. scat.cross. sec. from i to j  *
       i / j -->            1           2
       i        1 0.2382122     0.1692971E-04
       i        2  0.000000     0.2052956    
    ** n zone    2 vzone= 0.58643E-04 /  2
*grp*flux 1/cm2c  * stotal      * sabs        * sfis.       * nu$sfis.    * 1/3*strans  *1/aver.veloci*aver power
  1   2.614110     0.3977569     0.1594658      0.000000      0.000000      1.254951     0.5790515E-11  0.000000      0.000000    
  2  0.8247782E-01  8.645735      8.413848      0.000000      0.000000     0.4674069     0.5077246E-11  0.000000      0.000000    
                                       * matric. scat.cross. sec. from i to j  *
       i / j -->            1           2
       i        1 0.2382741     0.1697375E-04
       i        2  0.000000     0.2318879    
    ** n zone    3 vzone= 0.27849E-03 /  3
*grp*flux 1/cm2c  * stotal      * sabs        * sfis.       * nu$sfis.    * 1/3*strans  *1/aver.veloci*aver power
  1   2.617699     0.4031413     0.1647393      0.000000      0.000000      1.254147     0.2775113E-10  0.000000      0.000000    
  2  0.9532169E-01  25.49266      25.08611      0.000000      0.000000     0.4403581     0.3062283E-10  0.000000      0.000000    
                                       * matric. scat.cross. sec. from i to j  *
       i / j -->            1           2
       i        1 0.2383851     0.1704353E-04
       i        2  0.000000     0.4065541    
    ** n zone    4 vzone= 0.19065E-03 /  4
*grp*flux 1/cm2c  * stotal      * sabs        * sfis.       * nu$sfis.    * 1/3*strans  *1/aver.veloci*aver power
  1   2.622316     0.4131761     0.2471725E-01 0.9978973E-02 0.2539913E-01  1.253031     0.1921480E-10  1.027587     0.1924637    
  2  0.1408685     0.4748358     0.2591471     0.2023038     0.4920030     0.3835144     0.4314632E-10  1.898547     0.2096023    
                                       * matric. scat.cross. sec. from i to j  *
       i / j -->            1           2
       i        1 0.3884154     0.4343274E-04
       i        2  0.000000     0.2156887    
    ** n zone    5 vzone= 0.51103E-03 /  5
*grp*flux 1/cm2c  * stotal      * sabs        * sfis.       * nu$sfis.    * 1/3*strans  *1/aver.veloci*aver power
  1   2.624514     0.4132082     0.2477222E-01 0.9994082E-02 0.2543517E-01  1.252681     0.5179309E-10  1.026762     0.1929167    
  2  0.1517132     0.4846634     0.2689032     0.2100504     0.5108426     0.3884629     0.1283745E-09  1.899727     0.2343823    
                                       * matric. scat.cross. sec. from i to j  *
       i / j -->            1           2
       i        1 0.3883923     0.4355651E-04
       i        2  0.000000     0.2157602    
    ** n zone    6 vzone= 0.18263E-02 /  6
*grp*flux 1/cm2c  * stotal      * sabs        * sfis.       * nu$sfis.    * 1/3*strans  *1/aver.veloci*aver power
  1   2.626190     0.4132783     0.2484420E-01 0.1001138E-01 0.2547653E-01  1.252748     0.1860851E-09  1.025452     0.1933739    
  2  0.1614649     0.4924294     0.2766133     0.2161726     0.5257319     0.3936675     0.4997462E-09  1.900602     0.2567181    
                                       * matric. scat.cross. sec. from i to j  *
       i / j -->            1           2
       i        1 0.3883905     0.4370108E-04
       i        2  0.000000     0.2158161    
    ** n zone    7 vzone= 0.55041E-02 /  7
*grp*flux 1/cm2c  * stotal      * sabs        * sfis.       * nu$sfis.    * 1/3*strans  *1/aver.veloci*aver power
  1   2.626558     0.4134104     0.2493678E-01 0.1002972E-01 0.2552048E-01  1.253509     0.5630397E-09  1.023407     0.1937553    
  2  0.1676240     0.4970164     0.2811688     0.2197905     0.5345306     0.3949597     0.1584733E-08  1.901102     0.2709710    
                                       * matric. scat.cross. sec. from i to j  *
       i / j -->            1           2
       i        1 0.3884297     0.4385940E-04
       i        2  0.000000     0.2158476    
    ** n zone    8 vzone= 0.50265E-04 /  8
*grp*flux 1/cm2c  * stotal      * sabs        * sfis.       * nu$sfis.    * 1/3*strans  *1/aver.veloci*aver power
  1   2.604819     0.4017870     0.1630730      0.000000      0.000000      1.265783     0.5044621E-11  0.000000      0.000000    
  2  0.8407245E-01  7.816588      7.600063      0.000000      0.000000     0.4492778     0.4405490E-11  0.000000      0.000000    
                                       * matric. scat.cross. sec. from i to j  *
       i / j -->            1           2
       i        1 0.2386965     0.1746988E-04
       i        2  0.000000     0.2165246    
    ** n zone    9 vzone= 0.35186E-03 /  9
*grp*flux 1/cm2c  * stotal      * sabs        * sfis.       * nu$sfis.    * 1/3*strans  *1/aver.veloci*aver power
  1   2.607047     0.4049328     0.1661515      0.000000      0.000000      1.265276     0.3550733E-10  0.000000      0.000000    
  2  0.8847347E-01  9.377763      9.131124      0.000000      0.000000     0.4449741     0.3312717E-10  0.000000      0.000000    
                                       * matric. scat.cross. sec. from i to j  *
       i / j -->            1           2
       i        1 0.2387638     0.1751472E-04
       i        2  0.000000     0.2466391    
    ** n zone   10 vzone= 0.16709E-02 / 10
*grp*flux 1/cm2c  * stotal      * sabs        * sfis.       * nu$sfis.    * 1/3*strans  *1/aver.veloci*aver power
  1   2.610787     0.4108120     0.1719099      0.000000      0.000000      1.264461     0.1702178E-09  0.000000      0.000000    
  2  0.1040811      29.30370      28.85537      0.000000      0.000000     0.4156040     0.2056807E-09  0.000000      0.000000    
                                       * matric. scat.cross. sec. from i to j  *
       i / j -->            1           2
       i        1 0.2388844     0.1758562E-04
       i        2  0.000000     0.4483350    
    ** n zone   11 vzone= 0.11439E-02 / 11
*grp*flux 1/cm2c  * stotal      * sabs        * sfis.       * nu$sfis.    * 1/3*strans  *1/aver.veloci*aver power
  1   2.615630     0.4145823     0.2552770E-01 0.1013014E-01 0.2576087E-01  1.263330     0.1179015E-09  1.009134     0.1948811    
  2  0.1621653     0.4930960     0.2772891     0.2167080     0.5270340     0.3594905     0.3147770E-09  1.900666     0.2584702    
                                       * matric. scat.cross. sec. from i to j  *
       i / j -->            1           2
       i        1 0.3890094     0.4481010E-04
       i        2  0.000000     0.2158069    
    ** n zone   12 vzone= 0.30662E-02 / 12
*grp*flux 1/cm2c  * stotal      * sabs        * sfis.       * nu$sfis.    * 1/3*strans  *1/aver.veloci*aver power
  1   2.617908     0.4146267     0.2559476E-01 0.1014587E-01 0.2579837E-01  1.262982     0.3178526E-09  1.007955     0.1953537    
  2  0.1757239     0.5033234     0.2874451     0.2247773     0.5466586     0.3662387     0.9420925E-09  1.901785     0.2905100    
                                       * matric. scat.cross. sec. from i to j  *
       i / j -->            1           2
       i        1 0.3889869     0.4493629E-04
       i        2  0.000000     0.2158783    
    ** n zone   13 vzone= 0.10958E-01 / 13
*grp*flux 1/cm2c  * stotal      * sabs        * sfis.       * nu$sfis.    * 1/3*strans  *1/aver.veloci*aver power
  1   2.619583     0.4147290     0.2569295E-01 0.1016399E-01 0.2584160E-01  1.263055     0.1142180E-08  1.005786     0.1958277    
  2  0.1879140     0.5113463     0.2954127     0.2311079     0.5620548     0.3730462     0.3683691E-08  1.902609     0.3194124    
                                       * matric. scat.cross. sec. from i to j  *
       i / j -->            1           2
       i        1 0.3889909     0.4508531E-04
       i        2  0.000000     0.2159336    
    ** n zone   14 vzone= 0.33024E-01 / 14
*grp*flux 1/cm2c  * stotal      * sabs        * sfis.       * nu$sfis.    * 1/3*strans  *1/aver.veloci*aver power
  1   2.619783     0.4149318     0.2583986E-01 0.1018340E-01 0.2588790E-01  1.263820     0.3456362E-08  1.001859     0.1962167    
  2  0.1956119     0.5161139     0.3001492     0.2348715     0.5712081     0.3752458     0.1171148E-07  1.903080     0.3379119    
                                       * matric. scat.cross. sec. from i to j  *
       i / j -->            1           2
       i        1 0.3890466     0.4525138E-04
       i        2  0.000000     0.2159647    
    ** n zone   15 vzone= 0.10053E-03 / 15
*grp*flux 1/cm2c  * stotal      * sabs        * sfis.       * nu$sfis.    * 1/3*strans  *1/aver.veloci*aver power
  1   2.581065     0.4202373     0.1801292      0.000000      0.000000      1.289436     0.1061594E-10  0.000000      0.000000    
  2  0.9775939E-01  9.059513      8.817281      0.000000      0.000000     0.4001839     0.1051615E-10  0.000000      0.000000    
                                       * matric. scat.cross. sec. from i to j  *
       i / j -->            1           2
       i        1 0.2400893     0.1880961E-04
       i        2  0.000000     0.2422331    
    ** n zone   16 vzone= 0.70372E-03 / 16
*grp*flux 1/cm2c  * stotal      * sabs        * sfis.       * nu$sfis.    * 1/3*strans  *1/aver.veloci*aver power
  1   2.583513     0.4240692     0.1838778      0.000000      0.000000      1.288914     0.7474973E-10  0.000000      0.000000    
  2  0.1038688      11.04455      10.76431      0.000000      0.000000     0.3955646     0.8012305E-10  0.000000      0.000000    
                                       * matric. scat.cross. sec. from i to j  *
       i / j -->            1           2
       i        1 0.2401725     0.1885611E-04
       i        2  0.000000     0.2802373    
    ** n zone   17 vzone= 0.33419E-02 / 17
*grp*flux 1/cm2c  * stotal      * sabs        * sfis.       * nu$sfis.    * 1/3*strans  *1/aver.veloci*aver power
  1   2.587641     0.4312665     0.1909247      0.000000      0.000000      1.288068     0.3585887E-09  0.000000      0.000000    
  2  0.1272543      38.09391      37.55189      0.000000      0.000000     0.3637944     0.5302129E-09  0.000000      0.000000    
                                       * matric. scat.cross. sec. from i to j  *
       i / j -->            1           2
       i        1 0.2403229     0.1892934E-04
       i        2  0.000000     0.5420133    
    ** n zone   18 vzone= 0.22878E-02 / 18
*grp*flux 1/cm2c  * stotal      * sabs        * sfis.       * nu$sfis.    * 1/3*strans  *1/aver.veloci*aver power
  1   2.593030     0.4408451     0.3580933E-01 0.1110417E-01 0.2810932E-01  1.286890     0.2485809E-09 0.7849718     0.2117734    
  2  0.2220157     0.5302543     0.3142211     0.2460404     0.5983720     0.3183050     0.9557775E-09  1.904303     0.4017611    
                                       * matric. scat.cross. sec. from i to j  *
       i / j -->            1           2
       i        1 0.4049878     0.4822300E-04
       i        2  0.000000     0.2160332    
    ** n zone   19 vzone= 0.61324E-02 / 19
*grp*flux 1/cm2c  * stotal      * sabs        * sfis.       * nu$sfis.    * 1/3*strans  *1/aver.veloci*aver power
  1   2.595556     0.4410989     0.3604058E-01 0.1112374E-01 0.2815600E-01  1.286547     0.6704635E-09 0.7812304     0.2123533    
  2  0.2434290     0.5408022     0.3247011     0.2543766     0.6186462     0.3298798     0.2889371E-08  1.905279     0.4554361    
                                       * matric. scat.cross. sec. from i to j  *
       i / j -->            1           2
       i        1 0.4050102     0.4835379E-04
       i        2  0.000000     0.2161011    
    ** n zone   20 vzone= 0.21916E-01 / 20
*grp*flux 1/cm2c  * stotal      * sabs        * sfis.       * nu$sfis.    * 1/3*strans  *1/aver.veloci*aver power
  1   2.597383     0.4417909     0.3660129E-01 0.1114810E-01 0.2821396E-01  1.286644     0.2410862E-08 0.7708460     0.2129680    
  2  0.2626799     0.5489802     0.3328276     0.2608403     0.6343665     0.3408422     0.1138259E-07  1.905991     0.5039406    
                                       * matric. scat.cross. sec. from i to j  *
       i / j -->            1           2
       i        1 0.4051410     0.4851104E-04
       i        2  0.000000     0.2161526    
    ** n zone   21 vzone= 0.66049E-01 / 21
*grp*flux 1/cm2c  * stotal      * sabs        * sfis.       * nu$sfis.    * 1/3*strans  *1/aver.veloci*aver power
  1   2.597514     0.4433879     0.3786685E-01 0.1117755E-01 0.2828373E-01  1.287425     0.7302976E-08 0.7469260     0.2135416    
  2  0.2748415     0.5539377     0.3377562     0.2647593     0.6438993     0.3454130     0.3634965E-07  1.906403     0.5351942    
                                       * matric. scat.cross. sec. from i to j  *
       i / j -->            1           2
       i        1 0.4054723     0.4869104E-04
       i        2  0.000000     0.2161815    
    ** n zone   22 vzone= 0.61495E-01 / 22
*grp*flux 1/cm2c  * stotal      * sabs        * sfis.       * nu$sfis.    * 1/3*strans  *1/aver.veloci*aver power
  1   2.635102     0.3193561     0.1489389E-02  0.000000      0.000000      1.304659     0.7360370E-08  0.000000      0.000000    
  2  0.3717462     0.2964168     0.1018769E-01  0.000000      0.000000     0.3492849     0.4891880E-07  0.000000      0.000000    
                                       * matric. scat.cross. sec. from i to j  *
       i / j -->            1           2
       i        1 0.3176573     0.2093477E-03
       i        2  0.000000     0.2862291    
    ** n zone   23 vzone= 0.29322     / 23
*grp*flux 1/cm2c  * stotal      * sabs        * sfis.       * nu$sfis.    * 1/3*strans  *1/aver.veloci*aver power
  1   2.619933     0.6544905     0.3724926E-03  0.000000      0.000000      1.319508     0.3578010E-07  0.000000      0.000000    
  2  0.4052834      1.665666     0.1144477E-01  0.000000      0.000000     0.3153570     0.2594869E-06  0.000000      0.000000    
                                       * matric. scat.cross. sec. from i to j  *
       i / j -->            1           2
       i        1 0.6257821     0.2833598E-01
       i        2 0.6827466E-03  1.653538    
    ** n zone   24 vzone= 0.86107     / 24
*grp*flux 1/cm2c  * stotal      * sabs        * sfis.       * nu$sfis.    * 1/3*strans  *1/aver.veloci*aver power
  1   2.692774     0.4367636     0.3539162E-01 0.1127755E-01 0.2853996E-01  1.299664     0.1015465E-06 0.8064046     0.2233534    
  2  0.3789649     0.5711051     0.3547840     0.2783020     0.6768327     0.3997678     0.6820767E-06  1.907732     0.7756988    
                                       * matric. scat.cross. sec. from i to j  *
       i / j -->            1           2
       i        1 0.4013220     0.5005010E-04
       i        2  0.000000     0.2163210    
    ** n zone   25 vzone= 0.45526     / 25
*grp*flux 1/cm2c  * stotal      * sabs        * sfis.       * nu$sfis.    * 1/3*strans  *1/aver.veloci*aver power
  1   2.660815     0.3188499     0.1485856E-02  0.000000      0.000000      1.304927     0.5508781E-07  0.000000      0.000000    
  2  0.4087975     0.2964934     0.1026417E-01  0.000000      0.000000     0.3863676     0.4016564E-06  0.000000      0.000000    
                                       * matric. scat.cross. sec. from i to j  *
       i / j -->            1           2
       i        1 0.3171551     0.2089795E-03
       i        2  0.000000     0.2862292    
    ** n zone   26 vzone=  1.7593     / 26
*grp*flux 1/cm2c  * stotal      * sabs        * sfis.       * nu$sfis.    * 1/3*strans  *1/aver.veloci*aver power
  1   2.636713     0.6529855     0.3732628E-03  0.000000      0.000000      1.320457     0.2161561E-06  0.000000      0.000000    
  2  0.4296567      1.671281     0.1151183E-01  0.000000      0.000000     0.3315993     0.1660229E-05  0.000000      0.000000    
                                       * matric. scat.cross. sec. from i to j  *
       i / j -->            1           2
       i        1 0.6242176     0.2839472E-01
       i        2 0.6485367E-03  1.659121    
    ** n zone   27 vzone=  2.9420     / 27
*grp*flux 1/cm2c  * stotal      * sabs        * sfis.       * nu$sfis.    * 1/3*strans  *1/aver.veloci*aver power
  1   2.705691     0.4363621     0.3530708E-01 0.1126943E-01 0.2852609E-01  1.300914     0.3480620E-06 0.8079426     0.2242633    
  2  0.3868075     0.5721176     0.3557885     0.2790998     0.6787730     0.4018860     0.2384598E-05  1.907799     0.7940214    
                                       * matric. scat.cross. sec. from i to j  *
       i / j -->            1           2
       i        1 0.4010051     0.4997902E-04
       i        2  0.000000     0.2163291    
    ** n zone   28 vzone=  1.5555     / 28
*grp*flux 1/cm2c  * stotal      * sabs        * sfis.       * nu$sfis.    * 1/3*strans  *1/aver.veloci*aver power
  1   2.672733     0.3186479     0.1483501E-02  0.000000      0.000000      1.306030     0.1888115E-06  0.000000      0.000000    
  2  0.4173449     0.2965157     0.1028648E-01  0.000000      0.000000     0.3887619     0.1404336E-05  0.000000      0.000000    
                                       * matric. scat.cross. sec. from i to j  *
       i / j -->            1           2
       i        1 0.3169557     0.2087486E-03
       i        2  0.000000     0.2862293    
    ** n zone   29 vzone=  6.0110     / 29
*grp*flux 1/cm2c  * stotal      * sabs        * sfis.       * nu$sfis.    * 1/3*strans  *1/aver.veloci*aver power
  1   2.648153     0.6519307     0.3734208E-03  0.000000      0.000000      1.321548     0.7408193E-06  0.000000      0.000000    
  2  0.4386140      1.673488     0.1153835E-01  0.000000      0.000000     0.3340679     0.5804042E-05  0.000000      0.000000    
                                       * matric. scat.cross. sec. from i to j  *
       i / j -->            1           2
       i        1 0.6231796     0.2837797E-01
       i        2 0.6376043E-03  1.661312    
:stop                                                                           
