 *****          file of input data set *******
:poly
@:vvod
 &vvod
 iout(84)=1,  @print s0@
@@@@@@@@@@@ 2 cells  @@@@@@@@@@@@@@@@@@@@@@2
@ iout(110)=1,
@ iout(10)=5,
@  iout(12)=2,2,
@@@@@@
 @ 1-3 gd,uo2 cell@ rcel(1,1)=0.01,0.02,.03455,0.04,0.05,0.07,0.1,  igc=3,
                   ncelsos(1,1)=1,1,1,2,2,2,2,
 @ 4 zr,h2o ring  @ rcel(1,2)=0.455,0.6955, rcin(2) =0.386,   hcel(4)=0.16866,
                 ncelsos(1,2)=4,5,
 @ 5,6  uo2,h2o cell  @ rcel(1,3)=0.368,0.455,0.6955,    hcel(5)=0.16866,0.16866,
                 ncelsos(1,3)=2,4,5,
@ ------------------------------------------------------------------------------
 t=        1.00000e+03, 1.00000e+03, 1.0000e+03,1.0000e+03, 0.57900e+03,  1.00000e+03,
 troiz=
 @ izotop   / 1 gd3%       2  uo24,4%   3  uo2vver  4  cover     5   h2o      6 gd3%gom
 @ *h*   @   0.00000e+00, 0.00000e+00, 0.00000e+00, 0.00000e+00, 0.47500e-01,0.00000e+00,
 @ *o*   @   0.00000e+00, 0.00000e+00, 0.00000e+00, 0.00000e+00, 0.23700e-01,0.00000e+00,
 @ zr    @   0.00000e+00, 0.00000e+00, 0.00000e+00, 0.39860e-01, 0.00000e+00,0.00000e+00,
 @ fe    @   0.00000e+00, 0.00000e+00, 0.00000e+00, 0.30700e-02, 0.30400e-02,0.00000e+00,
 @ nb    @   0.00000e+00, 0.00000e+00, 0.00000e+00, 0.39500e-03, 0.00000e+00,0.00000e+00,
 @ hf    @   0.00000e+00, 0.00000e+00, 0.00000e+00, 0.61500e-05, 0.00000e+00,0.00000e+00,
 @ ni    @   0.00000e+00, 0.00000e+00, 0.00000e+00, 0.43700e-03, 0.00000e+00,0.00000e+00,
 @ cr    @   0.00000e+00, 0.00000e+00, 0.00000e+00, 0.90200e-03, 0.00000e+00,0.00000e+00,
 @ u235  @   0.00000e+00, 0.11500e-02, 0.88910e-03, 0.00000e+00, 0.00000e+00,0.11000e-02,
 @ u238  @   0.00000e+00, 0.22500e-01, 0.19300e-01, 0.00000e+00, 0.00000e+00,0.24000e-01,
 @ o     @   0.36600e-01, 0.50000e-01, 0.40000e-01, 0.00000e+00, 0.00000e+00,0.48000e-01,
 @ gd54  @   0.51000e-03, 0.00000e+00, 0.00000e+00, 0.00000e+00, 0.00000e+00,0.21000e-04,
 @ gd55  @   0.36100e-02, 0.00000e+00, 0.00000e+00, 0.00000e+00, 0.00000e+00,0.15000e-03,
 @ gd56  @   0.50260e-02, 0.00000e+00, 0.00000e+00, 0.00000e+00, 0.00000e+00,0.21000e-03,
 @ gd57  @   0.38300e-02, 0.00000e+00, 0.00000e+00, 0.00000e+00, 0.00000e+00,0.16000e-03,
 ntcell=1,1,1,2,3,3,
@ krat= 1.,6.,12.,1.,6.,20.5,
 krat= 2.,12.,24.,2.,12.,41.,
@ nr=3
 alout=
  0.3333, 0.6667, 0.0000,  0.0000, 0.0000, 0.0000,
  0.1111, 0.5556, 0.3333,  0.0000, 0.0000, 0.0000,
  0.0000, 0.1667, 0.5556,  0.0000, 0.0000, 0.0000,
  0.0000, 0.0000, 0.0000,  0.0000, 1.0000, 0.0000,
  0.0000, 0.0000, 0.0000,  0.1667, 0.3333, 0.5000,
  0.0000, 0.0000, 0.0000,  0.0000, 0.1463, 0.8537,
 alin=
    0.0000, 0.0000,   0.0000, 0.0000, 0.0000, 0.0000,
    0.0000, 0.0000,   0.0000, 0.0000, 0.0000, 0.0000,
    0.0000, 0.0000,   0.0000, 0.0000, 0.0000, 0.0000,
    0.0000, 0.0000,   0.0000, 0.0000, 0.0000, 0.0000,
    0.0000, 0.0000,   0.0000, 0.0000, 0.0000, 0.0000,
    0.0000, 0.0000,   0.0000, 0.0000, 0.0000, 0.0000,
 aloi=
    0.0000, 0.0000, 0.0000,    0.0000, 0.0000, 0.0000,
    0.0000, 0.0000, 0.0000,    0.0000, 0.0000, 0.0000,
    0.0000, 0.0000, 0.0000,    0.2778, 0.0000, 0.0000,
    0.0000, 0.0000, 0.0000,    0.0000, 0.0000, 0.0000,
    0.0000, 0.0000, 0.0000,    0.0000, 0.0000, 0.0000,
    0.0000, 0.0000, 0.0000,    0.0000, 0.0000, 0.0000,
 alio=
    0.0000, 0.0000,   0.0000, 0.0000, 0.0000, 0.0000,
    0.0000, 0.0000,   0.0000, 0.0000, 0.0000, 0.0000,
    0.0000, 0.0000,   0.0000, 0.0000, 0.0000, 0.0000,
    0.0000, 0.0000,   1.0000, 0.0000, 0.0000, 0.0000,
    0.0000, 0.0000,   0.0000, 0.0000, 0.0000, 0.0000,
    0.0000, 0.0000,   0.0000, 0.0000, 0.0000, 0.0000,
 material(1)='chmc',
@@@@@@@@@@@@@@@@@@@@@@@
 &end
*h*
*o*
zr
fe
nb
hf
ni
cr
u235
u238
o
gd54
gd55
gd56
gd57
****
@:corr
 &vvod &end
:fier
 &vvod &end
@:stop
:macr
 &vvod
   et=20.0e+6,0.,
  nbv=1,2,3,4,5,6,7,8,9,10,11,12,13,14,15,16,17,18,19,20,21,22,23,24,25,26,27,28,29,
 &end
:micro
 &vvod et=20.e+8,0.,nbv=3*1,nbv(8)=3*1,nbv(15)=3*1,
     izotprnt=100*0,izotprnt(12)=1,izotprnt(13)=1,
                 izotprnt(14)=1,izotprnt(15)=1,&end
@:stop
:burn
 &vvod qv=111.,dtim=5.,
 &end
:fier
 &vvod &end
@:corr
 &vvod &end
:macr
 &vvod
   et=20.0e+6,0.,
  nbv=1,2,3,4,5,6,7,8,9,10,11,12,13,14,15,16,17,18,19,20,21,22,23,24,25,26,27,28,29,
 &end
:micro
 &vvod et=20.e+8,0.,nbv=3*1,nbv(8)=3*1,nbv(15)=3*1,
     izotprnt=100*0,izotprnt(12)=1,izotprnt(13)=1,
                 izotprnt(14)=1,izotprnt(15)=1,&end
:stop
:burn
 &vvod qv=111.,dtim=95.,
 &end
:fier
 &vvod &end
:macr
 &vvod
   et=20.0e+6,0.,
  nbv=1,2,3,4,5,6,7,8,9,10,11,12,13,14,15,16,17,18,19,20,21,22,23,24,25,26,27,28,29,
 &end
:micro
 &vvod et=20.e+8,0.,nbv=3*1,nbv(8)=3*1,nbv(15)=3*1,
     izotprnt=100*0,izotprnt(12)=1,izotprnt(13)=1,
                 izotprnt(14)=1,izotprnt(15)=1,&end
:burn
 &vvod qv=111.,dtim=100.,
 &end
:fier
 &vvod &end
:macr
 &vvod
   et=20.0e+6,0.,
  nbv=1,2,3,4,5,6,7,8,9,10,11,12,13,14,15,16,17,18,19,20,21,22,23,24,25,26,27,28,29,
 &end
:micro
 &vvod et=20.e+8,0.,nbv=3*1,nbv(8)=3*1,nbv(15)=3*1,
     izotprnt=100*0,izotprnt(12)=1,izotprnt(13)=1,
                 izotprnt(14)=1,izotprnt(15)=1,&end
:burn
 &vvod qv=111.,dtim=100.,
 &end
:fier
 &vvod &end
:macr
 &vvod
   et=20.0e+6,0.,
  nbv=1,2,3,4,5,6,7,8,9,10,11,12,13,14,15,16,17,18,19,20,21,22,23,24,25,26,27,28,29,
 &end
:micro
 &vvod et=20.e+8,0.,nbv=3*1,nbv(8)=3*1,nbv(15)=3*1,
     izotprnt=100*0,izotprnt(12)=1,izotprnt(13)=1,
                 izotprnt(14)=1,izotprnt(15)=1,&end
:burn
 &vvod qv=111.,dtim=100.,
 &end
:fier
 &vvod &end
:macr
 &vvod
   et=20.0e+6,0.,
  nbv=1,2,3,4,5,6,7,8,9,10,11,12,13,14,15,16,17,18,19,20,21,22,23,24,25,26,27,28,29,
 &end
:micro
 &vvod et=20.e+8,0.,nbv=3*1,nbv(8)=3*1,nbv(15)=3*1,
     izotprnt=100*0,izotprnt(12)=1,izotprnt(13)=1,
                 izotprnt(14)=1,izotprnt(15)=1,&end
:burn
 &vvod qv=111.,dtim=100.,
 &end
:fier
 &vvod &end
:macr
 &vvod
   et=20.0e+6,0.,
  nbv=1,2,3,4,5,6,7,8,9,10,11,12,13,14,15,16,17,18,19,20,21,22,23,24,25,26,27,28,29,
 &end
:micro
 &vvod et=20.e+8,0.,nbv=3*1,nbv(8)=3*1,nbv(15)=3*1,
     izotprnt=100*0,izotprnt(12)=1,izotprnt(13)=1,
                 izotprnt(14)=1,izotprnt(15)=1,&end
:burn
 &vvod qv=111.,dtim=100.,
 &end
:fier
 &vvod &end
:macr
 &vvod
   et=20.0e+6,0.,
  nbv=1,2,3,4,5,6,7,8,9,10,11,12,13,14,15,16,17,18,19,20,21,22,23,24,25,26,27,28,29,
 &end
:micro
 &vvod et=20.e+8,0.,nbv=3*1,nbv(8)=3*1,nbv(15)=3*1,
     izotprnt=100*0,izotprnt(12)=1,izotprnt(13)=1,
                 izotprnt(14)=1,izotprnt(15)=1,&end
:burn
 &vvod qv=111.,dtim=100.,
 &end
:fier
 &vvod &end
:macr
 &vvod
   et=20.0e+6,0.,
  nbv=1,2,3,4,5,6,7,8,9,10,11,12,13,14,15,16,17,18,19,20,21,22,23,24,25,26,27,28,29,
 &end
:micro
 &vvod et=20.e+8,0.,nbv=3*1,nbv(8)=3*1,nbv(15)=3*1,
     izotprnt=100*0,izotprnt(12)=1,izotprnt(13)=1,
                 izotprnt(14)=1,izotprnt(15)=1,&end
:burn
 &vvod qv=111.,dtim=100.,
 &end
:fier
 &vvod &end
:macr
 &vvod
   et=20.0e+6,0.,
  nbv=1,2,3,4,5,6,7,8,9,10,11,12,13,14,15,16,17,18,19,20,21,22,23,24,25,26,27,28,29,
 &end
:micro
 &vvod et=20.e+8,0.,nbv=3*1,nbv(8)=3*1,nbv(15)=3*1,
     izotprnt=100*0,izotprnt(12)=1,izotprnt(13)=1,
                 izotprnt(14)=1,izotprnt(15)=1,&end
:burn
 &vvod qv=111.,dtim=100.,
 &end
:fier
 &vvod &end
:macr
 &vvod
   et=20.0e+6,0.,
  nbv=1,2,3,4,5,6,7,8,9,10,11,12,13,14,15,16,17,18,19,20,21,22,23,24,25,26,27,28,29,
 &end
:micro
 &vvod et=20.e+8,0.,nbv=3*1,nbv(8)=3*1,nbv(15)=3*1,
     izotprnt=100*0,izotprnt(12)=1,izotprnt(13)=1,
                 izotprnt(14)=1,izotprnt(15)=1,&end
:burn
 &vvod qv=111.,dtim=100.,
 &end
:fier
 &vvod &end
:macr
 &vvod
   et=20.0e+6,0.,
  nbv=1,2,3,4,5,6,7,8,9,10,11,12,13,14,15,16,17,18,19,20,21,22,23,24,25,26,27,28,29,
 &end
:micro
 &vvod et=20.e+8,0.,nbv=3*1,nbv(8)=3*1,nbv(15)=3*1,
     izotprnt=100*0,izotprnt(12)=1,izotprnt(13)=1,
                 izotprnt(14)=1,izotprnt(15)=1,&end
:stop
@88888888888888888888888888888888888888888888888888888888888888888888
:burn
 &vvod qv=39.,dtim=4.4,
 &end
:macr
 &vvod et=20.0e+6,1.,1.,0.,
  nbv=4*1,
 &end
:macr
 &vvod et=20.0e+6,1.,1.,0.,
  nbv=1,2,3,4,
 &end
:micr
 &vvod et=20.0e+6,0.,
  nbv(1)=1,nbv(3)=1,nbv(2)=2,nbv(4)=2,
  izotprnt=100*-1,izotprnt(1)=1,izotprnt(2)=1,izotprnt(6)=1,izotprnt(7)=1,
                  izotprnt(27)=1,izotprnt(28)=1,izotprnt(29)=1,
 &end
@:corr
 &vvod &end
:stop
 ***** end of   file of input data set *******
:poly                                                                           
  rout and rin were constructed
Rout= 0.010, 0.020, 0.035, 0.040, 0.050, 0.070, 0.100, 0.455, 0.696, 0.368,
 0.455, 0.696,
Rin = 0.000, 0.010, 0.020, 0.035, 0.040, 0.050, 0.070, 0.000, 0.455, 0.000,
 0.368, 0.455,
  nsos  was constructed
nsos=  1,  1,  1,  2,  2,  2,  2,  4,  5,  2,
  4,  5,
 definition izotr in sos           2:izotr=   10.00000    
 definition izotr in sos           3:izotr=   10.00000    
 definition izotr in sos           6:izotr=   10.00000    
  *******<< check input data>> programm declare *******
    --undeclared parametr--cefzad  -- programm standart value --cefzad  =  0.100000E+01
  *******<< check input data>> programm declare *******
    --undeclared parametr--bakl    -- programm standart value --bakl    =  0.000000E+00
  *******<< check input data>> programm declare *******
    --undeclared parametr--alcorr  -- programm standart value --alcorr  =  0.100000E+01  0.100000E+01
     0.100000E+01  0.100000E+01  0.100000E+01  0.100000E+01  0.100000E+01  0.100000E+01  0.100000E+01
     0.100000E+01  0.100000E+01  0.100000E+01  0.100000E+01  0.100000E+01  0.100000E+01  0.100000E+01
     0.100000E+01  0.100000E+01  0.100000E+01  0.100000E+01  0.100000E+01  0.100000E+01  0.100000E+01
     0.100000E+01  0.100000E+01  0.100000E+01  0.100000E+01  0.100000E+01  0.100000E+01  0.100000E+01
     0.100000E+01  0.100000E+01  0.100000E+01  0.100000E+01  0.100000E+01  0.100000E+01
  *******<< check input data>> programm declare *******
    --uncorrected definition--alin    --bat programm use this value --alin      0.000000E+00  0.000000E+00
     0.000000E+00  0.000000E+00  0.000000E+00  0.000000E+00  0.000000E+00  0.000000E+00  0.000000E+00
     0.000000E+00  0.000000E+00  0.000000E+00  0.000000E+00  0.000000E+00  0.000000E+00  0.000000E+00
     0.000000E+00  0.000000E+00  0.000000E+00  0.000000E+00  0.000000E+00  0.000000E+00  0.000000E+00
     0.000000E+00  0.000000E+00  0.000000E+00  0.000000E+00  0.000000E+00  0.000000E+00  0.000000E+00
     0.000000E+00  0.000000E+00  0.000000E+00  0.000000E+00  0.000000E+00  0.000000E+00
  *******<< check input data>> programm declare *******
    --uncorrected definition--alout   --bat programm use this value --alout     0.333300E+00  0.666700E+00
     0.000000E+00  0.000000E+00  0.000000E+00  0.000000E+00  0.111100E+00  0.555600E+00  0.333300E+00
     0.000000E+00  0.000000E+00  0.000000E+00  0.000000E+00  0.166700E+00  0.555600E+00  0.000000E+00
     0.000000E+00  0.000000E+00  0.000000E+00  0.000000E+00  0.000000E+00  0.000000E+00  0.100000E+01
     0.000000E+00  0.000000E+00  0.000000E+00  0.000000E+00  0.166700E+00  0.333300E+00  0.500000E+00
     0.000000E+00  0.000000E+00  0.000000E+00  0.000000E+00  0.146300E+00  0.853700E+00
  *******<< check input data>> programm declare *******
    --undeclared parametr--nbv     -- programm standart value --nbv     =    1    1    1    1    1    1
       1    1    1    1    1    1
  *******<< check input data>> programm declare *******
    --undeclared parametr--et      -- programm standart value --et      =  0.105000E+08  0.215000E+01
     0.215000E+01  0.000000E+00
    ????  storage for pr. getter =     2900 ?? common /rrr/ rab(        0 )  ????
 ------------------------------------------------------------------------------
  backling =  0.0000000E+00
 ------------------------------------------------------------------------------
  number of cells =           6
          cell number    1  number of zone= 7
 << geometry characteristics >>
    geometry of cell- sphere      index=           3
  kratnost of cell =   2.000000    
  inner radius of cell =  0.0000000E+00
  out square ratio =  0.3333000      0.6667000      0.0000000E+00  0.0000000E+00
  0.0000000E+00  0.0000000E+00
 ------------------------------------------------------------------------------
 num zone      1           2           3           4           5           6
 radius   0.10000E-01 0.20000E-01 0.34550E-01 0.40000E-01 0.50000E-01 0.70000E-01
 temper   0.10000E+04 0.10000E+04 0.10000E+04 0.10000E+04 0.10000E+04 0.10000E+04
 rez_izot    bad         bad         bad         u238        u238        u238
 ------------------------------------------------------------------------------
    izotop   /             concentration number of izotops=67
  9 u235     0.00000E+00 0.00000E+00 0.00000E+00 0.11500E-02 0.11500E-02 0.11500E-02
 10 u238     0.00000E+00 0.00000E+00 0.00000E+00 0.22500E-01 0.22500E-01 0.22500E-01
 11 o        0.36600E-01 0.36600E-01 0.36600E-01 0.50000E-01 0.50000E-01 0.50000E-01
 12 gd54     0.51000E-03 0.51000E-03 0.51000E-03 0.00000E+00 0.00000E+00 0.00000E+00
 13 gd55     0.36100E-02 0.36100E-02 0.36100E-02 0.00000E+00 0.00000E+00 0.00000E+00
 14 gd56     0.50260E-02 0.50260E-02 0.50260E-02 0.00000E+00 0.00000E+00 0.00000E+00
 15 gd57     0.38300E-02 0.38300E-02 0.38300E-02 0.00000E+00 0.00000E+00 0.00000E+00
 num zone      7
 radius   0.10000E+00
 temper   0.10000E+04
 rez_izot    u238
 ------------------------------------------------------------------------------
    izotop   /             concentration number of izotops=67
  9 u235     0.11500E-02
 10 u238     0.22500E-01
 11 o        0.50000E-01
 ------------------------------------------------------------------------------
  number of cells =           6
          cell number    2  number of zone= 7
 << geometry characteristics >>
    geometry of cell- sphere      index=           3
  kratnost of cell =   12.00000    
  inner radius of cell =  0.0000000E+00
  out square ratio =  0.1111000      0.5556000      0.3333000      0.0000000E+00
  0.0000000E+00  0.0000000E+00
 ------------------------------------------------------------------------------
 num zone      8           9          10          11          12          13
 radius   0.10000E-01 0.20000E-01 0.34550E-01 0.40000E-01 0.50000E-01 0.70000E-01
 temper   0.10000E+04 0.10000E+04 0.10000E+04 0.10000E+04 0.10000E+04 0.10000E+04
 rez_izot    bad         bad         bad         u238        u238        u238
 ------------------------------------------------------------------------------
    izotop   /             concentration number of izotops=67
  9 u235     0.00000E+00 0.00000E+00 0.00000E+00 0.11500E-02 0.11500E-02 0.11500E-02
 10 u238     0.00000E+00 0.00000E+00 0.00000E+00 0.22500E-01 0.22500E-01 0.22500E-01
 11 o        0.36600E-01 0.36600E-01 0.36600E-01 0.50000E-01 0.50000E-01 0.50000E-01
 12 gd54     0.51000E-03 0.51000E-03 0.51000E-03 0.00000E+00 0.00000E+00 0.00000E+00
 13 gd55     0.36100E-02 0.36100E-02 0.36100E-02 0.00000E+00 0.00000E+00 0.00000E+00
 14 gd56     0.50260E-02 0.50260E-02 0.50260E-02 0.00000E+00 0.00000E+00 0.00000E+00
 15 gd57     0.38300E-02 0.38300E-02 0.38300E-02 0.00000E+00 0.00000E+00 0.00000E+00
 num zone     14
 radius   0.10000E+00
 temper   0.10000E+04
 rez_izot    u238
 ------------------------------------------------------------------------------
    izotop   /             concentration number of izotops=67
  9 u235     0.11500E-02
 10 u238     0.22500E-01
 11 o        0.50000E-01
 ------------------------------------------------------------------------------
  number of cells =           6
          cell number    3  number of zone= 7
 << geometry characteristics >>
    geometry of cell- sphere      index=           3
  kratnost of cell =   24.00000    
  inner radius of cell =  0.0000000E+00
  out square ratio =  0.0000000E+00  0.1667000      0.5556000      0.0000000E+00
  0.0000000E+00  0.0000000E+00
 ------------------------------------------------------------------------------
 num zone     15          16          17          18          19          20
 radius   0.10000E-01 0.20000E-01 0.34550E-01 0.40000E-01 0.50000E-01 0.70000E-01
 temper   0.10000E+04 0.10000E+04 0.10000E+04 0.10000E+04 0.10000E+04 0.10000E+04
 rez_izot    bad         bad         bad         u238        u238        u238
 ------------------------------------------------------------------------------
    izotop   /             concentration number of izotops=67
  9 u235     0.00000E+00 0.00000E+00 0.00000E+00 0.11500E-02 0.11500E-02 0.11500E-02
 10 u238     0.00000E+00 0.00000E+00 0.00000E+00 0.22500E-01 0.22500E-01 0.22500E-01
 11 o        0.36600E-01 0.36600E-01 0.36600E-01 0.50000E-01 0.50000E-01 0.50000E-01
 12 gd54     0.51000E-03 0.51000E-03 0.51000E-03 0.00000E+00 0.00000E+00 0.00000E+00
 13 gd55     0.36100E-02 0.36100E-02 0.36100E-02 0.00000E+00 0.00000E+00 0.00000E+00
 14 gd56     0.50260E-02 0.50260E-02 0.50260E-02 0.00000E+00 0.00000E+00 0.00000E+00
 15 gd57     0.38300E-02 0.38300E-02 0.38300E-02 0.00000E+00 0.00000E+00 0.00000E+00
 num zone     21
 radius   0.10000E+00
 temper   0.10000E+04
 rez_izot    u238
 ------------------------------------------------------------------------------
    izotop   /             concentration number of izotops=67
  9 u235     0.11500E-02
 10 u238     0.22500E-01
 11 o        0.50000E-01
 ------------------------------------------------------------------------------
  number of cells =           6
          cell number    4  number of zone= 2
 << geometry characteristics >>
    geometry of cell- cilindrical index=           2
  kratnost of cell =   2.000000    
  inner radius of cell =  0.3860000    
  out square ratio =  0.0000000E+00  0.0000000E+00  0.0000000E+00  0.0000000E+00
   1.000000      0.0000000E+00
 ------------------------------------------------------------------------------
 num zone     22          23
 radius   0.45500E+00 0.69550E+00
 temper   0.10000E+04 0.57900E+03
 rez_izot    bad         bad 
 ------------------------------------------------------------------------------
    izotop   /             concentration number of izotops=67
  1 *h*      0.00000E+00 0.47500E-01
  2 *o*      0.00000E+00 0.23700E-01
  3 zr       0.39860E-01 0.00000E+00
  4 fe       0.30700E-02 0.30400E-02
  5 nb       0.39500E-03 0.00000E+00
  6 hf       0.61500E-05 0.00000E+00
  7 ni       0.43700E-03 0.00000E+00
  8 cr       0.90200E-03 0.00000E+00
 ------------------------------------------------------------------------------
  number of cells =           6
          cell number    5  number of zone= 3
 << geometry characteristics >>
    geometry of cell- cilindrical index=           2
  kratnost of cell =   12.00000    
  inner radius of cell =  0.0000000E+00
  out square ratio =  0.0000000E+00  0.0000000E+00  0.0000000E+00  0.1667000    
  0.3333000      0.5000000    
 ------------------------------------------------------------------------------
 num zone     24          25          26
 radius   0.36800E+00 0.45500E+00 0.69550E+00
 temper   0.10000E+04 0.10000E+04 0.57900E+03
 rez_izot    u238        bad         bad 
 ------------------------------------------------------------------------------
    izotop   /             concentration number of izotops=67
  1 *h*      0.00000E+00 0.00000E+00 0.47500E-01
  2 *o*      0.00000E+00 0.00000E+00 0.23700E-01
  3 zr       0.00000E+00 0.39860E-01 0.00000E+00
  4 fe       0.00000E+00 0.30700E-02 0.30400E-02
  5 nb       0.00000E+00 0.39500E-03 0.00000E+00
  6 hf       0.00000E+00 0.61500E-05 0.00000E+00
  7 ni       0.00000E+00 0.43700E-03 0.00000E+00
  8 cr       0.00000E+00 0.90200E-03 0.00000E+00
  9 u235     0.11500E-02 0.00000E+00 0.00000E+00
 10 u238     0.22500E-01 0.00000E+00 0.00000E+00
 11 o        0.50000E-01 0.00000E+00 0.00000E+00
 ------------------------------------------------------------------------------
  number of cells =           6
          cell number    6  number of zone= 3
 << geometry characteristics >>
    geometry of cell- cilindrical index=           2
  kratnost of cell =   41.00000    
  inner radius of cell =  0.0000000E+00
  out square ratio =  0.0000000E+00  0.0000000E+00  0.0000000E+00  0.0000000E+00
  0.1463000      0.8537000    
 ------------------------------------------------------------------------------
 num zone     27          28          29
 radius   0.36800E+00 0.45500E+00 0.69550E+00
 temper   0.10000E+04 0.10000E+04 0.57900E+03
 rez_izot    u238        bad         bad 
 ------------------------------------------------------------------------------
    izotop   /             concentration number of izotops=67
  1 *h*      0.00000E+00 0.00000E+00 0.47500E-01
  2 *o*      0.00000E+00 0.00000E+00 0.23700E-01
  3 zr       0.00000E+00 0.39860E-01 0.00000E+00
  4 fe       0.00000E+00 0.30700E-02 0.30400E-02
  5 nb       0.00000E+00 0.39500E-03 0.00000E+00
  6 hf       0.00000E+00 0.61500E-05 0.00000E+00
  7 ni       0.00000E+00 0.43700E-03 0.00000E+00
  8 cr       0.00000E+00 0.90200E-03 0.00000E+00
  9 u235     0.11500E-02 0.00000E+00 0.00000E+00
 10 u238     0.22500E-01 0.00000E+00 0.00000E+00
 11 o        0.50000E-01 0.00000E+00 0.00000E+00
 Cdankov s0 in zone   4 = 0.42529E-03 0.11266E-01
 Cdankov s0 in zone   8 = 0.42610E-03 0.11288E-01
 Cdankov s0 in zone  12 = 0.66894E-01 0.17721E+01
 Cdankov s0 in zone  15 = 0.71606E+00 0.11286E+01
 Cdankov s0 in zone  18 = 0.71790E+00 0.11315E+01
    > CONSYST Program Ver: 98.01 > started at  0: 0: 0:  
    { Manturov G., E-mail: abbn@ippe.rssi.ru}
 
       -------------------------------
 
       CONSYST INPUT DATA READ FROM : cons.dat
       CONSYST PROTOCOL STORED IN   : RESULT
       GMF X-SECTION'S FILE         : OUT
       TEMPORARY FILE               : RAB
       ABBN BASIC DATA SET FROM     : ..\bin\Bnab90.lib
       ABBN MULTIC DATA SET FROM    : ..\bin\Bnabmlt.lib
       ABBN THERMAL DATA SET FROM   : ..\bin\BNABTHM.lib
 
    >   Include Thermal Matrix > H(H2O):BNABTHM.BIN   Temp=  500K
    >   Include Thermal Matrix > H(H2O):BNABTHM.BIN   Temp=  600K
    >   Include Thermal Matrix > H(H2O):BNABTHM.BIN   Temp=  500K
    >   Include Thermal Matrix > H(H2O):BNABTHM.BIN   Temp=  600K
    >   Include Thermal Matrix > H(H2O):BNABTHM.BIN   Temp=  500K
    >   Include Thermal Matrix > H(H2O):BNABTHM.BIN   Temp=  600K
    > CONSYST finished at  0: 0: 0:  
 therm. calculation avoided
 therm. calculation avoided
 therm. calculation avoided
 therm. calculation avoided
 therm. calculation avoided
 therm. calculation avoided
 therm. calculation avoided
 therm. calculation avoided
 *************************************************
   ***k(inf)= 1.31967     ***k(itt)= 1.31996     ***k(integ)= 1.31967    ***
   **bakl=  0.0000     **length= 0.10000E+11  ***
   **matr.  alout*alcorr a(k,i)(k=1,ncel) ***
     * 0.33330     0.66670      0.0000      0.0000      0.0000      0.0000    
     * 0.11110     0.55560     0.33330      0.0000      0.0000      0.0000    
     *  0.0000     0.16670     0.55560      0.0000      0.0000      0.0000    
     *  0.0000      0.0000      0.0000      0.0000      1.0000      0.0000    
     *  0.0000      0.0000      0.0000     0.16670     0.33330     0.50000    
     *  0.0000      0.0000      0.0000      0.0000     0.14630     0.85370    
 lokal kner      in cell ,ru=           1=   1.539464       2.881900    
 lokal kner      in cell ,ru=           2=   1.761485       3.360590    
 lokal kner      in cell ,ru=           3=   2.448428       5.059182    
 lokal kner      in cell ,ru=           4=  0.0000000E+00  8.2274482E-02
 lokal kner      in cell ,ru=           5=  0.9717199      0.9490272    
 lokal kner      in cell ,ru=           6=  0.9903480      0.9632943    
:fier                                                                           
 condensation boundary was changed from  0.21500E+01 to  0.21544E+01
*** 4 *** ;egr=  2.1544    
    keff         nu           mu           fi           teta
   1.3197       1.8957       1.2691      0.62359      0.87964    
 s0z(n)=   0.0000000E+00  0.0000000E+00  0.0000000E+00  1.1266460E-02
  1.1266460E-02  1.1266460E-02  1.1266460E-02  0.0000000E+00  0.0000000E+00
  0.0000000E+00  1.1287956E-02  1.1287956E-02  1.1287956E-02  1.1287956E-02
  0.0000000E+00  0.0000000E+00  0.0000000E+00   1.772093       1.772093    
   1.772093       1.772093      0.0000000E+00  0.0000000E+00   1.128576    
  0.0000000E+00  0.0000000E+00   1.131466      0.0000000E+00  0.0000000E+00
:macr                                                                           
    -------------------------------------------------------------------------------
    * n group   * e(i)        * e(i+1)      *spect neutron fission  *
          1       0.20000E+08    0.0000            1.0000    
    *******************************************************************************
                                       **    macro cross section    **
    *******************************************************************************
    ** n zone    1 vzone= 0.83776E-05 /  1
*grp*flux 1/cm2c  * stotal      * sabs        * sfis.       * nu$sfis.    * 1/3*strans  *1/aver.veloci*aver power
  1   2.690670     0.5960356     0.3587698      0.000000      0.000000      1.232515     0.1502014E-11  0.000000      0.000000    
                                       * matric. scat.cross. sec. from i to j  *
       i / j -->            1
       i        1 0.2372659    
    ** n zone    2 vzone= 0.58643E-04 /  2
*grp*flux 1/cm2c  * stotal      * sabs        * sfis.       * nu$sfis.    * 1/3*strans  *1/aver.veloci*aver power
  1   2.696588     0.6500295     0.4119343      0.000000      0.000000      1.230863     0.1086776E-10  0.000000      0.000000    
                                       * matric. scat.cross. sec. from i to j  *
       i / j -->            1
       i        1 0.2380952    
    ** n zone    3 vzone= 0.27849E-03 /  3
*grp*flux 1/cm2c  * stotal      * sabs        * sfis.       * nu$sfis.    * 1/3*strans  *1/aver.veloci*aver power
  1   2.713021      1.284659      1.040349      0.000000      0.000000      1.225555     0.5837396E-10  0.000000      0.000000    
                                       * matric. scat.cross. sec. from i to j  *
       i / j -->            1
       i        1 0.2443100    
    ** n zone    4 vzone= 0.19065E-03 /  4
*grp*flux 1/cm2c  * stotal      * sabs        * sfis.       * nu$sfis.    * 1/3*strans  *1/aver.veloci*aver power
  1   2.763185     0.4163195     0.3666860E-01 0.1978379E-01 0.4918682E-01  1.208702     0.6236112E-10  1.341388     0.4020659    
                                       * matric. scat.cross. sec. from i to j  *
       i / j -->            1
       i        1 0.3796509    
    ** n zone    5 vzone= 0.51103E-03 /  5
*grp*flux 1/cm2c  * stotal      * sabs        * sfis.       * nu$sfis.    * 1/3*strans  *1/aver.veloci*aver power
  1   2.776227     0.4171130     0.3811330E-01 0.2092661E-01 0.5196135E-01  1.205454     0.1801676E-09  1.363339     0.4272989    
                                       * matric. scat.cross. sec. from i to j  *
       i / j -->            1
       i        1 0.3789996    
    ** n zone    6 vzone= 0.18263E-02 /  6
*grp*flux 1/cm2c  * stotal      * sabs        * sfis.       * nu$sfis.    * 1/3*strans  *1/aver.veloci*aver power
  1   2.787655     0.4178629     0.3942702E-01 0.2195252E-01 0.5445202E-01  1.202989     0.6858313E-09  1.381084     0.4500920    
                                       * matric. scat.cross. sec. from i to j  *
       i / j -->            1
       i        1 0.3784358    
    ** n zone    7 vzone= 0.55041E-02 /  7
*grp*flux 1/cm2c  * stotal      * sabs        * sfis.       * nu$sfis.    * 1/3*strans  *1/aver.veloci*aver power
  1   2.794182     0.4184259     0.4030823E-01 0.2261334E-01 0.5605617E-01  1.202005     0.2147773E-08  1.390688     0.4647263    
                                       * matric. scat.cross. sec. from i to j  *
       i / j -->            1
       i        1 0.3781177    
    ** n zone    8 vzone= 0.50265E-04 /  8
*grp*flux 1/cm2c  * stotal      * sabs        * sfis.       * nu$sfis.    * 1/3*strans  *1/aver.veloci*aver power
  1   2.688891     0.6336225     0.3956023      0.000000      0.000000      1.240253     0.9450111E-11  0.000000      0.000000    
                                       * matric. scat.cross. sec. from i to j  *
       i / j -->            1
       i        1 0.2380203    
    ** n zone    9 vzone= 0.35186E-03 /  9
*grp*flux 1/cm2c  * stotal      * sabs        * sfis.       * nu$sfis.    * 1/3*strans  *1/aver.veloci*aver power
  1   2.695521     0.6994427     0.4604035      0.000000      0.000000      1.238352     0.6863450E-10  0.000000      0.000000    
                                       * matric. scat.cross. sec. from i to j  *
       i / j -->            1
       i        1 0.2390392    
    ** n zone   10 vzone= 0.16709E-02 / 10
*grp*flux 1/cm2c  * stotal      * sabs        * sfis.       * nu$sfis.    * 1/3*strans  *1/aver.veloci*aver power
  1   2.714868      1.518492      1.271560      0.000000      0.000000      1.231918     0.3758985E-09  0.000000      0.000000    
                                       * matric. scat.cross. sec. from i to j  *
       i / j -->            1
       i        1 0.2469312    
    ** n zone   11 vzone= 0.11439E-02 / 11
*grp*flux 1/cm2c  * stotal      * sabs        * sfis.       * nu$sfis.    * 1/3*strans  *1/aver.veloci*aver power
  1   2.777795     0.4191658     0.4022531E-01 0.2218997E-01 0.5502475E-01  1.210565     0.4326785E-09  1.367914     0.4533513    
                                       * matric. scat.cross. sec. from i to j  *
       i / j -->            1
       i        1 0.3789401    
    ** n zone   12 vzone= 0.30662E-02 / 12
*grp*flux 1/cm2c  * stotal      * sabs        * sfis.       * nu$sfis.    * 1/3*strans  *1/aver.veloci*aver power
  1   2.793632     0.4202058     0.4206556E-01 0.2364653E-01 0.5856131E-01  1.206575     0.1259945E-08  1.392144     0.4858637    
                                       * matric. scat.cross. sec. from i to j  *
       i / j -->            1
       i        1 0.3781401    
    ** n zone   13 vzone= 0.10958E-01 / 13
*grp*flux 1/cm2c  * stotal      * sabs        * sfis.       * nu$sfis.    * 1/3*strans  *1/aver.veloci*aver power
  1   2.807497     0.4211958     0.4374608E-01 0.2495241E-01 0.6173192E-01  1.203484     0.4825870E-08  1.411142     0.5152401    
                                       * matric. scat.cross. sec. from i to j  *
       i / j -->            1
       i        1 0.3774497    
    ** n zone   14 vzone= 0.33024E-01 / 14
*grp*flux 1/cm2c  * stotal      * sabs        * sfis.       * nu$sfis.    * 1/3*strans  *1/aver.veloci*aver power
  1   2.815395     0.4219619     0.4489871E-01 0.2579459E-01 0.6377640E-01  1.202083     0.1516784E-07  1.420451     0.5341285    
                                       * matric. scat.cross. sec. from i to j  *
       i / j -->            1
       i        1 0.3770630    
    ** n zone   15 vzone= 0.10053E-03 / 15
*grp*flux 1/cm2c  * stotal      * sabs        * sfis.       * nu$sfis.    * 1/3*strans  *1/aver.veloci*aver power
  1   2.678824     0.7355138     0.4953281      0.000000      0.000000      1.256984     0.2113209E-10  0.000000      0.000000    
                                       * matric. scat.cross. sec. from i to j  *
       i / j -->            1
       i        1 0.2401857    
    ** n zone   16 vzone= 0.70372E-03 / 16
*grp*flux 1/cm2c  * stotal      * sabs        * sfis.       * nu$sfis.    * 1/3*strans  *1/aver.veloci*aver power
  1   2.687382     0.8345563     0.5928172      0.000000      0.000000      1.254385     0.1548728E-09  0.000000      0.000000    
                                       * matric. scat.cross. sec. from i to j  *
       i / j -->            1
       i        1 0.2417391    
    ** n zone   17 vzone= 0.33419E-02 / 17
*grp*flux 1/cm2c  * stotal      * sabs        * sfis.       * nu$sfis.    * 1/3*strans  *1/aver.veloci*aver power
  1   2.714895      2.196613      1.942131      0.000000      0.000000      1.244745     0.8888016E-09  0.000000      0.000000    
                                       * matric. scat.cross. sec. from i to j  *
       i / j -->            1
       i        1 0.2544819    
    ** n zone   18 vzone= 0.22878E-02 / 18
*grp*flux 1/cm2c  * stotal      * sabs        * sfis.       * nu$sfis.    * 1/3*strans  *1/aver.veloci*aver power
  1   2.815045     0.4478967     0.5776698E-01 0.2963300E-01 0.7308453E-01  1.210500     0.1204358E-08  1.265161     0.6135345    
                                       * matric. scat.cross. sec. from i to j  *
       i / j -->            1
       i        1 0.3901298    
    ** n zone   19 vzone= 0.61324E-02 / 19
*grp*flux 1/cm2c  * stotal      * sabs        * sfis.       * nu$sfis.    * 1/3*strans  *1/aver.veloci*aver power
  1   2.838985     0.4496480     0.6079180E-01 0.3198148E-01 0.7878763E-01  1.204517     0.3559834E-08  1.296024     0.6677893    
                                       * matric. scat.cross. sec. from i to j  *
       i / j -->            1
       i        1 0.3888564    
    ** n zone   20 vzone= 0.21916E-01 / 20
*grp*flux 1/cm2c  * stotal      * sabs        * sfis.       * nu$sfis.    * 1/3*strans  *1/aver.veloci*aver power
  1   2.860062     0.4516356     0.6380793E-01 0.3408085E-01 0.8388550E-01  1.199777     0.1379346E-07  1.314656     0.7169086    
                                       * matric. scat.cross. sec. from i to j  *
       i / j -->            1
       i        1 0.3878276    
    ** n zone   21 vzone= 0.66049E-01 / 21
*grp*flux 1/cm2c  * stotal      * sabs        * sfis.       * nu$sfis.    * 1/3*strans  *1/aver.veloci*aver power
  1   2.872355     0.4539659     0.6656177E-01 0.3544154E-01 0.8718895E-01  1.197289     0.4365262E-07  1.309895     0.7487358    
                                       * matric. scat.cross. sec. from i to j  *
       i / j -->            1
       i        1 0.3874042    
    ** n zone   22 vzone= 0.61495E-01 / 22
*grp*flux 1/cm2c  * stotal      * sabs        * sfis.       * nu$sfis.    * 1/3*strans  *1/aver.veloci*aver power
  1   3.006848     0.3165201     0.2564788E-02  0.000000      0.000000      1.186543     0.5627917E-07  0.000000      0.000000    
                                       * matric. scat.cross. sec. from i to j  *
       i / j -->            1
       i        1 0.3139552    
    ** n zone   23 vzone= 0.29322     / 23
*grp*flux 1/cm2c  * stotal      * sabs        * sfis.       * nu$sfis.    * 1/3*strans  *1/aver.veloci*aver power
  1   3.025216     0.7899560     0.1855828E-02  0.000000      0.000000      1.184983     0.2952670E-06  0.000000      0.000000    
                                       * matric. scat.cross. sec. from i to j  *
       i / j -->            1
       i        1 0.7881002    
    ** n zone   24 vzone= 0.86107     / 24
*grp*flux 1/cm2c  * stotal      * sabs        * sfis.       * nu$sfis.    * 1/3*strans  *1/aver.veloci*aver power
  1   3.071739     0.4533375     0.7479552E-01 0.4422075E-01 0.1085208      1.188642     0.7836231E-06  1.450900     0.9990522    
                                       * matric. scat.cross. sec. from i to j  *
       i / j -->            1
       i        1 0.3785421    
    ** n zone   25 vzone= 0.45526     / 25
*grp*flux 1/cm2c  * stotal      * sabs        * sfis.       * nu$sfis.    * 1/3*strans  *1/aver.veloci*aver power
  1   3.069613     0.3158726     0.2654913E-02  0.000000      0.000000      1.182597     0.4567442E-06  0.000000      0.000000    
                                       * matric. scat.cross. sec. from i to j  *
       i / j -->            1
       i        1 0.3132176    
    ** n zone   26 vzone=  1.7593     / 26
*grp*flux 1/cm2c  * stotal      * sabs        * sfis.       * nu$sfis.    * 1/3*strans  *1/aver.veloci*aver power
  1   3.066369     0.7956680     0.1933989E-02  0.000000      0.000000      1.181899     0.1876385E-05  0.000000      0.000000    
                                       * matric. scat.cross. sec. from i to j  *
       i / j -->            1
       i        1 0.7937343    
    ** n zone   27 vzone=  2.9420     / 27
*grp*flux 1/cm2c  * stotal      * sabs        * sfis.       * nu$sfis.    * 1/3*strans  *1/aver.veloci*aver power
  1   3.092498     0.4533423     0.7539266E-01 0.4476947E-01 0.1098585      1.188464     0.2732660E-05  1.457151      1.018285    
                                       * matric. scat.cross. sec. from i to j  *
       i / j -->            1
       i        1 0.3779498    
    ** n zone   28 vzone=  1.5555     / 28
*grp*flux 1/cm2c  * stotal      * sabs        * sfis.       * nu$sfis.    * 1/3*strans  *1/aver.veloci*aver power
  1   3.090077     0.3156587     0.2672428E-02  0.000000      0.000000      1.182144     0.1593147E-05  0.000000      0.000000    
                                       * matric. scat.cross. sec. from i to j  *
       i / j -->            1
       i        1 0.3129864    
    ** n zone   29 vzone=  6.0110     / 29
*grp*flux 1/cm2c  * stotal      * sabs        * sfis.       * nu$sfis.    * 1/3*strans  *1/aver.veloci*aver power
  1   3.086767     0.7970888     0.1959901E-02  0.000000      0.000000      1.181232     0.6544862E-05  0.000000      0.000000    
                                       * matric. scat.cross. sec. from i to j  *
       i / j -->            1
       i        1 0.7951291    
:micro                                                                          
    -------------------------------------------------------------------------------
    * n group   * e(i)        * e(i+1)
          1       0.20000E+08   0.10000E-04
    ---------------------------------------------------------------------------
         ** microcrossection  ** in   1  zone **v= 0.65647E-02/  1  2  3  8  9 10 15 16 17
    * n group  * izotop  * at.mas      *dens         *flux 1/cm2c  * capture   * fission  *    * production *
          1       gd54     154.00        0.51000E-03    2.7099        1.2155          0.0000         0.0000    
          1       gd55     155.00        0.36100E-02    2.7099        94.419          0.0000         0.0000    
          1       gd56     156.00        0.50260E-02    2.7099        2.7968          0.0000         0.0000    
          1       gd57     157.00        0.38300E-02    2.7099        288.63          0.0000         0.0000    
:burn                                                                           
 *** average burn up =  0.21083     (mbt*day)/(kg hm)
    > CONSYST Program Ver: 98.01 > started at  0: 0: 0:  
    { Manturov G., E-mail: abbn@ippe.rssi.ru}
 
       -------------------------------
 
       CONSYST INPUT DATA READ FROM : cons.dat
       CONSYST PROTOCOL STORED IN   : RESULT
       GMF X-SECTION'S FILE         : OUT
       TEMPORARY FILE               : RAB
       ABBN BASIC DATA SET FROM     : ..\bin\Bnab90.lib
       ABBN MULTIC DATA SET FROM    : ..\bin\Bnabmlt.lib
       ABBN THERMAL DATA SET FROM   : ..\bin\BNABTHM.lib
 
    >   Include Thermal Matrix > H(H2O):BNABTHM.BIN   Temp=  500K
    >   Include Thermal Matrix > H(H2O):BNABTHM.BIN   Temp=  600K
    >   Include Thermal Matrix > H(H2O):BNABTHM.BIN   Temp=  500K
    >   Include Thermal Matrix > H(H2O):BNABTHM.BIN   Temp=  600K
    >   Include Thermal Matrix > H(H2O):BNABTHM.BIN   Temp=  500K
    >   Include Thermal Matrix > H(H2O):BNABTHM.BIN   Temp=  600K
    > CONSYST finished at  0: 0: 0:  
 therm. calculation avoided
 therm. calculation avoided
 therm. calculation avoided
 therm. calculation avoided
 therm. calculation avoided
 therm. calculation avoided
 therm. calculation avoided
 therm. calculation avoided
 therm. calculation avoided
 *************************************************
   ***k(inf)= 1.27704     ***k(itt)= 1.27731     ***k(integ)= 1.27704    ***
   **bakl=  0.0000     **length= 0.10000E+11  ***
   **matr.  alout*alcorr a(k,i)(k=1,ncel) ***
     * 0.33330     0.66670      0.0000      0.0000      0.0000      0.0000    
     * 0.11110     0.55560     0.33330      0.0000      0.0000      0.0000    
     *  0.0000     0.16670     0.55560      0.0000      0.0000      0.0000    
     *  0.0000      0.0000      0.0000      0.0000      1.0000      0.0000    
     *  0.0000      0.0000      0.0000     0.16670     0.33330     0.50000    
     *  0.0000      0.0000      0.0000      0.0000     0.14630     0.85370    
 lokal kner      in cell ,ru=           1=   1.559574       2.832554    
 lokal kner      in cell ,ru=           2=   1.781268       3.301644    
 lokal kner      in cell ,ru=           3=   2.471445       4.977588    
 lokal kner      in cell ,ru=           4=  0.0000000E+00  8.0466948E-02
 lokal kner      in cell ,ru=           5=  0.9721513      0.9502039    
 lokal kner      in cell ,ru=           6=  0.9898909      0.9640518    
:fier                                                                           
 condensation boundary was changed from  0.21500E+01 to  0.21544E+01
*** 4 *** ;egr=  2.1544    
    keff         nu           mu           fi           teta
   1.2770       1.8117       1.2797      0.62340      0.88361    
 s0z(n)=   0.0000000E+00  0.0000000E+00  0.0000000E+00  1.1266460E-02
  1.1266460E-02  1.1266460E-02  1.1266460E-02  0.0000000E+00  0.0000000E+00
  0.0000000E+00  1.1287956E-02  1.1287956E-02  1.1287956E-02  1.1287956E-02
  0.0000000E+00  0.0000000E+00  0.0000000E+00   1.772093       1.772093    
   1.772093       1.772093      0.0000000E+00  0.0000000E+00   1.128576    
  0.0000000E+00  0.0000000E+00   1.131466      0.0000000E+00  0.0000000E+00
:macr                                                                           
    -------------------------------------------------------------------------------
    * n group   * e(i)        * e(i+1)      *spect neutron fission  *
          1       0.20000E+08    0.0000            1.0000    
    *******************************************************************************
                                       **    macro cross section    **
    *******************************************************************************
    ** n zone    1 vzone= 0.83776E-05 /  1
*grp*flux 1/cm2c  * stotal      * sabs        * sfis.       * nu$sfis.    * 1/3*strans  *1/aver.veloci*aver power
  1   2.693443     0.5946155     0.3572822      0.000000      0.000000      1.232869     0.1503422E-11  0.000000      0.000000    
                                       * matric. scat.cross. sec. from i to j  *
       i / j -->            1
       i        1 0.2373332    
    ** n zone    2 vzone= 0.58643E-04 /  2
*grp*flux 1/cm2c  * stotal      * sabs        * sfis.       * nu$sfis.    * 1/3*strans  *1/aver.veloci*aver power
  1   2.699335     0.6477478     0.4095719      0.000000      0.000000      1.231231     0.1087573E-10  0.000000      0.000000    
                                       * matric. scat.cross. sec. from i to j  *
       i / j -->            1
       i        1 0.2381758    
    ** n zone    3 vzone= 0.27849E-03 /  3
*grp*flux 1/cm2c  * stotal      * sabs        * sfis.       * nu$sfis.    * 1/3*strans  *1/aver.veloci*aver power
  1   2.715480      1.244832      1.000467      0.000000      0.000000      1.226051     0.5824346E-10  0.000000      0.000000    
                                       * matric. scat.cross. sec. from i to j  *
       i / j -->            1
       i        1 0.2443649    
    ** n zone    4 vzone= 0.19065E-03 /  4
*grp*flux 1/cm2c  * stotal      * sabs        * sfis.       * nu$sfis.    * 1/3*strans  *1/aver.veloci*aver power
  1   2.763399     0.4165045     0.3666495E-01 0.1945182E-01 0.4839206E-01  1.209989     0.6110244E-10  1.319845     0.4088557    
                                       * matric. scat.cross. sec. from i to j  *
       i / j -->            1
       i        1 0.3798396    
    ** n zone    5 vzone= 0.51103E-03 /  5
*grp*flux 1/cm2c  * stotal      * sabs        * sfis.       * nu$sfis.    * 1/3*strans  *1/aver.veloci*aver power
  1   2.775991     0.4173370     0.3811003E-01 0.2054044E-01 0.5103577E-01  1.206854     0.1762089E-09  1.339169     0.4337046    
                                       * matric. scat.cross. sec. from i to j  *
       i / j -->            1
       i        1 0.3792269    
    ** n zone    6 vzone= 0.18263E-02 /  6
*grp*flux 1/cm2c  * stotal      * sabs        * sfis.       * nu$sfis.    * 1/3*strans  *1/aver.veloci*aver power
  1   2.787013     0.4181243     0.3942697E-01 0.2151916E-01 0.5341260E-01  1.204480     0.6698465E-09  1.354722     0.4561742    
                                       * matric. scat.cross. sec. from i to j  *
       i / j -->            1
       i        1 0.3786974    
    ** n zone    7 vzone= 0.55041E-02 /  7
*grp*flux 1/cm2c  * stotal      * sabs        * sfis.       * nu$sfis.    * 1/3*strans  *1/aver.veloci*aver power
  1   2.793291     0.4187142     0.4031437E-01 0.2215264E-01 0.5495085E-01  1.203545     0.2096382E-08  1.363058     0.4706606    
                                       * matric. scat.cross. sec. from i to j  *
       i / j -->            1
       i        1 0.3784000    
    ** n zone    8 vzone= 0.50265E-04 /  8
*grp*flux 1/cm2c  * stotal      * sabs        * sfis.       * nu$sfis.    * 1/3*strans  *1/aver.veloci*aver power
  1   2.691423     0.6324373     0.3943257      0.000000      0.000000      1.240554     0.9461665E-11  0.000000      0.000000    
                                       * matric. scat.cross. sec. from i to j  *
       i / j -->            1
       i        1 0.2381115    
    ** n zone    9 vzone= 0.35186E-03 /  9
*grp*flux 1/cm2c  * stotal      * sabs        * sfis.       * nu$sfis.    * 1/3*strans  *1/aver.veloci*aver power
  1   2.698035     0.6975319     0.4583799      0.000000      0.000000      1.238664     0.6870932E-10  0.000000      0.000000    
                                       * matric. scat.cross. sec. from i to j  *
       i / j -->            1
       i        1 0.2391520    
    ** n zone   10 vzone= 0.16709E-02 / 10
*grp*flux 1/cm2c  * stotal      * sabs        * sfis.       * nu$sfis.    * 1/3*strans  *1/aver.veloci*aver power
  1   2.717065      1.469323      1.222297      0.000000      0.000000      1.232375     0.3751593E-09  0.000000      0.000000    
                                       * matric. scat.cross. sec. from i to j  *
       i / j -->            1
       i        1 0.2470258    
    ** n zone   11 vzone= 0.11439E-02 / 11
*grp*flux 1/cm2c  * stotal      * sabs        * sfis.       * nu$sfis.    * 1/3*strans  *1/aver.veloci*aver power
  1   2.777195     0.4194637     0.4027056E-01 0.2178544E-01 0.5405575E-01  1.211996     0.4234067E-09  1.342314     0.4601919    
                                       * matric. scat.cross. sec. from i to j  *
       i / j -->            1
       i        1 0.3791932    
    ** n zone   12 vzone= 0.30662E-02 / 12
*grp*flux 1/cm2c  * stotal      * sabs        * sfis.       * nu$sfis.    * 1/3*strans  *1/aver.veloci*aver power
  1   2.792476     0.4205603     0.4211934E-01 0.2317572E-01 0.5743243E-01  1.208142     0.1230758E-08  1.363564     0.4922537    
                                       * matric. scat.cross. sec. from i to j  *
       i / j -->            1
       i        1 0.3784410    
    ** n zone   13 vzone= 0.10958E-01 / 13
*grp*flux 1/cm2c  * stotal      * sabs        * sfis.       * nu$sfis.    * 1/3*strans  *1/aver.veloci*aver power
  1   2.805846     0.4216040     0.4381133E-01 0.2442414E-01 0.6046448E-01  1.205158     0.4707983E-08  1.380111     0.5212541    
                                       * matric. scat.cross. sec. from i to j  *
       i / j -->            1
       i        1 0.3777928    
    ** n zone   14 vzone= 0.33024E-01 / 14
*grp*flux 1/cm2c  * stotal      * sabs        * sfis.       * nu$sfis.    * 1/3*strans  *1/aver.veloci*aver power
  1   2.813446     0.4224085     0.4497697E-01 0.2523338E-01 0.6242969E-01  1.203814     0.1478898E-07  1.388037     0.5399832    
                                       * matric. scat.cross. sec. from i to j  *
       i / j -->            1
       i        1 0.3774316    
    ** n zone   15 vzone= 0.10053E-03 / 15
*grp*flux 1/cm2c  * stotal      * sabs        * sfis.       * nu$sfis.    * 1/3*strans  *1/aver.veloci*aver power
  1   2.680874     0.7359230     0.4955653      0.000000      0.000000      1.257116     0.2118262E-10  0.000000      0.000000    
                                       * matric. scat.cross. sec. from i to j  *
       i / j -->            1
       i        1 0.2403576    
    ** n zone   16 vzone= 0.70372E-03 / 16
*grp*flux 1/cm2c  * stotal      * sabs        * sfis.       * nu$sfis.    * 1/3*strans  *1/aver.veloci*aver power
  1   2.689456     0.8353266     0.5933601      0.000000      0.000000      1.254514     0.1552761E-09  0.000000      0.000000    
                                       * matric. scat.cross. sec. from i to j  *
       i / j -->            1
       i        1 0.2419665    
    ** n zone   17 vzone= 0.33419E-02 / 17
*grp*flux 1/cm2c  * stotal      * sabs        * sfis.       * nu$sfis.    * 1/3*strans  *1/aver.veloci*aver power
  1   2.716649      2.120432      1.865725      0.000000      0.000000      1.245034     0.8886749E-09  0.000000      0.000000    
                                       * matric. scat.cross. sec. from i to j  *
       i / j -->            1
       i        1 0.2547077    
    ** n zone   18 vzone= 0.22878E-02 / 18
*grp*flux 1/cm2c  * stotal      * sabs        * sfis.       * nu$sfis.    * 1/3*strans  *1/aver.veloci*aver power
  1   2.812376     0.4486409     0.5806478E-01 0.2905318E-01 0.7170525E-01  1.212296     0.1176623E-08  1.234918     0.6214887    
                                       * matric. scat.cross. sec. from i to j  *
       i / j -->            1
       i        1 0.3905761    
    ** n zone   19 vzone= 0.61324E-02 / 19
*grp*flux 1/cm2c  * stotal      * sabs        * sfis.       * nu$sfis.    * 1/3*strans  *1/aver.veloci*aver power
  1   2.835463     0.4505124     0.6113281E-01 0.3130476E-01 0.7717583E-01  1.206502     0.3472251E-08  1.262429     0.6751506    
                                       * matric. scat.cross. sec. from i to j  *
       i / j -->            1
       i        1 0.3893795    
    ** n zone   20 vzone= 0.21916E-01 / 20
*grp*flux 1/cm2c  * stotal      * sabs        * sfis.       * nu$sfis.    * 1/3*strans  *1/aver.veloci*aver power
  1   2.855789     0.4526143     0.6419624E-01 0.3332208E-01 0.8207756E-01  1.201906     0.1343923E-07  1.278542     0.7238098    
                                       * matric. scat.cross. sec. from i to j  *
       i / j -->            1
       i        1 0.3884179    
    ** n zone   21 vzone= 0.66049E-01 / 21
*grp*flux 1/cm2c  * stotal      * sabs        * sfis.       * nu$sfis.    * 1/3*strans  *1/aver.veloci*aver power
  1   2.867645     0.4550314     0.6699713E-01 0.3463996E-01 0.8528038E-01  1.199491     0.4251535E-07  1.272896     0.7555600    
                                       * matric. scat.cross. sec. from i to j  *
       i / j -->            1
       i        1 0.3880343    
    ** n zone   22 vzone= 0.61495E-01 / 22
*grp*flux 1/cm2c  * stotal      * sabs        * sfis.       * nu$sfis.    * 1/3*strans  *1/aver.veloci*aver power
  1   2.999178     0.3165569     0.2534433E-02  0.000000      0.000000      1.189104     0.5482638E-07  0.000000      0.000000    
                                       * matric. scat.cross. sec. from i to j  *
       i / j -->            1
       i        1 0.3140225    
    ** n zone   23 vzone= 0.29322     / 23
*grp*flux 1/cm2c  * stotal      * sabs        * sfis.       * nu$sfis.    * 1/3*strans  *1/aver.veloci*aver power
  1   3.016635     0.7863615     0.1816278E-02  0.000000      0.000000      1.187806     0.2876933E-06  0.000000      0.000000    
                                       * matric. scat.cross. sec. from i to j  *
       i / j -->            1
       i        1 0.7845452    
    ** n zone   24 vzone= 0.86107     / 24
*grp*flux 1/cm2c  * stotal      * sabs        * sfis.       * nu$sfis.    * 1/3*strans  *1/aver.veloci*aver power
  1   3.060968     0.4548313     0.7529033E-01 0.4292969E-01 0.1054313      1.191371     0.7578041E-06  1.400330     0.9995000    
                                       * matric. scat.cross. sec. from i to j  *
       i / j -->            1
       i        1 0.3795408    
    ** n zone   25 vzone= 0.45526     / 25
*grp*flux 1/cm2c  * stotal      * sabs        * sfis.       * nu$sfis.    * 1/3*strans  *1/aver.veloci*aver power
  1   3.059111     0.3159284     0.2618420E-02  0.000000      0.000000      1.185356     0.4432450E-06  0.000000      0.000000    
                                       * matric. scat.cross. sec. from i to j  *
       i / j -->            1
       i        1 0.3133099    
    ** n zone   26 vzone=  1.7593     / 26
*grp*flux 1/cm2c  * stotal      * sabs        * sfis.       * nu$sfis.    * 1/3*strans  *1/aver.veloci*aver power
  1   3.055924     0.7916599     0.1889501E-02  0.000000      0.000000      1.184906     0.1823953E-05  0.000000      0.000000    
                                       * matric. scat.cross. sec. from i to j  *
       i / j -->            1
       i        1 0.7897704    
    ** n zone   27 vzone=  2.9420     / 27
*grp*flux 1/cm2c  * stotal      * sabs        * sfis.       * nu$sfis.    * 1/3*strans  *1/aver.veloci*aver power
  1   3.080849     0.4548635     0.7587906E-01 0.4343418E-01 0.1066623      1.191222     0.2640392E-05  1.405688      1.017814    
                                       * matric. scat.cross. sec. from i to j  *
       i / j -->            1
       i        1 0.3789846    
    ** n zone   28 vzone=  1.5555     / 28
*grp*flux 1/cm2c  * stotal      * sabs        * sfis.       * nu$sfis.    * 1/3*strans  *1/aver.veloci*aver power
  1   3.078730     0.3157208     0.2634692E-02  0.000000      0.000000      1.184946     0.1544783E-05  0.000000      0.000000    
                                       * matric. scat.cross. sec. from i to j  *
       i / j -->            1
       i        1 0.3130862    
    ** n zone   29 vzone=  6.0110     / 29
*grp*flux 1/cm2c  * stotal      * sabs        * sfis.       * nu$sfis.    * 1/3*strans  *1/aver.veloci*aver power
  1   3.075487     0.7929552     0.1913759E-02  0.000000      0.000000      1.184295     0.6356781E-05  0.000000      0.000000    
                                       * matric. scat.cross. sec. from i to j  *
       i / j -->            1
       i        1 0.7910413    
:micro                                                                          
    -------------------------------------------------------------------------------
    * n group   * e(i)        * e(i+1)
          1       0.20000E+08   0.10000E-04
    ---------------------------------------------------------------------------
         ** microcrossection  ** in   1  zone **v= 0.65647E-02/  1  2  3  8  9 10 15 16 17
    * n group  * izotop  * at.mas      *dens         *flux 1/cm2c  * capture   * fission  *    * production *
          1       gd54     154.00        0.50994E-03    2.7119        1.2151          0.0000         0.0000    
          1       gd55     155.00        0.35750E-02    2.7119        93.739          0.0000         0.0000    
          1       gd56     156.00        0.50596E-02    2.7119        2.7959          0.0000         0.0000    
          1       gd57     157.00        0.37190E-02    2.7119        284.39          0.0000         0.0000    
:stop                                                                           
